[0.033s] Invoking command in '/home/gcerioni/ws_ur16/build/ur_msgs': CMAKE_PREFIX_PATH=/opt/ros/humble /usr/bin/cmake /home/gcerioni/ws_ur16/src/ur_msgs -DCMAKE_BUILD_TYPE=Release -DCMAKE_INSTALL_PREFIX=/home/gcerioni/ws_ur16/install/ur_msgs
[1.074s] -- The C compiler identification is GNU 11.4.0
[1.074s] -- The CXX compiler identification is GNU 11.4.0
[1.074s] -- Detecting C compiler ABI info
[1.074s] -- Detecting C compiler ABI info - done
[1.074s] -- Check for working C compiler: /usr/bin/cc - skipped
[1.074s] -- Detecting C compile features
[1.074s] -- Detecting C compile features - done
[1.074s] -- Detecting CXX compiler ABI info
[1.074s] -- Detecting CXX compiler ABI info - done
[1.074s] -- Check for working CXX compiler: /usr/bin/c++ - skipped
[1.075s] -- Detecting CXX compile features
[1.075s] -- Detecting CXX compile features - done
[1.075s] -- Found ament_cmake: 1.3.11 (/opt/ros/humble/share/ament_cmake/cmake)
[1.075s] -- Found Python3: /usr/bin/python3 (found version "3.10.12") found components: Interpreter 
[1.075s] -- Found builtin_interfaces: 1.2.1 (/opt/ros/humble/share/builtin_interfaces/cmake)
[1.075s] -- Found rosidl_generator_c: 3.1.6 (/opt/ros/humble/share/rosidl_generator_c/cmake)
[1.075s] -- Found rosidl_adapter: 3.1.6 (/opt/ros/humble/share/rosidl_adapter/cmake)
[1.075s] -- Found rosidl_generator_cpp: 3.1.6 (/opt/ros/humble/share/rosidl_generator_cpp/cmake)
[1.075s] -- Using all available rosidl_typesupport_c: rosidl_typesupport_fastrtps_c;rosidl_typesupport_introspection_c
[1.075s] -- Using all available rosidl_typesupport_cpp: rosidl_typesupport_fastrtps_cpp;rosidl_typesupport_introspection_cpp
[1.075s] -- Found rosidl_default_generators: 1.2.0 (/opt/ros/humble/share/rosidl_default_generators/cmake)
[1.078s] -- Found geometry_msgs: 4.2.4 (/opt/ros/humble/share/geometry_msgs/cmake)
[1.078s] -- Found ament_lint_auto: 0.12.11 (/opt/ros/humble/share/ament_lint_auto/cmake)
[1.780s] -- Found ament_cmake_ros: 0.10.0 (/opt/ros/humble/share/ament_cmake_ros/cmake)
[3.385s] -- Using all available rosidl_typesupport_c: rosidl_typesupport_fastrtps_c;rosidl_typesupport_introspection_c
[4.214s] -- Using all available rosidl_typesupport_cpp: rosidl_typesupport_fastrtps_cpp;rosidl_typesupport_introspection_cpp
[4.294s] -- Found PythonInterp: /usr/bin/python3 (found suitable version "3.10.12", minimum required is "3.6") 
[4.296s] -- Found python_cmake_module: 0.10.0 (/opt/ros/humble/share/python_cmake_module/cmake)
[4.357s] -- Found PythonLibs: /usr/lib/x86_64-linux-gnu/libpython3.10.so (found suitable version "3.10.12", minimum required is "3.5") 
[4.357s] -- Using PYTHON_EXECUTABLE: /usr/bin/python3
[4.357s] -- Using PYTHON_INCLUDE_DIRS: /usr/include/python3.10
[4.357s] -- Using PYTHON_LIBRARIES: /usr/lib/x86_64-linux-gnu/libpython3.10.so
[4.406s] -- Found PythonExtra: .so  
[4.735s] -- Added test 'copyright' to check source files copyright and LICENSE
[4.783s] -- Added test 'lint_cmake' to check CMake code style
[4.808s] -- Added test 'xmllint' to check XML markup files
[4.819s] -- Configuring done
[5.186s] -- Generating done
[5.270s] -- Build files have been written to: /home/gcerioni/ws_ur16/build/ur_msgs
[5.362s] Invoked command in '/home/gcerioni/ws_ur16/build/ur_msgs' returned '0': CMAKE_PREFIX_PATH=/opt/ros/humble /usr/bin/cmake /home/gcerioni/ws_ur16/src/ur_msgs -DCMAKE_BUILD_TYPE=Release -DCMAKE_INSTALL_PREFIX=/home/gcerioni/ws_ur16/install/ur_msgs
[5.364s] Invoking command in '/home/gcerioni/ws_ur16/build/ur_msgs': CMAKE_PREFIX_PATH=/opt/ros/humble /usr/bin/cmake --build /home/gcerioni/ws_ur16/build/ur_msgs -- -j8 -l8
[6.310s] [  1%] [34m[1mGenerating C code for ROS interfaces[0m
[6.310s] [  1%] [34m[1mGenerating C++ code for ROS interfaces[0m
[6.310s] [  1%] Built target ament_cmake_python_copy_ur_msgs
[7.731s] running egg_info
[7.746s] creating ur_msgs.egg-info
[7.746s] writing ur_msgs.egg-info/PKG-INFO
[7.752s] writing dependency_links to ur_msgs.egg-info/dependency_links.txt
[7.752s] writing top-level names to ur_msgs.egg-info/top_level.txt
[7.752s] writing manifest file 'ur_msgs.egg-info/SOURCES.txt'
[7.765s] reading manifest file 'ur_msgs.egg-info/SOURCES.txt'
[7.766s] writing manifest file 'ur_msgs.egg-info/SOURCES.txt'
[7.980s] [  1%] Built target ament_cmake_python_build_ur_msgs_egg
[21.029s] [  1%] [32mBuilding C object CMakeFiles/ur_msgs__rosidl_generator_c.dir/rosidl_generator_c/ur_msgs/msg/detail/analog__functions.c.o[0m
[21.439s] [  2%] [32mBuilding C object CMakeFiles/ur_msgs__rosidl_generator_c.dir/rosidl_generator_c/ur_msgs/msg/detail/tool_data_msg__functions.c.o[0m
[21.741s] [  3%] [32mBuilding C object CMakeFiles/ur_msgs__rosidl_generator_c.dir/rosidl_generator_c/ur_msgs/srv/detail/set_analog_output__functions.c.o[0m
[22.192s] [  3%] [32mBuilding C object CMakeFiles/ur_msgs__rosidl_generator_c.dir/rosidl_generator_c/ur_msgs/srv/detail/set_payload__functions.c.o[0m
[22.229s] [  3%] Built target ur_msgs__cpp
[22.588s] [  4%] [32mBuilding C object CMakeFiles/ur_msgs__rosidl_generator_c.dir/rosidl_generator_c/ur_msgs/srv/detail/set_speed_slider_fraction__functions.c.o[0m
[22.984s] [  5%] [32mBuilding C object CMakeFiles/ur_msgs__rosidl_generator_c.dir/rosidl_generator_c/ur_msgs/msg/detail/robot_mode_data_msg__functions.c.o[0m
[23.337s] [  5%] [32mBuilding C object CMakeFiles/ur_msgs__rosidl_generator_c.dir/rosidl_generator_c/ur_msgs/msg/detail/masterboard_data_msg__functions.c.o[0m
[23.621s] [  6%] [32mBuilding C object CMakeFiles/ur_msgs__rosidl_generator_c.dir/rosidl_generator_c/ur_msgs/srv/detail/set_io__functions.c.o[0m
[23.976s] [  7%] [32mBuilding C object CMakeFiles/ur_msgs__rosidl_generator_c.dir/rosidl_generator_c/ur_msgs/srv/detail/get_robot_software_version__functions.c.o[0m
[24.461s] [  7%] [32mBuilding C object CMakeFiles/ur_msgs__rosidl_generator_c.dir/rosidl_generator_c/ur_msgs/srv/detail/set_force_mode__functions.c.o[0m
[25.243s] [  8%] [32mBuilding C object CMakeFiles/ur_msgs__rosidl_generator_c.dir/rosidl_generator_c/ur_msgs/action/detail/tool_contact__functions.c.o[0m
[26.380s] [  9%] [32mBuilding C object CMakeFiles/ur_msgs__rosidl_generator_c.dir/rosidl_generator_c/ur_msgs/msg/detail/robot_state_rt_msg__functions.c.o[0m
[26.565s] [ 10%] [32mBuilding C object CMakeFiles/ur_msgs__rosidl_generator_c.dir/rosidl_generator_c/ur_msgs/msg/detail/io_states__functions.c.o[0m
[26.702s] [ 11%] [32mBuilding C object CMakeFiles/ur_msgs__rosidl_generator_c.dir/rosidl_generator_c/ur_msgs/msg/detail/digital__functions.c.o[0m
[26.854s] [ 12%] [32m[1mLinking C shared library libur_msgs__rosidl_generator_c.so[0m
[27.081s] [ 12%] Built target ur_msgs__rosidl_generator_c
[27.124s] [ 12%] [34m[1mGenerating C++ introspection for ROS interfaces[0m
[31.676s] [ 13%] [32mBuilding CXX object CMakeFiles/ur_msgs__rosidl_typesupport_introspection_cpp.dir/rosidl_typesupport_introspection_cpp/ur_msgs/msg/detail/analog__type_support.cpp.o[0m
[32.566s] [ 14%] [32mBuilding CXX object CMakeFiles/ur_msgs__rosidl_typesupport_introspection_cpp.dir/rosidl_typesupport_introspection_cpp/ur_msgs/msg/detail/io_states__type_support.cpp.o[0m
[33.706s] [ 14%] [32mBuilding CXX object CMakeFiles/ur_msgs__rosidl_typesupport_introspection_cpp.dir/rosidl_typesupport_introspection_cpp/ur_msgs/msg/detail/robot_state_rt_msg__type_support.cpp.o[0m
[35.231s] [ 15%] [32mBuilding CXX object CMakeFiles/ur_msgs__rosidl_typesupport_introspection_cpp.dir/rosidl_typesupport_introspection_cpp/ur_msgs/msg/detail/masterboard_data_msg__type_support.cpp.o[0m
[36.022s] [ 16%] [32mBuilding CXX object CMakeFiles/ur_msgs__rosidl_typesupport_introspection_cpp.dir/rosidl_typesupport_introspection_cpp/ur_msgs/msg/detail/robot_mode_data_msg__type_support.cpp.o[0m
[36.661s] [ 17%] [32mBuilding CXX object CMakeFiles/ur_msgs__rosidl_typesupport_introspection_cpp.dir/rosidl_typesupport_introspection_cpp/ur_msgs/msg/detail/tool_data_msg__type_support.cpp.o[0m
[37.327s] [ 17%] [32mBuilding CXX object CMakeFiles/ur_msgs__rosidl_typesupport_introspection_cpp.dir/rosidl_typesupport_introspection_cpp/ur_msgs/srv/detail/set_analog_output__type_support.cpp.o[0m
[37.997s] [ 18%] [32mBuilding CXX object CMakeFiles/ur_msgs__rosidl_typesupport_introspection_cpp.dir/rosidl_typesupport_introspection_cpp/ur_msgs/srv/detail/set_payload__type_support.cpp.o[0m
[38.691s] [ 19%] [32mBuilding CXX object CMakeFiles/ur_msgs__rosidl_typesupport_introspection_cpp.dir/rosidl_typesupport_introspection_cpp/ur_msgs/srv/detail/set_speed_slider_fraction__type_support.cpp.o[0m
[39.272s] [ 20%] [32mBuilding CXX object CMakeFiles/ur_msgs__rosidl_typesupport_introspection_cpp.dir/rosidl_typesupport_introspection_cpp/ur_msgs/srv/detail/set_io__type_support.cpp.o[0m
[39.870s] [ 20%] [32mBuilding CXX object CMakeFiles/ur_msgs__rosidl_typesupport_introspection_cpp.dir/rosidl_typesupport_introspection_cpp/ur_msgs/srv/detail/get_robot_software_version__type_support.cpp.o[0m
[40.475s] [ 21%] [32mBuilding CXX object CMakeFiles/ur_msgs__rosidl_typesupport_introspection_cpp.dir/rosidl_typesupport_introspection_cpp/ur_msgs/srv/detail/set_force_mode__type_support.cpp.o[0m
[41.116s] [ 22%] [32mBuilding CXX object CMakeFiles/ur_msgs__rosidl_typesupport_introspection_cpp.dir/rosidl_typesupport_introspection_cpp/ur_msgs/action/detail/tool_contact__type_support.cpp.o[0m
[42.017s] [ 23%] [32mBuilding CXX object CMakeFiles/ur_msgs__rosidl_typesupport_introspection_cpp.dir/rosidl_typesupport_introspection_cpp/ur_msgs/msg/detail/digital__type_support.cpp.o[0m
[42.518s] [ 24%] [32m[1mLinking CXX shared library libur_msgs__rosidl_typesupport_introspection_cpp.so[0m
[42.601s] [ 24%] Built target ur_msgs__rosidl_typesupport_introspection_cpp
[42.611s] [ 25%] [34m[1mGenerating C type support dispatch for ROS interfaces[0m
[44.455s] [ 25%] [32mBuilding CXX object CMakeFiles/ur_msgs__rosidl_typesupport_c.dir/rosidl_typesupport_c/ur_msgs/msg/analog__type_support.cpp.o[0m
[44.533s] [ 26%] [32mBuilding CXX object CMakeFiles/ur_msgs__rosidl_typesupport_c.dir/rosidl_typesupport_c/ur_msgs/msg/robot_state_rt_msg__type_support.cpp.o[0m
[44.587s] [ 26%] [32mBuilding CXX object CMakeFiles/ur_msgs__rosidl_typesupport_c.dir/rosidl_typesupport_c/ur_msgs/msg/masterboard_data_msg__type_support.cpp.o[0m
[44.624s] [ 27%] [32mBuilding CXX object CMakeFiles/ur_msgs__rosidl_typesupport_c.dir/rosidl_typesupport_c/ur_msgs/msg/robot_mode_data_msg__type_support.cpp.o[0m
[44.667s] [ 28%] [32mBuilding CXX object CMakeFiles/ur_msgs__rosidl_typesupport_c.dir/rosidl_typesupport_c/ur_msgs/msg/tool_data_msg__type_support.cpp.o[0m
[44.707s] [ 29%] [32mBuilding CXX object CMakeFiles/ur_msgs__rosidl_typesupport_c.dir/rosidl_typesupport_c/ur_msgs/srv/set_analog_output__type_support.cpp.o[0m
[44.745s] [ 29%] [32mBuilding CXX object CMakeFiles/ur_msgs__rosidl_typesupport_c.dir/rosidl_typesupport_c/ur_msgs/srv/set_payload__type_support.cpp.o[0m
[44.787s] [ 30%] [32mBuilding CXX object CMakeFiles/ur_msgs__rosidl_typesupport_c.dir/rosidl_typesupport_c/ur_msgs/srv/set_speed_slider_fraction__type_support.cpp.o[0m
[44.840s] [ 31%] [32mBuilding CXX object CMakeFiles/ur_msgs__rosidl_typesupport_c.dir/rosidl_typesupport_c/ur_msgs/srv/set_io__type_support.cpp.o[0m
[44.891s] [ 32%] [32mBuilding CXX object CMakeFiles/ur_msgs__rosidl_typesupport_c.dir/rosidl_typesupport_c/ur_msgs/srv/get_robot_software_version__type_support.cpp.o[0m
[44.941s] [ 32%] [32mBuilding CXX object CMakeFiles/ur_msgs__rosidl_typesupport_c.dir/rosidl_typesupport_c/ur_msgs/srv/set_force_mode__type_support.cpp.o[0m
[44.993s] [ 33%] [32mBuilding CXX object CMakeFiles/ur_msgs__rosidl_typesupport_c.dir/rosidl_typesupport_c/ur_msgs/action/tool_contact__type_support.cpp.o[0m
[45.079s] [ 34%] [32mBuilding CXX object CMakeFiles/ur_msgs__rosidl_typesupport_c.dir/rosidl_typesupport_c/ur_msgs/msg/io_states__type_support.cpp.o[0m
[45.123s] [ 35%] [32mBuilding CXX object CMakeFiles/ur_msgs__rosidl_typesupport_c.dir/rosidl_typesupport_c/ur_msgs/msg/digital__type_support.cpp.o[0m
[45.153s] [ 36%] [32m[1mLinking CXX shared library libur_msgs__rosidl_typesupport_c.so[0m
[45.202s] [ 36%] Built target ur_msgs__rosidl_typesupport_c
[45.216s] [ 37%] [34m[1mGenerating C introspection for ROS interfaces[0m
[47.490s] [ 38%] [32mBuilding C object CMakeFiles/ur_msgs__rosidl_typesupport_introspection_c.dir/rosidl_typesupport_introspection_c/ur_msgs/msg/detail/analog__type_support.c.o[0m
[47.566s] [ 39%] [32mBuilding C object CMakeFiles/ur_msgs__rosidl_typesupport_introspection_c.dir/rosidl_typesupport_introspection_c/ur_msgs/msg/detail/masterboard_data_msg__type_support.c.o[0m
[47.627s] [ 40%] [32mBuilding C object CMakeFiles/ur_msgs__rosidl_typesupport_introspection_c.dir/rosidl_typesupport_introspection_c/ur_msgs/msg/detail/robot_mode_data_msg__type_support.c.o[0m
[47.676s] [ 40%] [32mBuilding C object CMakeFiles/ur_msgs__rosidl_typesupport_introspection_c.dir/rosidl_typesupport_introspection_c/ur_msgs/msg/detail/tool_data_msg__type_support.c.o[0m
[47.732s] [ 41%] [32mBuilding C object CMakeFiles/ur_msgs__rosidl_typesupport_introspection_c.dir/rosidl_typesupport_introspection_c/ur_msgs/srv/detail/set_analog_output__type_support.c.o[0m
[47.805s] [ 42%] [32mBuilding C object CMakeFiles/ur_msgs__rosidl_typesupport_introspection_c.dir/rosidl_typesupport_introspection_c/ur_msgs/srv/detail/set_payload__type_support.c.o[0m
[47.865s] [ 42%] [32mBuilding C object CMakeFiles/ur_msgs__rosidl_typesupport_introspection_c.dir/rosidl_typesupport_introspection_c/ur_msgs/srv/detail/set_speed_slider_fraction__type_support.c.o[0m
[47.933s] [ 43%] [32mBuilding C object CMakeFiles/ur_msgs__rosidl_typesupport_introspection_c.dir/rosidl_typesupport_introspection_c/ur_msgs/srv/detail/set_io__type_support.c.o[0m
[47.998s] [ 44%] [32mBuilding C object CMakeFiles/ur_msgs__rosidl_typesupport_introspection_c.dir/rosidl_typesupport_introspection_c/ur_msgs/srv/detail/get_robot_software_version__type_support.c.o[0m
[48.062s] [ 45%] [32mBuilding C object CMakeFiles/ur_msgs__rosidl_typesupport_introspection_c.dir/rosidl_typesupport_introspection_c/ur_msgs/srv/detail/set_force_mode__type_support.c.o[0m
[48.144s] [ 45%] [32mBuilding C object CMakeFiles/ur_msgs__rosidl_typesupport_introspection_c.dir/rosidl_typesupport_introspection_c/ur_msgs/action/detail/tool_contact__type_support.c.o[0m
[48.246s] [ 46%] [32mBuilding C object CMakeFiles/ur_msgs__rosidl_typesupport_introspection_c.dir/rosidl_typesupport_introspection_c/ur_msgs/msg/detail/robot_state_rt_msg__type_support.c.o[0m
[48.426s] [ 46%] [32mBuilding C object CMakeFiles/ur_msgs__rosidl_typesupport_introspection_c.dir/rosidl_typesupport_introspection_c/ur_msgs/msg/detail/io_states__type_support.c.o[0m
[48.528s] [ 47%] [32mBuilding C object CMakeFiles/ur_msgs__rosidl_typesupport_introspection_c.dir/rosidl_typesupport_introspection_c/ur_msgs/msg/detail/digital__type_support.c.o[0m
[48.578s] [ 48%] [32m[1mLinking C shared library libur_msgs__rosidl_typesupport_introspection_c.so[0m
[48.630s] [ 48%] Built target ur_msgs__rosidl_typesupport_introspection_c
[48.643s] [ 49%] [34m[1mGenerating C type support for eProsima Fast-RTPS[0m
[51.064s] [ 50%] [32mBuilding CXX object CMakeFiles/ur_msgs__rosidl_typesupport_fastrtps_c.dir/rosidl_typesupport_fastrtps_c/ur_msgs/msg/detail/analog__type_support_c.cpp.o[0m
[51.507s] [ 50%] [32mBuilding CXX object CMakeFiles/ur_msgs__rosidl_typesupport_fastrtps_c.dir/rosidl_typesupport_fastrtps_c/ur_msgs/msg/detail/robot_mode_data_msg__type_support_c.cpp.o[0m
[51.858s] [ 51%] [32mBuilding CXX object CMakeFiles/ur_msgs__rosidl_typesupport_fastrtps_c.dir/rosidl_typesupport_fastrtps_c/ur_msgs/msg/detail/tool_data_msg__type_support_c.cpp.o[0m
[52.370s] [ 52%] [32mBuilding CXX object CMakeFiles/ur_msgs__rosidl_typesupport_fastrtps_c.dir/rosidl_typesupport_fastrtps_c/ur_msgs/srv/detail/set_analog_output__type_support_c.cpp.o[0m
[52.919s] [ 53%] [32mBuilding CXX object CMakeFiles/ur_msgs__rosidl_typesupport_fastrtps_c.dir/rosidl_typesupport_fastrtps_c/ur_msgs/srv/detail/set_payload__type_support_c.cpp.o[0m
[53.591s] [ 53%] [32mBuilding CXX object CMakeFiles/ur_msgs__rosidl_typesupport_fastrtps_c.dir/rosidl_typesupport_fastrtps_c/ur_msgs/srv/detail/set_speed_slider_fraction__type_support_c.cpp.o[0m
[54.154s] [ 54%] [32mBuilding CXX object CMakeFiles/ur_msgs__rosidl_typesupport_fastrtps_c.dir/rosidl_typesupport_fastrtps_c/ur_msgs/srv/detail/set_io__type_support_c.cpp.o[0m
[54.616s] [ 55%] [32mBuilding CXX object CMakeFiles/ur_msgs__rosidl_typesupport_fastrtps_c.dir/rosidl_typesupport_fastrtps_c/ur_msgs/srv/detail/get_robot_software_version__type_support_c.cpp.o[0m
[55.090s] [ 56%] [32mBuilding CXX object CMakeFiles/ur_msgs__rosidl_typesupport_fastrtps_c.dir/rosidl_typesupport_fastrtps_c/ur_msgs/srv/detail/set_force_mode__type_support_c.cpp.o[0m
[55.671s] [ 56%] [32mBuilding CXX object CMakeFiles/ur_msgs__rosidl_typesupport_fastrtps_c.dir/rosidl_typesupport_fastrtps_c/ur_msgs/action/detail/tool_contact__type_support_c.cpp.o[0m
[56.347s] [ 57%] [32mBuilding CXX object CMakeFiles/ur_msgs__rosidl_typesupport_fastrtps_c.dir/rosidl_typesupport_fastrtps_c/ur_msgs/msg/detail/masterboard_data_msg__type_support_c.cpp.o[0m
[56.897s] [ 58%] [32mBuilding CXX object CMakeFiles/ur_msgs__rosidl_typesupport_fastrtps_c.dir/rosidl_typesupport_fastrtps_c/ur_msgs/msg/detail/robot_state_rt_msg__type_support_c.cpp.o[0m
[57.520s] [ 59%] [32mBuilding CXX object CMakeFiles/ur_msgs__rosidl_typesupport_fastrtps_c.dir/rosidl_typesupport_fastrtps_c/ur_msgs/msg/detail/io_states__type_support_c.cpp.o[0m
[57.987s] [ 59%] [32mBuilding CXX object CMakeFiles/ur_msgs__rosidl_typesupport_fastrtps_c.dir/rosidl_typesupport_fastrtps_c/ur_msgs/msg/detail/digital__type_support_c.cpp.o[0m
[58.327s] [ 60%] [32m[1mLinking CXX shared library libur_msgs__rosidl_typesupport_fastrtps_c.so[0m
[58.416s] [ 60%] Built target ur_msgs__rosidl_typesupport_fastrtps_c
[58.426s] [ 61%] [34m[1mGenerating C++ type support for eProsima Fast-RTPS[0m
[60.405s] [ 62%] [32mBuilding CXX object CMakeFiles/ur_msgs__rosidl_typesupport_fastrtps_cpp.dir/rosidl_typesupport_fastrtps_cpp/ur_msgs/msg/detail/dds_fastrtps/analog__type_support.cpp.o[0m
[60.792s] [ 62%] [32mBuilding CXX object CMakeFiles/ur_msgs__rosidl_typesupport_fastrtps_cpp.dir/rosidl_typesupport_fastrtps_cpp/ur_msgs/msg/detail/dds_fastrtps/tool_data_msg__type_support.cpp.o[0m
[61.188s] [ 63%] [32mBuilding CXX object CMakeFiles/ur_msgs__rosidl_typesupport_fastrtps_cpp.dir/rosidl_typesupport_fastrtps_cpp/ur_msgs/srv/detail/dds_fastrtps/set_analog_output__type_support.cpp.o[0m
[61.596s] [ 64%] [32mBuilding CXX object CMakeFiles/ur_msgs__rosidl_typesupport_fastrtps_cpp.dir/rosidl_typesupport_fastrtps_cpp/ur_msgs/srv/detail/dds_fastrtps/set_payload__type_support.cpp.o[0m
[61.995s] [ 65%] [32mBuilding CXX object CMakeFiles/ur_msgs__rosidl_typesupport_fastrtps_cpp.dir/rosidl_typesupport_fastrtps_cpp/ur_msgs/srv/detail/dds_fastrtps/set_speed_slider_fraction__type_support.cpp.o[0m
[62.395s] [ 65%] [32mBuilding CXX object CMakeFiles/ur_msgs__rosidl_typesupport_fastrtps_cpp.dir/rosidl_typesupport_fastrtps_cpp/ur_msgs/srv/detail/dds_fastrtps/set_io__type_support.cpp.o[0m
[62.795s] [ 66%] [32mBuilding CXX object CMakeFiles/ur_msgs__rosidl_typesupport_fastrtps_cpp.dir/rosidl_typesupport_fastrtps_cpp/ur_msgs/srv/detail/dds_fastrtps/get_robot_software_version__type_support.cpp.o[0m
[63.203s] [ 67%] [32mBuilding CXX object CMakeFiles/ur_msgs__rosidl_typesupport_fastrtps_cpp.dir/rosidl_typesupport_fastrtps_cpp/ur_msgs/srv/detail/dds_fastrtps/set_force_mode__type_support.cpp.o[0m
[63.628s] [ 68%] [32mBuilding CXX object CMakeFiles/ur_msgs__rosidl_typesupport_fastrtps_cpp.dir/rosidl_typesupport_fastrtps_cpp/ur_msgs/action/detail/dds_fastrtps/tool_contact__type_support.cpp.o[0m
[64.221s] [ 69%] [32mBuilding CXX object CMakeFiles/ur_msgs__rosidl_typesupport_fastrtps_cpp.dir/rosidl_typesupport_fastrtps_cpp/ur_msgs/msg/detail/dds_fastrtps/robot_mode_data_msg__type_support.cpp.o[0m
[64.610s] [ 70%] [32mBuilding CXX object CMakeFiles/ur_msgs__rosidl_typesupport_fastrtps_cpp.dir/rosidl_typesupport_fastrtps_cpp/ur_msgs/msg/detail/dds_fastrtps/masterboard_data_msg__type_support.cpp.o[0m
[65.017s] [ 71%] [32mBuilding CXX object CMakeFiles/ur_msgs__rosidl_typesupport_fastrtps_cpp.dir/rosidl_typesupport_fastrtps_cpp/ur_msgs/msg/detail/dds_fastrtps/robot_state_rt_msg__type_support.cpp.o[0m
[65.715s] [ 71%] [32mBuilding CXX object CMakeFiles/ur_msgs__rosidl_typesupport_fastrtps_cpp.dir/rosidl_typesupport_fastrtps_cpp/ur_msgs/msg/detail/dds_fastrtps/io_states__type_support.cpp.o[0m
[66.294s] [ 72%] [32mBuilding CXX object CMakeFiles/ur_msgs__rosidl_typesupport_fastrtps_cpp.dir/rosidl_typesupport_fastrtps_cpp/ur_msgs/msg/detail/dds_fastrtps/digital__type_support.cpp.o[0m
[66.676s] [ 72%] [32m[1mLinking CXX shared library libur_msgs__rosidl_typesupport_fastrtps_cpp.so[0m
[66.762s] [ 72%] Built target ur_msgs__rosidl_typesupport_fastrtps_cpp
[66.772s] [ 73%] [34m[1mGenerating C++ type support dispatch for ROS interfaces[0m
[68.065s] [ 74%] [32mBuilding CXX object CMakeFiles/ur_msgs__rosidl_typesupport_cpp.dir/rosidl_typesupport_cpp/ur_msgs/msg/analog__type_support.cpp.o[0m
[68.338s] [ 75%] [32mBuilding CXX object CMakeFiles/ur_msgs__rosidl_typesupport_cpp.dir/rosidl_typesupport_cpp/ur_msgs/srv/set_analog_output__type_support.cpp.o[0m
[68.613s] [ 76%] [32mBuilding CXX object CMakeFiles/ur_msgs__rosidl_typesupport_cpp.dir/rosidl_typesupport_cpp/ur_msgs/srv/set_payload__type_support.cpp.o[0m
[68.884s] [ 76%] [32mBuilding CXX object CMakeFiles/ur_msgs__rosidl_typesupport_cpp.dir/rosidl_typesupport_cpp/ur_msgs/srv/set_speed_slider_fraction__type_support.cpp.o[0m
[69.148s] [ 77%] [32mBuilding CXX object CMakeFiles/ur_msgs__rosidl_typesupport_cpp.dir/rosidl_typesupport_cpp/ur_msgs/srv/set_io__type_support.cpp.o[0m
[69.414s] [ 78%] [32mBuilding CXX object CMakeFiles/ur_msgs__rosidl_typesupport_cpp.dir/rosidl_typesupport_cpp/ur_msgs/srv/get_robot_software_version__type_support.cpp.o[0m
[69.676s] [ 79%] [32mBuilding CXX object CMakeFiles/ur_msgs__rosidl_typesupport_cpp.dir/rosidl_typesupport_cpp/ur_msgs/srv/set_force_mode__type_support.cpp.o[0m
[69.949s] [ 79%] [32mBuilding CXX object CMakeFiles/ur_msgs__rosidl_typesupport_cpp.dir/rosidl_typesupport_cpp/ur_msgs/action/tool_contact__type_support.cpp.o[0m
[70.484s] [ 80%] [32mBuilding CXX object CMakeFiles/ur_msgs__rosidl_typesupport_cpp.dir/rosidl_typesupport_cpp/ur_msgs/msg/tool_data_msg__type_support.cpp.o[0m
[70.762s] [ 80%] [32mBuilding CXX object CMakeFiles/ur_msgs__rosidl_typesupport_cpp.dir/rosidl_typesupport_cpp/ur_msgs/msg/robot_mode_data_msg__type_support.cpp.o[0m
[71.025s] [ 81%] [32mBuilding CXX object CMakeFiles/ur_msgs__rosidl_typesupport_cpp.dir/rosidl_typesupport_cpp/ur_msgs/msg/masterboard_data_msg__type_support.cpp.o[0m
[71.287s] [ 82%] [32mBuilding CXX object CMakeFiles/ur_msgs__rosidl_typesupport_cpp.dir/rosidl_typesupport_cpp/ur_msgs/msg/robot_state_rt_msg__type_support.cpp.o[0m
[71.548s] [ 82%] [32mBuilding CXX object CMakeFiles/ur_msgs__rosidl_typesupport_cpp.dir/rosidl_typesupport_cpp/ur_msgs/msg/io_states__type_support.cpp.o[0m
[71.813s] [ 83%] [32mBuilding CXX object CMakeFiles/ur_msgs__rosidl_typesupport_cpp.dir/rosidl_typesupport_cpp/ur_msgs/msg/digital__type_support.cpp.o[0m
[72.067s] [ 84%] [32m[1mLinking CXX shared library libur_msgs__rosidl_typesupport_cpp.so[0m
[72.109s] [ 84%] Built target ur_msgs__rosidl_typesupport_cpp
[72.127s] [ 84%] Built target ur_msgs
[72.146s] [ 85%] [34m[1mGenerating Python code for ROS interfaces[0m
[75.526s] [ 85%] Built target ur_msgs__py
[75.545s] [ 86%] [32mBuilding C object CMakeFiles/ur_msgs__rosidl_generator_py.dir/rosidl_generator_py/ur_msgs/msg/_analog_s.c.o[0m
[75.547s] [ 86%] [32mBuilding C object CMakeFiles/ur_msgs__rosidl_generator_py.dir/rosidl_generator_py/ur_msgs/msg/_digital_s.c.o[0m
[75.730s] [ 87%] [32mBuilding C object CMakeFiles/ur_msgs__rosidl_generator_py.dir/rosidl_generator_py/ur_msgs/srv/_set_analog_output_s.c.o[0m
[75.733s] [ 88%] [32mBuilding C object CMakeFiles/ur_msgs__rosidl_generator_py.dir/rosidl_generator_py/ur_msgs/srv/_set_payload_s.c.o[0m
[75.933s] [ 88%] [32mBuilding C object CMakeFiles/ur_msgs__rosidl_generator_py.dir/rosidl_generator_py/ur_msgs/srv/_set_speed_slider_fraction_s.c.o[0m
[75.941s] [ 89%] [32mBuilding C object CMakeFiles/ur_msgs__rosidl_generator_py.dir/rosidl_generator_py/ur_msgs/srv/_set_io_s.c.o[0m
[76.136s] [ 90%] [32mBuilding C object CMakeFiles/ur_msgs__rosidl_generator_py.dir/rosidl_generator_py/ur_msgs/srv/_get_robot_software_version_s.c.o[0m
[76.151s] [ 90%] [32mBuilding C object CMakeFiles/ur_msgs__rosidl_generator_py.dir/rosidl_generator_py/ur_msgs/srv/_set_force_mode_s.c.o[0m
[76.270s] [ 91%] [32mBuilding C object CMakeFiles/ur_msgs__rosidl_generator_py.dir/rosidl_generator_py/ur_msgs/action/_tool_contact_s.c.o[0m
[76.411s] [ 92%] [32mBuilding C object CMakeFiles/ur_msgs__rosidl_generator_py.dir/rosidl_generator_py/ur_msgs/msg/_tool_data_msg_s.c.o[0m
[76.606s] [ 92%] [32mBuilding C object CMakeFiles/ur_msgs__rosidl_generator_py.dir/rosidl_generator_py/ur_msgs/msg/_robot_mode_data_msg_s.c.o[0m
[76.628s] [ 93%] [32mBuilding C object CMakeFiles/ur_msgs__rosidl_generator_py.dir/rosidl_generator_py/ur_msgs/msg/_masterboard_data_msg_s.c.o[0m
[76.798s] [ 94%] [32mBuilding C object CMakeFiles/ur_msgs__rosidl_generator_py.dir/rosidl_generator_py/ur_msgs/msg/_robot_state_rt_msg_s.c.o[0m
[76.853s] [ 95%] [32mBuilding C object CMakeFiles/ur_msgs__rosidl_generator_py.dir/rosidl_generator_py/ur_msgs/msg/_io_states_s.c.o[0m
[77.506s] [ 96%] [32m[1mLinking C shared library rosidl_generator_py/ur_msgs/libur_msgs__rosidl_generator_py.so[0m
[77.560s] [ 96%] Built target ur_msgs__rosidl_generator_py
[77.581s] [ 97%] [32mBuilding C object CMakeFiles/ur_msgs__rosidl_typesupport_fastrtps_c__pyext.dir/rosidl_generator_py/ur_msgs/_ur_msgs_s.ep.rosidl_typesupport_fastrtps_c.c.o[0m
[77.586s] [ 98%] [32mBuilding C object CMakeFiles/ur_msgs__rosidl_typesupport_introspection_c__pyext.dir/rosidl_generator_py/ur_msgs/_ur_msgs_s.ep.rosidl_typesupport_introspection_c.c.o[0m
[78.013s] [ 98%] [32m[1mLinking C shared library rosidl_generator_py/ur_msgs/ur_msgs_s__rosidl_typesupport_fastrtps_c.cpython-310-x86_64-linux-gnu.so[0m
[78.062s] [ 98%] Built target ur_msgs__rosidl_typesupport_fastrtps_c__pyext
[78.081s] [ 99%] [32mBuilding C object CMakeFiles/ur_msgs__rosidl_typesupport_c__pyext.dir/rosidl_generator_py/ur_msgs/_ur_msgs_s.ep.rosidl_typesupport_c.c.o[0m
[78.210s] [100%] [32m[1mLinking C shared library rosidl_generator_py/ur_msgs/ur_msgs_s__rosidl_typesupport_introspection_c.cpython-310-x86_64-linux-gnu.so[0m
[78.292s] [100%] Built target ur_msgs__rosidl_typesupport_introspection_c__pyext
[78.707s] [100%] [32m[1mLinking C shared library rosidl_generator_py/ur_msgs/ur_msgs_s__rosidl_typesupport_c.cpython-310-x86_64-linux-gnu.so[0m
[78.766s] [100%] Built target ur_msgs__rosidl_typesupport_c__pyext
[78.779s] Invoked command in '/home/gcerioni/ws_ur16/build/ur_msgs' returned '0': CMAKE_PREFIX_PATH=/opt/ros/humble /usr/bin/cmake --build /home/gcerioni/ws_ur16/build/ur_msgs -- -j8 -l8
[78.781s] Invoking command in '/home/gcerioni/ws_ur16/build/ur_msgs': CMAKE_PREFIX_PATH=/opt/ros/humble /usr/bin/cmake --install /home/gcerioni/ws_ur16/build/ur_msgs
[78.789s] -- Install configuration: "Release"
[78.789s] -- Installing: /home/gcerioni/ws_ur16/install/ur_msgs/share/ament_index/resource_index/rosidl_interfaces/ur_msgs
[78.789s] -- Installing: /home/gcerioni/ws_ur16/install/ur_msgs/include/ur_msgs/ur_msgs
[78.789s] -- Installing: /home/gcerioni/ws_ur16/install/ur_msgs/include/ur_msgs/ur_msgs/msg
[78.789s] -- Installing: /home/gcerioni/ws_ur16/install/ur_msgs/include/ur_msgs/ur_msgs/msg/detail
[78.789s] -- Installing: /home/gcerioni/ws_ur16/install/ur_msgs/include/ur_msgs/ur_msgs/msg/detail/robot_state_rt_msg__functions.c
[78.790s] -- Installing: /home/gcerioni/ws_ur16/install/ur_msgs/include/ur_msgs/ur_msgs/msg/detail/io_states__functions.c
[78.790s] -- Installing: /home/gcerioni/ws_ur16/install/ur_msgs/include/ur_msgs/ur_msgs/msg/detail/io_states__type_support.h
[78.790s] -- Installing: /home/gcerioni/ws_ur16/install/ur_msgs/include/ur_msgs/ur_msgs/msg/detail/robot_mode_data_msg__functions.c
[78.790s] -- Installing: /home/gcerioni/ws_ur16/install/ur_msgs/include/ur_msgs/ur_msgs/msg/detail/tool_data_msg__type_support.h
[78.790s] -- Installing: /home/gcerioni/ws_ur16/install/ur_msgs/include/ur_msgs/ur_msgs/msg/detail/io_states__struct.h
[78.790s] -- Installing: /home/gcerioni/ws_ur16/install/ur_msgs/include/ur_msgs/ur_msgs/msg/detail/io_states__functions.h
[78.792s] -- Installing: /home/gcerioni/ws_ur16/install/ur_msgs/include/ur_msgs/ur_msgs/msg/detail/tool_data_msg__functions.h
[78.792s] -- Installing: /home/gcerioni/ws_ur16/install/ur_msgs/include/ur_msgs/ur_msgs/msg/detail/digital__type_support.h
[78.792s] -- Installing: /home/gcerioni/ws_ur16/install/ur_msgs/include/ur_msgs/ur_msgs/msg/detail/robot_mode_data_msg__type_support.h
[78.793s] -- Installing: /home/gcerioni/ws_ur16/install/ur_msgs/include/ur_msgs/ur_msgs/msg/detail/robot_mode_data_msg__struct.h
[78.793s] -- Installing: /home/gcerioni/ws_ur16/install/ur_msgs/include/ur_msgs/ur_msgs/msg/detail/digital__functions.h
[78.793s] -- Installing: /home/gcerioni/ws_ur16/install/ur_msgs/include/ur_msgs/ur_msgs/msg/detail/robot_mode_data_msg__functions.h
[78.793s] -- Installing: /home/gcerioni/ws_ur16/install/ur_msgs/include/ur_msgs/ur_msgs/msg/detail/tool_data_msg__functions.c
[78.793s] -- Installing: /home/gcerioni/ws_ur16/install/ur_msgs/include/ur_msgs/ur_msgs/msg/detail/masterboard_data_msg__functions.h
[78.793s] -- Installing: /home/gcerioni/ws_ur16/install/ur_msgs/include/ur_msgs/ur_msgs/msg/detail/tool_data_msg__struct.h
[78.793s] -- Installing: /home/gcerioni/ws_ur16/install/ur_msgs/include/ur_msgs/ur_msgs/msg/detail/analog__functions.c
[78.793s] -- Installing: /home/gcerioni/ws_ur16/install/ur_msgs/include/ur_msgs/ur_msgs/msg/detail/digital__struct.h
[78.793s] -- Installing: /home/gcerioni/ws_ur16/install/ur_msgs/include/ur_msgs/ur_msgs/msg/detail/robot_state_rt_msg__type_support.h
[78.794s] -- Installing: /home/gcerioni/ws_ur16/install/ur_msgs/include/ur_msgs/ur_msgs/msg/detail/masterboard_data_msg__struct.h
[78.794s] -- Installing: /home/gcerioni/ws_ur16/install/ur_msgs/include/ur_msgs/ur_msgs/msg/detail/analog__struct.h
[78.794s] -- Installing: /home/gcerioni/ws_ur16/install/ur_msgs/include/ur_msgs/ur_msgs/msg/detail/digital__functions.c
[78.794s] -- Installing: /home/gcerioni/ws_ur16/install/ur_msgs/include/ur_msgs/ur_msgs/msg/detail/masterboard_data_msg__functions.c
[78.794s] -- Installing: /home/gcerioni/ws_ur16/install/ur_msgs/include/ur_msgs/ur_msgs/msg/detail/masterboard_data_msg__type_support.h
[78.794s] -- Installing: /home/gcerioni/ws_ur16/install/ur_msgs/include/ur_msgs/ur_msgs/msg/detail/robot_state_rt_msg__struct.h
[78.794s] -- Installing: /home/gcerioni/ws_ur16/install/ur_msgs/include/ur_msgs/ur_msgs/msg/detail/analog__type_support.h
[78.794s] -- Installing: /home/gcerioni/ws_ur16/install/ur_msgs/include/ur_msgs/ur_msgs/msg/detail/robot_state_rt_msg__functions.h
[78.794s] -- Installing: /home/gcerioni/ws_ur16/install/ur_msgs/include/ur_msgs/ur_msgs/msg/detail/analog__functions.h
[78.794s] -- Installing: /home/gcerioni/ws_ur16/install/ur_msgs/include/ur_msgs/ur_msgs/msg/robot_state_rt_msg.h
[78.794s] -- Installing: /home/gcerioni/ws_ur16/install/ur_msgs/include/ur_msgs/ur_msgs/msg/robot_mode_data_msg.h
[78.794s] -- Installing: /home/gcerioni/ws_ur16/install/ur_msgs/include/ur_msgs/ur_msgs/msg/rosidl_generator_c__visibility_control.h
[78.795s] -- Installing: /home/gcerioni/ws_ur16/install/ur_msgs/include/ur_msgs/ur_msgs/msg/tool_data_msg.h
[78.795s] -- Installing: /home/gcerioni/ws_ur16/install/ur_msgs/include/ur_msgs/ur_msgs/msg/digital.h
[78.795s] -- Installing: /home/gcerioni/ws_ur16/install/ur_msgs/include/ur_msgs/ur_msgs/msg/analog.h
[78.795s] -- Installing: /home/gcerioni/ws_ur16/install/ur_msgs/include/ur_msgs/ur_msgs/msg/io_states.h
[78.795s] -- Installing: /home/gcerioni/ws_ur16/install/ur_msgs/include/ur_msgs/ur_msgs/msg/masterboard_data_msg.h
[78.795s] -- Installing: /home/gcerioni/ws_ur16/install/ur_msgs/include/ur_msgs/ur_msgs/action
[78.795s] -- Installing: /home/gcerioni/ws_ur16/install/ur_msgs/include/ur_msgs/ur_msgs/action/detail
[78.795s] -- Installing: /home/gcerioni/ws_ur16/install/ur_msgs/include/ur_msgs/ur_msgs/action/detail/tool_contact__functions.h
[78.795s] -- Installing: /home/gcerioni/ws_ur16/install/ur_msgs/include/ur_msgs/ur_msgs/action/detail/tool_contact__functions.c
[78.796s] -- Installing: /home/gcerioni/ws_ur16/install/ur_msgs/include/ur_msgs/ur_msgs/action/detail/tool_contact__struct.h
[78.796s] -- Installing: /home/gcerioni/ws_ur16/install/ur_msgs/include/ur_msgs/ur_msgs/action/detail/tool_contact__type_support.h
[78.796s] -- Installing: /home/gcerioni/ws_ur16/install/ur_msgs/include/ur_msgs/ur_msgs/action/tool_contact.h
[78.796s] -- Installing: /home/gcerioni/ws_ur16/install/ur_msgs/include/ur_msgs/ur_msgs/srv
[78.796s] -- Installing: /home/gcerioni/ws_ur16/install/ur_msgs/include/ur_msgs/ur_msgs/srv/set_speed_slider_fraction.h
[78.796s] -- Installing: /home/gcerioni/ws_ur16/install/ur_msgs/include/ur_msgs/ur_msgs/srv/detail
[78.796s] -- Installing: /home/gcerioni/ws_ur16/install/ur_msgs/include/ur_msgs/ur_msgs/srv/detail/set_payload__functions.c
[78.796s] -- Installing: /home/gcerioni/ws_ur16/install/ur_msgs/include/ur_msgs/ur_msgs/srv/detail/set_payload__type_support.h
[78.796s] -- Installing: /home/gcerioni/ws_ur16/install/ur_msgs/include/ur_msgs/ur_msgs/srv/detail/get_robot_software_version__functions.c
[78.796s] -- Installing: /home/gcerioni/ws_ur16/install/ur_msgs/include/ur_msgs/ur_msgs/srv/detail/set_io__functions.h
[78.797s] -- Installing: /home/gcerioni/ws_ur16/install/ur_msgs/include/ur_msgs/ur_msgs/srv/detail/set_analog_output__functions.c
[78.797s] -- Installing: /home/gcerioni/ws_ur16/install/ur_msgs/include/ur_msgs/ur_msgs/srv/detail/get_robot_software_version__struct.h
[78.797s] -- Installing: /home/gcerioni/ws_ur16/install/ur_msgs/include/ur_msgs/ur_msgs/srv/detail/set_force_mode__functions.c
[78.797s] -- Installing: /home/gcerioni/ws_ur16/install/ur_msgs/include/ur_msgs/ur_msgs/srv/detail/set_analog_output__struct.h
[78.797s] -- Installing: /home/gcerioni/ws_ur16/install/ur_msgs/include/ur_msgs/ur_msgs/srv/detail/set_force_mode__struct.h
[78.797s] -- Installing: /home/gcerioni/ws_ur16/install/ur_msgs/include/ur_msgs/ur_msgs/srv/detail/set_speed_slider_fraction__type_support.h
[78.797s] -- Installing: /home/gcerioni/ws_ur16/install/ur_msgs/include/ur_msgs/ur_msgs/srv/detail/set_io__struct.h
[78.797s] -- Installing: /home/gcerioni/ws_ur16/install/ur_msgs/include/ur_msgs/ur_msgs/srv/detail/get_robot_software_version__type_support.h
[78.797s] -- Installing: /home/gcerioni/ws_ur16/install/ur_msgs/include/ur_msgs/ur_msgs/srv/detail/set_analog_output__functions.h
[78.798s] -- Installing: /home/gcerioni/ws_ur16/install/ur_msgs/include/ur_msgs/ur_msgs/srv/detail/set_speed_slider_fraction__struct.h
[78.798s] -- Installing: /home/gcerioni/ws_ur16/install/ur_msgs/include/ur_msgs/ur_msgs/srv/detail/set_payload__functions.h
[78.798s] -- Installing: /home/gcerioni/ws_ur16/install/ur_msgs/include/ur_msgs/ur_msgs/srv/detail/set_force_mode__functions.h
[78.798s] -- Installing: /home/gcerioni/ws_ur16/install/ur_msgs/include/ur_msgs/ur_msgs/srv/detail/set_io__functions.c
[78.798s] -- Installing: /home/gcerioni/ws_ur16/install/ur_msgs/include/ur_msgs/ur_msgs/srv/detail/set_force_mode__type_support.h
[78.798s] -- Installing: /home/gcerioni/ws_ur16/install/ur_msgs/include/ur_msgs/ur_msgs/srv/detail/set_analog_output__type_support.h
[78.798s] -- Installing: /home/gcerioni/ws_ur16/install/ur_msgs/include/ur_msgs/ur_msgs/srv/detail/set_speed_slider_fraction__functions.h
[78.799s] -- Installing: /home/gcerioni/ws_ur16/install/ur_msgs/include/ur_msgs/ur_msgs/srv/detail/set_speed_slider_fraction__functions.c
[78.799s] -- Installing: /home/gcerioni/ws_ur16/install/ur_msgs/include/ur_msgs/ur_msgs/srv/detail/set_payload__struct.h
[78.799s] -- Installing: /home/gcerioni/ws_ur16/install/ur_msgs/include/ur_msgs/ur_msgs/srv/detail/set_io__type_support.h
[78.799s] -- Installing: /home/gcerioni/ws_ur16/install/ur_msgs/include/ur_msgs/ur_msgs/srv/detail/get_robot_software_version__functions.h
[78.799s] -- Installing: /home/gcerioni/ws_ur16/install/ur_msgs/include/ur_msgs/ur_msgs/srv/set_payload.h
[78.799s] -- Installing: /home/gcerioni/ws_ur16/install/ur_msgs/include/ur_msgs/ur_msgs/srv/get_robot_software_version.h
[78.799s] -- Installing: /home/gcerioni/ws_ur16/install/ur_msgs/include/ur_msgs/ur_msgs/srv/set_analog_output.h
[78.799s] -- Installing: /home/gcerioni/ws_ur16/install/ur_msgs/include/ur_msgs/ur_msgs/srv/set_force_mode.h
[78.800s] -- Installing: /home/gcerioni/ws_ur16/install/ur_msgs/include/ur_msgs/ur_msgs/srv/set_io.h
[78.800s] -- Installing: /home/gcerioni/ws_ur16/install/ur_msgs/share/ur_msgs/environment/library_path.sh
[78.800s] -- Installing: /home/gcerioni/ws_ur16/install/ur_msgs/share/ur_msgs/environment/library_path.dsv
[78.800s] -- Installing: /home/gcerioni/ws_ur16/install/ur_msgs/lib/libur_msgs__rosidl_generator_c.so
[78.800s] -- Set runtime path of "/home/gcerioni/ws_ur16/install/ur_msgs/lib/libur_msgs__rosidl_generator_c.so" to ""
[78.800s] -- Up-to-date: /home/gcerioni/ws_ur16/install/ur_msgs/include/ur_msgs/ur_msgs
[78.800s] -- Up-to-date: /home/gcerioni/ws_ur16/install/ur_msgs/include/ur_msgs/ur_msgs/msg
[78.801s] -- Up-to-date: /home/gcerioni/ws_ur16/install/ur_msgs/include/ur_msgs/ur_msgs/msg/detail
[78.801s] -- Installing: /home/gcerioni/ws_ur16/install/ur_msgs/include/ur_msgs/ur_msgs/msg/detail/masterboard_data_msg__rosidl_typesupport_fastrtps_c.h
[78.801s] -- Installing: /home/gcerioni/ws_ur16/install/ur_msgs/include/ur_msgs/ur_msgs/msg/detail/tool_data_msg__rosidl_typesupport_fastrtps_c.h
[78.801s] -- Installing: /home/gcerioni/ws_ur16/install/ur_msgs/include/ur_msgs/ur_msgs/msg/detail/robot_state_rt_msg__rosidl_typesupport_fastrtps_c.h
[78.801s] -- Installing: /home/gcerioni/ws_ur16/install/ur_msgs/include/ur_msgs/ur_msgs/msg/detail/robot_mode_data_msg__rosidl_typesupport_fastrtps_c.h
[78.801s] -- Installing: /home/gcerioni/ws_ur16/install/ur_msgs/include/ur_msgs/ur_msgs/msg/detail/analog__rosidl_typesupport_fastrtps_c.h
[78.801s] -- Installing: /home/gcerioni/ws_ur16/install/ur_msgs/include/ur_msgs/ur_msgs/msg/detail/io_states__rosidl_typesupport_fastrtps_c.h
[78.801s] -- Installing: /home/gcerioni/ws_ur16/install/ur_msgs/include/ur_msgs/ur_msgs/msg/detail/digital__rosidl_typesupport_fastrtps_c.h
[78.802s] -- Installing: /home/gcerioni/ws_ur16/install/ur_msgs/include/ur_msgs/ur_msgs/msg/rosidl_typesupport_fastrtps_c__visibility_control.h
[78.802s] -- Up-to-date: /home/gcerioni/ws_ur16/install/ur_msgs/include/ur_msgs/ur_msgs/action
[78.802s] -- Up-to-date: /home/gcerioni/ws_ur16/install/ur_msgs/include/ur_msgs/ur_msgs/action/detail
[78.802s] -- Installing: /home/gcerioni/ws_ur16/install/ur_msgs/include/ur_msgs/ur_msgs/action/detail/tool_contact__rosidl_typesupport_fastrtps_c.h
[78.802s] -- Up-to-date: /home/gcerioni/ws_ur16/install/ur_msgs/include/ur_msgs/ur_msgs/srv
[78.802s] -- Up-to-date: /home/gcerioni/ws_ur16/install/ur_msgs/include/ur_msgs/ur_msgs/srv/detail
[78.802s] -- Installing: /home/gcerioni/ws_ur16/install/ur_msgs/include/ur_msgs/ur_msgs/srv/detail/get_robot_software_version__rosidl_typesupport_fastrtps_c.h
[78.802s] -- Installing: /home/gcerioni/ws_ur16/install/ur_msgs/include/ur_msgs/ur_msgs/srv/detail/set_force_mode__rosidl_typesupport_fastrtps_c.h
[78.802s] -- Installing: /home/gcerioni/ws_ur16/install/ur_msgs/include/ur_msgs/ur_msgs/srv/detail/set_io__rosidl_typesupport_fastrtps_c.h
[78.803s] -- Installing: /home/gcerioni/ws_ur16/install/ur_msgs/include/ur_msgs/ur_msgs/srv/detail/set_analog_output__rosidl_typesupport_fastrtps_c.h
[78.803s] -- Installing: /home/gcerioni/ws_ur16/install/ur_msgs/include/ur_msgs/ur_msgs/srv/detail/set_payload__rosidl_typesupport_fastrtps_c.h
[78.803s] -- Installing: /home/gcerioni/ws_ur16/install/ur_msgs/include/ur_msgs/ur_msgs/srv/detail/set_speed_slider_fraction__rosidl_typesupport_fastrtps_c.h
[78.803s] -- Installing: /home/gcerioni/ws_ur16/install/ur_msgs/lib/libur_msgs__rosidl_typesupport_fastrtps_c.so
[78.803s] -- Set runtime path of "/home/gcerioni/ws_ur16/install/ur_msgs/lib/libur_msgs__rosidl_typesupport_fastrtps_c.so" to ""
[78.803s] -- Up-to-date: /home/gcerioni/ws_ur16/install/ur_msgs/include/ur_msgs/ur_msgs
[78.803s] -- Up-to-date: /home/gcerioni/ws_ur16/install/ur_msgs/include/ur_msgs/ur_msgs/msg
[78.803s] -- Up-to-date: /home/gcerioni/ws_ur16/install/ur_msgs/include/ur_msgs/ur_msgs/msg/detail
[78.804s] -- Installing: /home/gcerioni/ws_ur16/install/ur_msgs/include/ur_msgs/ur_msgs/msg/detail/digital__struct.hpp
[78.804s] -- Installing: /home/gcerioni/ws_ur16/install/ur_msgs/include/ur_msgs/ur_msgs/msg/detail/masterboard_data_msg__traits.hpp
[78.804s] -- Installing: /home/gcerioni/ws_ur16/install/ur_msgs/include/ur_msgs/ur_msgs/msg/detail/analog__type_support.hpp
[78.804s] -- Installing: /home/gcerioni/ws_ur16/install/ur_msgs/include/ur_msgs/ur_msgs/msg/detail/robot_state_rt_msg__type_support.hpp
[78.804s] -- Installing: /home/gcerioni/ws_ur16/install/ur_msgs/include/ur_msgs/ur_msgs/msg/detail/robot_mode_data_msg__traits.hpp
[78.804s] -- Installing: /home/gcerioni/ws_ur16/install/ur_msgs/include/ur_msgs/ur_msgs/msg/detail/masterboard_data_msg__builder.hpp
[78.804s] -- Installing: /home/gcerioni/ws_ur16/install/ur_msgs/include/ur_msgs/ur_msgs/msg/detail/robot_mode_data_msg__struct.hpp
[78.805s] -- Installing: /home/gcerioni/ws_ur16/install/ur_msgs/include/ur_msgs/ur_msgs/msg/detail/tool_data_msg__builder.hpp
[78.805s] -- Installing: /home/gcerioni/ws_ur16/install/ur_msgs/include/ur_msgs/ur_msgs/msg/detail/robot_mode_data_msg__builder.hpp
[78.805s] -- Installing: /home/gcerioni/ws_ur16/install/ur_msgs/include/ur_msgs/ur_msgs/msg/detail/digital__traits.hpp
[78.805s] -- Installing: /home/gcerioni/ws_ur16/install/ur_msgs/include/ur_msgs/ur_msgs/msg/detail/masterboard_data_msg__type_support.hpp
[78.805s] -- Installing: /home/gcerioni/ws_ur16/install/ur_msgs/include/ur_msgs/ur_msgs/msg/detail/io_states__builder.hpp
[78.805s] -- Installing: /home/gcerioni/ws_ur16/install/ur_msgs/include/ur_msgs/ur_msgs/msg/detail/io_states__struct.hpp
[78.805s] -- Installing: /home/gcerioni/ws_ur16/install/ur_msgs/include/ur_msgs/ur_msgs/msg/detail/robot_state_rt_msg__builder.hpp
[78.806s] -- Installing: /home/gcerioni/ws_ur16/install/ur_msgs/include/ur_msgs/ur_msgs/msg/detail/digital__type_support.hpp
[78.806s] -- Installing: /home/gcerioni/ws_ur16/install/ur_msgs/include/ur_msgs/ur_msgs/msg/detail/analog__traits.hpp
[78.806s] -- Installing: /home/gcerioni/ws_ur16/install/ur_msgs/include/ur_msgs/ur_msgs/msg/detail/masterboard_data_msg__struct.hpp
[78.806s] -- Installing: /home/gcerioni/ws_ur16/install/ur_msgs/include/ur_msgs/ur_msgs/msg/detail/robot_mode_data_msg__type_support.hpp
[78.806s] -- Installing: /home/gcerioni/ws_ur16/install/ur_msgs/include/ur_msgs/ur_msgs/msg/detail/io_states__traits.hpp
[78.806s] -- Installing: /home/gcerioni/ws_ur16/install/ur_msgs/include/ur_msgs/ur_msgs/msg/detail/analog__builder.hpp
[78.806s] -- Installing: /home/gcerioni/ws_ur16/install/ur_msgs/include/ur_msgs/ur_msgs/msg/detail/io_states__type_support.hpp
[78.807s] -- Installing: /home/gcerioni/ws_ur16/install/ur_msgs/include/ur_msgs/ur_msgs/msg/detail/robot_state_rt_msg__traits.hpp
[78.807s] -- Installing: /home/gcerioni/ws_ur16/install/ur_msgs/include/ur_msgs/ur_msgs/msg/detail/tool_data_msg__traits.hpp
[78.807s] -- Installing: /home/gcerioni/ws_ur16/install/ur_msgs/include/ur_msgs/ur_msgs/msg/detail/robot_state_rt_msg__struct.hpp
[78.807s] -- Installing: /home/gcerioni/ws_ur16/install/ur_msgs/include/ur_msgs/ur_msgs/msg/detail/tool_data_msg__type_support.hpp
[78.807s] -- Installing: /home/gcerioni/ws_ur16/install/ur_msgs/include/ur_msgs/ur_msgs/msg/detail/analog__struct.hpp
[78.807s] -- Installing: /home/gcerioni/ws_ur16/install/ur_msgs/include/ur_msgs/ur_msgs/msg/detail/digital__builder.hpp
[78.808s] -- Installing: /home/gcerioni/ws_ur16/install/ur_msgs/include/ur_msgs/ur_msgs/msg/detail/tool_data_msg__struct.hpp
[78.808s] -- Installing: /home/gcerioni/ws_ur16/install/ur_msgs/include/ur_msgs/ur_msgs/msg/robot_mode_data_msg.hpp
[78.808s] -- Installing: /home/gcerioni/ws_ur16/install/ur_msgs/include/ur_msgs/ur_msgs/msg/digital.hpp
[78.808s] -- Installing: /home/gcerioni/ws_ur16/install/ur_msgs/include/ur_msgs/ur_msgs/msg/masterboard_data_msg.hpp
[78.808s] -- Installing: /home/gcerioni/ws_ur16/install/ur_msgs/include/ur_msgs/ur_msgs/msg/io_states.hpp
[78.808s] -- Installing: /home/gcerioni/ws_ur16/install/ur_msgs/include/ur_msgs/ur_msgs/msg/robot_state_rt_msg.hpp
[78.809s] -- Installing: /home/gcerioni/ws_ur16/install/ur_msgs/include/ur_msgs/ur_msgs/msg/tool_data_msg.hpp
[78.809s] -- Installing: /home/gcerioni/ws_ur16/install/ur_msgs/include/ur_msgs/ur_msgs/msg/rosidl_generator_cpp__visibility_control.hpp
[78.809s] -- Installing: /home/gcerioni/ws_ur16/install/ur_msgs/include/ur_msgs/ur_msgs/msg/analog.hpp
[78.809s] -- Up-to-date: /home/gcerioni/ws_ur16/install/ur_msgs/include/ur_msgs/ur_msgs/action
[78.810s] -- Up-to-date: /home/gcerioni/ws_ur16/install/ur_msgs/include/ur_msgs/ur_msgs/action/detail
[78.810s] -- Installing: /home/gcerioni/ws_ur16/install/ur_msgs/include/ur_msgs/ur_msgs/action/detail/tool_contact__struct.hpp
[78.810s] -- Installing: /home/gcerioni/ws_ur16/install/ur_msgs/include/ur_msgs/ur_msgs/action/detail/tool_contact__builder.hpp
[78.810s] -- Installing: /home/gcerioni/ws_ur16/install/ur_msgs/include/ur_msgs/ur_msgs/action/detail/tool_contact__traits.hpp
[78.810s] -- Installing: /home/gcerioni/ws_ur16/install/ur_msgs/include/ur_msgs/ur_msgs/action/detail/tool_contact__type_support.hpp
[78.810s] -- Installing: /home/gcerioni/ws_ur16/install/ur_msgs/include/ur_msgs/ur_msgs/action/tool_contact.hpp
[78.810s] -- Up-to-date: /home/gcerioni/ws_ur16/install/ur_msgs/include/ur_msgs/ur_msgs/srv
[78.811s] -- Up-to-date: /home/gcerioni/ws_ur16/install/ur_msgs/include/ur_msgs/ur_msgs/srv/detail
[78.811s] -- Installing: /home/gcerioni/ws_ur16/install/ur_msgs/include/ur_msgs/ur_msgs/srv/detail/set_payload__builder.hpp
[78.811s] -- Installing: /home/gcerioni/ws_ur16/install/ur_msgs/include/ur_msgs/ur_msgs/srv/detail/set_speed_slider_fraction__traits.hpp
[78.811s] -- Installing: /home/gcerioni/ws_ur16/install/ur_msgs/include/ur_msgs/ur_msgs/srv/detail/set_io__struct.hpp
[78.811s] -- Installing: /home/gcerioni/ws_ur16/install/ur_msgs/include/ur_msgs/ur_msgs/srv/detail/set_io__builder.hpp
[78.811s] -- Installing: /home/gcerioni/ws_ur16/install/ur_msgs/include/ur_msgs/ur_msgs/srv/detail/set_force_mode__traits.hpp
[78.811s] -- Installing: /home/gcerioni/ws_ur16/install/ur_msgs/include/ur_msgs/ur_msgs/srv/detail/set_speed_slider_fraction__struct.hpp
[78.812s] -- Installing: /home/gcerioni/ws_ur16/install/ur_msgs/include/ur_msgs/ur_msgs/srv/detail/set_io__type_support.hpp
[78.812s] -- Installing: /home/gcerioni/ws_ur16/install/ur_msgs/include/ur_msgs/ur_msgs/srv/detail/set_analog_output__builder.hpp
[78.812s] -- Installing: /home/gcerioni/ws_ur16/install/ur_msgs/include/ur_msgs/ur_msgs/srv/detail/set_analog_output__type_support.hpp
[78.812s] -- Installing: /home/gcerioni/ws_ur16/install/ur_msgs/include/ur_msgs/ur_msgs/srv/detail/get_robot_software_version__builder.hpp
[78.812s] -- Installing: /home/gcerioni/ws_ur16/install/ur_msgs/include/ur_msgs/ur_msgs/srv/detail/set_io__traits.hpp
[78.812s] -- Installing: /home/gcerioni/ws_ur16/install/ur_msgs/include/ur_msgs/ur_msgs/srv/detail/set_analog_output__struct.hpp
[78.812s] -- Installing: /home/gcerioni/ws_ur16/install/ur_msgs/include/ur_msgs/ur_msgs/srv/detail/set_payload__type_support.hpp
[78.812s] -- Installing: /home/gcerioni/ws_ur16/install/ur_msgs/include/ur_msgs/ur_msgs/srv/detail/set_speed_slider_fraction__type_support.hpp
[78.813s] -- Installing: /home/gcerioni/ws_ur16/install/ur_msgs/include/ur_msgs/ur_msgs/srv/detail/get_robot_software_version__struct.hpp
[78.813s] -- Installing: /home/gcerioni/ws_ur16/install/ur_msgs/include/ur_msgs/ur_msgs/srv/detail/set_force_mode__builder.hpp
[78.813s] -- Installing: /home/gcerioni/ws_ur16/install/ur_msgs/include/ur_msgs/ur_msgs/srv/detail/get_robot_software_version__traits.hpp
[78.813s] -- Installing: /home/gcerioni/ws_ur16/install/ur_msgs/include/ur_msgs/ur_msgs/srv/detail/set_payload__struct.hpp
[78.813s] -- Installing: /home/gcerioni/ws_ur16/install/ur_msgs/include/ur_msgs/ur_msgs/srv/detail/set_force_mode__type_support.hpp
[78.813s] -- Installing: /home/gcerioni/ws_ur16/install/ur_msgs/include/ur_msgs/ur_msgs/srv/detail/get_robot_software_version__type_support.hpp
[78.813s] -- Installing: /home/gcerioni/ws_ur16/install/ur_msgs/include/ur_msgs/ur_msgs/srv/detail/set_payload__traits.hpp
[78.814s] -- Installing: /home/gcerioni/ws_ur16/install/ur_msgs/include/ur_msgs/ur_msgs/srv/detail/set_speed_slider_fraction__builder.hpp
[78.814s] -- Installing: /home/gcerioni/ws_ur16/install/ur_msgs/include/ur_msgs/ur_msgs/srv/detail/set_force_mode__struct.hpp
[78.814s] -- Installing: /home/gcerioni/ws_ur16/install/ur_msgs/include/ur_msgs/ur_msgs/srv/detail/set_analog_output__traits.hpp
[78.814s] -- Installing: /home/gcerioni/ws_ur16/install/ur_msgs/include/ur_msgs/ur_msgs/srv/set_io.hpp
[78.814s] -- Installing: /home/gcerioni/ws_ur16/install/ur_msgs/include/ur_msgs/ur_msgs/srv/set_analog_output.hpp
[78.814s] -- Installing: /home/gcerioni/ws_ur16/install/ur_msgs/include/ur_msgs/ur_msgs/srv/set_force_mode.hpp
[78.814s] -- Installing: /home/gcerioni/ws_ur16/install/ur_msgs/include/ur_msgs/ur_msgs/srv/get_robot_software_version.hpp
[78.815s] -- Installing: /home/gcerioni/ws_ur16/install/ur_msgs/include/ur_msgs/ur_msgs/srv/set_speed_slider_fraction.hpp
[78.815s] -- Installing: /home/gcerioni/ws_ur16/install/ur_msgs/include/ur_msgs/ur_msgs/srv/set_payload.hpp
[78.815s] -- Up-to-date: /home/gcerioni/ws_ur16/install/ur_msgs/include/ur_msgs/ur_msgs
[78.815s] -- Up-to-date: /home/gcerioni/ws_ur16/install/ur_msgs/include/ur_msgs/ur_msgs/msg
[78.815s] -- Up-to-date: /home/gcerioni/ws_ur16/install/ur_msgs/include/ur_msgs/ur_msgs/msg/detail
[78.815s] -- Installing: /home/gcerioni/ws_ur16/install/ur_msgs/include/ur_msgs/ur_msgs/msg/detail/robot_state_rt_msg__rosidl_typesupport_fastrtps_cpp.hpp
[78.815s] -- Installing: /home/gcerioni/ws_ur16/install/ur_msgs/include/ur_msgs/ur_msgs/msg/detail/robot_mode_data_msg__rosidl_typesupport_fastrtps_cpp.hpp
[78.815s] -- Installing: /home/gcerioni/ws_ur16/install/ur_msgs/include/ur_msgs/ur_msgs/msg/detail/analog__rosidl_typesupport_fastrtps_cpp.hpp
[78.816s] -- Installing: /home/gcerioni/ws_ur16/install/ur_msgs/include/ur_msgs/ur_msgs/msg/detail/io_states__rosidl_typesupport_fastrtps_cpp.hpp
[78.816s] -- Installing: /home/gcerioni/ws_ur16/install/ur_msgs/include/ur_msgs/ur_msgs/msg/detail/tool_data_msg__rosidl_typesupport_fastrtps_cpp.hpp
[78.816s] -- Installing: /home/gcerioni/ws_ur16/install/ur_msgs/include/ur_msgs/ur_msgs/msg/detail/dds_fastrtps
[78.816s] -- Installing: /home/gcerioni/ws_ur16/install/ur_msgs/include/ur_msgs/ur_msgs/msg/detail/masterboard_data_msg__rosidl_typesupport_fastrtps_cpp.hpp
[78.816s] -- Installing: /home/gcerioni/ws_ur16/install/ur_msgs/include/ur_msgs/ur_msgs/msg/detail/digital__rosidl_typesupport_fastrtps_cpp.hpp
[78.816s] -- Installing: /home/gcerioni/ws_ur16/install/ur_msgs/include/ur_msgs/ur_msgs/msg/rosidl_typesupport_fastrtps_cpp__visibility_control.h
[78.816s] -- Up-to-date: /home/gcerioni/ws_ur16/install/ur_msgs/include/ur_msgs/ur_msgs/action
[78.817s] -- Up-to-date: /home/gcerioni/ws_ur16/install/ur_msgs/include/ur_msgs/ur_msgs/action/detail
[78.817s] -- Installing: /home/gcerioni/ws_ur16/install/ur_msgs/include/ur_msgs/ur_msgs/action/detail/dds_fastrtps
[78.817s] -- Installing: /home/gcerioni/ws_ur16/install/ur_msgs/include/ur_msgs/ur_msgs/action/detail/tool_contact__rosidl_typesupport_fastrtps_cpp.hpp
[78.817s] -- Up-to-date: /home/gcerioni/ws_ur16/install/ur_msgs/include/ur_msgs/ur_msgs/srv
[78.817s] -- Up-to-date: /home/gcerioni/ws_ur16/install/ur_msgs/include/ur_msgs/ur_msgs/srv/detail
[78.817s] -- Installing: /home/gcerioni/ws_ur16/install/ur_msgs/include/ur_msgs/ur_msgs/srv/detail/set_speed_slider_fraction__rosidl_typesupport_fastrtps_cpp.hpp
[78.817s] -- Installing: /home/gcerioni/ws_ur16/install/ur_msgs/include/ur_msgs/ur_msgs/srv/detail/set_analog_output__rosidl_typesupport_fastrtps_cpp.hpp
[78.817s] -- Installing: /home/gcerioni/ws_ur16/install/ur_msgs/include/ur_msgs/ur_msgs/srv/detail/dds_fastrtps
[78.818s] -- Installing: /home/gcerioni/ws_ur16/install/ur_msgs/include/ur_msgs/ur_msgs/srv/detail/set_payload__rosidl_typesupport_fastrtps_cpp.hpp
[78.818s] -- Installing: /home/gcerioni/ws_ur16/install/ur_msgs/include/ur_msgs/ur_msgs/srv/detail/set_io__rosidl_typesupport_fastrtps_cpp.hpp
[78.818s] -- Installing: /home/gcerioni/ws_ur16/install/ur_msgs/include/ur_msgs/ur_msgs/srv/detail/set_force_mode__rosidl_typesupport_fastrtps_cpp.hpp
[78.818s] -- Installing: /home/gcerioni/ws_ur16/install/ur_msgs/include/ur_msgs/ur_msgs/srv/detail/get_robot_software_version__rosidl_typesupport_fastrtps_cpp.hpp
[78.818s] -- Installing: /home/gcerioni/ws_ur16/install/ur_msgs/lib/libur_msgs__rosidl_typesupport_fastrtps_cpp.so
[78.818s] -- Set runtime path of "/home/gcerioni/ws_ur16/install/ur_msgs/lib/libur_msgs__rosidl_typesupport_fastrtps_cpp.so" to ""
[78.818s] -- Up-to-date: /home/gcerioni/ws_ur16/install/ur_msgs/include/ur_msgs/ur_msgs
[78.819s] -- Up-to-date: /home/gcerioni/ws_ur16/install/ur_msgs/include/ur_msgs/ur_msgs/msg
[78.819s] -- Up-to-date: /home/gcerioni/ws_ur16/install/ur_msgs/include/ur_msgs/ur_msgs/msg/detail
[78.819s] -- Installing: /home/gcerioni/ws_ur16/install/ur_msgs/include/ur_msgs/ur_msgs/msg/detail/masterboard_data_msg__rosidl_typesupport_introspection_c.h
[78.819s] -- Installing: /home/gcerioni/ws_ur16/install/ur_msgs/include/ur_msgs/ur_msgs/msg/detail/tool_data_msg__rosidl_typesupport_introspection_c.h
[78.819s] -- Installing: /home/gcerioni/ws_ur16/install/ur_msgs/include/ur_msgs/ur_msgs/msg/detail/digital__rosidl_typesupport_introspection_c.h
[78.819s] -- Installing: /home/gcerioni/ws_ur16/install/ur_msgs/include/ur_msgs/ur_msgs/msg/detail/robot_mode_data_msg__rosidl_typesupport_introspection_c.h
[78.819s] -- Installing: /home/gcerioni/ws_ur16/install/ur_msgs/include/ur_msgs/ur_msgs/msg/detail/robot_state_rt_msg__rosidl_typesupport_introspection_c.h
[78.820s] -- Installing: /home/gcerioni/ws_ur16/install/ur_msgs/include/ur_msgs/ur_msgs/msg/detail/tool_data_msg__type_support.c
[78.820s] -- Installing: /home/gcerioni/ws_ur16/install/ur_msgs/include/ur_msgs/ur_msgs/msg/detail/digital__type_support.c
[78.820s] -- Installing: /home/gcerioni/ws_ur16/install/ur_msgs/include/ur_msgs/ur_msgs/msg/detail/io_states__type_support.c
[78.820s] -- Installing: /home/gcerioni/ws_ur16/install/ur_msgs/include/ur_msgs/ur_msgs/msg/detail/io_states__rosidl_typesupport_introspection_c.h
[78.820s] -- Installing: /home/gcerioni/ws_ur16/install/ur_msgs/include/ur_msgs/ur_msgs/msg/detail/analog__type_support.c
[78.820s] -- Installing: /home/gcerioni/ws_ur16/install/ur_msgs/include/ur_msgs/ur_msgs/msg/detail/analog__rosidl_typesupport_introspection_c.h
[78.820s] -- Installing: /home/gcerioni/ws_ur16/install/ur_msgs/include/ur_msgs/ur_msgs/msg/detail/masterboard_data_msg__type_support.c
[78.820s] -- Installing: /home/gcerioni/ws_ur16/install/ur_msgs/include/ur_msgs/ur_msgs/msg/detail/robot_mode_data_msg__type_support.c
[78.821s] -- Installing: /home/gcerioni/ws_ur16/install/ur_msgs/include/ur_msgs/ur_msgs/msg/detail/robot_state_rt_msg__type_support.c
[78.821s] -- Installing: /home/gcerioni/ws_ur16/install/ur_msgs/include/ur_msgs/ur_msgs/msg/rosidl_typesupport_introspection_c__visibility_control.h
[78.821s] -- Up-to-date: /home/gcerioni/ws_ur16/install/ur_msgs/include/ur_msgs/ur_msgs/action
[78.821s] -- Up-to-date: /home/gcerioni/ws_ur16/install/ur_msgs/include/ur_msgs/ur_msgs/action/detail
[78.821s] -- Installing: /home/gcerioni/ws_ur16/install/ur_msgs/include/ur_msgs/ur_msgs/action/detail/tool_contact__rosidl_typesupport_introspection_c.h
[78.821s] -- Installing: /home/gcerioni/ws_ur16/install/ur_msgs/include/ur_msgs/ur_msgs/action/detail/tool_contact__type_support.c
[78.821s] -- Up-to-date: /home/gcerioni/ws_ur16/install/ur_msgs/include/ur_msgs/ur_msgs/srv
[78.822s] -- Up-to-date: /home/gcerioni/ws_ur16/install/ur_msgs/include/ur_msgs/ur_msgs/srv/detail
[78.822s] -- Installing: /home/gcerioni/ws_ur16/install/ur_msgs/include/ur_msgs/ur_msgs/srv/detail/set_io__type_support.c
[78.822s] -- Installing: /home/gcerioni/ws_ur16/install/ur_msgs/include/ur_msgs/ur_msgs/srv/detail/set_payload__type_support.c
[78.822s] -- Installing: /home/gcerioni/ws_ur16/install/ur_msgs/include/ur_msgs/ur_msgs/srv/detail/get_robot_software_version__rosidl_typesupport_introspection_c.h
[78.822s] -- Installing: /home/gcerioni/ws_ur16/install/ur_msgs/include/ur_msgs/ur_msgs/srv/detail/set_io__rosidl_typesupport_introspection_c.h
[78.823s] -- Installing: /home/gcerioni/ws_ur16/install/ur_msgs/include/ur_msgs/ur_msgs/srv/detail/set_force_mode__type_support.c
[78.823s] -- Installing: /home/gcerioni/ws_ur16/install/ur_msgs/include/ur_msgs/ur_msgs/srv/detail/get_robot_software_version__type_support.c
[78.823s] -- Installing: /home/gcerioni/ws_ur16/install/ur_msgs/include/ur_msgs/ur_msgs/srv/detail/set_speed_slider_fraction__rosidl_typesupport_introspection_c.h
[78.823s] -- Installing: /home/gcerioni/ws_ur16/install/ur_msgs/include/ur_msgs/ur_msgs/srv/detail/set_force_mode__rosidl_typesupport_introspection_c.h
[78.823s] -- Installing: /home/gcerioni/ws_ur16/install/ur_msgs/include/ur_msgs/ur_msgs/srv/detail/set_analog_output__type_support.c
[78.823s] -- Installing: /home/gcerioni/ws_ur16/install/ur_msgs/include/ur_msgs/ur_msgs/srv/detail/set_speed_slider_fraction__type_support.c
[78.823s] -- Installing: /home/gcerioni/ws_ur16/install/ur_msgs/include/ur_msgs/ur_msgs/srv/detail/set_payload__rosidl_typesupport_introspection_c.h
[78.824s] -- Installing: /home/gcerioni/ws_ur16/install/ur_msgs/include/ur_msgs/ur_msgs/srv/detail/set_analog_output__rosidl_typesupport_introspection_c.h
[78.824s] -- Installing: /home/gcerioni/ws_ur16/install/ur_msgs/lib/libur_msgs__rosidl_typesupport_introspection_c.so
[78.824s] -- Set runtime path of "/home/gcerioni/ws_ur16/install/ur_msgs/lib/libur_msgs__rosidl_typesupport_introspection_c.so" to ""
[78.824s] -- Installing: /home/gcerioni/ws_ur16/install/ur_msgs/lib/libur_msgs__rosidl_typesupport_c.so
[78.824s] -- Set runtime path of "/home/gcerioni/ws_ur16/install/ur_msgs/lib/libur_msgs__rosidl_typesupport_c.so" to ""
[78.824s] -- Up-to-date: /home/gcerioni/ws_ur16/install/ur_msgs/include/ur_msgs/ur_msgs
[78.825s] -- Up-to-date: /home/gcerioni/ws_ur16/install/ur_msgs/include/ur_msgs/ur_msgs/msg
[78.825s] -- Up-to-date: /home/gcerioni/ws_ur16/install/ur_msgs/include/ur_msgs/ur_msgs/msg/detail
[78.825s] -- Installing: /home/gcerioni/ws_ur16/install/ur_msgs/include/ur_msgs/ur_msgs/msg/detail/digital__type_support.cpp
[78.825s] -- Installing: /home/gcerioni/ws_ur16/install/ur_msgs/include/ur_msgs/ur_msgs/msg/detail/robot_state_rt_msg__rosidl_typesupport_introspection_cpp.hpp
[78.825s] -- Installing: /home/gcerioni/ws_ur16/install/ur_msgs/include/ur_msgs/ur_msgs/msg/detail/analog__type_support.cpp
[78.825s] -- Installing: /home/gcerioni/ws_ur16/install/ur_msgs/include/ur_msgs/ur_msgs/msg/detail/robot_state_rt_msg__type_support.cpp
[78.825s] -- Installing: /home/gcerioni/ws_ur16/install/ur_msgs/include/ur_msgs/ur_msgs/msg/detail/masterboard_data_msg__type_support.cpp
[78.826s] -- Installing: /home/gcerioni/ws_ur16/install/ur_msgs/include/ur_msgs/ur_msgs/msg/detail/io_states__rosidl_typesupport_introspection_cpp.hpp
[78.826s] -- Installing: /home/gcerioni/ws_ur16/install/ur_msgs/include/ur_msgs/ur_msgs/msg/detail/robot_mode_data_msg__type_support.cpp
[78.826s] -- Installing: /home/gcerioni/ws_ur16/install/ur_msgs/include/ur_msgs/ur_msgs/msg/detail/tool_data_msg__type_support.cpp
[78.826s] -- Installing: /home/gcerioni/ws_ur16/install/ur_msgs/include/ur_msgs/ur_msgs/msg/detail/masterboard_data_msg__rosidl_typesupport_introspection_cpp.hpp
[78.826s] -- Installing: /home/gcerioni/ws_ur16/install/ur_msgs/include/ur_msgs/ur_msgs/msg/detail/digital__rosidl_typesupport_introspection_cpp.hpp
[78.826s] -- Installing: /home/gcerioni/ws_ur16/install/ur_msgs/include/ur_msgs/ur_msgs/msg/detail/io_states__type_support.cpp
[78.826s] -- Installing: /home/gcerioni/ws_ur16/install/ur_msgs/include/ur_msgs/ur_msgs/msg/detail/analog__rosidl_typesupport_introspection_cpp.hpp
[78.827s] -- Installing: /home/gcerioni/ws_ur16/install/ur_msgs/include/ur_msgs/ur_msgs/msg/detail/tool_data_msg__rosidl_typesupport_introspection_cpp.hpp
[78.827s] -- Installing: /home/gcerioni/ws_ur16/install/ur_msgs/include/ur_msgs/ur_msgs/msg/detail/robot_mode_data_msg__rosidl_typesupport_introspection_cpp.hpp
[78.827s] -- Up-to-date: /home/gcerioni/ws_ur16/install/ur_msgs/include/ur_msgs/ur_msgs/action
[78.827s] -- Up-to-date: /home/gcerioni/ws_ur16/install/ur_msgs/include/ur_msgs/ur_msgs/action/detail
[78.827s] -- Installing: /home/gcerioni/ws_ur16/install/ur_msgs/include/ur_msgs/ur_msgs/action/detail/tool_contact__rosidl_typesupport_introspection_cpp.hpp
[78.827s] -- Installing: /home/gcerioni/ws_ur16/install/ur_msgs/include/ur_msgs/ur_msgs/action/detail/tool_contact__type_support.cpp
[78.827s] -- Up-to-date: /home/gcerioni/ws_ur16/install/ur_msgs/include/ur_msgs/ur_msgs/srv
[78.828s] -- Up-to-date: /home/gcerioni/ws_ur16/install/ur_msgs/include/ur_msgs/ur_msgs/srv/detail
[78.828s] -- Installing: /home/gcerioni/ws_ur16/install/ur_msgs/include/ur_msgs/ur_msgs/srv/detail/set_payload__type_support.cpp
[78.828s] -- Installing: /home/gcerioni/ws_ur16/install/ur_msgs/include/ur_msgs/ur_msgs/srv/detail/set_analog_output__rosidl_typesupport_introspection_cpp.hpp
[78.828s] -- Installing: /home/gcerioni/ws_ur16/install/ur_msgs/include/ur_msgs/ur_msgs/srv/detail/set_analog_output__type_support.cpp
[78.828s] -- Installing: /home/gcerioni/ws_ur16/install/ur_msgs/include/ur_msgs/ur_msgs/srv/detail/set_payload__rosidl_typesupport_introspection_cpp.hpp
[78.828s] -- Installing: /home/gcerioni/ws_ur16/install/ur_msgs/include/ur_msgs/ur_msgs/srv/detail/set_io__type_support.cpp
[78.828s] -- Installing: /home/gcerioni/ws_ur16/install/ur_msgs/include/ur_msgs/ur_msgs/srv/detail/get_robot_software_version__rosidl_typesupport_introspection_cpp.hpp
[78.829s] -- Installing: /home/gcerioni/ws_ur16/install/ur_msgs/include/ur_msgs/ur_msgs/srv/detail/set_force_mode__rosidl_typesupport_introspection_cpp.hpp
[78.829s] -- Installing: /home/gcerioni/ws_ur16/install/ur_msgs/include/ur_msgs/ur_msgs/srv/detail/set_io__rosidl_typesupport_introspection_cpp.hpp
[78.829s] -- Installing: /home/gcerioni/ws_ur16/install/ur_msgs/include/ur_msgs/ur_msgs/srv/detail/get_robot_software_version__type_support.cpp
[78.829s] -- Installing: /home/gcerioni/ws_ur16/install/ur_msgs/include/ur_msgs/ur_msgs/srv/detail/set_force_mode__type_support.cpp
[78.829s] -- Installing: /home/gcerioni/ws_ur16/install/ur_msgs/include/ur_msgs/ur_msgs/srv/detail/set_speed_slider_fraction__type_support.cpp
[78.830s] -- Installing: /home/gcerioni/ws_ur16/install/ur_msgs/include/ur_msgs/ur_msgs/srv/detail/set_speed_slider_fraction__rosidl_typesupport_introspection_cpp.hpp
[78.830s] -- Installing: /home/gcerioni/ws_ur16/install/ur_msgs/lib/libur_msgs__rosidl_typesupport_introspection_cpp.so
[78.830s] -- Set runtime path of "/home/gcerioni/ws_ur16/install/ur_msgs/lib/libur_msgs__rosidl_typesupport_introspection_cpp.so" to ""
[78.830s] -- Installing: /home/gcerioni/ws_ur16/install/ur_msgs/lib/libur_msgs__rosidl_typesupport_cpp.so
[78.831s] -- Set runtime path of "/home/gcerioni/ws_ur16/install/ur_msgs/lib/libur_msgs__rosidl_typesupport_cpp.so" to ""
[78.831s] -- Installing: /home/gcerioni/ws_ur16/install/ur_msgs/share/ur_msgs/environment/pythonpath.sh
[78.831s] -- Installing: /home/gcerioni/ws_ur16/install/ur_msgs/share/ur_msgs/environment/pythonpath.dsv
[78.831s] -- Installing: /home/gcerioni/ws_ur16/install/ur_msgs/local/lib/python3.10/dist-packages/ur_msgs-2.2.0-py3.10.egg-info
[78.831s] -- Installing: /home/gcerioni/ws_ur16/install/ur_msgs/local/lib/python3.10/dist-packages/ur_msgs-2.2.0-py3.10.egg-info/top_level.txt
[78.832s] -- Installing: /home/gcerioni/ws_ur16/install/ur_msgs/local/lib/python3.10/dist-packages/ur_msgs-2.2.0-py3.10.egg-info/SOURCES.txt
[78.832s] -- Installing: /home/gcerioni/ws_ur16/install/ur_msgs/local/lib/python3.10/dist-packages/ur_msgs-2.2.0-py3.10.egg-info/dependency_links.txt
[78.832s] -- Installing: /home/gcerioni/ws_ur16/install/ur_msgs/local/lib/python3.10/dist-packages/ur_msgs-2.2.0-py3.10.egg-info/PKG-INFO
[78.832s] -- Installing: /home/gcerioni/ws_ur16/install/ur_msgs/local/lib/python3.10/dist-packages/ur_msgs
[78.832s] -- Installing: /home/gcerioni/ws_ur16/install/ur_msgs/local/lib/python3.10/dist-packages/ur_msgs/msg
[78.832s] -- Installing: /home/gcerioni/ws_ur16/install/ur_msgs/local/lib/python3.10/dist-packages/ur_msgs/msg/_robot_mode_data_msg_s.c
[78.833s] -- Installing: /home/gcerioni/ws_ur16/install/ur_msgs/local/lib/python3.10/dist-packages/ur_msgs/msg/_masterboard_data_msg_s.c
[78.833s] -- Installing: /home/gcerioni/ws_ur16/install/ur_msgs/local/lib/python3.10/dist-packages/ur_msgs/msg/_robot_state_rt_msg.py
[78.833s] -- Installing: /home/gcerioni/ws_ur16/install/ur_msgs/local/lib/python3.10/dist-packages/ur_msgs/msg/_tool_data_msg_s.c
[78.833s] -- Installing: /home/gcerioni/ws_ur16/install/ur_msgs/local/lib/python3.10/dist-packages/ur_msgs/msg/_analog_s.c
[78.833s] -- Installing: /home/gcerioni/ws_ur16/install/ur_msgs/local/lib/python3.10/dist-packages/ur_msgs/msg/__init__.py
[78.833s] -- Installing: /home/gcerioni/ws_ur16/install/ur_msgs/local/lib/python3.10/dist-packages/ur_msgs/msg/_io_states.py
[78.833s] -- Installing: /home/gcerioni/ws_ur16/install/ur_msgs/local/lib/python3.10/dist-packages/ur_msgs/msg/_digital_s.c
[78.834s] -- Installing: /home/gcerioni/ws_ur16/install/ur_msgs/local/lib/python3.10/dist-packages/ur_msgs/msg/_io_states_s.c
[78.834s] -- Installing: /home/gcerioni/ws_ur16/install/ur_msgs/local/lib/python3.10/dist-packages/ur_msgs/msg/_robot_mode_data_msg.py
[78.834s] -- Installing: /home/gcerioni/ws_ur16/install/ur_msgs/local/lib/python3.10/dist-packages/ur_msgs/msg/_robot_state_rt_msg_s.c
[78.834s] -- Installing: /home/gcerioni/ws_ur16/install/ur_msgs/local/lib/python3.10/dist-packages/ur_msgs/msg/_tool_data_msg.py
[78.834s] -- Installing: /home/gcerioni/ws_ur16/install/ur_msgs/local/lib/python3.10/dist-packages/ur_msgs/msg/_masterboard_data_msg.py
[78.834s] -- Installing: /home/gcerioni/ws_ur16/install/ur_msgs/local/lib/python3.10/dist-packages/ur_msgs/msg/_digital.py
[78.834s] -- Installing: /home/gcerioni/ws_ur16/install/ur_msgs/local/lib/python3.10/dist-packages/ur_msgs/msg/_analog.py
[78.835s] -- Installing: /home/gcerioni/ws_ur16/install/ur_msgs/local/lib/python3.10/dist-packages/ur_msgs/_ur_msgs_s.ep.rosidl_typesupport_c.c
[78.835s] -- Installing: /home/gcerioni/ws_ur16/install/ur_msgs/local/lib/python3.10/dist-packages/ur_msgs/_ur_msgs_s.ep.rosidl_typesupport_fastrtps_c.c
[78.835s] -- Installing: /home/gcerioni/ws_ur16/install/ur_msgs/local/lib/python3.10/dist-packages/ur_msgs/ur_msgs_s__rosidl_typesupport_fastrtps_c.cpython-310-x86_64-linux-gnu.so
[78.835s] -- Installing: /home/gcerioni/ws_ur16/install/ur_msgs/local/lib/python3.10/dist-packages/ur_msgs/action
[78.836s] -- Installing: /home/gcerioni/ws_ur16/install/ur_msgs/local/lib/python3.10/dist-packages/ur_msgs/action/_tool_contact_s.c
[78.836s] -- Installing: /home/gcerioni/ws_ur16/install/ur_msgs/local/lib/python3.10/dist-packages/ur_msgs/action/__init__.py
[78.836s] -- Installing: /home/gcerioni/ws_ur16/install/ur_msgs/local/lib/python3.10/dist-packages/ur_msgs/action/_tool_contact.py
[78.836s] -- Installing: /home/gcerioni/ws_ur16/install/ur_msgs/local/lib/python3.10/dist-packages/ur_msgs/libur_msgs__rosidl_generator_py.so
[78.836s] -- Installing: /home/gcerioni/ws_ur16/install/ur_msgs/local/lib/python3.10/dist-packages/ur_msgs/__init__.py
[78.836s] -- Installing: /home/gcerioni/ws_ur16/install/ur_msgs/local/lib/python3.10/dist-packages/ur_msgs/ur_msgs_s__rosidl_typesupport_c.cpython-310-x86_64-linux-gnu.so
[78.837s] -- Installing: /home/gcerioni/ws_ur16/install/ur_msgs/local/lib/python3.10/dist-packages/ur_msgs/_ur_msgs_s.ep.rosidl_typesupport_introspection_c.c
[78.837s] -- Installing: /home/gcerioni/ws_ur16/install/ur_msgs/local/lib/python3.10/dist-packages/ur_msgs/ur_msgs_s__rosidl_typesupport_introspection_c.cpython-310-x86_64-linux-gnu.so
[78.837s] -- Installing: /home/gcerioni/ws_ur16/install/ur_msgs/local/lib/python3.10/dist-packages/ur_msgs/srv
[78.837s] -- Installing: /home/gcerioni/ws_ur16/install/ur_msgs/local/lib/python3.10/dist-packages/ur_msgs/srv/_set_analog_output_s.c
[78.837s] -- Installing: /home/gcerioni/ws_ur16/install/ur_msgs/local/lib/python3.10/dist-packages/ur_msgs/srv/_set_force_mode.py
[78.838s] -- Installing: /home/gcerioni/ws_ur16/install/ur_msgs/local/lib/python3.10/dist-packages/ur_msgs/srv/_set_speed_slider_fraction.py
[78.838s] -- Installing: /home/gcerioni/ws_ur16/install/ur_msgs/local/lib/python3.10/dist-packages/ur_msgs/srv/_set_speed_slider_fraction_s.c
[78.838s] -- Installing: /home/gcerioni/ws_ur16/install/ur_msgs/local/lib/python3.10/dist-packages/ur_msgs/srv/__init__.py
[78.838s] -- Installing: /home/gcerioni/ws_ur16/install/ur_msgs/local/lib/python3.10/dist-packages/ur_msgs/srv/_set_analog_output.py
[78.838s] -- Installing: /home/gcerioni/ws_ur16/install/ur_msgs/local/lib/python3.10/dist-packages/ur_msgs/srv/_set_payload_s.c
[78.838s] -- Installing: /home/gcerioni/ws_ur16/install/ur_msgs/local/lib/python3.10/dist-packages/ur_msgs/srv/_get_robot_software_version.py
[78.838s] -- Installing: /home/gcerioni/ws_ur16/install/ur_msgs/local/lib/python3.10/dist-packages/ur_msgs/srv/_set_force_mode_s.c
[78.839s] -- Installing: /home/gcerioni/ws_ur16/install/ur_msgs/local/lib/python3.10/dist-packages/ur_msgs/srv/_set_io.py
[78.839s] -- Installing: /home/gcerioni/ws_ur16/install/ur_msgs/local/lib/python3.10/dist-packages/ur_msgs/srv/_set_payload.py
[78.839s] -- Installing: /home/gcerioni/ws_ur16/install/ur_msgs/local/lib/python3.10/dist-packages/ur_msgs/srv/_set_io_s.c
[78.839s] -- Installing: /home/gcerioni/ws_ur16/install/ur_msgs/local/lib/python3.10/dist-packages/ur_msgs/srv/_get_robot_software_version_s.c
[78.897s] Listing '/home/gcerioni/ws_ur16/install/ur_msgs/local/lib/python3.10/dist-packages/ur_msgs'...
[78.897s] Compiling '/home/gcerioni/ws_ur16/install/ur_msgs/local/lib/python3.10/dist-packages/ur_msgs/__init__.py'...
[78.898s] Listing '/home/gcerioni/ws_ur16/install/ur_msgs/local/lib/python3.10/dist-packages/ur_msgs/action'...
[78.898s] Compiling '/home/gcerioni/ws_ur16/install/ur_msgs/local/lib/python3.10/dist-packages/ur_msgs/action/__init__.py'...
[78.898s] Compiling '/home/gcerioni/ws_ur16/install/ur_msgs/local/lib/python3.10/dist-packages/ur_msgs/action/_tool_contact.py'...
[78.898s] Listing '/home/gcerioni/ws_ur16/install/ur_msgs/local/lib/python3.10/dist-packages/ur_msgs/msg'...
[78.898s] Compiling '/home/gcerioni/ws_ur16/install/ur_msgs/local/lib/python3.10/dist-packages/ur_msgs/msg/__init__.py'...
[78.898s] Compiling '/home/gcerioni/ws_ur16/install/ur_msgs/local/lib/python3.10/dist-packages/ur_msgs/msg/_analog.py'...
[78.898s] Compiling '/home/gcerioni/ws_ur16/install/ur_msgs/local/lib/python3.10/dist-packages/ur_msgs/msg/_digital.py'...
[78.898s] Compiling '/home/gcerioni/ws_ur16/install/ur_msgs/local/lib/python3.10/dist-packages/ur_msgs/msg/_io_states.py'...
[78.898s] Compiling '/home/gcerioni/ws_ur16/install/ur_msgs/local/lib/python3.10/dist-packages/ur_msgs/msg/_masterboard_data_msg.py'...
[78.898s] Compiling '/home/gcerioni/ws_ur16/install/ur_msgs/local/lib/python3.10/dist-packages/ur_msgs/msg/_robot_mode_data_msg.py'...
[78.898s] Compiling '/home/gcerioni/ws_ur16/install/ur_msgs/local/lib/python3.10/dist-packages/ur_msgs/msg/_robot_state_rt_msg.py'...
[78.898s] Compiling '/home/gcerioni/ws_ur16/install/ur_msgs/local/lib/python3.10/dist-packages/ur_msgs/msg/_tool_data_msg.py'...
[78.899s] Listing '/home/gcerioni/ws_ur16/install/ur_msgs/local/lib/python3.10/dist-packages/ur_msgs/srv'...
[78.899s] Compiling '/home/gcerioni/ws_ur16/install/ur_msgs/local/lib/python3.10/dist-packages/ur_msgs/srv/__init__.py'...
[78.899s] Compiling '/home/gcerioni/ws_ur16/install/ur_msgs/local/lib/python3.10/dist-packages/ur_msgs/srv/_get_robot_software_version.py'...
[78.899s] Compiling '/home/gcerioni/ws_ur16/install/ur_msgs/local/lib/python3.10/dist-packages/ur_msgs/srv/_set_analog_output.py'...
[78.899s] Compiling '/home/gcerioni/ws_ur16/install/ur_msgs/local/lib/python3.10/dist-packages/ur_msgs/srv/_set_force_mode.py'...
[78.899s] Compiling '/home/gcerioni/ws_ur16/install/ur_msgs/local/lib/python3.10/dist-packages/ur_msgs/srv/_set_io.py'...
[78.899s] Compiling '/home/gcerioni/ws_ur16/install/ur_msgs/local/lib/python3.10/dist-packages/ur_msgs/srv/_set_payload.py'...
[78.899s] Compiling '/home/gcerioni/ws_ur16/install/ur_msgs/local/lib/python3.10/dist-packages/ur_msgs/srv/_set_speed_slider_fraction.py'...
[78.903s] -- Installing: /home/gcerioni/ws_ur16/install/ur_msgs/local/lib/python3.10/dist-packages/ur_msgs/ur_msgs_s__rosidl_typesupport_fastrtps_c.cpython-310-x86_64-linux-gnu.so
[78.904s] -- Set runtime path of "/home/gcerioni/ws_ur16/install/ur_msgs/local/lib/python3.10/dist-packages/ur_msgs/ur_msgs_s__rosidl_typesupport_fastrtps_c.cpython-310-x86_64-linux-gnu.so" to ""
[78.904s] -- Installing: /home/gcerioni/ws_ur16/install/ur_msgs/local/lib/python3.10/dist-packages/ur_msgs/ur_msgs_s__rosidl_typesupport_introspection_c.cpython-310-x86_64-linux-gnu.so
[78.905s] -- Set runtime path of "/home/gcerioni/ws_ur16/install/ur_msgs/local/lib/python3.10/dist-packages/ur_msgs/ur_msgs_s__rosidl_typesupport_introspection_c.cpython-310-x86_64-linux-gnu.so" to ""
[78.905s] -- Installing: /home/gcerioni/ws_ur16/install/ur_msgs/local/lib/python3.10/dist-packages/ur_msgs/ur_msgs_s__rosidl_typesupport_c.cpython-310-x86_64-linux-gnu.so
[78.905s] -- Set runtime path of "/home/gcerioni/ws_ur16/install/ur_msgs/local/lib/python3.10/dist-packages/ur_msgs/ur_msgs_s__rosidl_typesupport_c.cpython-310-x86_64-linux-gnu.so" to ""
[78.905s] -- Installing: /home/gcerioni/ws_ur16/install/ur_msgs/lib/libur_msgs__rosidl_generator_py.so
[78.906s] -- Set runtime path of "/home/gcerioni/ws_ur16/install/ur_msgs/lib/libur_msgs__rosidl_generator_py.so" to ""
[78.906s] -- Installing: /home/gcerioni/ws_ur16/install/ur_msgs/share/ur_msgs/msg/Analog.idl
[78.906s] -- Installing: /home/gcerioni/ws_ur16/install/ur_msgs/share/ur_msgs/msg/Digital.idl
[78.906s] -- Installing: /home/gcerioni/ws_ur16/install/ur_msgs/share/ur_msgs/msg/IOStates.idl
[78.907s] -- Installing: /home/gcerioni/ws_ur16/install/ur_msgs/share/ur_msgs/msg/RobotStateRTMsg.idl
[78.907s] -- Installing: /home/gcerioni/ws_ur16/install/ur_msgs/share/ur_msgs/msg/MasterboardDataMsg.idl
[78.907s] -- Installing: /home/gcerioni/ws_ur16/install/ur_msgs/share/ur_msgs/msg/RobotModeDataMsg.idl
[78.907s] -- Installing: /home/gcerioni/ws_ur16/install/ur_msgs/share/ur_msgs/msg/ToolDataMsg.idl
[78.907s] -- Installing: /home/gcerioni/ws_ur16/install/ur_msgs/share/ur_msgs/srv/SetAnalogOutput.idl
[78.908s] -- Installing: /home/gcerioni/ws_ur16/install/ur_msgs/share/ur_msgs/srv/SetPayload.idl
[78.908s] -- Installing: /home/gcerioni/ws_ur16/install/ur_msgs/share/ur_msgs/srv/SetSpeedSliderFraction.idl
[78.908s] -- Installing: /home/gcerioni/ws_ur16/install/ur_msgs/share/ur_msgs/srv/SetIO.idl
[78.908s] -- Installing: /home/gcerioni/ws_ur16/install/ur_msgs/share/ur_msgs/srv/GetRobotSoftwareVersion.idl
[78.908s] -- Installing: /home/gcerioni/ws_ur16/install/ur_msgs/share/ur_msgs/srv/SetForceMode.idl
[78.909s] -- Installing: /home/gcerioni/ws_ur16/install/ur_msgs/share/ur_msgs/action/ToolContact.idl
[78.909s] -- Installing: /home/gcerioni/ws_ur16/install/ur_msgs/share/ur_msgs/msg/Analog.msg
[78.909s] -- Installing: /home/gcerioni/ws_ur16/install/ur_msgs/share/ur_msgs/msg/Digital.msg
[78.909s] -- Installing: /home/gcerioni/ws_ur16/install/ur_msgs/share/ur_msgs/msg/IOStates.msg
[78.909s] -- Installing: /home/gcerioni/ws_ur16/install/ur_msgs/share/ur_msgs/msg/RobotStateRTMsg.msg
[78.909s] -- Installing: /home/gcerioni/ws_ur16/install/ur_msgs/share/ur_msgs/msg/MasterboardDataMsg.msg
[78.910s] -- Installing: /home/gcerioni/ws_ur16/install/ur_msgs/share/ur_msgs/msg/RobotModeDataMsg.msg
[78.910s] -- Installing: /home/gcerioni/ws_ur16/install/ur_msgs/share/ur_msgs/msg/ToolDataMsg.msg
[78.910s] -- Installing: /home/gcerioni/ws_ur16/install/ur_msgs/share/ur_msgs/srv/SetAnalogOutput.srv
[78.910s] -- Installing: /home/gcerioni/ws_ur16/install/ur_msgs/share/ur_msgs/srv/SetAnalogOutput_Request.msg
[78.910s] -- Installing: /home/gcerioni/ws_ur16/install/ur_msgs/share/ur_msgs/srv/SetAnalogOutput_Response.msg
[78.911s] -- Installing: /home/gcerioni/ws_ur16/install/ur_msgs/share/ur_msgs/srv/SetPayload.srv
[78.911s] -- Installing: /home/gcerioni/ws_ur16/install/ur_msgs/share/ur_msgs/srv/SetPayload_Request.msg
[78.911s] -- Installing: /home/gcerioni/ws_ur16/install/ur_msgs/share/ur_msgs/srv/SetPayload_Response.msg
[78.911s] -- Installing: /home/gcerioni/ws_ur16/install/ur_msgs/share/ur_msgs/srv/SetSpeedSliderFraction.srv
[78.911s] -- Installing: /home/gcerioni/ws_ur16/install/ur_msgs/share/ur_msgs/srv/SetSpeedSliderFraction_Request.msg
[78.912s] -- Installing: /home/gcerioni/ws_ur16/install/ur_msgs/share/ur_msgs/srv/SetSpeedSliderFraction_Response.msg
[78.912s] -- Installing: /home/gcerioni/ws_ur16/install/ur_msgs/share/ur_msgs/srv/SetIO.srv
[78.912s] -- Installing: /home/gcerioni/ws_ur16/install/ur_msgs/share/ur_msgs/srv/SetIO_Request.msg
[78.912s] -- Installing: /home/gcerioni/ws_ur16/install/ur_msgs/share/ur_msgs/srv/SetIO_Response.msg
[78.912s] -- Installing: /home/gcerioni/ws_ur16/install/ur_msgs/share/ur_msgs/srv/GetRobotSoftwareVersion.srv
[78.912s] -- Installing: /home/gcerioni/ws_ur16/install/ur_msgs/share/ur_msgs/srv/GetRobotSoftwareVersion_Request.msg
[78.913s] -- Installing: /home/gcerioni/ws_ur16/install/ur_msgs/share/ur_msgs/srv/GetRobotSoftwareVersion_Response.msg
[78.913s] -- Installing: /home/gcerioni/ws_ur16/install/ur_msgs/share/ur_msgs/srv/SetForceMode.srv
[78.913s] -- Installing: /home/gcerioni/ws_ur16/install/ur_msgs/share/ur_msgs/srv/SetForceMode_Request.msg
[78.913s] -- Installing: /home/gcerioni/ws_ur16/install/ur_msgs/share/ur_msgs/srv/SetForceMode_Response.msg
[78.913s] -- Installing: /home/gcerioni/ws_ur16/install/ur_msgs/share/ur_msgs/action/ToolContact.action
[78.914s] -- Installing: /home/gcerioni/ws_ur16/install/ur_msgs/share/ament_index/resource_index/package_run_dependencies/ur_msgs
[78.914s] -- Installing: /home/gcerioni/ws_ur16/install/ur_msgs/share/ament_index/resource_index/parent_prefix_path/ur_msgs
[78.914s] -- Installing: /home/gcerioni/ws_ur16/install/ur_msgs/share/ur_msgs/environment/ament_prefix_path.sh
[78.914s] -- Installing: /home/gcerioni/ws_ur16/install/ur_msgs/share/ur_msgs/environment/ament_prefix_path.dsv
[78.914s] -- Installing: /home/gcerioni/ws_ur16/install/ur_msgs/share/ur_msgs/environment/path.sh
[78.915s] -- Installing: /home/gcerioni/ws_ur16/install/ur_msgs/share/ur_msgs/environment/path.dsv
[78.915s] -- Installing: /home/gcerioni/ws_ur16/install/ur_msgs/share/ur_msgs/local_setup.bash
[78.915s] -- Installing: /home/gcerioni/ws_ur16/install/ur_msgs/share/ur_msgs/local_setup.sh
[78.915s] -- Installing: /home/gcerioni/ws_ur16/install/ur_msgs/share/ur_msgs/local_setup.zsh
[78.915s] -- Installing: /home/gcerioni/ws_ur16/install/ur_msgs/share/ur_msgs/local_setup.dsv
[78.916s] -- Installing: /home/gcerioni/ws_ur16/install/ur_msgs/share/ur_msgs/package.dsv
[78.916s] -- Installing: /home/gcerioni/ws_ur16/install/ur_msgs/share/ament_index/resource_index/packages/ur_msgs
[78.916s] -- Installing: /home/gcerioni/ws_ur16/install/ur_msgs/share/ur_msgs/cmake/export_ur_msgs__rosidl_generator_cExport.cmake
[78.916s] -- Installing: /home/gcerioni/ws_ur16/install/ur_msgs/share/ur_msgs/cmake/export_ur_msgs__rosidl_generator_cExport-release.cmake
[78.916s] -- Installing: /home/gcerioni/ws_ur16/install/ur_msgs/share/ur_msgs/cmake/export_ur_msgs__rosidl_typesupport_fastrtps_cExport.cmake
[78.917s] -- Installing: /home/gcerioni/ws_ur16/install/ur_msgs/share/ur_msgs/cmake/export_ur_msgs__rosidl_typesupport_fastrtps_cExport-release.cmake
[78.917s] -- Installing: /home/gcerioni/ws_ur16/install/ur_msgs/share/ur_msgs/cmake/export_ur_msgs__rosidl_generator_cppExport.cmake
[78.917s] -- Installing: /home/gcerioni/ws_ur16/install/ur_msgs/share/ur_msgs/cmake/export_ur_msgs__rosidl_typesupport_fastrtps_cppExport.cmake
[78.917s] -- Installing: /home/gcerioni/ws_ur16/install/ur_msgs/share/ur_msgs/cmake/export_ur_msgs__rosidl_typesupport_fastrtps_cppExport-release.cmake
[78.918s] -- Installing: /home/gcerioni/ws_ur16/install/ur_msgs/share/ur_msgs/cmake/ur_msgs__rosidl_typesupport_introspection_cExport.cmake
[78.918s] -- Installing: /home/gcerioni/ws_ur16/install/ur_msgs/share/ur_msgs/cmake/ur_msgs__rosidl_typesupport_introspection_cExport-release.cmake
[78.918s] -- Installing: /home/gcerioni/ws_ur16/install/ur_msgs/share/ur_msgs/cmake/ur_msgs__rosidl_typesupport_cExport.cmake
[78.918s] -- Installing: /home/gcerioni/ws_ur16/install/ur_msgs/share/ur_msgs/cmake/ur_msgs__rosidl_typesupport_cExport-release.cmake
[78.918s] -- Installing: /home/gcerioni/ws_ur16/install/ur_msgs/share/ur_msgs/cmake/ur_msgs__rosidl_typesupport_introspection_cppExport.cmake
[78.919s] -- Installing: /home/gcerioni/ws_ur16/install/ur_msgs/share/ur_msgs/cmake/ur_msgs__rosidl_typesupport_introspection_cppExport-release.cmake
[78.919s] -- Installing: /home/gcerioni/ws_ur16/install/ur_msgs/share/ur_msgs/cmake/ur_msgs__rosidl_typesupport_cppExport.cmake
[78.919s] -- Installing: /home/gcerioni/ws_ur16/install/ur_msgs/share/ur_msgs/cmake/ur_msgs__rosidl_typesupport_cppExport-release.cmake
[78.919s] -- Installing: /home/gcerioni/ws_ur16/install/ur_msgs/share/ur_msgs/cmake/export_ur_msgs__rosidl_generator_pyExport.cmake
[78.919s] -- Installing: /home/gcerioni/ws_ur16/install/ur_msgs/share/ur_msgs/cmake/export_ur_msgs__rosidl_generator_pyExport-release.cmake
[78.920s] -- Installing: /home/gcerioni/ws_ur16/install/ur_msgs/share/ur_msgs/cmake/rosidl_cmake-extras.cmake
[78.920s] -- Installing: /home/gcerioni/ws_ur16/install/ur_msgs/share/ur_msgs/cmake/ament_cmake_export_dependencies-extras.cmake
[78.920s] -- Installing: /home/gcerioni/ws_ur16/install/ur_msgs/share/ur_msgs/cmake/ament_cmake_export_include_directories-extras.cmake
[78.920s] -- Installing: /home/gcerioni/ws_ur16/install/ur_msgs/share/ur_msgs/cmake/ament_cmake_export_libraries-extras.cmake
[78.920s] -- Installing: /home/gcerioni/ws_ur16/install/ur_msgs/share/ur_msgs/cmake/ament_cmake_export_targets-extras.cmake
[78.921s] -- Installing: /home/gcerioni/ws_ur16/install/ur_msgs/share/ur_msgs/cmake/rosidl_cmake_export_typesupport_targets-extras.cmake
[78.921s] -- Installing: /home/gcerioni/ws_ur16/install/ur_msgs/share/ur_msgs/cmake/rosidl_cmake_export_typesupport_libraries-extras.cmake
[78.921s] -- Installing: /home/gcerioni/ws_ur16/install/ur_msgs/share/ur_msgs/cmake/ur_msgsConfig.cmake
[78.921s] -- Installing: /home/gcerioni/ws_ur16/install/ur_msgs/share/ur_msgs/cmake/ur_msgsConfig-version.cmake
[78.921s] -- Installing: /home/gcerioni/ws_ur16/install/ur_msgs/share/ur_msgs/package.xml
[78.924s] Invoked command in '/home/gcerioni/ws_ur16/build/ur_msgs' returned '0': CMAKE_PREFIX_PATH=/opt/ros/humble /usr/bin/cmake --install /home/gcerioni/ws_ur16/build/ur_msgs
