[0.044s] Invoking command in '/home/gcerioni/ws_ur16/build/joint_state_broadcaster': AMENT_PREFIX_PATH=/home/gcerioni/ws_ur16/install/controller_manager:/home/gcerioni/ws_ur16/install/hardware_interface_testing:/home/gcerioni/ws_ur16/install/controller_interface:/home/gcerioni/ws_ur16/install/hardware_interface:/home/gcerioni/ws_ur16/install/ros2_control_test_assets:/home/gcerioni/ws_ur16/install/realtime_tools:/home/gcerioni/ws_ur16/install/controller_manager_msgs:/home/gcerioni/ws_ur16/install/control_msgs:${AMENT_PREFIX_PATH} CMAKE_PREFIX_PATH=/home/gcerioni/ws_ur16/install/controller_manager:/home/gcerioni/ws_ur16/install/hardware_interface_testing:/home/gcerioni/ws_ur16/install/controller_interface:/home/gcerioni/ws_ur16/install/hardware_interface:/home/gcerioni/ws_ur16/install/ros2_control_test_assets:/home/gcerioni/ws_ur16/install/realtime_tools:/home/gcerioni/ws_ur16/install/controller_manager_msgs:/home/gcerioni/ws_ur16/install/control_msgs:/opt/ros/humble LD_LIBRARY_PATH=/home/gcerioni/ws_ur16/install/controller_manager/lib:/home/gcerioni/ws_ur16/install/hardware_interface_testing/lib:/home/gcerioni/ws_ur16/install/controller_interface/lib:/home/gcerioni/ws_ur16/install/hardware_interface/lib:/home/gcerioni/ws_ur16/install/realtime_tools/lib:/home/gcerioni/ws_ur16/install/controller_manager_msgs/lib:/home/gcerioni/ws_ur16/install/control_msgs/lib:${LD_LIBRARY_PATH} PYTHONPATH=/home/gcerioni/ws_ur16/install/controller_manager/local/lib/python3.10/dist-packages:/home/gcerioni/ws_ur16/install/controller_manager_msgs/local/lib/python3.10/dist-packages:/home/gcerioni/ws_ur16/install/control_msgs/local/lib/python3.10/dist-packages:${PYTHONPATH} /usr/bin/cmake --build /home/gcerioni/ws_ur16/build/joint_state_broadcaster -- -j8 -l8
[0.132s] [35m[1mConsolidate compiler generated dependencies of target gmock[0m
[0.145s] [35m[1mConsolidate compiler generated dependencies of target gmock_main[0m
[0.154s] [ 15%] Built target joint_state_broadcaster_parameters
[0.195s] [35m[1mConsolidate compiler generated dependencies of target joint_state_broadcaster[0m
[0.200s] [ 38%] Built target gmock
[0.206s] [ 53%] Built target gmock_main
[0.240s] [ 69%] Built target joint_state_broadcaster
[0.290s] [35m[1mConsolidate compiler generated dependencies of target test_joint_state_broadcaster[0m
[0.304s] [35m[1mConsolidate compiler generated dependencies of target test_load_joint_state_broadcaster[0m
[0.349s] [ 84%] Built target test_joint_state_broadcaster
[0.375s] [100%] Built target test_load_joint_state_broadcaster
[0.400s] Invoked command in '/home/gcerioni/ws_ur16/build/joint_state_broadcaster' returned '0': AMENT_PREFIX_PATH=/home/gcerioni/ws_ur16/install/controller_manager:/home/gcerioni/ws_ur16/install/hardware_interface_testing:/home/gcerioni/ws_ur16/install/controller_interface:/home/gcerioni/ws_ur16/install/hardware_interface:/home/gcerioni/ws_ur16/install/ros2_control_test_assets:/home/gcerioni/ws_ur16/install/realtime_tools:/home/gcerioni/ws_ur16/install/controller_manager_msgs:/home/gcerioni/ws_ur16/install/control_msgs:${AMENT_PREFIX_PATH} CMAKE_PREFIX_PATH=/home/gcerioni/ws_ur16/install/controller_manager:/home/gcerioni/ws_ur16/install/hardware_interface_testing:/home/gcerioni/ws_ur16/install/controller_interface:/home/gcerioni/ws_ur16/install/hardware_interface:/home/gcerioni/ws_ur16/install/ros2_control_test_assets:/home/gcerioni/ws_ur16/install/realtime_tools:/home/gcerioni/ws_ur16/install/controller_manager_msgs:/home/gcerioni/ws_ur16/install/control_msgs:/opt/ros/humble LD_LIBRARY_PATH=/home/gcerioni/ws_ur16/install/controller_manager/lib:/home/gcerioni/ws_ur16/install/hardware_interface_testing/lib:/home/gcerioni/ws_ur16/install/controller_interface/lib:/home/gcerioni/ws_ur16/install/hardware_interface/lib:/home/gcerioni/ws_ur16/install/realtime_tools/lib:/home/gcerioni/ws_ur16/install/controller_manager_msgs/lib:/home/gcerioni/ws_ur16/install/control_msgs/lib:${LD_LIBRARY_PATH} PYTHONPATH=/home/gcerioni/ws_ur16/install/controller_manager/local/lib/python3.10/dist-packages:/home/gcerioni/ws_ur16/install/controller_manager_msgs/local/lib/python3.10/dist-packages:/home/gcerioni/ws_ur16/install/control_msgs/local/lib/python3.10/dist-packages:${PYTHONPATH} /usr/bin/cmake --build /home/gcerioni/ws_ur16/build/joint_state_broadcaster -- -j8 -l8
[0.400s] Invoking command in '/home/gcerioni/ws_ur16/build/joint_state_broadcaster': AMENT_PREFIX_PATH=/home/gcerioni/ws_ur16/install/controller_manager:/home/gcerioni/ws_ur16/install/hardware_interface_testing:/home/gcerioni/ws_ur16/install/controller_interface:/home/gcerioni/ws_ur16/install/hardware_interface:/home/gcerioni/ws_ur16/install/ros2_control_test_assets:/home/gcerioni/ws_ur16/install/realtime_tools:/home/gcerioni/ws_ur16/install/controller_manager_msgs:/home/gcerioni/ws_ur16/install/control_msgs:${AMENT_PREFIX_PATH} CMAKE_PREFIX_PATH=/home/gcerioni/ws_ur16/install/controller_manager:/home/gcerioni/ws_ur16/install/hardware_interface_testing:/home/gcerioni/ws_ur16/install/controller_interface:/home/gcerioni/ws_ur16/install/hardware_interface:/home/gcerioni/ws_ur16/install/ros2_control_test_assets:/home/gcerioni/ws_ur16/install/realtime_tools:/home/gcerioni/ws_ur16/install/controller_manager_msgs:/home/gcerioni/ws_ur16/install/control_msgs:/opt/ros/humble LD_LIBRARY_PATH=/home/gcerioni/ws_ur16/install/controller_manager/lib:/home/gcerioni/ws_ur16/install/hardware_interface_testing/lib:/home/gcerioni/ws_ur16/install/controller_interface/lib:/home/gcerioni/ws_ur16/install/hardware_interface/lib:/home/gcerioni/ws_ur16/install/realtime_tools/lib:/home/gcerioni/ws_ur16/install/controller_manager_msgs/lib:/home/gcerioni/ws_ur16/install/control_msgs/lib:${LD_LIBRARY_PATH} PYTHONPATH=/home/gcerioni/ws_ur16/install/controller_manager/local/lib/python3.10/dist-packages:/home/gcerioni/ws_ur16/install/controller_manager_msgs/local/lib/python3.10/dist-packages:/home/gcerioni/ws_ur16/install/control_msgs/local/lib/python3.10/dist-packages:${PYTHONPATH} /usr/bin/cmake --install /home/gcerioni/ws_ur16/build/joint_state_broadcaster
[0.432s] -- Install configuration: "Release"
[0.433s] -- Up-to-date: /home/gcerioni/ws_ur16/install/joint_state_broadcaster/include/joint_state_broadcaster
[0.433s] -- Up-to-date: /home/gcerioni/ws_ur16/install/joint_state_broadcaster/include/joint_state_broadcaster/joint_state_broadcaster_parameters.hpp
[0.433s] -- Up-to-date: /home/gcerioni/ws_ur16/install/joint_state_broadcaster/share/joint_state_broadcaster/joint_state_plugin.xml
[0.433s] -- Up-to-date: /home/gcerioni/ws_ur16/install/joint_state_broadcaster/include/joint_state_broadcaster
[0.433s] -- Up-to-date: /home/gcerioni/ws_ur16/install/joint_state_broadcaster/include/joint_state_broadcaster/joint_state_broadcaster
[0.433s] -- Up-to-date: /home/gcerioni/ws_ur16/install/joint_state_broadcaster/include/joint_state_broadcaster/joint_state_broadcaster/visibility_control.h
[0.433s] -- Up-to-date: /home/gcerioni/ws_ur16/install/joint_state_broadcaster/include/joint_state_broadcaster/joint_state_broadcaster/joint_state_broadcaster.hpp
[0.434s] -- Up-to-date: /home/gcerioni/ws_ur16/install/joint_state_broadcaster/lib/libjoint_state_broadcaster.so
[0.434s] -- Up-to-date: /home/gcerioni/ws_ur16/install/joint_state_broadcaster/share/joint_state_broadcaster/environment/library_path.sh
[0.434s] -- Up-to-date: /home/gcerioni/ws_ur16/install/joint_state_broadcaster/share/joint_state_broadcaster/environment/library_path.dsv
[0.435s] -- Up-to-date: /home/gcerioni/ws_ur16/install/joint_state_broadcaster/share/ament_index/resource_index/package_run_dependencies/joint_state_broadcaster
[0.435s] -- Up-to-date: /home/gcerioni/ws_ur16/install/joint_state_broadcaster/share/ament_index/resource_index/parent_prefix_path/joint_state_broadcaster
[0.435s] -- Up-to-date: /home/gcerioni/ws_ur16/install/joint_state_broadcaster/share/joint_state_broadcaster/environment/ament_prefix_path.sh
[0.435s] -- Up-to-date: /home/gcerioni/ws_ur16/install/joint_state_broadcaster/share/joint_state_broadcaster/environment/ament_prefix_path.dsv
[0.435s] -- Up-to-date: /home/gcerioni/ws_ur16/install/joint_state_broadcaster/share/joint_state_broadcaster/environment/path.sh
[0.435s] -- Up-to-date: /home/gcerioni/ws_ur16/install/joint_state_broadcaster/share/joint_state_broadcaster/environment/path.dsv
[0.435s] -- Up-to-date: /home/gcerioni/ws_ur16/install/joint_state_broadcaster/share/joint_state_broadcaster/local_setup.bash
[0.436s] -- Up-to-date: /home/gcerioni/ws_ur16/install/joint_state_broadcaster/share/joint_state_broadcaster/local_setup.sh
[0.436s] -- Up-to-date: /home/gcerioni/ws_ur16/install/joint_state_broadcaster/share/joint_state_broadcaster/local_setup.zsh
[0.436s] -- Up-to-date: /home/gcerioni/ws_ur16/install/joint_state_broadcaster/share/joint_state_broadcaster/local_setup.dsv
[0.436s] -- Installing: /home/gcerioni/ws_ur16/install/joint_state_broadcaster/share/joint_state_broadcaster/package.dsv
[0.436s] -- Up-to-date: /home/gcerioni/ws_ur16/install/joint_state_broadcaster/share/ament_index/resource_index/packages/joint_state_broadcaster
[0.436s] -- Up-to-date: /home/gcerioni/ws_ur16/install/joint_state_broadcaster/share/ament_index/resource_index/controller_interface__pluginlib__plugin/joint_state_broadcaster
[0.436s] -- Up-to-date: /home/gcerioni/ws_ur16/install/joint_state_broadcaster/share/joint_state_broadcaster/cmake/export_joint_state_broadcasterExport.cmake
[0.436s] -- Up-to-date: /home/gcerioni/ws_ur16/install/joint_state_broadcaster/share/joint_state_broadcaster/cmake/export_joint_state_broadcasterExport-release.cmake
[0.437s] -- Up-to-date: /home/gcerioni/ws_ur16/install/joint_state_broadcaster/share/joint_state_broadcaster/cmake/ament_cmake_export_dependencies-extras.cmake
[0.437s] -- Up-to-date: /home/gcerioni/ws_ur16/install/joint_state_broadcaster/share/joint_state_broadcaster/cmake/ament_cmake_export_targets-extras.cmake
[0.437s] -- Up-to-date: /home/gcerioni/ws_ur16/install/joint_state_broadcaster/share/joint_state_broadcaster/cmake/joint_state_broadcasterConfig.cmake
[0.437s] -- Up-to-date: /home/gcerioni/ws_ur16/install/joint_state_broadcaster/share/joint_state_broadcaster/cmake/joint_state_broadcasterConfig-version.cmake
[0.437s] -- Up-to-date: /home/gcerioni/ws_ur16/install/joint_state_broadcaster/share/joint_state_broadcaster/package.xml
[0.488s] Invoked command in '/home/gcerioni/ws_ur16/build/joint_state_broadcaster' returned '0': AMENT_PREFIX_PATH=/home/gcerioni/ws_ur16/install/controller_manager:/home/gcerioni/ws_ur16/install/hardware_interface_testing:/home/gcerioni/ws_ur16/install/controller_interface:/home/gcerioni/ws_ur16/install/hardware_interface:/home/gcerioni/ws_ur16/install/ros2_control_test_assets:/home/gcerioni/ws_ur16/install/realtime_tools:/home/gcerioni/ws_ur16/install/controller_manager_msgs:/home/gcerioni/ws_ur16/install/control_msgs:${AMENT_PREFIX_PATH} CMAKE_PREFIX_PATH=/home/gcerioni/ws_ur16/install/controller_manager:/home/gcerioni/ws_ur16/install/hardware_interface_testing:/home/gcerioni/ws_ur16/install/controller_interface:/home/gcerioni/ws_ur16/install/hardware_interface:/home/gcerioni/ws_ur16/install/ros2_control_test_assets:/home/gcerioni/ws_ur16/install/realtime_tools:/home/gcerioni/ws_ur16/install/controller_manager_msgs:/home/gcerioni/ws_ur16/install/control_msgs:/opt/ros/humble LD_LIBRARY_PATH=/home/gcerioni/ws_ur16/install/controller_manager/lib:/home/gcerioni/ws_ur16/install/hardware_interface_testing/lib:/home/gcerioni/ws_ur16/install/controller_interface/lib:/home/gcerioni/ws_ur16/install/hardware_interface/lib:/home/gcerioni/ws_ur16/install/realtime_tools/lib:/home/gcerioni/ws_ur16/install/controller_manager_msgs/lib:/home/gcerioni/ws_ur16/install/control_msgs/lib:${LD_LIBRARY_PATH} PYTHONPATH=/home/gcerioni/ws_ur16/install/controller_manager/local/lib/python3.10/dist-packages:/home/gcerioni/ws_ur16/install/controller_manager_msgs/local/lib/python3.10/dist-packages:/home/gcerioni/ws_ur16/install/control_msgs/local/lib/python3.10/dist-packages:${PYTHONPATH} /usr/bin/cmake --install /home/gcerioni/ws_ur16/build/joint_state_broadcaster
