[0.558s] Invoking command in '/home/gcerioni/ws_ur16/build/ackermann_steering_controller': AMENT_PREFIX_PATH=/home/gcerioni/ws_ur16/install/steering_controllers_library:/home/gcerioni/ws_ur16/install/controller_manager:/home/gcerioni/ws_ur16/install/hardware_interface_testing:/home/gcerioni/ws_ur16/install/controller_interface:/home/gcerioni/ws_ur16/install/hardware_interface:/home/gcerioni/ws_ur16/install/ros2_control_test_assets:/home/gcerioni/ws_ur16/install/realtime_tools:/home/gcerioni/ws_ur16/install/controller_manager_msgs:/home/gcerioni/ws_ur16/install/control_msgs:${AMENT_PREFIX_PATH} CMAKE_PREFIX_PATH=/home/gcerioni/ws_ur16/install/steering_controllers_library:/home/gcerioni/ws_ur16/install/controller_manager:/home/gcerioni/ws_ur16/install/hardware_interface_testing:/home/gcerioni/ws_ur16/install/controller_interface:/home/gcerioni/ws_ur16/install/hardware_interface:/home/gcerioni/ws_ur16/install/ros2_control_test_assets:/home/gcerioni/ws_ur16/install/realtime_tools:/home/gcerioni/ws_ur16/install/controller_manager_msgs:/home/gcerioni/ws_ur16/install/control_msgs:/opt/ros/humble LD_LIBRARY_PATH=/home/gcerioni/ws_ur16/install/steering_controllers_library/lib:/home/gcerioni/ws_ur16/install/controller_manager/lib:/home/gcerioni/ws_ur16/install/hardware_interface_testing/lib:/home/gcerioni/ws_ur16/install/controller_interface/lib:/home/gcerioni/ws_ur16/install/hardware_interface/lib:/home/gcerioni/ws_ur16/install/realtime_tools/lib:/home/gcerioni/ws_ur16/install/controller_manager_msgs/lib:/home/gcerioni/ws_ur16/install/control_msgs/lib:${LD_LIBRARY_PATH} PYTHONPATH=/home/gcerioni/ws_ur16/install/controller_manager/local/lib/python3.10/dist-packages:/home/gcerioni/ws_ur16/install/controller_manager_msgs/local/lib/python3.10/dist-packages:/home/gcerioni/ws_ur16/install/control_msgs/local/lib/python3.10/dist-packages:${PYTHONPATH} /usr/bin/cmake --build /home/gcerioni/ws_ur16/build/ackermann_steering_controller -- -j8 -l8
[0.676s] [35m[1mConsolidate compiler generated dependencies of target gmock[0m
[0.690s] [ 15%] Built target ackermann_steering_controller_parameters
[0.720s] [ 38%] Built target gmock
[0.727s] [35m[1mConsolidate compiler generated dependencies of target ackermann_steering_controller[0m
[0.767s] [35m[1mConsolidate compiler generated dependencies of target test_load_ackermann_steering_controller[0m
[0.810s] [ 53%] Built target ackermann_steering_controller
[0.841s] [ 69%] Built target test_load_ackermann_steering_controller
[0.852s] [35m[1mConsolidate compiler generated dependencies of target test_ackermann_steering_controller[0m
[0.858s] [35m[1mConsolidate compiler generated dependencies of target test_ackermann_steering_controller_preceeding[0m
[0.918s] [ 84%] Built target test_ackermann_steering_controller
[0.924s] [100%] Built target test_ackermann_steering_controller_preceeding
[1.163s] Invoked command in '/home/gcerioni/ws_ur16/build/ackermann_steering_controller' returned '0': AMENT_PREFIX_PATH=/home/gcerioni/ws_ur16/install/steering_controllers_library:/home/gcerioni/ws_ur16/install/controller_manager:/home/gcerioni/ws_ur16/install/hardware_interface_testing:/home/gcerioni/ws_ur16/install/controller_interface:/home/gcerioni/ws_ur16/install/hardware_interface:/home/gcerioni/ws_ur16/install/ros2_control_test_assets:/home/gcerioni/ws_ur16/install/realtime_tools:/home/gcerioni/ws_ur16/install/controller_manager_msgs:/home/gcerioni/ws_ur16/install/control_msgs:${AMENT_PREFIX_PATH} CMAKE_PREFIX_PATH=/home/gcerioni/ws_ur16/install/steering_controllers_library:/home/gcerioni/ws_ur16/install/controller_manager:/home/gcerioni/ws_ur16/install/hardware_interface_testing:/home/gcerioni/ws_ur16/install/controller_interface:/home/gcerioni/ws_ur16/install/hardware_interface:/home/gcerioni/ws_ur16/install/ros2_control_test_assets:/home/gcerioni/ws_ur16/install/realtime_tools:/home/gcerioni/ws_ur16/install/controller_manager_msgs:/home/gcerioni/ws_ur16/install/control_msgs:/opt/ros/humble LD_LIBRARY_PATH=/home/gcerioni/ws_ur16/install/steering_controllers_library/lib:/home/gcerioni/ws_ur16/install/controller_manager/lib:/home/gcerioni/ws_ur16/install/hardware_interface_testing/lib:/home/gcerioni/ws_ur16/install/controller_interface/lib:/home/gcerioni/ws_ur16/install/hardware_interface/lib:/home/gcerioni/ws_ur16/install/realtime_tools/lib:/home/gcerioni/ws_ur16/install/controller_manager_msgs/lib:/home/gcerioni/ws_ur16/install/control_msgs/lib:${LD_LIBRARY_PATH} PYTHONPATH=/home/gcerioni/ws_ur16/install/controller_manager/local/lib/python3.10/dist-packages:/home/gcerioni/ws_ur16/install/controller_manager_msgs/local/lib/python3.10/dist-packages:/home/gcerioni/ws_ur16/install/control_msgs/local/lib/python3.10/dist-packages:${PYTHONPATH} /usr/bin/cmake --build /home/gcerioni/ws_ur16/build/ackermann_steering_controller -- -j8 -l8
[1.164s] Invoking command in '/home/gcerioni/ws_ur16/build/ackermann_steering_controller': AMENT_PREFIX_PATH=/home/gcerioni/ws_ur16/install/steering_controllers_library:/home/gcerioni/ws_ur16/install/controller_manager:/home/gcerioni/ws_ur16/install/hardware_interface_testing:/home/gcerioni/ws_ur16/install/controller_interface:/home/gcerioni/ws_ur16/install/hardware_interface:/home/gcerioni/ws_ur16/install/ros2_control_test_assets:/home/gcerioni/ws_ur16/install/realtime_tools:/home/gcerioni/ws_ur16/install/controller_manager_msgs:/home/gcerioni/ws_ur16/install/control_msgs:${AMENT_PREFIX_PATH} CMAKE_PREFIX_PATH=/home/gcerioni/ws_ur16/install/steering_controllers_library:/home/gcerioni/ws_ur16/install/controller_manager:/home/gcerioni/ws_ur16/install/hardware_interface_testing:/home/gcerioni/ws_ur16/install/controller_interface:/home/gcerioni/ws_ur16/install/hardware_interface:/home/gcerioni/ws_ur16/install/ros2_control_test_assets:/home/gcerioni/ws_ur16/install/realtime_tools:/home/gcerioni/ws_ur16/install/controller_manager_msgs:/home/gcerioni/ws_ur16/install/control_msgs:/opt/ros/humble LD_LIBRARY_PATH=/home/gcerioni/ws_ur16/install/steering_controllers_library/lib:/home/gcerioni/ws_ur16/install/controller_manager/lib:/home/gcerioni/ws_ur16/install/hardware_interface_testing/lib:/home/gcerioni/ws_ur16/install/controller_interface/lib:/home/gcerioni/ws_ur16/install/hardware_interface/lib:/home/gcerioni/ws_ur16/install/realtime_tools/lib:/home/gcerioni/ws_ur16/install/controller_manager_msgs/lib:/home/gcerioni/ws_ur16/install/control_msgs/lib:${LD_LIBRARY_PATH} PYTHONPATH=/home/gcerioni/ws_ur16/install/controller_manager/local/lib/python3.10/dist-packages:/home/gcerioni/ws_ur16/install/controller_manager_msgs/local/lib/python3.10/dist-packages:/home/gcerioni/ws_ur16/install/control_msgs/local/lib/python3.10/dist-packages:${PYTHONPATH} /usr/bin/cmake --install /home/gcerioni/ws_ur16/build/ackermann_steering_controller
[1.202s] -- Install configuration: "Release"
[1.202s] -- Up-to-date: /home/gcerioni/ws_ur16/install/ackermann_steering_controller/include/ackermann_steering_controller
[1.203s] -- Up-to-date: /home/gcerioni/ws_ur16/install/ackermann_steering_controller/include/ackermann_steering_controller/ackermann_steering_controller_parameters.hpp
[1.204s] -- Up-to-date: /home/gcerioni/ws_ur16/install/ackermann_steering_controller/share/ackermann_steering_controller/ackermann_steering_controller.xml
[1.205s] -- Up-to-date: /home/gcerioni/ws_ur16/install/ackermann_steering_controller/include/ackermann_steering_controller
[1.205s] -- Up-to-date: /home/gcerioni/ws_ur16/install/ackermann_steering_controller/include/ackermann_steering_controller/ackermann_steering_controller
[1.205s] -- Up-to-date: /home/gcerioni/ws_ur16/install/ackermann_steering_controller/include/ackermann_steering_controller/ackermann_steering_controller/ackermann_steering_controller.hpp
[1.206s] -- Up-to-date: /home/gcerioni/ws_ur16/install/ackermann_steering_controller/include/ackermann_steering_controller/ackermann_steering_controller/visibility_control.h
[1.207s] -- Up-to-date: /home/gcerioni/ws_ur16/install/ackermann_steering_controller/lib/libackermann_steering_controller.so
[1.208s] -- Up-to-date: /home/gcerioni/ws_ur16/install/ackermann_steering_controller/share/ackermann_steering_controller/environment/library_path.sh
[1.208s] -- Up-to-date: /home/gcerioni/ws_ur16/install/ackermann_steering_controller/share/ackermann_steering_controller/environment/library_path.dsv
[1.208s] -- Up-to-date: /home/gcerioni/ws_ur16/install/ackermann_steering_controller/share/ament_index/resource_index/package_run_dependencies/ackermann_steering_controller
[1.208s] -- Up-to-date: /home/gcerioni/ws_ur16/install/ackermann_steering_controller/share/ament_index/resource_index/parent_prefix_path/ackermann_steering_controller
[1.208s] -- Up-to-date: /home/gcerioni/ws_ur16/install/ackermann_steering_controller/share/ackermann_steering_controller/environment/ament_prefix_path.sh
[1.208s] -- Up-to-date: /home/gcerioni/ws_ur16/install/ackermann_steering_controller/share/ackermann_steering_controller/environment/ament_prefix_path.dsv
[1.208s] -- Up-to-date: /home/gcerioni/ws_ur16/install/ackermann_steering_controller/share/ackermann_steering_controller/environment/path.sh
[1.208s] -- Up-to-date: /home/gcerioni/ws_ur16/install/ackermann_steering_controller/share/ackermann_steering_controller/environment/path.dsv
[1.208s] -- Up-to-date: /home/gcerioni/ws_ur16/install/ackermann_steering_controller/share/ackermann_steering_controller/local_setup.bash
[1.209s] -- Up-to-date: /home/gcerioni/ws_ur16/install/ackermann_steering_controller/share/ackermann_steering_controller/local_setup.sh
[1.209s] -- Up-to-date: /home/gcerioni/ws_ur16/install/ackermann_steering_controller/share/ackermann_steering_controller/local_setup.zsh
[1.209s] -- Up-to-date: /home/gcerioni/ws_ur16/install/ackermann_steering_controller/share/ackermann_steering_controller/local_setup.dsv
[1.209s] -- Installing: /home/gcerioni/ws_ur16/install/ackermann_steering_controller/share/ackermann_steering_controller/package.dsv
[1.209s] -- Up-to-date: /home/gcerioni/ws_ur16/install/ackermann_steering_controller/share/ament_index/resource_index/packages/ackermann_steering_controller
[1.209s] -- Up-to-date: /home/gcerioni/ws_ur16/install/ackermann_steering_controller/share/ament_index/resource_index/controller_interface__pluginlib__plugin/ackermann_steering_controller
[1.209s] -- Up-to-date: /home/gcerioni/ws_ur16/install/ackermann_steering_controller/share/ackermann_steering_controller/cmake/export_ackermann_steering_controllerExport.cmake
[1.210s] -- Up-to-date: /home/gcerioni/ws_ur16/install/ackermann_steering_controller/share/ackermann_steering_controller/cmake/export_ackermann_steering_controllerExport-release.cmake
[1.210s] -- Up-to-date: /home/gcerioni/ws_ur16/install/ackermann_steering_controller/share/ackermann_steering_controller/cmake/ament_cmake_export_dependencies-extras.cmake
[1.210s] -- Up-to-date: /home/gcerioni/ws_ur16/install/ackermann_steering_controller/share/ackermann_steering_controller/cmake/ament_cmake_export_targets-extras.cmake
[1.210s] -- Up-to-date: /home/gcerioni/ws_ur16/install/ackermann_steering_controller/share/ackermann_steering_controller/cmake/ackermann_steering_controllerConfig.cmake
[1.210s] -- Up-to-date: /home/gcerioni/ws_ur16/install/ackermann_steering_controller/share/ackermann_steering_controller/cmake/ackermann_steering_controllerConfig-version.cmake
[1.210s] -- Up-to-date: /home/gcerioni/ws_ur16/install/ackermann_steering_controller/share/ackermann_steering_controller/package.xml
[1.257s] Invoked command in '/home/gcerioni/ws_ur16/build/ackermann_steering_controller' returned '0': AMENT_PREFIX_PATH=/home/gcerioni/ws_ur16/install/steering_controllers_library:/home/gcerioni/ws_ur16/install/controller_manager:/home/gcerioni/ws_ur16/install/hardware_interface_testing:/home/gcerioni/ws_ur16/install/controller_interface:/home/gcerioni/ws_ur16/install/hardware_interface:/home/gcerioni/ws_ur16/install/ros2_control_test_assets:/home/gcerioni/ws_ur16/install/realtime_tools:/home/gcerioni/ws_ur16/install/controller_manager_msgs:/home/gcerioni/ws_ur16/install/control_msgs:${AMENT_PREFIX_PATH} CMAKE_PREFIX_PATH=/home/gcerioni/ws_ur16/install/steering_controllers_library:/home/gcerioni/ws_ur16/install/controller_manager:/home/gcerioni/ws_ur16/install/hardware_interface_testing:/home/gcerioni/ws_ur16/install/controller_interface:/home/gcerioni/ws_ur16/install/hardware_interface:/home/gcerioni/ws_ur16/install/ros2_control_test_assets:/home/gcerioni/ws_ur16/install/realtime_tools:/home/gcerioni/ws_ur16/install/controller_manager_msgs:/home/gcerioni/ws_ur16/install/control_msgs:/opt/ros/humble LD_LIBRARY_PATH=/home/gcerioni/ws_ur16/install/steering_controllers_library/lib:/home/gcerioni/ws_ur16/install/controller_manager/lib:/home/gcerioni/ws_ur16/install/hardware_interface_testing/lib:/home/gcerioni/ws_ur16/install/controller_interface/lib:/home/gcerioni/ws_ur16/install/hardware_interface/lib:/home/gcerioni/ws_ur16/install/realtime_tools/lib:/home/gcerioni/ws_ur16/install/controller_manager_msgs/lib:/home/gcerioni/ws_ur16/install/control_msgs/lib:${LD_LIBRARY_PATH} PYTHONPATH=/home/gcerioni/ws_ur16/install/controller_manager/local/lib/python3.10/dist-packages:/home/gcerioni/ws_ur16/install/controller_manager_msgs/local/lib/python3.10/dist-packages:/home/gcerioni/ws_ur16/install/control_msgs/local/lib/python3.10/dist-packages:${PYTHONPATH} /usr/bin/cmake --install /home/gcerioni/ws_ur16/build/ackermann_steering_controller
