[0.035s] Invoking command in '/home/gcerioni/ws_ur16/build/hardware_interface': AMENT_PREFIX_PATH=/home/gcerioni/ws_ur16/install/ros2_control_test_assets:/home/gcerioni/ws_ur16/install/control_msgs:${AMENT_PREFIX_PATH} CMAKE_PREFIX_PATH=/home/gcerioni/ws_ur16/install/ros2_control_test_assets:/home/gcerioni/ws_ur16/install/control_msgs:/opt/ros/humble LD_LIBRARY_PATH=/home/gcerioni/ws_ur16/install/control_msgs/lib:${LD_LIBRARY_PATH} PYTHONPATH=/home/gcerioni/ws_ur16/install/control_msgs/local/lib/python3.10/dist-packages:${PYTHONPATH} /usr/bin/cmake --build /home/gcerioni/ws_ur16/build/hardware_interface -- -j8 -l8
[0.377s] [35m[1mConsolidate compiler generated dependencies of target gmock_main[0m
[0.378s] [35m[1mConsolidate compiler generated dependencies of target gmock[0m
[0.378s] [  2%] Built target ament_generate_version_header__hardware_interface
[0.378s] [  8%] Built target gmock_main
[0.378s] [ 17%] Built target gmock
[0.378s] [35m[1mConsolidate compiler generated dependencies of target hardware_interface[0m
[0.379s] [35m[1mConsolidate compiler generated dependencies of target test_macros[0m
[0.379s] [ 22%] Built target test_macros
[0.379s] [ 42%] Built target hardware_interface
[0.379s] [35m[1mConsolidate compiler generated dependencies of target test_inst_hardwares[0m
[0.379s] [35m[1mConsolidate compiler generated dependencies of target mock_components[0m
[0.379s] [35m[1mConsolidate compiler generated dependencies of target test_joint_handle[0m
[0.379s] [35m[1mConsolidate compiler generated dependencies of target test_component_interfaces[0m
[0.379s] [35m[1mConsolidate compiler generated dependencies of target fake_components[0m
[0.379s] [35m[1mConsolidate compiler generated dependencies of target test_component_parser[0m
[0.380s] [35m[1mConsolidate compiler generated dependencies of target test_hardware_components[0m
[0.380s] [35m[1mConsolidate compiler generated dependencies of target test_generic_system[0m
[0.380s] [ 48%] Built target mock_components
[0.380s] [ 54%] Built target test_inst_hardwares
[0.380s] [ 60%] Built target test_component_interfaces
[0.380s] [ 65%] Built target test_component_parser
[0.380s] [ 74%] Built target fake_components
[0.380s] [ 80%] Built target test_joint_handle
[0.380s] [ 85%] Built target test_generic_system
[0.381s] [100%] Built target test_hardware_components
[0.400s] Invoked command in '/home/gcerioni/ws_ur16/build/hardware_interface' returned '0': AMENT_PREFIX_PATH=/home/gcerioni/ws_ur16/install/ros2_control_test_assets:/home/gcerioni/ws_ur16/install/control_msgs:${AMENT_PREFIX_PATH} CMAKE_PREFIX_PATH=/home/gcerioni/ws_ur16/install/ros2_control_test_assets:/home/gcerioni/ws_ur16/install/control_msgs:/opt/ros/humble LD_LIBRARY_PATH=/home/gcerioni/ws_ur16/install/control_msgs/lib:${LD_LIBRARY_PATH} PYTHONPATH=/home/gcerioni/ws_ur16/install/control_msgs/local/lib/python3.10/dist-packages:${PYTHONPATH} /usr/bin/cmake --build /home/gcerioni/ws_ur16/build/hardware_interface -- -j8 -l8
[0.406s] Invoking command in '/home/gcerioni/ws_ur16/build/hardware_interface': AMENT_PREFIX_PATH=/home/gcerioni/ws_ur16/install/ros2_control_test_assets:/home/gcerioni/ws_ur16/install/control_msgs:${AMENT_PREFIX_PATH} CMAKE_PREFIX_PATH=/home/gcerioni/ws_ur16/install/ros2_control_test_assets:/home/gcerioni/ws_ur16/install/control_msgs:/opt/ros/humble LD_LIBRARY_PATH=/home/gcerioni/ws_ur16/install/control_msgs/lib:${LD_LIBRARY_PATH} PYTHONPATH=/home/gcerioni/ws_ur16/install/control_msgs/local/lib/python3.10/dist-packages:${PYTHONPATH} /usr/bin/cmake --install /home/gcerioni/ws_ur16/build/hardware_interface
[0.420s] -- Install configuration: "Release"
[0.420s] -- Up-to-date: /home/gcerioni/ws_ur16/install/hardware_interface/share/hardware_interface/mock_components_plugin_description.xml
[0.420s] -- Up-to-date: /home/gcerioni/ws_ur16/install/hardware_interface/share/hardware_interface/fake_components_plugin_description.xml
[0.420s] -- Up-to-date: /home/gcerioni/ws_ur16/install/hardware_interface/include
[0.420s] -- Up-to-date: /home/gcerioni/ws_ur16/install/hardware_interface/include/hardware_interface
[0.420s] -- Up-to-date: /home/gcerioni/ws_ur16/install/hardware_interface/include/hardware_interface/loaned_command_interface.hpp
[0.421s] -- Up-to-date: /home/gcerioni/ws_ur16/install/hardware_interface/include/hardware_interface/handle.hpp
[0.421s] -- Up-to-date: /home/gcerioni/ws_ur16/install/hardware_interface/include/hardware_interface/system_interface.hpp
[0.421s] -- Up-to-date: /home/gcerioni/ws_ur16/install/hardware_interface/include/hardware_interface/visibility_control.h
[0.421s] -- Up-to-date: /home/gcerioni/ws_ur16/install/hardware_interface/include/hardware_interface/hardware_info.hpp
[0.421s] -- Up-to-date: /home/gcerioni/ws_ur16/install/hardware_interface/include/hardware_interface/lexical_casts.hpp
[0.421s] -- Up-to-date: /home/gcerioni/ws_ur16/install/hardware_interface/include/hardware_interface/hardware_component_info.hpp
[0.421s] -- Up-to-date: /home/gcerioni/ws_ur16/install/hardware_interface/include/hardware_interface/loaned_state_interface.hpp
[0.421s] -- Up-to-date: /home/gcerioni/ws_ur16/install/hardware_interface/include/hardware_interface/system.hpp
[0.421s] -- Up-to-date: /home/gcerioni/ws_ur16/install/hardware_interface/include/hardware_interface/actuator_interface.hpp
[0.421s] -- Up-to-date: /home/gcerioni/ws_ur16/install/hardware_interface/include/hardware_interface/sensor.hpp
[0.422s] -- Up-to-date: /home/gcerioni/ws_ur16/install/hardware_interface/include/hardware_interface/controller_info.hpp
[0.422s] -- Up-to-date: /home/gcerioni/ws_ur16/install/hardware_interface/include/hardware_interface/types
[0.422s] -- Up-to-date: /home/gcerioni/ws_ur16/install/hardware_interface/include/hardware_interface/types/hardware_interface_return_values.hpp
[0.423s] -- Up-to-date: /home/gcerioni/ws_ur16/install/hardware_interface/include/hardware_interface/types/hardware_interface_type_values.hpp
[0.423s] -- Up-to-date: /home/gcerioni/ws_ur16/install/hardware_interface/include/hardware_interface/types/lifecycle_state_names.hpp
[0.423s] -- Up-to-date: /home/gcerioni/ws_ur16/install/hardware_interface/include/hardware_interface/actuator.hpp
[0.424s] -- Up-to-date: /home/gcerioni/ws_ur16/install/hardware_interface/include/hardware_interface/sensor_interface.hpp
[0.424s] -- Up-to-date: /home/gcerioni/ws_ur16/install/hardware_interface/include/hardware_interface/macros.hpp
[0.424s] -- Up-to-date: /home/gcerioni/ws_ur16/install/hardware_interface/include/hardware_interface/resource_manager.hpp
[0.425s] -- Up-to-date: /home/gcerioni/ws_ur16/install/hardware_interface/include/hardware_interface/component_parser.hpp
[0.425s] -- Up-to-date: /home/gcerioni/ws_ur16/install/hardware_interface/include/fake_components
[0.425s] -- Up-to-date: /home/gcerioni/ws_ur16/install/hardware_interface/include/fake_components/visibility_control.h
[0.425s] -- Up-to-date: /home/gcerioni/ws_ur16/install/hardware_interface/include/fake_components/generic_system.hpp
[0.425s] -- Up-to-date: /home/gcerioni/ws_ur16/install/hardware_interface/include/mock_components
[0.425s] -- Up-to-date: /home/gcerioni/ws_ur16/install/hardware_interface/include/mock_components/visibility_control.h
[0.425s] -- Up-to-date: /home/gcerioni/ws_ur16/install/hardware_interface/include/mock_components/generic_system.hpp
[0.426s] -- Up-to-date: /home/gcerioni/ws_ur16/install/hardware_interface/lib/libfake_components.so
[0.426s] -- Up-to-date: /home/gcerioni/ws_ur16/install/hardware_interface/lib/libmock_components.so
[0.426s] -- Up-to-date: /home/gcerioni/ws_ur16/install/hardware_interface/lib/libhardware_interface.so
[0.426s] -- Up-to-date: /home/gcerioni/ws_ur16/install/hardware_interface/lib/libtest_hardware_components.so
[0.426s] -- Up-to-date: /home/gcerioni/ws_ur16/install/hardware_interface/share/hardware_interface/test/test_hardware_components/test_hardware_components.xml
[0.426s] -- Up-to-date: /home/gcerioni/ws_ur16/install/hardware_interface/share/hardware_interface/environment/library_path.sh
[0.426s] -- Up-to-date: /home/gcerioni/ws_ur16/install/hardware_interface/share/hardware_interface/environment/library_path.dsv
[0.426s] -- Up-to-date: /home/gcerioni/ws_ur16/install/hardware_interface/share/ament_index/resource_index/package_run_dependencies/hardware_interface
[0.427s] -- Up-to-date: /home/gcerioni/ws_ur16/install/hardware_interface/share/ament_index/resource_index/parent_prefix_path/hardware_interface
[0.427s] -- Up-to-date: /home/gcerioni/ws_ur16/install/hardware_interface/share/hardware_interface/environment/ament_prefix_path.sh
[0.427s] -- Up-to-date: /home/gcerioni/ws_ur16/install/hardware_interface/share/hardware_interface/environment/ament_prefix_path.dsv
[0.427s] -- Up-to-date: /home/gcerioni/ws_ur16/install/hardware_interface/share/hardware_interface/environment/path.sh
[0.427s] -- Up-to-date: /home/gcerioni/ws_ur16/install/hardware_interface/share/hardware_interface/environment/path.dsv
[0.427s] -- Up-to-date: /home/gcerioni/ws_ur16/install/hardware_interface/share/hardware_interface/local_setup.bash
[0.428s] -- Up-to-date: /home/gcerioni/ws_ur16/install/hardware_interface/share/hardware_interface/local_setup.sh
[0.428s] -- Up-to-date: /home/gcerioni/ws_ur16/install/hardware_interface/share/hardware_interface/local_setup.zsh
[0.428s] -- Up-to-date: /home/gcerioni/ws_ur16/install/hardware_interface/share/hardware_interface/local_setup.dsv
[0.428s] -- Installing: /home/gcerioni/ws_ur16/install/hardware_interface/share/hardware_interface/package.dsv
[0.428s] -- Up-to-date: /home/gcerioni/ws_ur16/install/hardware_interface/share/ament_index/resource_index/packages/hardware_interface
[0.429s] -- Up-to-date: /home/gcerioni/ws_ur16/install/hardware_interface/share/ament_index/resource_index/hardware_interface__pluginlib__plugin/hardware_interface
[0.429s] -- Up-to-date: /home/gcerioni/ws_ur16/install/hardware_interface/share/hardware_interface/cmake/ament_cmake_export_include_directories-extras.cmake
[0.429s] -- Up-to-date: /home/gcerioni/ws_ur16/install/hardware_interface/share/hardware_interface/cmake/ament_cmake_export_libraries-extras.cmake
[0.429s] -- Up-to-date: /home/gcerioni/ws_ur16/install/hardware_interface/share/hardware_interface/cmake/ament_cmake_export_dependencies-extras.cmake
[0.429s] -- Up-to-date: /home/gcerioni/ws_ur16/install/hardware_interface/share/hardware_interface/cmake/hardware_interfaceConfig.cmake
[0.429s] -- Up-to-date: /home/gcerioni/ws_ur16/install/hardware_interface/share/hardware_interface/cmake/hardware_interfaceConfig-version.cmake
[0.430s] -- Up-to-date: /home/gcerioni/ws_ur16/install/hardware_interface/share/hardware_interface/package.xml
[0.430s] -- Up-to-date: /home/gcerioni/ws_ur16/install/hardware_interface/include/hardware_interface/hardware_interface/version.h
[0.450s] Invoked command in '/home/gcerioni/ws_ur16/build/hardware_interface' returned '0': AMENT_PREFIX_PATH=/home/gcerioni/ws_ur16/install/ros2_control_test_assets:/home/gcerioni/ws_ur16/install/control_msgs:${AMENT_PREFIX_PATH} CMAKE_PREFIX_PATH=/home/gcerioni/ws_ur16/install/ros2_control_test_assets:/home/gcerioni/ws_ur16/install/control_msgs:/opt/ros/humble LD_LIBRARY_PATH=/home/gcerioni/ws_ur16/install/control_msgs/lib:${LD_LIBRARY_PATH} PYTHONPATH=/home/gcerioni/ws_ur16/install/control_msgs/local/lib/python3.10/dist-packages:${PYTHONPATH} /usr/bin/cmake --install /home/gcerioni/ws_ur16/build/hardware_interface
