[0.046s] Invoking command in '/home/gcerioni/ws_ur16/build/kinematics_interface': CMAKE_PREFIX_PATH=/opt/ros/humble /usr/bin/cmake /home/gcerioni/ws_ur16/src/kinematics_interface/kinematics_interface -DCMAKE_BUILD_TYPE=Release -DCMAKE_INSTALL_PREFIX=/home/gcerioni/ws_ur16/install/kinematics_interface
[0.290s] -- The CXX compiler identification is GNU 11.4.0
[0.324s] -- Detecting CXX compiler ABI info
[0.666s] -- Detecting CXX compiler ABI info - done
[0.708s] -- Check for working CXX compiler: /usr/bin/c++ - skipped
[0.709s] -- Detecting CXX compile features
[0.713s] -- Detecting CXX compile features - done
[0.722s] -- Found ament_cmake: 1.3.11 (/opt/ros/humble/share/ament_cmake/cmake)
[1.341s] -- Found Python3: /usr/bin/python3 (found version "3.10.12") found components: Interpreter 
[1.643s] -- Found rclcpp: 16.0.11 (/opt/ros/humble/share/rclcpp/cmake)
[1.792s] -- Found rosidl_generator_c: 3.1.6 (/opt/ros/humble/share/rosidl_generator_c/cmake)
[1.808s] -- Found rosidl_adapter: 3.1.6 (/opt/ros/humble/share/rosidl_adapter/cmake)
[1.849s] -- Found rosidl_generator_cpp: 3.1.6 (/opt/ros/humble/share/rosidl_generator_cpp/cmake)
[1.904s] -- Using all available rosidl_typesupport_c: rosidl_typesupport_fastrtps_c;rosidl_typesupport_introspection_c
[1.993s] -- Using all available rosidl_typesupport_cpp: rosidl_typesupport_fastrtps_cpp;rosidl_typesupport_introspection_cpp
[2.268s] -- Found rmw_implementation_cmake: 6.1.2 (/opt/ros/humble/share/rmw_implementation_cmake/cmake)
[2.280s] -- Found rmw_fastrtps_cpp: 6.2.7 (/opt/ros/humble/share/rmw_fastrtps_cpp/cmake)
[2.681s] -- Found OpenSSL: /usr/lib/x86_64-linux-gnu/libcrypto.so (found version "3.0.2")  
[2.728s] -- Found FastRTPS: /opt/ros/humble/include  
[2.837s] -- Using RMW implementation 'rmw_fastrtps_cpp' as default
[2.858s] -- Looking for C++ include pthread.h
[3.212s] -- Looking for C++ include pthread.h - found
[3.218s] -- Performing Test CMAKE_HAVE_LIBC_PTHREAD
[3.591s] -- Performing Test CMAKE_HAVE_LIBC_PTHREAD - Success
[3.591s] -- Found Threads: TRUE  
[3.904s] -- Found rclcpp_lifecycle: 16.0.11 (/opt/ros/humble/share/rclcpp_lifecycle/cmake)
[4.425s] -- Configuring done
[4.495s] -- Generating done
[4.511s] -- Build files have been written to: /home/gcerioni/ws_ur16/build/kinematics_interface
[4.585s] Invoked command in '/home/gcerioni/ws_ur16/build/kinematics_interface' returned '0': CMAKE_PREFIX_PATH=/opt/ros/humble /usr/bin/cmake /home/gcerioni/ws_ur16/src/kinematics_interface/kinematics_interface -DCMAKE_BUILD_TYPE=Release -DCMAKE_INSTALL_PREFIX=/home/gcerioni/ws_ur16/install/kinematics_interface
[4.585s] Invoking command in '/home/gcerioni/ws_ur16/build/kinematics_interface': CMAKE_PREFIX_PATH=/opt/ros/humble /usr/bin/cmake --build /home/gcerioni/ws_ur16/build/kinematics_interface -- -j8 -l8
[31.075s] [ 50%] [32mBuilding CXX object CMakeFiles/kinematics_interface.dir/src/kinematics_interface.cpp.o[0m
[31.075s] [100%] [32m[1mLinking CXX shared library libkinematics_interface.so[0m
[31.075s] [100%] Built target kinematics_interface
[31.082s] Invoked command in '/home/gcerioni/ws_ur16/build/kinematics_interface' returned '0': CMAKE_PREFIX_PATH=/opt/ros/humble /usr/bin/cmake --build /home/gcerioni/ws_ur16/build/kinematics_interface -- -j8 -l8
[31.083s] Invoking command in '/home/gcerioni/ws_ur16/build/kinematics_interface': CMAKE_PREFIX_PATH=/opt/ros/humble /usr/bin/cmake --install /home/gcerioni/ws_ur16/build/kinematics_interface
[45.539s] -- Install configuration: "Release"
[45.539s] -- Installing: /home/gcerioni/ws_ur16/install/kinematics_interface/include/kinematics_interface
[45.540s] -- Installing: /home/gcerioni/ws_ur16/install/kinematics_interface/include/kinematics_interface/kinematics_interface
[45.540s] -- Installing: /home/gcerioni/ws_ur16/install/kinematics_interface/include/kinematics_interface/kinematics_interface/visibility_control.h
[45.540s] -- Installing: /home/gcerioni/ws_ur16/install/kinematics_interface/include/kinematics_interface/kinematics_interface/kinematics_interface.hpp
[45.540s] -- Installing: /home/gcerioni/ws_ur16/install/kinematics_interface/lib/libkinematics_interface.so
[45.540s] -- Set runtime path of "/home/gcerioni/ws_ur16/install/kinematics_interface/lib/libkinematics_interface.so" to ""
[45.540s] -- Installing: /home/gcerioni/ws_ur16/install/kinematics_interface/share/kinematics_interface/environment/library_path.sh
[45.540s] -- Installing: /home/gcerioni/ws_ur16/install/kinematics_interface/share/kinematics_interface/environment/library_path.dsv
[45.540s] -- Installing: /home/gcerioni/ws_ur16/install/kinematics_interface/share/ament_index/resource_index/package_run_dependencies/kinematics_interface
[45.541s] -- Installing: /home/gcerioni/ws_ur16/install/kinematics_interface/share/ament_index/resource_index/parent_prefix_path/kinematics_interface
[45.541s] -- Installing: /home/gcerioni/ws_ur16/install/kinematics_interface/share/kinematics_interface/environment/ament_prefix_path.sh
[45.541s] -- Installing: /home/gcerioni/ws_ur16/install/kinematics_interface/share/kinematics_interface/environment/ament_prefix_path.dsv
[45.541s] -- Installing: /home/gcerioni/ws_ur16/install/kinematics_interface/share/kinematics_interface/environment/path.sh
[45.541s] -- Installing: /home/gcerioni/ws_ur16/install/kinematics_interface/share/kinematics_interface/environment/path.dsv
[45.541s] -- Installing: /home/gcerioni/ws_ur16/install/kinematics_interface/share/kinematics_interface/local_setup.bash
[45.541s] -- Installing: /home/gcerioni/ws_ur16/install/kinematics_interface/share/kinematics_interface/local_setup.sh
[45.541s] -- Installing: /home/gcerioni/ws_ur16/install/kinematics_interface/share/kinematics_interface/local_setup.zsh
[45.542s] -- Installing: /home/gcerioni/ws_ur16/install/kinematics_interface/share/kinematics_interface/local_setup.dsv
[45.542s] -- Installing: /home/gcerioni/ws_ur16/install/kinematics_interface/share/kinematics_interface/package.dsv
[45.542s] -- Installing: /home/gcerioni/ws_ur16/install/kinematics_interface/share/ament_index/resource_index/packages/kinematics_interface
[45.542s] -- Installing: /home/gcerioni/ws_ur16/install/kinematics_interface/share/kinematics_interface/cmake/export_kinematics_interfaceExport.cmake
[45.542s] -- Installing: /home/gcerioni/ws_ur16/install/kinematics_interface/share/kinematics_interface/cmake/export_kinematics_interfaceExport-release.cmake
[45.542s] -- Installing: /home/gcerioni/ws_ur16/install/kinematics_interface/share/kinematics_interface/cmake/ament_cmake_export_targets-extras.cmake
[45.542s] -- Installing: /home/gcerioni/ws_ur16/install/kinematics_interface/share/kinematics_interface/cmake/ament_cmake_export_dependencies-extras.cmake
[45.542s] -- Installing: /home/gcerioni/ws_ur16/install/kinematics_interface/share/kinematics_interface/cmake/kinematics_interfaceConfig.cmake
[45.542s] -- Installing: /home/gcerioni/ws_ur16/install/kinematics_interface/share/kinematics_interface/cmake/kinematics_interfaceConfig-version.cmake
[45.543s] -- Installing: /home/gcerioni/ws_ur16/install/kinematics_interface/share/kinematics_interface/package.xml
[45.589s] Invoked command in '/home/gcerioni/ws_ur16/build/kinematics_interface' returned '0': CMAKE_PREFIX_PATH=/opt/ros/humble /usr/bin/cmake --install /home/gcerioni/ws_ur16/build/kinematics_interface
