[0.054s] Invoking command in '/home/gcerioni/ws_ur16/build/controller_manager': CMAKE_PREFIX_PATH=/home/gcerioni/ws_ur16/install/hardware_interface_testing:/home/gcerioni/ws_ur16/install/controller_interface:/home/gcerioni/ws_ur16/install/hardware_interface:/home/gcerioni/ws_ur16/install/ros2_control_test_assets:/home/gcerioni/ws_ur16/install/realtime_tools:/home/gcerioni/ws_ur16/install/controller_manager_msgs:/home/gcerioni/ws_ur16/install/control_msgs:/home/gcerioni/ws_ur16/install/ros2_controllers:/home/gcerioni/ws_ur16/install/velocity_controllers:/home/gcerioni/ws_ur16/install/ur_msgs:/home/gcerioni/ws_ur16/install/ur_moveit_config:/home/gcerioni/ws_ur16/install/ur_description:/home/gcerioni/ws_ur16/install/ur_dashboard_msgs:/home/gcerioni/ws_ur16/install/ur_client_library:/home/gcerioni/ws_ur16/install/tricycle_steering_controller:/home/gcerioni/ws_ur16/install/tricycle_controller:/home/gcerioni/ws_ur16/install/ros2_control:/home/gcerioni/ws_ur16/install/transmission_interface:/home/gcerioni/ws_ur16/install/bicycle_steering_controller:/home/gcerioni/ws_ur16/install/ackermann_steering_controller:/home/gcerioni/ws_ur16/install/steering_controllers_library:/home/gcerioni/ws_ur16/install/controller_manager:/home/gcerioni/ws_ur16/install/range_sensor_broadcaster:/home/gcerioni/ws_ur16/install/position_controllers:/home/gcerioni/ws_ur16/install/pose_broadcaster:/home/gcerioni/ws_ur16/install/pid_controller:/home/gcerioni/ws_ur16/install/mecanum_drive_controller:/home/gcerioni/ws_ur16/install/joint_trajectory_controller:/home/gcerioni/ws_ur16/install/joint_state_broadcaster:/home/gcerioni/ws_ur16/install/imu_sensor_broadcaster:/home/gcerioni/ws_ur16/install/gripper_controllers:/home/gcerioni/ws_ur16/install/gpio_controllers:/home/gcerioni/ws_ur16/install/effort_controllers:/home/gcerioni/ws_ur16/install/forward_command_controller:/home/gcerioni/ws_ur16/install/force_torque_sensor_broadcaster:/home/gcerioni/ws_ur16/install/diff_drive_controller:/home/gcerioni/ws_ur16/install/admittance_controller:/home/gcerioni/ws_ur16/install/control_toolbox:/home/gcerioni/ws_ur16/install/kinematics_interface_kdl:/home/gcerioni/ws_ur16/install/kinematics_interface:/home/gcerioni/ws_ur16/install/joint_limits:/home/gcerioni/ws_ur16/install/rqt_joint_trajectory_controller:/home/gcerioni/ws_ur16/install/rqt_controller_manager:/home/gcerioni/ws_ur16/install/ros2controlcli:/home/gcerioni/ws_ur16/install/ros2_controllers_test_nodes:/opt/ros/humble LD_LIBRARY_PATH=/home/gcerioni/ws_ur16/install/hardware_interface_testing/lib:/home/gcerioni/ws_ur16/install/controller_interface/lib:/home/gcerioni/ws_ur16/install/hardware_interface/lib:/home/gcerioni/ws_ur16/install/realtime_tools/lib:/home/gcerioni/ws_ur16/install/controller_manager_msgs/lib:/home/gcerioni/ws_ur16/install/control_msgs/lib:/home/gcerioni/ws_ur16/install/velocity_controllers/lib:/home/gcerioni/ws_ur16/install/ur_msgs/lib:/home/gcerioni/ws_ur16/install/ur_dashboard_msgs/lib:/home/gcerioni/ws_ur16/install/ur_client_library/lib:/home/gcerioni/ws_ur16/install/tricycle_steering_controller/lib:/home/gcerioni/ws_ur16/install/tricycle_controller/lib:/home/gcerioni/ws_ur16/install/transmission_interface/lib:/home/gcerioni/ws_ur16/install/bicycle_steering_controller/lib:/home/gcerioni/ws_ur16/install/ackermann_steering_controller/lib:/home/gcerioni/ws_ur16/install/steering_controllers_library/lib:/home/gcerioni/ws_ur16/install/controller_manager/lib:/home/gcerioni/ws_ur16/install/range_sensor_broadcaster/lib:/home/gcerioni/ws_ur16/install/position_controllers/lib:/home/gcerioni/ws_ur16/install/pose_broadcaster/lib:/home/gcerioni/ws_ur16/install/pid_controller/lib:/home/gcerioni/ws_ur16/install/mecanum_drive_controller/lib:/home/gcerioni/ws_ur16/install/joint_trajectory_controller/lib:/home/gcerioni/ws_ur16/install/joint_state_broadcaster/lib:/home/gcerioni/ws_ur16/install/imu_sensor_broadcaster/lib:/home/gcerioni/ws_ur16/install/gripper_controllers/lib:/home/gcerioni/ws_ur16/install/gpio_controllers/lib:/home/gcerioni/ws_ur16/install/effort_controllers/lib:/home/gcerioni/ws_ur16/install/forward_command_controller/lib:/home/gcerioni/ws_ur16/install/force_torque_sensor_broadcaster/lib:/home/gcerioni/ws_ur16/install/diff_drive_controller/lib:/home/gcerioni/ws_ur16/install/admittance_controller/lib:/home/gcerioni/ws_ur16/install/control_toolbox/lib:/home/gcerioni/ws_ur16/install/kinematics_interface_kdl/lib:/home/gcerioni/ws_ur16/install/kinematics_interface/lib:/home/gcerioni/ws_ur16/install/joint_limits/lib:/opt/ros/humble/opt/rviz_ogre_vendor/lib:/opt/ros/humble/lib/x86_64-linux-gnu:/opt/ros/humble/lib /usr/bin/cmake --build /home/gcerioni/ws_ur16/build/controller_manager -- -j8 -l8
[0.168s] [  7%] Built target gmock
[0.173s] [ 10%] Built target ament_generate_version_header__controller_manager
[0.177s] [ 15%] Built target gmock_main
[0.189s] [ 15%] Built target ament_cmake_python_copy_controller_manager_setup
[0.200s] [ 15%] Built target ament_cmake_python_copy_controller_manager
[0.234s] [ 21%] Built target controller_manager
[0.348s] [ 26%] Built target test_controller_failed_init
[0.356s] [ 36%] Built target test_controller_manager_urdf_passing
[0.356s] [ 31%] Built target ros2_control_node
[0.356s] [ 42%] Built target test_controller
[0.373s] [ 47%] Built target test_controller_with_interfaces
[0.378s] [ 52%] Built target test_chainable_controller
[0.463s] [ 57%] Built target test_controller_manager_with_namespace.cpp
[0.471s] [ 63%] Built target test_spawner_unspawner
[0.478s] [ 68%] Built target test_controller_manager
[0.490s] [ 73%] Built target test_hardware_management_srvs
[0.492s] [ 78%] Built target test_load_controller
[0.494s] [ 84%] Built target test_hardware_spawner
[0.542s] [ 89%] Built target test_release_interfaces
[0.542s] [ 94%] Built target test_controllers_chaining_with_controller_manager
[0.547s] [100%] Built target test_controller_manager_srvs
[0.707s] running egg_info
[0.711s] writing controller_manager.egg-info/PKG-INFO
[0.711s] writing dependency_links to controller_manager.egg-info/dependency_links.txt
[0.711s] writing entry points to controller_manager.egg-info/entry_points.txt
[0.716s] writing top-level names to controller_manager.egg-info/top_level.txt
[0.717s] reading manifest file 'controller_manager.egg-info/SOURCES.txt'
[0.717s] writing manifest file 'controller_manager.egg-info/SOURCES.txt'
[0.777s] running install_scripts
[0.782s] /usr/lib/python3/dist-packages/setuptools/command/install.py:34: SetuptoolsDeprecationWarning: setup.py install is deprecated. Use build and pip and other standards-based tools.
[0.783s]   warnings.warn(
[0.791s] [100%] Built target ament_cmake_python_build_controller_manager_egg
[0.830s] running egg_info
[0.832s] writing controller_manager.egg-info/PKG-INFO
[0.833s] writing dependency_links to controller_manager.egg-info/dependency_links.txt
[0.833s] writing entry points to controller_manager.egg-info/entry_points.txt
[0.833s] writing top-level names to controller_manager.egg-info/top_level.txt
[0.837s] reading manifest file 'controller_manager.egg-info/SOURCES.txt'
[0.838s] writing manifest file 'controller_manager.egg-info/SOURCES.txt'
[0.841s] Installing hardware_spawner script to scripts
[0.841s] Installing spawner script to scripts
[0.841s] Installing unspawner script to scripts
[0.913s] [100%] Built target ament_cmake_python_build_controller_manager_scripts
[0.940s] Invoked command in '/home/gcerioni/ws_ur16/build/controller_manager' returned '0': CMAKE_PREFIX_PATH=/home/gcerioni/ws_ur16/install/hardware_interface_testing:/home/gcerioni/ws_ur16/install/controller_interface:/home/gcerioni/ws_ur16/install/hardware_interface:/home/gcerioni/ws_ur16/install/ros2_control_test_assets:/home/gcerioni/ws_ur16/install/realtime_tools:/home/gcerioni/ws_ur16/install/controller_manager_msgs:/home/gcerioni/ws_ur16/install/control_msgs:/home/gcerioni/ws_ur16/install/ros2_controllers:/home/gcerioni/ws_ur16/install/velocity_controllers:/home/gcerioni/ws_ur16/install/ur_msgs:/home/gcerioni/ws_ur16/install/ur_moveit_config:/home/gcerioni/ws_ur16/install/ur_description:/home/gcerioni/ws_ur16/install/ur_dashboard_msgs:/home/gcerioni/ws_ur16/install/ur_client_library:/home/gcerioni/ws_ur16/install/tricycle_steering_controller:/home/gcerioni/ws_ur16/install/tricycle_controller:/home/gcerioni/ws_ur16/install/ros2_control:/home/gcerioni/ws_ur16/install/transmission_interface:/home/gcerioni/ws_ur16/install/bicycle_steering_controller:/home/gcerioni/ws_ur16/install/ackermann_steering_controller:/home/gcerioni/ws_ur16/install/steering_controllers_library:/home/gcerioni/ws_ur16/install/controller_manager:/home/gcerioni/ws_ur16/install/range_sensor_broadcaster:/home/gcerioni/ws_ur16/install/position_controllers:/home/gcerioni/ws_ur16/install/pose_broadcaster:/home/gcerioni/ws_ur16/install/pid_controller:/home/gcerioni/ws_ur16/install/mecanum_drive_controller:/home/gcerioni/ws_ur16/install/joint_trajectory_controller:/home/gcerioni/ws_ur16/install/joint_state_broadcaster:/home/gcerioni/ws_ur16/install/imu_sensor_broadcaster:/home/gcerioni/ws_ur16/install/gripper_controllers:/home/gcerioni/ws_ur16/install/gpio_controllers:/home/gcerioni/ws_ur16/install/effort_controllers:/home/gcerioni/ws_ur16/install/forward_command_controller:/home/gcerioni/ws_ur16/install/force_torque_sensor_broadcaster:/home/gcerioni/ws_ur16/install/diff_drive_controller:/home/gcerioni/ws_ur16/install/admittance_controller:/home/gcerioni/ws_ur16/install/control_toolbox:/home/gcerioni/ws_ur16/install/kinematics_interface_kdl:/home/gcerioni/ws_ur16/install/kinematics_interface:/home/gcerioni/ws_ur16/install/joint_limits:/home/gcerioni/ws_ur16/install/rqt_joint_trajectory_controller:/home/gcerioni/ws_ur16/install/rqt_controller_manager:/home/gcerioni/ws_ur16/install/ros2controlcli:/home/gcerioni/ws_ur16/install/ros2_controllers_test_nodes:/opt/ros/humble LD_LIBRARY_PATH=/home/gcerioni/ws_ur16/install/hardware_interface_testing/lib:/home/gcerioni/ws_ur16/install/controller_interface/lib:/home/gcerioni/ws_ur16/install/hardware_interface/lib:/home/gcerioni/ws_ur16/install/realtime_tools/lib:/home/gcerioni/ws_ur16/install/controller_manager_msgs/lib:/home/gcerioni/ws_ur16/install/control_msgs/lib:/home/gcerioni/ws_ur16/install/velocity_controllers/lib:/home/gcerioni/ws_ur16/install/ur_msgs/lib:/home/gcerioni/ws_ur16/install/ur_dashboard_msgs/lib:/home/gcerioni/ws_ur16/install/ur_client_library/lib:/home/gcerioni/ws_ur16/install/tricycle_steering_controller/lib:/home/gcerioni/ws_ur16/install/tricycle_controller/lib:/home/gcerioni/ws_ur16/install/transmission_interface/lib:/home/gcerioni/ws_ur16/install/bicycle_steering_controller/lib:/home/gcerioni/ws_ur16/install/ackermann_steering_controller/lib:/home/gcerioni/ws_ur16/install/steering_controllers_library/lib:/home/gcerioni/ws_ur16/install/controller_manager/lib:/home/gcerioni/ws_ur16/install/range_sensor_broadcaster/lib:/home/gcerioni/ws_ur16/install/position_controllers/lib:/home/gcerioni/ws_ur16/install/pose_broadcaster/lib:/home/gcerioni/ws_ur16/install/pid_controller/lib:/home/gcerioni/ws_ur16/install/mecanum_drive_controller/lib:/home/gcerioni/ws_ur16/install/joint_trajectory_controller/lib:/home/gcerioni/ws_ur16/install/joint_state_broadcaster/lib:/home/gcerioni/ws_ur16/install/imu_sensor_broadcaster/lib:/home/gcerioni/ws_ur16/install/gripper_controllers/lib:/home/gcerioni/ws_ur16/install/gpio_controllers/lib:/home/gcerioni/ws_ur16/install/effort_controllers/lib:/home/gcerioni/ws_ur16/install/forward_command_controller/lib:/home/gcerioni/ws_ur16/install/force_torque_sensor_broadcaster/lib:/home/gcerioni/ws_ur16/install/diff_drive_controller/lib:/home/gcerioni/ws_ur16/install/admittance_controller/lib:/home/gcerioni/ws_ur16/install/control_toolbox/lib:/home/gcerioni/ws_ur16/install/kinematics_interface_kdl/lib:/home/gcerioni/ws_ur16/install/kinematics_interface/lib:/home/gcerioni/ws_ur16/install/joint_limits/lib:/opt/ros/humble/opt/rviz_ogre_vendor/lib:/opt/ros/humble/lib/x86_64-linux-gnu:/opt/ros/humble/lib /usr/bin/cmake --build /home/gcerioni/ws_ur16/build/controller_manager -- -j8 -l8
[0.943s] Invoking command in '/home/gcerioni/ws_ur16/build/controller_manager': CMAKE_PREFIX_PATH=/home/gcerioni/ws_ur16/install/hardware_interface_testing:/home/gcerioni/ws_ur16/install/controller_interface:/home/gcerioni/ws_ur16/install/hardware_interface:/home/gcerioni/ws_ur16/install/ros2_control_test_assets:/home/gcerioni/ws_ur16/install/realtime_tools:/home/gcerioni/ws_ur16/install/controller_manager_msgs:/home/gcerioni/ws_ur16/install/control_msgs:/home/gcerioni/ws_ur16/install/ros2_controllers:/home/gcerioni/ws_ur16/install/velocity_controllers:/home/gcerioni/ws_ur16/install/ur_msgs:/home/gcerioni/ws_ur16/install/ur_moveit_config:/home/gcerioni/ws_ur16/install/ur_description:/home/gcerioni/ws_ur16/install/ur_dashboard_msgs:/home/gcerioni/ws_ur16/install/ur_client_library:/home/gcerioni/ws_ur16/install/tricycle_steering_controller:/home/gcerioni/ws_ur16/install/tricycle_controller:/home/gcerioni/ws_ur16/install/ros2_control:/home/gcerioni/ws_ur16/install/transmission_interface:/home/gcerioni/ws_ur16/install/bicycle_steering_controller:/home/gcerioni/ws_ur16/install/ackermann_steering_controller:/home/gcerioni/ws_ur16/install/steering_controllers_library:/home/gcerioni/ws_ur16/install/controller_manager:/home/gcerioni/ws_ur16/install/range_sensor_broadcaster:/home/gcerioni/ws_ur16/install/position_controllers:/home/gcerioni/ws_ur16/install/pose_broadcaster:/home/gcerioni/ws_ur16/install/pid_controller:/home/gcerioni/ws_ur16/install/mecanum_drive_controller:/home/gcerioni/ws_ur16/install/joint_trajectory_controller:/home/gcerioni/ws_ur16/install/joint_state_broadcaster:/home/gcerioni/ws_ur16/install/imu_sensor_broadcaster:/home/gcerioni/ws_ur16/install/gripper_controllers:/home/gcerioni/ws_ur16/install/gpio_controllers:/home/gcerioni/ws_ur16/install/effort_controllers:/home/gcerioni/ws_ur16/install/forward_command_controller:/home/gcerioni/ws_ur16/install/force_torque_sensor_broadcaster:/home/gcerioni/ws_ur16/install/diff_drive_controller:/home/gcerioni/ws_ur16/install/admittance_controller:/home/gcerioni/ws_ur16/install/control_toolbox:/home/gcerioni/ws_ur16/install/kinematics_interface_kdl:/home/gcerioni/ws_ur16/install/kinematics_interface:/home/gcerioni/ws_ur16/install/joint_limits:/home/gcerioni/ws_ur16/install/rqt_joint_trajectory_controller:/home/gcerioni/ws_ur16/install/rqt_controller_manager:/home/gcerioni/ws_ur16/install/ros2controlcli:/home/gcerioni/ws_ur16/install/ros2_controllers_test_nodes:/opt/ros/humble LD_LIBRARY_PATH=/home/gcerioni/ws_ur16/install/hardware_interface_testing/lib:/home/gcerioni/ws_ur16/install/controller_interface/lib:/home/gcerioni/ws_ur16/install/hardware_interface/lib:/home/gcerioni/ws_ur16/install/realtime_tools/lib:/home/gcerioni/ws_ur16/install/controller_manager_msgs/lib:/home/gcerioni/ws_ur16/install/control_msgs/lib:/home/gcerioni/ws_ur16/install/velocity_controllers/lib:/home/gcerioni/ws_ur16/install/ur_msgs/lib:/home/gcerioni/ws_ur16/install/ur_dashboard_msgs/lib:/home/gcerioni/ws_ur16/install/ur_client_library/lib:/home/gcerioni/ws_ur16/install/tricycle_steering_controller/lib:/home/gcerioni/ws_ur16/install/tricycle_controller/lib:/home/gcerioni/ws_ur16/install/transmission_interface/lib:/home/gcerioni/ws_ur16/install/bicycle_steering_controller/lib:/home/gcerioni/ws_ur16/install/ackermann_steering_controller/lib:/home/gcerioni/ws_ur16/install/steering_controllers_library/lib:/home/gcerioni/ws_ur16/install/controller_manager/lib:/home/gcerioni/ws_ur16/install/range_sensor_broadcaster/lib:/home/gcerioni/ws_ur16/install/position_controllers/lib:/home/gcerioni/ws_ur16/install/pose_broadcaster/lib:/home/gcerioni/ws_ur16/install/pid_controller/lib:/home/gcerioni/ws_ur16/install/mecanum_drive_controller/lib:/home/gcerioni/ws_ur16/install/joint_trajectory_controller/lib:/home/gcerioni/ws_ur16/install/joint_state_broadcaster/lib:/home/gcerioni/ws_ur16/install/imu_sensor_broadcaster/lib:/home/gcerioni/ws_ur16/install/gripper_controllers/lib:/home/gcerioni/ws_ur16/install/gpio_controllers/lib:/home/gcerioni/ws_ur16/install/effort_controllers/lib:/home/gcerioni/ws_ur16/install/forward_command_controller/lib:/home/gcerioni/ws_ur16/install/force_torque_sensor_broadcaster/lib:/home/gcerioni/ws_ur16/install/diff_drive_controller/lib:/home/gcerioni/ws_ur16/install/admittance_controller/lib:/home/gcerioni/ws_ur16/install/control_toolbox/lib:/home/gcerioni/ws_ur16/install/kinematics_interface_kdl/lib:/home/gcerioni/ws_ur16/install/kinematics_interface/lib:/home/gcerioni/ws_ur16/install/joint_limits/lib:/opt/ros/humble/opt/rviz_ogre_vendor/lib:/opt/ros/humble/lib/x86_64-linux-gnu:/opt/ros/humble/lib /usr/bin/cmake --install /home/gcerioni/ws_ur16/build/controller_manager
[0.963s] -- Install configuration: "Release"
[0.963s] -- Up-to-date: /home/gcerioni/ws_ur16/install/controller_manager/lib/libcontroller_manager.so
[0.964s] -- Up-to-date: /home/gcerioni/ws_ur16/install/controller_manager/lib/controller_manager/ros2_control_node
[0.964s] -- Up-to-date: /home/gcerioni/ws_ur16/install/controller_manager/include
[0.964s] -- Up-to-date: /home/gcerioni/ws_ur16/install/controller_manager/include/controller_manager
[0.965s] -- Up-to-date: /home/gcerioni/ws_ur16/install/controller_manager/include/controller_manager/controller_spec.hpp
[0.965s] -- Up-to-date: /home/gcerioni/ws_ur16/install/controller_manager/include/controller_manager/visibility_control.h
[0.966s] -- Up-to-date: /home/gcerioni/ws_ur16/install/controller_manager/include/controller_manager/controller_manager.hpp
[0.966s] -- Up-to-date: /home/gcerioni/ws_ur16/install/controller_manager/share/controller_manager/test/test_controller/test_controller.xml
[0.966s] -- Up-to-date: /home/gcerioni/ws_ur16/install/controller_manager/lib/libtest_controller.so
[0.967s] -- Up-to-date: /home/gcerioni/ws_ur16/install/controller_manager/share/controller_manager/test/test_controller_failed_init/test_controller_failed_init.xml
[0.967s] -- Up-to-date: /home/gcerioni/ws_ur16/install/controller_manager/lib/libtest_controller_failed_init.so
[0.967s] -- Up-to-date: /home/gcerioni/ws_ur16/install/controller_manager/share/controller_manager/test/test_chainable_controller/test_chainable_controller.xml
[0.968s] -- Up-to-date: /home/gcerioni/ws_ur16/install/controller_manager/lib/libtest_chainable_controller.so
[0.969s] -- Up-to-date: /home/gcerioni/ws_ur16/install/controller_manager/share/controller_manager/test/test_controller_with_interfaces/test_controller_with_interfaces.xml
[0.969s] -- Up-to-date: /home/gcerioni/ws_ur16/install/controller_manager/lib/libtest_controller_with_interfaces.so
[0.970s] -- Up-to-date: /home/gcerioni/ws_ur16/install/controller_manager/test/test_controller_spawner_with_type.yaml
[0.970s] -- Up-to-date: /home/gcerioni/ws_ur16/install/controller_manager/test/test_controller_spawner_with_basic_controllers.yaml
[0.970s] -- Up-to-date: /home/gcerioni/ws_ur16/install/controller_manager/test/test_controller_overriding_parameters.yaml
[0.970s] -- Up-to-date: /home/gcerioni/ws_ur16/install/controller_manager/test/test_controller_spawner_wildcard_entries.yaml
[0.970s] -- Up-to-date: /home/gcerioni/ws_ur16/install/controller_manager/test/test_controller_spawner_with_interfaces.yaml
[0.971s] -- Up-to-date: /home/gcerioni/ws_ur16/install/controller_manager/test/test_ros2_control_node.yaml
[0.971s] -- Up-to-date: /home/gcerioni/ws_ur16/install/controller_manager/share/controller_manager/environment/pythonpath.sh
[0.971s] -- Up-to-date: /home/gcerioni/ws_ur16/install/controller_manager/share/controller_manager/environment/pythonpath.dsv
[0.971s] -- Up-to-date: /home/gcerioni/ws_ur16/install/controller_manager/local/lib/python3.10/dist-packages/controller_manager-2.48.0-py3.10.egg-info
[0.971s] -- Installing: /home/gcerioni/ws_ur16/install/controller_manager/local/lib/python3.10/dist-packages/controller_manager-2.48.0-py3.10.egg-info/entry_points.txt
[0.971s] -- Installing: /home/gcerioni/ws_ur16/install/controller_manager/local/lib/python3.10/dist-packages/controller_manager-2.48.0-py3.10.egg-info/top_level.txt
[0.971s] -- Installing: /home/gcerioni/ws_ur16/install/controller_manager/local/lib/python3.10/dist-packages/controller_manager-2.48.0-py3.10.egg-info/SOURCES.txt
[0.972s] -- Installing: /home/gcerioni/ws_ur16/install/controller_manager/local/lib/python3.10/dist-packages/controller_manager-2.48.0-py3.10.egg-info/dependency_links.txt
[0.972s] -- Installing: /home/gcerioni/ws_ur16/install/controller_manager/local/lib/python3.10/dist-packages/controller_manager-2.48.0-py3.10.egg-info/PKG-INFO
[0.973s] -- Up-to-date: /home/gcerioni/ws_ur16/install/controller_manager/lib/controller_manager/
[0.973s] -- Installing: /home/gcerioni/ws_ur16/install/controller_manager/lib/controller_manager//unspawner
[0.973s] -- Installing: /home/gcerioni/ws_ur16/install/controller_manager/lib/controller_manager//spawner
[0.973s] -- Installing: /home/gcerioni/ws_ur16/install/controller_manager/lib/controller_manager//hardware_spawner
[0.973s] -- Up-to-date: /home/gcerioni/ws_ur16/install/controller_manager/local/lib/python3.10/dist-packages/controller_manager
[0.973s] -- Up-to-date: /home/gcerioni/ws_ur16/install/controller_manager/local/lib/python3.10/dist-packages/controller_manager/launch_utils.py
[0.973s] -- Up-to-date: /home/gcerioni/ws_ur16/install/controller_manager/local/lib/python3.10/dist-packages/controller_manager/controller_manager_services.py
[0.973s] -- Up-to-date: /home/gcerioni/ws_ur16/install/controller_manager/local/lib/python3.10/dist-packages/controller_manager/unspawner.py
[0.974s] -- Up-to-date: /home/gcerioni/ws_ur16/install/controller_manager/local/lib/python3.10/dist-packages/controller_manager/spawner.py
[0.974s] -- Up-to-date: /home/gcerioni/ws_ur16/install/controller_manager/local/lib/python3.10/dist-packages/controller_manager/hardware_spawner.py
[0.974s] -- Up-to-date: /home/gcerioni/ws_ur16/install/controller_manager/local/lib/python3.10/dist-packages/controller_manager/__init__.py
[0.974s] -- Up-to-date: /home/gcerioni/ws_ur16/install/controller_manager/local/lib/python3.10/dist-packages/controller_manager/test_utils.py
[1.084s] Listing '/home/gcerioni/ws_ur16/install/controller_manager/local/lib/python3.10/dist-packages/controller_manager'...
[1.104s] -- Up-to-date: /home/gcerioni/ws_ur16/install/controller_manager/share/controller_manager/environment/library_path.sh
[1.105s] -- Up-to-date: /home/gcerioni/ws_ur16/install/controller_manager/share/controller_manager/environment/library_path.dsv
[1.106s] -- Up-to-date: /home/gcerioni/ws_ur16/install/controller_manager/share/ament_index/resource_index/package_run_dependencies/controller_manager
[1.108s] -- Up-to-date: /home/gcerioni/ws_ur16/install/controller_manager/share/ament_index/resource_index/parent_prefix_path/controller_manager
[1.108s] -- Up-to-date: /home/gcerioni/ws_ur16/install/controller_manager/share/controller_manager/environment/ament_prefix_path.sh
[1.108s] -- Up-to-date: /home/gcerioni/ws_ur16/install/controller_manager/share/controller_manager/environment/ament_prefix_path.dsv
[1.109s] -- Up-to-date: /home/gcerioni/ws_ur16/install/controller_manager/share/controller_manager/environment/path.sh
[1.109s] -- Up-to-date: /home/gcerioni/ws_ur16/install/controller_manager/share/controller_manager/environment/path.dsv
[1.109s] -- Up-to-date: /home/gcerioni/ws_ur16/install/controller_manager/share/controller_manager/local_setup.bash
[1.110s] -- Up-to-date: /home/gcerioni/ws_ur16/install/controller_manager/share/controller_manager/local_setup.sh
[1.110s] -- Up-to-date: /home/gcerioni/ws_ur16/install/controller_manager/share/controller_manager/local_setup.zsh
[1.110s] -- Up-to-date: /home/gcerioni/ws_ur16/install/controller_manager/share/controller_manager/local_setup.dsv
[1.111s] -- Installing: /home/gcerioni/ws_ur16/install/controller_manager/share/controller_manager/package.dsv
[1.113s] -- Up-to-date: /home/gcerioni/ws_ur16/install/controller_manager/share/ament_index/resource_index/packages/controller_manager
[1.117s] -- Up-to-date: /home/gcerioni/ws_ur16/install/controller_manager/share/ament_index/resource_index/controller_interface__pluginlib__plugin/controller_manager
[1.118s] -- Up-to-date: /home/gcerioni/ws_ur16/install/controller_manager/share/controller_manager/cmake/ament_cmake_export_libraries-extras.cmake
[1.118s] -- Up-to-date: /home/gcerioni/ws_ur16/install/controller_manager/share/controller_manager/cmake/ament_cmake_export_include_directories-extras.cmake
[1.119s] -- Up-to-date: /home/gcerioni/ws_ur16/install/controller_manager/share/controller_manager/cmake/ament_cmake_export_dependencies-extras.cmake
[1.119s] -- Up-to-date: /home/gcerioni/ws_ur16/install/controller_manager/share/controller_manager/cmake/controller_managerConfig.cmake
[1.119s] -- Up-to-date: /home/gcerioni/ws_ur16/install/controller_manager/share/controller_manager/cmake/controller_managerConfig-version.cmake
[1.120s] -- Up-to-date: /home/gcerioni/ws_ur16/install/controller_manager/share/controller_manager/package.xml
[1.121s] -- Up-to-date: /home/gcerioni/ws_ur16/install/controller_manager/include/controller_manager/controller_manager/version.h
[1.138s] Invoked command in '/home/gcerioni/ws_ur16/build/controller_manager' returned '0': CMAKE_PREFIX_PATH=/home/gcerioni/ws_ur16/install/hardware_interface_testing:/home/gcerioni/ws_ur16/install/controller_interface:/home/gcerioni/ws_ur16/install/hardware_interface:/home/gcerioni/ws_ur16/install/ros2_control_test_assets:/home/gcerioni/ws_ur16/install/realtime_tools:/home/gcerioni/ws_ur16/install/controller_manager_msgs:/home/gcerioni/ws_ur16/install/control_msgs:/home/gcerioni/ws_ur16/install/ros2_controllers:/home/gcerioni/ws_ur16/install/velocity_controllers:/home/gcerioni/ws_ur16/install/ur_msgs:/home/gcerioni/ws_ur16/install/ur_moveit_config:/home/gcerioni/ws_ur16/install/ur_description:/home/gcerioni/ws_ur16/install/ur_dashboard_msgs:/home/gcerioni/ws_ur16/install/ur_client_library:/home/gcerioni/ws_ur16/install/tricycle_steering_controller:/home/gcerioni/ws_ur16/install/tricycle_controller:/home/gcerioni/ws_ur16/install/ros2_control:/home/gcerioni/ws_ur16/install/transmission_interface:/home/gcerioni/ws_ur16/install/bicycle_steering_controller:/home/gcerioni/ws_ur16/install/ackermann_steering_controller:/home/gcerioni/ws_ur16/install/steering_controllers_library:/home/gcerioni/ws_ur16/install/controller_manager:/home/gcerioni/ws_ur16/install/range_sensor_broadcaster:/home/gcerioni/ws_ur16/install/position_controllers:/home/gcerioni/ws_ur16/install/pose_broadcaster:/home/gcerioni/ws_ur16/install/pid_controller:/home/gcerioni/ws_ur16/install/mecanum_drive_controller:/home/gcerioni/ws_ur16/install/joint_trajectory_controller:/home/gcerioni/ws_ur16/install/joint_state_broadcaster:/home/gcerioni/ws_ur16/install/imu_sensor_broadcaster:/home/gcerioni/ws_ur16/install/gripper_controllers:/home/gcerioni/ws_ur16/install/gpio_controllers:/home/gcerioni/ws_ur16/install/effort_controllers:/home/gcerioni/ws_ur16/install/forward_command_controller:/home/gcerioni/ws_ur16/install/force_torque_sensor_broadcaster:/home/gcerioni/ws_ur16/install/diff_drive_controller:/home/gcerioni/ws_ur16/install/admittance_controller:/home/gcerioni/ws_ur16/install/control_toolbox:/home/gcerioni/ws_ur16/install/kinematics_interface_kdl:/home/gcerioni/ws_ur16/install/kinematics_interface:/home/gcerioni/ws_ur16/install/joint_limits:/home/gcerioni/ws_ur16/install/rqt_joint_trajectory_controller:/home/gcerioni/ws_ur16/install/rqt_controller_manager:/home/gcerioni/ws_ur16/install/ros2controlcli:/home/gcerioni/ws_ur16/install/ros2_controllers_test_nodes:/opt/ros/humble LD_LIBRARY_PATH=/home/gcerioni/ws_ur16/install/hardware_interface_testing/lib:/home/gcerioni/ws_ur16/install/controller_interface/lib:/home/gcerioni/ws_ur16/install/hardware_interface/lib:/home/gcerioni/ws_ur16/install/realtime_tools/lib:/home/gcerioni/ws_ur16/install/controller_manager_msgs/lib:/home/gcerioni/ws_ur16/install/control_msgs/lib:/home/gcerioni/ws_ur16/install/velocity_controllers/lib:/home/gcerioni/ws_ur16/install/ur_msgs/lib:/home/gcerioni/ws_ur16/install/ur_dashboard_msgs/lib:/home/gcerioni/ws_ur16/install/ur_client_library/lib:/home/gcerioni/ws_ur16/install/tricycle_steering_controller/lib:/home/gcerioni/ws_ur16/install/tricycle_controller/lib:/home/gcerioni/ws_ur16/install/transmission_interface/lib:/home/gcerioni/ws_ur16/install/bicycle_steering_controller/lib:/home/gcerioni/ws_ur16/install/ackermann_steering_controller/lib:/home/gcerioni/ws_ur16/install/steering_controllers_library/lib:/home/gcerioni/ws_ur16/install/controller_manager/lib:/home/gcerioni/ws_ur16/install/range_sensor_broadcaster/lib:/home/gcerioni/ws_ur16/install/position_controllers/lib:/home/gcerioni/ws_ur16/install/pose_broadcaster/lib:/home/gcerioni/ws_ur16/install/pid_controller/lib:/home/gcerioni/ws_ur16/install/mecanum_drive_controller/lib:/home/gcerioni/ws_ur16/install/joint_trajectory_controller/lib:/home/gcerioni/ws_ur16/install/joint_state_broadcaster/lib:/home/gcerioni/ws_ur16/install/imu_sensor_broadcaster/lib:/home/gcerioni/ws_ur16/install/gripper_controllers/lib:/home/gcerioni/ws_ur16/install/gpio_controllers/lib:/home/gcerioni/ws_ur16/install/effort_controllers/lib:/home/gcerioni/ws_ur16/install/forward_command_controller/lib:/home/gcerioni/ws_ur16/install/force_torque_sensor_broadcaster/lib:/home/gcerioni/ws_ur16/install/diff_drive_controller/lib:/home/gcerioni/ws_ur16/install/admittance_controller/lib:/home/gcerioni/ws_ur16/install/control_toolbox/lib:/home/gcerioni/ws_ur16/install/kinematics_interface_kdl/lib:/home/gcerioni/ws_ur16/install/kinematics_interface/lib:/home/gcerioni/ws_ur16/install/joint_limits/lib:/opt/ros/humble/opt/rviz_ogre_vendor/lib:/opt/ros/humble/lib/x86_64-linux-gnu:/opt/ros/humble/lib /usr/bin/cmake --install /home/gcerioni/ws_ur16/build/controller_manager
