[0.100s] Invoking command in '/home/gcerioni/ws_ur16/build/effort_controllers': AMENT_PREFIX_PATH=/home/gcerioni/ws_ur16/install/forward_command_controller:/home/gcerioni/ws_ur16/install/controller_manager:/home/gcerioni/ws_ur16/install/hardware_interface_testing:/home/gcerioni/ws_ur16/install/controller_interface:/home/gcerioni/ws_ur16/install/hardware_interface:/home/gcerioni/ws_ur16/install/ros2_control_test_assets:/home/gcerioni/ws_ur16/install/realtime_tools:/home/gcerioni/ws_ur16/install/controller_manager_msgs:/home/gcerioni/ws_ur16/install/control_msgs:${AMENT_PREFIX_PATH} CMAKE_PREFIX_PATH=/home/gcerioni/ws_ur16/install/forward_command_controller:/home/gcerioni/ws_ur16/install/controller_manager:/home/gcerioni/ws_ur16/install/hardware_interface_testing:/home/gcerioni/ws_ur16/install/controller_interface:/home/gcerioni/ws_ur16/install/hardware_interface:/home/gcerioni/ws_ur16/install/ros2_control_test_assets:/home/gcerioni/ws_ur16/install/realtime_tools:/home/gcerioni/ws_ur16/install/controller_manager_msgs:/home/gcerioni/ws_ur16/install/control_msgs:/opt/ros/humble LD_LIBRARY_PATH=/home/gcerioni/ws_ur16/install/forward_command_controller/lib:/home/gcerioni/ws_ur16/install/controller_manager/lib:/home/gcerioni/ws_ur16/install/hardware_interface_testing/lib:/home/gcerioni/ws_ur16/install/controller_interface/lib:/home/gcerioni/ws_ur16/install/hardware_interface/lib:/home/gcerioni/ws_ur16/install/realtime_tools/lib:/home/gcerioni/ws_ur16/install/controller_manager_msgs/lib:/home/gcerioni/ws_ur16/install/control_msgs/lib:${LD_LIBRARY_PATH} PYTHONPATH=/home/gcerioni/ws_ur16/install/controller_manager/local/lib/python3.10/dist-packages:/home/gcerioni/ws_ur16/install/controller_manager_msgs/local/lib/python3.10/dist-packages:/home/gcerioni/ws_ur16/install/control_msgs/local/lib/python3.10/dist-packages:${PYTHONPATH} /usr/bin/cmake --build /home/gcerioni/ws_ur16/build/effort_controllers -- -j8 -l8
[0.248s] [35m[1mConsolidate compiler generated dependencies of target effort_controllers[0m
[0.252s] [35m[1mConsolidate compiler generated dependencies of target gmock_main[0m
[0.275s] [35m[1mConsolidate compiler generated dependencies of target gmock[0m
[0.295s] [ 18%] Built target effort_controllers
[0.298s] [ 36%] Built target gmock_main
[0.330s] [ 63%] Built target gmock
[0.363s] [35m[1mConsolidate compiler generated dependencies of target test_load_joint_group_effort_controller[0m
[0.366s] [35m[1mConsolidate compiler generated dependencies of target test_joint_group_effort_controller[0m
[0.420s] [100%] Built target test_load_joint_group_effort_controller
[0.420s] [100%] Built target test_joint_group_effort_controller
[0.651s] Invoked command in '/home/gcerioni/ws_ur16/build/effort_controllers' returned '0': AMENT_PREFIX_PATH=/home/gcerioni/ws_ur16/install/forward_command_controller:/home/gcerioni/ws_ur16/install/controller_manager:/home/gcerioni/ws_ur16/install/hardware_interface_testing:/home/gcerioni/ws_ur16/install/controller_interface:/home/gcerioni/ws_ur16/install/hardware_interface:/home/gcerioni/ws_ur16/install/ros2_control_test_assets:/home/gcerioni/ws_ur16/install/realtime_tools:/home/gcerioni/ws_ur16/install/controller_manager_msgs:/home/gcerioni/ws_ur16/install/control_msgs:${AMENT_PREFIX_PATH} CMAKE_PREFIX_PATH=/home/gcerioni/ws_ur16/install/forward_command_controller:/home/gcerioni/ws_ur16/install/controller_manager:/home/gcerioni/ws_ur16/install/hardware_interface_testing:/home/gcerioni/ws_ur16/install/controller_interface:/home/gcerioni/ws_ur16/install/hardware_interface:/home/gcerioni/ws_ur16/install/ros2_control_test_assets:/home/gcerioni/ws_ur16/install/realtime_tools:/home/gcerioni/ws_ur16/install/controller_manager_msgs:/home/gcerioni/ws_ur16/install/control_msgs:/opt/ros/humble LD_LIBRARY_PATH=/home/gcerioni/ws_ur16/install/forward_command_controller/lib:/home/gcerioni/ws_ur16/install/controller_manager/lib:/home/gcerioni/ws_ur16/install/hardware_interface_testing/lib:/home/gcerioni/ws_ur16/install/controller_interface/lib:/home/gcerioni/ws_ur16/install/hardware_interface/lib:/home/gcerioni/ws_ur16/install/realtime_tools/lib:/home/gcerioni/ws_ur16/install/controller_manager_msgs/lib:/home/gcerioni/ws_ur16/install/control_msgs/lib:${LD_LIBRARY_PATH} PYTHONPATH=/home/gcerioni/ws_ur16/install/controller_manager/local/lib/python3.10/dist-packages:/home/gcerioni/ws_ur16/install/controller_manager_msgs/local/lib/python3.10/dist-packages:/home/gcerioni/ws_ur16/install/control_msgs/local/lib/python3.10/dist-packages:${PYTHONPATH} /usr/bin/cmake --build /home/gcerioni/ws_ur16/build/effort_controllers -- -j8 -l8
[0.651s] Invoking command in '/home/gcerioni/ws_ur16/build/effort_controllers': AMENT_PREFIX_PATH=/home/gcerioni/ws_ur16/install/forward_command_controller:/home/gcerioni/ws_ur16/install/controller_manager:/home/gcerioni/ws_ur16/install/hardware_interface_testing:/home/gcerioni/ws_ur16/install/controller_interface:/home/gcerioni/ws_ur16/install/hardware_interface:/home/gcerioni/ws_ur16/install/ros2_control_test_assets:/home/gcerioni/ws_ur16/install/realtime_tools:/home/gcerioni/ws_ur16/install/controller_manager_msgs:/home/gcerioni/ws_ur16/install/control_msgs:${AMENT_PREFIX_PATH} CMAKE_PREFIX_PATH=/home/gcerioni/ws_ur16/install/forward_command_controller:/home/gcerioni/ws_ur16/install/controller_manager:/home/gcerioni/ws_ur16/install/hardware_interface_testing:/home/gcerioni/ws_ur16/install/controller_interface:/home/gcerioni/ws_ur16/install/hardware_interface:/home/gcerioni/ws_ur16/install/ros2_control_test_assets:/home/gcerioni/ws_ur16/install/realtime_tools:/home/gcerioni/ws_ur16/install/controller_manager_msgs:/home/gcerioni/ws_ur16/install/control_msgs:/opt/ros/humble LD_LIBRARY_PATH=/home/gcerioni/ws_ur16/install/forward_command_controller/lib:/home/gcerioni/ws_ur16/install/controller_manager/lib:/home/gcerioni/ws_ur16/install/hardware_interface_testing/lib:/home/gcerioni/ws_ur16/install/controller_interface/lib:/home/gcerioni/ws_ur16/install/hardware_interface/lib:/home/gcerioni/ws_ur16/install/realtime_tools/lib:/home/gcerioni/ws_ur16/install/controller_manager_msgs/lib:/home/gcerioni/ws_ur16/install/control_msgs/lib:${LD_LIBRARY_PATH} PYTHONPATH=/home/gcerioni/ws_ur16/install/controller_manager/local/lib/python3.10/dist-packages:/home/gcerioni/ws_ur16/install/controller_manager_msgs/local/lib/python3.10/dist-packages:/home/gcerioni/ws_ur16/install/control_msgs/local/lib/python3.10/dist-packages:${PYTHONPATH} /usr/bin/cmake --install /home/gcerioni/ws_ur16/build/effort_controllers
[0.684s] -- Install configuration: "Release"
[0.684s] -- Up-to-date: /home/gcerioni/ws_ur16/install/effort_controllers/share/effort_controllers/effort_controllers_plugins.xml
[0.684s] -- Up-to-date: /home/gcerioni/ws_ur16/install/effort_controllers/include/effort_controllers
[0.684s] -- Up-to-date: /home/gcerioni/ws_ur16/install/effort_controllers/include/effort_controllers/effort_controllers
[0.684s] -- Up-to-date: /home/gcerioni/ws_ur16/install/effort_controllers/include/effort_controllers/effort_controllers/visibility_control.h
[0.685s] -- Up-to-date: /home/gcerioni/ws_ur16/install/effort_controllers/include/effort_controllers/effort_controllers/joint_group_effort_controller.hpp
[0.685s] -- Up-to-date: /home/gcerioni/ws_ur16/install/effort_controllers/lib/libeffort_controllers.so
[0.685s] -- Up-to-date: /home/gcerioni/ws_ur16/install/effort_controllers/share/effort_controllers/environment/library_path.sh
[0.685s] -- Up-to-date: /home/gcerioni/ws_ur16/install/effort_controllers/share/effort_controllers/environment/library_path.dsv
[0.685s] -- Up-to-date: /home/gcerioni/ws_ur16/install/effort_controllers/share/ament_index/resource_index/package_run_dependencies/effort_controllers
[0.685s] -- Up-to-date: /home/gcerioni/ws_ur16/install/effort_controllers/share/ament_index/resource_index/parent_prefix_path/effort_controllers
[0.685s] -- Up-to-date: /home/gcerioni/ws_ur16/install/effort_controllers/share/effort_controllers/environment/ament_prefix_path.sh
[0.685s] -- Up-to-date: /home/gcerioni/ws_ur16/install/effort_controllers/share/effort_controllers/environment/ament_prefix_path.dsv
[0.685s] -- Up-to-date: /home/gcerioni/ws_ur16/install/effort_controllers/share/effort_controllers/environment/path.sh
[0.685s] -- Up-to-date: /home/gcerioni/ws_ur16/install/effort_controllers/share/effort_controllers/environment/path.dsv
[0.686s] -- Up-to-date: /home/gcerioni/ws_ur16/install/effort_controllers/share/effort_controllers/local_setup.bash
[0.686s] -- Up-to-date: /home/gcerioni/ws_ur16/install/effort_controllers/share/effort_controllers/local_setup.sh
[0.686s] -- Up-to-date: /home/gcerioni/ws_ur16/install/effort_controllers/share/effort_controllers/local_setup.zsh
[0.686s] -- Up-to-date: /home/gcerioni/ws_ur16/install/effort_controllers/share/effort_controllers/local_setup.dsv
[0.686s] -- Installing: /home/gcerioni/ws_ur16/install/effort_controllers/share/effort_controllers/package.dsv
[0.686s] -- Up-to-date: /home/gcerioni/ws_ur16/install/effort_controllers/share/ament_index/resource_index/packages/effort_controllers
[0.686s] -- Up-to-date: /home/gcerioni/ws_ur16/install/effort_controllers/share/ament_index/resource_index/controller_interface__pluginlib__plugin/effort_controllers
[0.686s] -- Up-to-date: /home/gcerioni/ws_ur16/install/effort_controllers/share/effort_controllers/cmake/export_effort_controllersExport.cmake
[0.686s] -- Up-to-date: /home/gcerioni/ws_ur16/install/effort_controllers/share/effort_controllers/cmake/export_effort_controllersExport-release.cmake
[0.686s] -- Up-to-date: /home/gcerioni/ws_ur16/install/effort_controllers/share/effort_controllers/cmake/ament_cmake_export_targets-extras.cmake
[0.686s] -- Up-to-date: /home/gcerioni/ws_ur16/install/effort_controllers/share/effort_controllers/cmake/ament_cmake_export_dependencies-extras.cmake
[0.686s] -- Up-to-date: /home/gcerioni/ws_ur16/install/effort_controllers/share/effort_controllers/cmake/effort_controllersConfig.cmake
[0.687s] -- Up-to-date: /home/gcerioni/ws_ur16/install/effort_controllers/share/effort_controllers/cmake/effort_controllersConfig-version.cmake
[0.687s] -- Up-to-date: /home/gcerioni/ws_ur16/install/effort_controllers/share/effort_controllers/package.xml
[0.710s] Invoked command in '/home/gcerioni/ws_ur16/build/effort_controllers' returned '0': AMENT_PREFIX_PATH=/home/gcerioni/ws_ur16/install/forward_command_controller:/home/gcerioni/ws_ur16/install/controller_manager:/home/gcerioni/ws_ur16/install/hardware_interface_testing:/home/gcerioni/ws_ur16/install/controller_interface:/home/gcerioni/ws_ur16/install/hardware_interface:/home/gcerioni/ws_ur16/install/ros2_control_test_assets:/home/gcerioni/ws_ur16/install/realtime_tools:/home/gcerioni/ws_ur16/install/controller_manager_msgs:/home/gcerioni/ws_ur16/install/control_msgs:${AMENT_PREFIX_PATH} CMAKE_PREFIX_PATH=/home/gcerioni/ws_ur16/install/forward_command_controller:/home/gcerioni/ws_ur16/install/controller_manager:/home/gcerioni/ws_ur16/install/hardware_interface_testing:/home/gcerioni/ws_ur16/install/controller_interface:/home/gcerioni/ws_ur16/install/hardware_interface:/home/gcerioni/ws_ur16/install/ros2_control_test_assets:/home/gcerioni/ws_ur16/install/realtime_tools:/home/gcerioni/ws_ur16/install/controller_manager_msgs:/home/gcerioni/ws_ur16/install/control_msgs:/opt/ros/humble LD_LIBRARY_PATH=/home/gcerioni/ws_ur16/install/forward_command_controller/lib:/home/gcerioni/ws_ur16/install/controller_manager/lib:/home/gcerioni/ws_ur16/install/hardware_interface_testing/lib:/home/gcerioni/ws_ur16/install/controller_interface/lib:/home/gcerioni/ws_ur16/install/hardware_interface/lib:/home/gcerioni/ws_ur16/install/realtime_tools/lib:/home/gcerioni/ws_ur16/install/controller_manager_msgs/lib:/home/gcerioni/ws_ur16/install/control_msgs/lib:${LD_LIBRARY_PATH} PYTHONPATH=/home/gcerioni/ws_ur16/install/controller_manager/local/lib/python3.10/dist-packages:/home/gcerioni/ws_ur16/install/controller_manager_msgs/local/lib/python3.10/dist-packages:/home/gcerioni/ws_ur16/install/control_msgs/local/lib/python3.10/dist-packages:${PYTHONPATH} /usr/bin/cmake --install /home/gcerioni/ws_ur16/build/effort_controllers
