[1.126s] Invoking command in '/home/gcerioni/ws_ur16/src/ros2_control/ros2controlcli': AMENT_PREFIX_PATH=/home/gcerioni/ws_ur16/install/controller_manager:/home/gcerioni/ws_ur16/install/hardware_interface_testing:/home/gcerioni/ws_ur16/install/controller_interface:/home/gcerioni/ws_ur16/install/hardware_interface:/home/gcerioni/ws_ur16/install/ros2_control_test_assets:/home/gcerioni/ws_ur16/install/realtime_tools:/home/gcerioni/ws_ur16/install/controller_manager_msgs:/home/gcerioni/ws_ur16/install/control_msgs:${AMENT_PREFIX_PATH} CMAKE_PREFIX_PATH=/home/gcerioni/ws_ur16/install/controller_manager:/home/gcerioni/ws_ur16/install/hardware_interface_testing:/home/gcerioni/ws_ur16/install/controller_interface:/home/gcerioni/ws_ur16/install/hardware_interface:/home/gcerioni/ws_ur16/install/ros2_control_test_assets:/home/gcerioni/ws_ur16/install/realtime_tools:/home/gcerioni/ws_ur16/install/controller_manager_msgs:/home/gcerioni/ws_ur16/install/control_msgs LD_LIBRARY_PATH=/home/gcerioni/ws_ur16/install/controller_manager/lib:/home/gcerioni/ws_ur16/install/hardware_interface_testing/lib:/home/gcerioni/ws_ur16/install/controller_interface/lib:/home/gcerioni/ws_ur16/install/hardware_interface/lib:/home/gcerioni/ws_ur16/install/realtime_tools/lib:/home/gcerioni/ws_ur16/install/controller_manager_msgs/lib:/home/gcerioni/ws_ur16/install/control_msgs/lib:${LD_LIBRARY_PATH} PYTHONPATH=/home/gcerioni/ws_ur16/build/ros2controlcli/prefix_override:/usr/lib/python3/dist-packages/colcon_core/task/python/colcon_distutils_commands:/home/gcerioni/ws_ur16/install/ros2controlcli/lib/python3.10/site-packages:/home/gcerioni/ws_ur16/install/controller_manager/local/lib/python3.10/dist-packages:/home/gcerioni/ws_ur16/install/controller_manager_msgs/local/lib/python3.10/dist-packages:/home/gcerioni/ws_ur16/install/control_msgs/local/lib/python3.10/dist-packages:${PYTHONPATH} /usr/bin/python3 -W ignore:setup.py install is deprecated -W ignore:easy_install command is deprecated setup.py egg_info --egg-base ../../../build/ros2controlcli build --build-base /home/gcerioni/ws_ur16/build/ros2controlcli/build install --record /home/gcerioni/ws_ur16/build/ros2controlcli/install.log --single-version-externally-managed install_data
[6.314s] running egg_info
[6.315s] creating ../../../build/ros2controlcli/ros2controlcli.egg-info
[6.315s] writing ../../../build/ros2controlcli/ros2controlcli.egg-info/PKG-INFO
[6.315s] writing dependency_links to ../../../build/ros2controlcli/ros2controlcli.egg-info/dependency_links.txt
[6.315s] writing entry points to ../../../build/ros2controlcli/ros2controlcli.egg-info/entry_points.txt
[6.315s] writing requirements to ../../../build/ros2controlcli/ros2controlcli.egg-info/requires.txt
[6.315s] writing top-level names to ../../../build/ros2controlcli/ros2controlcli.egg-info/top_level.txt
[6.315s] writing manifest file '../../../build/ros2controlcli/ros2controlcli.egg-info/SOURCES.txt'
[6.315s] reading manifest file '../../../build/ros2controlcli/ros2controlcli.egg-info/SOURCES.txt'
[6.315s] writing manifest file '../../../build/ros2controlcli/ros2controlcli.egg-info/SOURCES.txt'
[6.315s] running build
[6.316s] running build_py
[6.316s] creating /home/gcerioni/ws_ur16/build/ros2controlcli/build
[6.316s] creating /home/gcerioni/ws_ur16/build/ros2controlcli/build/lib
[6.316s] creating /home/gcerioni/ws_ur16/build/ros2controlcli/build/lib/ros2controlcli
[6.316s] copying ros2controlcli/__init__.py -> /home/gcerioni/ws_ur16/build/ros2controlcli/build/lib/ros2controlcli
[6.316s] creating /home/gcerioni/ws_ur16/build/ros2controlcli/build/lib/ros2controlcli/verb
[6.316s] copying ros2controlcli/verb/set_hardware_component_state.py -> /home/gcerioni/ws_ur16/build/ros2controlcli/build/lib/ros2controlcli/verb
[6.316s] copying ros2controlcli/verb/unload_controller.py -> /home/gcerioni/ws_ur16/build/ros2controlcli/build/lib/ros2controlcli/verb
[6.316s] copying ros2controlcli/verb/load_controller.py -> /home/gcerioni/ws_ur16/build/ros2controlcli/build/lib/ros2controlcli/verb
[6.316s] copying ros2controlcli/verb/reload_controller_libraries.py -> /home/gcerioni/ws_ur16/build/ros2controlcli/build/lib/ros2controlcli/verb
[6.317s] copying ros2controlcli/verb/list_hardware_interfaces.py -> /home/gcerioni/ws_ur16/build/ros2controlcli/build/lib/ros2controlcli/verb
[6.317s] copying ros2controlcli/verb/set_controller_state.py -> /home/gcerioni/ws_ur16/build/ros2controlcli/build/lib/ros2controlcli/verb
[6.317s] copying ros2controlcli/verb/__init__.py -> /home/gcerioni/ws_ur16/build/ros2controlcli/build/lib/ros2controlcli/verb
[6.317s] copying ros2controlcli/verb/list_hardware_components.py -> /home/gcerioni/ws_ur16/build/ros2controlcli/build/lib/ros2controlcli/verb
[6.321s] copying ros2controlcli/verb/switch_controllers.py -> /home/gcerioni/ws_ur16/build/ros2controlcli/build/lib/ros2controlcli/verb
[6.321s] copying ros2controlcli/verb/list_controller_types.py -> /home/gcerioni/ws_ur16/build/ros2controlcli/build/lib/ros2controlcli/verb
[6.321s] copying ros2controlcli/verb/list_controllers.py -> /home/gcerioni/ws_ur16/build/ros2controlcli/build/lib/ros2controlcli/verb
[6.321s] copying ros2controlcli/verb/view_controller_chains.py -> /home/gcerioni/ws_ur16/build/ros2controlcli/build/lib/ros2controlcli/verb
[6.322s] creating /home/gcerioni/ws_ur16/build/ros2controlcli/build/lib/ros2controlcli/api
[6.322s] copying ros2controlcli/api/__init__.py -> /home/gcerioni/ws_ur16/build/ros2controlcli/build/lib/ros2controlcli/api
[6.322s] creating /home/gcerioni/ws_ur16/build/ros2controlcli/build/lib/ros2controlcli/command
[6.322s] copying ros2controlcli/command/control.py -> /home/gcerioni/ws_ur16/build/ros2controlcli/build/lib/ros2controlcli/command
[6.322s] copying ros2controlcli/command/__init__.py -> /home/gcerioni/ws_ur16/build/ros2controlcli/build/lib/ros2controlcli/command
[6.322s] running install
[6.322s] running install_lib
[6.322s] creating /home/gcerioni/ws_ur16/install/ros2controlcli/lib/python3.10/site-packages/ros2controlcli
[6.322s] creating /home/gcerioni/ws_ur16/install/ros2controlcli/lib/python3.10/site-packages/ros2controlcli/verb
[6.322s] copying /home/gcerioni/ws_ur16/build/ros2controlcli/build/lib/ros2controlcli/verb/set_hardware_component_state.py -> /home/gcerioni/ws_ur16/install/ros2controlcli/lib/python3.10/site-packages/ros2controlcli/verb
[6.323s] copying /home/gcerioni/ws_ur16/build/ros2controlcli/build/lib/ros2controlcli/verb/unload_controller.py -> /home/gcerioni/ws_ur16/install/ros2controlcli/lib/python3.10/site-packages/ros2controlcli/verb
[6.323s] copying /home/gcerioni/ws_ur16/build/ros2controlcli/build/lib/ros2controlcli/verb/load_controller.py -> /home/gcerioni/ws_ur16/install/ros2controlcli/lib/python3.10/site-packages/ros2controlcli/verb
[6.323s] copying /home/gcerioni/ws_ur16/build/ros2controlcli/build/lib/ros2controlcli/verb/reload_controller_libraries.py -> /home/gcerioni/ws_ur16/install/ros2controlcli/lib/python3.10/site-packages/ros2controlcli/verb
[6.323s] copying /home/gcerioni/ws_ur16/build/ros2controlcli/build/lib/ros2controlcli/verb/list_hardware_interfaces.py -> /home/gcerioni/ws_ur16/install/ros2controlcli/lib/python3.10/site-packages/ros2controlcli/verb
[6.323s] copying /home/gcerioni/ws_ur16/build/ros2controlcli/build/lib/ros2controlcli/verb/set_controller_state.py -> /home/gcerioni/ws_ur16/install/ros2controlcli/lib/python3.10/site-packages/ros2controlcli/verb
[6.323s] copying /home/gcerioni/ws_ur16/build/ros2controlcli/build/lib/ros2controlcli/verb/__init__.py -> /home/gcerioni/ws_ur16/install/ros2controlcli/lib/python3.10/site-packages/ros2controlcli/verb
[6.323s] copying /home/gcerioni/ws_ur16/build/ros2controlcli/build/lib/ros2controlcli/verb/list_hardware_components.py -> /home/gcerioni/ws_ur16/install/ros2controlcli/lib/python3.10/site-packages/ros2controlcli/verb
[6.323s] copying /home/gcerioni/ws_ur16/build/ros2controlcli/build/lib/ros2controlcli/verb/switch_controllers.py -> /home/gcerioni/ws_ur16/install/ros2controlcli/lib/python3.10/site-packages/ros2controlcli/verb
[6.323s] copying /home/gcerioni/ws_ur16/build/ros2controlcli/build/lib/ros2controlcli/verb/list_controller_types.py -> /home/gcerioni/ws_ur16/install/ros2controlcli/lib/python3.10/site-packages/ros2controlcli/verb
[6.323s] copying /home/gcerioni/ws_ur16/build/ros2controlcli/build/lib/ros2controlcli/verb/list_controllers.py -> /home/gcerioni/ws_ur16/install/ros2controlcli/lib/python3.10/site-packages/ros2controlcli/verb
[6.323s] copying /home/gcerioni/ws_ur16/build/ros2controlcli/build/lib/ros2controlcli/verb/view_controller_chains.py -> /home/gcerioni/ws_ur16/install/ros2controlcli/lib/python3.10/site-packages/ros2controlcli/verb
[6.324s] creating /home/gcerioni/ws_ur16/install/ros2controlcli/lib/python3.10/site-packages/ros2controlcli/api
[6.324s] copying /home/gcerioni/ws_ur16/build/ros2controlcli/build/lib/ros2controlcli/api/__init__.py -> /home/gcerioni/ws_ur16/install/ros2controlcli/lib/python3.10/site-packages/ros2controlcli/api
[6.324s] creating /home/gcerioni/ws_ur16/install/ros2controlcli/lib/python3.10/site-packages/ros2controlcli/command
[6.324s] copying /home/gcerioni/ws_ur16/build/ros2controlcli/build/lib/ros2controlcli/command/control.py -> /home/gcerioni/ws_ur16/install/ros2controlcli/lib/python3.10/site-packages/ros2controlcli/command
[6.324s] copying /home/gcerioni/ws_ur16/build/ros2controlcli/build/lib/ros2controlcli/command/__init__.py -> /home/gcerioni/ws_ur16/install/ros2controlcli/lib/python3.10/site-packages/ros2controlcli/command
[6.324s] copying /home/gcerioni/ws_ur16/build/ros2controlcli/build/lib/ros2controlcli/__init__.py -> /home/gcerioni/ws_ur16/install/ros2controlcli/lib/python3.10/site-packages/ros2controlcli
[6.324s] byte-compiling /home/gcerioni/ws_ur16/install/ros2controlcli/lib/python3.10/site-packages/ros2controlcli/verb/set_hardware_component_state.py to set_hardware_component_state.cpython-310.pyc
[6.324s] byte-compiling /home/gcerioni/ws_ur16/install/ros2controlcli/lib/python3.10/site-packages/ros2controlcli/verb/unload_controller.py to unload_controller.cpython-310.pyc
[6.324s] byte-compiling /home/gcerioni/ws_ur16/install/ros2controlcli/lib/python3.10/site-packages/ros2controlcli/verb/load_controller.py to load_controller.cpython-310.pyc
[6.324s] byte-compiling /home/gcerioni/ws_ur16/install/ros2controlcli/lib/python3.10/site-packages/ros2controlcli/verb/reload_controller_libraries.py to reload_controller_libraries.cpython-310.pyc
[6.324s] byte-compiling /home/gcerioni/ws_ur16/install/ros2controlcli/lib/python3.10/site-packages/ros2controlcli/verb/list_hardware_interfaces.py to list_hardware_interfaces.cpython-310.pyc
[6.325s] byte-compiling /home/gcerioni/ws_ur16/install/ros2controlcli/lib/python3.10/site-packages/ros2controlcli/verb/set_controller_state.py to set_controller_state.cpython-310.pyc
[6.325s] byte-compiling /home/gcerioni/ws_ur16/install/ros2controlcli/lib/python3.10/site-packages/ros2controlcli/verb/__init__.py to __init__.cpython-310.pyc
[6.325s] byte-compiling /home/gcerioni/ws_ur16/install/ros2controlcli/lib/python3.10/site-packages/ros2controlcli/verb/list_hardware_components.py to list_hardware_components.cpython-310.pyc
[6.325s] byte-compiling /home/gcerioni/ws_ur16/install/ros2controlcli/lib/python3.10/site-packages/ros2controlcli/verb/switch_controllers.py to switch_controllers.cpython-310.pyc
[6.325s] byte-compiling /home/gcerioni/ws_ur16/install/ros2controlcli/lib/python3.10/site-packages/ros2controlcli/verb/list_controller_types.py to list_controller_types.cpython-310.pyc
[6.329s] byte-compiling /home/gcerioni/ws_ur16/install/ros2controlcli/lib/python3.10/site-packages/ros2controlcli/verb/list_controllers.py to list_controllers.cpython-310.pyc
[6.329s] byte-compiling /home/gcerioni/ws_ur16/install/ros2controlcli/lib/python3.10/site-packages/ros2controlcli/verb/view_controller_chains.py to view_controller_chains.cpython-310.pyc
[6.329s] byte-compiling /home/gcerioni/ws_ur16/install/ros2controlcli/lib/python3.10/site-packages/ros2controlcli/api/__init__.py to __init__.cpython-310.pyc
[6.330s] byte-compiling /home/gcerioni/ws_ur16/install/ros2controlcli/lib/python3.10/site-packages/ros2controlcli/command/control.py to control.cpython-310.pyc
[6.330s] byte-compiling /home/gcerioni/ws_ur16/install/ros2controlcli/lib/python3.10/site-packages/ros2controlcli/command/__init__.py to __init__.cpython-310.pyc
[6.330s] byte-compiling /home/gcerioni/ws_ur16/install/ros2controlcli/lib/python3.10/site-packages/ros2controlcli/__init__.py to __init__.cpython-310.pyc
[6.330s] running install_data
[6.330s] copying package.xml -> /home/gcerioni/ws_ur16/install/ros2controlcli/share/ros2controlcli
[6.330s] creating /home/gcerioni/ws_ur16/install/ros2controlcli/share/ament_index
[6.330s] creating /home/gcerioni/ws_ur16/install/ros2controlcli/share/ament_index/resource_index
[6.330s] creating /home/gcerioni/ws_ur16/install/ros2controlcli/share/ament_index/resource_index/packages
[6.330s] copying resource/ros2controlcli -> /home/gcerioni/ws_ur16/install/ros2controlcli/share/ament_index/resource_index/packages
[6.330s] running install_egg_info
[6.330s] Copying ../../../build/ros2controlcli/ros2controlcli.egg-info to /home/gcerioni/ws_ur16/install/ros2controlcli/lib/python3.10/site-packages/ros2controlcli-2.48.0-py3.10.egg-info
[6.330s] running install_scripts
[6.331s] writing list of installed files to '/home/gcerioni/ws_ur16/build/ros2controlcli/install.log'
[6.332s] Invoked command in '/home/gcerioni/ws_ur16/src/ros2_control/ros2controlcli' returned '0': AMENT_PREFIX_PATH=/home/gcerioni/ws_ur16/install/controller_manager:/home/gcerioni/ws_ur16/install/hardware_interface_testing:/home/gcerioni/ws_ur16/install/controller_interface:/home/gcerioni/ws_ur16/install/hardware_interface:/home/gcerioni/ws_ur16/install/ros2_control_test_assets:/home/gcerioni/ws_ur16/install/realtime_tools:/home/gcerioni/ws_ur16/install/controller_manager_msgs:/home/gcerioni/ws_ur16/install/control_msgs:${AMENT_PREFIX_PATH} CMAKE_PREFIX_PATH=/home/gcerioni/ws_ur16/install/controller_manager:/home/gcerioni/ws_ur16/install/hardware_interface_testing:/home/gcerioni/ws_ur16/install/controller_interface:/home/gcerioni/ws_ur16/install/hardware_interface:/home/gcerioni/ws_ur16/install/ros2_control_test_assets:/home/gcerioni/ws_ur16/install/realtime_tools:/home/gcerioni/ws_ur16/install/controller_manager_msgs:/home/gcerioni/ws_ur16/install/control_msgs LD_LIBRARY_PATH=/home/gcerioni/ws_ur16/install/controller_manager/lib:/home/gcerioni/ws_ur16/install/hardware_interface_testing/lib:/home/gcerioni/ws_ur16/install/controller_interface/lib:/home/gcerioni/ws_ur16/install/hardware_interface/lib:/home/gcerioni/ws_ur16/install/realtime_tools/lib:/home/gcerioni/ws_ur16/install/controller_manager_msgs/lib:/home/gcerioni/ws_ur16/install/control_msgs/lib:${LD_LIBRARY_PATH} PYTHONPATH=/home/gcerioni/ws_ur16/build/ros2controlcli/prefix_override:/usr/lib/python3/dist-packages/colcon_core/task/python/colcon_distutils_commands:/home/gcerioni/ws_ur16/install/ros2controlcli/lib/python3.10/site-packages:/home/gcerioni/ws_ur16/install/controller_manager/local/lib/python3.10/dist-packages:/home/gcerioni/ws_ur16/install/controller_manager_msgs/local/lib/python3.10/dist-packages:/home/gcerioni/ws_ur16/install/control_msgs/local/lib/python3.10/dist-packages:${PYTHONPATH} /usr/bin/python3 -W ignore:setup.py install is deprecated -W ignore:easy_install command is deprecated setup.py egg_info --egg-base ../../../build/ros2controlcli build --build-base /home/gcerioni/ws_ur16/build/ros2controlcli/build install --record /home/gcerioni/ws_ur16/build/ros2controlcli/install.log --single-version-externally-managed install_data
