[0.032s] Invoking command in '/home/gcerioni/ws_ur16/build/realtime_tools': CMAKE_PREFIX_PATH=/opt/ros/humble /usr/bin/cmake /home/gcerioni/ws_ur16/src/realtime_tools -DCMAKE_BUILD_TYPE=Release -DCMAKE_INSTALL_PREFIX=/home/gcerioni/ws_ur16/install/realtime_tools
[0.054s] -- Found ament_cmake: 1.3.11 (/opt/ros/humble/share/ament_cmake/cmake)
[0.418s] -- Found rclcpp: 16.0.11 (/opt/ros/humble/share/rclcpp/cmake)
[0.470s] -- Found rosidl_generator_c: 3.1.6 (/opt/ros/humble/share/rosidl_generator_c/cmake)
[0.475s] -- Found rosidl_adapter: 3.1.6 (/opt/ros/humble/share/rosidl_adapter/cmake)
[0.485s] -- Found rosidl_generator_cpp: 3.1.6 (/opt/ros/humble/share/rosidl_generator_cpp/cmake)
[0.506s] -- Using all available rosidl_typesupport_c: rosidl_typesupport_fastrtps_c;rosidl_typesupport_introspection_c
[0.559s] -- Using all available rosidl_typesupport_cpp: rosidl_typesupport_fastrtps_cpp;rosidl_typesupport_introspection_cpp
[0.651s] -- Found rmw_implementation_cmake: 6.1.2 (/opt/ros/humble/share/rmw_implementation_cmake/cmake)
[0.654s] -- Found rmw_fastrtps_cpp: 6.2.7 (/opt/ros/humble/share/rmw_fastrtps_cpp/cmake)
[0.825s] -- Using RMW implementation 'rmw_fastrtps_cpp' as default
[0.950s] -- Found rclcpp_action: 16.0.11 (/opt/ros/humble/share/rclcpp_action/cmake)
[1.054s] -- Found ament_cmake_gmock: 1.3.11 (/opt/ros/humble/share/ament_cmake_gmock/cmake)
[1.054s] -- Found lifecycle_msgs: 1.2.1 (/opt/ros/humble/share/lifecycle_msgs/cmake)
[1.072s] -- Found rclcpp_lifecycle: 16.0.11 (/opt/ros/humble/share/rclcpp_lifecycle/cmake)
[1.080s] -- Found test_msgs: 1.2.1 (/opt/ros/humble/share/test_msgs/cmake)
[1.084s] -- Found gmock sources under '/opt/ros/humble/src/gmock_vendor': C++ tests using 'Google Mock' will be built
[1.087s] -- Found ament_cmake_gtest: 1.3.11 (/opt/ros/humble/share/ament_cmake_gtest/cmake)
[1.087s] -- Found gtest sources under '/opt/ros/humble/src/gtest_vendor': C++ tests using 'Google Test' will be built
[1.187s] -- Configuring done
[1.275s] -- Generating done
[1.316s] -- Build files have been written to: /home/gcerioni/ws_ur16/build/realtime_tools
[1.661s] Invoked command in '/home/gcerioni/ws_ur16/build/realtime_tools' returned '0': CMAKE_PREFIX_PATH=/opt/ros/humble /usr/bin/cmake /home/gcerioni/ws_ur16/src/realtime_tools -DCMAKE_BUILD_TYPE=Release -DCMAKE_INSTALL_PREFIX=/home/gcerioni/ws_ur16/install/realtime_tools
[1.663s] Invoking command in '/home/gcerioni/ws_ur16/build/realtime_tools': CMAKE_PREFIX_PATH=/opt/ros/humble /usr/bin/cmake --build /home/gcerioni/ws_ur16/build/realtime_tools -- -j8 -l8
[1.712s] [35m[1mConsolidate compiler generated dependencies of target gmock_main[0m
[1.712s] [35m[1mConsolidate compiler generated dependencies of target thread_priority[0m
[1.712s] [35m[1mConsolidate compiler generated dependencies of target gmock[0m
[1.714s] [35m[1mConsolidate compiler generated dependencies of target realtime_tools[0m
[1.727s] [  6%] Built target thread_priority
[1.728s] [ 12%] Built target gmock_main
[1.729s] [ 21%] Built target gmock
[1.734s] [ 31%] Built target realtime_tools
[1.747s] [35m[1mConsolidate compiler generated dependencies of target thread_priority_tests[0m
[1.751s] [35m[1mConsolidate compiler generated dependencies of target realtime_box_tests[0m
[1.751s] [35m[1mConsolidate compiler generated dependencies of target realtime_clock_tests[0m
[1.752s] [35m[1mConsolidate compiler generated dependencies of target lock_free_queue_tests[0m
[1.758s] [35m[1mConsolidate compiler generated dependencies of target realtime_publisher_tests_non_polling[0m
[1.759s] [35m[1mConsolidate compiler generated dependencies of target realtime_box_best_effort_tests[0m
[1.759s] [35m[1mConsolidate compiler generated dependencies of target realtime_buffer_tests[0m
[1.770s] [ 37%] Built target realtime_box_tests
[1.770s] [ 43%] Built target thread_priority_tests
[1.770s] [35m[1mConsolidate compiler generated dependencies of target realtime_publisher_tests[0m
[1.801s] [ 50%] Built target realtime_box_best_effort_tests
[1.801s] [ 56%] Built target realtime_clock_tests
[1.801s] [ 62%] Built target realtime_publisher_tests_non_polling
[1.801s] [ 68%] Built target realtime_buffer_tests
[1.804s] [35m[1mConsolidate compiler generated dependencies of target realtime_server_goal_handle_tests[0m
[1.804s] [35m[1mConsolidate compiler generated dependencies of target test_async_function_handler[0m
[1.804s] [ 75%] Built target lock_free_queue_tests
[1.809s] [35m[1mConsolidate compiler generated dependencies of target realtime_mutex_tests[0m
[1.809s] [ 81%] Built target realtime_publisher_tests
[1.822s] [ 87%] Built target realtime_server_goal_handle_tests
[1.824s] [ 93%] Built target realtime_mutex_tests
[1.824s] [100%] Built target test_async_function_handler
[1.842s] Invoked command in '/home/gcerioni/ws_ur16/build/realtime_tools' returned '0': CMAKE_PREFIX_PATH=/opt/ros/humble /usr/bin/cmake --build /home/gcerioni/ws_ur16/build/realtime_tools -- -j8 -l8
[1.846s] Invoking command in '/home/gcerioni/ws_ur16/build/realtime_tools': CMAKE_PREFIX_PATH=/opt/ros/humble /usr/bin/cmake --install /home/gcerioni/ws_ur16/build/realtime_tools
[1.859s] -- Install configuration: "Release"
[1.860s] -- Up-to-date: /home/gcerioni/ws_ur16/install/realtime_tools/include/realtime_tools
[1.860s] -- Up-to-date: /home/gcerioni/ws_ur16/install/realtime_tools/include/realtime_tools/realtime_tools
[1.861s] -- Up-to-date: /home/gcerioni/ws_ur16/install/realtime_tools/include/realtime_tools/realtime_tools/thread_priority.hpp
[1.861s] -- Up-to-date: /home/gcerioni/ws_ur16/install/realtime_tools/include/realtime_tools/realtime_tools/async_function_handler.hpp
[1.861s] -- Up-to-date: /home/gcerioni/ws_ur16/install/realtime_tools/include/realtime_tools/realtime_tools/realtime_server_goal_handle.hpp
[1.861s] -- Up-to-date: /home/gcerioni/ws_ur16/install/realtime_tools/include/realtime_tools/realtime_tools/realtime_clock.h
[1.861s] -- Up-to-date: /home/gcerioni/ws_ur16/install/realtime_tools/include/realtime_tools/realtime_tools/mutex.hpp
[1.861s] -- Up-to-date: /home/gcerioni/ws_ur16/install/realtime_tools/include/realtime_tools/realtime_tools/realtime_clock.hpp
[1.862s] -- Up-to-date: /home/gcerioni/ws_ur16/install/realtime_tools/include/realtime_tools/realtime_tools/realtime_box.hpp
[1.862s] -- Up-to-date: /home/gcerioni/ws_ur16/install/realtime_tools/include/realtime_tools/realtime_tools/realtime_box.h
[1.863s] -- Up-to-date: /home/gcerioni/ws_ur16/install/realtime_tools/include/realtime_tools/realtime_tools/realtime_publisher.hpp
[1.863s] -- Up-to-date: /home/gcerioni/ws_ur16/install/realtime_tools/include/realtime_tools/realtime_tools/realtime_buffer.h
[1.865s] -- Up-to-date: /home/gcerioni/ws_ur16/install/realtime_tools/include/realtime_tools/realtime_tools/realtime_publisher.h
[1.865s] -- Up-to-date: /home/gcerioni/ws_ur16/install/realtime_tools/include/realtime_tools/realtime_tools/realtime_buffer.hpp
[1.866s] -- Up-to-date: /home/gcerioni/ws_ur16/install/realtime_tools/include/realtime_tools/realtime_tools/realtime_box_best_effort.hpp
[1.866s] -- Up-to-date: /home/gcerioni/ws_ur16/install/realtime_tools/include/realtime_tools/realtime_tools/realtime_box_best_effort.h
[1.866s] -- Up-to-date: /home/gcerioni/ws_ur16/install/realtime_tools/include/realtime_tools/realtime_tools/lock_free_queue.hpp
[1.866s] -- Up-to-date: /home/gcerioni/ws_ur16/install/realtime_tools/include/realtime_tools/realtime_tools/realtime_server_goal_handle.h
[1.866s] -- Up-to-date: /home/gcerioni/ws_ur16/install/realtime_tools/include/realtime_tools/realtime_tools/realtime_helpers.hpp
[1.866s] -- Up-to-date: /home/gcerioni/ws_ur16/install/realtime_tools/lib/librealtime_tools.so
[1.866s] -- Up-to-date: /home/gcerioni/ws_ur16/install/realtime_tools/lib/libthread_priority.so
[1.866s] -- Up-to-date: /home/gcerioni/ws_ur16/install/realtime_tools/share/realtime_tools/environment/library_path.sh
[1.867s] -- Installing: /home/gcerioni/ws_ur16/install/realtime_tools/share/realtime_tools/environment/library_path.dsv
[1.867s] -- Up-to-date: /home/gcerioni/ws_ur16/install/realtime_tools/share/ament_index/resource_index/package_run_dependencies/realtime_tools
[1.867s] -- Up-to-date: /home/gcerioni/ws_ur16/install/realtime_tools/share/ament_index/resource_index/parent_prefix_path/realtime_tools
[1.867s] -- Up-to-date: /home/gcerioni/ws_ur16/install/realtime_tools/share/realtime_tools/environment/ament_prefix_path.sh
[1.867s] -- Installing: /home/gcerioni/ws_ur16/install/realtime_tools/share/realtime_tools/environment/ament_prefix_path.dsv
[1.867s] -- Up-to-date: /home/gcerioni/ws_ur16/install/realtime_tools/share/realtime_tools/environment/path.sh
[1.867s] -- Installing: /home/gcerioni/ws_ur16/install/realtime_tools/share/realtime_tools/environment/path.dsv
[1.867s] -- Up-to-date: /home/gcerioni/ws_ur16/install/realtime_tools/share/realtime_tools/local_setup.bash
[1.867s] -- Up-to-date: /home/gcerioni/ws_ur16/install/realtime_tools/share/realtime_tools/local_setup.sh
[1.868s] -- Up-to-date: /home/gcerioni/ws_ur16/install/realtime_tools/share/realtime_tools/local_setup.zsh
[1.868s] -- Installing: /home/gcerioni/ws_ur16/install/realtime_tools/share/realtime_tools/local_setup.dsv
[1.868s] -- Installing: /home/gcerioni/ws_ur16/install/realtime_tools/share/realtime_tools/package.dsv
[1.868s] -- Up-to-date: /home/gcerioni/ws_ur16/install/realtime_tools/share/ament_index/resource_index/packages/realtime_tools
[1.871s] -- Up-to-date: /home/gcerioni/ws_ur16/install/realtime_tools/share/realtime_tools/cmake/export_realtime_toolsExport.cmake
[1.872s] -- Up-to-date: /home/gcerioni/ws_ur16/install/realtime_tools/share/realtime_tools/cmake/export_realtime_toolsExport-release.cmake
[1.872s] -- Up-to-date: /home/gcerioni/ws_ur16/install/realtime_tools/share/realtime_tools/cmake/ament_cmake_export_targets-extras.cmake
[1.872s] -- Up-to-date: /home/gcerioni/ws_ur16/install/realtime_tools/share/realtime_tools/cmake/ament_cmake_export_dependencies-extras.cmake
[1.872s] -- Up-to-date: /home/gcerioni/ws_ur16/install/realtime_tools/share/realtime_tools/cmake/realtime_toolsConfig.cmake
[1.872s] -- Up-to-date: /home/gcerioni/ws_ur16/install/realtime_tools/share/realtime_tools/cmake/realtime_toolsConfig-version.cmake
[1.872s] -- Up-to-date: /home/gcerioni/ws_ur16/install/realtime_tools/share/realtime_tools/package.xml
[1.876s] Invoked command in '/home/gcerioni/ws_ur16/build/realtime_tools' returned '0': CMAKE_PREFIX_PATH=/opt/ros/humble /usr/bin/cmake --install /home/gcerioni/ws_ur16/build/realtime_tools
