[0.105s] Invoking command in '/home/gcerioni/ws_ur16/build/gripper_controllers': AMENT_PREFIX_PATH=/home/gcerioni/ws_ur16/install/controller_manager:/home/gcerioni/ws_ur16/install/hardware_interface_testing:/home/gcerioni/ws_ur16/install/controller_interface:/home/gcerioni/ws_ur16/install/hardware_interface:/home/gcerioni/ws_ur16/install/control_toolbox:/home/gcerioni/ws_ur16/install/ros2_control_test_assets:/home/gcerioni/ws_ur16/install/realtime_tools:/home/gcerioni/ws_ur16/install/controller_manager_msgs:/home/gcerioni/ws_ur16/install/control_msgs:${AMENT_PREFIX_PATH} CMAKE_PREFIX_PATH=/home/gcerioni/ws_ur16/install/controller_manager:/home/gcerioni/ws_ur16/install/hardware_interface_testing:/home/gcerioni/ws_ur16/install/controller_interface:/home/gcerioni/ws_ur16/install/hardware_interface:/home/gcerioni/ws_ur16/install/control_toolbox:/home/gcerioni/ws_ur16/install/ros2_control_test_assets:/home/gcerioni/ws_ur16/install/realtime_tools:/home/gcerioni/ws_ur16/install/controller_manager_msgs:/home/gcerioni/ws_ur16/install/control_msgs:/opt/ros/humble LD_LIBRARY_PATH=/home/gcerioni/ws_ur16/install/controller_manager/lib:/home/gcerioni/ws_ur16/install/hardware_interface_testing/lib:/home/gcerioni/ws_ur16/install/controller_interface/lib:/home/gcerioni/ws_ur16/install/hardware_interface/lib:/home/gcerioni/ws_ur16/install/control_toolbox/lib:/home/gcerioni/ws_ur16/install/realtime_tools/lib:/home/gcerioni/ws_ur16/install/controller_manager_msgs/lib:/home/gcerioni/ws_ur16/install/control_msgs/lib:${LD_LIBRARY_PATH} PYTHONPATH=/home/gcerioni/ws_ur16/install/controller_manager/local/lib/python3.10/dist-packages:/home/gcerioni/ws_ur16/install/controller_manager_msgs/local/lib/python3.10/dist-packages:/home/gcerioni/ws_ur16/install/control_msgs/local/lib/python3.10/dist-packages:${PYTHONPATH} /usr/bin/cmake --build /home/gcerioni/ws_ur16/build/gripper_controllers -- -j8 -l8
[0.192s] [35m[1mConsolidate compiler generated dependencies of target gmock[0m
[0.193s] [35m[1mConsolidate compiler generated dependencies of target gmock_main[0m
[0.237s] [ 15%] Built target gripper_action_controller_parameters
[0.256s] [ 30%] Built target gmock_main
[0.275s] [ 53%] Built target gmock
[0.278s] [35m[1mConsolidate compiler generated dependencies of target gripper_action_controller[0m
[0.325s] [35m[1mConsolidate compiler generated dependencies of target test_load_gripper_action_controllers[0m
[0.334s] [ 69%] Built target gripper_action_controller
[0.377s] [35m[1mConsolidate compiler generated dependencies of target test_gripper_controllers[0m
[0.380s] [ 84%] Built target test_load_gripper_action_controllers
[0.444s] [100%] Built target test_gripper_controllers
[0.540s] Invoked command in '/home/gcerioni/ws_ur16/build/gripper_controllers' returned '0': AMENT_PREFIX_PATH=/home/gcerioni/ws_ur16/install/controller_manager:/home/gcerioni/ws_ur16/install/hardware_interface_testing:/home/gcerioni/ws_ur16/install/controller_interface:/home/gcerioni/ws_ur16/install/hardware_interface:/home/gcerioni/ws_ur16/install/control_toolbox:/home/gcerioni/ws_ur16/install/ros2_control_test_assets:/home/gcerioni/ws_ur16/install/realtime_tools:/home/gcerioni/ws_ur16/install/controller_manager_msgs:/home/gcerioni/ws_ur16/install/control_msgs:${AMENT_PREFIX_PATH} CMAKE_PREFIX_PATH=/home/gcerioni/ws_ur16/install/controller_manager:/home/gcerioni/ws_ur16/install/hardware_interface_testing:/home/gcerioni/ws_ur16/install/controller_interface:/home/gcerioni/ws_ur16/install/hardware_interface:/home/gcerioni/ws_ur16/install/control_toolbox:/home/gcerioni/ws_ur16/install/ros2_control_test_assets:/home/gcerioni/ws_ur16/install/realtime_tools:/home/gcerioni/ws_ur16/install/controller_manager_msgs:/home/gcerioni/ws_ur16/install/control_msgs:/opt/ros/humble LD_LIBRARY_PATH=/home/gcerioni/ws_ur16/install/controller_manager/lib:/home/gcerioni/ws_ur16/install/hardware_interface_testing/lib:/home/gcerioni/ws_ur16/install/controller_interface/lib:/home/gcerioni/ws_ur16/install/hardware_interface/lib:/home/gcerioni/ws_ur16/install/control_toolbox/lib:/home/gcerioni/ws_ur16/install/realtime_tools/lib:/home/gcerioni/ws_ur16/install/controller_manager_msgs/lib:/home/gcerioni/ws_ur16/install/control_msgs/lib:${LD_LIBRARY_PATH} PYTHONPATH=/home/gcerioni/ws_ur16/install/controller_manager/local/lib/python3.10/dist-packages:/home/gcerioni/ws_ur16/install/controller_manager_msgs/local/lib/python3.10/dist-packages:/home/gcerioni/ws_ur16/install/control_msgs/local/lib/python3.10/dist-packages:${PYTHONPATH} /usr/bin/cmake --build /home/gcerioni/ws_ur16/build/gripper_controllers -- -j8 -l8
[0.543s] Invoking command in '/home/gcerioni/ws_ur16/build/gripper_controllers': AMENT_PREFIX_PATH=/home/gcerioni/ws_ur16/install/controller_manager:/home/gcerioni/ws_ur16/install/hardware_interface_testing:/home/gcerioni/ws_ur16/install/controller_interface:/home/gcerioni/ws_ur16/install/hardware_interface:/home/gcerioni/ws_ur16/install/control_toolbox:/home/gcerioni/ws_ur16/install/ros2_control_test_assets:/home/gcerioni/ws_ur16/install/realtime_tools:/home/gcerioni/ws_ur16/install/controller_manager_msgs:/home/gcerioni/ws_ur16/install/control_msgs:${AMENT_PREFIX_PATH} CMAKE_PREFIX_PATH=/home/gcerioni/ws_ur16/install/controller_manager:/home/gcerioni/ws_ur16/install/hardware_interface_testing:/home/gcerioni/ws_ur16/install/controller_interface:/home/gcerioni/ws_ur16/install/hardware_interface:/home/gcerioni/ws_ur16/install/control_toolbox:/home/gcerioni/ws_ur16/install/ros2_control_test_assets:/home/gcerioni/ws_ur16/install/realtime_tools:/home/gcerioni/ws_ur16/install/controller_manager_msgs:/home/gcerioni/ws_ur16/install/control_msgs:/opt/ros/humble LD_LIBRARY_PATH=/home/gcerioni/ws_ur16/install/controller_manager/lib:/home/gcerioni/ws_ur16/install/hardware_interface_testing/lib:/home/gcerioni/ws_ur16/install/controller_interface/lib:/home/gcerioni/ws_ur16/install/hardware_interface/lib:/home/gcerioni/ws_ur16/install/control_toolbox/lib:/home/gcerioni/ws_ur16/install/realtime_tools/lib:/home/gcerioni/ws_ur16/install/controller_manager_msgs/lib:/home/gcerioni/ws_ur16/install/control_msgs/lib:${LD_LIBRARY_PATH} PYTHONPATH=/home/gcerioni/ws_ur16/install/controller_manager/local/lib/python3.10/dist-packages:/home/gcerioni/ws_ur16/install/controller_manager_msgs/local/lib/python3.10/dist-packages:/home/gcerioni/ws_ur16/install/control_msgs/local/lib/python3.10/dist-packages:${PYTHONPATH} /usr/bin/cmake --install /home/gcerioni/ws_ur16/build/gripper_controllers
[0.565s] -- Install configuration: "Release"
[0.565s] -- Up-to-date: /home/gcerioni/ws_ur16/install/gripper_controllers/include/gripper_controllers
[0.566s] -- Up-to-date: /home/gcerioni/ws_ur16/install/gripper_controllers/include/gripper_controllers/gripper_action_controller_parameters.hpp
[0.566s] -- Up-to-date: /home/gcerioni/ws_ur16/install/gripper_controllers/share/gripper_controllers/ros_control_plugins.xml
[0.566s] -- Up-to-date: /home/gcerioni/ws_ur16/install/gripper_controllers/include/gripper_action_controller
[0.566s] -- Up-to-date: /home/gcerioni/ws_ur16/install/gripper_controllers/include/gripper_action_controller/gripper_controllers
[0.566s] -- Up-to-date: /home/gcerioni/ws_ur16/install/gripper_controllers/include/gripper_action_controller/gripper_controllers/visibility_control.hpp
[0.566s] -- Up-to-date: /home/gcerioni/ws_ur16/install/gripper_controllers/include/gripper_action_controller/gripper_controllers/hardware_interface_adapter.hpp
[0.566s] -- Up-to-date: /home/gcerioni/ws_ur16/install/gripper_controllers/include/gripper_action_controller/gripper_controllers/gripper_action_controller.hpp
[0.566s] -- Up-to-date: /home/gcerioni/ws_ur16/install/gripper_controllers/include/gripper_action_controller/gripper_controllers/gripper_action_controller_impl.hpp
[0.566s] -- Up-to-date: /home/gcerioni/ws_ur16/install/gripper_controllers/lib/libgripper_action_controller.so
[0.567s] -- Up-to-date: /home/gcerioni/ws_ur16/install/gripper_controllers/share/gripper_controllers/environment/library_path.sh
[0.567s] -- Up-to-date: /home/gcerioni/ws_ur16/install/gripper_controllers/share/gripper_controllers/environment/library_path.dsv
[0.567s] -- Up-to-date: /home/gcerioni/ws_ur16/install/gripper_controllers/share/ament_index/resource_index/package_run_dependencies/gripper_controllers
[0.567s] -- Up-to-date: /home/gcerioni/ws_ur16/install/gripper_controllers/share/ament_index/resource_index/parent_prefix_path/gripper_controllers
[0.567s] -- Up-to-date: /home/gcerioni/ws_ur16/install/gripper_controllers/share/gripper_controllers/environment/ament_prefix_path.sh
[0.567s] -- Up-to-date: /home/gcerioni/ws_ur16/install/gripper_controllers/share/gripper_controllers/environment/ament_prefix_path.dsv
[0.570s] -- Up-to-date: /home/gcerioni/ws_ur16/install/gripper_controllers/share/gripper_controllers/environment/path.sh
[0.571s] -- Up-to-date: /home/gcerioni/ws_ur16/install/gripper_controllers/share/gripper_controllers/environment/path.dsv
[0.571s] -- Up-to-date: /home/gcerioni/ws_ur16/install/gripper_controllers/share/gripper_controllers/local_setup.bash
[0.571s] -- Up-to-date: /home/gcerioni/ws_ur16/install/gripper_controllers/share/gripper_controllers/local_setup.sh
[0.571s] -- Up-to-date: /home/gcerioni/ws_ur16/install/gripper_controllers/share/gripper_controllers/local_setup.zsh
[0.571s] -- Up-to-date: /home/gcerioni/ws_ur16/install/gripper_controllers/share/gripper_controllers/local_setup.dsv
[0.571s] -- Installing: /home/gcerioni/ws_ur16/install/gripper_controllers/share/gripper_controllers/package.dsv
[0.571s] -- Up-to-date: /home/gcerioni/ws_ur16/install/gripper_controllers/share/ament_index/resource_index/packages/gripper_controllers
[0.571s] -- Up-to-date: /home/gcerioni/ws_ur16/install/gripper_controllers/share/ament_index/resource_index/controller_interface__pluginlib__plugin/gripper_controllers
[0.571s] -- Up-to-date: /home/gcerioni/ws_ur16/install/gripper_controllers/share/gripper_controllers/cmake/export_gripper_action_controllerExport.cmake
[0.572s] -- Up-to-date: /home/gcerioni/ws_ur16/install/gripper_controllers/share/gripper_controllers/cmake/export_gripper_action_controllerExport-release.cmake
[0.572s] -- Up-to-date: /home/gcerioni/ws_ur16/install/gripper_controllers/share/gripper_controllers/cmake/ament_cmake_export_dependencies-extras.cmake
[0.572s] -- Up-to-date: /home/gcerioni/ws_ur16/install/gripper_controllers/share/gripper_controllers/cmake/ament_cmake_export_targets-extras.cmake
[0.572s] -- Up-to-date: /home/gcerioni/ws_ur16/install/gripper_controllers/share/gripper_controllers/cmake/gripper_controllersConfig.cmake
[0.572s] -- Up-to-date: /home/gcerioni/ws_ur16/install/gripper_controllers/share/gripper_controllers/cmake/gripper_controllersConfig-version.cmake
[0.572s] -- Up-to-date: /home/gcerioni/ws_ur16/install/gripper_controllers/share/gripper_controllers/package.xml
[0.632s] Invoked command in '/home/gcerioni/ws_ur16/build/gripper_controllers' returned '0': AMENT_PREFIX_PATH=/home/gcerioni/ws_ur16/install/controller_manager:/home/gcerioni/ws_ur16/install/hardware_interface_testing:/home/gcerioni/ws_ur16/install/controller_interface:/home/gcerioni/ws_ur16/install/hardware_interface:/home/gcerioni/ws_ur16/install/control_toolbox:/home/gcerioni/ws_ur16/install/ros2_control_test_assets:/home/gcerioni/ws_ur16/install/realtime_tools:/home/gcerioni/ws_ur16/install/controller_manager_msgs:/home/gcerioni/ws_ur16/install/control_msgs:${AMENT_PREFIX_PATH} CMAKE_PREFIX_PATH=/home/gcerioni/ws_ur16/install/controller_manager:/home/gcerioni/ws_ur16/install/hardware_interface_testing:/home/gcerioni/ws_ur16/install/controller_interface:/home/gcerioni/ws_ur16/install/hardware_interface:/home/gcerioni/ws_ur16/install/control_toolbox:/home/gcerioni/ws_ur16/install/ros2_control_test_assets:/home/gcerioni/ws_ur16/install/realtime_tools:/home/gcerioni/ws_ur16/install/controller_manager_msgs:/home/gcerioni/ws_ur16/install/control_msgs:/opt/ros/humble LD_LIBRARY_PATH=/home/gcerioni/ws_ur16/install/controller_manager/lib:/home/gcerioni/ws_ur16/install/hardware_interface_testing/lib:/home/gcerioni/ws_ur16/install/controller_interface/lib:/home/gcerioni/ws_ur16/install/hardware_interface/lib:/home/gcerioni/ws_ur16/install/control_toolbox/lib:/home/gcerioni/ws_ur16/install/realtime_tools/lib:/home/gcerioni/ws_ur16/install/controller_manager_msgs/lib:/home/gcerioni/ws_ur16/install/control_msgs/lib:${LD_LIBRARY_PATH} PYTHONPATH=/home/gcerioni/ws_ur16/install/controller_manager/local/lib/python3.10/dist-packages:/home/gcerioni/ws_ur16/install/controller_manager_msgs/local/lib/python3.10/dist-packages:/home/gcerioni/ws_ur16/install/control_msgs/local/lib/python3.10/dist-packages:${PYTHONPATH} /usr/bin/cmake --install /home/gcerioni/ws_ur16/build/gripper_controllers
