[0.062s] Invoking command in '/home/gcerioni/ws_ur16/build/pid_controller': AMENT_PREFIX_PATH=/home/gcerioni/ws_ur16/install/controller_manager:/home/gcerioni/ws_ur16/install/hardware_interface_testing:/home/gcerioni/ws_ur16/install/controller_interface:/home/gcerioni/ws_ur16/install/hardware_interface:/home/gcerioni/ws_ur16/install/control_toolbox:/home/gcerioni/ws_ur16/install/ros2_control_test_assets:/home/gcerioni/ws_ur16/install/realtime_tools:/home/gcerioni/ws_ur16/install/controller_manager_msgs:/home/gcerioni/ws_ur16/install/control_msgs:${AMENT_PREFIX_PATH} CMAKE_PREFIX_PATH=/home/gcerioni/ws_ur16/install/controller_manager:/home/gcerioni/ws_ur16/install/hardware_interface_testing:/home/gcerioni/ws_ur16/install/controller_interface:/home/gcerioni/ws_ur16/install/hardware_interface:/home/gcerioni/ws_ur16/install/control_toolbox:/home/gcerioni/ws_ur16/install/ros2_control_test_assets:/home/gcerioni/ws_ur16/install/realtime_tools:/home/gcerioni/ws_ur16/install/controller_manager_msgs:/home/gcerioni/ws_ur16/install/control_msgs:/opt/ros/humble LD_LIBRARY_PATH=/home/gcerioni/ws_ur16/install/controller_manager/lib:/home/gcerioni/ws_ur16/install/hardware_interface_testing/lib:/home/gcerioni/ws_ur16/install/controller_interface/lib:/home/gcerioni/ws_ur16/install/hardware_interface/lib:/home/gcerioni/ws_ur16/install/control_toolbox/lib:/home/gcerioni/ws_ur16/install/realtime_tools/lib:/home/gcerioni/ws_ur16/install/controller_manager_msgs/lib:/home/gcerioni/ws_ur16/install/control_msgs/lib:${LD_LIBRARY_PATH} PYTHONPATH=/home/gcerioni/ws_ur16/install/controller_manager/local/lib/python3.10/dist-packages:/home/gcerioni/ws_ur16/install/controller_manager_msgs/local/lib/python3.10/dist-packages:/home/gcerioni/ws_ur16/install/control_msgs/local/lib/python3.10/dist-packages:${PYTHONPATH} /usr/bin/cmake --build /home/gcerioni/ws_ur16/build/pid_controller -- -j8 -l8
[0.336s] [35m[1mConsolidate compiler generated dependencies of target gmock[0m
[0.336s] [35m[1mConsolidate compiler generated dependencies of target gmock_main[0m
[0.336s] [ 11%] Built target pid_controller_parameters
[0.336s] [ 41%] Built target gmock_main
[0.336s] [ 41%] Built target gmock
[0.336s] [35m[1mConsolidate compiler generated dependencies of target pid_controller[0m
[0.336s] [35m[1mConsolidate compiler generated dependencies of target test_load_pid_controller[0m
[0.337s] [ 52%] Built target pid_controller
[0.337s] [35m[1mConsolidate compiler generated dependencies of target test_pid_controller[0m
[0.342s] [ 64%] Built target test_load_pid_controller
[0.342s] [35m[1mConsolidate compiler generated dependencies of target test_pid_controller_preceding[0m
[0.344s] [35m[1mConsolidate compiler generated dependencies of target test_pid_controller_dual_interface[0m
[0.391s] [ 76%] Built target test_pid_controller
[0.391s] [ 88%] Built target test_pid_controller_preceding
[0.392s] [100%] Built target test_pid_controller_dual_interface
[0.488s] Invoked command in '/home/gcerioni/ws_ur16/build/pid_controller' returned '0': AMENT_PREFIX_PATH=/home/gcerioni/ws_ur16/install/controller_manager:/home/gcerioni/ws_ur16/install/hardware_interface_testing:/home/gcerioni/ws_ur16/install/controller_interface:/home/gcerioni/ws_ur16/install/hardware_interface:/home/gcerioni/ws_ur16/install/control_toolbox:/home/gcerioni/ws_ur16/install/ros2_control_test_assets:/home/gcerioni/ws_ur16/install/realtime_tools:/home/gcerioni/ws_ur16/install/controller_manager_msgs:/home/gcerioni/ws_ur16/install/control_msgs:${AMENT_PREFIX_PATH} CMAKE_PREFIX_PATH=/home/gcerioni/ws_ur16/install/controller_manager:/home/gcerioni/ws_ur16/install/hardware_interface_testing:/home/gcerioni/ws_ur16/install/controller_interface:/home/gcerioni/ws_ur16/install/hardware_interface:/home/gcerioni/ws_ur16/install/control_toolbox:/home/gcerioni/ws_ur16/install/ros2_control_test_assets:/home/gcerioni/ws_ur16/install/realtime_tools:/home/gcerioni/ws_ur16/install/controller_manager_msgs:/home/gcerioni/ws_ur16/install/control_msgs:/opt/ros/humble LD_LIBRARY_PATH=/home/gcerioni/ws_ur16/install/controller_manager/lib:/home/gcerioni/ws_ur16/install/hardware_interface_testing/lib:/home/gcerioni/ws_ur16/install/controller_interface/lib:/home/gcerioni/ws_ur16/install/hardware_interface/lib:/home/gcerioni/ws_ur16/install/control_toolbox/lib:/home/gcerioni/ws_ur16/install/realtime_tools/lib:/home/gcerioni/ws_ur16/install/controller_manager_msgs/lib:/home/gcerioni/ws_ur16/install/control_msgs/lib:${LD_LIBRARY_PATH} PYTHONPATH=/home/gcerioni/ws_ur16/install/controller_manager/local/lib/python3.10/dist-packages:/home/gcerioni/ws_ur16/install/controller_manager_msgs/local/lib/python3.10/dist-packages:/home/gcerioni/ws_ur16/install/control_msgs/local/lib/python3.10/dist-packages:${PYTHONPATH} /usr/bin/cmake --build /home/gcerioni/ws_ur16/build/pid_controller -- -j8 -l8
[0.492s] Invoking command in '/home/gcerioni/ws_ur16/build/pid_controller': AMENT_PREFIX_PATH=/home/gcerioni/ws_ur16/install/controller_manager:/home/gcerioni/ws_ur16/install/hardware_interface_testing:/home/gcerioni/ws_ur16/install/controller_interface:/home/gcerioni/ws_ur16/install/hardware_interface:/home/gcerioni/ws_ur16/install/control_toolbox:/home/gcerioni/ws_ur16/install/ros2_control_test_assets:/home/gcerioni/ws_ur16/install/realtime_tools:/home/gcerioni/ws_ur16/install/controller_manager_msgs:/home/gcerioni/ws_ur16/install/control_msgs:${AMENT_PREFIX_PATH} CMAKE_PREFIX_PATH=/home/gcerioni/ws_ur16/install/controller_manager:/home/gcerioni/ws_ur16/install/hardware_interface_testing:/home/gcerioni/ws_ur16/install/controller_interface:/home/gcerioni/ws_ur16/install/hardware_interface:/home/gcerioni/ws_ur16/install/control_toolbox:/home/gcerioni/ws_ur16/install/ros2_control_test_assets:/home/gcerioni/ws_ur16/install/realtime_tools:/home/gcerioni/ws_ur16/install/controller_manager_msgs:/home/gcerioni/ws_ur16/install/control_msgs:/opt/ros/humble LD_LIBRARY_PATH=/home/gcerioni/ws_ur16/install/controller_manager/lib:/home/gcerioni/ws_ur16/install/hardware_interface_testing/lib:/home/gcerioni/ws_ur16/install/controller_interface/lib:/home/gcerioni/ws_ur16/install/hardware_interface/lib:/home/gcerioni/ws_ur16/install/control_toolbox/lib:/home/gcerioni/ws_ur16/install/realtime_tools/lib:/home/gcerioni/ws_ur16/install/controller_manager_msgs/lib:/home/gcerioni/ws_ur16/install/control_msgs/lib:${LD_LIBRARY_PATH} PYTHONPATH=/home/gcerioni/ws_ur16/install/controller_manager/local/lib/python3.10/dist-packages:/home/gcerioni/ws_ur16/install/controller_manager_msgs/local/lib/python3.10/dist-packages:/home/gcerioni/ws_ur16/install/control_msgs/local/lib/python3.10/dist-packages:${PYTHONPATH} /usr/bin/cmake --install /home/gcerioni/ws_ur16/build/pid_controller
[0.507s] -- Install configuration: "Release"
[0.507s] -- Up-to-date: /home/gcerioni/ws_ur16/install/pid_controller/include/pid_controller
[0.507s] -- Up-to-date: /home/gcerioni/ws_ur16/install/pid_controller/include/pid_controller/pid_controller_parameters.hpp
[0.507s] -- Up-to-date: /home/gcerioni/ws_ur16/install/pid_controller/share/pid_controller/pid_controller.xml
[0.508s] -- Up-to-date: /home/gcerioni/ws_ur16/install/pid_controller/include/pid_controller
[0.508s] -- Up-to-date: /home/gcerioni/ws_ur16/install/pid_controller/include/pid_controller/pid_controller
[0.508s] -- Up-to-date: /home/gcerioni/ws_ur16/install/pid_controller/include/pid_controller/pid_controller/visibility_control.h
[0.508s] -- Up-to-date: /home/gcerioni/ws_ur16/install/pid_controller/include/pid_controller/pid_controller/pid_controller.hpp
[0.508s] -- Up-to-date: /home/gcerioni/ws_ur16/install/pid_controller/lib/libpid_controller.so
[0.509s] -- Up-to-date: /home/gcerioni/ws_ur16/install/pid_controller/share/pid_controller/environment/library_path.sh
[0.509s] -- Up-to-date: /home/gcerioni/ws_ur16/install/pid_controller/share/pid_controller/environment/library_path.dsv
[0.509s] -- Up-to-date: /home/gcerioni/ws_ur16/install/pid_controller/share/ament_index/resource_index/package_run_dependencies/pid_controller
[0.509s] -- Up-to-date: /home/gcerioni/ws_ur16/install/pid_controller/share/ament_index/resource_index/parent_prefix_path/pid_controller
[0.510s] -- Up-to-date: /home/gcerioni/ws_ur16/install/pid_controller/share/pid_controller/environment/ament_prefix_path.sh
[0.511s] -- Up-to-date: /home/gcerioni/ws_ur16/install/pid_controller/share/pid_controller/environment/ament_prefix_path.dsv
[0.511s] -- Up-to-date: /home/gcerioni/ws_ur16/install/pid_controller/share/pid_controller/environment/path.sh
[0.511s] -- Up-to-date: /home/gcerioni/ws_ur16/install/pid_controller/share/pid_controller/environment/path.dsv
[0.511s] -- Up-to-date: /home/gcerioni/ws_ur16/install/pid_controller/share/pid_controller/local_setup.bash
[0.511s] -- Up-to-date: /home/gcerioni/ws_ur16/install/pid_controller/share/pid_controller/local_setup.sh
[0.511s] -- Up-to-date: /home/gcerioni/ws_ur16/install/pid_controller/share/pid_controller/local_setup.zsh
[0.511s] -- Up-to-date: /home/gcerioni/ws_ur16/install/pid_controller/share/pid_controller/local_setup.dsv
[0.512s] -- Installing: /home/gcerioni/ws_ur16/install/pid_controller/share/pid_controller/package.dsv
[0.512s] -- Up-to-date: /home/gcerioni/ws_ur16/install/pid_controller/share/ament_index/resource_index/packages/pid_controller
[0.512s] -- Up-to-date: /home/gcerioni/ws_ur16/install/pid_controller/share/ament_index/resource_index/controller_interface__pluginlib__plugin/pid_controller
[0.512s] -- Up-to-date: /home/gcerioni/ws_ur16/install/pid_controller/share/pid_controller/cmake/export_pid_controllerExport.cmake
[0.512s] -- Up-to-date: /home/gcerioni/ws_ur16/install/pid_controller/share/pid_controller/cmake/export_pid_controllerExport-release.cmake
[0.513s] -- Up-to-date: /home/gcerioni/ws_ur16/install/pid_controller/share/pid_controller/cmake/ament_cmake_export_dependencies-extras.cmake
[0.513s] -- Up-to-date: /home/gcerioni/ws_ur16/install/pid_controller/share/pid_controller/cmake/ament_cmake_export_targets-extras.cmake
[0.513s] -- Up-to-date: /home/gcerioni/ws_ur16/install/pid_controller/share/pid_controller/cmake/pid_controllerConfig.cmake
[0.513s] -- Up-to-date: /home/gcerioni/ws_ur16/install/pid_controller/share/pid_controller/cmake/pid_controllerConfig-version.cmake
[0.514s] -- Up-to-date: /home/gcerioni/ws_ur16/install/pid_controller/share/pid_controller/package.xml
[1.047s] Invoked command in '/home/gcerioni/ws_ur16/build/pid_controller' returned '0': AMENT_PREFIX_PATH=/home/gcerioni/ws_ur16/install/controller_manager:/home/gcerioni/ws_ur16/install/hardware_interface_testing:/home/gcerioni/ws_ur16/install/controller_interface:/home/gcerioni/ws_ur16/install/hardware_interface:/home/gcerioni/ws_ur16/install/control_toolbox:/home/gcerioni/ws_ur16/install/ros2_control_test_assets:/home/gcerioni/ws_ur16/install/realtime_tools:/home/gcerioni/ws_ur16/install/controller_manager_msgs:/home/gcerioni/ws_ur16/install/control_msgs:${AMENT_PREFIX_PATH} CMAKE_PREFIX_PATH=/home/gcerioni/ws_ur16/install/controller_manager:/home/gcerioni/ws_ur16/install/hardware_interface_testing:/home/gcerioni/ws_ur16/install/controller_interface:/home/gcerioni/ws_ur16/install/hardware_interface:/home/gcerioni/ws_ur16/install/control_toolbox:/home/gcerioni/ws_ur16/install/ros2_control_test_assets:/home/gcerioni/ws_ur16/install/realtime_tools:/home/gcerioni/ws_ur16/install/controller_manager_msgs:/home/gcerioni/ws_ur16/install/control_msgs:/opt/ros/humble LD_LIBRARY_PATH=/home/gcerioni/ws_ur16/install/controller_manager/lib:/home/gcerioni/ws_ur16/install/hardware_interface_testing/lib:/home/gcerioni/ws_ur16/install/controller_interface/lib:/home/gcerioni/ws_ur16/install/hardware_interface/lib:/home/gcerioni/ws_ur16/install/control_toolbox/lib:/home/gcerioni/ws_ur16/install/realtime_tools/lib:/home/gcerioni/ws_ur16/install/controller_manager_msgs/lib:/home/gcerioni/ws_ur16/install/control_msgs/lib:${LD_LIBRARY_PATH} PYTHONPATH=/home/gcerioni/ws_ur16/install/controller_manager/local/lib/python3.10/dist-packages:/home/gcerioni/ws_ur16/install/controller_manager_msgs/local/lib/python3.10/dist-packages:/home/gcerioni/ws_ur16/install/control_msgs/local/lib/python3.10/dist-packages:${PYTHONPATH} /usr/bin/cmake --install /home/gcerioni/ws_ur16/build/pid_controller
