[0.095s] Invoking command in '/home/gcerioni/ws_ur16/build/position_controllers': AMENT_PREFIX_PATH=/home/gcerioni/ws_ur16/install/forward_command_controller:/home/gcerioni/ws_ur16/install/controller_manager:/home/gcerioni/ws_ur16/install/hardware_interface_testing:/home/gcerioni/ws_ur16/install/controller_interface:/home/gcerioni/ws_ur16/install/hardware_interface:/home/gcerioni/ws_ur16/install/ros2_control_test_assets:/home/gcerioni/ws_ur16/install/realtime_tools:/home/gcerioni/ws_ur16/install/controller_manager_msgs:/home/gcerioni/ws_ur16/install/control_msgs:${AMENT_PREFIX_PATH} CMAKE_PREFIX_PATH=/home/gcerioni/ws_ur16/install/forward_command_controller:/home/gcerioni/ws_ur16/install/controller_manager:/home/gcerioni/ws_ur16/install/hardware_interface_testing:/home/gcerioni/ws_ur16/install/controller_interface:/home/gcerioni/ws_ur16/install/hardware_interface:/home/gcerioni/ws_ur16/install/ros2_control_test_assets:/home/gcerioni/ws_ur16/install/realtime_tools:/home/gcerioni/ws_ur16/install/controller_manager_msgs:/home/gcerioni/ws_ur16/install/control_msgs:/opt/ros/humble LD_LIBRARY_PATH=/home/gcerioni/ws_ur16/install/forward_command_controller/lib:/home/gcerioni/ws_ur16/install/controller_manager/lib:/home/gcerioni/ws_ur16/install/hardware_interface_testing/lib:/home/gcerioni/ws_ur16/install/controller_interface/lib:/home/gcerioni/ws_ur16/install/hardware_interface/lib:/home/gcerioni/ws_ur16/install/realtime_tools/lib:/home/gcerioni/ws_ur16/install/controller_manager_msgs/lib:/home/gcerioni/ws_ur16/install/control_msgs/lib:${LD_LIBRARY_PATH} PYTHONPATH=/home/gcerioni/ws_ur16/install/controller_manager/local/lib/python3.10/dist-packages:/home/gcerioni/ws_ur16/install/controller_manager_msgs/local/lib/python3.10/dist-packages:/home/gcerioni/ws_ur16/install/control_msgs/local/lib/python3.10/dist-packages:${PYTHONPATH} /usr/bin/cmake --build /home/gcerioni/ws_ur16/build/position_controllers -- -j8 -l8
[0.180s] [35m[1mConsolidate compiler generated dependencies of target position_controllers[0m
[0.185s] [35m[1mConsolidate compiler generated dependencies of target gmock_main[0m
[0.214s] [35m[1mConsolidate compiler generated dependencies of target gmock[0m
[0.238s] [ 18%] Built target position_controllers
[0.238s] [ 36%] Built target gmock_main
[0.268s] [ 63%] Built target gmock
[0.304s] [35m[1mConsolidate compiler generated dependencies of target test_load_joint_group_position_controller[0m
[0.315s] [35m[1mConsolidate compiler generated dependencies of target test_joint_group_position_controller[0m
[0.355s] [ 81%] Built target test_load_joint_group_position_controller
[0.358s] [100%] Built target test_joint_group_position_controller
[0.386s] Invoked command in '/home/gcerioni/ws_ur16/build/position_controllers' returned '0': AMENT_PREFIX_PATH=/home/gcerioni/ws_ur16/install/forward_command_controller:/home/gcerioni/ws_ur16/install/controller_manager:/home/gcerioni/ws_ur16/install/hardware_interface_testing:/home/gcerioni/ws_ur16/install/controller_interface:/home/gcerioni/ws_ur16/install/hardware_interface:/home/gcerioni/ws_ur16/install/ros2_control_test_assets:/home/gcerioni/ws_ur16/install/realtime_tools:/home/gcerioni/ws_ur16/install/controller_manager_msgs:/home/gcerioni/ws_ur16/install/control_msgs:${AMENT_PREFIX_PATH} CMAKE_PREFIX_PATH=/home/gcerioni/ws_ur16/install/forward_command_controller:/home/gcerioni/ws_ur16/install/controller_manager:/home/gcerioni/ws_ur16/install/hardware_interface_testing:/home/gcerioni/ws_ur16/install/controller_interface:/home/gcerioni/ws_ur16/install/hardware_interface:/home/gcerioni/ws_ur16/install/ros2_control_test_assets:/home/gcerioni/ws_ur16/install/realtime_tools:/home/gcerioni/ws_ur16/install/controller_manager_msgs:/home/gcerioni/ws_ur16/install/control_msgs:/opt/ros/humble LD_LIBRARY_PATH=/home/gcerioni/ws_ur16/install/forward_command_controller/lib:/home/gcerioni/ws_ur16/install/controller_manager/lib:/home/gcerioni/ws_ur16/install/hardware_interface_testing/lib:/home/gcerioni/ws_ur16/install/controller_interface/lib:/home/gcerioni/ws_ur16/install/hardware_interface/lib:/home/gcerioni/ws_ur16/install/realtime_tools/lib:/home/gcerioni/ws_ur16/install/controller_manager_msgs/lib:/home/gcerioni/ws_ur16/install/control_msgs/lib:${LD_LIBRARY_PATH} PYTHONPATH=/home/gcerioni/ws_ur16/install/controller_manager/local/lib/python3.10/dist-packages:/home/gcerioni/ws_ur16/install/controller_manager_msgs/local/lib/python3.10/dist-packages:/home/gcerioni/ws_ur16/install/control_msgs/local/lib/python3.10/dist-packages:${PYTHONPATH} /usr/bin/cmake --build /home/gcerioni/ws_ur16/build/position_controllers -- -j8 -l8
[0.392s] Invoking command in '/home/gcerioni/ws_ur16/build/position_controllers': AMENT_PREFIX_PATH=/home/gcerioni/ws_ur16/install/forward_command_controller:/home/gcerioni/ws_ur16/install/controller_manager:/home/gcerioni/ws_ur16/install/hardware_interface_testing:/home/gcerioni/ws_ur16/install/controller_interface:/home/gcerioni/ws_ur16/install/hardware_interface:/home/gcerioni/ws_ur16/install/ros2_control_test_assets:/home/gcerioni/ws_ur16/install/realtime_tools:/home/gcerioni/ws_ur16/install/controller_manager_msgs:/home/gcerioni/ws_ur16/install/control_msgs:${AMENT_PREFIX_PATH} CMAKE_PREFIX_PATH=/home/gcerioni/ws_ur16/install/forward_command_controller:/home/gcerioni/ws_ur16/install/controller_manager:/home/gcerioni/ws_ur16/install/hardware_interface_testing:/home/gcerioni/ws_ur16/install/controller_interface:/home/gcerioni/ws_ur16/install/hardware_interface:/home/gcerioni/ws_ur16/install/ros2_control_test_assets:/home/gcerioni/ws_ur16/install/realtime_tools:/home/gcerioni/ws_ur16/install/controller_manager_msgs:/home/gcerioni/ws_ur16/install/control_msgs:/opt/ros/humble LD_LIBRARY_PATH=/home/gcerioni/ws_ur16/install/forward_command_controller/lib:/home/gcerioni/ws_ur16/install/controller_manager/lib:/home/gcerioni/ws_ur16/install/hardware_interface_testing/lib:/home/gcerioni/ws_ur16/install/controller_interface/lib:/home/gcerioni/ws_ur16/install/hardware_interface/lib:/home/gcerioni/ws_ur16/install/realtime_tools/lib:/home/gcerioni/ws_ur16/install/controller_manager_msgs/lib:/home/gcerioni/ws_ur16/install/control_msgs/lib:${LD_LIBRARY_PATH} PYTHONPATH=/home/gcerioni/ws_ur16/install/controller_manager/local/lib/python3.10/dist-packages:/home/gcerioni/ws_ur16/install/controller_manager_msgs/local/lib/python3.10/dist-packages:/home/gcerioni/ws_ur16/install/control_msgs/local/lib/python3.10/dist-packages:${PYTHONPATH} /usr/bin/cmake --install /home/gcerioni/ws_ur16/build/position_controllers
[0.432s] -- Install configuration: "Release"
[0.432s] -- Up-to-date: /home/gcerioni/ws_ur16/install/position_controllers/share/position_controllers/position_controllers_plugins.xml
[0.433s] -- Up-to-date: /home/gcerioni/ws_ur16/install/position_controllers/include/position_controllers
[0.433s] -- Up-to-date: /home/gcerioni/ws_ur16/install/position_controllers/include/position_controllers/position_controllers
[0.433s] -- Up-to-date: /home/gcerioni/ws_ur16/install/position_controllers/include/position_controllers/position_controllers/visibility_control.h
[0.433s] -- Up-to-date: /home/gcerioni/ws_ur16/install/position_controllers/include/position_controllers/position_controllers/joint_group_position_controller.hpp
[0.433s] -- Up-to-date: /home/gcerioni/ws_ur16/install/position_controllers/lib/libposition_controllers.so
[0.433s] -- Up-to-date: /home/gcerioni/ws_ur16/install/position_controllers/share/position_controllers/environment/library_path.sh
[0.433s] -- Up-to-date: /home/gcerioni/ws_ur16/install/position_controllers/share/position_controllers/environment/library_path.dsv
[0.433s] -- Up-to-date: /home/gcerioni/ws_ur16/install/position_controllers/share/ament_index/resource_index/package_run_dependencies/position_controllers
[0.433s] -- Up-to-date: /home/gcerioni/ws_ur16/install/position_controllers/share/ament_index/resource_index/parent_prefix_path/position_controllers
[0.433s] -- Up-to-date: /home/gcerioni/ws_ur16/install/position_controllers/share/position_controllers/environment/ament_prefix_path.sh
[0.433s] -- Up-to-date: /home/gcerioni/ws_ur16/install/position_controllers/share/position_controllers/environment/ament_prefix_path.dsv
[0.433s] -- Up-to-date: /home/gcerioni/ws_ur16/install/position_controllers/share/position_controllers/environment/path.sh
[0.434s] -- Up-to-date: /home/gcerioni/ws_ur16/install/position_controllers/share/position_controllers/environment/path.dsv
[0.434s] -- Up-to-date: /home/gcerioni/ws_ur16/install/position_controllers/share/position_controllers/local_setup.bash
[0.434s] -- Up-to-date: /home/gcerioni/ws_ur16/install/position_controllers/share/position_controllers/local_setup.sh
[0.434s] -- Up-to-date: /home/gcerioni/ws_ur16/install/position_controllers/share/position_controllers/local_setup.zsh
[0.434s] -- Up-to-date: /home/gcerioni/ws_ur16/install/position_controllers/share/position_controllers/local_setup.dsv
[0.434s] -- Installing: /home/gcerioni/ws_ur16/install/position_controllers/share/position_controllers/package.dsv
[0.434s] -- Up-to-date: /home/gcerioni/ws_ur16/install/position_controllers/share/ament_index/resource_index/packages/position_controllers
[0.434s] -- Up-to-date: /home/gcerioni/ws_ur16/install/position_controllers/share/ament_index/resource_index/controller_interface__pluginlib__plugin/position_controllers
[0.434s] -- Up-to-date: /home/gcerioni/ws_ur16/install/position_controllers/share/position_controllers/cmake/export_position_controllersExport.cmake
[0.434s] -- Up-to-date: /home/gcerioni/ws_ur16/install/position_controllers/share/position_controllers/cmake/export_position_controllersExport-release.cmake
[0.434s] -- Up-to-date: /home/gcerioni/ws_ur16/install/position_controllers/share/position_controllers/cmake/ament_cmake_export_targets-extras.cmake
[0.437s] -- Up-to-date: /home/gcerioni/ws_ur16/install/position_controllers/share/position_controllers/cmake/ament_cmake_export_dependencies-extras.cmake
[0.438s] -- Up-to-date: /home/gcerioni/ws_ur16/install/position_controllers/share/position_controllers/cmake/position_controllersConfig.cmake
[0.438s] -- Up-to-date: /home/gcerioni/ws_ur16/install/position_controllers/share/position_controllers/cmake/position_controllersConfig-version.cmake
[0.438s] -- Up-to-date: /home/gcerioni/ws_ur16/install/position_controllers/share/position_controllers/package.xml
[0.481s] Invoked command in '/home/gcerioni/ws_ur16/build/position_controllers' returned '0': AMENT_PREFIX_PATH=/home/gcerioni/ws_ur16/install/forward_command_controller:/home/gcerioni/ws_ur16/install/controller_manager:/home/gcerioni/ws_ur16/install/hardware_interface_testing:/home/gcerioni/ws_ur16/install/controller_interface:/home/gcerioni/ws_ur16/install/hardware_interface:/home/gcerioni/ws_ur16/install/ros2_control_test_assets:/home/gcerioni/ws_ur16/install/realtime_tools:/home/gcerioni/ws_ur16/install/controller_manager_msgs:/home/gcerioni/ws_ur16/install/control_msgs:${AMENT_PREFIX_PATH} CMAKE_PREFIX_PATH=/home/gcerioni/ws_ur16/install/forward_command_controller:/home/gcerioni/ws_ur16/install/controller_manager:/home/gcerioni/ws_ur16/install/hardware_interface_testing:/home/gcerioni/ws_ur16/install/controller_interface:/home/gcerioni/ws_ur16/install/hardware_interface:/home/gcerioni/ws_ur16/install/ros2_control_test_assets:/home/gcerioni/ws_ur16/install/realtime_tools:/home/gcerioni/ws_ur16/install/controller_manager_msgs:/home/gcerioni/ws_ur16/install/control_msgs:/opt/ros/humble LD_LIBRARY_PATH=/home/gcerioni/ws_ur16/install/forward_command_controller/lib:/home/gcerioni/ws_ur16/install/controller_manager/lib:/home/gcerioni/ws_ur16/install/hardware_interface_testing/lib:/home/gcerioni/ws_ur16/install/controller_interface/lib:/home/gcerioni/ws_ur16/install/hardware_interface/lib:/home/gcerioni/ws_ur16/install/realtime_tools/lib:/home/gcerioni/ws_ur16/install/controller_manager_msgs/lib:/home/gcerioni/ws_ur16/install/control_msgs/lib:${LD_LIBRARY_PATH} PYTHONPATH=/home/gcerioni/ws_ur16/install/controller_manager/local/lib/python3.10/dist-packages:/home/gcerioni/ws_ur16/install/controller_manager_msgs/local/lib/python3.10/dist-packages:/home/gcerioni/ws_ur16/install/control_msgs/local/lib/python3.10/dist-packages:${PYTHONPATH} /usr/bin/cmake --install /home/gcerioni/ws_ur16/build/position_controllers
