[0.029s] Invoking command in '/home/gcerioni/ws_ur16/build/ur_dashboard_msgs': CMAKE_PREFIX_PATH=/opt/ros/humble /usr/bin/cmake /home/gcerioni/ws_ur16/src/Universal_Robots_ROS2_Driver/ur_dashboard_msgs -DCMAKE_BUILD_TYPE=Release -DCMAKE_INSTALL_PREFIX=/home/gcerioni/ws_ur16/install/ur_dashboard_msgs
[0.043s] -- Found ament_cmake: 1.3.11 (/opt/ros/humble/share/ament_cmake/cmake)
[0.275s] -- Found rosidl_default_generators: 1.2.0 (/opt/ros/humble/share/rosidl_default_generators/cmake)
[0.279s] -- Using all available rosidl_typesupport_c: rosidl_typesupport_fastrtps_c;rosidl_typesupport_introspection_c
[0.284s] -- Found rosidl_adapter: 3.1.6 (/opt/ros/humble/share/rosidl_adapter/cmake)
[0.342s] -- Using all available rosidl_typesupport_cpp: rosidl_typesupport_fastrtps_cpp;rosidl_typesupport_introspection_cpp
[0.380s] -- Found action_msgs: 1.2.1 (/opt/ros/humble/share/action_msgs/cmake)
[1.001s] -- Found ament_cmake_ros: 0.10.0 (/opt/ros/humble/share/ament_cmake_ros/cmake)
[1.278s] -- Using all available rosidl_typesupport_c: rosidl_typesupport_fastrtps_c;rosidl_typesupport_introspection_c
[1.624s] -- Using all available rosidl_typesupport_cpp: rosidl_typesupport_fastrtps_cpp;rosidl_typesupport_introspection_cpp
[1.654s] -- Found python_cmake_module: 0.10.0 (/opt/ros/humble/share/python_cmake_module/cmake)
[1.684s] -- Using PYTHON_EXECUTABLE: /usr/bin/python3
[1.684s] -- Using PYTHON_INCLUDE_DIRS: /usr/include/python3.10
[1.684s] -- Using PYTHON_LIBRARIES: /usr/lib/x86_64-linux-gnu/libpython3.10.so
[1.727s] -- Configuring done
[1.788s] -- Generating done
[1.812s] -- Build files have been written to: /home/gcerioni/ws_ur16/build/ur_dashboard_msgs
[1.839s] Invoked command in '/home/gcerioni/ws_ur16/build/ur_dashboard_msgs' returned '0': CMAKE_PREFIX_PATH=/opt/ros/humble /usr/bin/cmake /home/gcerioni/ws_ur16/src/Universal_Robots_ROS2_Driver/ur_dashboard_msgs -DCMAKE_BUILD_TYPE=Release -DCMAKE_INSTALL_PREFIX=/home/gcerioni/ws_ur16/install/ur_dashboard_msgs
[1.845s] Invoking command in '/home/gcerioni/ws_ur16/build/ur_dashboard_msgs': CMAKE_PREFIX_PATH=/opt/ros/humble /usr/bin/cmake --build /home/gcerioni/ws_ur16/build/ur_dashboard_msgs -- -j8 -l8
[1.911s] [35m[1mConsolidate compiler generated dependencies of target ur_dashboard_msgs__rosidl_generator_c[0m
[1.927s] [  0%] Built target ur_dashboard_msgs__cpp
[1.947s] [  0%] Built target ament_cmake_python_copy_ur_dashboard_msgs
[1.948s] [  1%] [32mBuilding C object CMakeFiles/ur_dashboard_msgs__rosidl_generator_c.dir/rosidl_generator_c/ur_dashboard_msgs/msg/detail/robot_mode__functions.c.o[0m
[1.948s] [  2%] [32mBuilding C object CMakeFiles/ur_dashboard_msgs__rosidl_generator_c.dir/rosidl_generator_c/ur_dashboard_msgs/msg/detail/safety_mode__functions.c.o[0m
[1.949s] [  2%] [32mBuilding C object CMakeFiles/ur_dashboard_msgs__rosidl_generator_c.dir/rosidl_generator_c/ur_dashboard_msgs/msg/detail/program_state__functions.c.o[0m
[1.964s] [35m[1mConsolidate compiler generated dependencies of target ur_dashboard_msgs__rosidl_typesupport_introspection_cpp[0m
[1.968s] [  3%] [32mBuilding C object CMakeFiles/ur_dashboard_msgs__rosidl_generator_c.dir/rosidl_generator_c/ur_dashboard_msgs/srv/detail/get_loaded_program__functions.c.o[0m
[1.968s] [  3%] [32mBuilding C object CMakeFiles/ur_dashboard_msgs__rosidl_generator_c.dir/rosidl_generator_c/ur_dashboard_msgs/srv/detail/add_to_log__functions.c.o[0m
[1.969s] [35m[1mConsolidate compiler generated dependencies of target ur_dashboard_msgs__rosidl_typesupport_cpp[0m
[1.978s] [35m[1mConsolidate compiler generated dependencies of target ur_dashboard_msgs__rosidl_typesupport_fastrtps_cpp[0m
[2.025s] [  4%] [32mBuilding CXX object CMakeFiles/ur_dashboard_msgs__rosidl_typesupport_cpp.dir/rosidl_typesupport_cpp/ur_dashboard_msgs/msg/program_state__type_support.cpp.o[0m
[2.029s] [  5%] [32mBuilding CXX object CMakeFiles/ur_dashboard_msgs__rosidl_typesupport_introspection_cpp.dir/rosidl_typesupport_introspection_cpp/ur_dashboard_msgs/msg/detail/program_state__type_support.cpp.o[0m
[2.056s] [  6%] [32mBuilding CXX object CMakeFiles/ur_dashboard_msgs__rosidl_typesupport_fastrtps_cpp.dir/rosidl_typesupport_fastrtps_cpp/ur_dashboard_msgs/msg/detail/dds_fastrtps/program_state__type_support.cpp.o[0m
[2.215s] [  7%] [32mBuilding C object CMakeFiles/ur_dashboard_msgs__rosidl_generator_c.dir/rosidl_generator_c/ur_dashboard_msgs/srv/detail/get_program_state__functions.c.o[0m
[2.270s] [  8%] [32mBuilding C object CMakeFiles/ur_dashboard_msgs__rosidl_generator_c.dir/rosidl_generator_c/ur_dashboard_msgs/srv/detail/get_robot_mode__functions.c.o[0m
[2.376s] [  9%] [32mBuilding CXX object CMakeFiles/ur_dashboard_msgs__rosidl_typesupport_fastrtps_cpp.dir/rosidl_typesupport_fastrtps_cpp/ur_dashboard_msgs/msg/detail/dds_fastrtps/robot_mode__type_support.cpp.o[0m
[2.377s] [ 10%] [32mBuilding C object CMakeFiles/ur_dashboard_msgs__rosidl_generator_c.dir/rosidl_generator_c/ur_dashboard_msgs/srv/detail/get_safety_mode__functions.c.o[0m
[2.767s] [ 11%] [32mBuilding CXX object CMakeFiles/ur_dashboard_msgs__rosidl_typesupport_cpp.dir/rosidl_typesupport_cpp/ur_dashboard_msgs/msg/robot_mode__type_support.cpp.o[0m
[2.852s] [ 11%] [32mBuilding C object CMakeFiles/ur_dashboard_msgs__rosidl_generator_c.dir/rosidl_generator_c/ur_dashboard_msgs/srv/detail/is_program_running__functions.c.o[0m
[2.939s] [ 12%] [32mBuilding C object CMakeFiles/ur_dashboard_msgs__rosidl_generator_c.dir/rosidl_generator_c/ur_dashboard_msgs/srv/detail/is_program_saved__functions.c.o[0m
[3.271s] [ 12%] [32mBuilding CXX object CMakeFiles/ur_dashboard_msgs__rosidl_typesupport_fastrtps_cpp.dir/rosidl_typesupport_fastrtps_cpp/ur_dashboard_msgs/msg/detail/dds_fastrtps/safety_mode__type_support.cpp.o[0m
[3.277s] running egg_info
[3.285s] writing ur_dashboard_msgs.egg-info/PKG-INFO
[3.285s] writing dependency_links to ur_dashboard_msgs.egg-info/dependency_links.txt
[3.286s] writing top-level names to ur_dashboard_msgs.egg-info/top_level.txt
[3.294s] reading manifest file 'ur_dashboard_msgs.egg-info/SOURCES.txt'
[3.295s] writing manifest file 'ur_dashboard_msgs.egg-info/SOURCES.txt'
[3.343s] [ 13%] [32mBuilding CXX object CMakeFiles/ur_dashboard_msgs__rosidl_typesupport_introspection_cpp.dir/rosidl_typesupport_introspection_cpp/ur_dashboard_msgs/msg/detail/robot_mode__type_support.cpp.o[0m
[3.421s] [ 14%] [32mBuilding C object CMakeFiles/ur_dashboard_msgs__rosidl_generator_c.dir/rosidl_generator_c/ur_dashboard_msgs/srv/detail/load__functions.c.o[0m
[3.428s] [ 14%] Built target ament_cmake_python_build_ur_dashboard_msgs_egg
[3.459s] [ 15%] [32mBuilding CXX object CMakeFiles/ur_dashboard_msgs__rosidl_typesupport_introspection_cpp.dir/rosidl_typesupport_introspection_cpp/ur_dashboard_msgs/msg/detail/safety_mode__type_support.cpp.o[0m
[3.646s] [ 15%] [32mBuilding CXX object CMakeFiles/ur_dashboard_msgs__rosidl_typesupport_cpp.dir/rosidl_typesupport_cpp/ur_dashboard_msgs/msg/safety_mode__type_support.cpp.o[0m
[3.892s] [ 16%] [32mBuilding CXX object CMakeFiles/ur_dashboard_msgs__rosidl_typesupport_cpp.dir/rosidl_typesupport_cpp/ur_dashboard_msgs/srv/add_to_log__type_support.cpp.o[0m
[3.906s] [ 17%] [32mBuilding C object CMakeFiles/ur_dashboard_msgs__rosidl_generator_c.dir/rosidl_generator_c/ur_dashboard_msgs/srv/detail/popup__functions.c.o[0m
[4.090s] [ 17%] [32mBuilding CXX object CMakeFiles/ur_dashboard_msgs__rosidl_typesupport_introspection_cpp.dir/rosidl_typesupport_introspection_cpp/ur_dashboard_msgs/srv/detail/add_to_log__type_support.cpp.o[0m
[4.109s] [ 18%] [32mBuilding CXX object CMakeFiles/ur_dashboard_msgs__rosidl_typesupport_fastrtps_cpp.dir/rosidl_typesupport_fastrtps_cpp/ur_dashboard_msgs/srv/detail/dds_fastrtps/add_to_log__type_support.cpp.o[0m
[4.652s] [ 18%] [32mBuilding C object CMakeFiles/ur_dashboard_msgs__rosidl_generator_c.dir/rosidl_generator_c/ur_dashboard_msgs/srv/detail/raw_request__functions.c.o[0m
[5.062s] [ 19%] [32mBuilding CXX object CMakeFiles/ur_dashboard_msgs__rosidl_typesupport_cpp.dir/rosidl_typesupport_cpp/ur_dashboard_msgs/srv/get_loaded_program__type_support.cpp.o[0m
[5.343s] [ 20%] [32mBuilding C object CMakeFiles/ur_dashboard_msgs__rosidl_generator_c.dir/rosidl_generator_c/ur_dashboard_msgs/action/detail/set_mode__functions.c.o[0m
[5.432s] [ 20%] [32mBuilding CXX object CMakeFiles/ur_dashboard_msgs__rosidl_typesupport_cpp.dir/rosidl_typesupport_cpp/ur_dashboard_msgs/srv/get_program_state__type_support.cpp.o[0m
[5.666s] [ 21%] [32mBuilding CXX object CMakeFiles/ur_dashboard_msgs__rosidl_typesupport_introspection_cpp.dir/rosidl_typesupport_introspection_cpp/ur_dashboard_msgs/srv/detail/get_loaded_program__type_support.cpp.o[0m
[5.814s] [ 22%] [32mBuilding CXX object CMakeFiles/ur_dashboard_msgs__rosidl_typesupport_fastrtps_cpp.dir/rosidl_typesupport_fastrtps_cpp/ur_dashboard_msgs/srv/detail/dds_fastrtps/get_loaded_program__type_support.cpp.o[0m
[5.827s] [ 23%] [32mBuilding CXX object CMakeFiles/ur_dashboard_msgs__rosidl_typesupport_introspection_cpp.dir/rosidl_typesupport_introspection_cpp/ur_dashboard_msgs/srv/detail/get_program_state__type_support.cpp.o[0m
[5.869s] [ 24%] [32mBuilding CXX object CMakeFiles/ur_dashboard_msgs__rosidl_typesupport_cpp.dir/rosidl_typesupport_cpp/ur_dashboard_msgs/srv/get_robot_mode__type_support.cpp.o[0m
[6.738s] [ 25%] [32mBuilding CXX object CMakeFiles/ur_dashboard_msgs__rosidl_typesupport_cpp.dir/rosidl_typesupport_cpp/ur_dashboard_msgs/srv/get_safety_mode__type_support.cpp.o[0m
[7.274s] [ 26%] [32mBuilding CXX object CMakeFiles/ur_dashboard_msgs__rosidl_typesupport_fastrtps_cpp.dir/rosidl_typesupport_fastrtps_cpp/ur_dashboard_msgs/srv/detail/dds_fastrtps/get_program_state__type_support.cpp.o[0m
[7.309s] [ 27%] [32mBuilding CXX object CMakeFiles/ur_dashboard_msgs__rosidl_typesupport_cpp.dir/rosidl_typesupport_cpp/ur_dashboard_msgs/srv/is_program_running__type_support.cpp.o[0m
[7.441s] [ 28%] [32mBuilding CXX object CMakeFiles/ur_dashboard_msgs__rosidl_typesupport_introspection_cpp.dir/rosidl_typesupport_introspection_cpp/ur_dashboard_msgs/srv/detail/get_robot_mode__type_support.cpp.o[0m
[8.031s] [ 28%] [32mBuilding CXX object CMakeFiles/ur_dashboard_msgs__rosidl_typesupport_introspection_cpp.dir/rosidl_typesupport_introspection_cpp/ur_dashboard_msgs/srv/detail/get_safety_mode__type_support.cpp.o[0m
[8.062s] [ 29%] [32m[1mLinking C shared library libur_dashboard_msgs__rosidl_generator_c.so[0m
[8.302s] [ 30%] Built target ur_dashboard_msgs__rosidl_generator_c
[8.341s] [ 31%] [32mBuilding CXX object CMakeFiles/ur_dashboard_msgs__rosidl_typesupport_introspection_cpp.dir/rosidl_typesupport_introspection_cpp/ur_dashboard_msgs/srv/detail/is_program_running__type_support.cpp.o[0m
[8.658s] [ 31%] [32mBuilding CXX object CMakeFiles/ur_dashboard_msgs__rosidl_typesupport_fastrtps_cpp.dir/rosidl_typesupport_fastrtps_cpp/ur_dashboard_msgs/srv/detail/dds_fastrtps/get_robot_mode__type_support.cpp.o[0m
[8.735s] [ 31%] [32mBuilding CXX object CMakeFiles/ur_dashboard_msgs__rosidl_typesupport_cpp.dir/rosidl_typesupport_cpp/ur_dashboard_msgs/srv/is_program_saved__type_support.cpp.o[0m
[9.158s] [ 32%] [32mBuilding CXX object CMakeFiles/ur_dashboard_msgs__rosidl_typesupport_fastrtps_cpp.dir/rosidl_typesupport_fastrtps_cpp/ur_dashboard_msgs/srv/detail/dds_fastrtps/get_safety_mode__type_support.cpp.o[0m
[9.233s] [35m[1mConsolidate compiler generated dependencies of target ur_dashboard_msgs__rosidl_typesupport_fastrtps_c[0m
[9.335s] [ 33%] [32mBuilding CXX object CMakeFiles/ur_dashboard_msgs__rosidl_typesupport_fastrtps_c.dir/rosidl_typesupport_fastrtps_c/ur_dashboard_msgs/msg/detail/program_state__type_support_c.cpp.o[0m
[9.748s] [ 34%] [32mBuilding CXX object CMakeFiles/ur_dashboard_msgs__rosidl_typesupport_cpp.dir/rosidl_typesupport_cpp/ur_dashboard_msgs/srv/load__type_support.cpp.o[0m
[9.976s] [ 35%] [32mBuilding CXX object CMakeFiles/ur_dashboard_msgs__rosidl_typesupport_introspection_cpp.dir/rosidl_typesupport_introspection_cpp/ur_dashboard_msgs/srv/detail/is_program_saved__type_support.cpp.o[0m
[10.026s] [35m[1mConsolidate compiler generated dependencies of target ur_dashboard_msgs__rosidl_typesupport_introspection_c[0m
[10.089s] [ 36%] [32mBuilding C object CMakeFiles/ur_dashboard_msgs__rosidl_typesupport_introspection_c.dir/rosidl_typesupport_introspection_c/ur_dashboard_msgs/msg/detail/program_state__type_support.c.o[0m
[10.243s] [ 37%] [32mBuilding C object CMakeFiles/ur_dashboard_msgs__rosidl_typesupport_introspection_c.dir/rosidl_typesupport_introspection_c/ur_dashboard_msgs/msg/detail/robot_mode__type_support.c.o[0m
[10.314s] [ 38%] [32mBuilding CXX object CMakeFiles/ur_dashboard_msgs__rosidl_typesupport_introspection_cpp.dir/rosidl_typesupport_introspection_cpp/ur_dashboard_msgs/srv/detail/load__type_support.cpp.o[0m
[10.371s] [ 38%] [32mBuilding C object CMakeFiles/ur_dashboard_msgs__rosidl_typesupport_introspection_c.dir/rosidl_typesupport_introspection_c/ur_dashboard_msgs/msg/detail/safety_mode__type_support.c.o[0m
[10.574s] [ 39%] [32mBuilding C object CMakeFiles/ur_dashboard_msgs__rosidl_typesupport_introspection_c.dir/rosidl_typesupport_introspection_c/ur_dashboard_msgs/srv/detail/add_to_log__type_support.c.o[0m
[10.750s] [ 39%] [32mBuilding CXX object CMakeFiles/ur_dashboard_msgs__rosidl_typesupport_fastrtps_c.dir/rosidl_typesupport_fastrtps_c/ur_dashboard_msgs/msg/detail/robot_mode__type_support_c.cpp.o[0m
[10.758s] [ 40%] [32mBuilding C object CMakeFiles/ur_dashboard_msgs__rosidl_typesupport_introspection_c.dir/rosidl_typesupport_introspection_c/ur_dashboard_msgs/srv/detail/get_loaded_program__type_support.c.o[0m
[10.841s] [ 41%] [32mBuilding CXX object CMakeFiles/ur_dashboard_msgs__rosidl_typesupport_fastrtps_cpp.dir/rosidl_typesupport_fastrtps_cpp/ur_dashboard_msgs/srv/detail/dds_fastrtps/is_program_running__type_support.cpp.o[0m
[10.862s] [ 42%] [32mBuilding CXX object CMakeFiles/ur_dashboard_msgs__rosidl_typesupport_cpp.dir/rosidl_typesupport_cpp/ur_dashboard_msgs/srv/popup__type_support.cpp.o[0m
[10.901s] [ 43%] [32mBuilding C object CMakeFiles/ur_dashboard_msgs__rosidl_typesupport_introspection_c.dir/rosidl_typesupport_introspection_c/ur_dashboard_msgs/srv/detail/get_program_state__type_support.c.o[0m
[11.174s] [ 43%] [32mBuilding C object CMakeFiles/ur_dashboard_msgs__rosidl_typesupport_introspection_c.dir/rosidl_typesupport_introspection_c/ur_dashboard_msgs/srv/detail/get_robot_mode__type_support.c.o[0m
[11.342s] [ 44%] [32mBuilding C object CMakeFiles/ur_dashboard_msgs__rosidl_typesupport_introspection_c.dir/rosidl_typesupport_introspection_c/ur_dashboard_msgs/srv/detail/get_safety_mode__type_support.c.o[0m
[11.407s] [ 45%] [32mBuilding CXX object CMakeFiles/ur_dashboard_msgs__rosidl_typesupport_fastrtps_cpp.dir/rosidl_typesupport_fastrtps_cpp/ur_dashboard_msgs/srv/detail/dds_fastrtps/is_program_saved__type_support.cpp.o[0m
[11.484s] [ 46%] [32mBuilding C object CMakeFiles/ur_dashboard_msgs__rosidl_typesupport_introspection_c.dir/rosidl_typesupport_introspection_c/ur_dashboard_msgs/srv/detail/is_program_running__type_support.c.o[0m
[11.546s] [ 47%] [32mBuilding CXX object CMakeFiles/ur_dashboard_msgs__rosidl_typesupport_cpp.dir/rosidl_typesupport_cpp/ur_dashboard_msgs/srv/raw_request__type_support.cpp.o[0m
[11.707s] [ 47%] [32mBuilding C object CMakeFiles/ur_dashboard_msgs__rosidl_typesupport_introspection_c.dir/rosidl_typesupport_introspection_c/ur_dashboard_msgs/srv/detail/is_program_saved__type_support.c.o[0m
[11.869s] [ 48%] [32mBuilding C object CMakeFiles/ur_dashboard_msgs__rosidl_typesupport_introspection_c.dir/rosidl_typesupport_introspection_c/ur_dashboard_msgs/srv/detail/load__type_support.c.o[0m
[11.895s] [ 49%] [32mBuilding C object CMakeFiles/ur_dashboard_msgs__rosidl_typesupport_introspection_c.dir/rosidl_typesupport_introspection_c/ur_dashboard_msgs/srv/detail/popup__type_support.c.o[0m
[11.994s] [ 49%] [32mBuilding CXX object CMakeFiles/ur_dashboard_msgs__rosidl_typesupport_introspection_cpp.dir/rosidl_typesupport_introspection_cpp/ur_dashboard_msgs/srv/detail/popup__type_support.cpp.o[0m
[12.074s] [ 50%] [32mBuilding C object CMakeFiles/ur_dashboard_msgs__rosidl_typesupport_introspection_c.dir/rosidl_typesupport_introspection_c/ur_dashboard_msgs/srv/detail/raw_request__type_support.c.o[0m
[12.352s] [ 50%] [32mBuilding C object CMakeFiles/ur_dashboard_msgs__rosidl_typesupport_introspection_c.dir/rosidl_typesupport_introspection_c/ur_dashboard_msgs/action/detail/set_mode__type_support.c.o[0m
[12.526s] [ 51%] [32mBuilding CXX object CMakeFiles/ur_dashboard_msgs__rosidl_typesupport_fastrtps_c.dir/rosidl_typesupport_fastrtps_c/ur_dashboard_msgs/msg/detail/safety_mode__type_support_c.cpp.o[0m
[12.542s] [ 52%] [32m[1mLinking C shared library libur_dashboard_msgs__rosidl_typesupport_introspection_c.so[0m
[12.560s] [ 52%] [32mBuilding CXX object CMakeFiles/ur_dashboard_msgs__rosidl_typesupport_fastrtps_cpp.dir/rosidl_typesupport_fastrtps_cpp/ur_dashboard_msgs/srv/detail/dds_fastrtps/load__type_support.cpp.o[0m
[12.594s] [ 53%] [32mBuilding CXX object CMakeFiles/ur_dashboard_msgs__rosidl_typesupport_introspection_cpp.dir/rosidl_typesupport_introspection_cpp/ur_dashboard_msgs/srv/detail/raw_request__type_support.cpp.o[0m
[12.771s] [ 54%] Built target ur_dashboard_msgs__rosidl_typesupport_introspection_c
[12.857s] [35m[1mConsolidate compiler generated dependencies of target ur_dashboard_msgs__rosidl_typesupport_c[0m
[12.950s] [ 54%] [32mBuilding CXX object CMakeFiles/ur_dashboard_msgs__rosidl_typesupport_c.dir/rosidl_typesupport_c/ur_dashboard_msgs/msg/program_state__type_support.cpp.o[0m
[13.179s] [ 55%] [32mBuilding CXX object CMakeFiles/ur_dashboard_msgs__rosidl_typesupport_c.dir/rosidl_typesupport_c/ur_dashboard_msgs/msg/robot_mode__type_support.cpp.o[0m
[13.436s] [ 55%] [32mBuilding CXX object CMakeFiles/ur_dashboard_msgs__rosidl_typesupport_cpp.dir/rosidl_typesupport_cpp/ur_dashboard_msgs/action/set_mode__type_support.cpp.o[0m
[13.438s] [ 56%] [32mBuilding CXX object CMakeFiles/ur_dashboard_msgs__rosidl_typesupport_c.dir/rosidl_typesupport_c/ur_dashboard_msgs/msg/safety_mode__type_support.cpp.o[0m
[13.616s] [ 57%] [32mBuilding CXX object CMakeFiles/ur_dashboard_msgs__rosidl_typesupport_c.dir/rosidl_typesupport_c/ur_dashboard_msgs/srv/add_to_log__type_support.cpp.o[0m
[13.752s] [ 57%] [32mBuilding CXX object CMakeFiles/ur_dashboard_msgs__rosidl_typesupport_c.dir/rosidl_typesupport_c/ur_dashboard_msgs/srv/get_loaded_program__type_support.cpp.o[0m
[13.904s] [ 58%] [32mBuilding CXX object CMakeFiles/ur_dashboard_msgs__rosidl_typesupport_c.dir/rosidl_typesupport_c/ur_dashboard_msgs/srv/get_program_state__type_support.cpp.o[0m
[14.013s] [ 59%] [32mBuilding CXX object CMakeFiles/ur_dashboard_msgs__rosidl_typesupport_c.dir/rosidl_typesupport_c/ur_dashboard_msgs/srv/get_robot_mode__type_support.cpp.o[0m
[14.038s] [ 60%] [32mBuilding CXX object CMakeFiles/ur_dashboard_msgs__rosidl_typesupport_fastrtps_c.dir/rosidl_typesupport_fastrtps_c/ur_dashboard_msgs/srv/detail/add_to_log__type_support_c.cpp.o[0m
[14.128s] [ 61%] [32mBuilding CXX object CMakeFiles/ur_dashboard_msgs__rosidl_typesupport_c.dir/rosidl_typesupport_c/ur_dashboard_msgs/srv/get_safety_mode__type_support.cpp.o[0m
[14.149s] [ 62%] [32mBuilding CXX object CMakeFiles/ur_dashboard_msgs__rosidl_typesupport_introspection_cpp.dir/rosidl_typesupport_introspection_cpp/ur_dashboard_msgs/action/detail/set_mode__type_support.cpp.o[0m
[14.313s] [ 62%] [32mBuilding CXX object CMakeFiles/ur_dashboard_msgs__rosidl_typesupport_c.dir/rosidl_typesupport_c/ur_dashboard_msgs/srv/is_program_running__type_support.cpp.o[0m
[14.459s] [ 63%] [32mBuilding CXX object CMakeFiles/ur_dashboard_msgs__rosidl_typesupport_fastrtps_cpp.dir/rosidl_typesupport_fastrtps_cpp/ur_dashboard_msgs/srv/detail/dds_fastrtps/popup__type_support.cpp.o[0m
[14.521s] [ 64%] [32mBuilding CXX object CMakeFiles/ur_dashboard_msgs__rosidl_typesupport_fastrtps_cpp.dir/rosidl_typesupport_fastrtps_cpp/ur_dashboard_msgs/srv/detail/dds_fastrtps/raw_request__type_support.cpp.o[0m
[14.558s] [ 65%] [32mBuilding CXX object CMakeFiles/ur_dashboard_msgs__rosidl_typesupport_c.dir/rosidl_typesupport_c/ur_dashboard_msgs/srv/is_program_saved__type_support.cpp.o[0m
[14.778s] [ 66%] [32mBuilding CXX object CMakeFiles/ur_dashboard_msgs__rosidl_typesupport_fastrtps_c.dir/rosidl_typesupport_fastrtps_c/ur_dashboard_msgs/srv/detail/get_loaded_program__type_support_c.cpp.o[0m
[14.791s] [ 67%] [32mBuilding CXX object CMakeFiles/ur_dashboard_msgs__rosidl_typesupport_c.dir/rosidl_typesupport_c/ur_dashboard_msgs/srv/load__type_support.cpp.o[0m
[14.934s] [ 68%] [32mBuilding CXX object CMakeFiles/ur_dashboard_msgs__rosidl_typesupport_fastrtps_cpp.dir/rosidl_typesupport_fastrtps_cpp/ur_dashboard_msgs/action/detail/dds_fastrtps/set_mode__type_support.cpp.o[0m
[14.998s] [ 69%] [32mBuilding CXX object CMakeFiles/ur_dashboard_msgs__rosidl_typesupport_c.dir/rosidl_typesupport_c/ur_dashboard_msgs/srv/popup__type_support.cpp.o[0m
[15.139s] [ 69%] [32mBuilding CXX object CMakeFiles/ur_dashboard_msgs__rosidl_typesupport_c.dir/rosidl_typesupport_c/ur_dashboard_msgs/srv/raw_request__type_support.cpp.o[0m
[15.291s] [ 70%] [32mBuilding CXX object CMakeFiles/ur_dashboard_msgs__rosidl_typesupport_c.dir/rosidl_typesupport_c/ur_dashboard_msgs/action/set_mode__type_support.cpp.o[0m
[15.514s] [ 71%] [32m[1mLinking CXX shared library libur_dashboard_msgs__rosidl_typesupport_c.so[0m
[15.689s] [ 72%] Built target ur_dashboard_msgs__rosidl_typesupport_c
[15.712s] [ 72%] [32mBuilding CXX object CMakeFiles/ur_dashboard_msgs__rosidl_typesupport_fastrtps_c.dir/rosidl_typesupport_fastrtps_c/ur_dashboard_msgs/srv/detail/get_program_state__type_support_c.cpp.o[0m
[16.002s] [ 73%] [32mBuilding CXX object CMakeFiles/ur_dashboard_msgs__rosidl_typesupport_fastrtps_c.dir/rosidl_typesupport_fastrtps_c/ur_dashboard_msgs/srv/detail/get_robot_mode__type_support_c.cpp.o[0m
[16.970s] [ 74%] [32m[1mLinking CXX shared library libur_dashboard_msgs__rosidl_typesupport_cpp.so[0m
[17.162s] [ 75%] Built target ur_dashboard_msgs__rosidl_typesupport_cpp
[17.196s] [ 76%] [32mBuilding CXX object CMakeFiles/ur_dashboard_msgs__rosidl_typesupport_fastrtps_c.dir/rosidl_typesupport_fastrtps_c/ur_dashboard_msgs/srv/detail/get_safety_mode__type_support_c.cpp.o[0m
[17.612s] [ 77%] [32mBuilding CXX object CMakeFiles/ur_dashboard_msgs__rosidl_typesupport_fastrtps_c.dir/rosidl_typesupport_fastrtps_c/ur_dashboard_msgs/srv/detail/is_program_running__type_support_c.cpp.o[0m
[17.877s] [ 77%] [32mBuilding CXX object CMakeFiles/ur_dashboard_msgs__rosidl_typesupport_fastrtps_c.dir/rosidl_typesupport_fastrtps_c/ur_dashboard_msgs/srv/detail/is_program_saved__type_support_c.cpp.o[0m
[18.093s] [ 78%] [32mBuilding CXX object CMakeFiles/ur_dashboard_msgs__rosidl_typesupport_fastrtps_c.dir/rosidl_typesupport_fastrtps_c/ur_dashboard_msgs/srv/detail/load__type_support_c.cpp.o[0m
[18.723s] [ 79%] [32mBuilding CXX object CMakeFiles/ur_dashboard_msgs__rosidl_typesupport_fastrtps_c.dir/rosidl_typesupport_fastrtps_c/ur_dashboard_msgs/srv/detail/popup__type_support_c.cpp.o[0m
[18.939s] [ 79%] [32mBuilding CXX object CMakeFiles/ur_dashboard_msgs__rosidl_typesupport_fastrtps_c.dir/rosidl_typesupport_fastrtps_c/ur_dashboard_msgs/action/detail/set_mode__type_support_c.cpp.o[0m
[18.952s] [ 80%] [32mBuilding CXX object CMakeFiles/ur_dashboard_msgs__rosidl_typesupport_fastrtps_c.dir/rosidl_typesupport_fastrtps_c/ur_dashboard_msgs/srv/detail/raw_request__type_support_c.cpp.o[0m
[19.054s] [ 81%] [32m[1mLinking CXX shared library libur_dashboard_msgs__rosidl_typesupport_introspection_cpp.so[0m
[19.361s] [ 81%] Built target ur_dashboard_msgs__rosidl_typesupport_introspection_cpp
[20.084s] [ 81%] [32m[1mLinking CXX shared library libur_dashboard_msgs__rosidl_typesupport_fastrtps_cpp.so[0m
[20.458s] [ 82%] Built target ur_dashboard_msgs__rosidl_typesupport_fastrtps_cpp
[21.583s] [ 83%] [32m[1mLinking CXX shared library libur_dashboard_msgs__rosidl_typesupport_fastrtps_c.so[0m
[21.880s] [ 84%] Built target ur_dashboard_msgs__rosidl_typesupport_fastrtps_c
[21.966s] [ 84%] Built target ur_dashboard_msgs
[22.080s] [ 85%] Built target ur_dashboard_msgs__py
[22.131s] [35m[1mConsolidate compiler generated dependencies of target ur_dashboard_msgs__rosidl_generator_py[0m
[22.218s] [ 86%] [32mBuilding C object CMakeFiles/ur_dashboard_msgs__rosidl_generator_py.dir/rosidl_generator_py/ur_dashboard_msgs/msg/_program_state_s.c.o[0m
[22.663s] [ 87%] [32mBuilding C object CMakeFiles/ur_dashboard_msgs__rosidl_generator_py.dir/rosidl_generator_py/ur_dashboard_msgs/srv/_get_safety_mode_s.c.o[0m
[23.118s] [ 88%] [32mBuilding C object CMakeFiles/ur_dashboard_msgs__rosidl_generator_py.dir/rosidl_generator_py/ur_dashboard_msgs/srv/_is_program_running_s.c.o[0m
[23.513s] [ 88%] [32mBuilding C object CMakeFiles/ur_dashboard_msgs__rosidl_generator_py.dir/rosidl_generator_py/ur_dashboard_msgs/srv/_is_program_saved_s.c.o[0m
[24.139s] [ 89%] [32mBuilding C object CMakeFiles/ur_dashboard_msgs__rosidl_generator_py.dir/rosidl_generator_py/ur_dashboard_msgs/srv/_load_s.c.o[0m
[24.630s] [ 90%] [32mBuilding C object CMakeFiles/ur_dashboard_msgs__rosidl_generator_py.dir/rosidl_generator_py/ur_dashboard_msgs/srv/_popup_s.c.o[0m
[25.251s] [ 90%] [32mBuilding C object CMakeFiles/ur_dashboard_msgs__rosidl_generator_py.dir/rosidl_generator_py/ur_dashboard_msgs/srv/_raw_request_s.c.o[0m
[25.588s] [ 91%] [32mBuilding C object CMakeFiles/ur_dashboard_msgs__rosidl_generator_py.dir/rosidl_generator_py/ur_dashboard_msgs/action/_set_mode_s.c.o[0m
[26.454s] [ 92%] [32mBuilding C object CMakeFiles/ur_dashboard_msgs__rosidl_generator_py.dir/rosidl_generator_py/ur_dashboard_msgs/srv/_get_robot_mode_s.c.o[0m
[26.768s] [ 92%] [32mBuilding C object CMakeFiles/ur_dashboard_msgs__rosidl_generator_py.dir/rosidl_generator_py/ur_dashboard_msgs/srv/_get_program_state_s.c.o[0m
[27.174s] [ 93%] [32mBuilding C object CMakeFiles/ur_dashboard_msgs__rosidl_generator_py.dir/rosidl_generator_py/ur_dashboard_msgs/srv/_get_loaded_program_s.c.o[0m
[27.689s] [ 94%] [32mBuilding C object CMakeFiles/ur_dashboard_msgs__rosidl_generator_py.dir/rosidl_generator_py/ur_dashboard_msgs/srv/_add_to_log_s.c.o[0m
[27.984s] [ 95%] [32mBuilding C object CMakeFiles/ur_dashboard_msgs__rosidl_generator_py.dir/rosidl_generator_py/ur_dashboard_msgs/msg/_safety_mode_s.c.o[0m
[28.306s] [ 95%] [32mBuilding C object CMakeFiles/ur_dashboard_msgs__rosidl_generator_py.dir/rosidl_generator_py/ur_dashboard_msgs/msg/_robot_mode_s.c.o[0m
[28.685s] [ 96%] [32m[1mLinking C shared library rosidl_generator_py/ur_dashboard_msgs/libur_dashboard_msgs__rosidl_generator_py.so[0m
[28.822s] [ 96%] Built target ur_dashboard_msgs__rosidl_generator_py
[28.847s] [35m[1mConsolidate compiler generated dependencies of target ur_dashboard_msgs__rosidl_typesupport_fastrtps_c__pyext[0m
[28.886s] [ 97%] [32mBuilding C object CMakeFiles/ur_dashboard_msgs__rosidl_typesupport_fastrtps_c__pyext.dir/rosidl_generator_py/ur_dashboard_msgs/_ur_dashboard_msgs_s.ep.rosidl_typesupport_fastrtps_c.c.o[0m
[30.072s] [ 97%] [32m[1mLinking C shared library rosidl_generator_py/ur_dashboard_msgs/ur_dashboard_msgs_s__rosidl_typesupport_fastrtps_c.cpython-310-x86_64-linux-gnu.so[0m
[30.226s] [ 97%] Built target ur_dashboard_msgs__rosidl_typesupport_fastrtps_c__pyext
[30.253s] [35m[1mConsolidate compiler generated dependencies of target ur_dashboard_msgs__rosidl_typesupport_c__pyext[0m
[30.276s] [ 98%] [32mBuilding C object CMakeFiles/ur_dashboard_msgs__rosidl_typesupport_c__pyext.dir/rosidl_generator_py/ur_dashboard_msgs/_ur_dashboard_msgs_s.ep.rosidl_typesupport_c.c.o[0m
[31.488s] [ 98%] [32m[1mLinking C shared library rosidl_generator_py/ur_dashboard_msgs/ur_dashboard_msgs_s__rosidl_typesupport_c.cpython-310-x86_64-linux-gnu.so[0m
[31.557s] [ 98%] Built target ur_dashboard_msgs__rosidl_typesupport_c__pyext
[31.572s] [35m[1mConsolidate compiler generated dependencies of target ur_dashboard_msgs__rosidl_typesupport_introspection_c__pyext[0m
[31.588s] [ 99%] [32mBuilding C object CMakeFiles/ur_dashboard_msgs__rosidl_typesupport_introspection_c__pyext.dir/rosidl_generator_py/ur_dashboard_msgs/_ur_dashboard_msgs_s.ep.rosidl_typesupport_introspection_c.c.o[0m
[32.808s] [100%] [32m[1mLinking C shared library rosidl_generator_py/ur_dashboard_msgs/ur_dashboard_msgs_s__rosidl_typesupport_introspection_c.cpython-310-x86_64-linux-gnu.so[0m
[32.921s] [100%] Built target ur_dashboard_msgs__rosidl_typesupport_introspection_c__pyext
[32.955s] Invoked command in '/home/gcerioni/ws_ur16/build/ur_dashboard_msgs' returned '0': CMAKE_PREFIX_PATH=/opt/ros/humble /usr/bin/cmake --build /home/gcerioni/ws_ur16/build/ur_dashboard_msgs -- -j8 -l8
[32.957s] Invoking command in '/home/gcerioni/ws_ur16/build/ur_dashboard_msgs': CMAKE_PREFIX_PATH=/opt/ros/humble /usr/bin/cmake --install /home/gcerioni/ws_ur16/build/ur_dashboard_msgs
[47.410s] -- Install configuration: "Release"
[47.410s] -- Up-to-date: /home/gcerioni/ws_ur16/install/ur_dashboard_msgs/share/ament_index/resource_index/rosidl_interfaces/ur_dashboard_msgs
[47.410s] -- Up-to-date: /home/gcerioni/ws_ur16/install/ur_dashboard_msgs/include/ur_dashboard_msgs/ur_dashboard_msgs
[47.410s] -- Up-to-date: /home/gcerioni/ws_ur16/install/ur_dashboard_msgs/include/ur_dashboard_msgs/ur_dashboard_msgs/msg
[47.410s] -- Up-to-date: /home/gcerioni/ws_ur16/install/ur_dashboard_msgs/include/ur_dashboard_msgs/ur_dashboard_msgs/msg/program_state.h
[47.410s] -- Up-to-date: /home/gcerioni/ws_ur16/install/ur_dashboard_msgs/include/ur_dashboard_msgs/ur_dashboard_msgs/msg/detail
[47.413s] -- Up-to-date: /home/gcerioni/ws_ur16/install/ur_dashboard_msgs/include/ur_dashboard_msgs/ur_dashboard_msgs/msg/detail/robot_mode__type_support.h
[47.413s] -- Up-to-date: /home/gcerioni/ws_ur16/install/ur_dashboard_msgs/include/ur_dashboard_msgs/ur_dashboard_msgs/msg/detail/program_state__functions.c
[47.413s] -- Up-to-date: /home/gcerioni/ws_ur16/install/ur_dashboard_msgs/include/ur_dashboard_msgs/ur_dashboard_msgs/msg/detail/program_state__type_support.h
[47.413s] -- Up-to-date: /home/gcerioni/ws_ur16/install/ur_dashboard_msgs/include/ur_dashboard_msgs/ur_dashboard_msgs/msg/detail/program_state__struct.h
[47.413s] -- Up-to-date: /home/gcerioni/ws_ur16/install/ur_dashboard_msgs/include/ur_dashboard_msgs/ur_dashboard_msgs/msg/detail/safety_mode__type_support.h
[47.413s] -- Up-to-date: /home/gcerioni/ws_ur16/install/ur_dashboard_msgs/include/ur_dashboard_msgs/ur_dashboard_msgs/msg/detail/safety_mode__functions.h
[47.414s] -- Up-to-date: /home/gcerioni/ws_ur16/install/ur_dashboard_msgs/include/ur_dashboard_msgs/ur_dashboard_msgs/msg/detail/robot_mode__struct.h
[47.414s] -- Up-to-date: /home/gcerioni/ws_ur16/install/ur_dashboard_msgs/include/ur_dashboard_msgs/ur_dashboard_msgs/msg/detail/robot_mode__functions.h
[47.414s] -- Up-to-date: /home/gcerioni/ws_ur16/install/ur_dashboard_msgs/include/ur_dashboard_msgs/ur_dashboard_msgs/msg/detail/safety_mode__functions.c
[47.414s] -- Up-to-date: /home/gcerioni/ws_ur16/install/ur_dashboard_msgs/include/ur_dashboard_msgs/ur_dashboard_msgs/msg/detail/program_state__functions.h
[47.414s] -- Up-to-date: /home/gcerioni/ws_ur16/install/ur_dashboard_msgs/include/ur_dashboard_msgs/ur_dashboard_msgs/msg/detail/safety_mode__struct.h
[47.414s] -- Up-to-date: /home/gcerioni/ws_ur16/install/ur_dashboard_msgs/include/ur_dashboard_msgs/ur_dashboard_msgs/msg/detail/robot_mode__functions.c
[47.414s] -- Up-to-date: /home/gcerioni/ws_ur16/install/ur_dashboard_msgs/include/ur_dashboard_msgs/ur_dashboard_msgs/msg/robot_mode.h
[47.414s] -- Up-to-date: /home/gcerioni/ws_ur16/install/ur_dashboard_msgs/include/ur_dashboard_msgs/ur_dashboard_msgs/msg/rosidl_generator_c__visibility_control.h
[47.414s] -- Up-to-date: /home/gcerioni/ws_ur16/install/ur_dashboard_msgs/include/ur_dashboard_msgs/ur_dashboard_msgs/msg/safety_mode.h
[47.414s] -- Up-to-date: /home/gcerioni/ws_ur16/install/ur_dashboard_msgs/include/ur_dashboard_msgs/ur_dashboard_msgs/action
[47.415s] -- Up-to-date: /home/gcerioni/ws_ur16/install/ur_dashboard_msgs/include/ur_dashboard_msgs/ur_dashboard_msgs/action/detail
[47.415s] -- Up-to-date: /home/gcerioni/ws_ur16/install/ur_dashboard_msgs/include/ur_dashboard_msgs/ur_dashboard_msgs/action/detail/set_mode__functions.c
[47.415s] -- Up-to-date: /home/gcerioni/ws_ur16/install/ur_dashboard_msgs/include/ur_dashboard_msgs/ur_dashboard_msgs/action/detail/set_mode__functions.h
[47.415s] -- Up-to-date: /home/gcerioni/ws_ur16/install/ur_dashboard_msgs/include/ur_dashboard_msgs/ur_dashboard_msgs/action/detail/set_mode__type_support.h
[47.415s] -- Up-to-date: /home/gcerioni/ws_ur16/install/ur_dashboard_msgs/include/ur_dashboard_msgs/ur_dashboard_msgs/action/detail/set_mode__struct.h
[47.415s] -- Up-to-date: /home/gcerioni/ws_ur16/install/ur_dashboard_msgs/include/ur_dashboard_msgs/ur_dashboard_msgs/action/set_mode.h
[47.415s] -- Up-to-date: /home/gcerioni/ws_ur16/install/ur_dashboard_msgs/include/ur_dashboard_msgs/ur_dashboard_msgs/srv
[47.415s] -- Up-to-date: /home/gcerioni/ws_ur16/install/ur_dashboard_msgs/include/ur_dashboard_msgs/ur_dashboard_msgs/srv/is_program_running.h
[47.415s] -- Up-to-date: /home/gcerioni/ws_ur16/install/ur_dashboard_msgs/include/ur_dashboard_msgs/ur_dashboard_msgs/srv/detail
[47.415s] -- Up-to-date: /home/gcerioni/ws_ur16/install/ur_dashboard_msgs/include/ur_dashboard_msgs/ur_dashboard_msgs/srv/detail/get_safety_mode__struct.h
[47.416s] -- Up-to-date: /home/gcerioni/ws_ur16/install/ur_dashboard_msgs/include/ur_dashboard_msgs/ur_dashboard_msgs/srv/detail/load__functions.c
[47.416s] -- Up-to-date: /home/gcerioni/ws_ur16/install/ur_dashboard_msgs/include/ur_dashboard_msgs/ur_dashboard_msgs/srv/detail/popup__type_support.h
[47.416s] -- Up-to-date: /home/gcerioni/ws_ur16/install/ur_dashboard_msgs/include/ur_dashboard_msgs/ur_dashboard_msgs/srv/detail/is_program_running__functions.c
[47.416s] -- Up-to-date: /home/gcerioni/ws_ur16/install/ur_dashboard_msgs/include/ur_dashboard_msgs/ur_dashboard_msgs/srv/detail/get_loaded_program__functions.c
[47.416s] -- Up-to-date: /home/gcerioni/ws_ur16/install/ur_dashboard_msgs/include/ur_dashboard_msgs/ur_dashboard_msgs/srv/detail/load__struct.h
[47.418s] -- Up-to-date: /home/gcerioni/ws_ur16/install/ur_dashboard_msgs/include/ur_dashboard_msgs/ur_dashboard_msgs/srv/detail/is_program_saved__struct.h
[47.418s] -- Up-to-date: /home/gcerioni/ws_ur16/install/ur_dashboard_msgs/include/ur_dashboard_msgs/ur_dashboard_msgs/srv/detail/get_robot_mode__type_support.h
[47.418s] -- Up-to-date: /home/gcerioni/ws_ur16/install/ur_dashboard_msgs/include/ur_dashboard_msgs/ur_dashboard_msgs/srv/detail/get_loaded_program__struct.h
[47.418s] -- Up-to-date: /home/gcerioni/ws_ur16/install/ur_dashboard_msgs/include/ur_dashboard_msgs/ur_dashboard_msgs/srv/detail/get_program_state__functions.h
[47.418s] -- Up-to-date: /home/gcerioni/ws_ur16/install/ur_dashboard_msgs/include/ur_dashboard_msgs/ur_dashboard_msgs/srv/detail/load__type_support.h
[47.419s] -- Up-to-date: /home/gcerioni/ws_ur16/install/ur_dashboard_msgs/include/ur_dashboard_msgs/ur_dashboard_msgs/srv/detail/get_loaded_program__type_support.h
[47.419s] -- Up-to-date: /home/gcerioni/ws_ur16/install/ur_dashboard_msgs/include/ur_dashboard_msgs/ur_dashboard_msgs/srv/detail/get_robot_mode__functions.h
[47.419s] -- Up-to-date: /home/gcerioni/ws_ur16/install/ur_dashboard_msgs/include/ur_dashboard_msgs/ur_dashboard_msgs/srv/detail/raw_request__type_support.h
[47.419s] -- Up-to-date: /home/gcerioni/ws_ur16/install/ur_dashboard_msgs/include/ur_dashboard_msgs/ur_dashboard_msgs/srv/detail/is_program_running__type_support.h
[47.419s] -- Up-to-date: /home/gcerioni/ws_ur16/install/ur_dashboard_msgs/include/ur_dashboard_msgs/ur_dashboard_msgs/srv/detail/get_program_state__functions.c
[47.419s] -- Up-to-date: /home/gcerioni/ws_ur16/install/ur_dashboard_msgs/include/ur_dashboard_msgs/ur_dashboard_msgs/srv/detail/get_safety_mode__type_support.h
[47.419s] -- Up-to-date: /home/gcerioni/ws_ur16/install/ur_dashboard_msgs/include/ur_dashboard_msgs/ur_dashboard_msgs/srv/detail/raw_request__struct.h
[47.419s] -- Up-to-date: /home/gcerioni/ws_ur16/install/ur_dashboard_msgs/include/ur_dashboard_msgs/ur_dashboard_msgs/srv/detail/add_to_log__functions.h
[47.420s] -- Up-to-date: /home/gcerioni/ws_ur16/install/ur_dashboard_msgs/include/ur_dashboard_msgs/ur_dashboard_msgs/srv/detail/is_program_running__struct.h
[47.420s] -- Up-to-date: /home/gcerioni/ws_ur16/install/ur_dashboard_msgs/include/ur_dashboard_msgs/ur_dashboard_msgs/srv/detail/is_program_saved__type_support.h
[47.420s] -- Up-to-date: /home/gcerioni/ws_ur16/install/ur_dashboard_msgs/include/ur_dashboard_msgs/ur_dashboard_msgs/srv/detail/get_robot_mode__functions.c
[47.420s] -- Up-to-date: /home/gcerioni/ws_ur16/install/ur_dashboard_msgs/include/ur_dashboard_msgs/ur_dashboard_msgs/srv/detail/get_loaded_program__functions.h
[47.420s] -- Up-to-date: /home/gcerioni/ws_ur16/install/ur_dashboard_msgs/include/ur_dashboard_msgs/ur_dashboard_msgs/srv/detail/add_to_log__functions.c
[47.420s] -- Up-to-date: /home/gcerioni/ws_ur16/install/ur_dashboard_msgs/include/ur_dashboard_msgs/ur_dashboard_msgs/srv/detail/get_safety_mode__functions.h
[47.420s] -- Up-to-date: /home/gcerioni/ws_ur16/install/ur_dashboard_msgs/include/ur_dashboard_msgs/ur_dashboard_msgs/srv/detail/is_program_running__functions.h
[47.420s] -- Up-to-date: /home/gcerioni/ws_ur16/install/ur_dashboard_msgs/include/ur_dashboard_msgs/ur_dashboard_msgs/srv/detail/raw_request__functions.c
[47.421s] -- Up-to-date: /home/gcerioni/ws_ur16/install/ur_dashboard_msgs/include/ur_dashboard_msgs/ur_dashboard_msgs/srv/detail/popup__struct.h
[47.421s] -- Up-to-date: /home/gcerioni/ws_ur16/install/ur_dashboard_msgs/include/ur_dashboard_msgs/ur_dashboard_msgs/srv/detail/popup__functions.h
[47.421s] -- Up-to-date: /home/gcerioni/ws_ur16/install/ur_dashboard_msgs/include/ur_dashboard_msgs/ur_dashboard_msgs/srv/detail/is_program_saved__functions.c
[47.429s] -- Up-to-date: /home/gcerioni/ws_ur16/install/ur_dashboard_msgs/include/ur_dashboard_msgs/ur_dashboard_msgs/srv/detail/load__functions.h
[47.429s] -- Up-to-date: /home/gcerioni/ws_ur16/install/ur_dashboard_msgs/include/ur_dashboard_msgs/ur_dashboard_msgs/srv/detail/raw_request__functions.h
[47.429s] -- Up-to-date: /home/gcerioni/ws_ur16/install/ur_dashboard_msgs/include/ur_dashboard_msgs/ur_dashboard_msgs/srv/detail/add_to_log__struct.h
[47.430s] -- Up-to-date: /home/gcerioni/ws_ur16/install/ur_dashboard_msgs/include/ur_dashboard_msgs/ur_dashboard_msgs/srv/detail/get_program_state__struct.h
[47.430s] -- Up-to-date: /home/gcerioni/ws_ur16/install/ur_dashboard_msgs/include/ur_dashboard_msgs/ur_dashboard_msgs/srv/detail/get_program_state__type_support.h
[47.430s] -- Up-to-date: /home/gcerioni/ws_ur16/install/ur_dashboard_msgs/include/ur_dashboard_msgs/ur_dashboard_msgs/srv/detail/is_program_saved__functions.h
[47.430s] -- Up-to-date: /home/gcerioni/ws_ur16/install/ur_dashboard_msgs/include/ur_dashboard_msgs/ur_dashboard_msgs/srv/detail/get_robot_mode__struct.h
[47.430s] -- Up-to-date: /home/gcerioni/ws_ur16/install/ur_dashboard_msgs/include/ur_dashboard_msgs/ur_dashboard_msgs/srv/detail/add_to_log__type_support.h
[47.430s] -- Up-to-date: /home/gcerioni/ws_ur16/install/ur_dashboard_msgs/include/ur_dashboard_msgs/ur_dashboard_msgs/srv/detail/popup__functions.c
[47.430s] -- Up-to-date: /home/gcerioni/ws_ur16/install/ur_dashboard_msgs/include/ur_dashboard_msgs/ur_dashboard_msgs/srv/detail/get_safety_mode__functions.c
[47.430s] -- Up-to-date: /home/gcerioni/ws_ur16/install/ur_dashboard_msgs/include/ur_dashboard_msgs/ur_dashboard_msgs/srv/popup.h
[47.430s] -- Up-to-date: /home/gcerioni/ws_ur16/install/ur_dashboard_msgs/include/ur_dashboard_msgs/ur_dashboard_msgs/srv/get_program_state.h
[47.430s] -- Up-to-date: /home/gcerioni/ws_ur16/install/ur_dashboard_msgs/include/ur_dashboard_msgs/ur_dashboard_msgs/srv/get_safety_mode.h
[47.431s] -- Up-to-date: /home/gcerioni/ws_ur16/install/ur_dashboard_msgs/include/ur_dashboard_msgs/ur_dashboard_msgs/srv/get_loaded_program.h
[47.431s] -- Up-to-date: /home/gcerioni/ws_ur16/install/ur_dashboard_msgs/include/ur_dashboard_msgs/ur_dashboard_msgs/srv/get_robot_mode.h
[47.431s] -- Up-to-date: /home/gcerioni/ws_ur16/install/ur_dashboard_msgs/include/ur_dashboard_msgs/ur_dashboard_msgs/srv/raw_request.h
[47.431s] -- Up-to-date: /home/gcerioni/ws_ur16/install/ur_dashboard_msgs/include/ur_dashboard_msgs/ur_dashboard_msgs/srv/is_program_saved.h
[47.431s] -- Up-to-date: /home/gcerioni/ws_ur16/install/ur_dashboard_msgs/include/ur_dashboard_msgs/ur_dashboard_msgs/srv/add_to_log.h
[47.431s] -- Up-to-date: /home/gcerioni/ws_ur16/install/ur_dashboard_msgs/include/ur_dashboard_msgs/ur_dashboard_msgs/srv/load.h
[47.431s] -- Up-to-date: /home/gcerioni/ws_ur16/install/ur_dashboard_msgs/share/ur_dashboard_msgs/environment/library_path.sh
[47.431s] -- Installing: /home/gcerioni/ws_ur16/install/ur_dashboard_msgs/share/ur_dashboard_msgs/environment/library_path.dsv
[47.431s] -- Installing: /home/gcerioni/ws_ur16/install/ur_dashboard_msgs/lib/libur_dashboard_msgs__rosidl_generator_c.so
[47.431s] -- Set runtime path of "/home/gcerioni/ws_ur16/install/ur_dashboard_msgs/lib/libur_dashboard_msgs__rosidl_generator_c.so" to ""
[47.431s] -- Up-to-date: /home/gcerioni/ws_ur16/install/ur_dashboard_msgs/include/ur_dashboard_msgs/ur_dashboard_msgs
[47.431s] -- Up-to-date: /home/gcerioni/ws_ur16/install/ur_dashboard_msgs/include/ur_dashboard_msgs/ur_dashboard_msgs/msg
[47.432s] -- Up-to-date: /home/gcerioni/ws_ur16/install/ur_dashboard_msgs/include/ur_dashboard_msgs/ur_dashboard_msgs/msg/detail
[47.432s] -- Up-to-date: /home/gcerioni/ws_ur16/install/ur_dashboard_msgs/include/ur_dashboard_msgs/ur_dashboard_msgs/msg/detail/program_state__rosidl_typesupport_fastrtps_c.h
[47.432s] -- Up-to-date: /home/gcerioni/ws_ur16/install/ur_dashboard_msgs/include/ur_dashboard_msgs/ur_dashboard_msgs/msg/detail/robot_mode__rosidl_typesupport_fastrtps_c.h
[47.432s] -- Up-to-date: /home/gcerioni/ws_ur16/install/ur_dashboard_msgs/include/ur_dashboard_msgs/ur_dashboard_msgs/msg/detail/safety_mode__rosidl_typesupport_fastrtps_c.h
[47.433s] -- Up-to-date: /home/gcerioni/ws_ur16/install/ur_dashboard_msgs/include/ur_dashboard_msgs/ur_dashboard_msgs/msg/rosidl_typesupport_fastrtps_c__visibility_control.h
[47.433s] -- Up-to-date: /home/gcerioni/ws_ur16/install/ur_dashboard_msgs/include/ur_dashboard_msgs/ur_dashboard_msgs/action
[47.433s] -- Up-to-date: /home/gcerioni/ws_ur16/install/ur_dashboard_msgs/include/ur_dashboard_msgs/ur_dashboard_msgs/action/detail
[47.433s] -- Up-to-date: /home/gcerioni/ws_ur16/install/ur_dashboard_msgs/include/ur_dashboard_msgs/ur_dashboard_msgs/action/detail/set_mode__rosidl_typesupport_fastrtps_c.h
[47.433s] -- Up-to-date: /home/gcerioni/ws_ur16/install/ur_dashboard_msgs/include/ur_dashboard_msgs/ur_dashboard_msgs/srv
[47.433s] -- Up-to-date: /home/gcerioni/ws_ur16/install/ur_dashboard_msgs/include/ur_dashboard_msgs/ur_dashboard_msgs/srv/detail
[47.437s] -- Up-to-date: /home/gcerioni/ws_ur16/install/ur_dashboard_msgs/include/ur_dashboard_msgs/ur_dashboard_msgs/srv/detail/is_program_saved__rosidl_typesupport_fastrtps_c.h
[47.437s] -- Up-to-date: /home/gcerioni/ws_ur16/install/ur_dashboard_msgs/include/ur_dashboard_msgs/ur_dashboard_msgs/srv/detail/load__rosidl_typesupport_fastrtps_c.h
[47.437s] -- Up-to-date: /home/gcerioni/ws_ur16/install/ur_dashboard_msgs/include/ur_dashboard_msgs/ur_dashboard_msgs/srv/detail/get_safety_mode__rosidl_typesupport_fastrtps_c.h
[47.438s] -- Up-to-date: /home/gcerioni/ws_ur16/install/ur_dashboard_msgs/include/ur_dashboard_msgs/ur_dashboard_msgs/srv/detail/get_loaded_program__rosidl_typesupport_fastrtps_c.h
[47.438s] -- Up-to-date: /home/gcerioni/ws_ur16/install/ur_dashboard_msgs/include/ur_dashboard_msgs/ur_dashboard_msgs/srv/detail/is_program_running__rosidl_typesupport_fastrtps_c.h
[47.438s] -- Up-to-date: /home/gcerioni/ws_ur16/install/ur_dashboard_msgs/include/ur_dashboard_msgs/ur_dashboard_msgs/srv/detail/get_robot_mode__rosidl_typesupport_fastrtps_c.h
[47.438s] -- Up-to-date: /home/gcerioni/ws_ur16/install/ur_dashboard_msgs/include/ur_dashboard_msgs/ur_dashboard_msgs/srv/detail/raw_request__rosidl_typesupport_fastrtps_c.h
[47.438s] -- Up-to-date: /home/gcerioni/ws_ur16/install/ur_dashboard_msgs/include/ur_dashboard_msgs/ur_dashboard_msgs/srv/detail/get_program_state__rosidl_typesupport_fastrtps_c.h
[47.438s] -- Up-to-date: /home/gcerioni/ws_ur16/install/ur_dashboard_msgs/include/ur_dashboard_msgs/ur_dashboard_msgs/srv/detail/add_to_log__rosidl_typesupport_fastrtps_c.h
[47.438s] -- Up-to-date: /home/gcerioni/ws_ur16/install/ur_dashboard_msgs/include/ur_dashboard_msgs/ur_dashboard_msgs/srv/detail/popup__rosidl_typesupport_fastrtps_c.h
[47.438s] -- Installing: /home/gcerioni/ws_ur16/install/ur_dashboard_msgs/lib/libur_dashboard_msgs__rosidl_typesupport_fastrtps_c.so
[47.438s] -- Set runtime path of "/home/gcerioni/ws_ur16/install/ur_dashboard_msgs/lib/libur_dashboard_msgs__rosidl_typesupport_fastrtps_c.so" to ""
[47.438s] -- Up-to-date: /home/gcerioni/ws_ur16/install/ur_dashboard_msgs/include/ur_dashboard_msgs/ur_dashboard_msgs
[47.438s] -- Up-to-date: /home/gcerioni/ws_ur16/install/ur_dashboard_msgs/include/ur_dashboard_msgs/ur_dashboard_msgs/msg
[47.439s] -- Up-to-date: /home/gcerioni/ws_ur16/install/ur_dashboard_msgs/include/ur_dashboard_msgs/ur_dashboard_msgs/msg/detail
[47.439s] -- Up-to-date: /home/gcerioni/ws_ur16/install/ur_dashboard_msgs/include/ur_dashboard_msgs/ur_dashboard_msgs/msg/detail/safety_mode__rosidl_typesupport_introspection_c.h
[47.439s] -- Up-to-date: /home/gcerioni/ws_ur16/install/ur_dashboard_msgs/include/ur_dashboard_msgs/ur_dashboard_msgs/msg/detail/program_state__type_support.c
[47.439s] -- Up-to-date: /home/gcerioni/ws_ur16/install/ur_dashboard_msgs/include/ur_dashboard_msgs/ur_dashboard_msgs/msg/detail/safety_mode__type_support.c
[47.440s] -- Up-to-date: /home/gcerioni/ws_ur16/install/ur_dashboard_msgs/include/ur_dashboard_msgs/ur_dashboard_msgs/msg/detail/robot_mode__rosidl_typesupport_introspection_c.h
[47.440s] -- Up-to-date: /home/gcerioni/ws_ur16/install/ur_dashboard_msgs/include/ur_dashboard_msgs/ur_dashboard_msgs/msg/detail/program_state__rosidl_typesupport_introspection_c.h
[47.440s] -- Up-to-date: /home/gcerioni/ws_ur16/install/ur_dashboard_msgs/include/ur_dashboard_msgs/ur_dashboard_msgs/msg/detail/robot_mode__type_support.c
[47.440s] -- Up-to-date: /home/gcerioni/ws_ur16/install/ur_dashboard_msgs/include/ur_dashboard_msgs/ur_dashboard_msgs/msg/rosidl_typesupport_introspection_c__visibility_control.h
[47.440s] -- Up-to-date: /home/gcerioni/ws_ur16/install/ur_dashboard_msgs/include/ur_dashboard_msgs/ur_dashboard_msgs/action
[47.440s] -- Up-to-date: /home/gcerioni/ws_ur16/install/ur_dashboard_msgs/include/ur_dashboard_msgs/ur_dashboard_msgs/action/detail
[47.440s] -- Up-to-date: /home/gcerioni/ws_ur16/install/ur_dashboard_msgs/include/ur_dashboard_msgs/ur_dashboard_msgs/action/detail/set_mode__rosidl_typesupport_introspection_c.h
[47.440s] -- Up-to-date: /home/gcerioni/ws_ur16/install/ur_dashboard_msgs/include/ur_dashboard_msgs/ur_dashboard_msgs/action/detail/set_mode__type_support.c
[47.440s] -- Up-to-date: /home/gcerioni/ws_ur16/install/ur_dashboard_msgs/include/ur_dashboard_msgs/ur_dashboard_msgs/srv
[47.440s] -- Up-to-date: /home/gcerioni/ws_ur16/install/ur_dashboard_msgs/include/ur_dashboard_msgs/ur_dashboard_msgs/srv/detail
[47.441s] -- Up-to-date: /home/gcerioni/ws_ur16/install/ur_dashboard_msgs/include/ur_dashboard_msgs/ur_dashboard_msgs/srv/detail/get_robot_mode__type_support.c
[47.441s] -- Up-to-date: /home/gcerioni/ws_ur16/install/ur_dashboard_msgs/include/ur_dashboard_msgs/ur_dashboard_msgs/srv/detail/get_robot_mode__rosidl_typesupport_introspection_c.h
[47.441s] -- Up-to-date: /home/gcerioni/ws_ur16/install/ur_dashboard_msgs/include/ur_dashboard_msgs/ur_dashboard_msgs/srv/detail/get_safety_mode__type_support.c
[47.441s] -- Up-to-date: /home/gcerioni/ws_ur16/install/ur_dashboard_msgs/include/ur_dashboard_msgs/ur_dashboard_msgs/srv/detail/popup__type_support.c
[47.441s] -- Up-to-date: /home/gcerioni/ws_ur16/install/ur_dashboard_msgs/include/ur_dashboard_msgs/ur_dashboard_msgs/srv/detail/popup__rosidl_typesupport_introspection_c.h
[47.441s] -- Up-to-date: /home/gcerioni/ws_ur16/install/ur_dashboard_msgs/include/ur_dashboard_msgs/ur_dashboard_msgs/srv/detail/get_program_state__type_support.c
[47.441s] -- Up-to-date: /home/gcerioni/ws_ur16/install/ur_dashboard_msgs/include/ur_dashboard_msgs/ur_dashboard_msgs/srv/detail/raw_request__type_support.c
[47.441s] -- Up-to-date: /home/gcerioni/ws_ur16/install/ur_dashboard_msgs/include/ur_dashboard_msgs/ur_dashboard_msgs/srv/detail/load__rosidl_typesupport_introspection_c.h
[47.441s] -- Up-to-date: /home/gcerioni/ws_ur16/install/ur_dashboard_msgs/include/ur_dashboard_msgs/ur_dashboard_msgs/srv/detail/get_loaded_program__rosidl_typesupport_introspection_c.h
[47.441s] -- Up-to-date: /home/gcerioni/ws_ur16/install/ur_dashboard_msgs/include/ur_dashboard_msgs/ur_dashboard_msgs/srv/detail/is_program_saved__type_support.c
[47.441s] -- Up-to-date: /home/gcerioni/ws_ur16/install/ur_dashboard_msgs/include/ur_dashboard_msgs/ur_dashboard_msgs/srv/detail/raw_request__rosidl_typesupport_introspection_c.h
[47.442s] -- Up-to-date: /home/gcerioni/ws_ur16/install/ur_dashboard_msgs/include/ur_dashboard_msgs/ur_dashboard_msgs/srv/detail/is_program_running__rosidl_typesupport_introspection_c.h
[47.442s] -- Up-to-date: /home/gcerioni/ws_ur16/install/ur_dashboard_msgs/include/ur_dashboard_msgs/ur_dashboard_msgs/srv/detail/load__type_support.c
[47.442s] -- Up-to-date: /home/gcerioni/ws_ur16/install/ur_dashboard_msgs/include/ur_dashboard_msgs/ur_dashboard_msgs/srv/detail/get_program_state__rosidl_typesupport_introspection_c.h
[47.442s] -- Up-to-date: /home/gcerioni/ws_ur16/install/ur_dashboard_msgs/include/ur_dashboard_msgs/ur_dashboard_msgs/srv/detail/add_to_log__rosidl_typesupport_introspection_c.h
[47.442s] -- Up-to-date: /home/gcerioni/ws_ur16/install/ur_dashboard_msgs/include/ur_dashboard_msgs/ur_dashboard_msgs/srv/detail/is_program_saved__rosidl_typesupport_introspection_c.h
[47.442s] -- Up-to-date: /home/gcerioni/ws_ur16/install/ur_dashboard_msgs/include/ur_dashboard_msgs/ur_dashboard_msgs/srv/detail/get_safety_mode__rosidl_typesupport_introspection_c.h
[47.443s] -- Up-to-date: /home/gcerioni/ws_ur16/install/ur_dashboard_msgs/include/ur_dashboard_msgs/ur_dashboard_msgs/srv/detail/add_to_log__type_support.c
[47.444s] -- Up-to-date: /home/gcerioni/ws_ur16/install/ur_dashboard_msgs/include/ur_dashboard_msgs/ur_dashboard_msgs/srv/detail/get_loaded_program__type_support.c
[47.444s] -- Up-to-date: /home/gcerioni/ws_ur16/install/ur_dashboard_msgs/include/ur_dashboard_msgs/ur_dashboard_msgs/srv/detail/is_program_running__type_support.c
[47.444s] -- Installing: /home/gcerioni/ws_ur16/install/ur_dashboard_msgs/lib/libur_dashboard_msgs__rosidl_typesupport_introspection_c.so
[47.444s] -- Set runtime path of "/home/gcerioni/ws_ur16/install/ur_dashboard_msgs/lib/libur_dashboard_msgs__rosidl_typesupport_introspection_c.so" to ""
[47.444s] -- Installing: /home/gcerioni/ws_ur16/install/ur_dashboard_msgs/lib/libur_dashboard_msgs__rosidl_typesupport_c.so
[47.444s] -- Set runtime path of "/home/gcerioni/ws_ur16/install/ur_dashboard_msgs/lib/libur_dashboard_msgs__rosidl_typesupport_c.so" to ""
[47.444s] -- Up-to-date: /home/gcerioni/ws_ur16/install/ur_dashboard_msgs/include/ur_dashboard_msgs/ur_dashboard_msgs
[47.444s] -- Up-to-date: /home/gcerioni/ws_ur16/install/ur_dashboard_msgs/include/ur_dashboard_msgs/ur_dashboard_msgs/msg
[47.444s] -- Up-to-date: /home/gcerioni/ws_ur16/install/ur_dashboard_msgs/include/ur_dashboard_msgs/ur_dashboard_msgs/msg/detail
[47.444s] -- Up-to-date: /home/gcerioni/ws_ur16/install/ur_dashboard_msgs/include/ur_dashboard_msgs/ur_dashboard_msgs/msg/detail/robot_mode__type_support.hpp
[47.445s] -- Up-to-date: /home/gcerioni/ws_ur16/install/ur_dashboard_msgs/include/ur_dashboard_msgs/ur_dashboard_msgs/msg/detail/robot_mode__builder.hpp
[47.445s] -- Up-to-date: /home/gcerioni/ws_ur16/install/ur_dashboard_msgs/include/ur_dashboard_msgs/ur_dashboard_msgs/msg/detail/program_state__type_support.hpp
[47.445s] -- Up-to-date: /home/gcerioni/ws_ur16/install/ur_dashboard_msgs/include/ur_dashboard_msgs/ur_dashboard_msgs/msg/detail/program_state__traits.hpp
[47.445s] -- Up-to-date: /home/gcerioni/ws_ur16/install/ur_dashboard_msgs/include/ur_dashboard_msgs/ur_dashboard_msgs/msg/detail/safety_mode__traits.hpp
[47.445s] -- Up-to-date: /home/gcerioni/ws_ur16/install/ur_dashboard_msgs/include/ur_dashboard_msgs/ur_dashboard_msgs/msg/detail/safety_mode__struct.hpp
[47.445s] -- Up-to-date: /home/gcerioni/ws_ur16/install/ur_dashboard_msgs/include/ur_dashboard_msgs/ur_dashboard_msgs/msg/detail/safety_mode__type_support.hpp
[47.445s] -- Up-to-date: /home/gcerioni/ws_ur16/install/ur_dashboard_msgs/include/ur_dashboard_msgs/ur_dashboard_msgs/msg/detail/safety_mode__builder.hpp
[47.445s] -- Up-to-date: /home/gcerioni/ws_ur16/install/ur_dashboard_msgs/include/ur_dashboard_msgs/ur_dashboard_msgs/msg/detail/program_state__struct.hpp
[47.445s] -- Up-to-date: /home/gcerioni/ws_ur16/install/ur_dashboard_msgs/include/ur_dashboard_msgs/ur_dashboard_msgs/msg/detail/robot_mode__struct.hpp
[47.445s] -- Up-to-date: /home/gcerioni/ws_ur16/install/ur_dashboard_msgs/include/ur_dashboard_msgs/ur_dashboard_msgs/msg/detail/program_state__builder.hpp
[47.446s] -- Up-to-date: /home/gcerioni/ws_ur16/install/ur_dashboard_msgs/include/ur_dashboard_msgs/ur_dashboard_msgs/msg/detail/robot_mode__traits.hpp
[47.446s] -- Up-to-date: /home/gcerioni/ws_ur16/install/ur_dashboard_msgs/include/ur_dashboard_msgs/ur_dashboard_msgs/msg/robot_mode.hpp
[47.446s] -- Up-to-date: /home/gcerioni/ws_ur16/install/ur_dashboard_msgs/include/ur_dashboard_msgs/ur_dashboard_msgs/msg/safety_mode.hpp
[47.446s] -- Up-to-date: /home/gcerioni/ws_ur16/install/ur_dashboard_msgs/include/ur_dashboard_msgs/ur_dashboard_msgs/msg/program_state.hpp
[47.446s] -- Up-to-date: /home/gcerioni/ws_ur16/install/ur_dashboard_msgs/include/ur_dashboard_msgs/ur_dashboard_msgs/msg/rosidl_generator_cpp__visibility_control.hpp
[47.446s] -- Up-to-date: /home/gcerioni/ws_ur16/install/ur_dashboard_msgs/include/ur_dashboard_msgs/ur_dashboard_msgs/action
[47.446s] -- Up-to-date: /home/gcerioni/ws_ur16/install/ur_dashboard_msgs/include/ur_dashboard_msgs/ur_dashboard_msgs/action/set_mode.hpp
[47.446s] -- Up-to-date: /home/gcerioni/ws_ur16/install/ur_dashboard_msgs/include/ur_dashboard_msgs/ur_dashboard_msgs/action/detail
[47.451s] -- Up-to-date: /home/gcerioni/ws_ur16/install/ur_dashboard_msgs/include/ur_dashboard_msgs/ur_dashboard_msgs/action/detail/set_mode__type_support.hpp
[47.455s] -- Up-to-date: /home/gcerioni/ws_ur16/install/ur_dashboard_msgs/include/ur_dashboard_msgs/ur_dashboard_msgs/action/detail/set_mode__traits.hpp
[47.457s] -- Up-to-date: /home/gcerioni/ws_ur16/install/ur_dashboard_msgs/include/ur_dashboard_msgs/ur_dashboard_msgs/action/detail/set_mode__struct.hpp
[47.457s] -- Up-to-date: /home/gcerioni/ws_ur16/install/ur_dashboard_msgs/include/ur_dashboard_msgs/ur_dashboard_msgs/action/detail/set_mode__builder.hpp
[47.457s] -- Up-to-date: /home/gcerioni/ws_ur16/install/ur_dashboard_msgs/include/ur_dashboard_msgs/ur_dashboard_msgs/srv
[47.457s] -- Up-to-date: /home/gcerioni/ws_ur16/install/ur_dashboard_msgs/include/ur_dashboard_msgs/ur_dashboard_msgs/srv/is_program_saved.hpp
[47.457s] -- Up-to-date: /home/gcerioni/ws_ur16/install/ur_dashboard_msgs/include/ur_dashboard_msgs/ur_dashboard_msgs/srv/detail
[47.457s] -- Up-to-date: /home/gcerioni/ws_ur16/install/ur_dashboard_msgs/include/ur_dashboard_msgs/ur_dashboard_msgs/srv/detail/raw_request__traits.hpp
[47.457s] -- Up-to-date: /home/gcerioni/ws_ur16/install/ur_dashboard_msgs/include/ur_dashboard_msgs/ur_dashboard_msgs/srv/detail/is_program_running__traits.hpp
[47.457s] -- Up-to-date: /home/gcerioni/ws_ur16/install/ur_dashboard_msgs/include/ur_dashboard_msgs/ur_dashboard_msgs/srv/detail/raw_request__builder.hpp
[47.458s] -- Up-to-date: /home/gcerioni/ws_ur16/install/ur_dashboard_msgs/include/ur_dashboard_msgs/ur_dashboard_msgs/srv/detail/popup__traits.hpp
[47.458s] -- Up-to-date: /home/gcerioni/ws_ur16/install/ur_dashboard_msgs/include/ur_dashboard_msgs/ur_dashboard_msgs/srv/detail/add_to_log__struct.hpp
[47.458s] -- Up-to-date: /home/gcerioni/ws_ur16/install/ur_dashboard_msgs/include/ur_dashboard_msgs/ur_dashboard_msgs/srv/detail/popup__builder.hpp
[47.458s] -- Up-to-date: /home/gcerioni/ws_ur16/install/ur_dashboard_msgs/include/ur_dashboard_msgs/ur_dashboard_msgs/srv/detail/add_to_log__builder.hpp
[47.458s] -- Up-to-date: /home/gcerioni/ws_ur16/install/ur_dashboard_msgs/include/ur_dashboard_msgs/ur_dashboard_msgs/srv/detail/get_program_state__builder.hpp
[47.458s] -- Up-to-date: /home/gcerioni/ws_ur16/install/ur_dashboard_msgs/include/ur_dashboard_msgs/ur_dashboard_msgs/srv/detail/get_safety_mode__struct.hpp
[47.459s] -- Up-to-date: /home/gcerioni/ws_ur16/install/ur_dashboard_msgs/include/ur_dashboard_msgs/ur_dashboard_msgs/srv/detail/get_robot_mode__struct.hpp
[47.459s] -- Up-to-date: /home/gcerioni/ws_ur16/install/ur_dashboard_msgs/include/ur_dashboard_msgs/ur_dashboard_msgs/srv/detail/is_program_running__builder.hpp
[47.460s] -- Up-to-date: /home/gcerioni/ws_ur16/install/ur_dashboard_msgs/include/ur_dashboard_msgs/ur_dashboard_msgs/srv/detail/popup__type_support.hpp
[47.460s] -- Up-to-date: /home/gcerioni/ws_ur16/install/ur_dashboard_msgs/include/ur_dashboard_msgs/ur_dashboard_msgs/srv/detail/get_safety_mode__type_support.hpp
[47.461s] -- Up-to-date: /home/gcerioni/ws_ur16/install/ur_dashboard_msgs/include/ur_dashboard_msgs/ur_dashboard_msgs/srv/detail/get_program_state__struct.hpp
[47.461s] -- Up-to-date: /home/gcerioni/ws_ur16/install/ur_dashboard_msgs/include/ur_dashboard_msgs/ur_dashboard_msgs/srv/detail/get_robot_mode__type_support.hpp
[47.461s] -- Up-to-date: /home/gcerioni/ws_ur16/install/ur_dashboard_msgs/include/ur_dashboard_msgs/ur_dashboard_msgs/srv/detail/load__traits.hpp
[47.461s] -- Up-to-date: /home/gcerioni/ws_ur16/install/ur_dashboard_msgs/include/ur_dashboard_msgs/ur_dashboard_msgs/srv/detail/get_loaded_program__traits.hpp
[47.461s] -- Up-to-date: /home/gcerioni/ws_ur16/install/ur_dashboard_msgs/include/ur_dashboard_msgs/ur_dashboard_msgs/srv/detail/get_loaded_program__type_support.hpp
[47.462s] -- Up-to-date: /home/gcerioni/ws_ur16/install/ur_dashboard_msgs/include/ur_dashboard_msgs/ur_dashboard_msgs/srv/detail/is_program_running__type_support.hpp
[47.462s] -- Up-to-date: /home/gcerioni/ws_ur16/install/ur_dashboard_msgs/include/ur_dashboard_msgs/ur_dashboard_msgs/srv/detail/is_program_saved__struct.hpp
[47.462s] -- Up-to-date: /home/gcerioni/ws_ur16/install/ur_dashboard_msgs/include/ur_dashboard_msgs/ur_dashboard_msgs/srv/detail/get_safety_mode__traits.hpp
[47.462s] -- Up-to-date: /home/gcerioni/ws_ur16/install/ur_dashboard_msgs/include/ur_dashboard_msgs/ur_dashboard_msgs/srv/detail/is_program_saved__builder.hpp
[47.462s] -- Up-to-date: /home/gcerioni/ws_ur16/install/ur_dashboard_msgs/include/ur_dashboard_msgs/ur_dashboard_msgs/srv/detail/raw_request__struct.hpp
[47.462s] -- Up-to-date: /home/gcerioni/ws_ur16/install/ur_dashboard_msgs/include/ur_dashboard_msgs/ur_dashboard_msgs/srv/detail/get_robot_mode__builder.hpp
[47.462s] -- Up-to-date: /home/gcerioni/ws_ur16/install/ur_dashboard_msgs/include/ur_dashboard_msgs/ur_dashboard_msgs/srv/detail/is_program_saved__traits.hpp
[47.462s] -- Up-to-date: /home/gcerioni/ws_ur16/install/ur_dashboard_msgs/include/ur_dashboard_msgs/ur_dashboard_msgs/srv/detail/load__type_support.hpp
[47.463s] -- Up-to-date: /home/gcerioni/ws_ur16/install/ur_dashboard_msgs/include/ur_dashboard_msgs/ur_dashboard_msgs/srv/detail/add_to_log__type_support.hpp
[47.463s] -- Up-to-date: /home/gcerioni/ws_ur16/install/ur_dashboard_msgs/include/ur_dashboard_msgs/ur_dashboard_msgs/srv/detail/is_program_saved__type_support.hpp
[47.463s] -- Up-to-date: /home/gcerioni/ws_ur16/install/ur_dashboard_msgs/include/ur_dashboard_msgs/ur_dashboard_msgs/srv/detail/get_loaded_program__struct.hpp
[47.463s] -- Up-to-date: /home/gcerioni/ws_ur16/install/ur_dashboard_msgs/include/ur_dashboard_msgs/ur_dashboard_msgs/srv/detail/raw_request__type_support.hpp
[47.463s] -- Up-to-date: /home/gcerioni/ws_ur16/install/ur_dashboard_msgs/include/ur_dashboard_msgs/ur_dashboard_msgs/srv/detail/add_to_log__traits.hpp
[47.463s] -- Up-to-date: /home/gcerioni/ws_ur16/install/ur_dashboard_msgs/include/ur_dashboard_msgs/ur_dashboard_msgs/srv/detail/load__builder.hpp
[47.465s] -- Up-to-date: /home/gcerioni/ws_ur16/install/ur_dashboard_msgs/include/ur_dashboard_msgs/ur_dashboard_msgs/srv/detail/get_robot_mode__traits.hpp
[47.465s] -- Up-to-date: /home/gcerioni/ws_ur16/install/ur_dashboard_msgs/include/ur_dashboard_msgs/ur_dashboard_msgs/srv/detail/load__struct.hpp
[47.466s] -- Up-to-date: /home/gcerioni/ws_ur16/install/ur_dashboard_msgs/include/ur_dashboard_msgs/ur_dashboard_msgs/srv/detail/get_program_state__traits.hpp
[47.466s] -- Up-to-date: /home/gcerioni/ws_ur16/install/ur_dashboard_msgs/include/ur_dashboard_msgs/ur_dashboard_msgs/srv/detail/is_program_running__struct.hpp
[47.466s] -- Up-to-date: /home/gcerioni/ws_ur16/install/ur_dashboard_msgs/include/ur_dashboard_msgs/ur_dashboard_msgs/srv/detail/get_program_state__type_support.hpp
[47.466s] -- Up-to-date: /home/gcerioni/ws_ur16/install/ur_dashboard_msgs/include/ur_dashboard_msgs/ur_dashboard_msgs/srv/detail/get_safety_mode__builder.hpp
[47.466s] -- Up-to-date: /home/gcerioni/ws_ur16/install/ur_dashboard_msgs/include/ur_dashboard_msgs/ur_dashboard_msgs/srv/detail/popup__struct.hpp
[47.466s] -- Up-to-date: /home/gcerioni/ws_ur16/install/ur_dashboard_msgs/include/ur_dashboard_msgs/ur_dashboard_msgs/srv/detail/get_loaded_program__builder.hpp
[47.466s] -- Up-to-date: /home/gcerioni/ws_ur16/install/ur_dashboard_msgs/include/ur_dashboard_msgs/ur_dashboard_msgs/srv/get_program_state.hpp
[47.467s] -- Up-to-date: /home/gcerioni/ws_ur16/install/ur_dashboard_msgs/include/ur_dashboard_msgs/ur_dashboard_msgs/srv/popup.hpp
[47.467s] -- Up-to-date: /home/gcerioni/ws_ur16/install/ur_dashboard_msgs/include/ur_dashboard_msgs/ur_dashboard_msgs/srv/add_to_log.hpp
[47.467s] -- Up-to-date: /home/gcerioni/ws_ur16/install/ur_dashboard_msgs/include/ur_dashboard_msgs/ur_dashboard_msgs/srv/is_program_running.hpp
[47.467s] -- Up-to-date: /home/gcerioni/ws_ur16/install/ur_dashboard_msgs/include/ur_dashboard_msgs/ur_dashboard_msgs/srv/get_safety_mode.hpp
[47.467s] -- Up-to-date: /home/gcerioni/ws_ur16/install/ur_dashboard_msgs/include/ur_dashboard_msgs/ur_dashboard_msgs/srv/get_robot_mode.hpp
[47.467s] -- Up-to-date: /home/gcerioni/ws_ur16/install/ur_dashboard_msgs/include/ur_dashboard_msgs/ur_dashboard_msgs/srv/raw_request.hpp
[47.467s] -- Up-to-date: /home/gcerioni/ws_ur16/install/ur_dashboard_msgs/include/ur_dashboard_msgs/ur_dashboard_msgs/srv/load.hpp
[47.467s] -- Up-to-date: /home/gcerioni/ws_ur16/install/ur_dashboard_msgs/include/ur_dashboard_msgs/ur_dashboard_msgs/srv/get_loaded_program.hpp
[47.467s] -- Up-to-date: /home/gcerioni/ws_ur16/install/ur_dashboard_msgs/include/ur_dashboard_msgs/ur_dashboard_msgs
[47.467s] -- Up-to-date: /home/gcerioni/ws_ur16/install/ur_dashboard_msgs/include/ur_dashboard_msgs/ur_dashboard_msgs/msg
[47.468s] -- Up-to-date: /home/gcerioni/ws_ur16/install/ur_dashboard_msgs/include/ur_dashboard_msgs/ur_dashboard_msgs/msg/detail
[47.468s] -- Up-to-date: /home/gcerioni/ws_ur16/install/ur_dashboard_msgs/include/ur_dashboard_msgs/ur_dashboard_msgs/msg/detail/program_state__rosidl_typesupport_fastrtps_cpp.hpp
[47.468s] -- Up-to-date: /home/gcerioni/ws_ur16/install/ur_dashboard_msgs/include/ur_dashboard_msgs/ur_dashboard_msgs/msg/detail/robot_mode__rosidl_typesupport_fastrtps_cpp.hpp
[47.468s] -- Up-to-date: /home/gcerioni/ws_ur16/install/ur_dashboard_msgs/include/ur_dashboard_msgs/ur_dashboard_msgs/msg/detail/dds_fastrtps
[47.468s] -- Up-to-date: /home/gcerioni/ws_ur16/install/ur_dashboard_msgs/include/ur_dashboard_msgs/ur_dashboard_msgs/msg/detail/safety_mode__rosidl_typesupport_fastrtps_cpp.hpp
[47.468s] -- Up-to-date: /home/gcerioni/ws_ur16/install/ur_dashboard_msgs/include/ur_dashboard_msgs/ur_dashboard_msgs/msg/rosidl_typesupport_fastrtps_cpp__visibility_control.h
[47.468s] -- Up-to-date: /home/gcerioni/ws_ur16/install/ur_dashboard_msgs/include/ur_dashboard_msgs/ur_dashboard_msgs/action
[47.470s] -- Up-to-date: /home/gcerioni/ws_ur16/install/ur_dashboard_msgs/include/ur_dashboard_msgs/ur_dashboard_msgs/action/detail
[47.471s] -- Up-to-date: /home/gcerioni/ws_ur16/install/ur_dashboard_msgs/include/ur_dashboard_msgs/ur_dashboard_msgs/action/detail/dds_fastrtps
[47.471s] -- Up-to-date: /home/gcerioni/ws_ur16/install/ur_dashboard_msgs/include/ur_dashboard_msgs/ur_dashboard_msgs/action/detail/set_mode__rosidl_typesupport_fastrtps_cpp.hpp
[47.471s] -- Up-to-date: /home/gcerioni/ws_ur16/install/ur_dashboard_msgs/include/ur_dashboard_msgs/ur_dashboard_msgs/srv
[47.472s] -- Up-to-date: /home/gcerioni/ws_ur16/install/ur_dashboard_msgs/include/ur_dashboard_msgs/ur_dashboard_msgs/srv/detail
[47.472s] -- Up-to-date: /home/gcerioni/ws_ur16/install/ur_dashboard_msgs/include/ur_dashboard_msgs/ur_dashboard_msgs/srv/detail/get_program_state__rosidl_typesupport_fastrtps_cpp.hpp
[47.472s] -- Up-to-date: /home/gcerioni/ws_ur16/install/ur_dashboard_msgs/include/ur_dashboard_msgs/ur_dashboard_msgs/srv/detail/is_program_running__rosidl_typesupport_fastrtps_cpp.hpp
[47.472s] -- Up-to-date: /home/gcerioni/ws_ur16/install/ur_dashboard_msgs/include/ur_dashboard_msgs/ur_dashboard_msgs/srv/detail/get_safety_mode__rosidl_typesupport_fastrtps_cpp.hpp
[47.472s] -- Up-to-date: /home/gcerioni/ws_ur16/install/ur_dashboard_msgs/include/ur_dashboard_msgs/ur_dashboard_msgs/srv/detail/get_loaded_program__rosidl_typesupport_fastrtps_cpp.hpp
[47.473s] -- Up-to-date: /home/gcerioni/ws_ur16/install/ur_dashboard_msgs/include/ur_dashboard_msgs/ur_dashboard_msgs/srv/detail/load__rosidl_typesupport_fastrtps_cpp.hpp
[47.473s] -- Up-to-date: /home/gcerioni/ws_ur16/install/ur_dashboard_msgs/include/ur_dashboard_msgs/ur_dashboard_msgs/srv/detail/is_program_saved__rosidl_typesupport_fastrtps_cpp.hpp
[47.473s] -- Up-to-date: /home/gcerioni/ws_ur16/install/ur_dashboard_msgs/include/ur_dashboard_msgs/ur_dashboard_msgs/srv/detail/add_to_log__rosidl_typesupport_fastrtps_cpp.hpp
[47.473s] -- Up-to-date: /home/gcerioni/ws_ur16/install/ur_dashboard_msgs/include/ur_dashboard_msgs/ur_dashboard_msgs/srv/detail/dds_fastrtps
[47.473s] -- Up-to-date: /home/gcerioni/ws_ur16/install/ur_dashboard_msgs/include/ur_dashboard_msgs/ur_dashboard_msgs/srv/detail/get_robot_mode__rosidl_typesupport_fastrtps_cpp.hpp
[47.474s] -- Up-to-date: /home/gcerioni/ws_ur16/install/ur_dashboard_msgs/include/ur_dashboard_msgs/ur_dashboard_msgs/srv/detail/raw_request__rosidl_typesupport_fastrtps_cpp.hpp
[47.474s] -- Up-to-date: /home/gcerioni/ws_ur16/install/ur_dashboard_msgs/include/ur_dashboard_msgs/ur_dashboard_msgs/srv/detail/popup__rosidl_typesupport_fastrtps_cpp.hpp
[47.474s] -- Installing: /home/gcerioni/ws_ur16/install/ur_dashboard_msgs/lib/libur_dashboard_msgs__rosidl_typesupport_fastrtps_cpp.so
[47.474s] -- Set runtime path of "/home/gcerioni/ws_ur16/install/ur_dashboard_msgs/lib/libur_dashboard_msgs__rosidl_typesupport_fastrtps_cpp.so" to ""
[47.474s] -- Up-to-date: /home/gcerioni/ws_ur16/install/ur_dashboard_msgs/include/ur_dashboard_msgs/ur_dashboard_msgs
[47.475s] -- Up-to-date: /home/gcerioni/ws_ur16/install/ur_dashboard_msgs/include/ur_dashboard_msgs/ur_dashboard_msgs/msg
[47.475s] -- Up-to-date: /home/gcerioni/ws_ur16/install/ur_dashboard_msgs/include/ur_dashboard_msgs/ur_dashboard_msgs/msg/detail
[47.475s] -- Up-to-date: /home/gcerioni/ws_ur16/install/ur_dashboard_msgs/include/ur_dashboard_msgs/ur_dashboard_msgs/msg/detail/program_state__rosidl_typesupport_introspection_cpp.hpp
[47.475s] -- Up-to-date: /home/gcerioni/ws_ur16/install/ur_dashboard_msgs/include/ur_dashboard_msgs/ur_dashboard_msgs/msg/detail/program_state__type_support.cpp
[47.476s] -- Up-to-date: /home/gcerioni/ws_ur16/install/ur_dashboard_msgs/include/ur_dashboard_msgs/ur_dashboard_msgs/msg/detail/robot_mode__type_support.cpp
[47.476s] -- Up-to-date: /home/gcerioni/ws_ur16/install/ur_dashboard_msgs/include/ur_dashboard_msgs/ur_dashboard_msgs/msg/detail/safety_mode__type_support.cpp
[47.476s] -- Up-to-date: /home/gcerioni/ws_ur16/install/ur_dashboard_msgs/include/ur_dashboard_msgs/ur_dashboard_msgs/msg/detail/robot_mode__rosidl_typesupport_introspection_cpp.hpp
[47.477s] -- Up-to-date: /home/gcerioni/ws_ur16/install/ur_dashboard_msgs/include/ur_dashboard_msgs/ur_dashboard_msgs/msg/detail/safety_mode__rosidl_typesupport_introspection_cpp.hpp
[47.478s] -- Up-to-date: /home/gcerioni/ws_ur16/install/ur_dashboard_msgs/include/ur_dashboard_msgs/ur_dashboard_msgs/action
[47.481s] -- Up-to-date: /home/gcerioni/ws_ur16/install/ur_dashboard_msgs/include/ur_dashboard_msgs/ur_dashboard_msgs/action/detail
[47.481s] -- Up-to-date: /home/gcerioni/ws_ur16/install/ur_dashboard_msgs/include/ur_dashboard_msgs/ur_dashboard_msgs/action/detail/set_mode__type_support.cpp
[47.481s] -- Up-to-date: /home/gcerioni/ws_ur16/install/ur_dashboard_msgs/include/ur_dashboard_msgs/ur_dashboard_msgs/action/detail/set_mode__rosidl_typesupport_introspection_cpp.hpp
[47.481s] -- Up-to-date: /home/gcerioni/ws_ur16/install/ur_dashboard_msgs/include/ur_dashboard_msgs/ur_dashboard_msgs/srv
[47.481s] -- Up-to-date: /home/gcerioni/ws_ur16/install/ur_dashboard_msgs/include/ur_dashboard_msgs/ur_dashboard_msgs/srv/detail
[47.482s] -- Up-to-date: /home/gcerioni/ws_ur16/install/ur_dashboard_msgs/include/ur_dashboard_msgs/ur_dashboard_msgs/srv/detail/raw_request__type_support.cpp
[47.482s] -- Up-to-date: /home/gcerioni/ws_ur16/install/ur_dashboard_msgs/include/ur_dashboard_msgs/ur_dashboard_msgs/srv/detail/raw_request__rosidl_typesupport_introspection_cpp.hpp
[47.482s] -- Up-to-date: /home/gcerioni/ws_ur16/install/ur_dashboard_msgs/include/ur_dashboard_msgs/ur_dashboard_msgs/srv/detail/add_to_log__rosidl_typesupport_introspection_cpp.hpp
[47.482s] -- Up-to-date: /home/gcerioni/ws_ur16/install/ur_dashboard_msgs/include/ur_dashboard_msgs/ur_dashboard_msgs/srv/detail/get_program_state__type_support.cpp
[47.482s] -- Up-to-date: /home/gcerioni/ws_ur16/install/ur_dashboard_msgs/include/ur_dashboard_msgs/ur_dashboard_msgs/srv/detail/load__rosidl_typesupport_introspection_cpp.hpp
[47.482s] -- Up-to-date: /home/gcerioni/ws_ur16/install/ur_dashboard_msgs/include/ur_dashboard_msgs/ur_dashboard_msgs/srv/detail/popup__rosidl_typesupport_introspection_cpp.hpp
[47.482s] -- Up-to-date: /home/gcerioni/ws_ur16/install/ur_dashboard_msgs/include/ur_dashboard_msgs/ur_dashboard_msgs/srv/detail/get_robot_mode__type_support.cpp
[47.482s] -- Up-to-date: /home/gcerioni/ws_ur16/install/ur_dashboard_msgs/include/ur_dashboard_msgs/ur_dashboard_msgs/srv/detail/get_robot_mode__rosidl_typesupport_introspection_cpp.hpp
[47.483s] -- Up-to-date: /home/gcerioni/ws_ur16/install/ur_dashboard_msgs/include/ur_dashboard_msgs/ur_dashboard_msgs/srv/detail/get_program_state__rosidl_typesupport_introspection_cpp.hpp
[47.483s] -- Up-to-date: /home/gcerioni/ws_ur16/install/ur_dashboard_msgs/include/ur_dashboard_msgs/ur_dashboard_msgs/srv/detail/is_program_saved__type_support.cpp
[47.483s] -- Up-to-date: /home/gcerioni/ws_ur16/install/ur_dashboard_msgs/include/ur_dashboard_msgs/ur_dashboard_msgs/srv/detail/get_safety_mode__rosidl_typesupport_introspection_cpp.hpp
[47.483s] -- Up-to-date: /home/gcerioni/ws_ur16/install/ur_dashboard_msgs/include/ur_dashboard_msgs/ur_dashboard_msgs/srv/detail/is_program_running__type_support.cpp
[47.483s] -- Up-to-date: /home/gcerioni/ws_ur16/install/ur_dashboard_msgs/include/ur_dashboard_msgs/ur_dashboard_msgs/srv/detail/popup__type_support.cpp
[47.483s] -- Up-to-date: /home/gcerioni/ws_ur16/install/ur_dashboard_msgs/include/ur_dashboard_msgs/ur_dashboard_msgs/srv/detail/get_loaded_program__type_support.cpp
[47.483s] -- Up-to-date: /home/gcerioni/ws_ur16/install/ur_dashboard_msgs/include/ur_dashboard_msgs/ur_dashboard_msgs/srv/detail/get_loaded_program__rosidl_typesupport_introspection_cpp.hpp
[47.483s] -- Up-to-date: /home/gcerioni/ws_ur16/install/ur_dashboard_msgs/include/ur_dashboard_msgs/ur_dashboard_msgs/srv/detail/load__type_support.cpp
[47.483s] -- Up-to-date: /home/gcerioni/ws_ur16/install/ur_dashboard_msgs/include/ur_dashboard_msgs/ur_dashboard_msgs/srv/detail/add_to_log__type_support.cpp
[47.484s] -- Up-to-date: /home/gcerioni/ws_ur16/install/ur_dashboard_msgs/include/ur_dashboard_msgs/ur_dashboard_msgs/srv/detail/is_program_saved__rosidl_typesupport_introspection_cpp.hpp
[47.484s] -- Up-to-date: /home/gcerioni/ws_ur16/install/ur_dashboard_msgs/include/ur_dashboard_msgs/ur_dashboard_msgs/srv/detail/is_program_running__rosidl_typesupport_introspection_cpp.hpp
[47.484s] -- Up-to-date: /home/gcerioni/ws_ur16/install/ur_dashboard_msgs/include/ur_dashboard_msgs/ur_dashboard_msgs/srv/detail/get_safety_mode__type_support.cpp
[47.484s] -- Installing: /home/gcerioni/ws_ur16/install/ur_dashboard_msgs/lib/libur_dashboard_msgs__rosidl_typesupport_introspection_cpp.so
[47.485s] -- Set runtime path of "/home/gcerioni/ws_ur16/install/ur_dashboard_msgs/lib/libur_dashboard_msgs__rosidl_typesupport_introspection_cpp.so" to ""
[47.485s] -- Installing: /home/gcerioni/ws_ur16/install/ur_dashboard_msgs/lib/libur_dashboard_msgs__rosidl_typesupport_cpp.so
[47.485s] -- Set runtime path of "/home/gcerioni/ws_ur16/install/ur_dashboard_msgs/lib/libur_dashboard_msgs__rosidl_typesupport_cpp.so" to ""
[47.485s] -- Up-to-date: /home/gcerioni/ws_ur16/install/ur_dashboard_msgs/share/ur_dashboard_msgs/environment/pythonpath.sh
[47.485s] -- Installing: /home/gcerioni/ws_ur16/install/ur_dashboard_msgs/share/ur_dashboard_msgs/environment/pythonpath.dsv
[47.485s] -- Installing: /home/gcerioni/ws_ur16/install/ur_dashboard_msgs/local/lib/python3.10/dist-packages/ur_dashboard_msgs-2.6.0-py3.10.egg-info
[47.485s] -- Installing: /home/gcerioni/ws_ur16/install/ur_dashboard_msgs/local/lib/python3.10/dist-packages/ur_dashboard_msgs-2.6.0-py3.10.egg-info/top_level.txt
[47.486s] -- Installing: /home/gcerioni/ws_ur16/install/ur_dashboard_msgs/local/lib/python3.10/dist-packages/ur_dashboard_msgs-2.6.0-py3.10.egg-info/SOURCES.txt
[47.486s] -- Installing: /home/gcerioni/ws_ur16/install/ur_dashboard_msgs/local/lib/python3.10/dist-packages/ur_dashboard_msgs-2.6.0-py3.10.egg-info/dependency_links.txt
[47.486s] -- Installing: /home/gcerioni/ws_ur16/install/ur_dashboard_msgs/local/lib/python3.10/dist-packages/ur_dashboard_msgs-2.6.0-py3.10.egg-info/PKG-INFO
[47.486s] -- Up-to-date: /home/gcerioni/ws_ur16/install/ur_dashboard_msgs/local/lib/python3.10/dist-packages/ur_dashboard_msgs
[47.486s] -- Up-to-date: /home/gcerioni/ws_ur16/install/ur_dashboard_msgs/local/lib/python3.10/dist-packages/ur_dashboard_msgs/msg
[47.486s] -- Up-to-date: /home/gcerioni/ws_ur16/install/ur_dashboard_msgs/local/lib/python3.10/dist-packages/ur_dashboard_msgs/msg/_robot_mode.py
[47.486s] -- Up-to-date: /home/gcerioni/ws_ur16/install/ur_dashboard_msgs/local/lib/python3.10/dist-packages/ur_dashboard_msgs/msg/_safety_mode.py
[47.488s] -- Up-to-date: /home/gcerioni/ws_ur16/install/ur_dashboard_msgs/local/lib/python3.10/dist-packages/ur_dashboard_msgs/msg/__init__.py
[47.488s] -- Up-to-date: /home/gcerioni/ws_ur16/install/ur_dashboard_msgs/local/lib/python3.10/dist-packages/ur_dashboard_msgs/msg/_safety_mode_s.c
[47.488s] -- Up-to-date: /home/gcerioni/ws_ur16/install/ur_dashboard_msgs/local/lib/python3.10/dist-packages/ur_dashboard_msgs/msg/_program_state.py
[47.488s] -- Up-to-date: /home/gcerioni/ws_ur16/install/ur_dashboard_msgs/local/lib/python3.10/dist-packages/ur_dashboard_msgs/msg/_program_state_s.c
[47.488s] -- Up-to-date: /home/gcerioni/ws_ur16/install/ur_dashboard_msgs/local/lib/python3.10/dist-packages/ur_dashboard_msgs/msg/_robot_mode_s.c
[47.488s] -- Installing: /home/gcerioni/ws_ur16/install/ur_dashboard_msgs/local/lib/python3.10/dist-packages/ur_dashboard_msgs/ur_dashboard_msgs_s__rosidl_typesupport_fastrtps_c.cpython-310-x86_64-linux-gnu.so
[47.488s] -- Up-to-date: /home/gcerioni/ws_ur16/install/ur_dashboard_msgs/local/lib/python3.10/dist-packages/ur_dashboard_msgs/action
[47.488s] -- Up-to-date: /home/gcerioni/ws_ur16/install/ur_dashboard_msgs/local/lib/python3.10/dist-packages/ur_dashboard_msgs/action/__init__.py
[47.488s] -- Up-to-date: /home/gcerioni/ws_ur16/install/ur_dashboard_msgs/local/lib/python3.10/dist-packages/ur_dashboard_msgs/action/_set_mode_s.c
[47.489s] -- Up-to-date: /home/gcerioni/ws_ur16/install/ur_dashboard_msgs/local/lib/python3.10/dist-packages/ur_dashboard_msgs/action/_set_mode.py
[47.489s] -- Installing: /home/gcerioni/ws_ur16/install/ur_dashboard_msgs/local/lib/python3.10/dist-packages/ur_dashboard_msgs/ur_dashboard_msgs_s__rosidl_typesupport_c.cpython-310-x86_64-linux-gnu.so
[47.489s] -- Installing: /home/gcerioni/ws_ur16/install/ur_dashboard_msgs/local/lib/python3.10/dist-packages/ur_dashboard_msgs/__init__.py
[47.489s] -- Up-to-date: /home/gcerioni/ws_ur16/install/ur_dashboard_msgs/local/lib/python3.10/dist-packages/ur_dashboard_msgs/_ur_dashboard_msgs_s.ep.rosidl_typesupport_fastrtps_c.c
[47.489s] -- Installing: /home/gcerioni/ws_ur16/install/ur_dashboard_msgs/local/lib/python3.10/dist-packages/ur_dashboard_msgs/ur_dashboard_msgs_s__rosidl_typesupport_introspection_c.cpython-310-x86_64-linux-gnu.so
[47.489s] -- Up-to-date: /home/gcerioni/ws_ur16/install/ur_dashboard_msgs/local/lib/python3.10/dist-packages/ur_dashboard_msgs/_ur_dashboard_msgs_s.ep.rosidl_typesupport_c.c
[47.489s] -- Up-to-date: /home/gcerioni/ws_ur16/install/ur_dashboard_msgs/local/lib/python3.10/dist-packages/ur_dashboard_msgs/_ur_dashboard_msgs_s.ep.rosidl_typesupport_introspection_c.c
[47.489s] -- Installing: /home/gcerioni/ws_ur16/install/ur_dashboard_msgs/local/lib/python3.10/dist-packages/ur_dashboard_msgs/libur_dashboard_msgs__rosidl_generator_py.so
[47.489s] -- Up-to-date: /home/gcerioni/ws_ur16/install/ur_dashboard_msgs/local/lib/python3.10/dist-packages/ur_dashboard_msgs/srv
[47.489s] -- Up-to-date: /home/gcerioni/ws_ur16/install/ur_dashboard_msgs/local/lib/python3.10/dist-packages/ur_dashboard_msgs/srv/_raw_request.py
[47.489s] -- Up-to-date: /home/gcerioni/ws_ur16/install/ur_dashboard_msgs/local/lib/python3.10/dist-packages/ur_dashboard_msgs/srv/_get_loaded_program_s.c
[47.490s] -- Up-to-date: /home/gcerioni/ws_ur16/install/ur_dashboard_msgs/local/lib/python3.10/dist-packages/ur_dashboard_msgs/srv/_add_to_log_s.c
[47.490s] -- Up-to-date: /home/gcerioni/ws_ur16/install/ur_dashboard_msgs/local/lib/python3.10/dist-packages/ur_dashboard_msgs/srv/_get_robot_mode.py
[47.490s] -- Up-to-date: /home/gcerioni/ws_ur16/install/ur_dashboard_msgs/local/lib/python3.10/dist-packages/ur_dashboard_msgs/srv/_is_program_saved.py
[47.490s] -- Up-to-date: /home/gcerioni/ws_ur16/install/ur_dashboard_msgs/local/lib/python3.10/dist-packages/ur_dashboard_msgs/srv/_get_program_state.py
[47.490s] -- Up-to-date: /home/gcerioni/ws_ur16/install/ur_dashboard_msgs/local/lib/python3.10/dist-packages/ur_dashboard_msgs/srv/__init__.py
[47.490s] -- Up-to-date: /home/gcerioni/ws_ur16/install/ur_dashboard_msgs/local/lib/python3.10/dist-packages/ur_dashboard_msgs/srv/_is_program_saved_s.c
[47.490s] -- Up-to-date: /home/gcerioni/ws_ur16/install/ur_dashboard_msgs/local/lib/python3.10/dist-packages/ur_dashboard_msgs/srv/_load_s.c
[47.490s] -- Up-to-date: /home/gcerioni/ws_ur16/install/ur_dashboard_msgs/local/lib/python3.10/dist-packages/ur_dashboard_msgs/srv/_get_safety_mode_s.c
[47.490s] -- Up-to-date: /home/gcerioni/ws_ur16/install/ur_dashboard_msgs/local/lib/python3.10/dist-packages/ur_dashboard_msgs/srv/_get_robot_mode_s.c
[47.490s] -- Up-to-date: /home/gcerioni/ws_ur16/install/ur_dashboard_msgs/local/lib/python3.10/dist-packages/ur_dashboard_msgs/srv/_popup_s.c
[47.490s] -- Up-to-date: /home/gcerioni/ws_ur16/install/ur_dashboard_msgs/local/lib/python3.10/dist-packages/ur_dashboard_msgs/srv/_get_safety_mode.py
[47.491s] -- Up-to-date: /home/gcerioni/ws_ur16/install/ur_dashboard_msgs/local/lib/python3.10/dist-packages/ur_dashboard_msgs/srv/_is_program_running.py
[47.491s] -- Up-to-date: /home/gcerioni/ws_ur16/install/ur_dashboard_msgs/local/lib/python3.10/dist-packages/ur_dashboard_msgs/srv/_load.py
[47.491s] -- Up-to-date: /home/gcerioni/ws_ur16/install/ur_dashboard_msgs/local/lib/python3.10/dist-packages/ur_dashboard_msgs/srv/_add_to_log.py
[47.491s] -- Up-to-date: /home/gcerioni/ws_ur16/install/ur_dashboard_msgs/local/lib/python3.10/dist-packages/ur_dashboard_msgs/srv/_get_loaded_program.py
[47.491s] -- Up-to-date: /home/gcerioni/ws_ur16/install/ur_dashboard_msgs/local/lib/python3.10/dist-packages/ur_dashboard_msgs/srv/_is_program_running_s.c
[47.491s] -- Up-to-date: /home/gcerioni/ws_ur16/install/ur_dashboard_msgs/local/lib/python3.10/dist-packages/ur_dashboard_msgs/srv/_popup.py
[47.492s] -- Up-to-date: /home/gcerioni/ws_ur16/install/ur_dashboard_msgs/local/lib/python3.10/dist-packages/ur_dashboard_msgs/srv/_get_program_state_s.c
[47.492s] -- Up-to-date: /home/gcerioni/ws_ur16/install/ur_dashboard_msgs/local/lib/python3.10/dist-packages/ur_dashboard_msgs/srv/_raw_request_s.c
[47.493s] Listing '/home/gcerioni/ws_ur16/install/ur_dashboard_msgs/local/lib/python3.10/dist-packages/ur_dashboard_msgs'...
[47.493s] Compiling '/home/gcerioni/ws_ur16/install/ur_dashboard_msgs/local/lib/python3.10/dist-packages/ur_dashboard_msgs/__init__.py'...
[47.493s] Listing '/home/gcerioni/ws_ur16/install/ur_dashboard_msgs/local/lib/python3.10/dist-packages/ur_dashboard_msgs/action'...
[47.493s] Listing '/home/gcerioni/ws_ur16/install/ur_dashboard_msgs/local/lib/python3.10/dist-packages/ur_dashboard_msgs/msg'...
[47.495s] Listing '/home/gcerioni/ws_ur16/install/ur_dashboard_msgs/local/lib/python3.10/dist-packages/ur_dashboard_msgs/srv'...
[47.495s] -- Installing: /home/gcerioni/ws_ur16/install/ur_dashboard_msgs/local/lib/python3.10/dist-packages/ur_dashboard_msgs/ur_dashboard_msgs_s__rosidl_typesupport_fastrtps_c.cpython-310-x86_64-linux-gnu.so
[47.495s] -- Set runtime path of "/home/gcerioni/ws_ur16/install/ur_dashboard_msgs/local/lib/python3.10/dist-packages/ur_dashboard_msgs/ur_dashboard_msgs_s__rosidl_typesupport_fastrtps_c.cpython-310-x86_64-linux-gnu.so" to ""
[47.499s] -- Installing: /home/gcerioni/ws_ur16/install/ur_dashboard_msgs/local/lib/python3.10/dist-packages/ur_dashboard_msgs/ur_dashboard_msgs_s__rosidl_typesupport_introspection_c.cpython-310-x86_64-linux-gnu.so
[47.499s] -- Set runtime path of "/home/gcerioni/ws_ur16/install/ur_dashboard_msgs/local/lib/python3.10/dist-packages/ur_dashboard_msgs/ur_dashboard_msgs_s__rosidl_typesupport_introspection_c.cpython-310-x86_64-linux-gnu.so" to ""
[47.499s] -- Installing: /home/gcerioni/ws_ur16/install/ur_dashboard_msgs/local/lib/python3.10/dist-packages/ur_dashboard_msgs/ur_dashboard_msgs_s__rosidl_typesupport_c.cpython-310-x86_64-linux-gnu.so
[47.500s] -- Set runtime path of "/home/gcerioni/ws_ur16/install/ur_dashboard_msgs/local/lib/python3.10/dist-packages/ur_dashboard_msgs/ur_dashboard_msgs_s__rosidl_typesupport_c.cpython-310-x86_64-linux-gnu.so" to ""
[47.500s] -- Installing: /home/gcerioni/ws_ur16/install/ur_dashboard_msgs/lib/libur_dashboard_msgs__rosidl_generator_py.so
[47.500s] -- Set runtime path of "/home/gcerioni/ws_ur16/install/ur_dashboard_msgs/lib/libur_dashboard_msgs__rosidl_generator_py.so" to ""
[47.500s] -- Up-to-date: /home/gcerioni/ws_ur16/install/ur_dashboard_msgs/share/ur_dashboard_msgs/msg/ProgramState.idl
[47.501s] -- Up-to-date: /home/gcerioni/ws_ur16/install/ur_dashboard_msgs/share/ur_dashboard_msgs/msg/RobotMode.idl
[47.501s] -- Up-to-date: /home/gcerioni/ws_ur16/install/ur_dashboard_msgs/share/ur_dashboard_msgs/msg/SafetyMode.idl
[47.501s] -- Up-to-date: /home/gcerioni/ws_ur16/install/ur_dashboard_msgs/share/ur_dashboard_msgs/srv/AddToLog.idl
[47.501s] -- Up-to-date: /home/gcerioni/ws_ur16/install/ur_dashboard_msgs/share/ur_dashboard_msgs/srv/GetLoadedProgram.idl
[47.501s] -- Up-to-date: /home/gcerioni/ws_ur16/install/ur_dashboard_msgs/share/ur_dashboard_msgs/srv/GetProgramState.idl
[47.501s] -- Up-to-date: /home/gcerioni/ws_ur16/install/ur_dashboard_msgs/share/ur_dashboard_msgs/srv/GetRobotMode.idl
[47.501s] -- Up-to-date: /home/gcerioni/ws_ur16/install/ur_dashboard_msgs/share/ur_dashboard_msgs/srv/GetSafetyMode.idl
[47.501s] -- Up-to-date: /home/gcerioni/ws_ur16/install/ur_dashboard_msgs/share/ur_dashboard_msgs/srv/IsProgramRunning.idl
[47.501s] -- Up-to-date: /home/gcerioni/ws_ur16/install/ur_dashboard_msgs/share/ur_dashboard_msgs/srv/IsProgramSaved.idl
[47.502s] -- Up-to-date: /home/gcerioni/ws_ur16/install/ur_dashboard_msgs/share/ur_dashboard_msgs/srv/Load.idl
[47.502s] -- Up-to-date: /home/gcerioni/ws_ur16/install/ur_dashboard_msgs/share/ur_dashboard_msgs/srv/Popup.idl
[47.502s] -- Up-to-date: /home/gcerioni/ws_ur16/install/ur_dashboard_msgs/share/ur_dashboard_msgs/srv/RawRequest.idl
[47.502s] -- Up-to-date: /home/gcerioni/ws_ur16/install/ur_dashboard_msgs/share/ur_dashboard_msgs/action/SetMode.idl
[47.502s] -- Installing: /home/gcerioni/ws_ur16/install/ur_dashboard_msgs/share/ur_dashboard_msgs/msg/ProgramState.msg
[47.502s] -- Installing: /home/gcerioni/ws_ur16/install/ur_dashboard_msgs/share/ur_dashboard_msgs/msg/RobotMode.msg
[47.503s] -- Installing: /home/gcerioni/ws_ur16/install/ur_dashboard_msgs/share/ur_dashboard_msgs/msg/SafetyMode.msg
[47.503s] -- Installing: /home/gcerioni/ws_ur16/install/ur_dashboard_msgs/share/ur_dashboard_msgs/srv/AddToLog.srv
[47.504s] -- Up-to-date: /home/gcerioni/ws_ur16/install/ur_dashboard_msgs/share/ur_dashboard_msgs/srv/AddToLog_Request.msg
[47.504s] -- Up-to-date: /home/gcerioni/ws_ur16/install/ur_dashboard_msgs/share/ur_dashboard_msgs/srv/AddToLog_Response.msg
[47.504s] -- Installing: /home/gcerioni/ws_ur16/install/ur_dashboard_msgs/share/ur_dashboard_msgs/srv/GetLoadedProgram.srv
[47.505s] -- Up-to-date: /home/gcerioni/ws_ur16/install/ur_dashboard_msgs/share/ur_dashboard_msgs/srv/GetLoadedProgram_Request.msg
[47.505s] -- Up-to-date: /home/gcerioni/ws_ur16/install/ur_dashboard_msgs/share/ur_dashboard_msgs/srv/GetLoadedProgram_Response.msg
[47.505s] -- Installing: /home/gcerioni/ws_ur16/install/ur_dashboard_msgs/share/ur_dashboard_msgs/srv/GetProgramState.srv
[47.506s] -- Up-to-date: /home/gcerioni/ws_ur16/install/ur_dashboard_msgs/share/ur_dashboard_msgs/srv/GetProgramState_Request.msg
[47.506s] -- Up-to-date: /home/gcerioni/ws_ur16/install/ur_dashboard_msgs/share/ur_dashboard_msgs/srv/GetProgramState_Response.msg
[47.507s] -- Installing: /home/gcerioni/ws_ur16/install/ur_dashboard_msgs/share/ur_dashboard_msgs/srv/GetRobotMode.srv
[47.507s] -- Up-to-date: /home/gcerioni/ws_ur16/install/ur_dashboard_msgs/share/ur_dashboard_msgs/srv/GetRobotMode_Request.msg
[47.508s] -- Up-to-date: /home/gcerioni/ws_ur16/install/ur_dashboard_msgs/share/ur_dashboard_msgs/srv/GetRobotMode_Response.msg
[47.508s] -- Installing: /home/gcerioni/ws_ur16/install/ur_dashboard_msgs/share/ur_dashboard_msgs/srv/GetSafetyMode.srv
[47.508s] -- Up-to-date: /home/gcerioni/ws_ur16/install/ur_dashboard_msgs/share/ur_dashboard_msgs/srv/GetSafetyMode_Request.msg
[47.509s] -- Up-to-date: /home/gcerioni/ws_ur16/install/ur_dashboard_msgs/share/ur_dashboard_msgs/srv/GetSafetyMode_Response.msg
[47.509s] -- Installing: /home/gcerioni/ws_ur16/install/ur_dashboard_msgs/share/ur_dashboard_msgs/srv/IsProgramRunning.srv
[47.510s] -- Up-to-date: /home/gcerioni/ws_ur16/install/ur_dashboard_msgs/share/ur_dashboard_msgs/srv/IsProgramRunning_Request.msg
[47.510s] -- Up-to-date: /home/gcerioni/ws_ur16/install/ur_dashboard_msgs/share/ur_dashboard_msgs/srv/IsProgramRunning_Response.msg
[47.510s] -- Installing: /home/gcerioni/ws_ur16/install/ur_dashboard_msgs/share/ur_dashboard_msgs/srv/IsProgramSaved.srv
[47.511s] -- Up-to-date: /home/gcerioni/ws_ur16/install/ur_dashboard_msgs/share/ur_dashboard_msgs/srv/IsProgramSaved_Request.msg
[47.511s] -- Up-to-date: /home/gcerioni/ws_ur16/install/ur_dashboard_msgs/share/ur_dashboard_msgs/srv/IsProgramSaved_Response.msg
[47.512s] -- Installing: /home/gcerioni/ws_ur16/install/ur_dashboard_msgs/share/ur_dashboard_msgs/srv/Load.srv
[47.512s] -- Up-to-date: /home/gcerioni/ws_ur16/install/ur_dashboard_msgs/share/ur_dashboard_msgs/srv/Load_Request.msg
[47.512s] -- Up-to-date: /home/gcerioni/ws_ur16/install/ur_dashboard_msgs/share/ur_dashboard_msgs/srv/Load_Response.msg
[47.513s] -- Installing: /home/gcerioni/ws_ur16/install/ur_dashboard_msgs/share/ur_dashboard_msgs/srv/Popup.srv
[47.513s] -- Up-to-date: /home/gcerioni/ws_ur16/install/ur_dashboard_msgs/share/ur_dashboard_msgs/srv/Popup_Request.msg
[47.514s] -- Up-to-date: /home/gcerioni/ws_ur16/install/ur_dashboard_msgs/share/ur_dashboard_msgs/srv/Popup_Response.msg
[47.514s] -- Installing: /home/gcerioni/ws_ur16/install/ur_dashboard_msgs/share/ur_dashboard_msgs/srv/RawRequest.srv
[47.514s] -- Up-to-date: /home/gcerioni/ws_ur16/install/ur_dashboard_msgs/share/ur_dashboard_msgs/srv/RawRequest_Request.msg
[47.515s] -- Up-to-date: /home/gcerioni/ws_ur16/install/ur_dashboard_msgs/share/ur_dashboard_msgs/srv/RawRequest_Response.msg
[47.515s] -- Installing: /home/gcerioni/ws_ur16/install/ur_dashboard_msgs/share/ur_dashboard_msgs/action/SetMode.action
[47.516s] -- Up-to-date: /home/gcerioni/ws_ur16/install/ur_dashboard_msgs/share/ament_index/resource_index/package_run_dependencies/ur_dashboard_msgs
[47.516s] -- Up-to-date: /home/gcerioni/ws_ur16/install/ur_dashboard_msgs/share/ament_index/resource_index/parent_prefix_path/ur_dashboard_msgs
[47.516s] -- Up-to-date: /home/gcerioni/ws_ur16/install/ur_dashboard_msgs/share/ur_dashboard_msgs/environment/ament_prefix_path.sh
[47.517s] -- Installing: /home/gcerioni/ws_ur16/install/ur_dashboard_msgs/share/ur_dashboard_msgs/environment/ament_prefix_path.dsv
[47.517s] -- Up-to-date: /home/gcerioni/ws_ur16/install/ur_dashboard_msgs/share/ur_dashboard_msgs/environment/path.sh
[47.517s] -- Installing: /home/gcerioni/ws_ur16/install/ur_dashboard_msgs/share/ur_dashboard_msgs/environment/path.dsv
[47.518s] -- Up-to-date: /home/gcerioni/ws_ur16/install/ur_dashboard_msgs/share/ur_dashboard_msgs/local_setup.bash
[47.520s] -- Up-to-date: /home/gcerioni/ws_ur16/install/ur_dashboard_msgs/share/ur_dashboard_msgs/local_setup.sh
[47.520s] -- Up-to-date: /home/gcerioni/ws_ur16/install/ur_dashboard_msgs/share/ur_dashboard_msgs/local_setup.zsh
[47.521s] -- Installing: /home/gcerioni/ws_ur16/install/ur_dashboard_msgs/share/ur_dashboard_msgs/local_setup.dsv
[47.521s] -- Installing: /home/gcerioni/ws_ur16/install/ur_dashboard_msgs/share/ur_dashboard_msgs/package.dsv
[47.521s] -- Up-to-date: /home/gcerioni/ws_ur16/install/ur_dashboard_msgs/share/ament_index/resource_index/packages/ur_dashboard_msgs
[47.521s] -- Up-to-date: /home/gcerioni/ws_ur16/install/ur_dashboard_msgs/share/ur_dashboard_msgs/cmake/export_ur_dashboard_msgs__rosidl_generator_cExport.cmake
[47.522s] -- Installing: /home/gcerioni/ws_ur16/install/ur_dashboard_msgs/share/ur_dashboard_msgs/cmake/export_ur_dashboard_msgs__rosidl_generator_cExport-release.cmake
[47.522s] -- Up-to-date: /home/gcerioni/ws_ur16/install/ur_dashboard_msgs/share/ur_dashboard_msgs/cmake/export_ur_dashboard_msgs__rosidl_typesupport_fastrtps_cExport.cmake
[47.522s] -- Installing: /home/gcerioni/ws_ur16/install/ur_dashboard_msgs/share/ur_dashboard_msgs/cmake/export_ur_dashboard_msgs__rosidl_typesupport_fastrtps_cExport-release.cmake
[47.522s] -- Up-to-date: /home/gcerioni/ws_ur16/install/ur_dashboard_msgs/share/ur_dashboard_msgs/cmake/ur_dashboard_msgs__rosidl_typesupport_introspection_cExport.cmake
[47.522s] -- Installing: /home/gcerioni/ws_ur16/install/ur_dashboard_msgs/share/ur_dashboard_msgs/cmake/ur_dashboard_msgs__rosidl_typesupport_introspection_cExport-release.cmake
[47.522s] -- Up-to-date: /home/gcerioni/ws_ur16/install/ur_dashboard_msgs/share/ur_dashboard_msgs/cmake/ur_dashboard_msgs__rosidl_typesupport_cExport.cmake
[47.522s] -- Installing: /home/gcerioni/ws_ur16/install/ur_dashboard_msgs/share/ur_dashboard_msgs/cmake/ur_dashboard_msgs__rosidl_typesupport_cExport-release.cmake
[47.522s] -- Up-to-date: /home/gcerioni/ws_ur16/install/ur_dashboard_msgs/share/ur_dashboard_msgs/cmake/export_ur_dashboard_msgs__rosidl_generator_cppExport.cmake
[47.523s] -- Up-to-date: /home/gcerioni/ws_ur16/install/ur_dashboard_msgs/share/ur_dashboard_msgs/cmake/export_ur_dashboard_msgs__rosidl_typesupport_fastrtps_cppExport.cmake
[47.523s] -- Installing: /home/gcerioni/ws_ur16/install/ur_dashboard_msgs/share/ur_dashboard_msgs/cmake/export_ur_dashboard_msgs__rosidl_typesupport_fastrtps_cppExport-release.cmake
[47.523s] -- Up-to-date: /home/gcerioni/ws_ur16/install/ur_dashboard_msgs/share/ur_dashboard_msgs/cmake/ur_dashboard_msgs__rosidl_typesupport_introspection_cppExport.cmake
[47.523s] -- Installing: /home/gcerioni/ws_ur16/install/ur_dashboard_msgs/share/ur_dashboard_msgs/cmake/ur_dashboard_msgs__rosidl_typesupport_introspection_cppExport-release.cmake
[47.523s] -- Up-to-date: /home/gcerioni/ws_ur16/install/ur_dashboard_msgs/share/ur_dashboard_msgs/cmake/ur_dashboard_msgs__rosidl_typesupport_cppExport.cmake
[47.523s] -- Installing: /home/gcerioni/ws_ur16/install/ur_dashboard_msgs/share/ur_dashboard_msgs/cmake/ur_dashboard_msgs__rosidl_typesupport_cppExport-release.cmake
[47.523s] -- Up-to-date: /home/gcerioni/ws_ur16/install/ur_dashboard_msgs/share/ur_dashboard_msgs/cmake/export_ur_dashboard_msgs__rosidl_generator_pyExport.cmake
[47.523s] -- Installing: /home/gcerioni/ws_ur16/install/ur_dashboard_msgs/share/ur_dashboard_msgs/cmake/export_ur_dashboard_msgs__rosidl_generator_pyExport-release.cmake
[47.524s] -- Up-to-date: /home/gcerioni/ws_ur16/install/ur_dashboard_msgs/share/ur_dashboard_msgs/cmake/rosidl_cmake-extras.cmake
[47.524s] -- Up-to-date: /home/gcerioni/ws_ur16/install/ur_dashboard_msgs/share/ur_dashboard_msgs/cmake/ament_cmake_export_dependencies-extras.cmake
[47.524s] -- Up-to-date: /home/gcerioni/ws_ur16/install/ur_dashboard_msgs/share/ur_dashboard_msgs/cmake/ament_cmake_export_include_directories-extras.cmake
[47.524s] -- Up-to-date: /home/gcerioni/ws_ur16/install/ur_dashboard_msgs/share/ur_dashboard_msgs/cmake/ament_cmake_export_libraries-extras.cmake
[47.524s] -- Up-to-date: /home/gcerioni/ws_ur16/install/ur_dashboard_msgs/share/ur_dashboard_msgs/cmake/ament_cmake_export_targets-extras.cmake
[47.524s] -- Up-to-date: /home/gcerioni/ws_ur16/install/ur_dashboard_msgs/share/ur_dashboard_msgs/cmake/rosidl_cmake_export_typesupport_targets-extras.cmake
[47.524s] -- Up-to-date: /home/gcerioni/ws_ur16/install/ur_dashboard_msgs/share/ur_dashboard_msgs/cmake/rosidl_cmake_export_typesupport_libraries-extras.cmake
[47.524s] -- Installing: /home/gcerioni/ws_ur16/install/ur_dashboard_msgs/share/ur_dashboard_msgs/cmake/ur_dashboard_msgsConfig.cmake
[47.524s] -- Installing: /home/gcerioni/ws_ur16/install/ur_dashboard_msgs/share/ur_dashboard_msgs/cmake/ur_dashboard_msgsConfig-version.cmake
[47.525s] -- Installing: /home/gcerioni/ws_ur16/install/ur_dashboard_msgs/share/ur_dashboard_msgs/package.xml
[47.535s] Invoked command in '/home/gcerioni/ws_ur16/build/ur_dashboard_msgs' returned '0': CMAKE_PREFIX_PATH=/opt/ros/humble /usr/bin/cmake --install /home/gcerioni/ws_ur16/build/ur_dashboard_msgs
