[0.043s] Invoking command in '/home/gcerioni/ws_ur16/build/controller_manager': AMENT_PREFIX_PATH=/home/gcerioni/ws_ur16/install/hardware_interface_testing:/home/gcerioni/ws_ur16/install/controller_interface:/home/gcerioni/ws_ur16/install/hardware_interface:/home/gcerioni/ws_ur16/install/ros2_control_test_assets:/home/gcerioni/ws_ur16/install/realtime_tools:/home/gcerioni/ws_ur16/install/controller_manager_msgs:/home/gcerioni/ws_ur16/install/control_msgs:${AMENT_PREFIX_PATH} CMAKE_PREFIX_PATH=/home/gcerioni/ws_ur16/install/hardware_interface_testing:/home/gcerioni/ws_ur16/install/controller_interface:/home/gcerioni/ws_ur16/install/hardware_interface:/home/gcerioni/ws_ur16/install/ros2_control_test_assets:/home/gcerioni/ws_ur16/install/realtime_tools:/home/gcerioni/ws_ur16/install/controller_manager_msgs:/home/gcerioni/ws_ur16/install/control_msgs:/opt/ros/humble LD_LIBRARY_PATH=/home/gcerioni/ws_ur16/install/hardware_interface_testing/lib:/home/gcerioni/ws_ur16/install/controller_interface/lib:/home/gcerioni/ws_ur16/install/hardware_interface/lib:/home/gcerioni/ws_ur16/install/realtime_tools/lib:/home/gcerioni/ws_ur16/install/controller_manager_msgs/lib:/home/gcerioni/ws_ur16/install/control_msgs/lib:${LD_LIBRARY_PATH} PYTHONPATH=/home/gcerioni/ws_ur16/install/controller_manager_msgs/local/lib/python3.10/dist-packages:/home/gcerioni/ws_ur16/install/control_msgs/local/lib/python3.10/dist-packages:${PYTHONPATH} /usr/bin/cmake --build /home/gcerioni/ws_ur16/build/controller_manager -- -j8 -l8
[0.092s] [35m[1mConsolidate compiler generated dependencies of target gmock_main[0m
[0.092s] [35m[1mConsolidate compiler generated dependencies of target gmock[0m
[0.100s] [  2%] Built target ament_generate_version_header__controller_manager
[0.108s] [ 10%] Built target gmock
[0.112s] [ 13%] Built target ament_cmake_python_copy_controller_manager_setup
[0.112s] [ 15%] Built target gmock_main
[0.114s] [ 15%] Built target ament_cmake_python_copy_controller_manager
[0.116s] [35m[1mConsolidate compiler generated dependencies of target controller_manager[0m
[0.136s] [ 21%] Built target controller_manager
[0.155s] [35m[1mConsolidate compiler generated dependencies of target test_chainable_controller[0m
[0.156s] [35m[1mConsolidate compiler generated dependencies of target test_controller_manager_urdf_passing[0m
[0.156s] [35m[1mConsolidate compiler generated dependencies of target ros2_control_node[0m
[0.161s] [35m[1mConsolidate compiler generated dependencies of target test_controller_failed_init[0m
[0.164s] [35m[1mConsolidate compiler generated dependencies of target test_controller[0m
[0.168s] [35m[1mConsolidate compiler generated dependencies of target test_controller_with_interfaces[0m
[0.184s] [ 26%] Built target test_chainable_controller
[0.185s] [ 31%] Built target test_controller_manager_urdf_passing
[0.188s] [ 36%] Built target ros2_control_node
[0.196s] [ 42%] Built target test_controller_failed_init
[0.198s] [ 47%] Built target test_controller
[0.203s] [35m[1mConsolidate compiler generated dependencies of target test_hardware_spawner[0m
[0.206s] [ 52%] Built target test_controller_with_interfaces
[0.219s] [35m[1mConsolidate compiler generated dependencies of target test_controller_manager[0m
[0.219s] [35m[1mConsolidate compiler generated dependencies of target test_load_controller[0m
[0.222s] [35m[1mConsolidate compiler generated dependencies of target test_controller_manager_with_namespace.cpp[0m
[0.225s] [35m[1mConsolidate compiler generated dependencies of target test_controller_manager_srvs[0m
[0.229s] [35m[1mConsolidate compiler generated dependencies of target test_controllers_chaining_with_controller_manager[0m
[0.249s] [ 57%] Built target test_hardware_spawner
[0.254s] [ 68%] Built target test_load_controller
[0.254s] [ 68%] Built target test_controller_manager_with_namespace.cpp
[0.254s] [ 73%] Built target test_controller_manager
[0.260s] [ 78%] Built target test_controllers_chaining_with_controller_manager
[0.266s] [ 84%] Built target test_controller_manager_srvs
[0.269s] [35m[1mConsolidate compiler generated dependencies of target test_release_interfaces[0m
[0.270s] [35m[1mConsolidate compiler generated dependencies of target test_spawner_unspawner[0m
[0.271s] [35m[1mConsolidate compiler generated dependencies of target test_hardware_management_srvs[0m
[0.295s] [ 89%] Built target test_hardware_management_srvs
[0.295s] [ 94%] Built target test_release_interfaces
[0.298s] [100%] Built target test_spawner_unspawner
[0.412s] running install_scripts
[0.414s] /usr/lib/python3/dist-packages/setuptools/command/install.py:34: SetuptoolsDeprecationWarning: setup.py install is deprecated. Use build and pip and other standards-based tools.
[0.415s]   warnings.warn(
[0.416s] running egg_info
[0.417s] writing controller_manager.egg-info/PKG-INFO
[0.417s] writing dependency_links to controller_manager.egg-info/dependency_links.txt
[0.417s] writing entry points to controller_manager.egg-info/entry_points.txt
[0.417s] writing top-level names to controller_manager.egg-info/top_level.txt
[0.419s] reading manifest file 'controller_manager.egg-info/SOURCES.txt'
[0.419s] writing manifest file 'controller_manager.egg-info/SOURCES.txt'
[0.435s] running egg_info
[0.436s] writing controller_manager.egg-info/PKG-INFO
[0.436s] writing dependency_links to controller_manager.egg-info/dependency_links.txt
[0.436s] writing entry points to controller_manager.egg-info/entry_points.txt
[0.437s] writing top-level names to controller_manager.egg-info/top_level.txt
[0.438s] reading manifest file 'controller_manager.egg-info/SOURCES.txt'
[0.439s] writing manifest file 'controller_manager.egg-info/SOURCES.txt'
[0.440s] Installing hardware_spawner script to scripts
[0.440s] Installing spawner script to scripts
[0.440s] Installing unspawner script to scripts
[0.444s] [100%] Built target ament_cmake_python_build_controller_manager_egg
[0.468s] [100%] Built target ament_cmake_python_build_controller_manager_scripts
[0.480s] Invoked command in '/home/gcerioni/ws_ur16/build/controller_manager' returned '0': AMENT_PREFIX_PATH=/home/gcerioni/ws_ur16/install/hardware_interface_testing:/home/gcerioni/ws_ur16/install/controller_interface:/home/gcerioni/ws_ur16/install/hardware_interface:/home/gcerioni/ws_ur16/install/ros2_control_test_assets:/home/gcerioni/ws_ur16/install/realtime_tools:/home/gcerioni/ws_ur16/install/controller_manager_msgs:/home/gcerioni/ws_ur16/install/control_msgs:${AMENT_PREFIX_PATH} CMAKE_PREFIX_PATH=/home/gcerioni/ws_ur16/install/hardware_interface_testing:/home/gcerioni/ws_ur16/install/controller_interface:/home/gcerioni/ws_ur16/install/hardware_interface:/home/gcerioni/ws_ur16/install/ros2_control_test_assets:/home/gcerioni/ws_ur16/install/realtime_tools:/home/gcerioni/ws_ur16/install/controller_manager_msgs:/home/gcerioni/ws_ur16/install/control_msgs:/opt/ros/humble LD_LIBRARY_PATH=/home/gcerioni/ws_ur16/install/hardware_interface_testing/lib:/home/gcerioni/ws_ur16/install/controller_interface/lib:/home/gcerioni/ws_ur16/install/hardware_interface/lib:/home/gcerioni/ws_ur16/install/realtime_tools/lib:/home/gcerioni/ws_ur16/install/controller_manager_msgs/lib:/home/gcerioni/ws_ur16/install/control_msgs/lib:${LD_LIBRARY_PATH} PYTHONPATH=/home/gcerioni/ws_ur16/install/controller_manager_msgs/local/lib/python3.10/dist-packages:/home/gcerioni/ws_ur16/install/control_msgs/local/lib/python3.10/dist-packages:${PYTHONPATH} /usr/bin/cmake --build /home/gcerioni/ws_ur16/build/controller_manager -- -j8 -l8
[0.483s] Invoking command in '/home/gcerioni/ws_ur16/build/controller_manager': AMENT_PREFIX_PATH=/home/gcerioni/ws_ur16/install/hardware_interface_testing:/home/gcerioni/ws_ur16/install/controller_interface:/home/gcerioni/ws_ur16/install/hardware_interface:/home/gcerioni/ws_ur16/install/ros2_control_test_assets:/home/gcerioni/ws_ur16/install/realtime_tools:/home/gcerioni/ws_ur16/install/controller_manager_msgs:/home/gcerioni/ws_ur16/install/control_msgs:${AMENT_PREFIX_PATH} CMAKE_PREFIX_PATH=/home/gcerioni/ws_ur16/install/hardware_interface_testing:/home/gcerioni/ws_ur16/install/controller_interface:/home/gcerioni/ws_ur16/install/hardware_interface:/home/gcerioni/ws_ur16/install/ros2_control_test_assets:/home/gcerioni/ws_ur16/install/realtime_tools:/home/gcerioni/ws_ur16/install/controller_manager_msgs:/home/gcerioni/ws_ur16/install/control_msgs:/opt/ros/humble LD_LIBRARY_PATH=/home/gcerioni/ws_ur16/install/hardware_interface_testing/lib:/home/gcerioni/ws_ur16/install/controller_interface/lib:/home/gcerioni/ws_ur16/install/hardware_interface/lib:/home/gcerioni/ws_ur16/install/realtime_tools/lib:/home/gcerioni/ws_ur16/install/controller_manager_msgs/lib:/home/gcerioni/ws_ur16/install/control_msgs/lib:${LD_LIBRARY_PATH} PYTHONPATH=/home/gcerioni/ws_ur16/install/controller_manager_msgs/local/lib/python3.10/dist-packages:/home/gcerioni/ws_ur16/install/control_msgs/local/lib/python3.10/dist-packages:${PYTHONPATH} /usr/bin/cmake --install /home/gcerioni/ws_ur16/build/controller_manager
[0.490s] -- Install configuration: "Release"
[0.490s] -- Up-to-date: /home/gcerioni/ws_ur16/install/controller_manager/lib/libcontroller_manager.so
[0.491s] -- Up-to-date: /home/gcerioni/ws_ur16/install/controller_manager/lib/controller_manager/ros2_control_node
[0.491s] -- Up-to-date: /home/gcerioni/ws_ur16/install/controller_manager/include
[0.491s] -- Up-to-date: /home/gcerioni/ws_ur16/install/controller_manager/include/controller_manager
[0.491s] -- Up-to-date: /home/gcerioni/ws_ur16/install/controller_manager/include/controller_manager/controller_spec.hpp
[0.491s] -- Up-to-date: /home/gcerioni/ws_ur16/install/controller_manager/include/controller_manager/visibility_control.h
[0.491s] -- Up-to-date: /home/gcerioni/ws_ur16/install/controller_manager/include/controller_manager/controller_manager.hpp
[0.491s] -- Up-to-date: /home/gcerioni/ws_ur16/install/controller_manager/share/controller_manager/test/test_controller/test_controller.xml
[0.491s] -- Up-to-date: /home/gcerioni/ws_ur16/install/controller_manager/lib/libtest_controller.so
[0.491s] -- Up-to-date: /home/gcerioni/ws_ur16/install/controller_manager/share/controller_manager/test/test_controller_failed_init/test_controller_failed_init.xml
[0.492s] -- Up-to-date: /home/gcerioni/ws_ur16/install/controller_manager/lib/libtest_controller_failed_init.so
[0.492s] -- Up-to-date: /home/gcerioni/ws_ur16/install/controller_manager/share/controller_manager/test/test_chainable_controller/test_chainable_controller.xml
[0.492s] -- Up-to-date: /home/gcerioni/ws_ur16/install/controller_manager/lib/libtest_chainable_controller.so
[0.492s] -- Up-to-date: /home/gcerioni/ws_ur16/install/controller_manager/share/controller_manager/test/test_controller_with_interfaces/test_controller_with_interfaces.xml
[0.492s] -- Up-to-date: /home/gcerioni/ws_ur16/install/controller_manager/lib/libtest_controller_with_interfaces.so
[0.493s] -- Up-to-date: /home/gcerioni/ws_ur16/install/controller_manager/test/test_controller_spawner_with_type.yaml
[0.493s] -- Up-to-date: /home/gcerioni/ws_ur16/install/controller_manager/test/test_controller_spawner_with_basic_controllers.yaml
[0.493s] -- Up-to-date: /home/gcerioni/ws_ur16/install/controller_manager/test/test_controller_overriding_parameters.yaml
[0.493s] -- Up-to-date: /home/gcerioni/ws_ur16/install/controller_manager/test/test_controller_spawner_wildcard_entries.yaml
[0.493s] -- Up-to-date: /home/gcerioni/ws_ur16/install/controller_manager/test/test_controller_spawner_with_interfaces.yaml
[0.493s] -- Up-to-date: /home/gcerioni/ws_ur16/install/controller_manager/test/test_ros2_control_node.yaml
[0.493s] -- Up-to-date: /home/gcerioni/ws_ur16/install/controller_manager/share/controller_manager/environment/pythonpath.sh
[0.493s] -- Up-to-date: /home/gcerioni/ws_ur16/install/controller_manager/share/controller_manager/environment/pythonpath.dsv
[0.493s] -- Up-to-date: /home/gcerioni/ws_ur16/install/controller_manager/local/lib/python3.10/dist-packages/controller_manager-2.48.0-py3.10.egg-info
[0.493s] -- Installing: /home/gcerioni/ws_ur16/install/controller_manager/local/lib/python3.10/dist-packages/controller_manager-2.48.0-py3.10.egg-info/entry_points.txt
[0.493s] -- Installing: /home/gcerioni/ws_ur16/install/controller_manager/local/lib/python3.10/dist-packages/controller_manager-2.48.0-py3.10.egg-info/top_level.txt
[0.494s] -- Installing: /home/gcerioni/ws_ur16/install/controller_manager/local/lib/python3.10/dist-packages/controller_manager-2.48.0-py3.10.egg-info/SOURCES.txt
[0.494s] -- Installing: /home/gcerioni/ws_ur16/install/controller_manager/local/lib/python3.10/dist-packages/controller_manager-2.48.0-py3.10.egg-info/dependency_links.txt
[0.494s] -- Installing: /home/gcerioni/ws_ur16/install/controller_manager/local/lib/python3.10/dist-packages/controller_manager-2.48.0-py3.10.egg-info/PKG-INFO
[0.494s] -- Up-to-date: /home/gcerioni/ws_ur16/install/controller_manager/lib/controller_manager/
[0.494s] -- Installing: /home/gcerioni/ws_ur16/install/controller_manager/lib/controller_manager//unspawner
[0.494s] -- Installing: /home/gcerioni/ws_ur16/install/controller_manager/lib/controller_manager//spawner
[0.494s] -- Installing: /home/gcerioni/ws_ur16/install/controller_manager/lib/controller_manager//hardware_spawner
[0.494s] -- Up-to-date: /home/gcerioni/ws_ur16/install/controller_manager/local/lib/python3.10/dist-packages/controller_manager
[0.494s] -- Up-to-date: /home/gcerioni/ws_ur16/install/controller_manager/local/lib/python3.10/dist-packages/controller_manager/launch_utils.py
[0.494s] -- Up-to-date: /home/gcerioni/ws_ur16/install/controller_manager/local/lib/python3.10/dist-packages/controller_manager/controller_manager_services.py
[0.494s] -- Up-to-date: /home/gcerioni/ws_ur16/install/controller_manager/local/lib/python3.10/dist-packages/controller_manager/unspawner.py
[0.494s] -- Up-to-date: /home/gcerioni/ws_ur16/install/controller_manager/local/lib/python3.10/dist-packages/controller_manager/spawner.py
[0.494s] -- Up-to-date: /home/gcerioni/ws_ur16/install/controller_manager/local/lib/python3.10/dist-packages/controller_manager/hardware_spawner.py
[0.494s] -- Up-to-date: /home/gcerioni/ws_ur16/install/controller_manager/local/lib/python3.10/dist-packages/controller_manager/__init__.py
[0.494s] -- Up-to-date: /home/gcerioni/ws_ur16/install/controller_manager/local/lib/python3.10/dist-packages/controller_manager/test_utils.py
[0.523s] Listing '/home/gcerioni/ws_ur16/install/controller_manager/local/lib/python3.10/dist-packages/controller_manager'...
[0.528s] -- Up-to-date: /home/gcerioni/ws_ur16/install/controller_manager/share/controller_manager/environment/library_path.sh
[0.529s] -- Up-to-date: /home/gcerioni/ws_ur16/install/controller_manager/share/controller_manager/environment/library_path.dsv
[0.529s] -- Up-to-date: /home/gcerioni/ws_ur16/install/controller_manager/share/ament_index/resource_index/package_run_dependencies/controller_manager
[0.529s] -- Up-to-date: /home/gcerioni/ws_ur16/install/controller_manager/share/ament_index/resource_index/parent_prefix_path/controller_manager
[0.529s] -- Up-to-date: /home/gcerioni/ws_ur16/install/controller_manager/share/controller_manager/environment/ament_prefix_path.sh
[0.530s] -- Up-to-date: /home/gcerioni/ws_ur16/install/controller_manager/share/controller_manager/environment/ament_prefix_path.dsv
[0.530s] -- Up-to-date: /home/gcerioni/ws_ur16/install/controller_manager/share/controller_manager/environment/path.sh
[0.530s] -- Up-to-date: /home/gcerioni/ws_ur16/install/controller_manager/share/controller_manager/environment/path.dsv
[0.530s] -- Up-to-date: /home/gcerioni/ws_ur16/install/controller_manager/share/controller_manager/local_setup.bash
[0.530s] -- Up-to-date: /home/gcerioni/ws_ur16/install/controller_manager/share/controller_manager/local_setup.sh
[0.530s] -- Up-to-date: /home/gcerioni/ws_ur16/install/controller_manager/share/controller_manager/local_setup.zsh
[0.531s] -- Up-to-date: /home/gcerioni/ws_ur16/install/controller_manager/share/controller_manager/local_setup.dsv
[0.531s] -- Installing: /home/gcerioni/ws_ur16/install/controller_manager/share/controller_manager/package.dsv
[0.531s] -- Up-to-date: /home/gcerioni/ws_ur16/install/controller_manager/share/ament_index/resource_index/packages/controller_manager
[0.531s] -- Up-to-date: /home/gcerioni/ws_ur16/install/controller_manager/share/ament_index/resource_index/controller_interface__pluginlib__plugin/controller_manager
[0.531s] -- Up-to-date: /home/gcerioni/ws_ur16/install/controller_manager/share/controller_manager/cmake/ament_cmake_export_libraries-extras.cmake
[0.531s] -- Up-to-date: /home/gcerioni/ws_ur16/install/controller_manager/share/controller_manager/cmake/ament_cmake_export_include_directories-extras.cmake
[0.531s] -- Up-to-date: /home/gcerioni/ws_ur16/install/controller_manager/share/controller_manager/cmake/ament_cmake_export_dependencies-extras.cmake
[0.531s] -- Up-to-date: /home/gcerioni/ws_ur16/install/controller_manager/share/controller_manager/cmake/controller_managerConfig.cmake
[0.531s] -- Up-to-date: /home/gcerioni/ws_ur16/install/controller_manager/share/controller_manager/cmake/controller_managerConfig-version.cmake
[0.531s] -- Up-to-date: /home/gcerioni/ws_ur16/install/controller_manager/share/controller_manager/package.xml
[0.531s] -- Up-to-date: /home/gcerioni/ws_ur16/install/controller_manager/include/controller_manager/controller_manager/version.h
[0.534s] Invoked command in '/home/gcerioni/ws_ur16/build/controller_manager' returned '0': AMENT_PREFIX_PATH=/home/gcerioni/ws_ur16/install/hardware_interface_testing:/home/gcerioni/ws_ur16/install/controller_interface:/home/gcerioni/ws_ur16/install/hardware_interface:/home/gcerioni/ws_ur16/install/ros2_control_test_assets:/home/gcerioni/ws_ur16/install/realtime_tools:/home/gcerioni/ws_ur16/install/controller_manager_msgs:/home/gcerioni/ws_ur16/install/control_msgs:${AMENT_PREFIX_PATH} CMAKE_PREFIX_PATH=/home/gcerioni/ws_ur16/install/hardware_interface_testing:/home/gcerioni/ws_ur16/install/controller_interface:/home/gcerioni/ws_ur16/install/hardware_interface:/home/gcerioni/ws_ur16/install/ros2_control_test_assets:/home/gcerioni/ws_ur16/install/realtime_tools:/home/gcerioni/ws_ur16/install/controller_manager_msgs:/home/gcerioni/ws_ur16/install/control_msgs:/opt/ros/humble LD_LIBRARY_PATH=/home/gcerioni/ws_ur16/install/hardware_interface_testing/lib:/home/gcerioni/ws_ur16/install/controller_interface/lib:/home/gcerioni/ws_ur16/install/hardware_interface/lib:/home/gcerioni/ws_ur16/install/realtime_tools/lib:/home/gcerioni/ws_ur16/install/controller_manager_msgs/lib:/home/gcerioni/ws_ur16/install/control_msgs/lib:${LD_LIBRARY_PATH} PYTHONPATH=/home/gcerioni/ws_ur16/install/controller_manager_msgs/local/lib/python3.10/dist-packages:/home/gcerioni/ws_ur16/install/control_msgs/local/lib/python3.10/dist-packages:${PYTHONPATH} /usr/bin/cmake --install /home/gcerioni/ws_ur16/build/controller_manager
