[0.044s] Invoking command in '/home/gcerioni/ws_ur16/build/pose_broadcaster': AMENT_PREFIX_PATH=/home/gcerioni/ws_ur16/install/controller_manager:/home/gcerioni/ws_ur16/install/hardware_interface_testing:/home/gcerioni/ws_ur16/install/controller_interface:/home/gcerioni/ws_ur16/install/hardware_interface:/home/gcerioni/ws_ur16/install/ros2_control_test_assets:/home/gcerioni/ws_ur16/install/realtime_tools:/home/gcerioni/ws_ur16/install/controller_manager_msgs:/home/gcerioni/ws_ur16/install/control_msgs:${AMENT_PREFIX_PATH} CMAKE_PREFIX_PATH=/home/gcerioni/ws_ur16/install/controller_manager:/home/gcerioni/ws_ur16/install/hardware_interface_testing:/home/gcerioni/ws_ur16/install/controller_interface:/home/gcerioni/ws_ur16/install/hardware_interface:/home/gcerioni/ws_ur16/install/ros2_control_test_assets:/home/gcerioni/ws_ur16/install/realtime_tools:/home/gcerioni/ws_ur16/install/controller_manager_msgs:/home/gcerioni/ws_ur16/install/control_msgs:/opt/ros/humble LD_LIBRARY_PATH=/home/gcerioni/ws_ur16/install/controller_manager/lib:/home/gcerioni/ws_ur16/install/hardware_interface_testing/lib:/home/gcerioni/ws_ur16/install/controller_interface/lib:/home/gcerioni/ws_ur16/install/hardware_interface/lib:/home/gcerioni/ws_ur16/install/realtime_tools/lib:/home/gcerioni/ws_ur16/install/controller_manager_msgs/lib:/home/gcerioni/ws_ur16/install/control_msgs/lib:${LD_LIBRARY_PATH} PYTHONPATH=/home/gcerioni/ws_ur16/install/controller_manager/local/lib/python3.10/dist-packages:/home/gcerioni/ws_ur16/install/controller_manager_msgs/local/lib/python3.10/dist-packages:/home/gcerioni/ws_ur16/install/control_msgs/local/lib/python3.10/dist-packages:${PYTHONPATH} /usr/bin/cmake --build /home/gcerioni/ws_ur16/build/pose_broadcaster -- -j8 -l8
[0.156s] [35m[1mConsolidate compiler generated dependencies of target gmock[0m
[0.163s] [35m[1mConsolidate compiler generated dependencies of target gmock_main[0m
[0.181s] [ 15%] Built target pose_broadcaster_parameters
[0.206s] [ 38%] Built target gmock
[0.210s] [ 53%] Built target gmock_main
[0.229s] [35m[1mConsolidate compiler generated dependencies of target pose_broadcaster[0m
[0.298s] [ 69%] Built target pose_broadcaster
[0.321s] [35m[1mConsolidate compiler generated dependencies of target test_load_pose_broadcaster[0m
[0.341s] [35m[1mConsolidate compiler generated dependencies of target test_pose_broadcaster[0m
[0.372s] [ 84%] Built target test_load_pose_broadcaster
[0.380s] [100%] Built target test_pose_broadcaster
[0.451s] Invoked command in '/home/gcerioni/ws_ur16/build/pose_broadcaster' returned '0': AMENT_PREFIX_PATH=/home/gcerioni/ws_ur16/install/controller_manager:/home/gcerioni/ws_ur16/install/hardware_interface_testing:/home/gcerioni/ws_ur16/install/controller_interface:/home/gcerioni/ws_ur16/install/hardware_interface:/home/gcerioni/ws_ur16/install/ros2_control_test_assets:/home/gcerioni/ws_ur16/install/realtime_tools:/home/gcerioni/ws_ur16/install/controller_manager_msgs:/home/gcerioni/ws_ur16/install/control_msgs:${AMENT_PREFIX_PATH} CMAKE_PREFIX_PATH=/home/gcerioni/ws_ur16/install/controller_manager:/home/gcerioni/ws_ur16/install/hardware_interface_testing:/home/gcerioni/ws_ur16/install/controller_interface:/home/gcerioni/ws_ur16/install/hardware_interface:/home/gcerioni/ws_ur16/install/ros2_control_test_assets:/home/gcerioni/ws_ur16/install/realtime_tools:/home/gcerioni/ws_ur16/install/controller_manager_msgs:/home/gcerioni/ws_ur16/install/control_msgs:/opt/ros/humble LD_LIBRARY_PATH=/home/gcerioni/ws_ur16/install/controller_manager/lib:/home/gcerioni/ws_ur16/install/hardware_interface_testing/lib:/home/gcerioni/ws_ur16/install/controller_interface/lib:/home/gcerioni/ws_ur16/install/hardware_interface/lib:/home/gcerioni/ws_ur16/install/realtime_tools/lib:/home/gcerioni/ws_ur16/install/controller_manager_msgs/lib:/home/gcerioni/ws_ur16/install/control_msgs/lib:${LD_LIBRARY_PATH} PYTHONPATH=/home/gcerioni/ws_ur16/install/controller_manager/local/lib/python3.10/dist-packages:/home/gcerioni/ws_ur16/install/controller_manager_msgs/local/lib/python3.10/dist-packages:/home/gcerioni/ws_ur16/install/control_msgs/local/lib/python3.10/dist-packages:${PYTHONPATH} /usr/bin/cmake --build /home/gcerioni/ws_ur16/build/pose_broadcaster -- -j8 -l8
[0.452s] Invoking command in '/home/gcerioni/ws_ur16/build/pose_broadcaster': AMENT_PREFIX_PATH=/home/gcerioni/ws_ur16/install/controller_manager:/home/gcerioni/ws_ur16/install/hardware_interface_testing:/home/gcerioni/ws_ur16/install/controller_interface:/home/gcerioni/ws_ur16/install/hardware_interface:/home/gcerioni/ws_ur16/install/ros2_control_test_assets:/home/gcerioni/ws_ur16/install/realtime_tools:/home/gcerioni/ws_ur16/install/controller_manager_msgs:/home/gcerioni/ws_ur16/install/control_msgs:${AMENT_PREFIX_PATH} CMAKE_PREFIX_PATH=/home/gcerioni/ws_ur16/install/controller_manager:/home/gcerioni/ws_ur16/install/hardware_interface_testing:/home/gcerioni/ws_ur16/install/controller_interface:/home/gcerioni/ws_ur16/install/hardware_interface:/home/gcerioni/ws_ur16/install/ros2_control_test_assets:/home/gcerioni/ws_ur16/install/realtime_tools:/home/gcerioni/ws_ur16/install/controller_manager_msgs:/home/gcerioni/ws_ur16/install/control_msgs:/opt/ros/humble LD_LIBRARY_PATH=/home/gcerioni/ws_ur16/install/controller_manager/lib:/home/gcerioni/ws_ur16/install/hardware_interface_testing/lib:/home/gcerioni/ws_ur16/install/controller_interface/lib:/home/gcerioni/ws_ur16/install/hardware_interface/lib:/home/gcerioni/ws_ur16/install/realtime_tools/lib:/home/gcerioni/ws_ur16/install/controller_manager_msgs/lib:/home/gcerioni/ws_ur16/install/control_msgs/lib:${LD_LIBRARY_PATH} PYTHONPATH=/home/gcerioni/ws_ur16/install/controller_manager/local/lib/python3.10/dist-packages:/home/gcerioni/ws_ur16/install/controller_manager_msgs/local/lib/python3.10/dist-packages:/home/gcerioni/ws_ur16/install/control_msgs/local/lib/python3.10/dist-packages:${PYTHONPATH} /usr/bin/cmake --install /home/gcerioni/ws_ur16/build/pose_broadcaster
[0.515s] -- Install configuration: "Release"
[0.515s] -- Up-to-date: /home/gcerioni/ws_ur16/install/pose_broadcaster/include/pose_broadcaster
[0.515s] -- Up-to-date: /home/gcerioni/ws_ur16/install/pose_broadcaster/include/pose_broadcaster/pose_broadcaster_parameters.hpp
[0.515s] -- Up-to-date: /home/gcerioni/ws_ur16/install/pose_broadcaster/share/pose_broadcaster/pose_broadcaster.xml
[0.515s] -- Up-to-date: /home/gcerioni/ws_ur16/install/pose_broadcaster/include/pose_broadcaster
[0.515s] -- Up-to-date: /home/gcerioni/ws_ur16/install/pose_broadcaster/include/pose_broadcaster/pose_broadcaster
[0.515s] -- Up-to-date: /home/gcerioni/ws_ur16/install/pose_broadcaster/include/pose_broadcaster/pose_broadcaster/visibility_control.h
[0.515s] -- Up-to-date: /home/gcerioni/ws_ur16/install/pose_broadcaster/include/pose_broadcaster/pose_broadcaster/pose_broadcaster.hpp
[0.516s] -- Up-to-date: /home/gcerioni/ws_ur16/install/pose_broadcaster/lib/libpose_broadcaster.so
[0.516s] -- Up-to-date: /home/gcerioni/ws_ur16/install/pose_broadcaster/share/pose_broadcaster/environment/library_path.sh
[0.516s] -- Up-to-date: /home/gcerioni/ws_ur16/install/pose_broadcaster/share/pose_broadcaster/environment/library_path.dsv
[0.516s] -- Up-to-date: /home/gcerioni/ws_ur16/install/pose_broadcaster/share/ament_index/resource_index/package_run_dependencies/pose_broadcaster
[0.516s] -- Up-to-date: /home/gcerioni/ws_ur16/install/pose_broadcaster/share/ament_index/resource_index/parent_prefix_path/pose_broadcaster
[0.516s] -- Up-to-date: /home/gcerioni/ws_ur16/install/pose_broadcaster/share/pose_broadcaster/environment/ament_prefix_path.sh
[0.517s] -- Up-to-date: /home/gcerioni/ws_ur16/install/pose_broadcaster/share/pose_broadcaster/environment/ament_prefix_path.dsv
[0.517s] -- Up-to-date: /home/gcerioni/ws_ur16/install/pose_broadcaster/share/pose_broadcaster/environment/path.sh
[0.517s] -- Up-to-date: /home/gcerioni/ws_ur16/install/pose_broadcaster/share/pose_broadcaster/environment/path.dsv
[0.517s] -- Up-to-date: /home/gcerioni/ws_ur16/install/pose_broadcaster/share/pose_broadcaster/local_setup.bash
[0.517s] -- Up-to-date: /home/gcerioni/ws_ur16/install/pose_broadcaster/share/pose_broadcaster/local_setup.sh
[0.517s] -- Up-to-date: /home/gcerioni/ws_ur16/install/pose_broadcaster/share/pose_broadcaster/local_setup.zsh
[0.517s] -- Up-to-date: /home/gcerioni/ws_ur16/install/pose_broadcaster/share/pose_broadcaster/local_setup.dsv
[0.517s] -- Installing: /home/gcerioni/ws_ur16/install/pose_broadcaster/share/pose_broadcaster/package.dsv
[0.517s] -- Up-to-date: /home/gcerioni/ws_ur16/install/pose_broadcaster/share/ament_index/resource_index/packages/pose_broadcaster
[0.517s] -- Up-to-date: /home/gcerioni/ws_ur16/install/pose_broadcaster/share/ament_index/resource_index/controller_interface__pluginlib__plugin/pose_broadcaster
[0.518s] -- Up-to-date: /home/gcerioni/ws_ur16/install/pose_broadcaster/share/pose_broadcaster/cmake/export_pose_broadcasterExport.cmake
[0.518s] -- Up-to-date: /home/gcerioni/ws_ur16/install/pose_broadcaster/share/pose_broadcaster/cmake/export_pose_broadcasterExport-release.cmake
[0.518s] -- Up-to-date: /home/gcerioni/ws_ur16/install/pose_broadcaster/share/pose_broadcaster/cmake/ament_cmake_export_dependencies-extras.cmake
[0.518s] -- Up-to-date: /home/gcerioni/ws_ur16/install/pose_broadcaster/share/pose_broadcaster/cmake/ament_cmake_export_targets-extras.cmake
[0.518s] -- Up-to-date: /home/gcerioni/ws_ur16/install/pose_broadcaster/share/pose_broadcaster/cmake/pose_broadcasterConfig.cmake
[0.518s] -- Up-to-date: /home/gcerioni/ws_ur16/install/pose_broadcaster/share/pose_broadcaster/cmake/pose_broadcasterConfig-version.cmake
[0.518s] -- Up-to-date: /home/gcerioni/ws_ur16/install/pose_broadcaster/share/pose_broadcaster/package.xml
[0.583s] Invoked command in '/home/gcerioni/ws_ur16/build/pose_broadcaster' returned '0': AMENT_PREFIX_PATH=/home/gcerioni/ws_ur16/install/controller_manager:/home/gcerioni/ws_ur16/install/hardware_interface_testing:/home/gcerioni/ws_ur16/install/controller_interface:/home/gcerioni/ws_ur16/install/hardware_interface:/home/gcerioni/ws_ur16/install/ros2_control_test_assets:/home/gcerioni/ws_ur16/install/realtime_tools:/home/gcerioni/ws_ur16/install/controller_manager_msgs:/home/gcerioni/ws_ur16/install/control_msgs:${AMENT_PREFIX_PATH} CMAKE_PREFIX_PATH=/home/gcerioni/ws_ur16/install/controller_manager:/home/gcerioni/ws_ur16/install/hardware_interface_testing:/home/gcerioni/ws_ur16/install/controller_interface:/home/gcerioni/ws_ur16/install/hardware_interface:/home/gcerioni/ws_ur16/install/ros2_control_test_assets:/home/gcerioni/ws_ur16/install/realtime_tools:/home/gcerioni/ws_ur16/install/controller_manager_msgs:/home/gcerioni/ws_ur16/install/control_msgs:/opt/ros/humble LD_LIBRARY_PATH=/home/gcerioni/ws_ur16/install/controller_manager/lib:/home/gcerioni/ws_ur16/install/hardware_interface_testing/lib:/home/gcerioni/ws_ur16/install/controller_interface/lib:/home/gcerioni/ws_ur16/install/hardware_interface/lib:/home/gcerioni/ws_ur16/install/realtime_tools/lib:/home/gcerioni/ws_ur16/install/controller_manager_msgs/lib:/home/gcerioni/ws_ur16/install/control_msgs/lib:${LD_LIBRARY_PATH} PYTHONPATH=/home/gcerioni/ws_ur16/install/controller_manager/local/lib/python3.10/dist-packages:/home/gcerioni/ws_ur16/install/controller_manager_msgs/local/lib/python3.10/dist-packages:/home/gcerioni/ws_ur16/install/control_msgs/local/lib/python3.10/dist-packages:${PYTHONPATH} /usr/bin/cmake --install /home/gcerioni/ws_ur16/build/pose_broadcaster
