[0.078s] Invoking command in '/home/gcerioni/ws_ur16/build/controller_manager_msgs': CMAKE_PREFIX_PATH=${CMAKE_PREFIX_PATH}:/home/gcerioni/ws_ur16/install/rqt_joint_trajectory_controller:/home/gcerioni/ws_ur16/install/rqt_controller_manager:/home/gcerioni/ws_ur16/install/ros2controlcli:/home/gcerioni/ws_ur16/install/ros2_controllers_test_nodes:/opt/ros/humble /usr/bin/cmake --build /home/gcerioni/ws_ur16/build/controller_manager_msgs -- -j8 -l8
[0.256s] [  0%] Built target controller_manager_msgs__cpp
[0.291s] [ 12%] Built target controller_manager_msgs__rosidl_generator_c
[0.363s] [ 12%] Built target ament_cmake_python_copy_controller_manager_msgs
[0.489s] [ 24%] Built target controller_manager_msgs__rosidl_typesupport_cpp
[0.520s] [ 36%] Built target controller_manager_msgs__rosidl_typesupport_introspection_cpp
[0.543s] [ 48%] Built target controller_manager_msgs__rosidl_typesupport_fastrtps_cpp
[0.570s] [ 60%] Built target controller_manager_msgs__rosidl_typesupport_fastrtps_c
[0.572s] [ 72%] Built target controller_manager_msgs__rosidl_typesupport_introspection_c
[0.577s] [ 84%] Built target controller_manager_msgs__rosidl_typesupport_c
[0.681s] [ 84%] Built target controller_manager_msgs
[0.757s] [ 85%] Built target controller_manager_msgs__py
[0.838s] [ 96%] Built target controller_manager_msgs__rosidl_generator_py
[0.926s] [ 97%] Built target controller_manager_msgs__rosidl_typesupport_fastrtps_c__pyext
[0.940s] [ 98%] Built target controller_manager_msgs__rosidl_typesupport_c__pyext
[0.940s] [100%] Built target controller_manager_msgs__rosidl_typesupport_introspection_c__pyext
[1.138s] running egg_info
[1.139s] writing controller_manager_msgs.egg-info/PKG-INFO
[1.139s] writing dependency_links to controller_manager_msgs.egg-info/dependency_links.txt
[1.141s] writing top-level names to controller_manager_msgs.egg-info/top_level.txt
[1.143s] reading manifest file 'controller_manager_msgs.egg-info/SOURCES.txt'
[1.143s] writing manifest file 'controller_manager_msgs.egg-info/SOURCES.txt'
[1.147s] [100%] Built target ament_cmake_python_build_controller_manager_msgs_egg
[1.293s] Invoked command in '/home/gcerioni/ws_ur16/build/controller_manager_msgs' returned '0': CMAKE_PREFIX_PATH=${CMAKE_PREFIX_PATH}:/home/gcerioni/ws_ur16/install/rqt_joint_trajectory_controller:/home/gcerioni/ws_ur16/install/rqt_controller_manager:/home/gcerioni/ws_ur16/install/ros2controlcli:/home/gcerioni/ws_ur16/install/ros2_controllers_test_nodes:/opt/ros/humble /usr/bin/cmake --build /home/gcerioni/ws_ur16/build/controller_manager_msgs -- -j8 -l8
[1.306s] Invoking command in '/home/gcerioni/ws_ur16/build/controller_manager_msgs': CMAKE_PREFIX_PATH=${CMAKE_PREFIX_PATH}:/home/gcerioni/ws_ur16/install/rqt_joint_trajectory_controller:/home/gcerioni/ws_ur16/install/rqt_controller_manager:/home/gcerioni/ws_ur16/install/ros2controlcli:/home/gcerioni/ws_ur16/install/ros2_controllers_test_nodes:/opt/ros/humble /usr/bin/cmake --install /home/gcerioni/ws_ur16/build/controller_manager_msgs
[1.311s] -- Install configuration: "Release"
[1.311s] -- Up-to-date: /home/gcerioni/ws_ur16/install/controller_manager_msgs/share/ament_index/resource_index/rosidl_interfaces/controller_manager_msgs
[1.311s] -- Up-to-date: /home/gcerioni/ws_ur16/install/controller_manager_msgs/include/controller_manager_msgs/controller_manager_msgs
[1.311s] -- Up-to-date: /home/gcerioni/ws_ur16/install/controller_manager_msgs/include/controller_manager_msgs/controller_manager_msgs/msg
[1.311s] -- Up-to-date: /home/gcerioni/ws_ur16/install/controller_manager_msgs/include/controller_manager_msgs/controller_manager_msgs/msg/hardware_component_state.h
[1.312s] -- Up-to-date: /home/gcerioni/ws_ur16/install/controller_manager_msgs/include/controller_manager_msgs/controller_manager_msgs/msg/detail
[1.314s] -- Up-to-date: /home/gcerioni/ws_ur16/install/controller_manager_msgs/include/controller_manager_msgs/controller_manager_msgs/msg/detail/controller_state__functions.c
[1.315s] -- Up-to-date: /home/gcerioni/ws_ur16/install/controller_manager_msgs/include/controller_manager_msgs/controller_manager_msgs/msg/detail/chain_connection__struct.h
[1.315s] -- Up-to-date: /home/gcerioni/ws_ur16/install/controller_manager_msgs/include/controller_manager_msgs/controller_manager_msgs/msg/detail/hardware_component_state__functions.h
[1.319s] -- Up-to-date: /home/gcerioni/ws_ur16/install/controller_manager_msgs/include/controller_manager_msgs/controller_manager_msgs/msg/detail/hardware_component_state__type_support.h
[1.320s] -- Up-to-date: /home/gcerioni/ws_ur16/install/controller_manager_msgs/include/controller_manager_msgs/controller_manager_msgs/msg/detail/controller_state__functions.h
[1.320s] -- Up-to-date: /home/gcerioni/ws_ur16/install/controller_manager_msgs/include/controller_manager_msgs/controller_manager_msgs/msg/detail/chain_connection__functions.c
[1.320s] -- Up-to-date: /home/gcerioni/ws_ur16/install/controller_manager_msgs/include/controller_manager_msgs/controller_manager_msgs/msg/detail/hardware_interface__type_support.h
[1.320s] -- Up-to-date: /home/gcerioni/ws_ur16/install/controller_manager_msgs/include/controller_manager_msgs/controller_manager_msgs/msg/detail/chain_connection__type_support.h
[1.320s] -- Up-to-date: /home/gcerioni/ws_ur16/install/controller_manager_msgs/include/controller_manager_msgs/controller_manager_msgs/msg/detail/controller_state__type_support.h
[1.321s] -- Up-to-date: /home/gcerioni/ws_ur16/install/controller_manager_msgs/include/controller_manager_msgs/controller_manager_msgs/msg/detail/hardware_interface__functions.h
[1.321s] -- Up-to-date: /home/gcerioni/ws_ur16/install/controller_manager_msgs/include/controller_manager_msgs/controller_manager_msgs/msg/detail/hardware_interface__struct.h
[1.322s] -- Up-to-date: /home/gcerioni/ws_ur16/install/controller_manager_msgs/include/controller_manager_msgs/controller_manager_msgs/msg/detail/hardware_component_state__struct.h
[1.326s] -- Up-to-date: /home/gcerioni/ws_ur16/install/controller_manager_msgs/include/controller_manager_msgs/controller_manager_msgs/msg/detail/hardware_interface__functions.c
[1.326s] -- Up-to-date: /home/gcerioni/ws_ur16/install/controller_manager_msgs/include/controller_manager_msgs/controller_manager_msgs/msg/detail/chain_connection__functions.h
[1.327s] -- Up-to-date: /home/gcerioni/ws_ur16/install/controller_manager_msgs/include/controller_manager_msgs/controller_manager_msgs/msg/detail/hardware_component_state__functions.c
[1.327s] -- Up-to-date: /home/gcerioni/ws_ur16/install/controller_manager_msgs/include/controller_manager_msgs/controller_manager_msgs/msg/detail/controller_state__struct.h
[1.327s] -- Up-to-date: /home/gcerioni/ws_ur16/install/controller_manager_msgs/include/controller_manager_msgs/controller_manager_msgs/msg/rosidl_generator_c__visibility_control.h
[1.327s] -- Up-to-date: /home/gcerioni/ws_ur16/install/controller_manager_msgs/include/controller_manager_msgs/controller_manager_msgs/msg/chain_connection.h
[1.327s] -- Up-to-date: /home/gcerioni/ws_ur16/install/controller_manager_msgs/include/controller_manager_msgs/controller_manager_msgs/msg/controller_state.h
[1.327s] -- Up-to-date: /home/gcerioni/ws_ur16/install/controller_manager_msgs/include/controller_manager_msgs/controller_manager_msgs/msg/hardware_interface.h
[1.327s] -- Up-to-date: /home/gcerioni/ws_ur16/install/controller_manager_msgs/include/controller_manager_msgs/controller_manager_msgs/srv
[1.327s] -- Up-to-date: /home/gcerioni/ws_ur16/install/controller_manager_msgs/include/controller_manager_msgs/controller_manager_msgs/srv/unload_controller.h
[1.328s] -- Up-to-date: /home/gcerioni/ws_ur16/install/controller_manager_msgs/include/controller_manager_msgs/controller_manager_msgs/srv/switch_controller.h
[1.328s] -- Up-to-date: /home/gcerioni/ws_ur16/install/controller_manager_msgs/include/controller_manager_msgs/controller_manager_msgs/srv/detail
[1.328s] -- Up-to-date: /home/gcerioni/ws_ur16/install/controller_manager_msgs/include/controller_manager_msgs/controller_manager_msgs/srv/detail/set_hardware_component_state__struct.h
[1.328s] -- Up-to-date: /home/gcerioni/ws_ur16/install/controller_manager_msgs/include/controller_manager_msgs/controller_manager_msgs/srv/detail/list_controller_types__type_support.h
[1.328s] -- Up-to-date: /home/gcerioni/ws_ur16/install/controller_manager_msgs/include/controller_manager_msgs/controller_manager_msgs/srv/detail/unload_controller__functions.h
[1.328s] -- Up-to-date: /home/gcerioni/ws_ur16/install/controller_manager_msgs/include/controller_manager_msgs/controller_manager_msgs/srv/detail/set_hardware_component_state__functions.c
[1.328s] -- Up-to-date: /home/gcerioni/ws_ur16/install/controller_manager_msgs/include/controller_manager_msgs/controller_manager_msgs/srv/detail/unload_controller__type_support.h
[1.329s] -- Up-to-date: /home/gcerioni/ws_ur16/install/controller_manager_msgs/include/controller_manager_msgs/controller_manager_msgs/srv/detail/configure_controller__functions.c
[1.329s] -- Up-to-date: /home/gcerioni/ws_ur16/install/controller_manager_msgs/include/controller_manager_msgs/controller_manager_msgs/srv/detail/list_hardware_interfaces__struct.h
[1.329s] -- Up-to-date: /home/gcerioni/ws_ur16/install/controller_manager_msgs/include/controller_manager_msgs/controller_manager_msgs/srv/detail/list_controller_types__functions.h
[1.329s] -- Up-to-date: /home/gcerioni/ws_ur16/install/controller_manager_msgs/include/controller_manager_msgs/controller_manager_msgs/srv/detail/set_hardware_component_state__functions.h
[1.329s] -- Up-to-date: /home/gcerioni/ws_ur16/install/controller_manager_msgs/include/controller_manager_msgs/controller_manager_msgs/srv/detail/load_controller__struct.h
[1.329s] -- Up-to-date: /home/gcerioni/ws_ur16/install/controller_manager_msgs/include/controller_manager_msgs/controller_manager_msgs/srv/detail/reload_controller_libraries__type_support.h
[1.329s] -- Up-to-date: /home/gcerioni/ws_ur16/install/controller_manager_msgs/include/controller_manager_msgs/controller_manager_msgs/srv/detail/set_hardware_component_state__type_support.h
[1.329s] -- Up-to-date: /home/gcerioni/ws_ur16/install/controller_manager_msgs/include/controller_manager_msgs/controller_manager_msgs/srv/detail/list_controller_types__struct.h
[1.330s] -- Up-to-date: /home/gcerioni/ws_ur16/install/controller_manager_msgs/include/controller_manager_msgs/controller_manager_msgs/srv/detail/list_controllers__type_support.h
[1.334s] -- Up-to-date: /home/gcerioni/ws_ur16/install/controller_manager_msgs/include/controller_manager_msgs/controller_manager_msgs/srv/detail/load_controller__type_support.h
[1.334s] -- Up-to-date: /home/gcerioni/ws_ur16/install/controller_manager_msgs/include/controller_manager_msgs/controller_manager_msgs/srv/detail/load_controller__functions.h
[1.334s] -- Up-to-date: /home/gcerioni/ws_ur16/install/controller_manager_msgs/include/controller_manager_msgs/controller_manager_msgs/srv/detail/list_hardware_interfaces__type_support.h
[1.334s] -- Up-to-date: /home/gcerioni/ws_ur16/install/controller_manager_msgs/include/controller_manager_msgs/controller_manager_msgs/srv/detail/switch_controller__type_support.h
[1.334s] -- Up-to-date: /home/gcerioni/ws_ur16/install/controller_manager_msgs/include/controller_manager_msgs/controller_manager_msgs/srv/detail/switch_controller__functions.h
[1.334s] -- Up-to-date: /home/gcerioni/ws_ur16/install/controller_manager_msgs/include/controller_manager_msgs/controller_manager_msgs/srv/detail/list_controllers__functions.h
[1.335s] -- Up-to-date: /home/gcerioni/ws_ur16/install/controller_manager_msgs/include/controller_manager_msgs/controller_manager_msgs/srv/detail/configure_controller__type_support.h
[1.335s] -- Up-to-date: /home/gcerioni/ws_ur16/install/controller_manager_msgs/include/controller_manager_msgs/controller_manager_msgs/srv/detail/list_controller_types__functions.c
[1.335s] -- Up-to-date: /home/gcerioni/ws_ur16/install/controller_manager_msgs/include/controller_manager_msgs/controller_manager_msgs/srv/detail/list_hardware_components__functions.c
[1.335s] -- Up-to-date: /home/gcerioni/ws_ur16/install/controller_manager_msgs/include/controller_manager_msgs/controller_manager_msgs/srv/detail/configure_controller__functions.h
[1.335s] -- Up-to-date: /home/gcerioni/ws_ur16/install/controller_manager_msgs/include/controller_manager_msgs/controller_manager_msgs/srv/detail/reload_controller_libraries__functions.c
[1.335s] -- Up-to-date: /home/gcerioni/ws_ur16/install/controller_manager_msgs/include/controller_manager_msgs/controller_manager_msgs/srv/detail/load_controller__functions.c
[1.335s] -- Up-to-date: /home/gcerioni/ws_ur16/install/controller_manager_msgs/include/controller_manager_msgs/controller_manager_msgs/srv/detail/unload_controller__functions.c
[1.335s] -- Up-to-date: /home/gcerioni/ws_ur16/install/controller_manager_msgs/include/controller_manager_msgs/controller_manager_msgs/srv/detail/list_hardware_interfaces__functions.h
[1.335s] -- Up-to-date: /home/gcerioni/ws_ur16/install/controller_manager_msgs/include/controller_manager_msgs/controller_manager_msgs/srv/detail/configure_controller__struct.h
[1.335s] -- Up-to-date: /home/gcerioni/ws_ur16/install/controller_manager_msgs/include/controller_manager_msgs/controller_manager_msgs/srv/detail/unload_controller__struct.h
[1.336s] -- Up-to-date: /home/gcerioni/ws_ur16/install/controller_manager_msgs/include/controller_manager_msgs/controller_manager_msgs/srv/detail/list_controllers__functions.c
[1.336s] -- Up-to-date: /home/gcerioni/ws_ur16/install/controller_manager_msgs/include/controller_manager_msgs/controller_manager_msgs/srv/detail/switch_controller__struct.h
[1.336s] -- Up-to-date: /home/gcerioni/ws_ur16/install/controller_manager_msgs/include/controller_manager_msgs/controller_manager_msgs/srv/detail/list_hardware_components__type_support.h
[1.336s] -- Up-to-date: /home/gcerioni/ws_ur16/install/controller_manager_msgs/include/controller_manager_msgs/controller_manager_msgs/srv/detail/list_hardware_components__functions.h
[1.337s] -- Up-to-date: /home/gcerioni/ws_ur16/install/controller_manager_msgs/include/controller_manager_msgs/controller_manager_msgs/srv/detail/switch_controller__functions.c
[1.337s] -- Up-to-date: /home/gcerioni/ws_ur16/install/controller_manager_msgs/include/controller_manager_msgs/controller_manager_msgs/srv/detail/reload_controller_libraries__functions.h
[1.338s] -- Up-to-date: /home/gcerioni/ws_ur16/install/controller_manager_msgs/include/controller_manager_msgs/controller_manager_msgs/srv/detail/reload_controller_libraries__struct.h
[1.338s] -- Up-to-date: /home/gcerioni/ws_ur16/install/controller_manager_msgs/include/controller_manager_msgs/controller_manager_msgs/srv/detail/list_hardware_components__struct.h
[1.338s] -- Up-to-date: /home/gcerioni/ws_ur16/install/controller_manager_msgs/include/controller_manager_msgs/controller_manager_msgs/srv/detail/list_controllers__struct.h
[1.338s] -- Up-to-date: /home/gcerioni/ws_ur16/install/controller_manager_msgs/include/controller_manager_msgs/controller_manager_msgs/srv/detail/list_hardware_interfaces__functions.c
[1.338s] -- Up-to-date: /home/gcerioni/ws_ur16/install/controller_manager_msgs/include/controller_manager_msgs/controller_manager_msgs/srv/list_hardware_interfaces.h
[1.338s] -- Up-to-date: /home/gcerioni/ws_ur16/install/controller_manager_msgs/include/controller_manager_msgs/controller_manager_msgs/srv/set_hardware_component_state.h
[1.338s] -- Up-to-date: /home/gcerioni/ws_ur16/install/controller_manager_msgs/include/controller_manager_msgs/controller_manager_msgs/srv/list_controller_types.h
[1.339s] -- Up-to-date: /home/gcerioni/ws_ur16/install/controller_manager_msgs/include/controller_manager_msgs/controller_manager_msgs/srv/list_hardware_components.h
[1.339s] -- Up-to-date: /home/gcerioni/ws_ur16/install/controller_manager_msgs/include/controller_manager_msgs/controller_manager_msgs/srv/configure_controller.h
[1.339s] -- Up-to-date: /home/gcerioni/ws_ur16/install/controller_manager_msgs/include/controller_manager_msgs/controller_manager_msgs/srv/reload_controller_libraries.h
[1.339s] -- Up-to-date: /home/gcerioni/ws_ur16/install/controller_manager_msgs/include/controller_manager_msgs/controller_manager_msgs/srv/load_controller.h
[1.339s] -- Up-to-date: /home/gcerioni/ws_ur16/install/controller_manager_msgs/include/controller_manager_msgs/controller_manager_msgs/srv/list_controllers.h
[1.339s] -- Up-to-date: /home/gcerioni/ws_ur16/install/controller_manager_msgs/share/controller_manager_msgs/environment/library_path.sh
[1.340s] -- Up-to-date: /home/gcerioni/ws_ur16/install/controller_manager_msgs/share/controller_manager_msgs/environment/library_path.dsv
[1.340s] -- Up-to-date: /home/gcerioni/ws_ur16/install/controller_manager_msgs/lib/libcontroller_manager_msgs__rosidl_generator_c.so
[1.340s] -- Up-to-date: /home/gcerioni/ws_ur16/install/controller_manager_msgs/include/controller_manager_msgs/controller_manager_msgs
[1.340s] -- Up-to-date: /home/gcerioni/ws_ur16/install/controller_manager_msgs/include/controller_manager_msgs/controller_manager_msgs/msg
[1.340s] -- Up-to-date: /home/gcerioni/ws_ur16/install/controller_manager_msgs/include/controller_manager_msgs/controller_manager_msgs/msg/detail
[1.340s] -- Up-to-date: /home/gcerioni/ws_ur16/install/controller_manager_msgs/include/controller_manager_msgs/controller_manager_msgs/msg/detail/controller_state__rosidl_typesupport_fastrtps_c.h
[1.340s] -- Up-to-date: /home/gcerioni/ws_ur16/install/controller_manager_msgs/include/controller_manager_msgs/controller_manager_msgs/msg/detail/hardware_interface__rosidl_typesupport_fastrtps_c.h
[1.341s] -- Up-to-date: /home/gcerioni/ws_ur16/install/controller_manager_msgs/include/controller_manager_msgs/controller_manager_msgs/msg/detail/hardware_component_state__rosidl_typesupport_fastrtps_c.h
[1.343s] -- Up-to-date: /home/gcerioni/ws_ur16/install/controller_manager_msgs/include/controller_manager_msgs/controller_manager_msgs/msg/detail/chain_connection__rosidl_typesupport_fastrtps_c.h
[1.343s] -- Up-to-date: /home/gcerioni/ws_ur16/install/controller_manager_msgs/include/controller_manager_msgs/controller_manager_msgs/msg/rosidl_typesupport_fastrtps_c__visibility_control.h
[1.344s] -- Up-to-date: /home/gcerioni/ws_ur16/install/controller_manager_msgs/include/controller_manager_msgs/controller_manager_msgs/srv
[1.344s] -- Up-to-date: /home/gcerioni/ws_ur16/install/controller_manager_msgs/include/controller_manager_msgs/controller_manager_msgs/srv/detail
[1.344s] -- Up-to-date: /home/gcerioni/ws_ur16/install/controller_manager_msgs/include/controller_manager_msgs/controller_manager_msgs/srv/detail/list_controller_types__rosidl_typesupport_fastrtps_c.h
[1.344s] -- Up-to-date: /home/gcerioni/ws_ur16/install/controller_manager_msgs/include/controller_manager_msgs/controller_manager_msgs/srv/detail/list_hardware_interfaces__rosidl_typesupport_fastrtps_c.h
[1.344s] -- Up-to-date: /home/gcerioni/ws_ur16/install/controller_manager_msgs/include/controller_manager_msgs/controller_manager_msgs/srv/detail/load_controller__rosidl_typesupport_fastrtps_c.h
[1.344s] -- Up-to-date: /home/gcerioni/ws_ur16/install/controller_manager_msgs/include/controller_manager_msgs/controller_manager_msgs/srv/detail/set_hardware_component_state__rosidl_typesupport_fastrtps_c.h
[1.344s] -- Up-to-date: /home/gcerioni/ws_ur16/install/controller_manager_msgs/include/controller_manager_msgs/controller_manager_msgs/srv/detail/switch_controller__rosidl_typesupport_fastrtps_c.h
[1.344s] -- Up-to-date: /home/gcerioni/ws_ur16/install/controller_manager_msgs/include/controller_manager_msgs/controller_manager_msgs/srv/detail/list_hardware_components__rosidl_typesupport_fastrtps_c.h
[1.344s] -- Up-to-date: /home/gcerioni/ws_ur16/install/controller_manager_msgs/include/controller_manager_msgs/controller_manager_msgs/srv/detail/reload_controller_libraries__rosidl_typesupport_fastrtps_c.h
[1.344s] -- Up-to-date: /home/gcerioni/ws_ur16/install/controller_manager_msgs/include/controller_manager_msgs/controller_manager_msgs/srv/detail/unload_controller__rosidl_typesupport_fastrtps_c.h
[1.345s] -- Up-to-date: /home/gcerioni/ws_ur16/install/controller_manager_msgs/include/controller_manager_msgs/controller_manager_msgs/srv/detail/list_controllers__rosidl_typesupport_fastrtps_c.h
[1.345s] -- Up-to-date: /home/gcerioni/ws_ur16/install/controller_manager_msgs/include/controller_manager_msgs/controller_manager_msgs/srv/detail/configure_controller__rosidl_typesupport_fastrtps_c.h
[1.345s] -- Up-to-date: /home/gcerioni/ws_ur16/install/controller_manager_msgs/lib/libcontroller_manager_msgs__rosidl_typesupport_fastrtps_c.so
[1.345s] -- Up-to-date: /home/gcerioni/ws_ur16/install/controller_manager_msgs/include/controller_manager_msgs/controller_manager_msgs
[1.345s] -- Up-to-date: /home/gcerioni/ws_ur16/install/controller_manager_msgs/include/controller_manager_msgs/controller_manager_msgs/msg
[1.345s] -- Up-to-date: /home/gcerioni/ws_ur16/install/controller_manager_msgs/include/controller_manager_msgs/controller_manager_msgs/msg/controller_state.hpp
[1.345s] -- Up-to-date: /home/gcerioni/ws_ur16/install/controller_manager_msgs/include/controller_manager_msgs/controller_manager_msgs/msg/detail
[1.345s] -- Up-to-date: /home/gcerioni/ws_ur16/install/controller_manager_msgs/include/controller_manager_msgs/controller_manager_msgs/msg/detail/hardware_interface__struct.hpp
[1.345s] -- Up-to-date: /home/gcerioni/ws_ur16/install/controller_manager_msgs/include/controller_manager_msgs/controller_manager_msgs/msg/detail/chain_connection__traits.hpp
[1.346s] -- Up-to-date: /home/gcerioni/ws_ur16/install/controller_manager_msgs/include/controller_manager_msgs/controller_manager_msgs/msg/detail/hardware_interface__builder.hpp
[1.346s] -- Up-to-date: /home/gcerioni/ws_ur16/install/controller_manager_msgs/include/controller_manager_msgs/controller_manager_msgs/msg/detail/hardware_interface__type_support.hpp
[1.346s] -- Up-to-date: /home/gcerioni/ws_ur16/install/controller_manager_msgs/include/controller_manager_msgs/controller_manager_msgs/msg/detail/hardware_component_state__traits.hpp
[1.346s] -- Up-to-date: /home/gcerioni/ws_ur16/install/controller_manager_msgs/include/controller_manager_msgs/controller_manager_msgs/msg/detail/chain_connection__struct.hpp
[1.346s] -- Up-to-date: /home/gcerioni/ws_ur16/install/controller_manager_msgs/include/controller_manager_msgs/controller_manager_msgs/msg/detail/chain_connection__type_support.hpp
[1.346s] -- Up-to-date: /home/gcerioni/ws_ur16/install/controller_manager_msgs/include/controller_manager_msgs/controller_manager_msgs/msg/detail/controller_state__type_support.hpp
[1.346s] -- Up-to-date: /home/gcerioni/ws_ur16/install/controller_manager_msgs/include/controller_manager_msgs/controller_manager_msgs/msg/detail/hardware_component_state__type_support.hpp
[1.346s] -- Up-to-date: /home/gcerioni/ws_ur16/install/controller_manager_msgs/include/controller_manager_msgs/controller_manager_msgs/msg/detail/hardware_component_state__builder.hpp
[1.346s] -- Up-to-date: /home/gcerioni/ws_ur16/install/controller_manager_msgs/include/controller_manager_msgs/controller_manager_msgs/msg/detail/controller_state__struct.hpp
[1.346s] -- Up-to-date: /home/gcerioni/ws_ur16/install/controller_manager_msgs/include/controller_manager_msgs/controller_manager_msgs/msg/detail/chain_connection__builder.hpp
[1.347s] -- Up-to-date: /home/gcerioni/ws_ur16/install/controller_manager_msgs/include/controller_manager_msgs/controller_manager_msgs/msg/detail/controller_state__builder.hpp
[1.350s] -- Up-to-date: /home/gcerioni/ws_ur16/install/controller_manager_msgs/include/controller_manager_msgs/controller_manager_msgs/msg/detail/hardware_interface__traits.hpp
[1.350s] -- Up-to-date: /home/gcerioni/ws_ur16/install/controller_manager_msgs/include/controller_manager_msgs/controller_manager_msgs/msg/detail/controller_state__traits.hpp
[1.350s] -- Up-to-date: /home/gcerioni/ws_ur16/install/controller_manager_msgs/include/controller_manager_msgs/controller_manager_msgs/msg/detail/hardware_component_state__struct.hpp
[1.350s] -- Up-to-date: /home/gcerioni/ws_ur16/install/controller_manager_msgs/include/controller_manager_msgs/controller_manager_msgs/msg/chain_connection.hpp
[1.350s] -- Up-to-date: /home/gcerioni/ws_ur16/install/controller_manager_msgs/include/controller_manager_msgs/controller_manager_msgs/msg/hardware_component_state.hpp
[1.350s] -- Up-to-date: /home/gcerioni/ws_ur16/install/controller_manager_msgs/include/controller_manager_msgs/controller_manager_msgs/msg/rosidl_generator_cpp__visibility_control.hpp
[1.350s] -- Up-to-date: /home/gcerioni/ws_ur16/install/controller_manager_msgs/include/controller_manager_msgs/controller_manager_msgs/msg/hardware_interface.hpp
[1.350s] -- Up-to-date: /home/gcerioni/ws_ur16/install/controller_manager_msgs/include/controller_manager_msgs/controller_manager_msgs/srv
[1.351s] -- Up-to-date: /home/gcerioni/ws_ur16/install/controller_manager_msgs/include/controller_manager_msgs/controller_manager_msgs/srv/reload_controller_libraries.hpp
[1.351s] -- Up-to-date: /home/gcerioni/ws_ur16/install/controller_manager_msgs/include/controller_manager_msgs/controller_manager_msgs/srv/detail
[1.351s] -- Up-to-date: /home/gcerioni/ws_ur16/install/controller_manager_msgs/include/controller_manager_msgs/controller_manager_msgs/srv/detail/list_hardware_interfaces__struct.hpp
[1.351s] -- Up-to-date: /home/gcerioni/ws_ur16/install/controller_manager_msgs/include/controller_manager_msgs/controller_manager_msgs/srv/detail/reload_controller_libraries__type_support.hpp
[1.351s] -- Up-to-date: /home/gcerioni/ws_ur16/install/controller_manager_msgs/include/controller_manager_msgs/controller_manager_msgs/srv/detail/unload_controller__type_support.hpp
[1.351s] -- Up-to-date: /home/gcerioni/ws_ur16/install/controller_manager_msgs/include/controller_manager_msgs/controller_manager_msgs/srv/detail/list_controllers__builder.hpp
[1.351s] -- Up-to-date: /home/gcerioni/ws_ur16/install/controller_manager_msgs/include/controller_manager_msgs/controller_manager_msgs/srv/detail/configure_controller__type_support.hpp
[1.351s] -- Up-to-date: /home/gcerioni/ws_ur16/install/controller_manager_msgs/include/controller_manager_msgs/controller_manager_msgs/srv/detail/list_hardware_components__builder.hpp
[1.351s] -- Up-to-date: /home/gcerioni/ws_ur16/install/controller_manager_msgs/include/controller_manager_msgs/controller_manager_msgs/srv/detail/configure_controller__traits.hpp
[1.351s] -- Up-to-date: /home/gcerioni/ws_ur16/install/controller_manager_msgs/include/controller_manager_msgs/controller_manager_msgs/srv/detail/configure_controller__struct.hpp
[1.352s] -- Up-to-date: /home/gcerioni/ws_ur16/install/controller_manager_msgs/include/controller_manager_msgs/controller_manager_msgs/srv/detail/list_hardware_components__struct.hpp
[1.352s] -- Up-to-date: /home/gcerioni/ws_ur16/install/controller_manager_msgs/include/controller_manager_msgs/controller_manager_msgs/srv/detail/load_controller__builder.hpp
[1.352s] -- Up-to-date: /home/gcerioni/ws_ur16/install/controller_manager_msgs/include/controller_manager_msgs/controller_manager_msgs/srv/detail/switch_controller__type_support.hpp
[1.352s] -- Up-to-date: /home/gcerioni/ws_ur16/install/controller_manager_msgs/include/controller_manager_msgs/controller_manager_msgs/srv/detail/switch_controller__traits.hpp
[1.352s] -- Up-to-date: /home/gcerioni/ws_ur16/install/controller_manager_msgs/include/controller_manager_msgs/controller_manager_msgs/srv/detail/switch_controller__builder.hpp
[1.352s] -- Up-to-date: /home/gcerioni/ws_ur16/install/controller_manager_msgs/include/controller_manager_msgs/controller_manager_msgs/srv/detail/list_hardware_interfaces__builder.hpp
[1.353s] -- Up-to-date: /home/gcerioni/ws_ur16/install/controller_manager_msgs/include/controller_manager_msgs/controller_manager_msgs/srv/detail/list_controller_types__builder.hpp
[1.353s] -- Up-to-date: /home/gcerioni/ws_ur16/install/controller_manager_msgs/include/controller_manager_msgs/controller_manager_msgs/srv/detail/list_hardware_interfaces__type_support.hpp
[1.353s] -- Up-to-date: /home/gcerioni/ws_ur16/install/controller_manager_msgs/include/controller_manager_msgs/controller_manager_msgs/srv/detail/reload_controller_libraries__traits.hpp
[1.353s] -- Up-to-date: /home/gcerioni/ws_ur16/install/controller_manager_msgs/include/controller_manager_msgs/controller_manager_msgs/srv/detail/unload_controller__struct.hpp
[1.353s] -- Up-to-date: /home/gcerioni/ws_ur16/install/controller_manager_msgs/include/controller_manager_msgs/controller_manager_msgs/srv/detail/set_hardware_component_state__struct.hpp
[1.353s] -- Up-to-date: /home/gcerioni/ws_ur16/install/controller_manager_msgs/include/controller_manager_msgs/controller_manager_msgs/srv/detail/load_controller__type_support.hpp
[1.353s] -- Up-to-date: /home/gcerioni/ws_ur16/install/controller_manager_msgs/include/controller_manager_msgs/controller_manager_msgs/srv/detail/reload_controller_libraries__builder.hpp
[1.353s] -- Up-to-date: /home/gcerioni/ws_ur16/install/controller_manager_msgs/include/controller_manager_msgs/controller_manager_msgs/srv/detail/set_hardware_component_state__type_support.hpp
[1.353s] -- Up-to-date: /home/gcerioni/ws_ur16/install/controller_manager_msgs/include/controller_manager_msgs/controller_manager_msgs/srv/detail/list_controllers__traits.hpp
[1.360s] -- Up-to-date: /home/gcerioni/ws_ur16/install/controller_manager_msgs/include/controller_manager_msgs/controller_manager_msgs/srv/detail/list_controller_types__type_support.hpp
[1.360s] -- Up-to-date: /home/gcerioni/ws_ur16/install/controller_manager_msgs/include/controller_manager_msgs/controller_manager_msgs/srv/detail/unload_controller__builder.hpp
[1.360s] -- Up-to-date: /home/gcerioni/ws_ur16/install/controller_manager_msgs/include/controller_manager_msgs/controller_manager_msgs/srv/detail/load_controller__struct.hpp
[1.360s] -- Up-to-date: /home/gcerioni/ws_ur16/install/controller_manager_msgs/include/controller_manager_msgs/controller_manager_msgs/srv/detail/list_hardware_components__type_support.hpp
[1.360s] -- Up-to-date: /home/gcerioni/ws_ur16/install/controller_manager_msgs/include/controller_manager_msgs/controller_manager_msgs/srv/detail/set_hardware_component_state__traits.hpp
[1.360s] -- Up-to-date: /home/gcerioni/ws_ur16/install/controller_manager_msgs/include/controller_manager_msgs/controller_manager_msgs/srv/detail/list_controller_types__struct.hpp
[1.360s] -- Up-to-date: /home/gcerioni/ws_ur16/install/controller_manager_msgs/include/controller_manager_msgs/controller_manager_msgs/srv/detail/switch_controller__struct.hpp
[1.360s] -- Up-to-date: /home/gcerioni/ws_ur16/install/controller_manager_msgs/include/controller_manager_msgs/controller_manager_msgs/srv/detail/list_controller_types__traits.hpp
[1.360s] -- Up-to-date: /home/gcerioni/ws_ur16/install/controller_manager_msgs/include/controller_manager_msgs/controller_manager_msgs/srv/detail/reload_controller_libraries__struct.hpp
[1.361s] -- Up-to-date: /home/gcerioni/ws_ur16/install/controller_manager_msgs/include/controller_manager_msgs/controller_manager_msgs/srv/detail/list_controllers__struct.hpp
[1.365s] -- Up-to-date: /home/gcerioni/ws_ur16/install/controller_manager_msgs/include/controller_manager_msgs/controller_manager_msgs/srv/detail/configure_controller__builder.hpp
[1.365s] -- Up-to-date: /home/gcerioni/ws_ur16/install/controller_manager_msgs/include/controller_manager_msgs/controller_manager_msgs/srv/detail/list_hardware_components__traits.hpp
[1.365s] -- Up-to-date: /home/gcerioni/ws_ur16/install/controller_manager_msgs/include/controller_manager_msgs/controller_manager_msgs/srv/detail/set_hardware_component_state__builder.hpp
[1.365s] -- Up-to-date: /home/gcerioni/ws_ur16/install/controller_manager_msgs/include/controller_manager_msgs/controller_manager_msgs/srv/detail/unload_controller__traits.hpp
[1.365s] -- Up-to-date: /home/gcerioni/ws_ur16/install/controller_manager_msgs/include/controller_manager_msgs/controller_manager_msgs/srv/detail/list_controllers__type_support.hpp
[1.365s] -- Up-to-date: /home/gcerioni/ws_ur16/install/controller_manager_msgs/include/controller_manager_msgs/controller_manager_msgs/srv/detail/list_hardware_interfaces__traits.hpp
[1.365s] -- Up-to-date: /home/gcerioni/ws_ur16/install/controller_manager_msgs/include/controller_manager_msgs/controller_manager_msgs/srv/detail/load_controller__traits.hpp
[1.366s] -- Up-to-date: /home/gcerioni/ws_ur16/install/controller_manager_msgs/include/controller_manager_msgs/controller_manager_msgs/srv/list_hardware_interfaces.hpp
[1.366s] -- Up-to-date: /home/gcerioni/ws_ur16/install/controller_manager_msgs/include/controller_manager_msgs/controller_manager_msgs/srv/configure_controller.hpp
[1.366s] -- Up-to-date: /home/gcerioni/ws_ur16/install/controller_manager_msgs/include/controller_manager_msgs/controller_manager_msgs/srv/load_controller.hpp
[1.366s] -- Up-to-date: /home/gcerioni/ws_ur16/install/controller_manager_msgs/include/controller_manager_msgs/controller_manager_msgs/srv/set_hardware_component_state.hpp
[1.366s] -- Up-to-date: /home/gcerioni/ws_ur16/install/controller_manager_msgs/include/controller_manager_msgs/controller_manager_msgs/srv/switch_controller.hpp
[1.366s] -- Up-to-date: /home/gcerioni/ws_ur16/install/controller_manager_msgs/include/controller_manager_msgs/controller_manager_msgs/srv/unload_controller.hpp
[1.366s] -- Up-to-date: /home/gcerioni/ws_ur16/install/controller_manager_msgs/include/controller_manager_msgs/controller_manager_msgs/srv/list_controllers.hpp
[1.366s] -- Up-to-date: /home/gcerioni/ws_ur16/install/controller_manager_msgs/include/controller_manager_msgs/controller_manager_msgs/srv/list_controller_types.hpp
[1.366s] -- Up-to-date: /home/gcerioni/ws_ur16/install/controller_manager_msgs/include/controller_manager_msgs/controller_manager_msgs/srv/list_hardware_components.hpp
[1.366s] -- Up-to-date: /home/gcerioni/ws_ur16/install/controller_manager_msgs/include/controller_manager_msgs/controller_manager_msgs
[1.366s] -- Up-to-date: /home/gcerioni/ws_ur16/install/controller_manager_msgs/include/controller_manager_msgs/controller_manager_msgs/msg
[1.367s] -- Up-to-date: /home/gcerioni/ws_ur16/install/controller_manager_msgs/include/controller_manager_msgs/controller_manager_msgs/msg/detail
[1.367s] -- Up-to-date: /home/gcerioni/ws_ur16/install/controller_manager_msgs/include/controller_manager_msgs/controller_manager_msgs/msg/detail/chain_connection__rosidl_typesupport_fastrtps_cpp.hpp
[1.367s] -- Up-to-date: /home/gcerioni/ws_ur16/install/controller_manager_msgs/include/controller_manager_msgs/controller_manager_msgs/msg/detail/hardware_interface__rosidl_typesupport_fastrtps_cpp.hpp
[1.367s] -- Up-to-date: /home/gcerioni/ws_ur16/install/controller_manager_msgs/include/controller_manager_msgs/controller_manager_msgs/msg/detail/dds_fastrtps
[1.367s] -- Up-to-date: /home/gcerioni/ws_ur16/install/controller_manager_msgs/include/controller_manager_msgs/controller_manager_msgs/msg/detail/hardware_component_state__rosidl_typesupport_fastrtps_cpp.hpp
[1.367s] -- Up-to-date: /home/gcerioni/ws_ur16/install/controller_manager_msgs/include/controller_manager_msgs/controller_manager_msgs/msg/detail/controller_state__rosidl_typesupport_fastrtps_cpp.hpp
[1.367s] -- Up-to-date: /home/gcerioni/ws_ur16/install/controller_manager_msgs/include/controller_manager_msgs/controller_manager_msgs/msg/rosidl_typesupport_fastrtps_cpp__visibility_control.h
[1.367s] -- Up-to-date: /home/gcerioni/ws_ur16/install/controller_manager_msgs/include/controller_manager_msgs/controller_manager_msgs/srv
[1.367s] -- Up-to-date: /home/gcerioni/ws_ur16/install/controller_manager_msgs/include/controller_manager_msgs/controller_manager_msgs/srv/detail
[1.367s] -- Up-to-date: /home/gcerioni/ws_ur16/install/controller_manager_msgs/include/controller_manager_msgs/controller_manager_msgs/srv/detail/unload_controller__rosidl_typesupport_fastrtps_cpp.hpp
[1.368s] -- Up-to-date: /home/gcerioni/ws_ur16/install/controller_manager_msgs/include/controller_manager_msgs/controller_manager_msgs/srv/detail/set_hardware_component_state__rosidl_typesupport_fastrtps_cpp.hpp
[1.370s] -- Up-to-date: /home/gcerioni/ws_ur16/install/controller_manager_msgs/include/controller_manager_msgs/controller_manager_msgs/srv/detail/list_hardware_interfaces__rosidl_typesupport_fastrtps_cpp.hpp
[1.370s] -- Up-to-date: /home/gcerioni/ws_ur16/install/controller_manager_msgs/include/controller_manager_msgs/controller_manager_msgs/srv/detail/load_controller__rosidl_typesupport_fastrtps_cpp.hpp
[1.370s] -- Up-to-date: /home/gcerioni/ws_ur16/install/controller_manager_msgs/include/controller_manager_msgs/controller_manager_msgs/srv/detail/dds_fastrtps
[1.371s] -- Up-to-date: /home/gcerioni/ws_ur16/install/controller_manager_msgs/include/controller_manager_msgs/controller_manager_msgs/srv/detail/switch_controller__rosidl_typesupport_fastrtps_cpp.hpp
[1.371s] -- Up-to-date: /home/gcerioni/ws_ur16/install/controller_manager_msgs/include/controller_manager_msgs/controller_manager_msgs/srv/detail/list_controllers__rosidl_typesupport_fastrtps_cpp.hpp
[1.371s] -- Up-to-date: /home/gcerioni/ws_ur16/install/controller_manager_msgs/include/controller_manager_msgs/controller_manager_msgs/srv/detail/list_controller_types__rosidl_typesupport_fastrtps_cpp.hpp
[1.371s] -- Up-to-date: /home/gcerioni/ws_ur16/install/controller_manager_msgs/include/controller_manager_msgs/controller_manager_msgs/srv/detail/list_hardware_components__rosidl_typesupport_fastrtps_cpp.hpp
[1.378s] -- Up-to-date: /home/gcerioni/ws_ur16/install/controller_manager_msgs/include/controller_manager_msgs/controller_manager_msgs/srv/detail/reload_controller_libraries__rosidl_typesupport_fastrtps_cpp.hpp
[1.378s] -- Up-to-date: /home/gcerioni/ws_ur16/install/controller_manager_msgs/include/controller_manager_msgs/controller_manager_msgs/srv/detail/configure_controller__rosidl_typesupport_fastrtps_cpp.hpp
[1.378s] -- Up-to-date: /home/gcerioni/ws_ur16/install/controller_manager_msgs/lib/libcontroller_manager_msgs__rosidl_typesupport_fastrtps_cpp.so
[1.381s] -- Up-to-date: /home/gcerioni/ws_ur16/install/controller_manager_msgs/include/controller_manager_msgs/controller_manager_msgs
[1.382s] -- Up-to-date: /home/gcerioni/ws_ur16/install/controller_manager_msgs/include/controller_manager_msgs/controller_manager_msgs/msg
[1.382s] -- Up-to-date: /home/gcerioni/ws_ur16/install/controller_manager_msgs/include/controller_manager_msgs/controller_manager_msgs/msg/detail
[1.382s] -- Up-to-date: /home/gcerioni/ws_ur16/install/controller_manager_msgs/include/controller_manager_msgs/controller_manager_msgs/msg/detail/chain_connection__type_support.c
[1.382s] -- Up-to-date: /home/gcerioni/ws_ur16/install/controller_manager_msgs/include/controller_manager_msgs/controller_manager_msgs/msg/detail/hardware_interface__rosidl_typesupport_introspection_c.h
[1.382s] -- Up-to-date: /home/gcerioni/ws_ur16/install/controller_manager_msgs/include/controller_manager_msgs/controller_manager_msgs/msg/detail/hardware_component_state__rosidl_typesupport_introspection_c.h
[1.382s] -- Up-to-date: /home/gcerioni/ws_ur16/install/controller_manager_msgs/include/controller_manager_msgs/controller_manager_msgs/msg/detail/controller_state__rosidl_typesupport_introspection_c.h
[1.382s] -- Up-to-date: /home/gcerioni/ws_ur16/install/controller_manager_msgs/include/controller_manager_msgs/controller_manager_msgs/msg/detail/chain_connection__rosidl_typesupport_introspection_c.h
[1.382s] -- Up-to-date: /home/gcerioni/ws_ur16/install/controller_manager_msgs/include/controller_manager_msgs/controller_manager_msgs/msg/detail/hardware_component_state__type_support.c
[1.382s] -- Up-to-date: /home/gcerioni/ws_ur16/install/controller_manager_msgs/include/controller_manager_msgs/controller_manager_msgs/msg/detail/controller_state__type_support.c
[1.382s] -- Up-to-date: /home/gcerioni/ws_ur16/install/controller_manager_msgs/include/controller_manager_msgs/controller_manager_msgs/msg/detail/hardware_interface__type_support.c
[1.382s] -- Up-to-date: /home/gcerioni/ws_ur16/install/controller_manager_msgs/include/controller_manager_msgs/controller_manager_msgs/msg/rosidl_typesupport_introspection_c__visibility_control.h
[1.383s] -- Up-to-date: /home/gcerioni/ws_ur16/install/controller_manager_msgs/include/controller_manager_msgs/controller_manager_msgs/srv
[1.383s] -- Up-to-date: /home/gcerioni/ws_ur16/install/controller_manager_msgs/include/controller_manager_msgs/controller_manager_msgs/srv/detail
[1.383s] -- Up-to-date: /home/gcerioni/ws_ur16/install/controller_manager_msgs/include/controller_manager_msgs/controller_manager_msgs/srv/detail/unload_controller__rosidl_typesupport_introspection_c.h
[1.383s] -- Up-to-date: /home/gcerioni/ws_ur16/install/controller_manager_msgs/include/controller_manager_msgs/controller_manager_msgs/srv/detail/set_hardware_component_state__type_support.c
[1.383s] -- Up-to-date: /home/gcerioni/ws_ur16/install/controller_manager_msgs/include/controller_manager_msgs/controller_manager_msgs/srv/detail/reload_controller_libraries__type_support.c
[1.383s] -- Up-to-date: /home/gcerioni/ws_ur16/install/controller_manager_msgs/include/controller_manager_msgs/controller_manager_msgs/srv/detail/set_hardware_component_state__rosidl_typesupport_introspection_c.h
[1.383s] -- Up-to-date: /home/gcerioni/ws_ur16/install/controller_manager_msgs/include/controller_manager_msgs/controller_manager_msgs/srv/detail/list_controller_types__rosidl_typesupport_introspection_c.h
[1.383s] -- Up-to-date: /home/gcerioni/ws_ur16/install/controller_manager_msgs/include/controller_manager_msgs/controller_manager_msgs/srv/detail/unload_controller__type_support.c
[1.383s] -- Up-to-date: /home/gcerioni/ws_ur16/install/controller_manager_msgs/include/controller_manager_msgs/controller_manager_msgs/srv/detail/load_controller__type_support.c
[1.383s] -- Up-to-date: /home/gcerioni/ws_ur16/install/controller_manager_msgs/include/controller_manager_msgs/controller_manager_msgs/srv/detail/switch_controller__rosidl_typesupport_introspection_c.h
[1.383s] -- Up-to-date: /home/gcerioni/ws_ur16/install/controller_manager_msgs/include/controller_manager_msgs/controller_manager_msgs/srv/detail/configure_controller__type_support.c
[1.384s] -- Up-to-date: /home/gcerioni/ws_ur16/install/controller_manager_msgs/include/controller_manager_msgs/controller_manager_msgs/srv/detail/switch_controller__type_support.c
[1.384s] -- Up-to-date: /home/gcerioni/ws_ur16/install/controller_manager_msgs/include/controller_manager_msgs/controller_manager_msgs/srv/detail/reload_controller_libraries__rosidl_typesupport_introspection_c.h
[1.384s] -- Up-to-date: /home/gcerioni/ws_ur16/install/controller_manager_msgs/include/controller_manager_msgs/controller_manager_msgs/srv/detail/list_controllers__rosidl_typesupport_introspection_c.h
[1.384s] -- Up-to-date: /home/gcerioni/ws_ur16/install/controller_manager_msgs/include/controller_manager_msgs/controller_manager_msgs/srv/detail/list_hardware_interfaces__type_support.c
[1.384s] -- Up-to-date: /home/gcerioni/ws_ur16/install/controller_manager_msgs/include/controller_manager_msgs/controller_manager_msgs/srv/detail/list_hardware_interfaces__rosidl_typesupport_introspection_c.h
[1.384s] -- Up-to-date: /home/gcerioni/ws_ur16/install/controller_manager_msgs/include/controller_manager_msgs/controller_manager_msgs/srv/detail/list_controller_types__type_support.c
[1.384s] -- Up-to-date: /home/gcerioni/ws_ur16/install/controller_manager_msgs/include/controller_manager_msgs/controller_manager_msgs/srv/detail/load_controller__rosidl_typesupport_introspection_c.h
[1.384s] -- Up-to-date: /home/gcerioni/ws_ur16/install/controller_manager_msgs/include/controller_manager_msgs/controller_manager_msgs/srv/detail/list_controllers__type_support.c
[1.385s] -- Up-to-date: /home/gcerioni/ws_ur16/install/controller_manager_msgs/include/controller_manager_msgs/controller_manager_msgs/srv/detail/list_hardware_components__type_support.c
[1.389s] -- Up-to-date: /home/gcerioni/ws_ur16/install/controller_manager_msgs/include/controller_manager_msgs/controller_manager_msgs/srv/detail/configure_controller__rosidl_typesupport_introspection_c.h
[1.390s] -- Up-to-date: /home/gcerioni/ws_ur16/install/controller_manager_msgs/include/controller_manager_msgs/controller_manager_msgs/srv/detail/list_hardware_components__rosidl_typesupport_introspection_c.h
[1.390s] -- Up-to-date: /home/gcerioni/ws_ur16/install/controller_manager_msgs/lib/libcontroller_manager_msgs__rosidl_typesupport_introspection_c.so
[1.391s] -- Up-to-date: /home/gcerioni/ws_ur16/install/controller_manager_msgs/lib/libcontroller_manager_msgs__rosidl_typesupport_c.so
[1.391s] -- Up-to-date: /home/gcerioni/ws_ur16/install/controller_manager_msgs/include/controller_manager_msgs/controller_manager_msgs
[1.391s] -- Up-to-date: /home/gcerioni/ws_ur16/install/controller_manager_msgs/include/controller_manager_msgs/controller_manager_msgs/msg
[1.395s] -- Up-to-date: /home/gcerioni/ws_ur16/install/controller_manager_msgs/include/controller_manager_msgs/controller_manager_msgs/msg/detail
[1.395s] -- Up-to-date: /home/gcerioni/ws_ur16/install/controller_manager_msgs/include/controller_manager_msgs/controller_manager_msgs/msg/detail/chain_connection__rosidl_typesupport_introspection_cpp.hpp
[1.395s] -- Up-to-date: /home/gcerioni/ws_ur16/install/controller_manager_msgs/include/controller_manager_msgs/controller_manager_msgs/msg/detail/controller_state__type_support.cpp
[1.395s] -- Up-to-date: /home/gcerioni/ws_ur16/install/controller_manager_msgs/include/controller_manager_msgs/controller_manager_msgs/msg/detail/hardware_component_state__rosidl_typesupport_introspection_cpp.hpp
[1.396s] -- Up-to-date: /home/gcerioni/ws_ur16/install/controller_manager_msgs/include/controller_manager_msgs/controller_manager_msgs/msg/detail/controller_state__rosidl_typesupport_introspection_cpp.hpp
[1.396s] -- Up-to-date: /home/gcerioni/ws_ur16/install/controller_manager_msgs/include/controller_manager_msgs/controller_manager_msgs/msg/detail/hardware_interface__rosidl_typesupport_introspection_cpp.hpp
[1.396s] -- Up-to-date: /home/gcerioni/ws_ur16/install/controller_manager_msgs/include/controller_manager_msgs/controller_manager_msgs/msg/detail/chain_connection__type_support.cpp
[1.396s] -- Up-to-date: /home/gcerioni/ws_ur16/install/controller_manager_msgs/include/controller_manager_msgs/controller_manager_msgs/msg/detail/hardware_interface__type_support.cpp
[1.424s] -- Up-to-date: /home/gcerioni/ws_ur16/install/controller_manager_msgs/include/controller_manager_msgs/controller_manager_msgs/msg/detail/hardware_component_state__type_support.cpp
[1.425s] -- Up-to-date: /home/gcerioni/ws_ur16/install/controller_manager_msgs/include/controller_manager_msgs/controller_manager_msgs/srv
[1.426s] -- Up-to-date: /home/gcerioni/ws_ur16/install/controller_manager_msgs/include/controller_manager_msgs/controller_manager_msgs/srv/detail
[1.427s] -- Up-to-date: /home/gcerioni/ws_ur16/install/controller_manager_msgs/include/controller_manager_msgs/controller_manager_msgs/srv/detail/configure_controller__rosidl_typesupport_introspection_cpp.hpp
[1.427s] -- Up-to-date: /home/gcerioni/ws_ur16/install/controller_manager_msgs/include/controller_manager_msgs/controller_manager_msgs/srv/detail/configure_controller__type_support.cpp
[1.427s] -- Up-to-date: /home/gcerioni/ws_ur16/install/controller_manager_msgs/include/controller_manager_msgs/controller_manager_msgs/srv/detail/unload_controller__rosidl_typesupport_introspection_cpp.hpp
[1.427s] -- Up-to-date: /home/gcerioni/ws_ur16/install/controller_manager_msgs/include/controller_manager_msgs/controller_manager_msgs/srv/detail/unload_controller__type_support.cpp
[1.427s] -- Up-to-date: /home/gcerioni/ws_ur16/install/controller_manager_msgs/include/controller_manager_msgs/controller_manager_msgs/srv/detail/list_hardware_components__type_support.cpp
[1.428s] -- Up-to-date: /home/gcerioni/ws_ur16/install/controller_manager_msgs/include/controller_manager_msgs/controller_manager_msgs/srv/detail/load_controller__rosidl_typesupport_introspection_cpp.hpp
[1.428s] -- Up-to-date: /home/gcerioni/ws_ur16/install/controller_manager_msgs/include/controller_manager_msgs/controller_manager_msgs/srv/detail/list_controller_types__rosidl_typesupport_introspection_cpp.hpp
[1.429s] -- Up-to-date: /home/gcerioni/ws_ur16/install/controller_manager_msgs/include/controller_manager_msgs/controller_manager_msgs/srv/detail/list_controllers__type_support.cpp
[1.429s] -- Up-to-date: /home/gcerioni/ws_ur16/install/controller_manager_msgs/include/controller_manager_msgs/controller_manager_msgs/srv/detail/reload_controller_libraries__type_support.cpp
[1.429s] -- Up-to-date: /home/gcerioni/ws_ur16/install/controller_manager_msgs/include/controller_manager_msgs/controller_manager_msgs/srv/detail/list_hardware_components__rosidl_typesupport_introspection_cpp.hpp
[1.429s] -- Up-to-date: /home/gcerioni/ws_ur16/install/controller_manager_msgs/include/controller_manager_msgs/controller_manager_msgs/srv/detail/set_hardware_component_state__type_support.cpp
[1.429s] -- Up-to-date: /home/gcerioni/ws_ur16/install/controller_manager_msgs/include/controller_manager_msgs/controller_manager_msgs/srv/detail/set_hardware_component_state__rosidl_typesupport_introspection_cpp.hpp
[1.429s] -- Up-to-date: /home/gcerioni/ws_ur16/install/controller_manager_msgs/include/controller_manager_msgs/controller_manager_msgs/srv/detail/switch_controller__type_support.cpp
[1.430s] -- Up-to-date: /home/gcerioni/ws_ur16/install/controller_manager_msgs/include/controller_manager_msgs/controller_manager_msgs/srv/detail/list_controllers__rosidl_typesupport_introspection_cpp.hpp
[1.430s] -- Up-to-date: /home/gcerioni/ws_ur16/install/controller_manager_msgs/include/controller_manager_msgs/controller_manager_msgs/srv/detail/list_hardware_interfaces__type_support.cpp
[1.430s] -- Up-to-date: /home/gcerioni/ws_ur16/install/controller_manager_msgs/include/controller_manager_msgs/controller_manager_msgs/srv/detail/load_controller__type_support.cpp
[1.430s] -- Up-to-date: /home/gcerioni/ws_ur16/install/controller_manager_msgs/include/controller_manager_msgs/controller_manager_msgs/srv/detail/list_hardware_interfaces__rosidl_typesupport_introspection_cpp.hpp
[1.430s] -- Up-to-date: /home/gcerioni/ws_ur16/install/controller_manager_msgs/include/controller_manager_msgs/controller_manager_msgs/srv/detail/reload_controller_libraries__rosidl_typesupport_introspection_cpp.hpp
[1.430s] -- Up-to-date: /home/gcerioni/ws_ur16/install/controller_manager_msgs/include/controller_manager_msgs/controller_manager_msgs/srv/detail/list_controller_types__type_support.cpp
[1.431s] -- Up-to-date: /home/gcerioni/ws_ur16/install/controller_manager_msgs/include/controller_manager_msgs/controller_manager_msgs/srv/detail/switch_controller__rosidl_typesupport_introspection_cpp.hpp
[1.431s] -- Up-to-date: /home/gcerioni/ws_ur16/install/controller_manager_msgs/lib/libcontroller_manager_msgs__rosidl_typesupport_introspection_cpp.so
[1.431s] -- Up-to-date: /home/gcerioni/ws_ur16/install/controller_manager_msgs/lib/libcontroller_manager_msgs__rosidl_typesupport_cpp.so
[1.431s] -- Up-to-date: /home/gcerioni/ws_ur16/install/controller_manager_msgs/share/controller_manager_msgs/environment/pythonpath.sh
[1.431s] -- Up-to-date: /home/gcerioni/ws_ur16/install/controller_manager_msgs/share/controller_manager_msgs/environment/pythonpath.dsv
[1.431s] -- Up-to-date: /home/gcerioni/ws_ur16/install/controller_manager_msgs/local/lib/python3.10/dist-packages/controller_manager_msgs-2.48.0-py3.10.egg-info
[1.431s] -- Installing: /home/gcerioni/ws_ur16/install/controller_manager_msgs/local/lib/python3.10/dist-packages/controller_manager_msgs-2.48.0-py3.10.egg-info/top_level.txt
[1.431s] -- Installing: /home/gcerioni/ws_ur16/install/controller_manager_msgs/local/lib/python3.10/dist-packages/controller_manager_msgs-2.48.0-py3.10.egg-info/SOURCES.txt
[1.432s] -- Installing: /home/gcerioni/ws_ur16/install/controller_manager_msgs/local/lib/python3.10/dist-packages/controller_manager_msgs-2.48.0-py3.10.egg-info/dependency_links.txt
[1.432s] -- Installing: /home/gcerioni/ws_ur16/install/controller_manager_msgs/local/lib/python3.10/dist-packages/controller_manager_msgs-2.48.0-py3.10.egg-info/PKG-INFO
[1.432s] -- Up-to-date: /home/gcerioni/ws_ur16/install/controller_manager_msgs/local/lib/python3.10/dist-packages/controller_manager_msgs
[1.432s] -- Up-to-date: /home/gcerioni/ws_ur16/install/controller_manager_msgs/local/lib/python3.10/dist-packages/controller_manager_msgs/_controller_manager_msgs_s.ep.rosidl_typesupport_fastrtps_c.c
[1.432s] -- Up-to-date: /home/gcerioni/ws_ur16/install/controller_manager_msgs/local/lib/python3.10/dist-packages/controller_manager_msgs/msg
[1.432s] -- Up-to-date: /home/gcerioni/ws_ur16/install/controller_manager_msgs/local/lib/python3.10/dist-packages/controller_manager_msgs/msg/_hardware_component_state_s.c
[1.432s] -- Up-to-date: /home/gcerioni/ws_ur16/install/controller_manager_msgs/local/lib/python3.10/dist-packages/controller_manager_msgs/msg/_chain_connection_s.c
[1.433s] -- Up-to-date: /home/gcerioni/ws_ur16/install/controller_manager_msgs/local/lib/python3.10/dist-packages/controller_manager_msgs/msg/_hardware_component_state.py
[1.433s] -- Up-to-date: /home/gcerioni/ws_ur16/install/controller_manager_msgs/local/lib/python3.10/dist-packages/controller_manager_msgs/msg/_chain_connection.py
[1.433s] -- Up-to-date: /home/gcerioni/ws_ur16/install/controller_manager_msgs/local/lib/python3.10/dist-packages/controller_manager_msgs/msg/_hardware_interface.py
[1.433s] -- Up-to-date: /home/gcerioni/ws_ur16/install/controller_manager_msgs/local/lib/python3.10/dist-packages/controller_manager_msgs/msg/__init__.py
[1.434s] -- Up-to-date: /home/gcerioni/ws_ur16/install/controller_manager_msgs/local/lib/python3.10/dist-packages/controller_manager_msgs/msg/_controller_state.py
[1.434s] -- Up-to-date: /home/gcerioni/ws_ur16/install/controller_manager_msgs/local/lib/python3.10/dist-packages/controller_manager_msgs/msg/_controller_state_s.c
[1.434s] -- Up-to-date: /home/gcerioni/ws_ur16/install/controller_manager_msgs/local/lib/python3.10/dist-packages/controller_manager_msgs/msg/_hardware_interface_s.c
[1.434s] -- Up-to-date: /home/gcerioni/ws_ur16/install/controller_manager_msgs/local/lib/python3.10/dist-packages/controller_manager_msgs/libcontroller_manager_msgs__rosidl_generator_py.so
[1.434s] -- Up-to-date: /home/gcerioni/ws_ur16/install/controller_manager_msgs/local/lib/python3.10/dist-packages/controller_manager_msgs/controller_manager_msgs_s__rosidl_typesupport_c.cpython-310-x86_64-linux-gnu.so
[1.434s] -- Up-to-date: /home/gcerioni/ws_ur16/install/controller_manager_msgs/local/lib/python3.10/dist-packages/controller_manager_msgs/_controller_manager_msgs_s.ep.rosidl_typesupport_introspection_c.c
[1.434s] -- Up-to-date: /home/gcerioni/ws_ur16/install/controller_manager_msgs/local/lib/python3.10/dist-packages/controller_manager_msgs/controller_manager_msgs_s__rosidl_typesupport_introspection_c.cpython-310-x86_64-linux-gnu.so
[1.435s] -- Up-to-date: /home/gcerioni/ws_ur16/install/controller_manager_msgs/local/lib/python3.10/dist-packages/controller_manager_msgs/__init__.py
[1.435s] -- Up-to-date: /home/gcerioni/ws_ur16/install/controller_manager_msgs/local/lib/python3.10/dist-packages/controller_manager_msgs/_controller_manager_msgs_s.ep.rosidl_typesupport_c.c
[1.435s] -- Up-to-date: /home/gcerioni/ws_ur16/install/controller_manager_msgs/local/lib/python3.10/dist-packages/controller_manager_msgs/controller_manager_msgs_s__rosidl_typesupport_fastrtps_c.cpython-310-x86_64-linux-gnu.so
[1.435s] -- Up-to-date: /home/gcerioni/ws_ur16/install/controller_manager_msgs/local/lib/python3.10/dist-packages/controller_manager_msgs/srv
[1.435s] -- Up-to-date: /home/gcerioni/ws_ur16/install/controller_manager_msgs/local/lib/python3.10/dist-packages/controller_manager_msgs/srv/_load_controller.py
[1.435s] -- Up-to-date: /home/gcerioni/ws_ur16/install/controller_manager_msgs/local/lib/python3.10/dist-packages/controller_manager_msgs/srv/_unload_controller_s.c
[1.435s] -- Up-to-date: /home/gcerioni/ws_ur16/install/controller_manager_msgs/local/lib/python3.10/dist-packages/controller_manager_msgs/srv/_list_hardware_interfaces_s.c
[1.435s] -- Up-to-date: /home/gcerioni/ws_ur16/install/controller_manager_msgs/local/lib/python3.10/dist-packages/controller_manager_msgs/srv/_reload_controller_libraries.py
[1.435s] -- Up-to-date: /home/gcerioni/ws_ur16/install/controller_manager_msgs/local/lib/python3.10/dist-packages/controller_manager_msgs/srv/_reload_controller_libraries_s.c
[1.436s] -- Up-to-date: /home/gcerioni/ws_ur16/install/controller_manager_msgs/local/lib/python3.10/dist-packages/controller_manager_msgs/srv/_configure_controller.py
[1.436s] -- Up-to-date: /home/gcerioni/ws_ur16/install/controller_manager_msgs/local/lib/python3.10/dist-packages/controller_manager_msgs/srv/_list_controller_types.py
[1.436s] -- Up-to-date: /home/gcerioni/ws_ur16/install/controller_manager_msgs/local/lib/python3.10/dist-packages/controller_manager_msgs/srv/_list_hardware_components_s.c
[1.437s] -- Up-to-date: /home/gcerioni/ws_ur16/install/controller_manager_msgs/local/lib/python3.10/dist-packages/controller_manager_msgs/srv/_switch_controller.py
[1.438s] -- Up-to-date: /home/gcerioni/ws_ur16/install/controller_manager_msgs/local/lib/python3.10/dist-packages/controller_manager_msgs/srv/_load_controller_s.c
[1.438s] -- Up-to-date: /home/gcerioni/ws_ur16/install/controller_manager_msgs/local/lib/python3.10/dist-packages/controller_manager_msgs/srv/_list_controllers_s.c
[1.438s] -- Up-to-date: /home/gcerioni/ws_ur16/install/controller_manager_msgs/local/lib/python3.10/dist-packages/controller_manager_msgs/srv/__init__.py
[1.438s] -- Up-to-date: /home/gcerioni/ws_ur16/install/controller_manager_msgs/local/lib/python3.10/dist-packages/controller_manager_msgs/srv/_list_controller_types_s.c
[1.438s] -- Up-to-date: /home/gcerioni/ws_ur16/install/controller_manager_msgs/local/lib/python3.10/dist-packages/controller_manager_msgs/srv/_list_controllers.py
[1.438s] -- Up-to-date: /home/gcerioni/ws_ur16/install/controller_manager_msgs/local/lib/python3.10/dist-packages/controller_manager_msgs/srv/_unload_controller.py
[1.439s] -- Up-to-date: /home/gcerioni/ws_ur16/install/controller_manager_msgs/local/lib/python3.10/dist-packages/controller_manager_msgs/srv/_switch_controller_s.c
[1.439s] -- Up-to-date: /home/gcerioni/ws_ur16/install/controller_manager_msgs/local/lib/python3.10/dist-packages/controller_manager_msgs/srv/_set_hardware_component_state_s.c
[1.439s] -- Up-to-date: /home/gcerioni/ws_ur16/install/controller_manager_msgs/local/lib/python3.10/dist-packages/controller_manager_msgs/srv/_configure_controller_s.c
[1.480s] -- Up-to-date: /home/gcerioni/ws_ur16/install/controller_manager_msgs/local/lib/python3.10/dist-packages/controller_manager_msgs/srv/_list_hardware_interfaces.py
[1.480s] -- Up-to-date: /home/gcerioni/ws_ur16/install/controller_manager_msgs/local/lib/python3.10/dist-packages/controller_manager_msgs/srv/_set_hardware_component_state.py
[1.481s] -- Up-to-date: /home/gcerioni/ws_ur16/install/controller_manager_msgs/local/lib/python3.10/dist-packages/controller_manager_msgs/srv/_list_hardware_components.py
[1.597s] Listing '/home/gcerioni/ws_ur16/install/controller_manager_msgs/local/lib/python3.10/dist-packages/controller_manager_msgs'...
[1.597s] Listing '/home/gcerioni/ws_ur16/install/controller_manager_msgs/local/lib/python3.10/dist-packages/controller_manager_msgs/msg'...
[1.597s] Listing '/home/gcerioni/ws_ur16/install/controller_manager_msgs/local/lib/python3.10/dist-packages/controller_manager_msgs/srv'...
[1.602s] -- Up-to-date: /home/gcerioni/ws_ur16/install/controller_manager_msgs/local/lib/python3.10/dist-packages/controller_manager_msgs/controller_manager_msgs_s__rosidl_typesupport_fastrtps_c.cpython-310-x86_64-linux-gnu.so
[1.602s] -- Up-to-date: /home/gcerioni/ws_ur16/install/controller_manager_msgs/local/lib/python3.10/dist-packages/controller_manager_msgs/controller_manager_msgs_s__rosidl_typesupport_introspection_c.cpython-310-x86_64-linux-gnu.so
[1.606s] -- Up-to-date: /home/gcerioni/ws_ur16/install/controller_manager_msgs/local/lib/python3.10/dist-packages/controller_manager_msgs/controller_manager_msgs_s__rosidl_typesupport_c.cpython-310-x86_64-linux-gnu.so
[1.610s] -- Up-to-date: /home/gcerioni/ws_ur16/install/controller_manager_msgs/lib/libcontroller_manager_msgs__rosidl_generator_py.so
[1.613s] -- Up-to-date: /home/gcerioni/ws_ur16/install/controller_manager_msgs/share/controller_manager_msgs/msg/ControllerState.idl
[1.613s] -- Up-to-date: /home/gcerioni/ws_ur16/install/controller_manager_msgs/share/controller_manager_msgs/msg/ChainConnection.idl
[1.614s] -- Up-to-date: /home/gcerioni/ws_ur16/install/controller_manager_msgs/share/controller_manager_msgs/msg/HardwareComponentState.idl
[1.614s] -- Up-to-date: /home/gcerioni/ws_ur16/install/controller_manager_msgs/share/controller_manager_msgs/msg/HardwareInterface.idl
[1.614s] -- Up-to-date: /home/gcerioni/ws_ur16/install/controller_manager_msgs/share/controller_manager_msgs/srv/ConfigureController.idl
[1.615s] -- Up-to-date: /home/gcerioni/ws_ur16/install/controller_manager_msgs/share/controller_manager_msgs/srv/ListControllers.idl
[1.615s] -- Up-to-date: /home/gcerioni/ws_ur16/install/controller_manager_msgs/share/controller_manager_msgs/srv/ListControllerTypes.idl
[1.615s] -- Up-to-date: /home/gcerioni/ws_ur16/install/controller_manager_msgs/share/controller_manager_msgs/srv/ListHardwareComponents.idl
[1.615s] -- Up-to-date: /home/gcerioni/ws_ur16/install/controller_manager_msgs/share/controller_manager_msgs/srv/ListHardwareInterfaces.idl
[1.616s] -- Up-to-date: /home/gcerioni/ws_ur16/install/controller_manager_msgs/share/controller_manager_msgs/srv/LoadController.idl
[1.616s] -- Up-to-date: /home/gcerioni/ws_ur16/install/controller_manager_msgs/share/controller_manager_msgs/srv/ReloadControllerLibraries.idl
[1.616s] -- Up-to-date: /home/gcerioni/ws_ur16/install/controller_manager_msgs/share/controller_manager_msgs/srv/SetHardwareComponentState.idl
[1.616s] -- Up-to-date: /home/gcerioni/ws_ur16/install/controller_manager_msgs/share/controller_manager_msgs/srv/SwitchController.idl
[1.616s] -- Up-to-date: /home/gcerioni/ws_ur16/install/controller_manager_msgs/share/controller_manager_msgs/srv/UnloadController.idl
[1.616s] -- Up-to-date: /home/gcerioni/ws_ur16/install/controller_manager_msgs/share/controller_manager_msgs/msg/ControllerState.msg
[1.616s] -- Up-to-date: /home/gcerioni/ws_ur16/install/controller_manager_msgs/share/controller_manager_msgs/msg/ChainConnection.msg
[1.616s] -- Up-to-date: /home/gcerioni/ws_ur16/install/controller_manager_msgs/share/controller_manager_msgs/msg/HardwareComponentState.msg
[1.616s] -- Up-to-date: /home/gcerioni/ws_ur16/install/controller_manager_msgs/share/controller_manager_msgs/msg/HardwareInterface.msg
[1.616s] -- Up-to-date: /home/gcerioni/ws_ur16/install/controller_manager_msgs/share/controller_manager_msgs/srv/ConfigureController.srv
[1.616s] -- Up-to-date: /home/gcerioni/ws_ur16/install/controller_manager_msgs/share/controller_manager_msgs/srv/ConfigureController_Request.msg
[1.616s] -- Up-to-date: /home/gcerioni/ws_ur16/install/controller_manager_msgs/share/controller_manager_msgs/srv/ConfigureController_Response.msg
[1.616s] -- Up-to-date: /home/gcerioni/ws_ur16/install/controller_manager_msgs/share/controller_manager_msgs/srv/ListControllers.srv
[1.623s] -- Up-to-date: /home/gcerioni/ws_ur16/install/controller_manager_msgs/share/controller_manager_msgs/srv/ListControllers_Request.msg
[1.623s] -- Up-to-date: /home/gcerioni/ws_ur16/install/controller_manager_msgs/share/controller_manager_msgs/srv/ListControllers_Response.msg
[1.624s] -- Up-to-date: /home/gcerioni/ws_ur16/install/controller_manager_msgs/share/controller_manager_msgs/srv/ListControllerTypes.srv
[1.624s] -- Up-to-date: /home/gcerioni/ws_ur16/install/controller_manager_msgs/share/controller_manager_msgs/srv/ListControllerTypes_Request.msg
[1.624s] -- Up-to-date: /home/gcerioni/ws_ur16/install/controller_manager_msgs/share/controller_manager_msgs/srv/ListControllerTypes_Response.msg
[1.624s] -- Up-to-date: /home/gcerioni/ws_ur16/install/controller_manager_msgs/share/controller_manager_msgs/srv/ListHardwareComponents.srv
[1.624s] -- Up-to-date: /home/gcerioni/ws_ur16/install/controller_manager_msgs/share/controller_manager_msgs/srv/ListHardwareComponents_Request.msg
[1.624s] -- Up-to-date: /home/gcerioni/ws_ur16/install/controller_manager_msgs/share/controller_manager_msgs/srv/ListHardwareComponents_Response.msg
[1.625s] -- Up-to-date: /home/gcerioni/ws_ur16/install/controller_manager_msgs/share/controller_manager_msgs/srv/ListHardwareInterfaces.srv
[1.625s] -- Up-to-date: /home/gcerioni/ws_ur16/install/controller_manager_msgs/share/controller_manager_msgs/srv/ListHardwareInterfaces_Request.msg
[1.625s] -- Up-to-date: /home/gcerioni/ws_ur16/install/controller_manager_msgs/share/controller_manager_msgs/srv/ListHardwareInterfaces_Response.msg
[1.625s] -- Up-to-date: /home/gcerioni/ws_ur16/install/controller_manager_msgs/share/controller_manager_msgs/srv/LoadController.srv
[1.625s] -- Up-to-date: /home/gcerioni/ws_ur16/install/controller_manager_msgs/share/controller_manager_msgs/srv/LoadController_Request.msg
[1.625s] -- Up-to-date: /home/gcerioni/ws_ur16/install/controller_manager_msgs/share/controller_manager_msgs/srv/LoadController_Response.msg
[1.625s] -- Up-to-date: /home/gcerioni/ws_ur16/install/controller_manager_msgs/share/controller_manager_msgs/srv/ReloadControllerLibraries.srv
[1.625s] -- Up-to-date: /home/gcerioni/ws_ur16/install/controller_manager_msgs/share/controller_manager_msgs/srv/ReloadControllerLibraries_Request.msg
[1.626s] -- Up-to-date: /home/gcerioni/ws_ur16/install/controller_manager_msgs/share/controller_manager_msgs/srv/ReloadControllerLibraries_Response.msg
[1.626s] -- Up-to-date: /home/gcerioni/ws_ur16/install/controller_manager_msgs/share/controller_manager_msgs/srv/SetHardwareComponentState.srv
[1.626s] -- Up-to-date: /home/gcerioni/ws_ur16/install/controller_manager_msgs/share/controller_manager_msgs/srv/SetHardwareComponentState_Request.msg
[1.627s] -- Up-to-date: /home/gcerioni/ws_ur16/install/controller_manager_msgs/share/controller_manager_msgs/srv/SetHardwareComponentState_Response.msg
[1.627s] -- Up-to-date: /home/gcerioni/ws_ur16/install/controller_manager_msgs/share/controller_manager_msgs/srv/SwitchController.srv
[1.627s] -- Up-to-date: /home/gcerioni/ws_ur16/install/controller_manager_msgs/share/controller_manager_msgs/srv/SwitchController_Request.msg
[1.627s] -- Up-to-date: /home/gcerioni/ws_ur16/install/controller_manager_msgs/share/controller_manager_msgs/srv/SwitchController_Response.msg
[1.627s] -- Up-to-date: /home/gcerioni/ws_ur16/install/controller_manager_msgs/share/controller_manager_msgs/srv/UnloadController.srv
[1.627s] -- Up-to-date: /home/gcerioni/ws_ur16/install/controller_manager_msgs/share/controller_manager_msgs/srv/UnloadController_Request.msg
[1.628s] -- Up-to-date: /home/gcerioni/ws_ur16/install/controller_manager_msgs/share/controller_manager_msgs/srv/UnloadController_Response.msg
[1.628s] -- Up-to-date: /home/gcerioni/ws_ur16/install/controller_manager_msgs/share/ament_index/resource_index/package_run_dependencies/controller_manager_msgs
[1.628s] -- Up-to-date: /home/gcerioni/ws_ur16/install/controller_manager_msgs/share/ament_index/resource_index/parent_prefix_path/controller_manager_msgs
[1.628s] -- Up-to-date: /home/gcerioni/ws_ur16/install/controller_manager_msgs/share/controller_manager_msgs/environment/ament_prefix_path.sh
[1.628s] -- Up-to-date: /home/gcerioni/ws_ur16/install/controller_manager_msgs/share/controller_manager_msgs/environment/ament_prefix_path.dsv
[1.629s] -- Up-to-date: /home/gcerioni/ws_ur16/install/controller_manager_msgs/share/controller_manager_msgs/environment/path.sh
[1.629s] -- Up-to-date: /home/gcerioni/ws_ur16/install/controller_manager_msgs/share/controller_manager_msgs/environment/path.dsv
[1.629s] -- Up-to-date: /home/gcerioni/ws_ur16/install/controller_manager_msgs/share/controller_manager_msgs/local_setup.bash
[1.629s] -- Up-to-date: /home/gcerioni/ws_ur16/install/controller_manager_msgs/share/controller_manager_msgs/local_setup.sh
[1.629s] -- Up-to-date: /home/gcerioni/ws_ur16/install/controller_manager_msgs/share/controller_manager_msgs/local_setup.zsh
[1.629s] -- Up-to-date: /home/gcerioni/ws_ur16/install/controller_manager_msgs/share/controller_manager_msgs/local_setup.dsv
[1.630s] -- Installing: /home/gcerioni/ws_ur16/install/controller_manager_msgs/share/controller_manager_msgs/package.dsv
[1.630s] -- Up-to-date: /home/gcerioni/ws_ur16/install/controller_manager_msgs/share/ament_index/resource_index/packages/controller_manager_msgs
[1.630s] -- Up-to-date: /home/gcerioni/ws_ur16/install/controller_manager_msgs/share/controller_manager_msgs/cmake/export_controller_manager_msgs__rosidl_generator_cExport.cmake
[1.630s] -- Up-to-date: /home/gcerioni/ws_ur16/install/controller_manager_msgs/share/controller_manager_msgs/cmake/export_controller_manager_msgs__rosidl_generator_cExport-release.cmake
[1.632s] -- Up-to-date: /home/gcerioni/ws_ur16/install/controller_manager_msgs/share/controller_manager_msgs/cmake/export_controller_manager_msgs__rosidl_typesupport_fastrtps_cExport.cmake
[1.632s] -- Up-to-date: /home/gcerioni/ws_ur16/install/controller_manager_msgs/share/controller_manager_msgs/cmake/export_controller_manager_msgs__rosidl_typesupport_fastrtps_cExport-release.cmake
[1.632s] -- Up-to-date: /home/gcerioni/ws_ur16/install/controller_manager_msgs/share/controller_manager_msgs/cmake/export_controller_manager_msgs__rosidl_generator_cppExport.cmake
[1.632s] -- Up-to-date: /home/gcerioni/ws_ur16/install/controller_manager_msgs/share/controller_manager_msgs/cmake/export_controller_manager_msgs__rosidl_typesupport_fastrtps_cppExport.cmake
[1.632s] -- Up-to-date: /home/gcerioni/ws_ur16/install/controller_manager_msgs/share/controller_manager_msgs/cmake/export_controller_manager_msgs__rosidl_typesupport_fastrtps_cppExport-release.cmake
[1.633s] -- Up-to-date: /home/gcerioni/ws_ur16/install/controller_manager_msgs/share/controller_manager_msgs/cmake/controller_manager_msgs__rosidl_typesupport_introspection_cExport.cmake
[1.633s] -- Up-to-date: /home/gcerioni/ws_ur16/install/controller_manager_msgs/share/controller_manager_msgs/cmake/controller_manager_msgs__rosidl_typesupport_introspection_cExport-release.cmake
[1.633s] -- Up-to-date: /home/gcerioni/ws_ur16/install/controller_manager_msgs/share/controller_manager_msgs/cmake/controller_manager_msgs__rosidl_typesupport_cExport.cmake
[1.633s] -- Up-to-date: /home/gcerioni/ws_ur16/install/controller_manager_msgs/share/controller_manager_msgs/cmake/controller_manager_msgs__rosidl_typesupport_cExport-release.cmake
[1.634s] -- Up-to-date: /home/gcerioni/ws_ur16/install/controller_manager_msgs/share/controller_manager_msgs/cmake/controller_manager_msgs__rosidl_typesupport_introspection_cppExport.cmake
[1.634s] -- Up-to-date: /home/gcerioni/ws_ur16/install/controller_manager_msgs/share/controller_manager_msgs/cmake/controller_manager_msgs__rosidl_typesupport_introspection_cppExport-release.cmake
[1.634s] -- Up-to-date: /home/gcerioni/ws_ur16/install/controller_manager_msgs/share/controller_manager_msgs/cmake/controller_manager_msgs__rosidl_typesupport_cppExport.cmake
[1.634s] -- Up-to-date: /home/gcerioni/ws_ur16/install/controller_manager_msgs/share/controller_manager_msgs/cmake/controller_manager_msgs__rosidl_typesupport_cppExport-release.cmake
[1.634s] -- Up-to-date: /home/gcerioni/ws_ur16/install/controller_manager_msgs/share/controller_manager_msgs/cmake/export_controller_manager_msgs__rosidl_generator_pyExport.cmake
[1.634s] -- Up-to-date: /home/gcerioni/ws_ur16/install/controller_manager_msgs/share/controller_manager_msgs/cmake/export_controller_manager_msgs__rosidl_generator_pyExport-release.cmake
[1.634s] -- Up-to-date: /home/gcerioni/ws_ur16/install/controller_manager_msgs/share/controller_manager_msgs/cmake/rosidl_cmake-extras.cmake
[1.635s] -- Up-to-date: /home/gcerioni/ws_ur16/install/controller_manager_msgs/share/controller_manager_msgs/cmake/ament_cmake_export_dependencies-extras.cmake
[1.635s] -- Up-to-date: /home/gcerioni/ws_ur16/install/controller_manager_msgs/share/controller_manager_msgs/cmake/ament_cmake_export_include_directories-extras.cmake
[1.636s] -- Up-to-date: /home/gcerioni/ws_ur16/install/controller_manager_msgs/share/controller_manager_msgs/cmake/ament_cmake_export_libraries-extras.cmake
[1.637s] -- Up-to-date: /home/gcerioni/ws_ur16/install/controller_manager_msgs/share/controller_manager_msgs/cmake/ament_cmake_export_targets-extras.cmake
[1.637s] -- Up-to-date: /home/gcerioni/ws_ur16/install/controller_manager_msgs/share/controller_manager_msgs/cmake/rosidl_cmake_export_typesupport_targets-extras.cmake
[1.637s] -- Up-to-date: /home/gcerioni/ws_ur16/install/controller_manager_msgs/share/controller_manager_msgs/cmake/rosidl_cmake_export_typesupport_libraries-extras.cmake
[1.637s] -- Up-to-date: /home/gcerioni/ws_ur16/install/controller_manager_msgs/share/controller_manager_msgs/cmake/controller_manager_msgsConfig.cmake
[1.637s] -- Up-to-date: /home/gcerioni/ws_ur16/install/controller_manager_msgs/share/controller_manager_msgs/cmake/controller_manager_msgsConfig-version.cmake
[1.638s] -- Up-to-date: /home/gcerioni/ws_ur16/install/controller_manager_msgs/share/controller_manager_msgs/package.xml
[1.657s] Invoked command in '/home/gcerioni/ws_ur16/build/controller_manager_msgs' returned '0': CMAKE_PREFIX_PATH=${CMAKE_PREFIX_PATH}:/home/gcerioni/ws_ur16/install/rqt_joint_trajectory_controller:/home/gcerioni/ws_ur16/install/rqt_controller_manager:/home/gcerioni/ws_ur16/install/ros2controlcli:/home/gcerioni/ws_ur16/install/ros2_controllers_test_nodes:/opt/ros/humble /usr/bin/cmake --install /home/gcerioni/ws_ur16/build/controller_manager_msgs
