[0.087s] Invoking command in '/home/gcerioni/ws_ur16/build/ur_msgs': CMAKE_PREFIX_PATH=${CMAKE_PREFIX_PATH}:/home/gcerioni/ws_ur16/install/rqt_joint_trajectory_controller:/home/gcerioni/ws_ur16/install/rqt_controller_manager:/home/gcerioni/ws_ur16/install/ros2controlcli:/home/gcerioni/ws_ur16/install/ros2_controllers_test_nodes:/opt/ros/humble /usr/bin/cmake --build /home/gcerioni/ws_ur16/build/ur_msgs -- -j8 -l8
[1.213s] [  0%] Built target ur_msgs__cpp
[1.213s] [ 12%] Built target ur_msgs__rosidl_generator_c
[1.213s] [ 12%] Built target ament_cmake_python_copy_ur_msgs
[1.213s] [ 24%] Built target ur_msgs__rosidl_typesupport_introspection_c
[1.213s] [ 36%] Built target ur_msgs__rosidl_typesupport_c
[1.213s] [ 48%] Built target ur_msgs__rosidl_typesupport_introspection_cpp
[1.213s] [ 60%] Built target ur_msgs__rosidl_typesupport_cpp
[1.214s] [ 72%] Built target ur_msgs__rosidl_typesupport_fastrtps_c
[1.214s] [ 84%] Built target ur_msgs__rosidl_typesupport_fastrtps_cpp
[1.214s] [ 84%] Built target ur_msgs
[1.214s] [ 85%] Built target ur_msgs__py
[1.214s] [ 96%] Built target ur_msgs__rosidl_generator_py
[1.214s] [ 97%] Built target ur_msgs__rosidl_typesupport_fastrtps_c__pyext
[1.214s] [ 98%] Built target ur_msgs__rosidl_typesupport_c__pyext
[1.214s] [100%] Built target ur_msgs__rosidl_typesupport_introspection_c__pyext
[1.390s] running egg_info
[1.390s] writing ur_msgs.egg-info/PKG-INFO
[1.390s] writing dependency_links to ur_msgs.egg-info/dependency_links.txt
[1.390s] writing top-level names to ur_msgs.egg-info/top_level.txt
[1.390s] reading manifest file 'ur_msgs.egg-info/SOURCES.txt'
[1.390s] writing manifest file 'ur_msgs.egg-info/SOURCES.txt'
[1.455s] [100%] Built target ament_cmake_python_build_ur_msgs_egg
[1.526s] Invoked command in '/home/gcerioni/ws_ur16/build/ur_msgs' returned '0': CMAKE_PREFIX_PATH=${CMAKE_PREFIX_PATH}:/home/gcerioni/ws_ur16/install/rqt_joint_trajectory_controller:/home/gcerioni/ws_ur16/install/rqt_controller_manager:/home/gcerioni/ws_ur16/install/ros2controlcli:/home/gcerioni/ws_ur16/install/ros2_controllers_test_nodes:/opt/ros/humble /usr/bin/cmake --build /home/gcerioni/ws_ur16/build/ur_msgs -- -j8 -l8
[1.528s] Invoking command in '/home/gcerioni/ws_ur16/build/ur_msgs': CMAKE_PREFIX_PATH=${CMAKE_PREFIX_PATH}:/home/gcerioni/ws_ur16/install/rqt_joint_trajectory_controller:/home/gcerioni/ws_ur16/install/rqt_controller_manager:/home/gcerioni/ws_ur16/install/ros2controlcli:/home/gcerioni/ws_ur16/install/ros2_controllers_test_nodes:/opt/ros/humble /usr/bin/cmake --install /home/gcerioni/ws_ur16/build/ur_msgs
[1.569s] -- Install configuration: "Release"
[1.569s] -- Up-to-date: /home/gcerioni/ws_ur16/install/ur_msgs/share/ament_index/resource_index/rosidl_interfaces/ur_msgs
[1.569s] -- Up-to-date: /home/gcerioni/ws_ur16/install/ur_msgs/include/ur_msgs/ur_msgs
[1.570s] -- Up-to-date: /home/gcerioni/ws_ur16/install/ur_msgs/include/ur_msgs/ur_msgs/msg
[1.570s] -- Up-to-date: /home/gcerioni/ws_ur16/install/ur_msgs/include/ur_msgs/ur_msgs/msg/detail
[1.570s] -- Up-to-date: /home/gcerioni/ws_ur16/install/ur_msgs/include/ur_msgs/ur_msgs/msg/detail/robot_state_rt_msg__functions.c
[1.570s] -- Up-to-date: /home/gcerioni/ws_ur16/install/ur_msgs/include/ur_msgs/ur_msgs/msg/detail/io_states__functions.c
[1.570s] -- Up-to-date: /home/gcerioni/ws_ur16/install/ur_msgs/include/ur_msgs/ur_msgs/msg/detail/io_states__type_support.h
[1.570s] -- Up-to-date: /home/gcerioni/ws_ur16/install/ur_msgs/include/ur_msgs/ur_msgs/msg/detail/robot_mode_data_msg__functions.c
[1.570s] -- Up-to-date: /home/gcerioni/ws_ur16/install/ur_msgs/include/ur_msgs/ur_msgs/msg/detail/tool_data_msg__type_support.h
[1.570s] -- Up-to-date: /home/gcerioni/ws_ur16/install/ur_msgs/include/ur_msgs/ur_msgs/msg/detail/io_states__struct.h
[1.570s] -- Up-to-date: /home/gcerioni/ws_ur16/install/ur_msgs/include/ur_msgs/ur_msgs/msg/detail/io_states__functions.h
[1.570s] -- Up-to-date: /home/gcerioni/ws_ur16/install/ur_msgs/include/ur_msgs/ur_msgs/msg/detail/tool_data_msg__functions.h
[1.571s] -- Up-to-date: /home/gcerioni/ws_ur16/install/ur_msgs/include/ur_msgs/ur_msgs/msg/detail/digital__type_support.h
[1.571s] -- Up-to-date: /home/gcerioni/ws_ur16/install/ur_msgs/include/ur_msgs/ur_msgs/msg/detail/robot_mode_data_msg__type_support.h
[1.571s] -- Up-to-date: /home/gcerioni/ws_ur16/install/ur_msgs/include/ur_msgs/ur_msgs/msg/detail/robot_mode_data_msg__struct.h
[1.571s] -- Up-to-date: /home/gcerioni/ws_ur16/install/ur_msgs/include/ur_msgs/ur_msgs/msg/detail/digital__functions.h
[1.571s] -- Up-to-date: /home/gcerioni/ws_ur16/install/ur_msgs/include/ur_msgs/ur_msgs/msg/detail/robot_mode_data_msg__functions.h
[1.571s] -- Up-to-date: /home/gcerioni/ws_ur16/install/ur_msgs/include/ur_msgs/ur_msgs/msg/detail/tool_data_msg__functions.c
[1.571s] -- Up-to-date: /home/gcerioni/ws_ur16/install/ur_msgs/include/ur_msgs/ur_msgs/msg/detail/masterboard_data_msg__functions.h
[1.571s] -- Up-to-date: /home/gcerioni/ws_ur16/install/ur_msgs/include/ur_msgs/ur_msgs/msg/detail/tool_data_msg__struct.h
[1.571s] -- Up-to-date: /home/gcerioni/ws_ur16/install/ur_msgs/include/ur_msgs/ur_msgs/msg/detail/analog__functions.c
[1.571s] -- Up-to-date: /home/gcerioni/ws_ur16/install/ur_msgs/include/ur_msgs/ur_msgs/msg/detail/digital__struct.h
[1.572s] -- Up-to-date: /home/gcerioni/ws_ur16/install/ur_msgs/include/ur_msgs/ur_msgs/msg/detail/robot_state_rt_msg__type_support.h
[1.572s] -- Up-to-date: /home/gcerioni/ws_ur16/install/ur_msgs/include/ur_msgs/ur_msgs/msg/detail/masterboard_data_msg__struct.h
[1.572s] -- Up-to-date: /home/gcerioni/ws_ur16/install/ur_msgs/include/ur_msgs/ur_msgs/msg/detail/analog__struct.h
[1.572s] -- Up-to-date: /home/gcerioni/ws_ur16/install/ur_msgs/include/ur_msgs/ur_msgs/msg/detail/digital__functions.c
[1.572s] -- Up-to-date: /home/gcerioni/ws_ur16/install/ur_msgs/include/ur_msgs/ur_msgs/msg/detail/masterboard_data_msg__functions.c
[1.572s] -- Up-to-date: /home/gcerioni/ws_ur16/install/ur_msgs/include/ur_msgs/ur_msgs/msg/detail/masterboard_data_msg__type_support.h
[1.572s] -- Up-to-date: /home/gcerioni/ws_ur16/install/ur_msgs/include/ur_msgs/ur_msgs/msg/detail/robot_state_rt_msg__struct.h
[1.572s] -- Up-to-date: /home/gcerioni/ws_ur16/install/ur_msgs/include/ur_msgs/ur_msgs/msg/detail/analog__type_support.h
[1.578s] -- Up-to-date: /home/gcerioni/ws_ur16/install/ur_msgs/include/ur_msgs/ur_msgs/msg/detail/robot_state_rt_msg__functions.h
[1.579s] -- Up-to-date: /home/gcerioni/ws_ur16/install/ur_msgs/include/ur_msgs/ur_msgs/msg/detail/analog__functions.h
[1.579s] -- Up-to-date: /home/gcerioni/ws_ur16/install/ur_msgs/include/ur_msgs/ur_msgs/msg/robot_state_rt_msg.h
[1.580s] -- Up-to-date: /home/gcerioni/ws_ur16/install/ur_msgs/include/ur_msgs/ur_msgs/msg/robot_mode_data_msg.h
[1.585s] -- Up-to-date: /home/gcerioni/ws_ur16/install/ur_msgs/include/ur_msgs/ur_msgs/msg/rosidl_generator_c__visibility_control.h
[1.588s] -- Up-to-date: /home/gcerioni/ws_ur16/install/ur_msgs/include/ur_msgs/ur_msgs/msg/tool_data_msg.h
[1.589s] -- Up-to-date: /home/gcerioni/ws_ur16/install/ur_msgs/include/ur_msgs/ur_msgs/msg/digital.h
[1.589s] -- Up-to-date: /home/gcerioni/ws_ur16/install/ur_msgs/include/ur_msgs/ur_msgs/msg/analog.h
[1.589s] -- Up-to-date: /home/gcerioni/ws_ur16/install/ur_msgs/include/ur_msgs/ur_msgs/msg/io_states.h
[1.589s] -- Up-to-date: /home/gcerioni/ws_ur16/install/ur_msgs/include/ur_msgs/ur_msgs/msg/masterboard_data_msg.h
[1.589s] -- Up-to-date: /home/gcerioni/ws_ur16/install/ur_msgs/include/ur_msgs/ur_msgs/action
[1.589s] -- Up-to-date: /home/gcerioni/ws_ur16/install/ur_msgs/include/ur_msgs/ur_msgs/action/detail
[1.589s] -- Up-to-date: /home/gcerioni/ws_ur16/install/ur_msgs/include/ur_msgs/ur_msgs/action/detail/tool_contact__functions.h
[1.589s] -- Up-to-date: /home/gcerioni/ws_ur16/install/ur_msgs/include/ur_msgs/ur_msgs/action/detail/tool_contact__functions.c
[1.590s] -- Up-to-date: /home/gcerioni/ws_ur16/install/ur_msgs/include/ur_msgs/ur_msgs/action/detail/tool_contact__struct.h
[1.590s] -- Up-to-date: /home/gcerioni/ws_ur16/install/ur_msgs/include/ur_msgs/ur_msgs/action/detail/tool_contact__type_support.h
[1.590s] -- Up-to-date: /home/gcerioni/ws_ur16/install/ur_msgs/include/ur_msgs/ur_msgs/action/tool_contact.h
[1.590s] -- Up-to-date: /home/gcerioni/ws_ur16/install/ur_msgs/include/ur_msgs/ur_msgs/srv
[1.590s] -- Up-to-date: /home/gcerioni/ws_ur16/install/ur_msgs/include/ur_msgs/ur_msgs/srv/set_speed_slider_fraction.h
[1.590s] -- Up-to-date: /home/gcerioni/ws_ur16/install/ur_msgs/include/ur_msgs/ur_msgs/srv/detail
[1.590s] -- Up-to-date: /home/gcerioni/ws_ur16/install/ur_msgs/include/ur_msgs/ur_msgs/srv/detail/set_payload__functions.c
[1.590s] -- Up-to-date: /home/gcerioni/ws_ur16/install/ur_msgs/include/ur_msgs/ur_msgs/srv/detail/set_payload__type_support.h
[1.591s] -- Up-to-date: /home/gcerioni/ws_ur16/install/ur_msgs/include/ur_msgs/ur_msgs/srv/detail/get_robot_software_version__functions.c
[1.591s] -- Up-to-date: /home/gcerioni/ws_ur16/install/ur_msgs/include/ur_msgs/ur_msgs/srv/detail/set_io__functions.h
[1.591s] -- Up-to-date: /home/gcerioni/ws_ur16/install/ur_msgs/include/ur_msgs/ur_msgs/srv/detail/set_analog_output__functions.c
[1.591s] -- Up-to-date: /home/gcerioni/ws_ur16/install/ur_msgs/include/ur_msgs/ur_msgs/srv/detail/get_robot_software_version__struct.h
[1.591s] -- Up-to-date: /home/gcerioni/ws_ur16/install/ur_msgs/include/ur_msgs/ur_msgs/srv/detail/set_force_mode__functions.c
[1.591s] -- Up-to-date: /home/gcerioni/ws_ur16/install/ur_msgs/include/ur_msgs/ur_msgs/srv/detail/set_analog_output__struct.h
[1.591s] -- Up-to-date: /home/gcerioni/ws_ur16/install/ur_msgs/include/ur_msgs/ur_msgs/srv/detail/set_force_mode__struct.h
[1.598s] -- Up-to-date: /home/gcerioni/ws_ur16/install/ur_msgs/include/ur_msgs/ur_msgs/srv/detail/set_speed_slider_fraction__type_support.h
[1.598s] -- Up-to-date: /home/gcerioni/ws_ur16/install/ur_msgs/include/ur_msgs/ur_msgs/srv/detail/set_io__struct.h
[1.598s] -- Up-to-date: /home/gcerioni/ws_ur16/install/ur_msgs/include/ur_msgs/ur_msgs/srv/detail/get_robot_software_version__type_support.h
[1.598s] -- Up-to-date: /home/gcerioni/ws_ur16/install/ur_msgs/include/ur_msgs/ur_msgs/srv/detail/set_analog_output__functions.h
[1.599s] -- Up-to-date: /home/gcerioni/ws_ur16/install/ur_msgs/include/ur_msgs/ur_msgs/srv/detail/set_speed_slider_fraction__struct.h
[1.599s] -- Up-to-date: /home/gcerioni/ws_ur16/install/ur_msgs/include/ur_msgs/ur_msgs/srv/detail/set_payload__functions.h
[1.599s] -- Up-to-date: /home/gcerioni/ws_ur16/install/ur_msgs/include/ur_msgs/ur_msgs/srv/detail/set_force_mode__functions.h
[1.599s] -- Up-to-date: /home/gcerioni/ws_ur16/install/ur_msgs/include/ur_msgs/ur_msgs/srv/detail/set_io__functions.c
[1.599s] -- Up-to-date: /home/gcerioni/ws_ur16/install/ur_msgs/include/ur_msgs/ur_msgs/srv/detail/set_force_mode__type_support.h
[1.599s] -- Up-to-date: /home/gcerioni/ws_ur16/install/ur_msgs/include/ur_msgs/ur_msgs/srv/detail/set_analog_output__type_support.h
[1.600s] -- Up-to-date: /home/gcerioni/ws_ur16/install/ur_msgs/include/ur_msgs/ur_msgs/srv/detail/set_speed_slider_fraction__functions.h
[1.601s] -- Up-to-date: /home/gcerioni/ws_ur16/install/ur_msgs/include/ur_msgs/ur_msgs/srv/detail/set_speed_slider_fraction__functions.c
[1.601s] -- Up-to-date: /home/gcerioni/ws_ur16/install/ur_msgs/include/ur_msgs/ur_msgs/srv/detail/set_payload__struct.h
[1.602s] -- Up-to-date: /home/gcerioni/ws_ur16/install/ur_msgs/include/ur_msgs/ur_msgs/srv/detail/set_io__type_support.h
[1.602s] -- Up-to-date: /home/gcerioni/ws_ur16/install/ur_msgs/include/ur_msgs/ur_msgs/srv/detail/get_robot_software_version__functions.h
[1.603s] -- Up-to-date: /home/gcerioni/ws_ur16/install/ur_msgs/include/ur_msgs/ur_msgs/srv/set_payload.h
[1.603s] -- Up-to-date: /home/gcerioni/ws_ur16/install/ur_msgs/include/ur_msgs/ur_msgs/srv/get_robot_software_version.h
[1.603s] -- Up-to-date: /home/gcerioni/ws_ur16/install/ur_msgs/include/ur_msgs/ur_msgs/srv/set_analog_output.h
[1.603s] -- Up-to-date: /home/gcerioni/ws_ur16/install/ur_msgs/include/ur_msgs/ur_msgs/srv/set_force_mode.h
[1.603s] -- Up-to-date: /home/gcerioni/ws_ur16/install/ur_msgs/include/ur_msgs/ur_msgs/srv/set_io.h
[1.603s] -- Up-to-date: /home/gcerioni/ws_ur16/install/ur_msgs/share/ur_msgs/environment/library_path.sh
[1.603s] -- Up-to-date: /home/gcerioni/ws_ur16/install/ur_msgs/share/ur_msgs/environment/library_path.dsv
[1.605s] -- Up-to-date: /home/gcerioni/ws_ur16/install/ur_msgs/lib/libur_msgs__rosidl_generator_c.so
[1.606s] -- Up-to-date: /home/gcerioni/ws_ur16/install/ur_msgs/include/ur_msgs/ur_msgs
[1.606s] -- Up-to-date: /home/gcerioni/ws_ur16/install/ur_msgs/include/ur_msgs/ur_msgs/msg
[1.606s] -- Up-to-date: /home/gcerioni/ws_ur16/install/ur_msgs/include/ur_msgs/ur_msgs/msg/detail
[1.606s] -- Up-to-date: /home/gcerioni/ws_ur16/install/ur_msgs/include/ur_msgs/ur_msgs/msg/detail/masterboard_data_msg__rosidl_typesupport_fastrtps_c.h
[1.606s] -- Up-to-date: /home/gcerioni/ws_ur16/install/ur_msgs/include/ur_msgs/ur_msgs/msg/detail/tool_data_msg__rosidl_typesupport_fastrtps_c.h
[1.606s] -- Up-to-date: /home/gcerioni/ws_ur16/install/ur_msgs/include/ur_msgs/ur_msgs/msg/detail/robot_state_rt_msg__rosidl_typesupport_fastrtps_c.h
[1.606s] -- Up-to-date: /home/gcerioni/ws_ur16/install/ur_msgs/include/ur_msgs/ur_msgs/msg/detail/robot_mode_data_msg__rosidl_typesupport_fastrtps_c.h
[1.607s] -- Up-to-date: /home/gcerioni/ws_ur16/install/ur_msgs/include/ur_msgs/ur_msgs/msg/detail/analog__rosidl_typesupport_fastrtps_c.h
[1.607s] -- Up-to-date: /home/gcerioni/ws_ur16/install/ur_msgs/include/ur_msgs/ur_msgs/msg/detail/io_states__rosidl_typesupport_fastrtps_c.h
[1.608s] -- Up-to-date: /home/gcerioni/ws_ur16/install/ur_msgs/include/ur_msgs/ur_msgs/msg/detail/digital__rosidl_typesupport_fastrtps_c.h
[1.611s] -- Up-to-date: /home/gcerioni/ws_ur16/install/ur_msgs/include/ur_msgs/ur_msgs/msg/rosidl_typesupport_fastrtps_c__visibility_control.h
[1.612s] -- Up-to-date: /home/gcerioni/ws_ur16/install/ur_msgs/include/ur_msgs/ur_msgs/action
[1.612s] -- Up-to-date: /home/gcerioni/ws_ur16/install/ur_msgs/include/ur_msgs/ur_msgs/action/detail
[1.612s] -- Up-to-date: /home/gcerioni/ws_ur16/install/ur_msgs/include/ur_msgs/ur_msgs/action/detail/tool_contact__rosidl_typesupport_fastrtps_c.h
[1.612s] -- Up-to-date: /home/gcerioni/ws_ur16/install/ur_msgs/include/ur_msgs/ur_msgs/srv
[1.612s] -- Up-to-date: /home/gcerioni/ws_ur16/install/ur_msgs/include/ur_msgs/ur_msgs/srv/detail
[1.613s] -- Up-to-date: /home/gcerioni/ws_ur16/install/ur_msgs/include/ur_msgs/ur_msgs/srv/detail/get_robot_software_version__rosidl_typesupport_fastrtps_c.h
[1.613s] -- Up-to-date: /home/gcerioni/ws_ur16/install/ur_msgs/include/ur_msgs/ur_msgs/srv/detail/set_force_mode__rosidl_typesupport_fastrtps_c.h
[1.613s] -- Up-to-date: /home/gcerioni/ws_ur16/install/ur_msgs/include/ur_msgs/ur_msgs/srv/detail/set_io__rosidl_typesupport_fastrtps_c.h
[1.613s] -- Up-to-date: /home/gcerioni/ws_ur16/install/ur_msgs/include/ur_msgs/ur_msgs/srv/detail/set_analog_output__rosidl_typesupport_fastrtps_c.h
[1.613s] -- Up-to-date: /home/gcerioni/ws_ur16/install/ur_msgs/include/ur_msgs/ur_msgs/srv/detail/set_payload__rosidl_typesupport_fastrtps_c.h
[1.613s] -- Up-to-date: /home/gcerioni/ws_ur16/install/ur_msgs/include/ur_msgs/ur_msgs/srv/detail/set_speed_slider_fraction__rosidl_typesupport_fastrtps_c.h
[1.614s] -- Up-to-date: /home/gcerioni/ws_ur16/install/ur_msgs/lib/libur_msgs__rosidl_typesupport_fastrtps_c.so
[1.614s] -- Up-to-date: /home/gcerioni/ws_ur16/install/ur_msgs/include/ur_msgs/ur_msgs
[1.614s] -- Up-to-date: /home/gcerioni/ws_ur16/install/ur_msgs/include/ur_msgs/ur_msgs/msg
[1.614s] -- Up-to-date: /home/gcerioni/ws_ur16/install/ur_msgs/include/ur_msgs/ur_msgs/msg/detail
[1.614s] -- Up-to-date: /home/gcerioni/ws_ur16/install/ur_msgs/include/ur_msgs/ur_msgs/msg/detail/digital__struct.hpp
[1.614s] -- Up-to-date: /home/gcerioni/ws_ur16/install/ur_msgs/include/ur_msgs/ur_msgs/msg/detail/masterboard_data_msg__traits.hpp
[1.614s] -- Up-to-date: /home/gcerioni/ws_ur16/install/ur_msgs/include/ur_msgs/ur_msgs/msg/detail/analog__type_support.hpp
[1.615s] -- Up-to-date: /home/gcerioni/ws_ur16/install/ur_msgs/include/ur_msgs/ur_msgs/msg/detail/robot_state_rt_msg__type_support.hpp
[1.615s] -- Up-to-date: /home/gcerioni/ws_ur16/install/ur_msgs/include/ur_msgs/ur_msgs/msg/detail/robot_mode_data_msg__traits.hpp
[1.615s] -- Up-to-date: /home/gcerioni/ws_ur16/install/ur_msgs/include/ur_msgs/ur_msgs/msg/detail/masterboard_data_msg__builder.hpp
[1.615s] -- Up-to-date: /home/gcerioni/ws_ur16/install/ur_msgs/include/ur_msgs/ur_msgs/msg/detail/robot_mode_data_msg__struct.hpp
[1.616s] -- Up-to-date: /home/gcerioni/ws_ur16/install/ur_msgs/include/ur_msgs/ur_msgs/msg/detail/tool_data_msg__builder.hpp
[1.616s] -- Up-to-date: /home/gcerioni/ws_ur16/install/ur_msgs/include/ur_msgs/ur_msgs/msg/detail/robot_mode_data_msg__builder.hpp
[1.617s] -- Up-to-date: /home/gcerioni/ws_ur16/install/ur_msgs/include/ur_msgs/ur_msgs/msg/detail/digital__traits.hpp
[1.617s] -- Up-to-date: /home/gcerioni/ws_ur16/install/ur_msgs/include/ur_msgs/ur_msgs/msg/detail/masterboard_data_msg__type_support.hpp
[1.617s] -- Up-to-date: /home/gcerioni/ws_ur16/install/ur_msgs/include/ur_msgs/ur_msgs/msg/detail/io_states__builder.hpp
[1.620s] -- Up-to-date: /home/gcerioni/ws_ur16/install/ur_msgs/include/ur_msgs/ur_msgs/msg/detail/io_states__struct.hpp
[1.621s] -- Up-to-date: /home/gcerioni/ws_ur16/install/ur_msgs/include/ur_msgs/ur_msgs/msg/detail/robot_state_rt_msg__builder.hpp
[1.621s] -- Up-to-date: /home/gcerioni/ws_ur16/install/ur_msgs/include/ur_msgs/ur_msgs/msg/detail/digital__type_support.hpp
[1.621s] -- Up-to-date: /home/gcerioni/ws_ur16/install/ur_msgs/include/ur_msgs/ur_msgs/msg/detail/analog__traits.hpp
[1.621s] -- Up-to-date: /home/gcerioni/ws_ur16/install/ur_msgs/include/ur_msgs/ur_msgs/msg/detail/masterboard_data_msg__struct.hpp
[1.621s] -- Up-to-date: /home/gcerioni/ws_ur16/install/ur_msgs/include/ur_msgs/ur_msgs/msg/detail/robot_mode_data_msg__type_support.hpp
[1.622s] -- Up-to-date: /home/gcerioni/ws_ur16/install/ur_msgs/include/ur_msgs/ur_msgs/msg/detail/io_states__traits.hpp
[1.622s] -- Up-to-date: /home/gcerioni/ws_ur16/install/ur_msgs/include/ur_msgs/ur_msgs/msg/detail/analog__builder.hpp
[1.622s] -- Up-to-date: /home/gcerioni/ws_ur16/install/ur_msgs/include/ur_msgs/ur_msgs/msg/detail/io_states__type_support.hpp
[1.623s] -- Up-to-date: /home/gcerioni/ws_ur16/install/ur_msgs/include/ur_msgs/ur_msgs/msg/detail/robot_state_rt_msg__traits.hpp
[1.623s] -- Up-to-date: /home/gcerioni/ws_ur16/install/ur_msgs/include/ur_msgs/ur_msgs/msg/detail/tool_data_msg__traits.hpp
[1.623s] -- Up-to-date: /home/gcerioni/ws_ur16/install/ur_msgs/include/ur_msgs/ur_msgs/msg/detail/robot_state_rt_msg__struct.hpp
[1.623s] -- Up-to-date: /home/gcerioni/ws_ur16/install/ur_msgs/include/ur_msgs/ur_msgs/msg/detail/tool_data_msg__type_support.hpp
[1.623s] -- Up-to-date: /home/gcerioni/ws_ur16/install/ur_msgs/include/ur_msgs/ur_msgs/msg/detail/analog__struct.hpp
[1.623s] -- Up-to-date: /home/gcerioni/ws_ur16/install/ur_msgs/include/ur_msgs/ur_msgs/msg/detail/digital__builder.hpp
[1.623s] -- Up-to-date: /home/gcerioni/ws_ur16/install/ur_msgs/include/ur_msgs/ur_msgs/msg/detail/tool_data_msg__struct.hpp
[1.623s] -- Up-to-date: /home/gcerioni/ws_ur16/install/ur_msgs/include/ur_msgs/ur_msgs/msg/robot_mode_data_msg.hpp
[1.623s] -- Up-to-date: /home/gcerioni/ws_ur16/install/ur_msgs/include/ur_msgs/ur_msgs/msg/digital.hpp
[1.624s] -- Up-to-date: /home/gcerioni/ws_ur16/install/ur_msgs/include/ur_msgs/ur_msgs/msg/masterboard_data_msg.hpp
[1.624s] -- Up-to-date: /home/gcerioni/ws_ur16/install/ur_msgs/include/ur_msgs/ur_msgs/msg/io_states.hpp
[1.624s] -- Up-to-date: /home/gcerioni/ws_ur16/install/ur_msgs/include/ur_msgs/ur_msgs/msg/robot_state_rt_msg.hpp
[1.624s] -- Up-to-date: /home/gcerioni/ws_ur16/install/ur_msgs/include/ur_msgs/ur_msgs/msg/tool_data_msg.hpp
[1.624s] -- Up-to-date: /home/gcerioni/ws_ur16/install/ur_msgs/include/ur_msgs/ur_msgs/msg/rosidl_generator_cpp__visibility_control.hpp
[1.624s] -- Up-to-date: /home/gcerioni/ws_ur16/install/ur_msgs/include/ur_msgs/ur_msgs/msg/analog.hpp
[1.624s] -- Up-to-date: /home/gcerioni/ws_ur16/install/ur_msgs/include/ur_msgs/ur_msgs/action
[1.624s] -- Up-to-date: /home/gcerioni/ws_ur16/install/ur_msgs/include/ur_msgs/ur_msgs/action/detail
[1.624s] -- Up-to-date: /home/gcerioni/ws_ur16/install/ur_msgs/include/ur_msgs/ur_msgs/action/detail/tool_contact__struct.hpp
[1.624s] -- Up-to-date: /home/gcerioni/ws_ur16/install/ur_msgs/include/ur_msgs/ur_msgs/action/detail/tool_contact__builder.hpp
[1.625s] -- Up-to-date: /home/gcerioni/ws_ur16/install/ur_msgs/include/ur_msgs/ur_msgs/action/detail/tool_contact__traits.hpp
[1.625s] -- Up-to-date: /home/gcerioni/ws_ur16/install/ur_msgs/include/ur_msgs/ur_msgs/action/detail/tool_contact__type_support.hpp
[1.625s] -- Up-to-date: /home/gcerioni/ws_ur16/install/ur_msgs/include/ur_msgs/ur_msgs/action/tool_contact.hpp
[1.625s] -- Up-to-date: /home/gcerioni/ws_ur16/install/ur_msgs/include/ur_msgs/ur_msgs/srv
[1.625s] -- Up-to-date: /home/gcerioni/ws_ur16/install/ur_msgs/include/ur_msgs/ur_msgs/srv/detail
[1.625s] -- Up-to-date: /home/gcerioni/ws_ur16/install/ur_msgs/include/ur_msgs/ur_msgs/srv/detail/set_payload__builder.hpp
[1.625s] -- Up-to-date: /home/gcerioni/ws_ur16/install/ur_msgs/include/ur_msgs/ur_msgs/srv/detail/set_speed_slider_fraction__traits.hpp
[1.625s] -- Up-to-date: /home/gcerioni/ws_ur16/install/ur_msgs/include/ur_msgs/ur_msgs/srv/detail/set_io__struct.hpp
[1.625s] -- Up-to-date: /home/gcerioni/ws_ur16/install/ur_msgs/include/ur_msgs/ur_msgs/srv/detail/set_io__builder.hpp
[1.629s] -- Up-to-date: /home/gcerioni/ws_ur16/install/ur_msgs/include/ur_msgs/ur_msgs/srv/detail/set_force_mode__traits.hpp
[1.629s] -- Up-to-date: /home/gcerioni/ws_ur16/install/ur_msgs/include/ur_msgs/ur_msgs/srv/detail/set_speed_slider_fraction__struct.hpp
[1.629s] -- Up-to-date: /home/gcerioni/ws_ur16/install/ur_msgs/include/ur_msgs/ur_msgs/srv/detail/set_io__type_support.hpp
[1.630s] -- Up-to-date: /home/gcerioni/ws_ur16/install/ur_msgs/include/ur_msgs/ur_msgs/srv/detail/set_analog_output__builder.hpp
[1.630s] -- Up-to-date: /home/gcerioni/ws_ur16/install/ur_msgs/include/ur_msgs/ur_msgs/srv/detail/set_analog_output__type_support.hpp
[1.630s] -- Up-to-date: /home/gcerioni/ws_ur16/install/ur_msgs/include/ur_msgs/ur_msgs/srv/detail/get_robot_software_version__builder.hpp
[1.631s] -- Up-to-date: /home/gcerioni/ws_ur16/install/ur_msgs/include/ur_msgs/ur_msgs/srv/detail/set_io__traits.hpp
[1.631s] -- Up-to-date: /home/gcerioni/ws_ur16/install/ur_msgs/include/ur_msgs/ur_msgs/srv/detail/set_analog_output__struct.hpp
[1.631s] -- Up-to-date: /home/gcerioni/ws_ur16/install/ur_msgs/include/ur_msgs/ur_msgs/srv/detail/set_payload__type_support.hpp
[1.631s] -- Up-to-date: /home/gcerioni/ws_ur16/install/ur_msgs/include/ur_msgs/ur_msgs/srv/detail/set_speed_slider_fraction__type_support.hpp
[1.633s] -- Up-to-date: /home/gcerioni/ws_ur16/install/ur_msgs/include/ur_msgs/ur_msgs/srv/detail/get_robot_software_version__struct.hpp
[1.634s] -- Up-to-date: /home/gcerioni/ws_ur16/install/ur_msgs/include/ur_msgs/ur_msgs/srv/detail/set_force_mode__builder.hpp
[1.634s] -- Up-to-date: /home/gcerioni/ws_ur16/install/ur_msgs/include/ur_msgs/ur_msgs/srv/detail/get_robot_software_version__traits.hpp
[1.634s] -- Up-to-date: /home/gcerioni/ws_ur16/install/ur_msgs/include/ur_msgs/ur_msgs/srv/detail/set_payload__struct.hpp
[1.634s] -- Up-to-date: /home/gcerioni/ws_ur16/install/ur_msgs/include/ur_msgs/ur_msgs/srv/detail/set_force_mode__type_support.hpp
[1.634s] -- Up-to-date: /home/gcerioni/ws_ur16/install/ur_msgs/include/ur_msgs/ur_msgs/srv/detail/get_robot_software_version__type_support.hpp
[1.634s] -- Up-to-date: /home/gcerioni/ws_ur16/install/ur_msgs/include/ur_msgs/ur_msgs/srv/detail/set_payload__traits.hpp
[1.634s] -- Up-to-date: /home/gcerioni/ws_ur16/install/ur_msgs/include/ur_msgs/ur_msgs/srv/detail/set_speed_slider_fraction__builder.hpp
[1.634s] -- Up-to-date: /home/gcerioni/ws_ur16/install/ur_msgs/include/ur_msgs/ur_msgs/srv/detail/set_force_mode__struct.hpp
[1.635s] -- Up-to-date: /home/gcerioni/ws_ur16/install/ur_msgs/include/ur_msgs/ur_msgs/srv/detail/set_analog_output__traits.hpp
[1.635s] -- Up-to-date: /home/gcerioni/ws_ur16/install/ur_msgs/include/ur_msgs/ur_msgs/srv/set_io.hpp
[1.635s] -- Up-to-date: /home/gcerioni/ws_ur16/install/ur_msgs/include/ur_msgs/ur_msgs/srv/set_analog_output.hpp
[1.635s] -- Up-to-date: /home/gcerioni/ws_ur16/install/ur_msgs/include/ur_msgs/ur_msgs/srv/set_force_mode.hpp
[1.635s] -- Up-to-date: /home/gcerioni/ws_ur16/install/ur_msgs/include/ur_msgs/ur_msgs/srv/get_robot_software_version.hpp
[1.635s] -- Up-to-date: /home/gcerioni/ws_ur16/install/ur_msgs/include/ur_msgs/ur_msgs/srv/set_speed_slider_fraction.hpp
[1.635s] -- Up-to-date: /home/gcerioni/ws_ur16/install/ur_msgs/include/ur_msgs/ur_msgs/srv/set_payload.hpp
[1.635s] -- Up-to-date: /home/gcerioni/ws_ur16/install/ur_msgs/include/ur_msgs/ur_msgs
[1.635s] -- Up-to-date: /home/gcerioni/ws_ur16/install/ur_msgs/include/ur_msgs/ur_msgs/msg
[1.638s] -- Up-to-date: /home/gcerioni/ws_ur16/install/ur_msgs/include/ur_msgs/ur_msgs/msg/detail
[1.639s] -- Up-to-date: /home/gcerioni/ws_ur16/install/ur_msgs/include/ur_msgs/ur_msgs/msg/detail/robot_state_rt_msg__rosidl_typesupport_fastrtps_cpp.hpp
[1.639s] -- Up-to-date: /home/gcerioni/ws_ur16/install/ur_msgs/include/ur_msgs/ur_msgs/msg/detail/robot_mode_data_msg__rosidl_typesupport_fastrtps_cpp.hpp
[1.639s] -- Up-to-date: /home/gcerioni/ws_ur16/install/ur_msgs/include/ur_msgs/ur_msgs/msg/detail/analog__rosidl_typesupport_fastrtps_cpp.hpp
[1.639s] -- Up-to-date: /home/gcerioni/ws_ur16/install/ur_msgs/include/ur_msgs/ur_msgs/msg/detail/io_states__rosidl_typesupport_fastrtps_cpp.hpp
[1.670s] -- Up-to-date: /home/gcerioni/ws_ur16/install/ur_msgs/include/ur_msgs/ur_msgs/msg/detail/tool_data_msg__rosidl_typesupport_fastrtps_cpp.hpp
[1.670s] -- Up-to-date: /home/gcerioni/ws_ur16/install/ur_msgs/include/ur_msgs/ur_msgs/msg/detail/dds_fastrtps
[1.670s] -- Up-to-date: /home/gcerioni/ws_ur16/install/ur_msgs/include/ur_msgs/ur_msgs/msg/detail/masterboard_data_msg__rosidl_typesupport_fastrtps_cpp.hpp
[1.671s] -- Up-to-date: /home/gcerioni/ws_ur16/install/ur_msgs/include/ur_msgs/ur_msgs/msg/detail/digital__rosidl_typesupport_fastrtps_cpp.hpp
[1.671s] -- Up-to-date: /home/gcerioni/ws_ur16/install/ur_msgs/include/ur_msgs/ur_msgs/msg/rosidl_typesupport_fastrtps_cpp__visibility_control.h
[1.671s] -- Up-to-date: /home/gcerioni/ws_ur16/install/ur_msgs/include/ur_msgs/ur_msgs/action
[1.671s] -- Up-to-date: /home/gcerioni/ws_ur16/install/ur_msgs/include/ur_msgs/ur_msgs/action/detail
[1.673s] -- Up-to-date: /home/gcerioni/ws_ur16/install/ur_msgs/include/ur_msgs/ur_msgs/action/detail/dds_fastrtps
[1.674s] -- Up-to-date: /home/gcerioni/ws_ur16/install/ur_msgs/include/ur_msgs/ur_msgs/action/detail/tool_contact__rosidl_typesupport_fastrtps_cpp.hpp
[1.677s] -- Up-to-date: /home/gcerioni/ws_ur16/install/ur_msgs/include/ur_msgs/ur_msgs/srv
[1.677s] -- Up-to-date: /home/gcerioni/ws_ur16/install/ur_msgs/include/ur_msgs/ur_msgs/srv/detail
[1.678s] -- Up-to-date: /home/gcerioni/ws_ur16/install/ur_msgs/include/ur_msgs/ur_msgs/srv/detail/set_speed_slider_fraction__rosidl_typesupport_fastrtps_cpp.hpp
[1.678s] -- Up-to-date: /home/gcerioni/ws_ur16/install/ur_msgs/include/ur_msgs/ur_msgs/srv/detail/set_analog_output__rosidl_typesupport_fastrtps_cpp.hpp
[1.678s] -- Up-to-date: /home/gcerioni/ws_ur16/install/ur_msgs/include/ur_msgs/ur_msgs/srv/detail/dds_fastrtps
[1.678s] -- Up-to-date: /home/gcerioni/ws_ur16/install/ur_msgs/include/ur_msgs/ur_msgs/srv/detail/set_payload__rosidl_typesupport_fastrtps_cpp.hpp
[1.678s] -- Up-to-date: /home/gcerioni/ws_ur16/install/ur_msgs/include/ur_msgs/ur_msgs/srv/detail/set_io__rosidl_typesupport_fastrtps_cpp.hpp
[1.678s] -- Up-to-date: /home/gcerioni/ws_ur16/install/ur_msgs/include/ur_msgs/ur_msgs/srv/detail/set_force_mode__rosidl_typesupport_fastrtps_cpp.hpp
[1.678s] -- Up-to-date: /home/gcerioni/ws_ur16/install/ur_msgs/include/ur_msgs/ur_msgs/srv/detail/get_robot_software_version__rosidl_typesupport_fastrtps_cpp.hpp
[1.678s] -- Up-to-date: /home/gcerioni/ws_ur16/install/ur_msgs/lib/libur_msgs__rosidl_typesupport_fastrtps_cpp.so
[1.679s] -- Up-to-date: /home/gcerioni/ws_ur16/install/ur_msgs/include/ur_msgs/ur_msgs
[1.679s] -- Up-to-date: /home/gcerioni/ws_ur16/install/ur_msgs/include/ur_msgs/ur_msgs/msg
[1.679s] -- Up-to-date: /home/gcerioni/ws_ur16/install/ur_msgs/include/ur_msgs/ur_msgs/msg/detail
[1.679s] -- Up-to-date: /home/gcerioni/ws_ur16/install/ur_msgs/include/ur_msgs/ur_msgs/msg/detail/masterboard_data_msg__rosidl_typesupport_introspection_c.h
[1.679s] -- Up-to-date: /home/gcerioni/ws_ur16/install/ur_msgs/include/ur_msgs/ur_msgs/msg/detail/tool_data_msg__rosidl_typesupport_introspection_c.h
[1.679s] -- Up-to-date: /home/gcerioni/ws_ur16/install/ur_msgs/include/ur_msgs/ur_msgs/msg/detail/digital__rosidl_typesupport_introspection_c.h
[1.679s] -- Up-to-date: /home/gcerioni/ws_ur16/install/ur_msgs/include/ur_msgs/ur_msgs/msg/detail/robot_mode_data_msg__rosidl_typesupport_introspection_c.h
[1.679s] -- Up-to-date: /home/gcerioni/ws_ur16/install/ur_msgs/include/ur_msgs/ur_msgs/msg/detail/robot_state_rt_msg__rosidl_typesupport_introspection_c.h
[1.680s] -- Up-to-date: /home/gcerioni/ws_ur16/install/ur_msgs/include/ur_msgs/ur_msgs/msg/detail/tool_data_msg__type_support.c
[1.680s] -- Up-to-date: /home/gcerioni/ws_ur16/install/ur_msgs/include/ur_msgs/ur_msgs/msg/detail/digital__type_support.c
[1.680s] -- Up-to-date: /home/gcerioni/ws_ur16/install/ur_msgs/include/ur_msgs/ur_msgs/msg/detail/io_states__type_support.c
[1.680s] -- Up-to-date: /home/gcerioni/ws_ur16/install/ur_msgs/include/ur_msgs/ur_msgs/msg/detail/io_states__rosidl_typesupport_introspection_c.h
[1.680s] -- Up-to-date: /home/gcerioni/ws_ur16/install/ur_msgs/include/ur_msgs/ur_msgs/msg/detail/analog__type_support.c
[1.680s] -- Up-to-date: /home/gcerioni/ws_ur16/install/ur_msgs/include/ur_msgs/ur_msgs/msg/detail/analog__rosidl_typesupport_introspection_c.h
[1.780s] -- Up-to-date: /home/gcerioni/ws_ur16/install/ur_msgs/include/ur_msgs/ur_msgs/msg/detail/masterboard_data_msg__type_support.c
[1.780s] -- Up-to-date: /home/gcerioni/ws_ur16/install/ur_msgs/include/ur_msgs/ur_msgs/msg/detail/robot_mode_data_msg__type_support.c
[1.782s] -- Up-to-date: /home/gcerioni/ws_ur16/install/ur_msgs/include/ur_msgs/ur_msgs/msg/detail/robot_state_rt_msg__type_support.c
[1.782s] -- Up-to-date: /home/gcerioni/ws_ur16/install/ur_msgs/include/ur_msgs/ur_msgs/msg/rosidl_typesupport_introspection_c__visibility_control.h
[1.782s] -- Up-to-date: /home/gcerioni/ws_ur16/install/ur_msgs/include/ur_msgs/ur_msgs/action
[1.782s] -- Up-to-date: /home/gcerioni/ws_ur16/install/ur_msgs/include/ur_msgs/ur_msgs/action/detail
[1.782s] -- Up-to-date: /home/gcerioni/ws_ur16/install/ur_msgs/include/ur_msgs/ur_msgs/action/detail/tool_contact__rosidl_typesupport_introspection_c.h
[1.782s] -- Up-to-date: /home/gcerioni/ws_ur16/install/ur_msgs/include/ur_msgs/ur_msgs/action/detail/tool_contact__type_support.c
[1.784s] -- Up-to-date: /home/gcerioni/ws_ur16/install/ur_msgs/include/ur_msgs/ur_msgs/srv
[1.784s] -- Up-to-date: /home/gcerioni/ws_ur16/install/ur_msgs/include/ur_msgs/ur_msgs/srv/detail
[1.784s] -- Up-to-date: /home/gcerioni/ws_ur16/install/ur_msgs/include/ur_msgs/ur_msgs/srv/detail/set_io__type_support.c
[1.784s] -- Up-to-date: /home/gcerioni/ws_ur16/install/ur_msgs/include/ur_msgs/ur_msgs/srv/detail/set_payload__type_support.c
[1.785s] -- Up-to-date: /home/gcerioni/ws_ur16/install/ur_msgs/include/ur_msgs/ur_msgs/srv/detail/get_robot_software_version__rosidl_typesupport_introspection_c.h
[1.785s] -- Up-to-date: /home/gcerioni/ws_ur16/install/ur_msgs/include/ur_msgs/ur_msgs/srv/detail/set_io__rosidl_typesupport_introspection_c.h
[1.785s] -- Up-to-date: /home/gcerioni/ws_ur16/install/ur_msgs/include/ur_msgs/ur_msgs/srv/detail/set_force_mode__type_support.c
[1.785s] -- Up-to-date: /home/gcerioni/ws_ur16/install/ur_msgs/include/ur_msgs/ur_msgs/srv/detail/get_robot_software_version__type_support.c
[1.790s] -- Up-to-date: /home/gcerioni/ws_ur16/install/ur_msgs/include/ur_msgs/ur_msgs/srv/detail/set_speed_slider_fraction__rosidl_typesupport_introspection_c.h
[1.790s] -- Up-to-date: /home/gcerioni/ws_ur16/install/ur_msgs/include/ur_msgs/ur_msgs/srv/detail/set_force_mode__rosidl_typesupport_introspection_c.h
[1.792s] -- Up-to-date: /home/gcerioni/ws_ur16/install/ur_msgs/include/ur_msgs/ur_msgs/srv/detail/set_analog_output__type_support.c
[1.849s] -- Up-to-date: /home/gcerioni/ws_ur16/install/ur_msgs/include/ur_msgs/ur_msgs/srv/detail/set_speed_slider_fraction__type_support.c
[1.849s] -- Up-to-date: /home/gcerioni/ws_ur16/install/ur_msgs/include/ur_msgs/ur_msgs/srv/detail/set_payload__rosidl_typesupport_introspection_c.h
[1.849s] -- Up-to-date: /home/gcerioni/ws_ur16/install/ur_msgs/include/ur_msgs/ur_msgs/srv/detail/set_analog_output__rosidl_typesupport_introspection_c.h
[1.849s] -- Up-to-date: /home/gcerioni/ws_ur16/install/ur_msgs/lib/libur_msgs__rosidl_typesupport_introspection_c.so
[1.850s] -- Up-to-date: /home/gcerioni/ws_ur16/install/ur_msgs/lib/libur_msgs__rosidl_typesupport_c.so
[1.850s] -- Up-to-date: /home/gcerioni/ws_ur16/install/ur_msgs/include/ur_msgs/ur_msgs
[1.850s] -- Up-to-date: /home/gcerioni/ws_ur16/install/ur_msgs/include/ur_msgs/ur_msgs/msg
[1.850s] -- Up-to-date: /home/gcerioni/ws_ur16/install/ur_msgs/include/ur_msgs/ur_msgs/msg/detail
[1.850s] -- Up-to-date: /home/gcerioni/ws_ur16/install/ur_msgs/include/ur_msgs/ur_msgs/msg/detail/digital__type_support.cpp
[1.850s] -- Up-to-date: /home/gcerioni/ws_ur16/install/ur_msgs/include/ur_msgs/ur_msgs/msg/detail/robot_state_rt_msg__rosidl_typesupport_introspection_cpp.hpp
[1.850s] -- Up-to-date: /home/gcerioni/ws_ur16/install/ur_msgs/include/ur_msgs/ur_msgs/msg/detail/analog__type_support.cpp
[1.850s] -- Up-to-date: /home/gcerioni/ws_ur16/install/ur_msgs/include/ur_msgs/ur_msgs/msg/detail/robot_state_rt_msg__type_support.cpp
[1.857s] -- Up-to-date: /home/gcerioni/ws_ur16/install/ur_msgs/include/ur_msgs/ur_msgs/msg/detail/masterboard_data_msg__type_support.cpp
[1.858s] -- Up-to-date: /home/gcerioni/ws_ur16/install/ur_msgs/include/ur_msgs/ur_msgs/msg/detail/io_states__rosidl_typesupport_introspection_cpp.hpp
[1.858s] -- Up-to-date: /home/gcerioni/ws_ur16/install/ur_msgs/include/ur_msgs/ur_msgs/msg/detail/robot_mode_data_msg__type_support.cpp
[1.858s] -- Up-to-date: /home/gcerioni/ws_ur16/install/ur_msgs/include/ur_msgs/ur_msgs/msg/detail/tool_data_msg__type_support.cpp
[1.858s] -- Up-to-date: /home/gcerioni/ws_ur16/install/ur_msgs/include/ur_msgs/ur_msgs/msg/detail/masterboard_data_msg__rosidl_typesupport_introspection_cpp.hpp
[1.858s] -- Up-to-date: /home/gcerioni/ws_ur16/install/ur_msgs/include/ur_msgs/ur_msgs/msg/detail/digital__rosidl_typesupport_introspection_cpp.hpp
[1.858s] -- Up-to-date: /home/gcerioni/ws_ur16/install/ur_msgs/include/ur_msgs/ur_msgs/msg/detail/io_states__type_support.cpp
[1.859s] -- Up-to-date: /home/gcerioni/ws_ur16/install/ur_msgs/include/ur_msgs/ur_msgs/msg/detail/analog__rosidl_typesupport_introspection_cpp.hpp
[1.859s] -- Up-to-date: /home/gcerioni/ws_ur16/install/ur_msgs/include/ur_msgs/ur_msgs/msg/detail/tool_data_msg__rosidl_typesupport_introspection_cpp.hpp
[1.859s] -- Up-to-date: /home/gcerioni/ws_ur16/install/ur_msgs/include/ur_msgs/ur_msgs/msg/detail/robot_mode_data_msg__rosidl_typesupport_introspection_cpp.hpp
[1.859s] -- Up-to-date: /home/gcerioni/ws_ur16/install/ur_msgs/include/ur_msgs/ur_msgs/action
[1.859s] -- Up-to-date: /home/gcerioni/ws_ur16/install/ur_msgs/include/ur_msgs/ur_msgs/action/detail
[1.859s] -- Up-to-date: /home/gcerioni/ws_ur16/install/ur_msgs/include/ur_msgs/ur_msgs/action/detail/tool_contact__rosidl_typesupport_introspection_cpp.hpp
[1.859s] -- Up-to-date: /home/gcerioni/ws_ur16/install/ur_msgs/include/ur_msgs/ur_msgs/action/detail/tool_contact__type_support.cpp
[1.859s] -- Up-to-date: /home/gcerioni/ws_ur16/install/ur_msgs/include/ur_msgs/ur_msgs/srv
[1.859s] -- Up-to-date: /home/gcerioni/ws_ur16/install/ur_msgs/include/ur_msgs/ur_msgs/srv/detail
[1.859s] -- Up-to-date: /home/gcerioni/ws_ur16/install/ur_msgs/include/ur_msgs/ur_msgs/srv/detail/set_payload__type_support.cpp
[1.859s] -- Up-to-date: /home/gcerioni/ws_ur16/install/ur_msgs/include/ur_msgs/ur_msgs/srv/detail/set_analog_output__rosidl_typesupport_introspection_cpp.hpp
[1.860s] -- Up-to-date: /home/gcerioni/ws_ur16/install/ur_msgs/include/ur_msgs/ur_msgs/srv/detail/set_analog_output__type_support.cpp
[1.860s] -- Up-to-date: /home/gcerioni/ws_ur16/install/ur_msgs/include/ur_msgs/ur_msgs/srv/detail/set_payload__rosidl_typesupport_introspection_cpp.hpp
[1.860s] -- Up-to-date: /home/gcerioni/ws_ur16/install/ur_msgs/include/ur_msgs/ur_msgs/srv/detail/set_io__type_support.cpp
[1.860s] -- Up-to-date: /home/gcerioni/ws_ur16/install/ur_msgs/include/ur_msgs/ur_msgs/srv/detail/get_robot_software_version__rosidl_typesupport_introspection_cpp.hpp
[1.860s] -- Up-to-date: /home/gcerioni/ws_ur16/install/ur_msgs/include/ur_msgs/ur_msgs/srv/detail/set_force_mode__rosidl_typesupport_introspection_cpp.hpp
[1.860s] -- Up-to-date: /home/gcerioni/ws_ur16/install/ur_msgs/include/ur_msgs/ur_msgs/srv/detail/set_io__rosidl_typesupport_introspection_cpp.hpp
[1.860s] -- Up-to-date: /home/gcerioni/ws_ur16/install/ur_msgs/include/ur_msgs/ur_msgs/srv/detail/get_robot_software_version__type_support.cpp
[1.860s] -- Up-to-date: /home/gcerioni/ws_ur16/install/ur_msgs/include/ur_msgs/ur_msgs/srv/detail/set_force_mode__type_support.cpp
[1.860s] -- Up-to-date: /home/gcerioni/ws_ur16/install/ur_msgs/include/ur_msgs/ur_msgs/srv/detail/set_speed_slider_fraction__type_support.cpp
[1.860s] -- Up-to-date: /home/gcerioni/ws_ur16/install/ur_msgs/include/ur_msgs/ur_msgs/srv/detail/set_speed_slider_fraction__rosidl_typesupport_introspection_cpp.hpp
[1.860s] -- Up-to-date: /home/gcerioni/ws_ur16/install/ur_msgs/lib/libur_msgs__rosidl_typesupport_introspection_cpp.so
[1.861s] -- Up-to-date: /home/gcerioni/ws_ur16/install/ur_msgs/lib/libur_msgs__rosidl_typesupport_cpp.so
[1.861s] -- Up-to-date: /home/gcerioni/ws_ur16/install/ur_msgs/share/ur_msgs/environment/pythonpath.sh
[1.861s] -- Up-to-date: /home/gcerioni/ws_ur16/install/ur_msgs/share/ur_msgs/environment/pythonpath.dsv
[1.861s] -- Up-to-date: /home/gcerioni/ws_ur16/install/ur_msgs/local/lib/python3.10/dist-packages/ur_msgs-2.2.0-py3.10.egg-info
[1.861s] -- Installing: /home/gcerioni/ws_ur16/install/ur_msgs/local/lib/python3.10/dist-packages/ur_msgs-2.2.0-py3.10.egg-info/top_level.txt
[1.861s] -- Installing: /home/gcerioni/ws_ur16/install/ur_msgs/local/lib/python3.10/dist-packages/ur_msgs-2.2.0-py3.10.egg-info/SOURCES.txt
[1.861s] -- Installing: /home/gcerioni/ws_ur16/install/ur_msgs/local/lib/python3.10/dist-packages/ur_msgs-2.2.0-py3.10.egg-info/dependency_links.txt
[1.861s] -- Installing: /home/gcerioni/ws_ur16/install/ur_msgs/local/lib/python3.10/dist-packages/ur_msgs-2.2.0-py3.10.egg-info/PKG-INFO
[1.866s] -- Up-to-date: /home/gcerioni/ws_ur16/install/ur_msgs/local/lib/python3.10/dist-packages/ur_msgs
[1.866s] -- Up-to-date: /home/gcerioni/ws_ur16/install/ur_msgs/local/lib/python3.10/dist-packages/ur_msgs/msg
[1.866s] -- Up-to-date: /home/gcerioni/ws_ur16/install/ur_msgs/local/lib/python3.10/dist-packages/ur_msgs/msg/_robot_mode_data_msg_s.c
[1.866s] -- Up-to-date: /home/gcerioni/ws_ur16/install/ur_msgs/local/lib/python3.10/dist-packages/ur_msgs/msg/_masterboard_data_msg_s.c
[1.866s] -- Up-to-date: /home/gcerioni/ws_ur16/install/ur_msgs/local/lib/python3.10/dist-packages/ur_msgs/msg/_robot_state_rt_msg.py
[1.866s] -- Up-to-date: /home/gcerioni/ws_ur16/install/ur_msgs/local/lib/python3.10/dist-packages/ur_msgs/msg/_tool_data_msg_s.c
[1.866s] -- Up-to-date: /home/gcerioni/ws_ur16/install/ur_msgs/local/lib/python3.10/dist-packages/ur_msgs/msg/_analog_s.c
[1.866s] -- Up-to-date: /home/gcerioni/ws_ur16/install/ur_msgs/local/lib/python3.10/dist-packages/ur_msgs/msg/__init__.py
[1.867s] -- Up-to-date: /home/gcerioni/ws_ur16/install/ur_msgs/local/lib/python3.10/dist-packages/ur_msgs/msg/_io_states.py
[1.867s] -- Up-to-date: /home/gcerioni/ws_ur16/install/ur_msgs/local/lib/python3.10/dist-packages/ur_msgs/msg/_digital_s.c
[1.867s] -- Up-to-date: /home/gcerioni/ws_ur16/install/ur_msgs/local/lib/python3.10/dist-packages/ur_msgs/msg/_io_states_s.c
[1.867s] -- Up-to-date: /home/gcerioni/ws_ur16/install/ur_msgs/local/lib/python3.10/dist-packages/ur_msgs/msg/_robot_mode_data_msg.py
[1.867s] -- Up-to-date: /home/gcerioni/ws_ur16/install/ur_msgs/local/lib/python3.10/dist-packages/ur_msgs/msg/_robot_state_rt_msg_s.c
[1.867s] -- Up-to-date: /home/gcerioni/ws_ur16/install/ur_msgs/local/lib/python3.10/dist-packages/ur_msgs/msg/_tool_data_msg.py
[1.867s] -- Up-to-date: /home/gcerioni/ws_ur16/install/ur_msgs/local/lib/python3.10/dist-packages/ur_msgs/msg/_masterboard_data_msg.py
[1.867s] -- Up-to-date: /home/gcerioni/ws_ur16/install/ur_msgs/local/lib/python3.10/dist-packages/ur_msgs/msg/_digital.py
[1.867s] -- Up-to-date: /home/gcerioni/ws_ur16/install/ur_msgs/local/lib/python3.10/dist-packages/ur_msgs/msg/_analog.py
[1.867s] -- Up-to-date: /home/gcerioni/ws_ur16/install/ur_msgs/local/lib/python3.10/dist-packages/ur_msgs/_ur_msgs_s.ep.rosidl_typesupport_c.c
[1.867s] -- Up-to-date: /home/gcerioni/ws_ur16/install/ur_msgs/local/lib/python3.10/dist-packages/ur_msgs/_ur_msgs_s.ep.rosidl_typesupport_fastrtps_c.c
[1.868s] -- Up-to-date: /home/gcerioni/ws_ur16/install/ur_msgs/local/lib/python3.10/dist-packages/ur_msgs/ur_msgs_s__rosidl_typesupport_fastrtps_c.cpython-310-x86_64-linux-gnu.so
[1.868s] -- Up-to-date: /home/gcerioni/ws_ur16/install/ur_msgs/local/lib/python3.10/dist-packages/ur_msgs/action
[1.868s] -- Up-to-date: /home/gcerioni/ws_ur16/install/ur_msgs/local/lib/python3.10/dist-packages/ur_msgs/action/_tool_contact_s.c
[1.868s] -- Up-to-date: /home/gcerioni/ws_ur16/install/ur_msgs/local/lib/python3.10/dist-packages/ur_msgs/action/__init__.py
[1.868s] -- Up-to-date: /home/gcerioni/ws_ur16/install/ur_msgs/local/lib/python3.10/dist-packages/ur_msgs/action/_tool_contact.py
[1.868s] -- Up-to-date: /home/gcerioni/ws_ur16/install/ur_msgs/local/lib/python3.10/dist-packages/ur_msgs/libur_msgs__rosidl_generator_py.so
[1.868s] -- Up-to-date: /home/gcerioni/ws_ur16/install/ur_msgs/local/lib/python3.10/dist-packages/ur_msgs/__init__.py
[1.868s] -- Up-to-date: /home/gcerioni/ws_ur16/install/ur_msgs/local/lib/python3.10/dist-packages/ur_msgs/ur_msgs_s__rosidl_typesupport_c.cpython-310-x86_64-linux-gnu.so
[1.868s] -- Up-to-date: /home/gcerioni/ws_ur16/install/ur_msgs/local/lib/python3.10/dist-packages/ur_msgs/_ur_msgs_s.ep.rosidl_typesupport_introspection_c.c
[1.868s] -- Up-to-date: /home/gcerioni/ws_ur16/install/ur_msgs/local/lib/python3.10/dist-packages/ur_msgs/ur_msgs_s__rosidl_typesupport_introspection_c.cpython-310-x86_64-linux-gnu.so
[1.868s] -- Up-to-date: /home/gcerioni/ws_ur16/install/ur_msgs/local/lib/python3.10/dist-packages/ur_msgs/srv
[1.869s] -- Up-to-date: /home/gcerioni/ws_ur16/install/ur_msgs/local/lib/python3.10/dist-packages/ur_msgs/srv/_set_analog_output_s.c
[1.869s] -- Up-to-date: /home/gcerioni/ws_ur16/install/ur_msgs/local/lib/python3.10/dist-packages/ur_msgs/srv/_set_force_mode.py
[1.869s] -- Up-to-date: /home/gcerioni/ws_ur16/install/ur_msgs/local/lib/python3.10/dist-packages/ur_msgs/srv/_set_speed_slider_fraction.py
[1.869s] -- Up-to-date: /home/gcerioni/ws_ur16/install/ur_msgs/local/lib/python3.10/dist-packages/ur_msgs/srv/_set_speed_slider_fraction_s.c
[1.869s] -- Up-to-date: /home/gcerioni/ws_ur16/install/ur_msgs/local/lib/python3.10/dist-packages/ur_msgs/srv/__init__.py
[1.869s] -- Up-to-date: /home/gcerioni/ws_ur16/install/ur_msgs/local/lib/python3.10/dist-packages/ur_msgs/srv/_set_analog_output.py
[1.869s] -- Up-to-date: /home/gcerioni/ws_ur16/install/ur_msgs/local/lib/python3.10/dist-packages/ur_msgs/srv/_set_payload_s.c
[1.869s] -- Up-to-date: /home/gcerioni/ws_ur16/install/ur_msgs/local/lib/python3.10/dist-packages/ur_msgs/srv/_get_robot_software_version.py
[1.878s] -- Up-to-date: /home/gcerioni/ws_ur16/install/ur_msgs/local/lib/python3.10/dist-packages/ur_msgs/srv/_set_force_mode_s.c
[1.878s] -- Up-to-date: /home/gcerioni/ws_ur16/install/ur_msgs/local/lib/python3.10/dist-packages/ur_msgs/srv/_set_io.py
[1.878s] -- Up-to-date: /home/gcerioni/ws_ur16/install/ur_msgs/local/lib/python3.10/dist-packages/ur_msgs/srv/_set_payload.py
[1.878s] -- Up-to-date: /home/gcerioni/ws_ur16/install/ur_msgs/local/lib/python3.10/dist-packages/ur_msgs/srv/_set_io_s.c
[1.878s] -- Up-to-date: /home/gcerioni/ws_ur16/install/ur_msgs/local/lib/python3.10/dist-packages/ur_msgs/srv/_get_robot_software_version_s.c
[2.090s] Listing '/home/gcerioni/ws_ur16/install/ur_msgs/local/lib/python3.10/dist-packages/ur_msgs'...
[2.090s] Listing '/home/gcerioni/ws_ur16/install/ur_msgs/local/lib/python3.10/dist-packages/ur_msgs/action'...
[2.090s] Listing '/home/gcerioni/ws_ur16/install/ur_msgs/local/lib/python3.10/dist-packages/ur_msgs/msg'...
[2.091s] Listing '/home/gcerioni/ws_ur16/install/ur_msgs/local/lib/python3.10/dist-packages/ur_msgs/srv'...
[2.091s] -- Up-to-date: /home/gcerioni/ws_ur16/install/ur_msgs/local/lib/python3.10/dist-packages/ur_msgs/ur_msgs_s__rosidl_typesupport_fastrtps_c.cpython-310-x86_64-linux-gnu.so
[2.091s] -- Up-to-date: /home/gcerioni/ws_ur16/install/ur_msgs/local/lib/python3.10/dist-packages/ur_msgs/ur_msgs_s__rosidl_typesupport_introspection_c.cpython-310-x86_64-linux-gnu.so
[2.091s] -- Up-to-date: /home/gcerioni/ws_ur16/install/ur_msgs/local/lib/python3.10/dist-packages/ur_msgs/ur_msgs_s__rosidl_typesupport_c.cpython-310-x86_64-linux-gnu.so
[2.091s] -- Up-to-date: /home/gcerioni/ws_ur16/install/ur_msgs/lib/libur_msgs__rosidl_generator_py.so
[2.092s] -- Up-to-date: /home/gcerioni/ws_ur16/install/ur_msgs/share/ur_msgs/msg/Analog.idl
[2.092s] -- Up-to-date: /home/gcerioni/ws_ur16/install/ur_msgs/share/ur_msgs/msg/Digital.idl
[2.092s] -- Up-to-date: /home/gcerioni/ws_ur16/install/ur_msgs/share/ur_msgs/msg/IOStates.idl
[2.092s] -- Up-to-date: /home/gcerioni/ws_ur16/install/ur_msgs/share/ur_msgs/msg/RobotStateRTMsg.idl
[2.092s] -- Up-to-date: /home/gcerioni/ws_ur16/install/ur_msgs/share/ur_msgs/msg/MasterboardDataMsg.idl
[2.092s] -- Up-to-date: /home/gcerioni/ws_ur16/install/ur_msgs/share/ur_msgs/msg/RobotModeDataMsg.idl
[2.092s] -- Up-to-date: /home/gcerioni/ws_ur16/install/ur_msgs/share/ur_msgs/msg/ToolDataMsg.idl
[2.092s] -- Up-to-date: /home/gcerioni/ws_ur16/install/ur_msgs/share/ur_msgs/srv/SetAnalogOutput.idl
[2.092s] -- Up-to-date: /home/gcerioni/ws_ur16/install/ur_msgs/share/ur_msgs/srv/SetPayload.idl
[2.093s] -- Up-to-date: /home/gcerioni/ws_ur16/install/ur_msgs/share/ur_msgs/srv/SetSpeedSliderFraction.idl
[2.093s] -- Up-to-date: /home/gcerioni/ws_ur16/install/ur_msgs/share/ur_msgs/srv/SetIO.idl
[2.093s] -- Up-to-date: /home/gcerioni/ws_ur16/install/ur_msgs/share/ur_msgs/srv/GetRobotSoftwareVersion.idl
[2.093s] -- Up-to-date: /home/gcerioni/ws_ur16/install/ur_msgs/share/ur_msgs/srv/SetForceMode.idl
[2.093s] -- Up-to-date: /home/gcerioni/ws_ur16/install/ur_msgs/share/ur_msgs/action/ToolContact.idl
[2.093s] -- Up-to-date: /home/gcerioni/ws_ur16/install/ur_msgs/share/ur_msgs/msg/Analog.msg
[2.094s] -- Up-to-date: /home/gcerioni/ws_ur16/install/ur_msgs/share/ur_msgs/msg/Digital.msg
[2.094s] -- Up-to-date: /home/gcerioni/ws_ur16/install/ur_msgs/share/ur_msgs/msg/IOStates.msg
[2.094s] -- Up-to-date: /home/gcerioni/ws_ur16/install/ur_msgs/share/ur_msgs/msg/RobotStateRTMsg.msg
[2.095s] -- Up-to-date: /home/gcerioni/ws_ur16/install/ur_msgs/share/ur_msgs/msg/MasterboardDataMsg.msg
[2.095s] -- Up-to-date: /home/gcerioni/ws_ur16/install/ur_msgs/share/ur_msgs/msg/RobotModeDataMsg.msg
[2.095s] -- Up-to-date: /home/gcerioni/ws_ur16/install/ur_msgs/share/ur_msgs/msg/ToolDataMsg.msg
[2.095s] -- Up-to-date: /home/gcerioni/ws_ur16/install/ur_msgs/share/ur_msgs/srv/SetAnalogOutput.srv
[2.095s] -- Up-to-date: /home/gcerioni/ws_ur16/install/ur_msgs/share/ur_msgs/srv/SetAnalogOutput_Request.msg
[2.096s] -- Up-to-date: /home/gcerioni/ws_ur16/install/ur_msgs/share/ur_msgs/srv/SetAnalogOutput_Response.msg
[2.096s] -- Up-to-date: /home/gcerioni/ws_ur16/install/ur_msgs/share/ur_msgs/srv/SetPayload.srv
[2.097s] -- Up-to-date: /home/gcerioni/ws_ur16/install/ur_msgs/share/ur_msgs/srv/SetPayload_Request.msg
[2.097s] -- Up-to-date: /home/gcerioni/ws_ur16/install/ur_msgs/share/ur_msgs/srv/SetPayload_Response.msg
[2.097s] -- Up-to-date: /home/gcerioni/ws_ur16/install/ur_msgs/share/ur_msgs/srv/SetSpeedSliderFraction.srv
[2.098s] -- Up-to-date: /home/gcerioni/ws_ur16/install/ur_msgs/share/ur_msgs/srv/SetSpeedSliderFraction_Request.msg
[2.098s] -- Up-to-date: /home/gcerioni/ws_ur16/install/ur_msgs/share/ur_msgs/srv/SetSpeedSliderFraction_Response.msg
[2.098s] -- Up-to-date: /home/gcerioni/ws_ur16/install/ur_msgs/share/ur_msgs/srv/SetIO.srv
[2.098s] -- Up-to-date: /home/gcerioni/ws_ur16/install/ur_msgs/share/ur_msgs/srv/SetIO_Request.msg
[2.098s] -- Up-to-date: /home/gcerioni/ws_ur16/install/ur_msgs/share/ur_msgs/srv/SetIO_Response.msg
[2.098s] -- Up-to-date: /home/gcerioni/ws_ur16/install/ur_msgs/share/ur_msgs/srv/GetRobotSoftwareVersion.srv
[2.098s] -- Up-to-date: /home/gcerioni/ws_ur16/install/ur_msgs/share/ur_msgs/srv/GetRobotSoftwareVersion_Request.msg
[2.098s] -- Up-to-date: /home/gcerioni/ws_ur16/install/ur_msgs/share/ur_msgs/srv/GetRobotSoftwareVersion_Response.msg
[2.099s] -- Up-to-date: /home/gcerioni/ws_ur16/install/ur_msgs/share/ur_msgs/srv/SetForceMode.srv
[2.099s] -- Up-to-date: /home/gcerioni/ws_ur16/install/ur_msgs/share/ur_msgs/srv/SetForceMode_Request.msg
[2.099s] -- Up-to-date: /home/gcerioni/ws_ur16/install/ur_msgs/share/ur_msgs/srv/SetForceMode_Response.msg
[2.099s] -- Up-to-date: /home/gcerioni/ws_ur16/install/ur_msgs/share/ur_msgs/action/ToolContact.action
[2.099s] -- Up-to-date: /home/gcerioni/ws_ur16/install/ur_msgs/share/ament_index/resource_index/package_run_dependencies/ur_msgs
[2.099s] -- Up-to-date: /home/gcerioni/ws_ur16/install/ur_msgs/share/ament_index/resource_index/parent_prefix_path/ur_msgs
[2.099s] -- Up-to-date: /home/gcerioni/ws_ur16/install/ur_msgs/share/ur_msgs/environment/ament_prefix_path.sh
[2.099s] -- Up-to-date: /home/gcerioni/ws_ur16/install/ur_msgs/share/ur_msgs/environment/ament_prefix_path.dsv
[2.099s] -- Up-to-date: /home/gcerioni/ws_ur16/install/ur_msgs/share/ur_msgs/environment/path.sh
[2.099s] -- Up-to-date: /home/gcerioni/ws_ur16/install/ur_msgs/share/ur_msgs/environment/path.dsv
[2.099s] -- Up-to-date: /home/gcerioni/ws_ur16/install/ur_msgs/share/ur_msgs/local_setup.bash
[2.099s] -- Up-to-date: /home/gcerioni/ws_ur16/install/ur_msgs/share/ur_msgs/local_setup.sh
[2.099s] -- Up-to-date: /home/gcerioni/ws_ur16/install/ur_msgs/share/ur_msgs/local_setup.zsh
[2.099s] -- Up-to-date: /home/gcerioni/ws_ur16/install/ur_msgs/share/ur_msgs/local_setup.dsv
[2.099s] -- Installing: /home/gcerioni/ws_ur16/install/ur_msgs/share/ur_msgs/package.dsv
[2.100s] -- Up-to-date: /home/gcerioni/ws_ur16/install/ur_msgs/share/ament_index/resource_index/packages/ur_msgs
[2.100s] -- Up-to-date: /home/gcerioni/ws_ur16/install/ur_msgs/share/ur_msgs/cmake/export_ur_msgs__rosidl_generator_cExport.cmake
[2.100s] -- Up-to-date: /home/gcerioni/ws_ur16/install/ur_msgs/share/ur_msgs/cmake/export_ur_msgs__rosidl_generator_cExport-release.cmake
[2.100s] -- Up-to-date: /home/gcerioni/ws_ur16/install/ur_msgs/share/ur_msgs/cmake/export_ur_msgs__rosidl_typesupport_fastrtps_cExport.cmake
[2.100s] -- Up-to-date: /home/gcerioni/ws_ur16/install/ur_msgs/share/ur_msgs/cmake/export_ur_msgs__rosidl_typesupport_fastrtps_cExport-release.cmake
[2.100s] -- Up-to-date: /home/gcerioni/ws_ur16/install/ur_msgs/share/ur_msgs/cmake/export_ur_msgs__rosidl_generator_cppExport.cmake
[2.100s] -- Up-to-date: /home/gcerioni/ws_ur16/install/ur_msgs/share/ur_msgs/cmake/export_ur_msgs__rosidl_typesupport_fastrtps_cppExport.cmake
[2.100s] -- Up-to-date: /home/gcerioni/ws_ur16/install/ur_msgs/share/ur_msgs/cmake/export_ur_msgs__rosidl_typesupport_fastrtps_cppExport-release.cmake
[2.100s] -- Up-to-date: /home/gcerioni/ws_ur16/install/ur_msgs/share/ur_msgs/cmake/ur_msgs__rosidl_typesupport_introspection_cExport.cmake
[2.100s] -- Up-to-date: /home/gcerioni/ws_ur16/install/ur_msgs/share/ur_msgs/cmake/ur_msgs__rosidl_typesupport_introspection_cExport-release.cmake
[2.101s] -- Up-to-date: /home/gcerioni/ws_ur16/install/ur_msgs/share/ur_msgs/cmake/ur_msgs__rosidl_typesupport_cExport.cmake
[2.101s] -- Up-to-date: /home/gcerioni/ws_ur16/install/ur_msgs/share/ur_msgs/cmake/ur_msgs__rosidl_typesupport_cExport-release.cmake
[2.101s] -- Up-to-date: /home/gcerioni/ws_ur16/install/ur_msgs/share/ur_msgs/cmake/ur_msgs__rosidl_typesupport_introspection_cppExport.cmake
[2.101s] -- Up-to-date: /home/gcerioni/ws_ur16/install/ur_msgs/share/ur_msgs/cmake/ur_msgs__rosidl_typesupport_introspection_cppExport-release.cmake
[2.101s] -- Up-to-date: /home/gcerioni/ws_ur16/install/ur_msgs/share/ur_msgs/cmake/ur_msgs__rosidl_typesupport_cppExport.cmake
[2.101s] -- Up-to-date: /home/gcerioni/ws_ur16/install/ur_msgs/share/ur_msgs/cmake/ur_msgs__rosidl_typesupport_cppExport-release.cmake
[2.101s] -- Up-to-date: /home/gcerioni/ws_ur16/install/ur_msgs/share/ur_msgs/cmake/export_ur_msgs__rosidl_generator_pyExport.cmake
[2.101s] -- Up-to-date: /home/gcerioni/ws_ur16/install/ur_msgs/share/ur_msgs/cmake/export_ur_msgs__rosidl_generator_pyExport-release.cmake
[2.101s] -- Up-to-date: /home/gcerioni/ws_ur16/install/ur_msgs/share/ur_msgs/cmake/rosidl_cmake-extras.cmake
[2.101s] -- Up-to-date: /home/gcerioni/ws_ur16/install/ur_msgs/share/ur_msgs/cmake/ament_cmake_export_dependencies-extras.cmake
[2.101s] -- Up-to-date: /home/gcerioni/ws_ur16/install/ur_msgs/share/ur_msgs/cmake/ament_cmake_export_include_directories-extras.cmake
[2.102s] -- Up-to-date: /home/gcerioni/ws_ur16/install/ur_msgs/share/ur_msgs/cmake/ament_cmake_export_libraries-extras.cmake
[2.102s] -- Up-to-date: /home/gcerioni/ws_ur16/install/ur_msgs/share/ur_msgs/cmake/ament_cmake_export_targets-extras.cmake
[2.102s] -- Up-to-date: /home/gcerioni/ws_ur16/install/ur_msgs/share/ur_msgs/cmake/rosidl_cmake_export_typesupport_targets-extras.cmake
[2.102s] -- Up-to-date: /home/gcerioni/ws_ur16/install/ur_msgs/share/ur_msgs/cmake/rosidl_cmake_export_typesupport_libraries-extras.cmake
[2.102s] -- Up-to-date: /home/gcerioni/ws_ur16/install/ur_msgs/share/ur_msgs/cmake/ur_msgsConfig.cmake
[2.102s] -- Up-to-date: /home/gcerioni/ws_ur16/install/ur_msgs/share/ur_msgs/cmake/ur_msgsConfig-version.cmake
[2.102s] -- Up-to-date: /home/gcerioni/ws_ur16/install/ur_msgs/share/ur_msgs/package.xml
[2.103s] Invoked command in '/home/gcerioni/ws_ur16/build/ur_msgs' returned '0': CMAKE_PREFIX_PATH=${CMAKE_PREFIX_PATH}:/home/gcerioni/ws_ur16/install/rqt_joint_trajectory_controller:/home/gcerioni/ws_ur16/install/rqt_controller_manager:/home/gcerioni/ws_ur16/install/ros2controlcli:/home/gcerioni/ws_ur16/install/ros2_controllers_test_nodes:/opt/ros/humble /usr/bin/cmake --install /home/gcerioni/ws_ur16/build/ur_msgs
