[0.042s] Invoking command in '/home/gcerioni/ws_ur16/build/controller_manager': CMAKE_PREFIX_PATH=/home/gcerioni/ws_ur16/install/hardware_interface_testing:/home/gcerioni/ws_ur16/install/controller_interface:/home/gcerioni/ws_ur16/install/hardware_interface:/home/gcerioni/ws_ur16/install/ros2_control_test_assets:/home/gcerioni/ws_ur16/install/realtime_tools:/home/gcerioni/ws_ur16/install/controller_manager_msgs:/home/gcerioni/ws_ur16/install/control_msgs:/home/gcerioni/ws_ur16/install/ur:/home/gcerioni/ws_ur16/install/ur_calibration:/home/gcerioni/ws_ur16/install/ur_robot_driver:/home/gcerioni/ws_ur16/install/ur_bringup:/home/gcerioni/ws_ur16/install/ros2_controllers:/home/gcerioni/ws_ur16/install/velocity_controllers:/home/gcerioni/ws_ur16/install/ur_controllers:/home/gcerioni/ws_ur16/install/ur_msgs:/home/gcerioni/ws_ur16/install/ur_moveit_config:/home/gcerioni/ws_ur16/install/ur_description:/home/gcerioni/ws_ur16/install/ur_dashboard_msgs:/home/gcerioni/ws_ur16/install/ur_client_library:/home/gcerioni/ws_ur16/install/tricycle_steering_controller:/home/gcerioni/ws_ur16/install/tricycle_controller:/home/gcerioni/ws_ur16/install/ros2_control:/home/gcerioni/ws_ur16/install/transmission_interface:/home/gcerioni/ws_ur16/install/bicycle_steering_controller:/home/gcerioni/ws_ur16/install/ackermann_steering_controller:/home/gcerioni/ws_ur16/install/steering_controllers_library:/home/gcerioni/ws_ur16/install/controller_manager:/home/gcerioni/ws_ur16/install/range_sensor_broadcaster:/home/gcerioni/ws_ur16/install/position_controllers:/home/gcerioni/ws_ur16/install/pose_broadcaster:/home/gcerioni/ws_ur16/install/pid_controller:/home/gcerioni/ws_ur16/install/mecanum_drive_controller:/home/gcerioni/ws_ur16/install/joint_trajectory_controller:/home/gcerioni/ws_ur16/install/joint_state_broadcaster:/home/gcerioni/ws_ur16/install/imu_sensor_broadcaster:/home/gcerioni/ws_ur16/install/gripper_controllers:/home/gcerioni/ws_ur16/install/gpio_controllers:/home/gcerioni/ws_ur16/install/effort_controllers:/home/gcerioni/ws_ur16/install/forward_command_controller:/home/gcerioni/ws_ur16/install/force_torque_sensor_broadcaster:/home/gcerioni/ws_ur16/install/diff_drive_controller:/home/gcerioni/ws_ur16/install/admittance_controller:/home/gcerioni/ws_ur16/install/control_toolbox:/home/gcerioni/ws_ur16/install/kinematics_interface_kdl:/home/gcerioni/ws_ur16/install/kinematics_interface:/home/gcerioni/ws_ur16/install/joint_limits:/home/gcerioni/ws_ur16/install/rqt_joint_trajectory_controller:/home/gcerioni/ws_ur16/install/rqt_controller_manager:/home/gcerioni/ws_ur16/install/ros2controlcli:/home/gcerioni/ws_ur16/install/ros2_controllers_test_nodes:/opt/ros/humble LD_LIBRARY_PATH=/home/gcerioni/ws_ur16/install/hardware_interface_testing/lib:/home/gcerioni/ws_ur16/install/controller_interface/lib:/home/gcerioni/ws_ur16/install/hardware_interface/lib:/home/gcerioni/ws_ur16/install/realtime_tools/lib:/home/gcerioni/ws_ur16/install/controller_manager_msgs/lib:/home/gcerioni/ws_ur16/install/control_msgs/lib:/home/gcerioni/ws_ur16/install/ur_robot_driver/lib:/home/gcerioni/ws_ur16/install/velocity_controllers/lib:/home/gcerioni/ws_ur16/install/ur_controllers/lib:/home/gcerioni/ws_ur16/install/ur_msgs/lib:/home/gcerioni/ws_ur16/install/ur_dashboard_msgs/lib:/home/gcerioni/ws_ur16/install/ur_client_library/lib:/home/gcerioni/ws_ur16/install/tricycle_steering_controller/lib:/home/gcerioni/ws_ur16/install/tricycle_controller/lib:/home/gcerioni/ws_ur16/install/transmission_interface/lib:/home/gcerioni/ws_ur16/install/bicycle_steering_controller/lib:/home/gcerioni/ws_ur16/install/ackermann_steering_controller/lib:/home/gcerioni/ws_ur16/install/steering_controllers_library/lib:/home/gcerioni/ws_ur16/install/controller_manager/lib:/home/gcerioni/ws_ur16/install/range_sensor_broadcaster/lib:/home/gcerioni/ws_ur16/install/position_controllers/lib:/home/gcerioni/ws_ur16/install/pose_broadcaster/lib:/home/gcerioni/ws_ur16/install/pid_controller/lib:/home/gcerioni/ws_ur16/install/mecanum_drive_controller/lib:/home/gcerioni/ws_ur16/install/joint_trajectory_controller/lib:/home/gcerioni/ws_ur16/install/joint_state_broadcaster/lib:/home/gcerioni/ws_ur16/install/imu_sensor_broadcaster/lib:/home/gcerioni/ws_ur16/install/gripper_controllers/lib:/home/gcerioni/ws_ur16/install/gpio_controllers/lib:/home/gcerioni/ws_ur16/install/effort_controllers/lib:/home/gcerioni/ws_ur16/install/forward_command_controller/lib:/home/gcerioni/ws_ur16/install/force_torque_sensor_broadcaster/lib:/home/gcerioni/ws_ur16/install/diff_drive_controller/lib:/home/gcerioni/ws_ur16/install/admittance_controller/lib:/home/gcerioni/ws_ur16/install/control_toolbox/lib:/home/gcerioni/ws_ur16/install/kinematics_interface_kdl/lib:/home/gcerioni/ws_ur16/install/kinematics_interface/lib:/home/gcerioni/ws_ur16/install/joint_limits/lib:/opt/ros/humble/opt/rviz_ogre_vendor/lib:/opt/ros/humble/lib/x86_64-linux-gnu:/opt/ros/humble/lib /usr/bin/cmake /home/gcerioni/ws_ur16/src/ros2_control/controller_manager -DCMAKE_INSTALL_PREFIX=/home/gcerioni/ws_ur16/install/controller_manager
[0.058s] -- Found ament_cmake: 1.3.11 (/opt/ros/humble/share/ament_cmake/cmake)
[0.237s] -- Found ament_index_cpp: 1.4.0 (/opt/ros/humble/share/ament_index_cpp/cmake)
[0.238s] -- Found controller_interface: 2.48.0 (/home/gcerioni/ws_ur16/install/controller_interface/share/controller_interface/cmake)
[0.282s] -- Found rosidl_generator_c: 3.1.6 (/opt/ros/humble/share/rosidl_generator_c/cmake)
[0.286s] -- Found rosidl_adapter: 3.1.6 (/opt/ros/humble/share/rosidl_adapter/cmake)
[0.297s] -- Found rosidl_generator_cpp: 3.1.6 (/opt/ros/humble/share/rosidl_generator_cpp/cmake)
[0.319s] -- Using all available rosidl_typesupport_c: rosidl_typesupport_fastrtps_c;rosidl_typesupport_introspection_c
[0.342s] -- Using all available rosidl_typesupport_cpp: rosidl_typesupport_fastrtps_cpp;rosidl_typesupport_introspection_cpp
[0.623s] -- Found rmw_implementation_cmake: 6.1.2 (/opt/ros/humble/share/rmw_implementation_cmake/cmake)
[0.629s] -- Found rmw_fastrtps_cpp: 6.2.7 (/opt/ros/humble/share/rmw_fastrtps_cpp/cmake)
[0.660s] -- Found TinyXML2 via Config file: TinyXML2_DIR-NOTFOUND
[0.672s] -- Found TinyXML2 via Config file: TinyXML2_DIR-NOTFOUND
[0.698s] -- Found TinyXML2 via Config file: TinyXML2_DIR-NOTFOUND
[0.711s] -- Found TinyXML2 via Config file: TinyXML2_DIR-NOTFOUND
[0.734s] -- Using RMW implementation 'rmw_fastrtps_cpp' as default
[0.815s] -- Found controller_manager_msgs: 2.48.0 (/home/gcerioni/ws_ur16/install/controller_manager_msgs/share/controller_manager_msgs/cmake)
[0.846s] -- Found realtime_tools: 2.12.0 (/home/gcerioni/ws_ur16/install/realtime_tools/share/realtime_tools/cmake)
[0.981s] -- Found ament_cmake_gmock: 1.3.11 (/opt/ros/humble/share/ament_cmake_gmock/cmake)
[0.982s] -- Found ros2_control_test_assets: 2.48.0 (/home/gcerioni/ws_ur16/install/ros2_control_test_assets/share/ros2_control_test_assets/cmake)
[0.989s] -- Found gmock sources under '/opt/ros/humble/src/gmock_vendor': C++ tests using 'Google Mock' will be built
[0.991s] -- Found ament_cmake_gtest: 1.3.11 (/opt/ros/humble/share/ament_cmake_gtest/cmake)
[0.992s] -- Found gtest sources under '/opt/ros/humble/src/gtest_vendor': C++ tests using 'Google Test' will be built
[1.030s] -- Found ament_cmake_pytest: 1.3.11 (/opt/ros/humble/share/ament_cmake_pytest/cmake)
[1.601s] -- Configuring done
[2.165s] -- Generating done
[2.235s] -- Build files have been written to: /home/gcerioni/ws_ur16/build/controller_manager
[2.254s] Invoked command in '/home/gcerioni/ws_ur16/build/controller_manager' returned '0': CMAKE_PREFIX_PATH=/home/gcerioni/ws_ur16/install/hardware_interface_testing:/home/gcerioni/ws_ur16/install/controller_interface:/home/gcerioni/ws_ur16/install/hardware_interface:/home/gcerioni/ws_ur16/install/ros2_control_test_assets:/home/gcerioni/ws_ur16/install/realtime_tools:/home/gcerioni/ws_ur16/install/controller_manager_msgs:/home/gcerioni/ws_ur16/install/control_msgs:/home/gcerioni/ws_ur16/install/ur:/home/gcerioni/ws_ur16/install/ur_calibration:/home/gcerioni/ws_ur16/install/ur_robot_driver:/home/gcerioni/ws_ur16/install/ur_bringup:/home/gcerioni/ws_ur16/install/ros2_controllers:/home/gcerioni/ws_ur16/install/velocity_controllers:/home/gcerioni/ws_ur16/install/ur_controllers:/home/gcerioni/ws_ur16/install/ur_msgs:/home/gcerioni/ws_ur16/install/ur_moveit_config:/home/gcerioni/ws_ur16/install/ur_description:/home/gcerioni/ws_ur16/install/ur_dashboard_msgs:/home/gcerioni/ws_ur16/install/ur_client_library:/home/gcerioni/ws_ur16/install/tricycle_steering_controller:/home/gcerioni/ws_ur16/install/tricycle_controller:/home/gcerioni/ws_ur16/install/ros2_control:/home/gcerioni/ws_ur16/install/transmission_interface:/home/gcerioni/ws_ur16/install/bicycle_steering_controller:/home/gcerioni/ws_ur16/install/ackermann_steering_controller:/home/gcerioni/ws_ur16/install/steering_controllers_library:/home/gcerioni/ws_ur16/install/controller_manager:/home/gcerioni/ws_ur16/install/range_sensor_broadcaster:/home/gcerioni/ws_ur16/install/position_controllers:/home/gcerioni/ws_ur16/install/pose_broadcaster:/home/gcerioni/ws_ur16/install/pid_controller:/home/gcerioni/ws_ur16/install/mecanum_drive_controller:/home/gcerioni/ws_ur16/install/joint_trajectory_controller:/home/gcerioni/ws_ur16/install/joint_state_broadcaster:/home/gcerioni/ws_ur16/install/imu_sensor_broadcaster:/home/gcerioni/ws_ur16/install/gripper_controllers:/home/gcerioni/ws_ur16/install/gpio_controllers:/home/gcerioni/ws_ur16/install/effort_controllers:/home/gcerioni/ws_ur16/install/forward_command_controller:/home/gcerioni/ws_ur16/install/force_torque_sensor_broadcaster:/home/gcerioni/ws_ur16/install/diff_drive_controller:/home/gcerioni/ws_ur16/install/admittance_controller:/home/gcerioni/ws_ur16/install/control_toolbox:/home/gcerioni/ws_ur16/install/kinematics_interface_kdl:/home/gcerioni/ws_ur16/install/kinematics_interface:/home/gcerioni/ws_ur16/install/joint_limits:/home/gcerioni/ws_ur16/install/rqt_joint_trajectory_controller:/home/gcerioni/ws_ur16/install/rqt_controller_manager:/home/gcerioni/ws_ur16/install/ros2controlcli:/home/gcerioni/ws_ur16/install/ros2_controllers_test_nodes:/opt/ros/humble LD_LIBRARY_PATH=/home/gcerioni/ws_ur16/install/hardware_interface_testing/lib:/home/gcerioni/ws_ur16/install/controller_interface/lib:/home/gcerioni/ws_ur16/install/hardware_interface/lib:/home/gcerioni/ws_ur16/install/realtime_tools/lib:/home/gcerioni/ws_ur16/install/controller_manager_msgs/lib:/home/gcerioni/ws_ur16/install/control_msgs/lib:/home/gcerioni/ws_ur16/install/ur_robot_driver/lib:/home/gcerioni/ws_ur16/install/velocity_controllers/lib:/home/gcerioni/ws_ur16/install/ur_controllers/lib:/home/gcerioni/ws_ur16/install/ur_msgs/lib:/home/gcerioni/ws_ur16/install/ur_dashboard_msgs/lib:/home/gcerioni/ws_ur16/install/ur_client_library/lib:/home/gcerioni/ws_ur16/install/tricycle_steering_controller/lib:/home/gcerioni/ws_ur16/install/tricycle_controller/lib:/home/gcerioni/ws_ur16/install/transmission_interface/lib:/home/gcerioni/ws_ur16/install/bicycle_steering_controller/lib:/home/gcerioni/ws_ur16/install/ackermann_steering_controller/lib:/home/gcerioni/ws_ur16/install/steering_controllers_library/lib:/home/gcerioni/ws_ur16/install/controller_manager/lib:/home/gcerioni/ws_ur16/install/range_sensor_broadcaster/lib:/home/gcerioni/ws_ur16/install/position_controllers/lib:/home/gcerioni/ws_ur16/install/pose_broadcaster/lib:/home/gcerioni/ws_ur16/install/pid_controller/lib:/home/gcerioni/ws_ur16/install/mecanum_drive_controller/lib:/home/gcerioni/ws_ur16/install/joint_trajectory_controller/lib:/home/gcerioni/ws_ur16/install/joint_state_broadcaster/lib:/home/gcerioni/ws_ur16/install/imu_sensor_broadcaster/lib:/home/gcerioni/ws_ur16/install/gripper_controllers/lib:/home/gcerioni/ws_ur16/install/gpio_controllers/lib:/home/gcerioni/ws_ur16/install/effort_controllers/lib:/home/gcerioni/ws_ur16/install/forward_command_controller/lib:/home/gcerioni/ws_ur16/install/force_torque_sensor_broadcaster/lib:/home/gcerioni/ws_ur16/install/diff_drive_controller/lib:/home/gcerioni/ws_ur16/install/admittance_controller/lib:/home/gcerioni/ws_ur16/install/control_toolbox/lib:/home/gcerioni/ws_ur16/install/kinematics_interface_kdl/lib:/home/gcerioni/ws_ur16/install/kinematics_interface/lib:/home/gcerioni/ws_ur16/install/joint_limits/lib:/opt/ros/humble/opt/rviz_ogre_vendor/lib:/opt/ros/humble/lib/x86_64-linux-gnu:/opt/ros/humble/lib /usr/bin/cmake /home/gcerioni/ws_ur16/src/ros2_control/controller_manager -DCMAKE_INSTALL_PREFIX=/home/gcerioni/ws_ur16/install/controller_manager
[2.256s] Invoking command in '/home/gcerioni/ws_ur16/build/controller_manager': CMAKE_PREFIX_PATH=/home/gcerioni/ws_ur16/install/hardware_interface_testing:/home/gcerioni/ws_ur16/install/controller_interface:/home/gcerioni/ws_ur16/install/hardware_interface:/home/gcerioni/ws_ur16/install/ros2_control_test_assets:/home/gcerioni/ws_ur16/install/realtime_tools:/home/gcerioni/ws_ur16/install/controller_manager_msgs:/home/gcerioni/ws_ur16/install/control_msgs:/home/gcerioni/ws_ur16/install/ur:/home/gcerioni/ws_ur16/install/ur_calibration:/home/gcerioni/ws_ur16/install/ur_robot_driver:/home/gcerioni/ws_ur16/install/ur_bringup:/home/gcerioni/ws_ur16/install/ros2_controllers:/home/gcerioni/ws_ur16/install/velocity_controllers:/home/gcerioni/ws_ur16/install/ur_controllers:/home/gcerioni/ws_ur16/install/ur_msgs:/home/gcerioni/ws_ur16/install/ur_moveit_config:/home/gcerioni/ws_ur16/install/ur_description:/home/gcerioni/ws_ur16/install/ur_dashboard_msgs:/home/gcerioni/ws_ur16/install/ur_client_library:/home/gcerioni/ws_ur16/install/tricycle_steering_controller:/home/gcerioni/ws_ur16/install/tricycle_controller:/home/gcerioni/ws_ur16/install/ros2_control:/home/gcerioni/ws_ur16/install/transmission_interface:/home/gcerioni/ws_ur16/install/bicycle_steering_controller:/home/gcerioni/ws_ur16/install/ackermann_steering_controller:/home/gcerioni/ws_ur16/install/steering_controllers_library:/home/gcerioni/ws_ur16/install/controller_manager:/home/gcerioni/ws_ur16/install/range_sensor_broadcaster:/home/gcerioni/ws_ur16/install/position_controllers:/home/gcerioni/ws_ur16/install/pose_broadcaster:/home/gcerioni/ws_ur16/install/pid_controller:/home/gcerioni/ws_ur16/install/mecanum_drive_controller:/home/gcerioni/ws_ur16/install/joint_trajectory_controller:/home/gcerioni/ws_ur16/install/joint_state_broadcaster:/home/gcerioni/ws_ur16/install/imu_sensor_broadcaster:/home/gcerioni/ws_ur16/install/gripper_controllers:/home/gcerioni/ws_ur16/install/gpio_controllers:/home/gcerioni/ws_ur16/install/effort_controllers:/home/gcerioni/ws_ur16/install/forward_command_controller:/home/gcerioni/ws_ur16/install/force_torque_sensor_broadcaster:/home/gcerioni/ws_ur16/install/diff_drive_controller:/home/gcerioni/ws_ur16/install/admittance_controller:/home/gcerioni/ws_ur16/install/control_toolbox:/home/gcerioni/ws_ur16/install/kinematics_interface_kdl:/home/gcerioni/ws_ur16/install/kinematics_interface:/home/gcerioni/ws_ur16/install/joint_limits:/home/gcerioni/ws_ur16/install/rqt_joint_trajectory_controller:/home/gcerioni/ws_ur16/install/rqt_controller_manager:/home/gcerioni/ws_ur16/install/ros2controlcli:/home/gcerioni/ws_ur16/install/ros2_controllers_test_nodes:/opt/ros/humble LD_LIBRARY_PATH=/home/gcerioni/ws_ur16/install/hardware_interface_testing/lib:/home/gcerioni/ws_ur16/install/controller_interface/lib:/home/gcerioni/ws_ur16/install/hardware_interface/lib:/home/gcerioni/ws_ur16/install/realtime_tools/lib:/home/gcerioni/ws_ur16/install/controller_manager_msgs/lib:/home/gcerioni/ws_ur16/install/control_msgs/lib:/home/gcerioni/ws_ur16/install/ur_robot_driver/lib:/home/gcerioni/ws_ur16/install/velocity_controllers/lib:/home/gcerioni/ws_ur16/install/ur_controllers/lib:/home/gcerioni/ws_ur16/install/ur_msgs/lib:/home/gcerioni/ws_ur16/install/ur_dashboard_msgs/lib:/home/gcerioni/ws_ur16/install/ur_client_library/lib:/home/gcerioni/ws_ur16/install/tricycle_steering_controller/lib:/home/gcerioni/ws_ur16/install/tricycle_controller/lib:/home/gcerioni/ws_ur16/install/transmission_interface/lib:/home/gcerioni/ws_ur16/install/bicycle_steering_controller/lib:/home/gcerioni/ws_ur16/install/ackermann_steering_controller/lib:/home/gcerioni/ws_ur16/install/steering_controllers_library/lib:/home/gcerioni/ws_ur16/install/controller_manager/lib:/home/gcerioni/ws_ur16/install/range_sensor_broadcaster/lib:/home/gcerioni/ws_ur16/install/position_controllers/lib:/home/gcerioni/ws_ur16/install/pose_broadcaster/lib:/home/gcerioni/ws_ur16/install/pid_controller/lib:/home/gcerioni/ws_ur16/install/mecanum_drive_controller/lib:/home/gcerioni/ws_ur16/install/joint_trajectory_controller/lib:/home/gcerioni/ws_ur16/install/joint_state_broadcaster/lib:/home/gcerioni/ws_ur16/install/imu_sensor_broadcaster/lib:/home/gcerioni/ws_ur16/install/gripper_controllers/lib:/home/gcerioni/ws_ur16/install/gpio_controllers/lib:/home/gcerioni/ws_ur16/install/effort_controllers/lib:/home/gcerioni/ws_ur16/install/forward_command_controller/lib:/home/gcerioni/ws_ur16/install/force_torque_sensor_broadcaster/lib:/home/gcerioni/ws_ur16/install/diff_drive_controller/lib:/home/gcerioni/ws_ur16/install/admittance_controller/lib:/home/gcerioni/ws_ur16/install/control_toolbox/lib:/home/gcerioni/ws_ur16/install/kinematics_interface_kdl/lib:/home/gcerioni/ws_ur16/install/kinematics_interface/lib:/home/gcerioni/ws_ur16/install/joint_limits/lib:/opt/ros/humble/opt/rviz_ogre_vendor/lib:/opt/ros/humble/lib/x86_64-linux-gnu:/opt/ros/humble/lib /usr/bin/cmake --build /home/gcerioni/ws_ur16/build/controller_manager -- -j8 -l8
[2.326s] [35m[1mConsolidate compiler generated dependencies of target gmock_main[0m
[2.330s] [35m[1mConsolidate compiler generated dependencies of target gmock[0m
[2.349s] [  2%] Built target ament_generate_version_header__controller_manager
[2.355s] [  7%] Built target gmock_main
[2.359s] [  7%] Built target ament_cmake_python_copy_controller_manager_setup
[2.360s] [ 15%] Built target gmock
[2.360s] [ 13%] Built target ament_cmake_python_copy_controller_manager
[2.372s] [35m[1mConsolidate compiler generated dependencies of target controller_manager[0m
[2.403s] [ 21%] Built target controller_manager
[2.429s] [35m[1mConsolidate compiler generated dependencies of target test_controller_failed_init[0m
[2.431s] [35m[1mConsolidate compiler generated dependencies of target test_controller[0m
[2.441s] [35m[1mConsolidate compiler generated dependencies of target test_controller_with_interfaces[0m
[2.443s] [35m[1mConsolidate compiler generated dependencies of target ros2_control_node[0m
[2.443s] [35m[1mConsolidate compiler generated dependencies of target test_chainable_controller[0m
[2.452s] [35m[1mConsolidate compiler generated dependencies of target test_controller_manager_urdf_passing[0m
[2.484s] [ 26%] Built target test_controller
[2.494s] [ 31%] Built target test_controller_failed_init
[2.500s] [ 36%] Built target test_chainable_controller
[2.509s] [ 42%] Built target ros2_control_node
[2.513s] [ 47%] Built target test_controller_manager_urdf_passing
[2.516s] [ 52%] Built target test_controller_with_interfaces
[2.533s] [35m[1mConsolidate compiler generated dependencies of target test_hardware_spawner[0m
[2.538s] [35m[1mConsolidate compiler generated dependencies of target test_controller_manager_with_namespace.cpp[0m
[2.542s] [35m[1mConsolidate compiler generated dependencies of target test_hardware_management_srvs[0m
[2.550s] [35m[1mConsolidate compiler generated dependencies of target test_controller_manager[0m
[2.561s] [35m[1mConsolidate compiler generated dependencies of target test_load_controller[0m
[2.562s] [35m[1mConsolidate compiler generated dependencies of target test_controllers_chaining_with_controller_manager[0m
[2.595s] [ 57%] Built target test_hardware_spawner
[2.602s] [ 63%] Built target test_controller_manager_with_namespace.cpp
[2.607s] [ 68%] Built target test_hardware_management_srvs
[2.607s] [ 73%] Built target test_controllers_chaining_with_controller_manager
[2.619s] [ 81%] Built target test_load_controller
[2.622s] [ 84%] Built target test_controller_manager
[2.625s] [35m[1mConsolidate compiler generated dependencies of target test_controller_manager_srvs[0m
[2.633s] [35m[1mConsolidate compiler generated dependencies of target test_spawner_unspawner[0m
[2.635s] [35m[1mConsolidate compiler generated dependencies of target test_release_interfaces[0m
[2.669s] [ 89%] Built target test_controller_manager_srvs
[2.670s] [ 94%] Built target test_spawner_unspawner
[2.674s] [100%] Built target test_release_interfaces
[2.810s] running egg_info
[2.811s] writing controller_manager.egg-info/PKG-INFO
[2.811s] writing dependency_links to controller_manager.egg-info/dependency_links.txt
[2.811s] writing entry points to controller_manager.egg-info/entry_points.txt
[2.811s] writing top-level names to controller_manager.egg-info/top_level.txt
[2.814s] reading manifest file 'controller_manager.egg-info/SOURCES.txt'
[2.815s] writing manifest file 'controller_manager.egg-info/SOURCES.txt'
[2.818s] running install_scripts
[2.822s] /usr/lib/python3/dist-packages/setuptools/command/install.py:34: SetuptoolsDeprecationWarning: setup.py install is deprecated. Use build and pip and other standards-based tools.
[2.822s]   warnings.warn(
[2.858s] [100%] Built target ament_cmake_python_build_controller_manager_egg
[2.859s] running egg_info
[2.860s] writing controller_manager.egg-info/PKG-INFO
[2.860s] writing dependency_links to controller_manager.egg-info/dependency_links.txt
[2.861s] writing entry points to controller_manager.egg-info/entry_points.txt
[2.861s] writing top-level names to controller_manager.egg-info/top_level.txt
[2.863s] reading manifest file 'controller_manager.egg-info/SOURCES.txt'
[2.864s] writing manifest file 'controller_manager.egg-info/SOURCES.txt'
[2.866s] Installing hardware_spawner script to scripts
[2.867s] Installing spawner script to scripts
[2.867s] Installing unspawner script to scripts
[2.915s] [100%] Built target ament_cmake_python_build_controller_manager_scripts
[2.930s] Invoked command in '/home/gcerioni/ws_ur16/build/controller_manager' returned '0': CMAKE_PREFIX_PATH=/home/gcerioni/ws_ur16/install/hardware_interface_testing:/home/gcerioni/ws_ur16/install/controller_interface:/home/gcerioni/ws_ur16/install/hardware_interface:/home/gcerioni/ws_ur16/install/ros2_control_test_assets:/home/gcerioni/ws_ur16/install/realtime_tools:/home/gcerioni/ws_ur16/install/controller_manager_msgs:/home/gcerioni/ws_ur16/install/control_msgs:/home/gcerioni/ws_ur16/install/ur:/home/gcerioni/ws_ur16/install/ur_calibration:/home/gcerioni/ws_ur16/install/ur_robot_driver:/home/gcerioni/ws_ur16/install/ur_bringup:/home/gcerioni/ws_ur16/install/ros2_controllers:/home/gcerioni/ws_ur16/install/velocity_controllers:/home/gcerioni/ws_ur16/install/ur_controllers:/home/gcerioni/ws_ur16/install/ur_msgs:/home/gcerioni/ws_ur16/install/ur_moveit_config:/home/gcerioni/ws_ur16/install/ur_description:/home/gcerioni/ws_ur16/install/ur_dashboard_msgs:/home/gcerioni/ws_ur16/install/ur_client_library:/home/gcerioni/ws_ur16/install/tricycle_steering_controller:/home/gcerioni/ws_ur16/install/tricycle_controller:/home/gcerioni/ws_ur16/install/ros2_control:/home/gcerioni/ws_ur16/install/transmission_interface:/home/gcerioni/ws_ur16/install/bicycle_steering_controller:/home/gcerioni/ws_ur16/install/ackermann_steering_controller:/home/gcerioni/ws_ur16/install/steering_controllers_library:/home/gcerioni/ws_ur16/install/controller_manager:/home/gcerioni/ws_ur16/install/range_sensor_broadcaster:/home/gcerioni/ws_ur16/install/position_controllers:/home/gcerioni/ws_ur16/install/pose_broadcaster:/home/gcerioni/ws_ur16/install/pid_controller:/home/gcerioni/ws_ur16/install/mecanum_drive_controller:/home/gcerioni/ws_ur16/install/joint_trajectory_controller:/home/gcerioni/ws_ur16/install/joint_state_broadcaster:/home/gcerioni/ws_ur16/install/imu_sensor_broadcaster:/home/gcerioni/ws_ur16/install/gripper_controllers:/home/gcerioni/ws_ur16/install/gpio_controllers:/home/gcerioni/ws_ur16/install/effort_controllers:/home/gcerioni/ws_ur16/install/forward_command_controller:/home/gcerioni/ws_ur16/install/force_torque_sensor_broadcaster:/home/gcerioni/ws_ur16/install/diff_drive_controller:/home/gcerioni/ws_ur16/install/admittance_controller:/home/gcerioni/ws_ur16/install/control_toolbox:/home/gcerioni/ws_ur16/install/kinematics_interface_kdl:/home/gcerioni/ws_ur16/install/kinematics_interface:/home/gcerioni/ws_ur16/install/joint_limits:/home/gcerioni/ws_ur16/install/rqt_joint_trajectory_controller:/home/gcerioni/ws_ur16/install/rqt_controller_manager:/home/gcerioni/ws_ur16/install/ros2controlcli:/home/gcerioni/ws_ur16/install/ros2_controllers_test_nodes:/opt/ros/humble LD_LIBRARY_PATH=/home/gcerioni/ws_ur16/install/hardware_interface_testing/lib:/home/gcerioni/ws_ur16/install/controller_interface/lib:/home/gcerioni/ws_ur16/install/hardware_interface/lib:/home/gcerioni/ws_ur16/install/realtime_tools/lib:/home/gcerioni/ws_ur16/install/controller_manager_msgs/lib:/home/gcerioni/ws_ur16/install/control_msgs/lib:/home/gcerioni/ws_ur16/install/ur_robot_driver/lib:/home/gcerioni/ws_ur16/install/velocity_controllers/lib:/home/gcerioni/ws_ur16/install/ur_controllers/lib:/home/gcerioni/ws_ur16/install/ur_msgs/lib:/home/gcerioni/ws_ur16/install/ur_dashboard_msgs/lib:/home/gcerioni/ws_ur16/install/ur_client_library/lib:/home/gcerioni/ws_ur16/install/tricycle_steering_controller/lib:/home/gcerioni/ws_ur16/install/tricycle_controller/lib:/home/gcerioni/ws_ur16/install/transmission_interface/lib:/home/gcerioni/ws_ur16/install/bicycle_steering_controller/lib:/home/gcerioni/ws_ur16/install/ackermann_steering_controller/lib:/home/gcerioni/ws_ur16/install/steering_controllers_library/lib:/home/gcerioni/ws_ur16/install/controller_manager/lib:/home/gcerioni/ws_ur16/install/range_sensor_broadcaster/lib:/home/gcerioni/ws_ur16/install/position_controllers/lib:/home/gcerioni/ws_ur16/install/pose_broadcaster/lib:/home/gcerioni/ws_ur16/install/pid_controller/lib:/home/gcerioni/ws_ur16/install/mecanum_drive_controller/lib:/home/gcerioni/ws_ur16/install/joint_trajectory_controller/lib:/home/gcerioni/ws_ur16/install/joint_state_broadcaster/lib:/home/gcerioni/ws_ur16/install/imu_sensor_broadcaster/lib:/home/gcerioni/ws_ur16/install/gripper_controllers/lib:/home/gcerioni/ws_ur16/install/gpio_controllers/lib:/home/gcerioni/ws_ur16/install/effort_controllers/lib:/home/gcerioni/ws_ur16/install/forward_command_controller/lib:/home/gcerioni/ws_ur16/install/force_torque_sensor_broadcaster/lib:/home/gcerioni/ws_ur16/install/diff_drive_controller/lib:/home/gcerioni/ws_ur16/install/admittance_controller/lib:/home/gcerioni/ws_ur16/install/control_toolbox/lib:/home/gcerioni/ws_ur16/install/kinematics_interface_kdl/lib:/home/gcerioni/ws_ur16/install/kinematics_interface/lib:/home/gcerioni/ws_ur16/install/joint_limits/lib:/opt/ros/humble/opt/rviz_ogre_vendor/lib:/opt/ros/humble/lib/x86_64-linux-gnu:/opt/ros/humble/lib /usr/bin/cmake --build /home/gcerioni/ws_ur16/build/controller_manager -- -j8 -l8
[2.932s] Invoking command in '/home/gcerioni/ws_ur16/build/controller_manager': CMAKE_PREFIX_PATH=/home/gcerioni/ws_ur16/install/hardware_interface_testing:/home/gcerioni/ws_ur16/install/controller_interface:/home/gcerioni/ws_ur16/install/hardware_interface:/home/gcerioni/ws_ur16/install/ros2_control_test_assets:/home/gcerioni/ws_ur16/install/realtime_tools:/home/gcerioni/ws_ur16/install/controller_manager_msgs:/home/gcerioni/ws_ur16/install/control_msgs:/home/gcerioni/ws_ur16/install/ur:/home/gcerioni/ws_ur16/install/ur_calibration:/home/gcerioni/ws_ur16/install/ur_robot_driver:/home/gcerioni/ws_ur16/install/ur_bringup:/home/gcerioni/ws_ur16/install/ros2_controllers:/home/gcerioni/ws_ur16/install/velocity_controllers:/home/gcerioni/ws_ur16/install/ur_controllers:/home/gcerioni/ws_ur16/install/ur_msgs:/home/gcerioni/ws_ur16/install/ur_moveit_config:/home/gcerioni/ws_ur16/install/ur_description:/home/gcerioni/ws_ur16/install/ur_dashboard_msgs:/home/gcerioni/ws_ur16/install/ur_client_library:/home/gcerioni/ws_ur16/install/tricycle_steering_controller:/home/gcerioni/ws_ur16/install/tricycle_controller:/home/gcerioni/ws_ur16/install/ros2_control:/home/gcerioni/ws_ur16/install/transmission_interface:/home/gcerioni/ws_ur16/install/bicycle_steering_controller:/home/gcerioni/ws_ur16/install/ackermann_steering_controller:/home/gcerioni/ws_ur16/install/steering_controllers_library:/home/gcerioni/ws_ur16/install/controller_manager:/home/gcerioni/ws_ur16/install/range_sensor_broadcaster:/home/gcerioni/ws_ur16/install/position_controllers:/home/gcerioni/ws_ur16/install/pose_broadcaster:/home/gcerioni/ws_ur16/install/pid_controller:/home/gcerioni/ws_ur16/install/mecanum_drive_controller:/home/gcerioni/ws_ur16/install/joint_trajectory_controller:/home/gcerioni/ws_ur16/install/joint_state_broadcaster:/home/gcerioni/ws_ur16/install/imu_sensor_broadcaster:/home/gcerioni/ws_ur16/install/gripper_controllers:/home/gcerioni/ws_ur16/install/gpio_controllers:/home/gcerioni/ws_ur16/install/effort_controllers:/home/gcerioni/ws_ur16/install/forward_command_controller:/home/gcerioni/ws_ur16/install/force_torque_sensor_broadcaster:/home/gcerioni/ws_ur16/install/diff_drive_controller:/home/gcerioni/ws_ur16/install/admittance_controller:/home/gcerioni/ws_ur16/install/control_toolbox:/home/gcerioni/ws_ur16/install/kinematics_interface_kdl:/home/gcerioni/ws_ur16/install/kinematics_interface:/home/gcerioni/ws_ur16/install/joint_limits:/home/gcerioni/ws_ur16/install/rqt_joint_trajectory_controller:/home/gcerioni/ws_ur16/install/rqt_controller_manager:/home/gcerioni/ws_ur16/install/ros2controlcli:/home/gcerioni/ws_ur16/install/ros2_controllers_test_nodes:/opt/ros/humble LD_LIBRARY_PATH=/home/gcerioni/ws_ur16/install/hardware_interface_testing/lib:/home/gcerioni/ws_ur16/install/controller_interface/lib:/home/gcerioni/ws_ur16/install/hardware_interface/lib:/home/gcerioni/ws_ur16/install/realtime_tools/lib:/home/gcerioni/ws_ur16/install/controller_manager_msgs/lib:/home/gcerioni/ws_ur16/install/control_msgs/lib:/home/gcerioni/ws_ur16/install/ur_robot_driver/lib:/home/gcerioni/ws_ur16/install/velocity_controllers/lib:/home/gcerioni/ws_ur16/install/ur_controllers/lib:/home/gcerioni/ws_ur16/install/ur_msgs/lib:/home/gcerioni/ws_ur16/install/ur_dashboard_msgs/lib:/home/gcerioni/ws_ur16/install/ur_client_library/lib:/home/gcerioni/ws_ur16/install/tricycle_steering_controller/lib:/home/gcerioni/ws_ur16/install/tricycle_controller/lib:/home/gcerioni/ws_ur16/install/transmission_interface/lib:/home/gcerioni/ws_ur16/install/bicycle_steering_controller/lib:/home/gcerioni/ws_ur16/install/ackermann_steering_controller/lib:/home/gcerioni/ws_ur16/install/steering_controllers_library/lib:/home/gcerioni/ws_ur16/install/controller_manager/lib:/home/gcerioni/ws_ur16/install/range_sensor_broadcaster/lib:/home/gcerioni/ws_ur16/install/position_controllers/lib:/home/gcerioni/ws_ur16/install/pose_broadcaster/lib:/home/gcerioni/ws_ur16/install/pid_controller/lib:/home/gcerioni/ws_ur16/install/mecanum_drive_controller/lib:/home/gcerioni/ws_ur16/install/joint_trajectory_controller/lib:/home/gcerioni/ws_ur16/install/joint_state_broadcaster/lib:/home/gcerioni/ws_ur16/install/imu_sensor_broadcaster/lib:/home/gcerioni/ws_ur16/install/gripper_controllers/lib:/home/gcerioni/ws_ur16/install/gpio_controllers/lib:/home/gcerioni/ws_ur16/install/effort_controllers/lib:/home/gcerioni/ws_ur16/install/forward_command_controller/lib:/home/gcerioni/ws_ur16/install/force_torque_sensor_broadcaster/lib:/home/gcerioni/ws_ur16/install/diff_drive_controller/lib:/home/gcerioni/ws_ur16/install/admittance_controller/lib:/home/gcerioni/ws_ur16/install/control_toolbox/lib:/home/gcerioni/ws_ur16/install/kinematics_interface_kdl/lib:/home/gcerioni/ws_ur16/install/kinematics_interface/lib:/home/gcerioni/ws_ur16/install/joint_limits/lib:/opt/ros/humble/opt/rviz_ogre_vendor/lib:/opt/ros/humble/lib/x86_64-linux-gnu:/opt/ros/humble/lib /usr/bin/cmake --install /home/gcerioni/ws_ur16/build/controller_manager
[2.944s] -- Install configuration: "Release"
[2.944s] -- Up-to-date: /home/gcerioni/ws_ur16/install/controller_manager/lib/libcontroller_manager.so
[2.944s] -- Up-to-date: /home/gcerioni/ws_ur16/install/controller_manager/lib/controller_manager/ros2_control_node
[2.945s] -- Up-to-date: /home/gcerioni/ws_ur16/install/controller_manager/include
[2.945s] -- Up-to-date: /home/gcerioni/ws_ur16/install/controller_manager/include/controller_manager
[2.945s] -- Up-to-date: /home/gcerioni/ws_ur16/install/controller_manager/include/controller_manager/controller_spec.hpp
[2.945s] -- Up-to-date: /home/gcerioni/ws_ur16/install/controller_manager/include/controller_manager/visibility_control.h
[2.945s] -- Up-to-date: /home/gcerioni/ws_ur16/install/controller_manager/include/controller_manager/controller_manager.hpp
[2.945s] -- Up-to-date: /home/gcerioni/ws_ur16/install/controller_manager/share/controller_manager/test/test_controller/test_controller.xml
[2.945s] -- Up-to-date: /home/gcerioni/ws_ur16/install/controller_manager/lib/libtest_controller.so
[2.945s] -- Up-to-date: /home/gcerioni/ws_ur16/install/controller_manager/share/controller_manager/test/test_controller_failed_init/test_controller_failed_init.xml
[2.946s] -- Up-to-date: /home/gcerioni/ws_ur16/install/controller_manager/lib/libtest_controller_failed_init.so
[2.946s] -- Up-to-date: /home/gcerioni/ws_ur16/install/controller_manager/share/controller_manager/test/test_chainable_controller/test_chainable_controller.xml
[2.946s] -- Up-to-date: /home/gcerioni/ws_ur16/install/controller_manager/lib/libtest_chainable_controller.so
[2.946s] -- Up-to-date: /home/gcerioni/ws_ur16/install/controller_manager/share/controller_manager/test/test_controller_with_interfaces/test_controller_with_interfaces.xml
[2.947s] -- Up-to-date: /home/gcerioni/ws_ur16/install/controller_manager/lib/libtest_controller_with_interfaces.so
[2.947s] -- Up-to-date: /home/gcerioni/ws_ur16/install/controller_manager/test/test_controller_spawner_with_type.yaml
[2.947s] -- Up-to-date: /home/gcerioni/ws_ur16/install/controller_manager/test/test_controller_spawner_with_basic_controllers.yaml
[2.947s] -- Up-to-date: /home/gcerioni/ws_ur16/install/controller_manager/test/test_controller_overriding_parameters.yaml
[2.947s] -- Up-to-date: /home/gcerioni/ws_ur16/install/controller_manager/test/test_controller_spawner_wildcard_entries.yaml
[2.948s] -- Up-to-date: /home/gcerioni/ws_ur16/install/controller_manager/test/test_controller_spawner_with_interfaces.yaml
[2.948s] -- Up-to-date: /home/gcerioni/ws_ur16/install/controller_manager/test/test_ros2_control_node.yaml
[2.948s] -- Up-to-date: /home/gcerioni/ws_ur16/install/controller_manager/share/controller_manager/environment/pythonpath.sh
[2.948s] -- Installing: /home/gcerioni/ws_ur16/install/controller_manager/share/controller_manager/environment/pythonpath.dsv
[2.948s] -- Up-to-date: /home/gcerioni/ws_ur16/install/controller_manager/local/lib/python3.10/dist-packages/controller_manager-2.48.0-py3.10.egg-info
[2.948s] -- Installing: /home/gcerioni/ws_ur16/install/controller_manager/local/lib/python3.10/dist-packages/controller_manager-2.48.0-py3.10.egg-info/entry_points.txt
[2.948s] -- Installing: /home/gcerioni/ws_ur16/install/controller_manager/local/lib/python3.10/dist-packages/controller_manager-2.48.0-py3.10.egg-info/top_level.txt
[2.948s] -- Installing: /home/gcerioni/ws_ur16/install/controller_manager/local/lib/python3.10/dist-packages/controller_manager-2.48.0-py3.10.egg-info/SOURCES.txt
[2.949s] -- Installing: /home/gcerioni/ws_ur16/install/controller_manager/local/lib/python3.10/dist-packages/controller_manager-2.48.0-py3.10.egg-info/dependency_links.txt
[2.949s] -- Installing: /home/gcerioni/ws_ur16/install/controller_manager/local/lib/python3.10/dist-packages/controller_manager-2.48.0-py3.10.egg-info/PKG-INFO
[2.949s] -- Up-to-date: /home/gcerioni/ws_ur16/install/controller_manager/lib/controller_manager/
[2.949s] -- Installing: /home/gcerioni/ws_ur16/install/controller_manager/lib/controller_manager//unspawner
[2.949s] -- Installing: /home/gcerioni/ws_ur16/install/controller_manager/lib/controller_manager//spawner
[2.949s] -- Installing: /home/gcerioni/ws_ur16/install/controller_manager/lib/controller_manager//hardware_spawner
[2.949s] -- Up-to-date: /home/gcerioni/ws_ur16/install/controller_manager/local/lib/python3.10/dist-packages/controller_manager
[2.949s] -- Up-to-date: /home/gcerioni/ws_ur16/install/controller_manager/local/lib/python3.10/dist-packages/controller_manager/launch_utils.py
[2.949s] -- Up-to-date: /home/gcerioni/ws_ur16/install/controller_manager/local/lib/python3.10/dist-packages/controller_manager/controller_manager_services.py
[2.950s] -- Up-to-date: /home/gcerioni/ws_ur16/install/controller_manager/local/lib/python3.10/dist-packages/controller_manager/unspawner.py
[2.950s] -- Up-to-date: /home/gcerioni/ws_ur16/install/controller_manager/local/lib/python3.10/dist-packages/controller_manager/spawner.py
[2.950s] -- Up-to-date: /home/gcerioni/ws_ur16/install/controller_manager/local/lib/python3.10/dist-packages/controller_manager/hardware_spawner.py
[2.950s] -- Up-to-date: /home/gcerioni/ws_ur16/install/controller_manager/local/lib/python3.10/dist-packages/controller_manager/__init__.py
[2.950s] -- Up-to-date: /home/gcerioni/ws_ur16/install/controller_manager/local/lib/python3.10/dist-packages/controller_manager/test_utils.py
[2.992s] Listing '/home/gcerioni/ws_ur16/install/controller_manager/local/lib/python3.10/dist-packages/controller_manager'...
[2.997s] -- Up-to-date: /home/gcerioni/ws_ur16/install/controller_manager/share/controller_manager/environment/library_path.sh
[2.997s] -- Installing: /home/gcerioni/ws_ur16/install/controller_manager/share/controller_manager/environment/library_path.dsv
[2.997s] -- Up-to-date: /home/gcerioni/ws_ur16/install/controller_manager/share/ament_index/resource_index/package_run_dependencies/controller_manager
[2.997s] -- Installing: /home/gcerioni/ws_ur16/install/controller_manager/share/ament_index/resource_index/parent_prefix_path/controller_manager
[2.998s] -- Up-to-date: /home/gcerioni/ws_ur16/install/controller_manager/share/controller_manager/environment/ament_prefix_path.sh
[2.998s] -- Installing: /home/gcerioni/ws_ur16/install/controller_manager/share/controller_manager/environment/ament_prefix_path.dsv
[2.998s] -- Up-to-date: /home/gcerioni/ws_ur16/install/controller_manager/share/controller_manager/environment/path.sh
[2.998s] -- Installing: /home/gcerioni/ws_ur16/install/controller_manager/share/controller_manager/environment/path.dsv
[2.998s] -- Up-to-date: /home/gcerioni/ws_ur16/install/controller_manager/share/controller_manager/local_setup.bash
[2.998s] -- Up-to-date: /home/gcerioni/ws_ur16/install/controller_manager/share/controller_manager/local_setup.sh
[2.998s] -- Up-to-date: /home/gcerioni/ws_ur16/install/controller_manager/share/controller_manager/local_setup.zsh
[2.998s] -- Installing: /home/gcerioni/ws_ur16/install/controller_manager/share/controller_manager/local_setup.dsv
[2.998s] -- Installing: /home/gcerioni/ws_ur16/install/controller_manager/share/controller_manager/package.dsv
[2.999s] -- Up-to-date: /home/gcerioni/ws_ur16/install/controller_manager/share/ament_index/resource_index/packages/controller_manager
[2.999s] -- Up-to-date: /home/gcerioni/ws_ur16/install/controller_manager/share/ament_index/resource_index/controller_interface__pluginlib__plugin/controller_manager
[2.999s] -- Up-to-date: /home/gcerioni/ws_ur16/install/controller_manager/share/controller_manager/cmake/ament_cmake_export_libraries-extras.cmake
[2.999s] -- Up-to-date: /home/gcerioni/ws_ur16/install/controller_manager/share/controller_manager/cmake/ament_cmake_export_include_directories-extras.cmake
[2.999s] -- Up-to-date: /home/gcerioni/ws_ur16/install/controller_manager/share/controller_manager/cmake/ament_cmake_export_dependencies-extras.cmake
[2.999s] -- Up-to-date: /home/gcerioni/ws_ur16/install/controller_manager/share/controller_manager/cmake/controller_managerConfig.cmake
[2.999s] -- Up-to-date: /home/gcerioni/ws_ur16/install/controller_manager/share/controller_manager/cmake/controller_managerConfig-version.cmake
[2.999s] -- Up-to-date: /home/gcerioni/ws_ur16/install/controller_manager/share/controller_manager/package.xml
[2.999s] -- Up-to-date: /home/gcerioni/ws_ur16/install/controller_manager/include/controller_manager/controller_manager/version.h
[3.003s] Invoked command in '/home/gcerioni/ws_ur16/build/controller_manager' returned '0': CMAKE_PREFIX_PATH=/home/gcerioni/ws_ur16/install/hardware_interface_testing:/home/gcerioni/ws_ur16/install/controller_interface:/home/gcerioni/ws_ur16/install/hardware_interface:/home/gcerioni/ws_ur16/install/ros2_control_test_assets:/home/gcerioni/ws_ur16/install/realtime_tools:/home/gcerioni/ws_ur16/install/controller_manager_msgs:/home/gcerioni/ws_ur16/install/control_msgs:/home/gcerioni/ws_ur16/install/ur:/home/gcerioni/ws_ur16/install/ur_calibration:/home/gcerioni/ws_ur16/install/ur_robot_driver:/home/gcerioni/ws_ur16/install/ur_bringup:/home/gcerioni/ws_ur16/install/ros2_controllers:/home/gcerioni/ws_ur16/install/velocity_controllers:/home/gcerioni/ws_ur16/install/ur_controllers:/home/gcerioni/ws_ur16/install/ur_msgs:/home/gcerioni/ws_ur16/install/ur_moveit_config:/home/gcerioni/ws_ur16/install/ur_description:/home/gcerioni/ws_ur16/install/ur_dashboard_msgs:/home/gcerioni/ws_ur16/install/ur_client_library:/home/gcerioni/ws_ur16/install/tricycle_steering_controller:/home/gcerioni/ws_ur16/install/tricycle_controller:/home/gcerioni/ws_ur16/install/ros2_control:/home/gcerioni/ws_ur16/install/transmission_interface:/home/gcerioni/ws_ur16/install/bicycle_steering_controller:/home/gcerioni/ws_ur16/install/ackermann_steering_controller:/home/gcerioni/ws_ur16/install/steering_controllers_library:/home/gcerioni/ws_ur16/install/controller_manager:/home/gcerioni/ws_ur16/install/range_sensor_broadcaster:/home/gcerioni/ws_ur16/install/position_controllers:/home/gcerioni/ws_ur16/install/pose_broadcaster:/home/gcerioni/ws_ur16/install/pid_controller:/home/gcerioni/ws_ur16/install/mecanum_drive_controller:/home/gcerioni/ws_ur16/install/joint_trajectory_controller:/home/gcerioni/ws_ur16/install/joint_state_broadcaster:/home/gcerioni/ws_ur16/install/imu_sensor_broadcaster:/home/gcerioni/ws_ur16/install/gripper_controllers:/home/gcerioni/ws_ur16/install/gpio_controllers:/home/gcerioni/ws_ur16/install/effort_controllers:/home/gcerioni/ws_ur16/install/forward_command_controller:/home/gcerioni/ws_ur16/install/force_torque_sensor_broadcaster:/home/gcerioni/ws_ur16/install/diff_drive_controller:/home/gcerioni/ws_ur16/install/admittance_controller:/home/gcerioni/ws_ur16/install/control_toolbox:/home/gcerioni/ws_ur16/install/kinematics_interface_kdl:/home/gcerioni/ws_ur16/install/kinematics_interface:/home/gcerioni/ws_ur16/install/joint_limits:/home/gcerioni/ws_ur16/install/rqt_joint_trajectory_controller:/home/gcerioni/ws_ur16/install/rqt_controller_manager:/home/gcerioni/ws_ur16/install/ros2controlcli:/home/gcerioni/ws_ur16/install/ros2_controllers_test_nodes:/opt/ros/humble LD_LIBRARY_PATH=/home/gcerioni/ws_ur16/install/hardware_interface_testing/lib:/home/gcerioni/ws_ur16/install/controller_interface/lib:/home/gcerioni/ws_ur16/install/hardware_interface/lib:/home/gcerioni/ws_ur16/install/realtime_tools/lib:/home/gcerioni/ws_ur16/install/controller_manager_msgs/lib:/home/gcerioni/ws_ur16/install/control_msgs/lib:/home/gcerioni/ws_ur16/install/ur_robot_driver/lib:/home/gcerioni/ws_ur16/install/velocity_controllers/lib:/home/gcerioni/ws_ur16/install/ur_controllers/lib:/home/gcerioni/ws_ur16/install/ur_msgs/lib:/home/gcerioni/ws_ur16/install/ur_dashboard_msgs/lib:/home/gcerioni/ws_ur16/install/ur_client_library/lib:/home/gcerioni/ws_ur16/install/tricycle_steering_controller/lib:/home/gcerioni/ws_ur16/install/tricycle_controller/lib:/home/gcerioni/ws_ur16/install/transmission_interface/lib:/home/gcerioni/ws_ur16/install/bicycle_steering_controller/lib:/home/gcerioni/ws_ur16/install/ackermann_steering_controller/lib:/home/gcerioni/ws_ur16/install/steering_controllers_library/lib:/home/gcerioni/ws_ur16/install/controller_manager/lib:/home/gcerioni/ws_ur16/install/range_sensor_broadcaster/lib:/home/gcerioni/ws_ur16/install/position_controllers/lib:/home/gcerioni/ws_ur16/install/pose_broadcaster/lib:/home/gcerioni/ws_ur16/install/pid_controller/lib:/home/gcerioni/ws_ur16/install/mecanum_drive_controller/lib:/home/gcerioni/ws_ur16/install/joint_trajectory_controller/lib:/home/gcerioni/ws_ur16/install/joint_state_broadcaster/lib:/home/gcerioni/ws_ur16/install/imu_sensor_broadcaster/lib:/home/gcerioni/ws_ur16/install/gripper_controllers/lib:/home/gcerioni/ws_ur16/install/gpio_controllers/lib:/home/gcerioni/ws_ur16/install/effort_controllers/lib:/home/gcerioni/ws_ur16/install/forward_command_controller/lib:/home/gcerioni/ws_ur16/install/force_torque_sensor_broadcaster/lib:/home/gcerioni/ws_ur16/install/diff_drive_controller/lib:/home/gcerioni/ws_ur16/install/admittance_controller/lib:/home/gcerioni/ws_ur16/install/control_toolbox/lib:/home/gcerioni/ws_ur16/install/kinematics_interface_kdl/lib:/home/gcerioni/ws_ur16/install/kinematics_interface/lib:/home/gcerioni/ws_ur16/install/joint_limits/lib:/opt/ros/humble/opt/rviz_ogre_vendor/lib:/opt/ros/humble/lib/x86_64-linux-gnu:/opt/ros/humble/lib /usr/bin/cmake --install /home/gcerioni/ws_ur16/build/controller_manager
