[0.045s] Invoking command in '/home/gcerioni/ws_ur16/build/forward_command_controller': AMENT_PREFIX_PATH=/home/gcerioni/ws_ur16/install/controller_manager:/home/gcerioni/ws_ur16/install/hardware_interface_testing:/home/gcerioni/ws_ur16/install/controller_interface:/home/gcerioni/ws_ur16/install/hardware_interface:/home/gcerioni/ws_ur16/install/ros2_control_test_assets:/home/gcerioni/ws_ur16/install/realtime_tools:/home/gcerioni/ws_ur16/install/controller_manager_msgs:/home/gcerioni/ws_ur16/install/control_msgs:${AMENT_PREFIX_PATH} CMAKE_PREFIX_PATH=/home/gcerioni/ws_ur16/install/controller_manager:/home/gcerioni/ws_ur16/install/hardware_interface_testing:/home/gcerioni/ws_ur16/install/controller_interface:/home/gcerioni/ws_ur16/install/hardware_interface:/home/gcerioni/ws_ur16/install/ros2_control_test_assets:/home/gcerioni/ws_ur16/install/realtime_tools:/home/gcerioni/ws_ur16/install/controller_manager_msgs:/home/gcerioni/ws_ur16/install/control_msgs:/opt/ros/humble LD_LIBRARY_PATH=/home/gcerioni/ws_ur16/install/controller_manager/lib:/home/gcerioni/ws_ur16/install/hardware_interface_testing/lib:/home/gcerioni/ws_ur16/install/controller_interface/lib:/home/gcerioni/ws_ur16/install/hardware_interface/lib:/home/gcerioni/ws_ur16/install/realtime_tools/lib:/home/gcerioni/ws_ur16/install/controller_manager_msgs/lib:/home/gcerioni/ws_ur16/install/control_msgs/lib:${LD_LIBRARY_PATH} PYTHONPATH=/home/gcerioni/ws_ur16/install/controller_manager/local/lib/python3.10/dist-packages:/home/gcerioni/ws_ur16/install/controller_manager_msgs/local/lib/python3.10/dist-packages:/home/gcerioni/ws_ur16/install/control_msgs/local/lib/python3.10/dist-packages:${PYTHONPATH} /usr/bin/cmake --build /home/gcerioni/ws_ur16/build/forward_command_controller -- -j8 -l8
[0.125s] [35m[1mConsolidate compiler generated dependencies of target gmock_main[0m
[0.132s] [  9%] Built target forward_command_controller_parameters
[0.133s] [35m[1mConsolidate compiler generated dependencies of target gmock[0m
[0.173s] [ 19%] Built target multi_interface_forward_command_controller_parameters
[0.184s] [ 28%] Built target gmock_main
[0.195s] [ 42%] Built target gmock
[0.205s] [35m[1mConsolidate compiler generated dependencies of target forward_command_controller[0m
[0.251s] [ 61%] Built target forward_command_controller
[0.287s] [35m[1mConsolidate compiler generated dependencies of target test_load_forward_command_controller[0m
[0.304s] [35m[1mConsolidate compiler generated dependencies of target test_multi_interface_forward_command_controller[0m
[0.304s] [35m[1mConsolidate compiler generated dependencies of target test_load_multi_interface_forward_command_controller[0m
[0.305s] [35m[1mConsolidate compiler generated dependencies of target test_forward_command_controller[0m
[0.350s] [ 71%] Built target test_load_multi_interface_forward_command_controller
[0.368s] [ 80%] Built target test_multi_interface_forward_command_controller
[0.369s] [ 90%] Built target test_load_forward_command_controller
[0.389s] [100%] Built target test_forward_command_controller
[0.444s] Invoked command in '/home/gcerioni/ws_ur16/build/forward_command_controller' returned '0': AMENT_PREFIX_PATH=/home/gcerioni/ws_ur16/install/controller_manager:/home/gcerioni/ws_ur16/install/hardware_interface_testing:/home/gcerioni/ws_ur16/install/controller_interface:/home/gcerioni/ws_ur16/install/hardware_interface:/home/gcerioni/ws_ur16/install/ros2_control_test_assets:/home/gcerioni/ws_ur16/install/realtime_tools:/home/gcerioni/ws_ur16/install/controller_manager_msgs:/home/gcerioni/ws_ur16/install/control_msgs:${AMENT_PREFIX_PATH} CMAKE_PREFIX_PATH=/home/gcerioni/ws_ur16/install/controller_manager:/home/gcerioni/ws_ur16/install/hardware_interface_testing:/home/gcerioni/ws_ur16/install/controller_interface:/home/gcerioni/ws_ur16/install/hardware_interface:/home/gcerioni/ws_ur16/install/ros2_control_test_assets:/home/gcerioni/ws_ur16/install/realtime_tools:/home/gcerioni/ws_ur16/install/controller_manager_msgs:/home/gcerioni/ws_ur16/install/control_msgs:/opt/ros/humble LD_LIBRARY_PATH=/home/gcerioni/ws_ur16/install/controller_manager/lib:/home/gcerioni/ws_ur16/install/hardware_interface_testing/lib:/home/gcerioni/ws_ur16/install/controller_interface/lib:/home/gcerioni/ws_ur16/install/hardware_interface/lib:/home/gcerioni/ws_ur16/install/realtime_tools/lib:/home/gcerioni/ws_ur16/install/controller_manager_msgs/lib:/home/gcerioni/ws_ur16/install/control_msgs/lib:${LD_LIBRARY_PATH} PYTHONPATH=/home/gcerioni/ws_ur16/install/controller_manager/local/lib/python3.10/dist-packages:/home/gcerioni/ws_ur16/install/controller_manager_msgs/local/lib/python3.10/dist-packages:/home/gcerioni/ws_ur16/install/control_msgs/local/lib/python3.10/dist-packages:${PYTHONPATH} /usr/bin/cmake --build /home/gcerioni/ws_ur16/build/forward_command_controller -- -j8 -l8
[0.446s] Invoking command in '/home/gcerioni/ws_ur16/build/forward_command_controller': AMENT_PREFIX_PATH=/home/gcerioni/ws_ur16/install/controller_manager:/home/gcerioni/ws_ur16/install/hardware_interface_testing:/home/gcerioni/ws_ur16/install/controller_interface:/home/gcerioni/ws_ur16/install/hardware_interface:/home/gcerioni/ws_ur16/install/ros2_control_test_assets:/home/gcerioni/ws_ur16/install/realtime_tools:/home/gcerioni/ws_ur16/install/controller_manager_msgs:/home/gcerioni/ws_ur16/install/control_msgs:${AMENT_PREFIX_PATH} CMAKE_PREFIX_PATH=/home/gcerioni/ws_ur16/install/controller_manager:/home/gcerioni/ws_ur16/install/hardware_interface_testing:/home/gcerioni/ws_ur16/install/controller_interface:/home/gcerioni/ws_ur16/install/hardware_interface:/home/gcerioni/ws_ur16/install/ros2_control_test_assets:/home/gcerioni/ws_ur16/install/realtime_tools:/home/gcerioni/ws_ur16/install/controller_manager_msgs:/home/gcerioni/ws_ur16/install/control_msgs:/opt/ros/humble LD_LIBRARY_PATH=/home/gcerioni/ws_ur16/install/controller_manager/lib:/home/gcerioni/ws_ur16/install/hardware_interface_testing/lib:/home/gcerioni/ws_ur16/install/controller_interface/lib:/home/gcerioni/ws_ur16/install/hardware_interface/lib:/home/gcerioni/ws_ur16/install/realtime_tools/lib:/home/gcerioni/ws_ur16/install/controller_manager_msgs/lib:/home/gcerioni/ws_ur16/install/control_msgs/lib:${LD_LIBRARY_PATH} PYTHONPATH=/home/gcerioni/ws_ur16/install/controller_manager/local/lib/python3.10/dist-packages:/home/gcerioni/ws_ur16/install/controller_manager_msgs/local/lib/python3.10/dist-packages:/home/gcerioni/ws_ur16/install/control_msgs/local/lib/python3.10/dist-packages:${PYTHONPATH} /usr/bin/cmake --install /home/gcerioni/ws_ur16/build/forward_command_controller
[0.461s] -- Install configuration: "Release"
[0.462s] -- Up-to-date: /home/gcerioni/ws_ur16/install/forward_command_controller/include/forward_command_controller
[0.463s] -- Up-to-date: /home/gcerioni/ws_ur16/install/forward_command_controller/include/forward_command_controller/multi_interface_forward_command_controller_parameters.hpp
[0.463s] -- Up-to-date: /home/gcerioni/ws_ur16/install/forward_command_controller/include/forward_command_controller/forward_command_controller_parameters.hpp
[0.463s] -- Up-to-date: /home/gcerioni/ws_ur16/install/forward_command_controller/include/forward_command_controller
[0.463s] -- Up-to-date: /home/gcerioni/ws_ur16/install/forward_command_controller/include/forward_command_controller/multi_interface_forward_command_controller_parameters.hpp
[0.463s] -- Up-to-date: /home/gcerioni/ws_ur16/install/forward_command_controller/include/forward_command_controller/forward_command_controller_parameters.hpp
[0.463s] -- Up-to-date: /home/gcerioni/ws_ur16/install/forward_command_controller/share/forward_command_controller/forward_command_plugin.xml
[0.463s] -- Up-to-date: /home/gcerioni/ws_ur16/install/forward_command_controller/include/forward_command_controller
[0.463s] -- Up-to-date: /home/gcerioni/ws_ur16/install/forward_command_controller/include/forward_command_controller/forward_command_controller
[0.464s] -- Up-to-date: /home/gcerioni/ws_ur16/install/forward_command_controller/include/forward_command_controller/forward_command_controller/visibility_control.h
[0.464s] -- Up-to-date: /home/gcerioni/ws_ur16/install/forward_command_controller/include/forward_command_controller/forward_command_controller/forward_command_controller.hpp
[0.464s] -- Up-to-date: /home/gcerioni/ws_ur16/install/forward_command_controller/include/forward_command_controller/forward_command_controller/multi_interface_forward_command_controller.hpp
[0.464s] -- Up-to-date: /home/gcerioni/ws_ur16/install/forward_command_controller/include/forward_command_controller/forward_command_controller/forward_controllers_base.hpp
[0.464s] -- Up-to-date: /home/gcerioni/ws_ur16/install/forward_command_controller/lib/libforward_command_controller.so
[0.464s] -- Up-to-date: /home/gcerioni/ws_ur16/install/forward_command_controller/share/forward_command_controller/environment/library_path.sh
[0.465s] -- Up-to-date: /home/gcerioni/ws_ur16/install/forward_command_controller/share/forward_command_controller/environment/library_path.dsv
[0.465s] -- Up-to-date: /home/gcerioni/ws_ur16/install/forward_command_controller/share/ament_index/resource_index/package_run_dependencies/forward_command_controller
[0.465s] -- Up-to-date: /home/gcerioni/ws_ur16/install/forward_command_controller/share/ament_index/resource_index/parent_prefix_path/forward_command_controller
[0.465s] -- Up-to-date: /home/gcerioni/ws_ur16/install/forward_command_controller/share/forward_command_controller/environment/ament_prefix_path.sh
[0.466s] -- Up-to-date: /home/gcerioni/ws_ur16/install/forward_command_controller/share/forward_command_controller/environment/ament_prefix_path.dsv
[0.466s] -- Up-to-date: /home/gcerioni/ws_ur16/install/forward_command_controller/share/forward_command_controller/environment/path.sh
[0.467s] -- Up-to-date: /home/gcerioni/ws_ur16/install/forward_command_controller/share/forward_command_controller/environment/path.dsv
[0.467s] -- Up-to-date: /home/gcerioni/ws_ur16/install/forward_command_controller/share/forward_command_controller/local_setup.bash
[0.467s] -- Up-to-date: /home/gcerioni/ws_ur16/install/forward_command_controller/share/forward_command_controller/local_setup.sh
[0.468s] -- Up-to-date: /home/gcerioni/ws_ur16/install/forward_command_controller/share/forward_command_controller/local_setup.zsh
[0.468s] -- Up-to-date: /home/gcerioni/ws_ur16/install/forward_command_controller/share/forward_command_controller/local_setup.dsv
[0.468s] -- Installing: /home/gcerioni/ws_ur16/install/forward_command_controller/share/forward_command_controller/package.dsv
[0.468s] -- Up-to-date: /home/gcerioni/ws_ur16/install/forward_command_controller/share/ament_index/resource_index/packages/forward_command_controller
[0.468s] -- Up-to-date: /home/gcerioni/ws_ur16/install/forward_command_controller/share/ament_index/resource_index/controller_interface__pluginlib__plugin/forward_command_controller
[0.469s] -- Up-to-date: /home/gcerioni/ws_ur16/install/forward_command_controller/share/forward_command_controller/cmake/export_forward_command_controllerExport.cmake
[0.469s] -- Up-to-date: /home/gcerioni/ws_ur16/install/forward_command_controller/share/forward_command_controller/cmake/export_forward_command_controllerExport-release.cmake
[0.469s] -- Up-to-date: /home/gcerioni/ws_ur16/install/forward_command_controller/share/forward_command_controller/cmake/ament_cmake_export_dependencies-extras.cmake
[0.469s] -- Up-to-date: /home/gcerioni/ws_ur16/install/forward_command_controller/share/forward_command_controller/cmake/ament_cmake_export_targets-extras.cmake
[0.469s] -- Up-to-date: /home/gcerioni/ws_ur16/install/forward_command_controller/share/forward_command_controller/cmake/forward_command_controllerConfig.cmake
[0.469s] -- Up-to-date: /home/gcerioni/ws_ur16/install/forward_command_controller/share/forward_command_controller/cmake/forward_command_controllerConfig-version.cmake
[0.470s] -- Up-to-date: /home/gcerioni/ws_ur16/install/forward_command_controller/share/forward_command_controller/package.xml
[0.554s] Invoked command in '/home/gcerioni/ws_ur16/build/forward_command_controller' returned '0': AMENT_PREFIX_PATH=/home/gcerioni/ws_ur16/install/controller_manager:/home/gcerioni/ws_ur16/install/hardware_interface_testing:/home/gcerioni/ws_ur16/install/controller_interface:/home/gcerioni/ws_ur16/install/hardware_interface:/home/gcerioni/ws_ur16/install/ros2_control_test_assets:/home/gcerioni/ws_ur16/install/realtime_tools:/home/gcerioni/ws_ur16/install/controller_manager_msgs:/home/gcerioni/ws_ur16/install/control_msgs:${AMENT_PREFIX_PATH} CMAKE_PREFIX_PATH=/home/gcerioni/ws_ur16/install/controller_manager:/home/gcerioni/ws_ur16/install/hardware_interface_testing:/home/gcerioni/ws_ur16/install/controller_interface:/home/gcerioni/ws_ur16/install/hardware_interface:/home/gcerioni/ws_ur16/install/ros2_control_test_assets:/home/gcerioni/ws_ur16/install/realtime_tools:/home/gcerioni/ws_ur16/install/controller_manager_msgs:/home/gcerioni/ws_ur16/install/control_msgs:/opt/ros/humble LD_LIBRARY_PATH=/home/gcerioni/ws_ur16/install/controller_manager/lib:/home/gcerioni/ws_ur16/install/hardware_interface_testing/lib:/home/gcerioni/ws_ur16/install/controller_interface/lib:/home/gcerioni/ws_ur16/install/hardware_interface/lib:/home/gcerioni/ws_ur16/install/realtime_tools/lib:/home/gcerioni/ws_ur16/install/controller_manager_msgs/lib:/home/gcerioni/ws_ur16/install/control_msgs/lib:${LD_LIBRARY_PATH} PYTHONPATH=/home/gcerioni/ws_ur16/install/controller_manager/local/lib/python3.10/dist-packages:/home/gcerioni/ws_ur16/install/controller_manager_msgs/local/lib/python3.10/dist-packages:/home/gcerioni/ws_ur16/install/control_msgs/local/lib/python3.10/dist-packages:${PYTHONPATH} /usr/bin/cmake --install /home/gcerioni/ws_ur16/build/forward_command_controller
