[0.066s] Invoking command in '/home/gcerioni/ws_ur16/build/ur_msgs': CMAKE_PREFIX_PATH=${CMAKE_PREFIX_PATH}:/home/gcerioni/ws_ur16/install/rqt_joint_trajectory_controller:/home/gcerioni/ws_ur16/install/rqt_controller_manager:/home/gcerioni/ws_ur16/install/ros2controlcli:/home/gcerioni/ws_ur16/install/ros2_controllers_test_nodes:/opt/ros/humble /usr/bin/cmake /home/gcerioni/ws_ur16/src/ur_msgs -DCMAKE_INSTALL_PREFIX=/home/gcerioni/ws_ur16/install/ur_msgs
[0.597s] -- Found ament_cmake: 1.3.11 (/opt/ros/humble/share/ament_cmake/cmake)
[0.597s] -- Found builtin_interfaces: 1.2.1 (/opt/ros/humble/share/builtin_interfaces/cmake)
[0.597s] -- Found rosidl_generator_c: 3.1.6 (/opt/ros/humble/share/rosidl_generator_c/cmake)
[0.597s] -- Found rosidl_adapter: 3.1.6 (/opt/ros/humble/share/rosidl_adapter/cmake)
[0.597s] -- Found rosidl_generator_cpp: 3.1.6 (/opt/ros/humble/share/rosidl_generator_cpp/cmake)
[0.597s] -- Using all available rosidl_typesupport_c: rosidl_typesupport_fastrtps_c;rosidl_typesupport_introspection_c
[0.597s] -- Using all available rosidl_typesupport_cpp: rosidl_typesupport_fastrtps_cpp;rosidl_typesupport_introspection_cpp
[0.598s] -- Found rosidl_default_generators: 1.2.0 (/opt/ros/humble/share/rosidl_default_generators/cmake)
[0.598s] -- Found geometry_msgs: 4.2.4 (/opt/ros/humble/share/geometry_msgs/cmake)
[0.617s] -- Found ament_lint_auto: 0.12.11 (/opt/ros/humble/share/ament_lint_auto/cmake)
[1.473s] -- Found ament_cmake_ros: 0.10.0 (/opt/ros/humble/share/ament_cmake_ros/cmake)
[2.640s] -- Using all available rosidl_typesupport_c: rosidl_typesupport_fastrtps_c;rosidl_typesupport_introspection_c
[3.091s] -- Using all available rosidl_typesupport_cpp: rosidl_typesupport_fastrtps_cpp;rosidl_typesupport_introspection_cpp
[3.242s] -- Found python_cmake_module: 0.10.0 (/opt/ros/humble/share/python_cmake_module/cmake)
[3.323s] -- Using PYTHON_EXECUTABLE: /usr/bin/python3
[3.324s] -- Using PYTHON_INCLUDE_DIRS: /usr/include/python3.10
[3.324s] -- Using PYTHON_LIBRARIES: /usr/lib/x86_64-linux-gnu/libpython3.10.so
[3.585s] -- Added test 'copyright' to check source files copyright and LICENSE
[3.604s] -- Added test 'lint_cmake' to check CMake code style
[3.611s] -- Added test 'xmllint' to check XML markup files
[3.628s] -- Configuring done
[3.819s] -- Generating done
[3.853s] -- Build files have been written to: /home/gcerioni/ws_ur16/build/ur_msgs
[3.867s] Invoked command in '/home/gcerioni/ws_ur16/build/ur_msgs' returned '0': CMAKE_PREFIX_PATH=${CMAKE_PREFIX_PATH}:/home/gcerioni/ws_ur16/install/rqt_joint_trajectory_controller:/home/gcerioni/ws_ur16/install/rqt_controller_manager:/home/gcerioni/ws_ur16/install/ros2controlcli:/home/gcerioni/ws_ur16/install/ros2_controllers_test_nodes:/opt/ros/humble /usr/bin/cmake /home/gcerioni/ws_ur16/src/ur_msgs -DCMAKE_INSTALL_PREFIX=/home/gcerioni/ws_ur16/install/ur_msgs
[3.870s] Invoking command in '/home/gcerioni/ws_ur16/build/ur_msgs': CMAKE_PREFIX_PATH=${CMAKE_PREFIX_PATH}:/home/gcerioni/ws_ur16/install/rqt_joint_trajectory_controller:/home/gcerioni/ws_ur16/install/rqt_controller_manager:/home/gcerioni/ws_ur16/install/ros2controlcli:/home/gcerioni/ws_ur16/install/ros2_controllers_test_nodes:/opt/ros/humble /usr/bin/cmake --build /home/gcerioni/ws_ur16/build/ur_msgs -- -j8 -l8
[4.067s] [35m[1mConsolidate compiler generated dependencies of target ur_msgs__rosidl_generator_c[0m
[4.080s] [  0%] Built target ur_msgs__cpp
[4.107s] [ 12%] Built target ur_msgs__rosidl_generator_c
[4.133s] [ 12%] Built target ament_cmake_python_copy_ur_msgs
[4.152s] [35m[1mConsolidate compiler generated dependencies of target ur_msgs__rosidl_typesupport_introspection_c[0m
[4.154s] [35m[1mConsolidate compiler generated dependencies of target ur_msgs__rosidl_typesupport_cpp[0m
[4.155s] [35m[1mConsolidate compiler generated dependencies of target ur_msgs__rosidl_typesupport_fastrtps_cpp[0m
[4.156s] [35m[1mConsolidate compiler generated dependencies of target ur_msgs__rosidl_typesupport_introspection_cpp[0m
[4.156s] [35m[1mConsolidate compiler generated dependencies of target ur_msgs__rosidl_typesupport_c[0m
[4.157s] [35m[1mConsolidate compiler generated dependencies of target ur_msgs__rosidl_typesupport_fastrtps_c[0m
[4.161s] [ 24%] Built target ur_msgs__rosidl_typesupport_c
[4.161s] [ 36%] Built target ur_msgs__rosidl_typesupport_introspection_c
[4.161s] [ 48%] Built target ur_msgs__rosidl_typesupport_cpp
[4.166s] [ 60%] Built target ur_msgs__rosidl_typesupport_fastrtps_cpp
[4.167s] [ 72%] Built target ur_msgs__rosidl_typesupport_fastrtps_c
[4.176s] [ 84%] Built target ur_msgs__rosidl_typesupport_introspection_cpp
[4.215s] [ 84%] Built target ur_msgs
[4.260s] [ 85%] Built target ur_msgs__py
[4.283s] [35m[1mConsolidate compiler generated dependencies of target ur_msgs__rosidl_generator_py[0m
[4.334s] [ 96%] Built target ur_msgs__rosidl_generator_py
[4.381s] [35m[1mConsolidate compiler generated dependencies of target ur_msgs__rosidl_typesupport_fastrtps_c__pyext[0m
[4.382s] [35m[1mConsolidate compiler generated dependencies of target ur_msgs__rosidl_typesupport_c__pyext[0m
[4.385s] [35m[1mConsolidate compiler generated dependencies of target ur_msgs__rosidl_typesupport_introspection_c__pyext[0m
[4.435s] [ 97%] Built target ur_msgs__rosidl_typesupport_fastrtps_c__pyext
[4.439s] [ 98%] Built target ur_msgs__rosidl_typesupport_c__pyext
[4.444s] [100%] Built target ur_msgs__rosidl_typesupport_introspection_c__pyext
[4.570s] running egg_info
[4.571s] writing ur_msgs.egg-info/PKG-INFO
[4.571s] writing dependency_links to ur_msgs.egg-info/dependency_links.txt
[4.571s] writing top-level names to ur_msgs.egg-info/top_level.txt
[4.575s] reading manifest file 'ur_msgs.egg-info/SOURCES.txt'
[4.576s] writing manifest file 'ur_msgs.egg-info/SOURCES.txt'
[4.621s] [100%] Built target ament_cmake_python_build_ur_msgs_egg
[4.639s] Invoked command in '/home/gcerioni/ws_ur16/build/ur_msgs' returned '0': CMAKE_PREFIX_PATH=${CMAKE_PREFIX_PATH}:/home/gcerioni/ws_ur16/install/rqt_joint_trajectory_controller:/home/gcerioni/ws_ur16/install/rqt_controller_manager:/home/gcerioni/ws_ur16/install/ros2controlcli:/home/gcerioni/ws_ur16/install/ros2_controllers_test_nodes:/opt/ros/humble /usr/bin/cmake --build /home/gcerioni/ws_ur16/build/ur_msgs -- -j8 -l8
[4.641s] Invoking command in '/home/gcerioni/ws_ur16/build/ur_msgs': CMAKE_PREFIX_PATH=${CMAKE_PREFIX_PATH}:/home/gcerioni/ws_ur16/install/rqt_joint_trajectory_controller:/home/gcerioni/ws_ur16/install/rqt_controller_manager:/home/gcerioni/ws_ur16/install/ros2controlcli:/home/gcerioni/ws_ur16/install/ros2_controllers_test_nodes:/opt/ros/humble /usr/bin/cmake --install /home/gcerioni/ws_ur16/build/ur_msgs
[4.654s] -- Install configuration: "Release"
[4.654s] -- Up-to-date: /home/gcerioni/ws_ur16/install/ur_msgs/share/ament_index/resource_index/rosidl_interfaces/ur_msgs
[4.654s] -- Up-to-date: /home/gcerioni/ws_ur16/install/ur_msgs/include/ur_msgs/ur_msgs
[4.654s] -- Up-to-date: /home/gcerioni/ws_ur16/install/ur_msgs/include/ur_msgs/ur_msgs/msg
[4.654s] -- Up-to-date: /home/gcerioni/ws_ur16/install/ur_msgs/include/ur_msgs/ur_msgs/msg/detail
[4.654s] -- Up-to-date: /home/gcerioni/ws_ur16/install/ur_msgs/include/ur_msgs/ur_msgs/msg/detail/robot_state_rt_msg__functions.c
[4.655s] -- Up-to-date: /home/gcerioni/ws_ur16/install/ur_msgs/include/ur_msgs/ur_msgs/msg/detail/io_states__functions.c
[4.655s] -- Up-to-date: /home/gcerioni/ws_ur16/install/ur_msgs/include/ur_msgs/ur_msgs/msg/detail/io_states__type_support.h
[4.655s] -- Up-to-date: /home/gcerioni/ws_ur16/install/ur_msgs/include/ur_msgs/ur_msgs/msg/detail/robot_mode_data_msg__functions.c
[4.655s] -- Up-to-date: /home/gcerioni/ws_ur16/install/ur_msgs/include/ur_msgs/ur_msgs/msg/detail/tool_data_msg__type_support.h
[4.655s] -- Up-to-date: /home/gcerioni/ws_ur16/install/ur_msgs/include/ur_msgs/ur_msgs/msg/detail/io_states__struct.h
[4.655s] -- Up-to-date: /home/gcerioni/ws_ur16/install/ur_msgs/include/ur_msgs/ur_msgs/msg/detail/io_states__functions.h
[4.655s] -- Up-to-date: /home/gcerioni/ws_ur16/install/ur_msgs/include/ur_msgs/ur_msgs/msg/detail/tool_data_msg__functions.h
[4.655s] -- Up-to-date: /home/gcerioni/ws_ur16/install/ur_msgs/include/ur_msgs/ur_msgs/msg/detail/digital__type_support.h
[4.656s] -- Up-to-date: /home/gcerioni/ws_ur16/install/ur_msgs/include/ur_msgs/ur_msgs/msg/detail/robot_mode_data_msg__type_support.h
[4.656s] -- Up-to-date: /home/gcerioni/ws_ur16/install/ur_msgs/include/ur_msgs/ur_msgs/msg/detail/robot_mode_data_msg__struct.h
[4.656s] -- Up-to-date: /home/gcerioni/ws_ur16/install/ur_msgs/include/ur_msgs/ur_msgs/msg/detail/digital__functions.h
[4.656s] -- Up-to-date: /home/gcerioni/ws_ur16/install/ur_msgs/include/ur_msgs/ur_msgs/msg/detail/robot_mode_data_msg__functions.h
[4.656s] -- Up-to-date: /home/gcerioni/ws_ur16/install/ur_msgs/include/ur_msgs/ur_msgs/msg/detail/tool_data_msg__functions.c
[4.656s] -- Up-to-date: /home/gcerioni/ws_ur16/install/ur_msgs/include/ur_msgs/ur_msgs/msg/detail/masterboard_data_msg__functions.h
[4.656s] -- Up-to-date: /home/gcerioni/ws_ur16/install/ur_msgs/include/ur_msgs/ur_msgs/msg/detail/tool_data_msg__struct.h
[4.656s] -- Up-to-date: /home/gcerioni/ws_ur16/install/ur_msgs/include/ur_msgs/ur_msgs/msg/detail/analog__functions.c
[4.656s] -- Up-to-date: /home/gcerioni/ws_ur16/install/ur_msgs/include/ur_msgs/ur_msgs/msg/detail/digital__struct.h
[4.657s] -- Up-to-date: /home/gcerioni/ws_ur16/install/ur_msgs/include/ur_msgs/ur_msgs/msg/detail/robot_state_rt_msg__type_support.h
[4.657s] -- Up-to-date: /home/gcerioni/ws_ur16/install/ur_msgs/include/ur_msgs/ur_msgs/msg/detail/masterboard_data_msg__struct.h
[4.657s] -- Up-to-date: /home/gcerioni/ws_ur16/install/ur_msgs/include/ur_msgs/ur_msgs/msg/detail/analog__struct.h
[4.657s] -- Up-to-date: /home/gcerioni/ws_ur16/install/ur_msgs/include/ur_msgs/ur_msgs/msg/detail/digital__functions.c
[4.657s] -- Up-to-date: /home/gcerioni/ws_ur16/install/ur_msgs/include/ur_msgs/ur_msgs/msg/detail/masterboard_data_msg__functions.c
[4.657s] -- Up-to-date: /home/gcerioni/ws_ur16/install/ur_msgs/include/ur_msgs/ur_msgs/msg/detail/masterboard_data_msg__type_support.h
[4.657s] -- Up-to-date: /home/gcerioni/ws_ur16/install/ur_msgs/include/ur_msgs/ur_msgs/msg/detail/robot_state_rt_msg__struct.h
[4.657s] -- Up-to-date: /home/gcerioni/ws_ur16/install/ur_msgs/include/ur_msgs/ur_msgs/msg/detail/analog__type_support.h
[4.658s] -- Up-to-date: /home/gcerioni/ws_ur16/install/ur_msgs/include/ur_msgs/ur_msgs/msg/detail/robot_state_rt_msg__functions.h
[4.658s] -- Up-to-date: /home/gcerioni/ws_ur16/install/ur_msgs/include/ur_msgs/ur_msgs/msg/detail/analog__functions.h
[4.658s] -- Up-to-date: /home/gcerioni/ws_ur16/install/ur_msgs/include/ur_msgs/ur_msgs/msg/robot_state_rt_msg.h
[4.658s] -- Up-to-date: /home/gcerioni/ws_ur16/install/ur_msgs/include/ur_msgs/ur_msgs/msg/robot_mode_data_msg.h
[4.658s] -- Up-to-date: /home/gcerioni/ws_ur16/install/ur_msgs/include/ur_msgs/ur_msgs/msg/rosidl_generator_c__visibility_control.h
[4.658s] -- Up-to-date: /home/gcerioni/ws_ur16/install/ur_msgs/include/ur_msgs/ur_msgs/msg/tool_data_msg.h
[4.659s] -- Up-to-date: /home/gcerioni/ws_ur16/install/ur_msgs/include/ur_msgs/ur_msgs/msg/digital.h
[4.659s] -- Up-to-date: /home/gcerioni/ws_ur16/install/ur_msgs/include/ur_msgs/ur_msgs/msg/analog.h
[4.659s] -- Up-to-date: /home/gcerioni/ws_ur16/install/ur_msgs/include/ur_msgs/ur_msgs/msg/io_states.h
[4.659s] -- Up-to-date: /home/gcerioni/ws_ur16/install/ur_msgs/include/ur_msgs/ur_msgs/msg/masterboard_data_msg.h
[4.659s] -- Up-to-date: /home/gcerioni/ws_ur16/install/ur_msgs/include/ur_msgs/ur_msgs/action
[4.659s] -- Up-to-date: /home/gcerioni/ws_ur16/install/ur_msgs/include/ur_msgs/ur_msgs/action/detail
[4.659s] -- Up-to-date: /home/gcerioni/ws_ur16/install/ur_msgs/include/ur_msgs/ur_msgs/action/detail/tool_contact__functions.h
[4.660s] -- Up-to-date: /home/gcerioni/ws_ur16/install/ur_msgs/include/ur_msgs/ur_msgs/action/detail/tool_contact__functions.c
[4.660s] -- Up-to-date: /home/gcerioni/ws_ur16/install/ur_msgs/include/ur_msgs/ur_msgs/action/detail/tool_contact__struct.h
[4.660s] -- Up-to-date: /home/gcerioni/ws_ur16/install/ur_msgs/include/ur_msgs/ur_msgs/action/detail/tool_contact__type_support.h
[4.660s] -- Up-to-date: /home/gcerioni/ws_ur16/install/ur_msgs/include/ur_msgs/ur_msgs/action/tool_contact.h
[4.660s] -- Up-to-date: /home/gcerioni/ws_ur16/install/ur_msgs/include/ur_msgs/ur_msgs/srv
[4.660s] -- Up-to-date: /home/gcerioni/ws_ur16/install/ur_msgs/include/ur_msgs/ur_msgs/srv/set_speed_slider_fraction.h
[4.660s] -- Up-to-date: /home/gcerioni/ws_ur16/install/ur_msgs/include/ur_msgs/ur_msgs/srv/detail
[4.660s] -- Up-to-date: /home/gcerioni/ws_ur16/install/ur_msgs/include/ur_msgs/ur_msgs/srv/detail/set_payload__functions.c
[4.661s] -- Up-to-date: /home/gcerioni/ws_ur16/install/ur_msgs/include/ur_msgs/ur_msgs/srv/detail/set_payload__type_support.h
[4.661s] -- Up-to-date: /home/gcerioni/ws_ur16/install/ur_msgs/include/ur_msgs/ur_msgs/srv/detail/get_robot_software_version__functions.c
[4.661s] -- Up-to-date: /home/gcerioni/ws_ur16/install/ur_msgs/include/ur_msgs/ur_msgs/srv/detail/set_io__functions.h
[4.661s] -- Up-to-date: /home/gcerioni/ws_ur16/install/ur_msgs/include/ur_msgs/ur_msgs/srv/detail/set_analog_output__functions.c
[4.661s] -- Up-to-date: /home/gcerioni/ws_ur16/install/ur_msgs/include/ur_msgs/ur_msgs/srv/detail/get_robot_software_version__struct.h
[4.661s] -- Up-to-date: /home/gcerioni/ws_ur16/install/ur_msgs/include/ur_msgs/ur_msgs/srv/detail/set_force_mode__functions.c
[4.661s] -- Up-to-date: /home/gcerioni/ws_ur16/install/ur_msgs/include/ur_msgs/ur_msgs/srv/detail/set_analog_output__struct.h
[4.661s] -- Up-to-date: /home/gcerioni/ws_ur16/install/ur_msgs/include/ur_msgs/ur_msgs/srv/detail/set_force_mode__struct.h
[4.662s] -- Up-to-date: /home/gcerioni/ws_ur16/install/ur_msgs/include/ur_msgs/ur_msgs/srv/detail/set_speed_slider_fraction__type_support.h
[4.662s] -- Up-to-date: /home/gcerioni/ws_ur16/install/ur_msgs/include/ur_msgs/ur_msgs/srv/detail/set_io__struct.h
[4.662s] -- Up-to-date: /home/gcerioni/ws_ur16/install/ur_msgs/include/ur_msgs/ur_msgs/srv/detail/get_robot_software_version__type_support.h
[4.662s] -- Up-to-date: /home/gcerioni/ws_ur16/install/ur_msgs/include/ur_msgs/ur_msgs/srv/detail/set_analog_output__functions.h
[4.662s] -- Up-to-date: /home/gcerioni/ws_ur16/install/ur_msgs/include/ur_msgs/ur_msgs/srv/detail/set_speed_slider_fraction__struct.h
[4.662s] -- Up-to-date: /home/gcerioni/ws_ur16/install/ur_msgs/include/ur_msgs/ur_msgs/srv/detail/set_payload__functions.h
[4.662s] -- Up-to-date: /home/gcerioni/ws_ur16/install/ur_msgs/include/ur_msgs/ur_msgs/srv/detail/set_force_mode__functions.h
[4.662s] -- Up-to-date: /home/gcerioni/ws_ur16/install/ur_msgs/include/ur_msgs/ur_msgs/srv/detail/set_io__functions.c
[4.663s] -- Up-to-date: /home/gcerioni/ws_ur16/install/ur_msgs/include/ur_msgs/ur_msgs/srv/detail/set_force_mode__type_support.h
[4.663s] -- Up-to-date: /home/gcerioni/ws_ur16/install/ur_msgs/include/ur_msgs/ur_msgs/srv/detail/set_analog_output__type_support.h
[4.663s] -- Up-to-date: /home/gcerioni/ws_ur16/install/ur_msgs/include/ur_msgs/ur_msgs/srv/detail/set_speed_slider_fraction__functions.h
[4.663s] -- Up-to-date: /home/gcerioni/ws_ur16/install/ur_msgs/include/ur_msgs/ur_msgs/srv/detail/set_speed_slider_fraction__functions.c
[4.663s] -- Up-to-date: /home/gcerioni/ws_ur16/install/ur_msgs/include/ur_msgs/ur_msgs/srv/detail/set_payload__struct.h
[4.663s] -- Up-to-date: /home/gcerioni/ws_ur16/install/ur_msgs/include/ur_msgs/ur_msgs/srv/detail/set_io__type_support.h
[4.663s] -- Up-to-date: /home/gcerioni/ws_ur16/install/ur_msgs/include/ur_msgs/ur_msgs/srv/detail/get_robot_software_version__functions.h
[4.663s] -- Up-to-date: /home/gcerioni/ws_ur16/install/ur_msgs/include/ur_msgs/ur_msgs/srv/set_payload.h
[4.664s] -- Up-to-date: /home/gcerioni/ws_ur16/install/ur_msgs/include/ur_msgs/ur_msgs/srv/get_robot_software_version.h
[4.664s] -- Up-to-date: /home/gcerioni/ws_ur16/install/ur_msgs/include/ur_msgs/ur_msgs/srv/set_analog_output.h
[4.664s] -- Up-to-date: /home/gcerioni/ws_ur16/install/ur_msgs/include/ur_msgs/ur_msgs/srv/set_force_mode.h
[4.664s] -- Up-to-date: /home/gcerioni/ws_ur16/install/ur_msgs/include/ur_msgs/ur_msgs/srv/set_io.h
[4.664s] -- Up-to-date: /home/gcerioni/ws_ur16/install/ur_msgs/share/ur_msgs/environment/library_path.sh
[4.664s] -- Installing: /home/gcerioni/ws_ur16/install/ur_msgs/share/ur_msgs/environment/library_path.dsv
[4.664s] -- Up-to-date: /home/gcerioni/ws_ur16/install/ur_msgs/lib/libur_msgs__rosidl_generator_c.so
[4.664s] -- Up-to-date: /home/gcerioni/ws_ur16/install/ur_msgs/include/ur_msgs/ur_msgs
[4.665s] -- Up-to-date: /home/gcerioni/ws_ur16/install/ur_msgs/include/ur_msgs/ur_msgs/msg
[4.665s] -- Up-to-date: /home/gcerioni/ws_ur16/install/ur_msgs/include/ur_msgs/ur_msgs/msg/detail
[4.665s] -- Up-to-date: /home/gcerioni/ws_ur16/install/ur_msgs/include/ur_msgs/ur_msgs/msg/detail/masterboard_data_msg__rosidl_typesupport_fastrtps_c.h
[4.665s] -- Up-to-date: /home/gcerioni/ws_ur16/install/ur_msgs/include/ur_msgs/ur_msgs/msg/detail/tool_data_msg__rosidl_typesupport_fastrtps_c.h
[4.665s] -- Up-to-date: /home/gcerioni/ws_ur16/install/ur_msgs/include/ur_msgs/ur_msgs/msg/detail/robot_state_rt_msg__rosidl_typesupport_fastrtps_c.h
[4.665s] -- Up-to-date: /home/gcerioni/ws_ur16/install/ur_msgs/include/ur_msgs/ur_msgs/msg/detail/robot_mode_data_msg__rosidl_typesupport_fastrtps_c.h
[4.665s] -- Up-to-date: /home/gcerioni/ws_ur16/install/ur_msgs/include/ur_msgs/ur_msgs/msg/detail/analog__rosidl_typesupport_fastrtps_c.h
[4.666s] -- Up-to-date: /home/gcerioni/ws_ur16/install/ur_msgs/include/ur_msgs/ur_msgs/msg/detail/io_states__rosidl_typesupport_fastrtps_c.h
[4.666s] -- Up-to-date: /home/gcerioni/ws_ur16/install/ur_msgs/include/ur_msgs/ur_msgs/msg/detail/digital__rosidl_typesupport_fastrtps_c.h
[4.666s] -- Up-to-date: /home/gcerioni/ws_ur16/install/ur_msgs/include/ur_msgs/ur_msgs/msg/rosidl_typesupport_fastrtps_c__visibility_control.h
[4.666s] -- Up-to-date: /home/gcerioni/ws_ur16/install/ur_msgs/include/ur_msgs/ur_msgs/action
[4.666s] -- Up-to-date: /home/gcerioni/ws_ur16/install/ur_msgs/include/ur_msgs/ur_msgs/action/detail
[4.666s] -- Up-to-date: /home/gcerioni/ws_ur16/install/ur_msgs/include/ur_msgs/ur_msgs/action/detail/tool_contact__rosidl_typesupport_fastrtps_c.h
[4.666s] -- Up-to-date: /home/gcerioni/ws_ur16/install/ur_msgs/include/ur_msgs/ur_msgs/srv
[4.667s] -- Up-to-date: /home/gcerioni/ws_ur16/install/ur_msgs/include/ur_msgs/ur_msgs/srv/detail
[4.667s] -- Up-to-date: /home/gcerioni/ws_ur16/install/ur_msgs/include/ur_msgs/ur_msgs/srv/detail/get_robot_software_version__rosidl_typesupport_fastrtps_c.h
[4.668s] -- Up-to-date: /home/gcerioni/ws_ur16/install/ur_msgs/include/ur_msgs/ur_msgs/srv/detail/set_force_mode__rosidl_typesupport_fastrtps_c.h
[4.668s] -- Up-to-date: /home/gcerioni/ws_ur16/install/ur_msgs/include/ur_msgs/ur_msgs/srv/detail/set_io__rosidl_typesupport_fastrtps_c.h
[4.668s] -- Up-to-date: /home/gcerioni/ws_ur16/install/ur_msgs/include/ur_msgs/ur_msgs/srv/detail/set_analog_output__rosidl_typesupport_fastrtps_c.h
[4.668s] -- Up-to-date: /home/gcerioni/ws_ur16/install/ur_msgs/include/ur_msgs/ur_msgs/srv/detail/set_payload__rosidl_typesupport_fastrtps_c.h
[4.668s] -- Up-to-date: /home/gcerioni/ws_ur16/install/ur_msgs/include/ur_msgs/ur_msgs/srv/detail/set_speed_slider_fraction__rosidl_typesupport_fastrtps_c.h
[4.668s] -- Up-to-date: /home/gcerioni/ws_ur16/install/ur_msgs/lib/libur_msgs__rosidl_typesupport_fastrtps_c.so
[4.668s] -- Up-to-date: /home/gcerioni/ws_ur16/install/ur_msgs/include/ur_msgs/ur_msgs
[4.668s] -- Up-to-date: /home/gcerioni/ws_ur16/install/ur_msgs/include/ur_msgs/ur_msgs/msg
[4.669s] -- Up-to-date: /home/gcerioni/ws_ur16/install/ur_msgs/include/ur_msgs/ur_msgs/msg/detail
[4.669s] -- Up-to-date: /home/gcerioni/ws_ur16/install/ur_msgs/include/ur_msgs/ur_msgs/msg/detail/digital__struct.hpp
[4.669s] -- Up-to-date: /home/gcerioni/ws_ur16/install/ur_msgs/include/ur_msgs/ur_msgs/msg/detail/masterboard_data_msg__traits.hpp
[4.669s] -- Up-to-date: /home/gcerioni/ws_ur16/install/ur_msgs/include/ur_msgs/ur_msgs/msg/detail/analog__type_support.hpp
[4.669s] -- Up-to-date: /home/gcerioni/ws_ur16/install/ur_msgs/include/ur_msgs/ur_msgs/msg/detail/robot_state_rt_msg__type_support.hpp
[4.669s] -- Up-to-date: /home/gcerioni/ws_ur16/install/ur_msgs/include/ur_msgs/ur_msgs/msg/detail/robot_mode_data_msg__traits.hpp
[4.669s] -- Up-to-date: /home/gcerioni/ws_ur16/install/ur_msgs/include/ur_msgs/ur_msgs/msg/detail/masterboard_data_msg__builder.hpp
[4.669s] -- Up-to-date: /home/gcerioni/ws_ur16/install/ur_msgs/include/ur_msgs/ur_msgs/msg/detail/robot_mode_data_msg__struct.hpp
[4.670s] -- Up-to-date: /home/gcerioni/ws_ur16/install/ur_msgs/include/ur_msgs/ur_msgs/msg/detail/tool_data_msg__builder.hpp
[4.670s] -- Up-to-date: /home/gcerioni/ws_ur16/install/ur_msgs/include/ur_msgs/ur_msgs/msg/detail/robot_mode_data_msg__builder.hpp
[4.670s] -- Up-to-date: /home/gcerioni/ws_ur16/install/ur_msgs/include/ur_msgs/ur_msgs/msg/detail/digital__traits.hpp
[4.670s] -- Up-to-date: /home/gcerioni/ws_ur16/install/ur_msgs/include/ur_msgs/ur_msgs/msg/detail/masterboard_data_msg__type_support.hpp
[4.670s] -- Up-to-date: /home/gcerioni/ws_ur16/install/ur_msgs/include/ur_msgs/ur_msgs/msg/detail/io_states__builder.hpp
[4.670s] -- Up-to-date: /home/gcerioni/ws_ur16/install/ur_msgs/include/ur_msgs/ur_msgs/msg/detail/io_states__struct.hpp
[4.670s] -- Up-to-date: /home/gcerioni/ws_ur16/install/ur_msgs/include/ur_msgs/ur_msgs/msg/detail/robot_state_rt_msg__builder.hpp
[4.671s] -- Up-to-date: /home/gcerioni/ws_ur16/install/ur_msgs/include/ur_msgs/ur_msgs/msg/detail/digital__type_support.hpp
[4.671s] -- Up-to-date: /home/gcerioni/ws_ur16/install/ur_msgs/include/ur_msgs/ur_msgs/msg/detail/analog__traits.hpp
[4.671s] -- Up-to-date: /home/gcerioni/ws_ur16/install/ur_msgs/include/ur_msgs/ur_msgs/msg/detail/masterboard_data_msg__struct.hpp
[4.671s] -- Up-to-date: /home/gcerioni/ws_ur16/install/ur_msgs/include/ur_msgs/ur_msgs/msg/detail/robot_mode_data_msg__type_support.hpp
[4.671s] -- Up-to-date: /home/gcerioni/ws_ur16/install/ur_msgs/include/ur_msgs/ur_msgs/msg/detail/io_states__traits.hpp
[4.671s] -- Up-to-date: /home/gcerioni/ws_ur16/install/ur_msgs/include/ur_msgs/ur_msgs/msg/detail/analog__builder.hpp
[4.671s] -- Up-to-date: /home/gcerioni/ws_ur16/install/ur_msgs/include/ur_msgs/ur_msgs/msg/detail/io_states__type_support.hpp
[4.672s] -- Up-to-date: /home/gcerioni/ws_ur16/install/ur_msgs/include/ur_msgs/ur_msgs/msg/detail/robot_state_rt_msg__traits.hpp
[4.672s] -- Up-to-date: /home/gcerioni/ws_ur16/install/ur_msgs/include/ur_msgs/ur_msgs/msg/detail/tool_data_msg__traits.hpp
[4.672s] -- Up-to-date: /home/gcerioni/ws_ur16/install/ur_msgs/include/ur_msgs/ur_msgs/msg/detail/robot_state_rt_msg__struct.hpp
[4.672s] -- Up-to-date: /home/gcerioni/ws_ur16/install/ur_msgs/include/ur_msgs/ur_msgs/msg/detail/tool_data_msg__type_support.hpp
[4.672s] -- Up-to-date: /home/gcerioni/ws_ur16/install/ur_msgs/include/ur_msgs/ur_msgs/msg/detail/analog__struct.hpp
[4.672s] -- Up-to-date: /home/gcerioni/ws_ur16/install/ur_msgs/include/ur_msgs/ur_msgs/msg/detail/digital__builder.hpp
[4.672s] -- Up-to-date: /home/gcerioni/ws_ur16/install/ur_msgs/include/ur_msgs/ur_msgs/msg/detail/tool_data_msg__struct.hpp
[4.672s] -- Up-to-date: /home/gcerioni/ws_ur16/install/ur_msgs/include/ur_msgs/ur_msgs/msg/robot_mode_data_msg.hpp
[4.673s] -- Up-to-date: /home/gcerioni/ws_ur16/install/ur_msgs/include/ur_msgs/ur_msgs/msg/digital.hpp
[4.673s] -- Up-to-date: /home/gcerioni/ws_ur16/install/ur_msgs/include/ur_msgs/ur_msgs/msg/masterboard_data_msg.hpp
[4.673s] -- Up-to-date: /home/gcerioni/ws_ur16/install/ur_msgs/include/ur_msgs/ur_msgs/msg/io_states.hpp
[4.673s] -- Up-to-date: /home/gcerioni/ws_ur16/install/ur_msgs/include/ur_msgs/ur_msgs/msg/robot_state_rt_msg.hpp
[4.673s] -- Up-to-date: /home/gcerioni/ws_ur16/install/ur_msgs/include/ur_msgs/ur_msgs/msg/tool_data_msg.hpp
[4.673s] -- Up-to-date: /home/gcerioni/ws_ur16/install/ur_msgs/include/ur_msgs/ur_msgs/msg/rosidl_generator_cpp__visibility_control.hpp
[4.673s] -- Up-to-date: /home/gcerioni/ws_ur16/install/ur_msgs/include/ur_msgs/ur_msgs/msg/analog.hpp
[4.673s] -- Up-to-date: /home/gcerioni/ws_ur16/install/ur_msgs/include/ur_msgs/ur_msgs/action
[4.674s] -- Up-to-date: /home/gcerioni/ws_ur16/install/ur_msgs/include/ur_msgs/ur_msgs/action/detail
[4.674s] -- Up-to-date: /home/gcerioni/ws_ur16/install/ur_msgs/include/ur_msgs/ur_msgs/action/detail/tool_contact__struct.hpp
[4.674s] -- Up-to-date: /home/gcerioni/ws_ur16/install/ur_msgs/include/ur_msgs/ur_msgs/action/detail/tool_contact__builder.hpp
[4.674s] -- Up-to-date: /home/gcerioni/ws_ur16/install/ur_msgs/include/ur_msgs/ur_msgs/action/detail/tool_contact__traits.hpp
[4.674s] -- Up-to-date: /home/gcerioni/ws_ur16/install/ur_msgs/include/ur_msgs/ur_msgs/action/detail/tool_contact__type_support.hpp
[4.674s] -- Up-to-date: /home/gcerioni/ws_ur16/install/ur_msgs/include/ur_msgs/ur_msgs/action/tool_contact.hpp
[4.674s] -- Up-to-date: /home/gcerioni/ws_ur16/install/ur_msgs/include/ur_msgs/ur_msgs/srv
[4.674s] -- Up-to-date: /home/gcerioni/ws_ur16/install/ur_msgs/include/ur_msgs/ur_msgs/srv/detail
[4.674s] -- Up-to-date: /home/gcerioni/ws_ur16/install/ur_msgs/include/ur_msgs/ur_msgs/srv/detail/set_payload__builder.hpp
[4.675s] -- Up-to-date: /home/gcerioni/ws_ur16/install/ur_msgs/include/ur_msgs/ur_msgs/srv/detail/set_speed_slider_fraction__traits.hpp
[4.675s] -- Up-to-date: /home/gcerioni/ws_ur16/install/ur_msgs/include/ur_msgs/ur_msgs/srv/detail/set_io__struct.hpp
[4.675s] -- Up-to-date: /home/gcerioni/ws_ur16/install/ur_msgs/include/ur_msgs/ur_msgs/srv/detail/set_io__builder.hpp
[4.675s] -- Up-to-date: /home/gcerioni/ws_ur16/install/ur_msgs/include/ur_msgs/ur_msgs/srv/detail/set_force_mode__traits.hpp
[4.675s] -- Up-to-date: /home/gcerioni/ws_ur16/install/ur_msgs/include/ur_msgs/ur_msgs/srv/detail/set_speed_slider_fraction__struct.hpp
[4.675s] -- Up-to-date: /home/gcerioni/ws_ur16/install/ur_msgs/include/ur_msgs/ur_msgs/srv/detail/set_io__type_support.hpp
[4.675s] -- Up-to-date: /home/gcerioni/ws_ur16/install/ur_msgs/include/ur_msgs/ur_msgs/srv/detail/set_analog_output__builder.hpp
[4.675s] -- Up-to-date: /home/gcerioni/ws_ur16/install/ur_msgs/include/ur_msgs/ur_msgs/srv/detail/set_analog_output__type_support.hpp
[4.675s] -- Up-to-date: /home/gcerioni/ws_ur16/install/ur_msgs/include/ur_msgs/ur_msgs/srv/detail/get_robot_software_version__builder.hpp
[4.675s] -- Up-to-date: /home/gcerioni/ws_ur16/install/ur_msgs/include/ur_msgs/ur_msgs/srv/detail/set_io__traits.hpp
[4.676s] -- Up-to-date: /home/gcerioni/ws_ur16/install/ur_msgs/include/ur_msgs/ur_msgs/srv/detail/set_analog_output__struct.hpp
[4.676s] -- Up-to-date: /home/gcerioni/ws_ur16/install/ur_msgs/include/ur_msgs/ur_msgs/srv/detail/set_payload__type_support.hpp
[4.676s] -- Up-to-date: /home/gcerioni/ws_ur16/install/ur_msgs/include/ur_msgs/ur_msgs/srv/detail/set_speed_slider_fraction__type_support.hpp
[4.676s] -- Up-to-date: /home/gcerioni/ws_ur16/install/ur_msgs/include/ur_msgs/ur_msgs/srv/detail/get_robot_software_version__struct.hpp
[4.676s] -- Up-to-date: /home/gcerioni/ws_ur16/install/ur_msgs/include/ur_msgs/ur_msgs/srv/detail/set_force_mode__builder.hpp
[4.676s] -- Up-to-date: /home/gcerioni/ws_ur16/install/ur_msgs/include/ur_msgs/ur_msgs/srv/detail/get_robot_software_version__traits.hpp
[4.676s] -- Up-to-date: /home/gcerioni/ws_ur16/install/ur_msgs/include/ur_msgs/ur_msgs/srv/detail/set_payload__struct.hpp
[4.676s] -- Up-to-date: /home/gcerioni/ws_ur16/install/ur_msgs/include/ur_msgs/ur_msgs/srv/detail/set_force_mode__type_support.hpp
[4.676s] -- Up-to-date: /home/gcerioni/ws_ur16/install/ur_msgs/include/ur_msgs/ur_msgs/srv/detail/get_robot_software_version__type_support.hpp
[4.676s] -- Up-to-date: /home/gcerioni/ws_ur16/install/ur_msgs/include/ur_msgs/ur_msgs/srv/detail/set_payload__traits.hpp
[4.677s] -- Up-to-date: /home/gcerioni/ws_ur16/install/ur_msgs/include/ur_msgs/ur_msgs/srv/detail/set_speed_slider_fraction__builder.hpp
[4.677s] -- Up-to-date: /home/gcerioni/ws_ur16/install/ur_msgs/include/ur_msgs/ur_msgs/srv/detail/set_force_mode__struct.hpp
[4.677s] -- Up-to-date: /home/gcerioni/ws_ur16/install/ur_msgs/include/ur_msgs/ur_msgs/srv/detail/set_analog_output__traits.hpp
[4.677s] -- Up-to-date: /home/gcerioni/ws_ur16/install/ur_msgs/include/ur_msgs/ur_msgs/srv/set_io.hpp
[4.677s] -- Up-to-date: /home/gcerioni/ws_ur16/install/ur_msgs/include/ur_msgs/ur_msgs/srv/set_analog_output.hpp
[4.677s] -- Up-to-date: /home/gcerioni/ws_ur16/install/ur_msgs/include/ur_msgs/ur_msgs/srv/set_force_mode.hpp
[4.677s] -- Up-to-date: /home/gcerioni/ws_ur16/install/ur_msgs/include/ur_msgs/ur_msgs/srv/get_robot_software_version.hpp
[4.677s] -- Up-to-date: /home/gcerioni/ws_ur16/install/ur_msgs/include/ur_msgs/ur_msgs/srv/set_speed_slider_fraction.hpp
[4.677s] -- Up-to-date: /home/gcerioni/ws_ur16/install/ur_msgs/include/ur_msgs/ur_msgs/srv/set_payload.hpp
[4.677s] -- Up-to-date: /home/gcerioni/ws_ur16/install/ur_msgs/include/ur_msgs/ur_msgs
[4.678s] -- Up-to-date: /home/gcerioni/ws_ur16/install/ur_msgs/include/ur_msgs/ur_msgs/msg
[4.678s] -- Up-to-date: /home/gcerioni/ws_ur16/install/ur_msgs/include/ur_msgs/ur_msgs/msg/detail
[4.678s] -- Up-to-date: /home/gcerioni/ws_ur16/install/ur_msgs/include/ur_msgs/ur_msgs/msg/detail/robot_state_rt_msg__rosidl_typesupport_fastrtps_cpp.hpp
[4.678s] -- Up-to-date: /home/gcerioni/ws_ur16/install/ur_msgs/include/ur_msgs/ur_msgs/msg/detail/robot_mode_data_msg__rosidl_typesupport_fastrtps_cpp.hpp
[4.678s] -- Up-to-date: /home/gcerioni/ws_ur16/install/ur_msgs/include/ur_msgs/ur_msgs/msg/detail/analog__rosidl_typesupport_fastrtps_cpp.hpp
[4.678s] -- Up-to-date: /home/gcerioni/ws_ur16/install/ur_msgs/include/ur_msgs/ur_msgs/msg/detail/io_states__rosidl_typesupport_fastrtps_cpp.hpp
[4.678s] -- Up-to-date: /home/gcerioni/ws_ur16/install/ur_msgs/include/ur_msgs/ur_msgs/msg/detail/tool_data_msg__rosidl_typesupport_fastrtps_cpp.hpp
[4.678s] -- Up-to-date: /home/gcerioni/ws_ur16/install/ur_msgs/include/ur_msgs/ur_msgs/msg/detail/dds_fastrtps
[4.678s] -- Up-to-date: /home/gcerioni/ws_ur16/install/ur_msgs/include/ur_msgs/ur_msgs/msg/detail/masterboard_data_msg__rosidl_typesupport_fastrtps_cpp.hpp
[4.678s] -- Up-to-date: /home/gcerioni/ws_ur16/install/ur_msgs/include/ur_msgs/ur_msgs/msg/detail/digital__rosidl_typesupport_fastrtps_cpp.hpp
[4.679s] -- Up-to-date: /home/gcerioni/ws_ur16/install/ur_msgs/include/ur_msgs/ur_msgs/msg/rosidl_typesupport_fastrtps_cpp__visibility_control.h
[4.679s] -- Up-to-date: /home/gcerioni/ws_ur16/install/ur_msgs/include/ur_msgs/ur_msgs/action
[4.679s] -- Up-to-date: /home/gcerioni/ws_ur16/install/ur_msgs/include/ur_msgs/ur_msgs/action/detail
[4.679s] -- Up-to-date: /home/gcerioni/ws_ur16/install/ur_msgs/include/ur_msgs/ur_msgs/action/detail/dds_fastrtps
[4.679s] -- Up-to-date: /home/gcerioni/ws_ur16/install/ur_msgs/include/ur_msgs/ur_msgs/action/detail/tool_contact__rosidl_typesupport_fastrtps_cpp.hpp
[4.679s] -- Up-to-date: /home/gcerioni/ws_ur16/install/ur_msgs/include/ur_msgs/ur_msgs/srv
[4.679s] -- Up-to-date: /home/gcerioni/ws_ur16/install/ur_msgs/include/ur_msgs/ur_msgs/srv/detail
[4.679s] -- Up-to-date: /home/gcerioni/ws_ur16/install/ur_msgs/include/ur_msgs/ur_msgs/srv/detail/set_speed_slider_fraction__rosidl_typesupport_fastrtps_cpp.hpp
[4.679s] -- Up-to-date: /home/gcerioni/ws_ur16/install/ur_msgs/include/ur_msgs/ur_msgs/srv/detail/set_analog_output__rosidl_typesupport_fastrtps_cpp.hpp
[4.679s] -- Up-to-date: /home/gcerioni/ws_ur16/install/ur_msgs/include/ur_msgs/ur_msgs/srv/detail/dds_fastrtps
[4.680s] -- Up-to-date: /home/gcerioni/ws_ur16/install/ur_msgs/include/ur_msgs/ur_msgs/srv/detail/set_payload__rosidl_typesupport_fastrtps_cpp.hpp
[4.680s] -- Up-to-date: /home/gcerioni/ws_ur16/install/ur_msgs/include/ur_msgs/ur_msgs/srv/detail/set_io__rosidl_typesupport_fastrtps_cpp.hpp
[4.680s] -- Up-to-date: /home/gcerioni/ws_ur16/install/ur_msgs/include/ur_msgs/ur_msgs/srv/detail/set_force_mode__rosidl_typesupport_fastrtps_cpp.hpp
[4.680s] -- Up-to-date: /home/gcerioni/ws_ur16/install/ur_msgs/include/ur_msgs/ur_msgs/srv/detail/get_robot_software_version__rosidl_typesupport_fastrtps_cpp.hpp
[4.680s] -- Up-to-date: /home/gcerioni/ws_ur16/install/ur_msgs/lib/libur_msgs__rosidl_typesupport_fastrtps_cpp.so
[4.680s] -- Up-to-date: /home/gcerioni/ws_ur16/install/ur_msgs/include/ur_msgs/ur_msgs
[4.680s] -- Up-to-date: /home/gcerioni/ws_ur16/install/ur_msgs/include/ur_msgs/ur_msgs/msg
[4.680s] -- Up-to-date: /home/gcerioni/ws_ur16/install/ur_msgs/include/ur_msgs/ur_msgs/msg/detail
[4.680s] -- Up-to-date: /home/gcerioni/ws_ur16/install/ur_msgs/include/ur_msgs/ur_msgs/msg/detail/masterboard_data_msg__rosidl_typesupport_introspection_c.h
[4.680s] -- Up-to-date: /home/gcerioni/ws_ur16/install/ur_msgs/include/ur_msgs/ur_msgs/msg/detail/tool_data_msg__rosidl_typesupport_introspection_c.h
[4.681s] -- Up-to-date: /home/gcerioni/ws_ur16/install/ur_msgs/include/ur_msgs/ur_msgs/msg/detail/digital__rosidl_typesupport_introspection_c.h
[4.681s] -- Up-to-date: /home/gcerioni/ws_ur16/install/ur_msgs/include/ur_msgs/ur_msgs/msg/detail/robot_mode_data_msg__rosidl_typesupport_introspection_c.h
[4.681s] -- Up-to-date: /home/gcerioni/ws_ur16/install/ur_msgs/include/ur_msgs/ur_msgs/msg/detail/robot_state_rt_msg__rosidl_typesupport_introspection_c.h
[4.681s] -- Up-to-date: /home/gcerioni/ws_ur16/install/ur_msgs/include/ur_msgs/ur_msgs/msg/detail/tool_data_msg__type_support.c
[4.681s] -- Up-to-date: /home/gcerioni/ws_ur16/install/ur_msgs/include/ur_msgs/ur_msgs/msg/detail/digital__type_support.c
[4.681s] -- Up-to-date: /home/gcerioni/ws_ur16/install/ur_msgs/include/ur_msgs/ur_msgs/msg/detail/io_states__type_support.c
[4.681s] -- Up-to-date: /home/gcerioni/ws_ur16/install/ur_msgs/include/ur_msgs/ur_msgs/msg/detail/io_states__rosidl_typesupport_introspection_c.h
[4.681s] -- Up-to-date: /home/gcerioni/ws_ur16/install/ur_msgs/include/ur_msgs/ur_msgs/msg/detail/analog__type_support.c
[4.681s] -- Up-to-date: /home/gcerioni/ws_ur16/install/ur_msgs/include/ur_msgs/ur_msgs/msg/detail/analog__rosidl_typesupport_introspection_c.h
[4.682s] -- Up-to-date: /home/gcerioni/ws_ur16/install/ur_msgs/include/ur_msgs/ur_msgs/msg/detail/masterboard_data_msg__type_support.c
[4.682s] -- Up-to-date: /home/gcerioni/ws_ur16/install/ur_msgs/include/ur_msgs/ur_msgs/msg/detail/robot_mode_data_msg__type_support.c
[4.682s] -- Up-to-date: /home/gcerioni/ws_ur16/install/ur_msgs/include/ur_msgs/ur_msgs/msg/detail/robot_state_rt_msg__type_support.c
[4.682s] -- Up-to-date: /home/gcerioni/ws_ur16/install/ur_msgs/include/ur_msgs/ur_msgs/msg/rosidl_typesupport_introspection_c__visibility_control.h
[4.682s] -- Up-to-date: /home/gcerioni/ws_ur16/install/ur_msgs/include/ur_msgs/ur_msgs/action
[4.682s] -- Up-to-date: /home/gcerioni/ws_ur16/install/ur_msgs/include/ur_msgs/ur_msgs/action/detail
[4.682s] -- Up-to-date: /home/gcerioni/ws_ur16/install/ur_msgs/include/ur_msgs/ur_msgs/action/detail/tool_contact__rosidl_typesupport_introspection_c.h
[4.682s] -- Up-to-date: /home/gcerioni/ws_ur16/install/ur_msgs/include/ur_msgs/ur_msgs/action/detail/tool_contact__type_support.c
[4.682s] -- Up-to-date: /home/gcerioni/ws_ur16/install/ur_msgs/include/ur_msgs/ur_msgs/srv
[4.682s] -- Up-to-date: /home/gcerioni/ws_ur16/install/ur_msgs/include/ur_msgs/ur_msgs/srv/detail
[4.683s] -- Up-to-date: /home/gcerioni/ws_ur16/install/ur_msgs/include/ur_msgs/ur_msgs/srv/detail/set_io__type_support.c
[4.683s] -- Up-to-date: /home/gcerioni/ws_ur16/install/ur_msgs/include/ur_msgs/ur_msgs/srv/detail/set_payload__type_support.c
[4.683s] -- Up-to-date: /home/gcerioni/ws_ur16/install/ur_msgs/include/ur_msgs/ur_msgs/srv/detail/get_robot_software_version__rosidl_typesupport_introspection_c.h
[4.683s] -- Up-to-date: /home/gcerioni/ws_ur16/install/ur_msgs/include/ur_msgs/ur_msgs/srv/detail/set_io__rosidl_typesupport_introspection_c.h
[4.683s] -- Up-to-date: /home/gcerioni/ws_ur16/install/ur_msgs/include/ur_msgs/ur_msgs/srv/detail/set_force_mode__type_support.c
[4.683s] -- Up-to-date: /home/gcerioni/ws_ur16/install/ur_msgs/include/ur_msgs/ur_msgs/srv/detail/get_robot_software_version__type_support.c
[4.683s] -- Up-to-date: /home/gcerioni/ws_ur16/install/ur_msgs/include/ur_msgs/ur_msgs/srv/detail/set_speed_slider_fraction__rosidl_typesupport_introspection_c.h
[4.683s] -- Up-to-date: /home/gcerioni/ws_ur16/install/ur_msgs/include/ur_msgs/ur_msgs/srv/detail/set_force_mode__rosidl_typesupport_introspection_c.h
[4.683s] -- Up-to-date: /home/gcerioni/ws_ur16/install/ur_msgs/include/ur_msgs/ur_msgs/srv/detail/set_analog_output__type_support.c
[4.683s] -- Up-to-date: /home/gcerioni/ws_ur16/install/ur_msgs/include/ur_msgs/ur_msgs/srv/detail/set_speed_slider_fraction__type_support.c
[4.683s] -- Up-to-date: /home/gcerioni/ws_ur16/install/ur_msgs/include/ur_msgs/ur_msgs/srv/detail/set_payload__rosidl_typesupport_introspection_c.h
[4.684s] -- Up-to-date: /home/gcerioni/ws_ur16/install/ur_msgs/include/ur_msgs/ur_msgs/srv/detail/set_analog_output__rosidl_typesupport_introspection_c.h
[4.684s] -- Up-to-date: /home/gcerioni/ws_ur16/install/ur_msgs/lib/libur_msgs__rosidl_typesupport_introspection_c.so
[4.684s] -- Up-to-date: /home/gcerioni/ws_ur16/install/ur_msgs/lib/libur_msgs__rosidl_typesupport_c.so
[4.684s] -- Up-to-date: /home/gcerioni/ws_ur16/install/ur_msgs/include/ur_msgs/ur_msgs
[4.684s] -- Up-to-date: /home/gcerioni/ws_ur16/install/ur_msgs/include/ur_msgs/ur_msgs/msg
[4.684s] -- Up-to-date: /home/gcerioni/ws_ur16/install/ur_msgs/include/ur_msgs/ur_msgs/msg/detail
[4.684s] -- Up-to-date: /home/gcerioni/ws_ur16/install/ur_msgs/include/ur_msgs/ur_msgs/msg/detail/digital__type_support.cpp
[4.684s] -- Up-to-date: /home/gcerioni/ws_ur16/install/ur_msgs/include/ur_msgs/ur_msgs/msg/detail/robot_state_rt_msg__rosidl_typesupport_introspection_cpp.hpp
[4.684s] -- Up-to-date: /home/gcerioni/ws_ur16/install/ur_msgs/include/ur_msgs/ur_msgs/msg/detail/analog__type_support.cpp
[4.685s] -- Up-to-date: /home/gcerioni/ws_ur16/install/ur_msgs/include/ur_msgs/ur_msgs/msg/detail/robot_state_rt_msg__type_support.cpp
[4.688s] -- Up-to-date: /home/gcerioni/ws_ur16/install/ur_msgs/include/ur_msgs/ur_msgs/msg/detail/masterboard_data_msg__type_support.cpp
[4.688s] -- Up-to-date: /home/gcerioni/ws_ur16/install/ur_msgs/include/ur_msgs/ur_msgs/msg/detail/io_states__rosidl_typesupport_introspection_cpp.hpp
[4.688s] -- Up-to-date: /home/gcerioni/ws_ur16/install/ur_msgs/include/ur_msgs/ur_msgs/msg/detail/robot_mode_data_msg__type_support.cpp
[4.688s] -- Up-to-date: /home/gcerioni/ws_ur16/install/ur_msgs/include/ur_msgs/ur_msgs/msg/detail/tool_data_msg__type_support.cpp
[4.688s] -- Up-to-date: /home/gcerioni/ws_ur16/install/ur_msgs/include/ur_msgs/ur_msgs/msg/detail/masterboard_data_msg__rosidl_typesupport_introspection_cpp.hpp
[4.689s] -- Up-to-date: /home/gcerioni/ws_ur16/install/ur_msgs/include/ur_msgs/ur_msgs/msg/detail/digital__rosidl_typesupport_introspection_cpp.hpp
[4.689s] -- Up-to-date: /home/gcerioni/ws_ur16/install/ur_msgs/include/ur_msgs/ur_msgs/msg/detail/io_states__type_support.cpp
[4.689s] -- Up-to-date: /home/gcerioni/ws_ur16/install/ur_msgs/include/ur_msgs/ur_msgs/msg/detail/analog__rosidl_typesupport_introspection_cpp.hpp
[4.689s] -- Up-to-date: /home/gcerioni/ws_ur16/install/ur_msgs/include/ur_msgs/ur_msgs/msg/detail/tool_data_msg__rosidl_typesupport_introspection_cpp.hpp
[4.689s] -- Up-to-date: /home/gcerioni/ws_ur16/install/ur_msgs/include/ur_msgs/ur_msgs/msg/detail/robot_mode_data_msg__rosidl_typesupport_introspection_cpp.hpp
[4.689s] -- Up-to-date: /home/gcerioni/ws_ur16/install/ur_msgs/include/ur_msgs/ur_msgs/action
[4.689s] -- Up-to-date: /home/gcerioni/ws_ur16/install/ur_msgs/include/ur_msgs/ur_msgs/action/detail
[4.689s] -- Up-to-date: /home/gcerioni/ws_ur16/install/ur_msgs/include/ur_msgs/ur_msgs/action/detail/tool_contact__rosidl_typesupport_introspection_cpp.hpp
[4.690s] -- Up-to-date: /home/gcerioni/ws_ur16/install/ur_msgs/include/ur_msgs/ur_msgs/action/detail/tool_contact__type_support.cpp
[4.690s] -- Up-to-date: /home/gcerioni/ws_ur16/install/ur_msgs/include/ur_msgs/ur_msgs/srv
[4.690s] -- Up-to-date: /home/gcerioni/ws_ur16/install/ur_msgs/include/ur_msgs/ur_msgs/srv/detail
[4.690s] -- Up-to-date: /home/gcerioni/ws_ur16/install/ur_msgs/include/ur_msgs/ur_msgs/srv/detail/set_payload__type_support.cpp
[4.690s] -- Up-to-date: /home/gcerioni/ws_ur16/install/ur_msgs/include/ur_msgs/ur_msgs/srv/detail/set_analog_output__rosidl_typesupport_introspection_cpp.hpp
[4.690s] -- Up-to-date: /home/gcerioni/ws_ur16/install/ur_msgs/include/ur_msgs/ur_msgs/srv/detail/set_analog_output__type_support.cpp
[4.690s] -- Up-to-date: /home/gcerioni/ws_ur16/install/ur_msgs/include/ur_msgs/ur_msgs/srv/detail/set_payload__rosidl_typesupport_introspection_cpp.hpp
[4.690s] -- Up-to-date: /home/gcerioni/ws_ur16/install/ur_msgs/include/ur_msgs/ur_msgs/srv/detail/set_io__type_support.cpp
[4.690s] -- Up-to-date: /home/gcerioni/ws_ur16/install/ur_msgs/include/ur_msgs/ur_msgs/srv/detail/get_robot_software_version__rosidl_typesupport_introspection_cpp.hpp
[4.691s] -- Up-to-date: /home/gcerioni/ws_ur16/install/ur_msgs/include/ur_msgs/ur_msgs/srv/detail/set_force_mode__rosidl_typesupport_introspection_cpp.hpp
[4.691s] -- Up-to-date: /home/gcerioni/ws_ur16/install/ur_msgs/include/ur_msgs/ur_msgs/srv/detail/set_io__rosidl_typesupport_introspection_cpp.hpp
[4.691s] -- Up-to-date: /home/gcerioni/ws_ur16/install/ur_msgs/include/ur_msgs/ur_msgs/srv/detail/get_robot_software_version__type_support.cpp
[4.691s] -- Up-to-date: /home/gcerioni/ws_ur16/install/ur_msgs/include/ur_msgs/ur_msgs/srv/detail/set_force_mode__type_support.cpp
[4.691s] -- Up-to-date: /home/gcerioni/ws_ur16/install/ur_msgs/include/ur_msgs/ur_msgs/srv/detail/set_speed_slider_fraction__type_support.cpp
[4.691s] -- Up-to-date: /home/gcerioni/ws_ur16/install/ur_msgs/include/ur_msgs/ur_msgs/srv/detail/set_speed_slider_fraction__rosidl_typesupport_introspection_cpp.hpp
[4.691s] -- Up-to-date: /home/gcerioni/ws_ur16/install/ur_msgs/lib/libur_msgs__rosidl_typesupport_introspection_cpp.so
[4.692s] -- Up-to-date: /home/gcerioni/ws_ur16/install/ur_msgs/lib/libur_msgs__rosidl_typesupport_cpp.so
[4.692s] -- Up-to-date: /home/gcerioni/ws_ur16/install/ur_msgs/share/ur_msgs/environment/pythonpath.sh
[4.692s] -- Installing: /home/gcerioni/ws_ur16/install/ur_msgs/share/ur_msgs/environment/pythonpath.dsv
[4.692s] -- Up-to-date: /home/gcerioni/ws_ur16/install/ur_msgs/local/lib/python3.10/dist-packages/ur_msgs-2.2.0-py3.10.egg-info
[4.692s] -- Installing: /home/gcerioni/ws_ur16/install/ur_msgs/local/lib/python3.10/dist-packages/ur_msgs-2.2.0-py3.10.egg-info/top_level.txt
[4.692s] -- Installing: /home/gcerioni/ws_ur16/install/ur_msgs/local/lib/python3.10/dist-packages/ur_msgs-2.2.0-py3.10.egg-info/SOURCES.txt
[4.692s] -- Installing: /home/gcerioni/ws_ur16/install/ur_msgs/local/lib/python3.10/dist-packages/ur_msgs-2.2.0-py3.10.egg-info/dependency_links.txt
[4.692s] -- Installing: /home/gcerioni/ws_ur16/install/ur_msgs/local/lib/python3.10/dist-packages/ur_msgs-2.2.0-py3.10.egg-info/PKG-INFO
[4.693s] -- Up-to-date: /home/gcerioni/ws_ur16/install/ur_msgs/local/lib/python3.10/dist-packages/ur_msgs
[4.693s] -- Up-to-date: /home/gcerioni/ws_ur16/install/ur_msgs/local/lib/python3.10/dist-packages/ur_msgs/msg
[4.693s] -- Up-to-date: /home/gcerioni/ws_ur16/install/ur_msgs/local/lib/python3.10/dist-packages/ur_msgs/msg/_robot_mode_data_msg_s.c
[4.693s] -- Up-to-date: /home/gcerioni/ws_ur16/install/ur_msgs/local/lib/python3.10/dist-packages/ur_msgs/msg/_masterboard_data_msg_s.c
[4.693s] -- Up-to-date: /home/gcerioni/ws_ur16/install/ur_msgs/local/lib/python3.10/dist-packages/ur_msgs/msg/_robot_state_rt_msg.py
[4.693s] -- Up-to-date: /home/gcerioni/ws_ur16/install/ur_msgs/local/lib/python3.10/dist-packages/ur_msgs/msg/_tool_data_msg_s.c
[4.693s] -- Up-to-date: /home/gcerioni/ws_ur16/install/ur_msgs/local/lib/python3.10/dist-packages/ur_msgs/msg/_analog_s.c
[4.693s] -- Up-to-date: /home/gcerioni/ws_ur16/install/ur_msgs/local/lib/python3.10/dist-packages/ur_msgs/msg/__init__.py
[4.694s] -- Up-to-date: /home/gcerioni/ws_ur16/install/ur_msgs/local/lib/python3.10/dist-packages/ur_msgs/msg/_io_states.py
[4.694s] -- Up-to-date: /home/gcerioni/ws_ur16/install/ur_msgs/local/lib/python3.10/dist-packages/ur_msgs/msg/_digital_s.c
[4.694s] -- Up-to-date: /home/gcerioni/ws_ur16/install/ur_msgs/local/lib/python3.10/dist-packages/ur_msgs/msg/_io_states_s.c
[4.694s] -- Up-to-date: /home/gcerioni/ws_ur16/install/ur_msgs/local/lib/python3.10/dist-packages/ur_msgs/msg/_robot_mode_data_msg.py
[4.694s] -- Up-to-date: /home/gcerioni/ws_ur16/install/ur_msgs/local/lib/python3.10/dist-packages/ur_msgs/msg/_robot_state_rt_msg_s.c
[4.694s] -- Up-to-date: /home/gcerioni/ws_ur16/install/ur_msgs/local/lib/python3.10/dist-packages/ur_msgs/msg/_tool_data_msg.py
[4.694s] -- Up-to-date: /home/gcerioni/ws_ur16/install/ur_msgs/local/lib/python3.10/dist-packages/ur_msgs/msg/_masterboard_data_msg.py
[4.694s] -- Up-to-date: /home/gcerioni/ws_ur16/install/ur_msgs/local/lib/python3.10/dist-packages/ur_msgs/msg/_digital.py
[4.694s] -- Up-to-date: /home/gcerioni/ws_ur16/install/ur_msgs/local/lib/python3.10/dist-packages/ur_msgs/msg/_analog.py
[4.695s] -- Up-to-date: /home/gcerioni/ws_ur16/install/ur_msgs/local/lib/python3.10/dist-packages/ur_msgs/_ur_msgs_s.ep.rosidl_typesupport_c.c
[4.695s] -- Up-to-date: /home/gcerioni/ws_ur16/install/ur_msgs/local/lib/python3.10/dist-packages/ur_msgs/_ur_msgs_s.ep.rosidl_typesupport_fastrtps_c.c
[4.695s] -- Up-to-date: /home/gcerioni/ws_ur16/install/ur_msgs/local/lib/python3.10/dist-packages/ur_msgs/ur_msgs_s__rosidl_typesupport_fastrtps_c.cpython-310-x86_64-linux-gnu.so
[4.695s] -- Up-to-date: /home/gcerioni/ws_ur16/install/ur_msgs/local/lib/python3.10/dist-packages/ur_msgs/action
[4.695s] -- Up-to-date: /home/gcerioni/ws_ur16/install/ur_msgs/local/lib/python3.10/dist-packages/ur_msgs/action/_tool_contact_s.c
[4.695s] -- Up-to-date: /home/gcerioni/ws_ur16/install/ur_msgs/local/lib/python3.10/dist-packages/ur_msgs/action/__init__.py
[4.695s] -- Up-to-date: /home/gcerioni/ws_ur16/install/ur_msgs/local/lib/python3.10/dist-packages/ur_msgs/action/_tool_contact.py
[4.695s] -- Up-to-date: /home/gcerioni/ws_ur16/install/ur_msgs/local/lib/python3.10/dist-packages/ur_msgs/libur_msgs__rosidl_generator_py.so
[4.695s] -- Installing: /home/gcerioni/ws_ur16/install/ur_msgs/local/lib/python3.10/dist-packages/ur_msgs/__init__.py
[4.695s] -- Up-to-date: /home/gcerioni/ws_ur16/install/ur_msgs/local/lib/python3.10/dist-packages/ur_msgs/ur_msgs_s__rosidl_typesupport_c.cpython-310-x86_64-linux-gnu.so
[4.696s] -- Up-to-date: /home/gcerioni/ws_ur16/install/ur_msgs/local/lib/python3.10/dist-packages/ur_msgs/_ur_msgs_s.ep.rosidl_typesupport_introspection_c.c
[4.696s] -- Up-to-date: /home/gcerioni/ws_ur16/install/ur_msgs/local/lib/python3.10/dist-packages/ur_msgs/ur_msgs_s__rosidl_typesupport_introspection_c.cpython-310-x86_64-linux-gnu.so
[4.696s] -- Up-to-date: /home/gcerioni/ws_ur16/install/ur_msgs/local/lib/python3.10/dist-packages/ur_msgs/srv
[4.696s] -- Up-to-date: /home/gcerioni/ws_ur16/install/ur_msgs/local/lib/python3.10/dist-packages/ur_msgs/srv/_set_analog_output_s.c
[4.696s] -- Up-to-date: /home/gcerioni/ws_ur16/install/ur_msgs/local/lib/python3.10/dist-packages/ur_msgs/srv/_set_force_mode.py
[4.696s] -- Up-to-date: /home/gcerioni/ws_ur16/install/ur_msgs/local/lib/python3.10/dist-packages/ur_msgs/srv/_set_speed_slider_fraction.py
[4.696s] -- Up-to-date: /home/gcerioni/ws_ur16/install/ur_msgs/local/lib/python3.10/dist-packages/ur_msgs/srv/_set_speed_slider_fraction_s.c
[4.696s] -- Up-to-date: /home/gcerioni/ws_ur16/install/ur_msgs/local/lib/python3.10/dist-packages/ur_msgs/srv/__init__.py
[4.696s] -- Up-to-date: /home/gcerioni/ws_ur16/install/ur_msgs/local/lib/python3.10/dist-packages/ur_msgs/srv/_set_analog_output.py
[4.696s] -- Up-to-date: /home/gcerioni/ws_ur16/install/ur_msgs/local/lib/python3.10/dist-packages/ur_msgs/srv/_set_payload_s.c
[4.697s] -- Up-to-date: /home/gcerioni/ws_ur16/install/ur_msgs/local/lib/python3.10/dist-packages/ur_msgs/srv/_get_robot_software_version.py
[4.697s] -- Up-to-date: /home/gcerioni/ws_ur16/install/ur_msgs/local/lib/python3.10/dist-packages/ur_msgs/srv/_set_force_mode_s.c
[4.697s] -- Up-to-date: /home/gcerioni/ws_ur16/install/ur_msgs/local/lib/python3.10/dist-packages/ur_msgs/srv/_set_io.py
[4.697s] -- Up-to-date: /home/gcerioni/ws_ur16/install/ur_msgs/local/lib/python3.10/dist-packages/ur_msgs/srv/_set_payload.py
[4.697s] -- Up-to-date: /home/gcerioni/ws_ur16/install/ur_msgs/local/lib/python3.10/dist-packages/ur_msgs/srv/_set_io_s.c
[4.697s] -- Up-to-date: /home/gcerioni/ws_ur16/install/ur_msgs/local/lib/python3.10/dist-packages/ur_msgs/srv/_get_robot_software_version_s.c
[4.744s] Listing '/home/gcerioni/ws_ur16/install/ur_msgs/local/lib/python3.10/dist-packages/ur_msgs'...
[4.744s] Compiling '/home/gcerioni/ws_ur16/install/ur_msgs/local/lib/python3.10/dist-packages/ur_msgs/__init__.py'...
[4.744s] Listing '/home/gcerioni/ws_ur16/install/ur_msgs/local/lib/python3.10/dist-packages/ur_msgs/action'...
[4.744s] Listing '/home/gcerioni/ws_ur16/install/ur_msgs/local/lib/python3.10/dist-packages/ur_msgs/msg'...
[4.744s] Listing '/home/gcerioni/ws_ur16/install/ur_msgs/local/lib/python3.10/dist-packages/ur_msgs/srv'...
[4.749s] -- Up-to-date: /home/gcerioni/ws_ur16/install/ur_msgs/local/lib/python3.10/dist-packages/ur_msgs/ur_msgs_s__rosidl_typesupport_fastrtps_c.cpython-310-x86_64-linux-gnu.so
[4.749s] -- Up-to-date: /home/gcerioni/ws_ur16/install/ur_msgs/local/lib/python3.10/dist-packages/ur_msgs/ur_msgs_s__rosidl_typesupport_introspection_c.cpython-310-x86_64-linux-gnu.so
[4.750s] -- Up-to-date: /home/gcerioni/ws_ur16/install/ur_msgs/local/lib/python3.10/dist-packages/ur_msgs/ur_msgs_s__rosidl_typesupport_c.cpython-310-x86_64-linux-gnu.so
[4.750s] -- Up-to-date: /home/gcerioni/ws_ur16/install/ur_msgs/lib/libur_msgs__rosidl_generator_py.so
[4.751s] -- Up-to-date: /home/gcerioni/ws_ur16/install/ur_msgs/share/ur_msgs/msg/Analog.idl
[4.751s] -- Up-to-date: /home/gcerioni/ws_ur16/install/ur_msgs/share/ur_msgs/msg/Digital.idl
[4.751s] -- Up-to-date: /home/gcerioni/ws_ur16/install/ur_msgs/share/ur_msgs/msg/IOStates.idl
[4.751s] -- Up-to-date: /home/gcerioni/ws_ur16/install/ur_msgs/share/ur_msgs/msg/RobotStateRTMsg.idl
[4.751s] -- Up-to-date: /home/gcerioni/ws_ur16/install/ur_msgs/share/ur_msgs/msg/MasterboardDataMsg.idl
[4.752s] -- Up-to-date: /home/gcerioni/ws_ur16/install/ur_msgs/share/ur_msgs/msg/RobotModeDataMsg.idl
[4.752s] -- Up-to-date: /home/gcerioni/ws_ur16/install/ur_msgs/share/ur_msgs/msg/ToolDataMsg.idl
[4.752s] -- Up-to-date: /home/gcerioni/ws_ur16/install/ur_msgs/share/ur_msgs/srv/SetAnalogOutput.idl
[4.752s] -- Up-to-date: /home/gcerioni/ws_ur16/install/ur_msgs/share/ur_msgs/srv/SetPayload.idl
[4.752s] -- Up-to-date: /home/gcerioni/ws_ur16/install/ur_msgs/share/ur_msgs/srv/SetSpeedSliderFraction.idl
[4.752s] -- Up-to-date: /home/gcerioni/ws_ur16/install/ur_msgs/share/ur_msgs/srv/SetIO.idl
[4.752s] -- Up-to-date: /home/gcerioni/ws_ur16/install/ur_msgs/share/ur_msgs/srv/GetRobotSoftwareVersion.idl
[4.753s] -- Up-to-date: /home/gcerioni/ws_ur16/install/ur_msgs/share/ur_msgs/srv/SetForceMode.idl
[4.753s] -- Up-to-date: /home/gcerioni/ws_ur16/install/ur_msgs/share/ur_msgs/action/ToolContact.idl
[4.753s] -- Up-to-date: /home/gcerioni/ws_ur16/install/ur_msgs/share/ur_msgs/msg/Analog.msg
[4.753s] -- Up-to-date: /home/gcerioni/ws_ur16/install/ur_msgs/share/ur_msgs/msg/Digital.msg
[4.753s] -- Up-to-date: /home/gcerioni/ws_ur16/install/ur_msgs/share/ur_msgs/msg/IOStates.msg
[4.754s] -- Up-to-date: /home/gcerioni/ws_ur16/install/ur_msgs/share/ur_msgs/msg/RobotStateRTMsg.msg
[4.754s] -- Up-to-date: /home/gcerioni/ws_ur16/install/ur_msgs/share/ur_msgs/msg/MasterboardDataMsg.msg
[4.754s] -- Up-to-date: /home/gcerioni/ws_ur16/install/ur_msgs/share/ur_msgs/msg/RobotModeDataMsg.msg
[4.754s] -- Up-to-date: /home/gcerioni/ws_ur16/install/ur_msgs/share/ur_msgs/msg/ToolDataMsg.msg
[4.754s] -- Up-to-date: /home/gcerioni/ws_ur16/install/ur_msgs/share/ur_msgs/srv/SetAnalogOutput.srv
[4.754s] -- Up-to-date: /home/gcerioni/ws_ur16/install/ur_msgs/share/ur_msgs/srv/SetAnalogOutput_Request.msg
[4.754s] -- Up-to-date: /home/gcerioni/ws_ur16/install/ur_msgs/share/ur_msgs/srv/SetAnalogOutput_Response.msg
[4.754s] -- Up-to-date: /home/gcerioni/ws_ur16/install/ur_msgs/share/ur_msgs/srv/SetPayload.srv
[4.755s] -- Up-to-date: /home/gcerioni/ws_ur16/install/ur_msgs/share/ur_msgs/srv/SetPayload_Request.msg
[4.755s] -- Up-to-date: /home/gcerioni/ws_ur16/install/ur_msgs/share/ur_msgs/srv/SetPayload_Response.msg
[4.755s] -- Up-to-date: /home/gcerioni/ws_ur16/install/ur_msgs/share/ur_msgs/srv/SetSpeedSliderFraction.srv
[4.755s] -- Up-to-date: /home/gcerioni/ws_ur16/install/ur_msgs/share/ur_msgs/srv/SetSpeedSliderFraction_Request.msg
[4.755s] -- Up-to-date: /home/gcerioni/ws_ur16/install/ur_msgs/share/ur_msgs/srv/SetSpeedSliderFraction_Response.msg
[4.755s] -- Up-to-date: /home/gcerioni/ws_ur16/install/ur_msgs/share/ur_msgs/srv/SetIO.srv
[4.755s] -- Up-to-date: /home/gcerioni/ws_ur16/install/ur_msgs/share/ur_msgs/srv/SetIO_Request.msg
[4.755s] -- Up-to-date: /home/gcerioni/ws_ur16/install/ur_msgs/share/ur_msgs/srv/SetIO_Response.msg
[4.756s] -- Up-to-date: /home/gcerioni/ws_ur16/install/ur_msgs/share/ur_msgs/srv/GetRobotSoftwareVersion.srv
[4.756s] -- Up-to-date: /home/gcerioni/ws_ur16/install/ur_msgs/share/ur_msgs/srv/GetRobotSoftwareVersion_Request.msg
[4.756s] -- Up-to-date: /home/gcerioni/ws_ur16/install/ur_msgs/share/ur_msgs/srv/GetRobotSoftwareVersion_Response.msg
[4.756s] -- Up-to-date: /home/gcerioni/ws_ur16/install/ur_msgs/share/ur_msgs/srv/SetForceMode.srv
[4.756s] -- Up-to-date: /home/gcerioni/ws_ur16/install/ur_msgs/share/ur_msgs/srv/SetForceMode_Request.msg
[4.756s] -- Up-to-date: /home/gcerioni/ws_ur16/install/ur_msgs/share/ur_msgs/srv/SetForceMode_Response.msg
[4.756s] -- Up-to-date: /home/gcerioni/ws_ur16/install/ur_msgs/share/ur_msgs/action/ToolContact.action
[4.756s] -- Up-to-date: /home/gcerioni/ws_ur16/install/ur_msgs/share/ament_index/resource_index/package_run_dependencies/ur_msgs
[4.757s] -- Installing: /home/gcerioni/ws_ur16/install/ur_msgs/share/ament_index/resource_index/parent_prefix_path/ur_msgs
[4.757s] -- Up-to-date: /home/gcerioni/ws_ur16/install/ur_msgs/share/ur_msgs/environment/ament_prefix_path.sh
[4.757s] -- Installing: /home/gcerioni/ws_ur16/install/ur_msgs/share/ur_msgs/environment/ament_prefix_path.dsv
[4.757s] -- Up-to-date: /home/gcerioni/ws_ur16/install/ur_msgs/share/ur_msgs/environment/path.sh
[4.757s] -- Installing: /home/gcerioni/ws_ur16/install/ur_msgs/share/ur_msgs/environment/path.dsv
[4.757s] -- Up-to-date: /home/gcerioni/ws_ur16/install/ur_msgs/share/ur_msgs/local_setup.bash
[4.757s] -- Up-to-date: /home/gcerioni/ws_ur16/install/ur_msgs/share/ur_msgs/local_setup.sh
[4.757s] -- Up-to-date: /home/gcerioni/ws_ur16/install/ur_msgs/share/ur_msgs/local_setup.zsh
[4.758s] -- Installing: /home/gcerioni/ws_ur16/install/ur_msgs/share/ur_msgs/local_setup.dsv
[4.758s] -- Installing: /home/gcerioni/ws_ur16/install/ur_msgs/share/ur_msgs/package.dsv
[4.758s] -- Up-to-date: /home/gcerioni/ws_ur16/install/ur_msgs/share/ament_index/resource_index/packages/ur_msgs
[4.758s] -- Up-to-date: /home/gcerioni/ws_ur16/install/ur_msgs/share/ur_msgs/cmake/export_ur_msgs__rosidl_generator_cExport.cmake
[4.758s] -- Up-to-date: /home/gcerioni/ws_ur16/install/ur_msgs/share/ur_msgs/cmake/export_ur_msgs__rosidl_generator_cExport-release.cmake
[4.758s] -- Up-to-date: /home/gcerioni/ws_ur16/install/ur_msgs/share/ur_msgs/cmake/export_ur_msgs__rosidl_typesupport_fastrtps_cExport.cmake
[4.758s] -- Up-to-date: /home/gcerioni/ws_ur16/install/ur_msgs/share/ur_msgs/cmake/export_ur_msgs__rosidl_typesupport_fastrtps_cExport-release.cmake
[4.758s] -- Up-to-date: /home/gcerioni/ws_ur16/install/ur_msgs/share/ur_msgs/cmake/export_ur_msgs__rosidl_generator_cppExport.cmake
[4.758s] -- Up-to-date: /home/gcerioni/ws_ur16/install/ur_msgs/share/ur_msgs/cmake/export_ur_msgs__rosidl_typesupport_fastrtps_cppExport.cmake
[4.758s] -- Up-to-date: /home/gcerioni/ws_ur16/install/ur_msgs/share/ur_msgs/cmake/export_ur_msgs__rosidl_typesupport_fastrtps_cppExport-release.cmake
[4.759s] -- Up-to-date: /home/gcerioni/ws_ur16/install/ur_msgs/share/ur_msgs/cmake/ur_msgs__rosidl_typesupport_introspection_cExport.cmake
[4.759s] -- Up-to-date: /home/gcerioni/ws_ur16/install/ur_msgs/share/ur_msgs/cmake/ur_msgs__rosidl_typesupport_introspection_cExport-release.cmake
[4.759s] -- Up-to-date: /home/gcerioni/ws_ur16/install/ur_msgs/share/ur_msgs/cmake/ur_msgs__rosidl_typesupport_cExport.cmake
[4.759s] -- Up-to-date: /home/gcerioni/ws_ur16/install/ur_msgs/share/ur_msgs/cmake/ur_msgs__rosidl_typesupport_cExport-release.cmake
[4.759s] -- Up-to-date: /home/gcerioni/ws_ur16/install/ur_msgs/share/ur_msgs/cmake/ur_msgs__rosidl_typesupport_introspection_cppExport.cmake
[4.759s] -- Up-to-date: /home/gcerioni/ws_ur16/install/ur_msgs/share/ur_msgs/cmake/ur_msgs__rosidl_typesupport_introspection_cppExport-release.cmake
[4.759s] -- Up-to-date: /home/gcerioni/ws_ur16/install/ur_msgs/share/ur_msgs/cmake/ur_msgs__rosidl_typesupport_cppExport.cmake
[4.759s] -- Up-to-date: /home/gcerioni/ws_ur16/install/ur_msgs/share/ur_msgs/cmake/ur_msgs__rosidl_typesupport_cppExport-release.cmake
[4.759s] -- Up-to-date: /home/gcerioni/ws_ur16/install/ur_msgs/share/ur_msgs/cmake/export_ur_msgs__rosidl_generator_pyExport.cmake
[4.759s] -- Up-to-date: /home/gcerioni/ws_ur16/install/ur_msgs/share/ur_msgs/cmake/export_ur_msgs__rosidl_generator_pyExport-release.cmake
[4.760s] -- Up-to-date: /home/gcerioni/ws_ur16/install/ur_msgs/share/ur_msgs/cmake/rosidl_cmake-extras.cmake
[4.760s] -- Up-to-date: /home/gcerioni/ws_ur16/install/ur_msgs/share/ur_msgs/cmake/ament_cmake_export_dependencies-extras.cmake
[4.760s] -- Up-to-date: /home/gcerioni/ws_ur16/install/ur_msgs/share/ur_msgs/cmake/ament_cmake_export_include_directories-extras.cmake
[4.760s] -- Up-to-date: /home/gcerioni/ws_ur16/install/ur_msgs/share/ur_msgs/cmake/ament_cmake_export_libraries-extras.cmake
[4.760s] -- Up-to-date: /home/gcerioni/ws_ur16/install/ur_msgs/share/ur_msgs/cmake/ament_cmake_export_targets-extras.cmake
[4.760s] -- Up-to-date: /home/gcerioni/ws_ur16/install/ur_msgs/share/ur_msgs/cmake/rosidl_cmake_export_typesupport_targets-extras.cmake
[4.760s] -- Up-to-date: /home/gcerioni/ws_ur16/install/ur_msgs/share/ur_msgs/cmake/rosidl_cmake_export_typesupport_libraries-extras.cmake
[4.760s] -- Up-to-date: /home/gcerioni/ws_ur16/install/ur_msgs/share/ur_msgs/cmake/ur_msgsConfig.cmake
[4.760s] -- Up-to-date: /home/gcerioni/ws_ur16/install/ur_msgs/share/ur_msgs/cmake/ur_msgsConfig-version.cmake
[4.760s] -- Up-to-date: /home/gcerioni/ws_ur16/install/ur_msgs/share/ur_msgs/package.xml
[4.762s] Invoked command in '/home/gcerioni/ws_ur16/build/ur_msgs' returned '0': CMAKE_PREFIX_PATH=${CMAKE_PREFIX_PATH}:/home/gcerioni/ws_ur16/install/rqt_joint_trajectory_controller:/home/gcerioni/ws_ur16/install/rqt_controller_manager:/home/gcerioni/ws_ur16/install/ros2controlcli:/home/gcerioni/ws_ur16/install/ros2_controllers_test_nodes:/opt/ros/humble /usr/bin/cmake --install /home/gcerioni/ws_ur16/build/ur_msgs
