[0.079s] Invoking command in '/home/gcerioni/ws_ur16/build/realtime_tools': CMAKE_PREFIX_PATH=${CMAKE_PREFIX_PATH}:/home/gcerioni/ws_ur16/install/rqt_joint_trajectory_controller:/home/gcerioni/ws_ur16/install/rqt_controller_manager:/home/gcerioni/ws_ur16/install/ros2controlcli:/home/gcerioni/ws_ur16/install/ros2_controllers_test_nodes:/opt/ros/humble /usr/bin/cmake /home/gcerioni/ws_ur16/src/realtime_tools -DCMAKE_INSTALL_PREFIX=/home/gcerioni/ws_ur16/install/realtime_tools
[0.109s] -- Found ament_cmake: 1.3.11 (/opt/ros/humble/share/ament_cmake/cmake)
[0.367s] -- Found rclcpp: 16.0.11 (/opt/ros/humble/share/rclcpp/cmake)
[0.422s] -- Found rosidl_generator_c: 3.1.6 (/opt/ros/humble/share/rosidl_generator_c/cmake)
[0.426s] -- Found rosidl_adapter: 3.1.6 (/opt/ros/humble/share/rosidl_adapter/cmake)
[0.437s] -- Found rosidl_generator_cpp: 3.1.6 (/opt/ros/humble/share/rosidl_generator_cpp/cmake)
[0.460s] -- Using all available rosidl_typesupport_c: rosidl_typesupport_fastrtps_c;rosidl_typesupport_introspection_c
[0.490s] -- Using all available rosidl_typesupport_cpp: rosidl_typesupport_fastrtps_cpp;rosidl_typesupport_introspection_cpp
[0.554s] -- Found rmw_implementation_cmake: 6.1.2 (/opt/ros/humble/share/rmw_implementation_cmake/cmake)
[0.560s] -- Found rmw_fastrtps_cpp: 6.2.7 (/opt/ros/humble/share/rmw_fastrtps_cpp/cmake)
[0.789s] -- Using RMW implementation 'rmw_fastrtps_cpp' as default
[0.879s] -- Found rclcpp_action: 16.0.11 (/opt/ros/humble/share/rclcpp_action/cmake)
[0.959s] -- Found ament_cmake_gmock: 1.3.11 (/opt/ros/humble/share/ament_cmake_gmock/cmake)
[0.960s] -- Found lifecycle_msgs: 1.2.1 (/opt/ros/humble/share/lifecycle_msgs/cmake)
[0.975s] -- Found rclcpp_lifecycle: 16.0.11 (/opt/ros/humble/share/rclcpp_lifecycle/cmake)
[0.988s] -- Found test_msgs: 1.2.1 (/opt/ros/humble/share/test_msgs/cmake)
[1.016s] -- Found gmock sources under '/opt/ros/humble/src/gmock_vendor': C++ tests using 'Google Mock' will be built
[1.021s] -- Found ament_cmake_gtest: 1.3.11 (/opt/ros/humble/share/ament_cmake_gtest/cmake)
[1.022s] -- Found gtest sources under '/opt/ros/humble/src/gtest_vendor': C++ tests using 'Google Test' will be built
[1.173s] -- Configuring done
[1.329s] -- Generating done
[1.371s] -- Build files have been written to: /home/gcerioni/ws_ur16/build/realtime_tools
[1.418s] Invoked command in '/home/gcerioni/ws_ur16/build/realtime_tools' returned '0': CMAKE_PREFIX_PATH=${CMAKE_PREFIX_PATH}:/home/gcerioni/ws_ur16/install/rqt_joint_trajectory_controller:/home/gcerioni/ws_ur16/install/rqt_controller_manager:/home/gcerioni/ws_ur16/install/ros2controlcli:/home/gcerioni/ws_ur16/install/ros2_controllers_test_nodes:/opt/ros/humble /usr/bin/cmake /home/gcerioni/ws_ur16/src/realtime_tools -DCMAKE_INSTALL_PREFIX=/home/gcerioni/ws_ur16/install/realtime_tools
[1.419s] Invoking command in '/home/gcerioni/ws_ur16/build/realtime_tools': CMAKE_PREFIX_PATH=${CMAKE_PREFIX_PATH}:/home/gcerioni/ws_ur16/install/rqt_joint_trajectory_controller:/home/gcerioni/ws_ur16/install/rqt_controller_manager:/home/gcerioni/ws_ur16/install/ros2controlcli:/home/gcerioni/ws_ur16/install/ros2_controllers_test_nodes:/opt/ros/humble /usr/bin/cmake --build /home/gcerioni/ws_ur16/build/realtime_tools -- -j8 -l8
[1.864s] [35m[1mConsolidate compiler generated dependencies of target realtime_tools[0m
[1.864s] [35m[1mConsolidate compiler generated dependencies of target gmock_main[0m
[1.864s] [35m[1mConsolidate compiler generated dependencies of target gmock[0m
[1.865s] [35m[1mConsolidate compiler generated dependencies of target thread_priority[0m
[1.865s] [  9%] Built target realtime_tools
[1.865s] [ 15%] Built target gmock_main
[1.866s] [ 21%] Built target thread_priority
[1.866s] [ 31%] Built target gmock
[1.866s] [35m[1mConsolidate compiler generated dependencies of target thread_priority_tests[0m
[1.867s] [35m[1mConsolidate compiler generated dependencies of target realtime_box_tests[0m
[1.867s] [35m[1mConsolidate compiler generated dependencies of target realtime_buffer_tests[0m
[1.867s] [35m[1mConsolidate compiler generated dependencies of target realtime_box_best_effort_tests[0m
[1.867s] [35m[1mConsolidate compiler generated dependencies of target realtime_clock_tests[0m
[1.868s] [35m[1mConsolidate compiler generated dependencies of target realtime_publisher_tests_non_polling[0m
[1.868s] [35m[1mConsolidate compiler generated dependencies of target lock_free_queue_tests[0m
[1.868s] [35m[1mConsolidate compiler generated dependencies of target realtime_publisher_tests[0m
[1.868s] [ 37%] Built target thread_priority_tests
[1.868s] [ 43%] Built target realtime_box_tests
[1.869s] [ 50%] Built target realtime_buffer_tests
[1.870s] [ 56%] Built target realtime_box_best_effort_tests
[1.870s] [ 62%] Built target realtime_clock_tests
[1.871s] [35m[1mConsolidate compiler generated dependencies of target realtime_server_goal_handle_tests[0m
[1.871s] [ 68%] Built target realtime_publisher_tests_non_polling
[1.871s] [ 75%] Built target realtime_publisher_tests
[1.871s] [ 81%] Built target lock_free_queue_tests
[1.872s] [35m[1mConsolidate compiler generated dependencies of target test_async_function_handler[0m
[1.872s] [35m[1mConsolidate compiler generated dependencies of target realtime_mutex_tests[0m
[1.872s] [ 87%] Built target realtime_server_goal_handle_tests
[1.877s] [ 93%] Built target realtime_mutex_tests
[1.877s] [100%] Built target test_async_function_handler
[1.931s] Invoked command in '/home/gcerioni/ws_ur16/build/realtime_tools' returned '0': CMAKE_PREFIX_PATH=${CMAKE_PREFIX_PATH}:/home/gcerioni/ws_ur16/install/rqt_joint_trajectory_controller:/home/gcerioni/ws_ur16/install/rqt_controller_manager:/home/gcerioni/ws_ur16/install/ros2controlcli:/home/gcerioni/ws_ur16/install/ros2_controllers_test_nodes:/opt/ros/humble /usr/bin/cmake --build /home/gcerioni/ws_ur16/build/realtime_tools -- -j8 -l8
[1.933s] Invoking command in '/home/gcerioni/ws_ur16/build/realtime_tools': CMAKE_PREFIX_PATH=${CMAKE_PREFIX_PATH}:/home/gcerioni/ws_ur16/install/rqt_joint_trajectory_controller:/home/gcerioni/ws_ur16/install/rqt_controller_manager:/home/gcerioni/ws_ur16/install/ros2controlcli:/home/gcerioni/ws_ur16/install/ros2_controllers_test_nodes:/opt/ros/humble /usr/bin/cmake --install /home/gcerioni/ws_ur16/build/realtime_tools
[1.963s] -- Install configuration: "Release"
[1.963s] -- Up-to-date: /home/gcerioni/ws_ur16/install/realtime_tools/include/realtime_tools
[1.963s] -- Up-to-date: /home/gcerioni/ws_ur16/install/realtime_tools/include/realtime_tools/realtime_tools
[1.964s] -- Up-to-date: /home/gcerioni/ws_ur16/install/realtime_tools/include/realtime_tools/realtime_tools/thread_priority.hpp
[1.965s] -- Up-to-date: /home/gcerioni/ws_ur16/install/realtime_tools/include/realtime_tools/realtime_tools/async_function_handler.hpp
[1.965s] -- Up-to-date: /home/gcerioni/ws_ur16/install/realtime_tools/include/realtime_tools/realtime_tools/realtime_server_goal_handle.hpp
[1.968s] -- Up-to-date: /home/gcerioni/ws_ur16/install/realtime_tools/include/realtime_tools/realtime_tools/realtime_clock.h
[1.973s] -- Up-to-date: /home/gcerioni/ws_ur16/install/realtime_tools/include/realtime_tools/realtime_tools/mutex.hpp
[1.973s] -- Up-to-date: /home/gcerioni/ws_ur16/install/realtime_tools/include/realtime_tools/realtime_tools/realtime_clock.hpp
[1.973s] -- Up-to-date: /home/gcerioni/ws_ur16/install/realtime_tools/include/realtime_tools/realtime_tools/realtime_box.hpp
[1.973s] -- Up-to-date: /home/gcerioni/ws_ur16/install/realtime_tools/include/realtime_tools/realtime_tools/realtime_box.h
[1.973s] -- Up-to-date: /home/gcerioni/ws_ur16/install/realtime_tools/include/realtime_tools/realtime_tools/realtime_publisher.hpp
[1.973s] -- Up-to-date: /home/gcerioni/ws_ur16/install/realtime_tools/include/realtime_tools/realtime_tools/realtime_buffer.h
[1.973s] -- Up-to-date: /home/gcerioni/ws_ur16/install/realtime_tools/include/realtime_tools/realtime_tools/realtime_publisher.h
[1.973s] -- Up-to-date: /home/gcerioni/ws_ur16/install/realtime_tools/include/realtime_tools/realtime_tools/realtime_buffer.hpp
[1.973s] -- Up-to-date: /home/gcerioni/ws_ur16/install/realtime_tools/include/realtime_tools/realtime_tools/realtime_box_best_effort.hpp
[1.973s] -- Up-to-date: /home/gcerioni/ws_ur16/install/realtime_tools/include/realtime_tools/realtime_tools/realtime_box_best_effort.h
[1.973s] -- Up-to-date: /home/gcerioni/ws_ur16/install/realtime_tools/include/realtime_tools/realtime_tools/lock_free_queue.hpp
[1.974s] -- Up-to-date: /home/gcerioni/ws_ur16/install/realtime_tools/include/realtime_tools/realtime_tools/realtime_server_goal_handle.h
[1.974s] -- Up-to-date: /home/gcerioni/ws_ur16/install/realtime_tools/include/realtime_tools/realtime_tools/realtime_helpers.hpp
[1.974s] -- Up-to-date: /home/gcerioni/ws_ur16/install/realtime_tools/lib/librealtime_tools.so
[1.974s] -- Up-to-date: /home/gcerioni/ws_ur16/install/realtime_tools/lib/libthread_priority.so
[1.974s] -- Up-to-date: /home/gcerioni/ws_ur16/install/realtime_tools/share/realtime_tools/environment/library_path.sh
[1.974s] -- Installing: /home/gcerioni/ws_ur16/install/realtime_tools/share/realtime_tools/environment/library_path.dsv
[1.974s] -- Up-to-date: /home/gcerioni/ws_ur16/install/realtime_tools/share/ament_index/resource_index/package_run_dependencies/realtime_tools
[1.974s] -- Installing: /home/gcerioni/ws_ur16/install/realtime_tools/share/ament_index/resource_index/parent_prefix_path/realtime_tools
[1.974s] -- Up-to-date: /home/gcerioni/ws_ur16/install/realtime_tools/share/realtime_tools/environment/ament_prefix_path.sh
[1.974s] -- Installing: /home/gcerioni/ws_ur16/install/realtime_tools/share/realtime_tools/environment/ament_prefix_path.dsv
[1.974s] -- Up-to-date: /home/gcerioni/ws_ur16/install/realtime_tools/share/realtime_tools/environment/path.sh
[1.975s] -- Installing: /home/gcerioni/ws_ur16/install/realtime_tools/share/realtime_tools/environment/path.dsv
[1.975s] -- Up-to-date: /home/gcerioni/ws_ur16/install/realtime_tools/share/realtime_tools/local_setup.bash
[1.975s] -- Up-to-date: /home/gcerioni/ws_ur16/install/realtime_tools/share/realtime_tools/local_setup.sh
[1.975s] -- Up-to-date: /home/gcerioni/ws_ur16/install/realtime_tools/share/realtime_tools/local_setup.zsh
[1.975s] -- Installing: /home/gcerioni/ws_ur16/install/realtime_tools/share/realtime_tools/local_setup.dsv
[1.975s] -- Installing: /home/gcerioni/ws_ur16/install/realtime_tools/share/realtime_tools/package.dsv
[1.975s] -- Up-to-date: /home/gcerioni/ws_ur16/install/realtime_tools/share/ament_index/resource_index/packages/realtime_tools
[1.975s] -- Up-to-date: /home/gcerioni/ws_ur16/install/realtime_tools/share/realtime_tools/cmake/export_realtime_toolsExport.cmake
[1.975s] -- Up-to-date: /home/gcerioni/ws_ur16/install/realtime_tools/share/realtime_tools/cmake/export_realtime_toolsExport-release.cmake
[1.976s] -- Up-to-date: /home/gcerioni/ws_ur16/install/realtime_tools/share/realtime_tools/cmake/ament_cmake_export_targets-extras.cmake
[1.976s] -- Up-to-date: /home/gcerioni/ws_ur16/install/realtime_tools/share/realtime_tools/cmake/ament_cmake_export_dependencies-extras.cmake
[1.976s] -- Up-to-date: /home/gcerioni/ws_ur16/install/realtime_tools/share/realtime_tools/cmake/realtime_toolsConfig.cmake
[1.976s] -- Up-to-date: /home/gcerioni/ws_ur16/install/realtime_tools/share/realtime_tools/cmake/realtime_toolsConfig-version.cmake
[1.976s] -- Up-to-date: /home/gcerioni/ws_ur16/install/realtime_tools/share/realtime_tools/package.xml
[2.005s] Invoked command in '/home/gcerioni/ws_ur16/build/realtime_tools' returned '0': CMAKE_PREFIX_PATH=${CMAKE_PREFIX_PATH}:/home/gcerioni/ws_ur16/install/rqt_joint_trajectory_controller:/home/gcerioni/ws_ur16/install/rqt_controller_manager:/home/gcerioni/ws_ur16/install/ros2controlcli:/home/gcerioni/ws_ur16/install/ros2_controllers_test_nodes:/opt/ros/humble /usr/bin/cmake --install /home/gcerioni/ws_ur16/build/realtime_tools
