[0.012s] Invoking command in '/home/gcerioni/ws_ur16/build/hardware_interface': AMENT_PREFIX_PATH=/home/gcerioni/ws_ur16/install/ros2_control_test_assets:/home/gcerioni/ws_ur16/install/control_msgs:${AMENT_PREFIX_PATH} CMAKE_PREFIX_PATH=/home/gcerioni/ws_ur16/install/ros2_control_test_assets:/home/gcerioni/ws_ur16/install/control_msgs:/opt/ros/humble LD_LIBRARY_PATH=/home/gcerioni/ws_ur16/install/control_msgs/lib:${LD_LIBRARY_PATH} PYTHONPATH=/home/gcerioni/ws_ur16/install/control_msgs/local/lib/python3.10/dist-packages:${PYTHONPATH} /usr/bin/cmake /home/gcerioni/ws_ur16/src/ros2_control/hardware_interface -DCMAKE_BUILD_TYPE=Release -DCMAKE_INSTALL_PREFIX=/home/gcerioni/ws_ur16/install/hardware_interface
[0.066s] -- The C compiler identification is GNU 11.4.0
[0.132s] -- The CXX compiler identification is GNU 11.4.0
[0.142s] -- Detecting C compiler ABI info
[0.210s] -- Detecting C compiler ABI info - done
[0.224s] -- Check for working C compiler: /usr/bin/cc - skipped
[0.225s] -- Detecting C compile features
[0.225s] -- Detecting C compile features - done
[0.230s] -- Detecting CXX compiler ABI info
[0.307s] -- Detecting CXX compiler ABI info - done
[0.317s] -- Check for working CXX compiler: /usr/bin/c++ - skipped
[0.317s] -- Detecting CXX compile features
[0.318s] -- Detecting CXX compile features - done
[0.320s] -- Found ament_cmake: 1.3.11 (/opt/ros/humble/share/ament_cmake/cmake)
[0.467s] -- Found Python3: /usr/bin/python3 (found version "3.10.12") found components: Interpreter 
[0.578s] -- Found control_msgs: 4.8.0 (/home/gcerioni/ws_ur16/install/control_msgs/share/control_msgs/cmake)
[0.616s] -- Found rosidl_generator_c: 3.1.6 (/opt/ros/humble/share/rosidl_generator_c/cmake)
[0.624s] -- Found rosidl_adapter: 3.1.6 (/opt/ros/humble/share/rosidl_adapter/cmake)
[0.636s] -- Found rosidl_generator_cpp: 3.1.6 (/opt/ros/humble/share/rosidl_generator_cpp/cmake)
[0.656s] -- Using all available rosidl_typesupport_c: rosidl_typesupport_fastrtps_c;rosidl_typesupport_introspection_c
[0.684s] -- Using all available rosidl_typesupport_cpp: rosidl_typesupport_fastrtps_cpp;rosidl_typesupport_introspection_cpp
[0.853s] -- Found lifecycle_msgs: 1.2.1 (/opt/ros/humble/share/lifecycle_msgs/cmake)
[0.862s] -- Found pluginlib: 5.1.0 (/opt/ros/humble/share/pluginlib/cmake)
[0.892s] -- Found rclcpp_lifecycle: 16.0.11 (/opt/ros/humble/share/rclcpp_lifecycle/cmake)
[0.962s] -- Found rmw_implementation_cmake: 6.1.2 (/opt/ros/humble/share/rmw_implementation_cmake/cmake)
[0.966s] -- Found rmw_fastrtps_cpp: 6.2.7 (/opt/ros/humble/share/rmw_fastrtps_cpp/cmake)
[1.010s] -- Found TinyXML2 via Config file: TinyXML2_DIR-NOTFOUND
[1.061s] -- Found OpenSSL: /usr/lib/x86_64-linux-gnu/libcrypto.so (found version "3.0.2")  
[1.064s] -- Found TinyXML2 via Config file: TinyXML2_DIR-NOTFOUND
[1.077s] -- Found FastRTPS: /opt/ros/humble/include  
[1.080s] -- Found TinyXML2 via Config file: TinyXML2_DIR-NOTFOUND
[1.088s] -- Found TinyXML2 via Config file: TinyXML2_DIR-NOTFOUND
[1.098s] -- Using RMW implementation 'rmw_fastrtps_cpp' as default
[1.107s] -- Looking for pthread.h
[1.176s] -- Looking for pthread.h - found
[1.176s] -- Performing Test CMAKE_HAVE_LIBC_PTHREAD
[1.242s] -- Performing Test CMAKE_HAVE_LIBC_PTHREAD - Success
[1.243s] -- Found Threads: TRUE  
[1.284s] -- Found TinyXML2 via Config file: TinyXML2_DIR-NOTFOUND
[1.288s] -- Found ament_cmake_gmock: 1.3.11 (/opt/ros/humble/share/ament_cmake_gmock/cmake)
[1.289s] -- Found ros2_control_test_assets: 2.48.0 (/home/gcerioni/ws_ur16/install/ros2_control_test_assets/share/ros2_control_test_assets/cmake)
[1.291s] -- Found gmock sources under '/opt/ros/humble/src/gmock_vendor': C++ tests using 'Google Mock' will be built
[1.295s] -- Found ament_cmake_gtest: 1.3.11 (/opt/ros/humble/share/ament_cmake_gtest/cmake)
[1.296s] -- Found gtest sources under '/opt/ros/humble/src/gtest_vendor': C++ tests using 'Google Test' will be built
[1.364s] -- Configuring done
[1.427s] -- Generating done
[1.474s] -- Build files have been written to: /home/gcerioni/ws_ur16/build/hardware_interface
[1.492s] Invoked command in '/home/gcerioni/ws_ur16/build/hardware_interface' returned '0': AMENT_PREFIX_PATH=/home/gcerioni/ws_ur16/install/ros2_control_test_assets:/home/gcerioni/ws_ur16/install/control_msgs:${AMENT_PREFIX_PATH} CMAKE_PREFIX_PATH=/home/gcerioni/ws_ur16/install/ros2_control_test_assets:/home/gcerioni/ws_ur16/install/control_msgs:/opt/ros/humble LD_LIBRARY_PATH=/home/gcerioni/ws_ur16/install/control_msgs/lib:${LD_LIBRARY_PATH} PYTHONPATH=/home/gcerioni/ws_ur16/install/control_msgs/local/lib/python3.10/dist-packages:${PYTHONPATH} /usr/bin/cmake /home/gcerioni/ws_ur16/src/ros2_control/hardware_interface -DCMAKE_BUILD_TYPE=Release -DCMAKE_INSTALL_PREFIX=/home/gcerioni/ws_ur16/install/hardware_interface
[1.493s] Invoking command in '/home/gcerioni/ws_ur16/build/hardware_interface': AMENT_PREFIX_PATH=/home/gcerioni/ws_ur16/install/ros2_control_test_assets:/home/gcerioni/ws_ur16/install/control_msgs:${AMENT_PREFIX_PATH} CMAKE_PREFIX_PATH=/home/gcerioni/ws_ur16/install/ros2_control_test_assets:/home/gcerioni/ws_ur16/install/control_msgs:/opt/ros/humble LD_LIBRARY_PATH=/home/gcerioni/ws_ur16/install/control_msgs/lib:${LD_LIBRARY_PATH} PYTHONPATH=/home/gcerioni/ws_ur16/install/control_msgs/local/lib/python3.10/dist-packages:${PYTHONPATH} /usr/bin/cmake --build /home/gcerioni/ws_ur16/build/hardware_interface -- -j8 -l8
[1.594s] [  2%] [32mBuilding CXX object gmock/CMakeFiles/gmock_main.dir/src/gmock_main.cc.o[0m
[1.599s] [  5%] [34m[1mGenerating hardware_interface/version.h[0m
[1.604s] [  8%] [32mBuilding CXX object gmock/CMakeFiles/gmock.dir/opt/ros/humble/src/gtest_vendor/src/gtest-all.cc.o[0m
[1.609s] [ 11%] [32mBuilding CXX object gmock/CMakeFiles/gmock.dir/src/gmock-all.cc.o[0m
[1.648s] [ 11%] Built target ament_generate_version_header__hardware_interface
[1.702s] [ 14%] [32mBuilding CXX object CMakeFiles/hardware_interface.dir/src/actuator.cpp.o[0m
[1.707s] [ 17%] [32mBuilding CXX object CMakeFiles/hardware_interface.dir/src/component_parser.cpp.o[0m
[1.711s] [ 20%] [32mBuilding CXX object CMakeFiles/hardware_interface.dir/src/sensor.cpp.o[0m
[1.714s] [ 22%] [32mBuilding CXX object CMakeFiles/hardware_interface.dir/src/system.cpp.o[0m
[1.715s] [ 25%] [32mBuilding CXX object CMakeFiles/hardware_interface.dir/src/resource_manager.cpp.o[0m
[5.694s] [ 28%] [32m[1mLinking CXX static library libgmock_main.a[0m
[5.871s] [ 28%] Built target gmock_main
[5.893s] [ 31%] [32mBuilding CXX object CMakeFiles/hardware_interface.dir/src/lexical_casts.cpp.o[0m
[17.122s] [ 34%] [32m[1mLinking CXX static library libgmock.a[0m
[17.200s] [ 34%] Built target gmock
[17.222s] [ 37%] [32mBuilding CXX object CMakeFiles/test_macros.dir/test/test_macros.cpp.o[0m
[19.630s] [ 40%] [32m[1mLinking CXX executable test_macros[0m
[19.854s] [ 40%] Built target test_macros
[22.179s] [ 42%] [32m[1mLinking CXX shared library libhardware_interface.so[0m
[22.523s] [ 42%] Built target hardware_interface
[22.577s] [ 45%] [32mBuilding CXX object CMakeFiles/fake_components.dir/src/mock_components/generic_system.cpp.o[0m
[22.578s] [ 48%] [32mBuilding CXX object CMakeFiles/mock_components.dir/src/mock_components/generic_system.cpp.o[0m
[27.993s] [ 51%] [32m[1mLinking CXX shared library libmock_components.so[0m
[28.314s] [ 51%] Built target mock_components
[28.339s] [ 54%] [32mBuilding CXX object CMakeFiles/fake_components.dir/src/mock_components/fake_generic_system.cpp.o[0m
[28.372s] [ 57%] [32mBuilding CXX object CMakeFiles/test_generic_system.dir/test/mock_components/test_generic_system.cpp.o[0m
[32.298s] [ 60%] [32m[1mLinking CXX shared library libfake_components.so[0m
[32.498s] [ 60%] Built target fake_components
[41.511s] [ 62%] [32m[1mLinking CXX executable test_generic_system[0m
[41.674s] [ 62%] Built target test_generic_system
[41.695s] [ 65%] [32mBuilding CXX object CMakeFiles/test_hardware_components.dir/test/test_hardware_components/test_two_joint_system.cpp.o[0m
[41.696s] [ 71%] [32mBuilding CXX object CMakeFiles/test_hardware_components.dir/test/test_hardware_components/test_single_joint_actuator.cpp.o[0m
[41.696s] [ 74%] [32mBuilding CXX object CMakeFiles/test_joint_handle.dir/test/test_handle.cpp.o[0m
[41.696s] [ 77%] [32mBuilding CXX object CMakeFiles/test_component_interfaces.dir/test/test_component_interfaces.cpp.o[0m
[41.696s] [ 74%] [32mBuilding CXX object CMakeFiles/test_hardware_components.dir/test/test_hardware_components/test_force_torque_sensor.cpp.o[0m
[41.696s] [ 82%] [32mBuilding CXX object CMakeFiles/test_component_parser.dir/test/test_component_parser.cpp.o[0m
[41.696s] [ 82%] [32mBuilding CXX object CMakeFiles/test_hardware_components.dir/test/test_hardware_components/test_system_with_command_modes.cpp.o[0m
[44.464s] [ 85%] [32m[1mLinking CXX executable test_joint_handle[0m
[44.749s] [ 85%] Built target test_joint_handle
[44.776s] [ 88%] [32mBuilding CXX object CMakeFiles/test_inst_hardwares.dir/test/test_inst_hardwares.cpp.o[0m
[45.445s] [ 91%] [32m[1mLinking CXX shared library libtest_hardware_components.so[0m
[45.568s] [ 91%] Built target test_hardware_components
[46.669s] [ 94%] [32m[1mLinking CXX executable test_inst_hardwares[0m
[46.886s] [ 94%] Built target test_inst_hardwares
[48.490s] [ 97%] [32m[1mLinking CXX executable test_component_interfaces[0m
[48.639s] [ 97%] Built target test_component_interfaces
[50.627s] [100%] [32m[1mLinking CXX executable test_component_parser[0m
[50.785s] [100%] Built target test_component_parser
[50.795s] Invoked command in '/home/gcerioni/ws_ur16/build/hardware_interface' returned '0': AMENT_PREFIX_PATH=/home/gcerioni/ws_ur16/install/ros2_control_test_assets:/home/gcerioni/ws_ur16/install/control_msgs:${AMENT_PREFIX_PATH} CMAKE_PREFIX_PATH=/home/gcerioni/ws_ur16/install/ros2_control_test_assets:/home/gcerioni/ws_ur16/install/control_msgs:/opt/ros/humble LD_LIBRARY_PATH=/home/gcerioni/ws_ur16/install/control_msgs/lib:${LD_LIBRARY_PATH} PYTHONPATH=/home/gcerioni/ws_ur16/install/control_msgs/local/lib/python3.10/dist-packages:${PYTHONPATH} /usr/bin/cmake --build /home/gcerioni/ws_ur16/build/hardware_interface -- -j8 -l8
[50.797s] Invoking command in '/home/gcerioni/ws_ur16/build/hardware_interface': AMENT_PREFIX_PATH=/home/gcerioni/ws_ur16/install/ros2_control_test_assets:/home/gcerioni/ws_ur16/install/control_msgs:${AMENT_PREFIX_PATH} CMAKE_PREFIX_PATH=/home/gcerioni/ws_ur16/install/ros2_control_test_assets:/home/gcerioni/ws_ur16/install/control_msgs:/opt/ros/humble LD_LIBRARY_PATH=/home/gcerioni/ws_ur16/install/control_msgs/lib:${LD_LIBRARY_PATH} PYTHONPATH=/home/gcerioni/ws_ur16/install/control_msgs/local/lib/python3.10/dist-packages:${PYTHONPATH} /usr/bin/cmake --install /home/gcerioni/ws_ur16/build/hardware_interface
[50.803s] -- Install configuration: "Release"
[50.803s] -- Installing: /home/gcerioni/ws_ur16/install/hardware_interface/share/hardware_interface/mock_components_plugin_description.xml
[50.803s] -- Installing: /home/gcerioni/ws_ur16/install/hardware_interface/share/hardware_interface/fake_components_plugin_description.xml
[50.803s] -- Installing: /home/gcerioni/ws_ur16/install/hardware_interface/include
[50.803s] -- Installing: /home/gcerioni/ws_ur16/install/hardware_interface/include/hardware_interface
[50.804s] -- Installing: /home/gcerioni/ws_ur16/install/hardware_interface/include/hardware_interface/loaned_command_interface.hpp
[50.804s] -- Installing: /home/gcerioni/ws_ur16/install/hardware_interface/include/hardware_interface/handle.hpp
[50.804s] -- Installing: /home/gcerioni/ws_ur16/install/hardware_interface/include/hardware_interface/system_interface.hpp
[50.804s] -- Installing: /home/gcerioni/ws_ur16/install/hardware_interface/include/hardware_interface/visibility_control.h
[50.804s] -- Installing: /home/gcerioni/ws_ur16/install/hardware_interface/include/hardware_interface/hardware_info.hpp
[50.804s] -- Installing: /home/gcerioni/ws_ur16/install/hardware_interface/include/hardware_interface/lexical_casts.hpp
[50.804s] -- Installing: /home/gcerioni/ws_ur16/install/hardware_interface/include/hardware_interface/hardware_component_info.hpp
[50.804s] -- Installing: /home/gcerioni/ws_ur16/install/hardware_interface/include/hardware_interface/loaned_state_interface.hpp
[50.804s] -- Installing: /home/gcerioni/ws_ur16/install/hardware_interface/include/hardware_interface/system.hpp
[50.804s] -- Installing: /home/gcerioni/ws_ur16/install/hardware_interface/include/hardware_interface/actuator_interface.hpp
[50.805s] -- Installing: /home/gcerioni/ws_ur16/install/hardware_interface/include/hardware_interface/sensor.hpp
[50.805s] -- Installing: /home/gcerioni/ws_ur16/install/hardware_interface/include/hardware_interface/controller_info.hpp
[50.805s] -- Installing: /home/gcerioni/ws_ur16/install/hardware_interface/include/hardware_interface/types
[50.805s] -- Installing: /home/gcerioni/ws_ur16/install/hardware_interface/include/hardware_interface/types/hardware_interface_return_values.hpp
[50.805s] -- Installing: /home/gcerioni/ws_ur16/install/hardware_interface/include/hardware_interface/types/hardware_interface_type_values.hpp
[50.805s] -- Installing: /home/gcerioni/ws_ur16/install/hardware_interface/include/hardware_interface/types/lifecycle_state_names.hpp
[50.805s] -- Installing: /home/gcerioni/ws_ur16/install/hardware_interface/include/hardware_interface/actuator.hpp
[50.805s] -- Installing: /home/gcerioni/ws_ur16/install/hardware_interface/include/hardware_interface/sensor_interface.hpp
[50.805s] -- Installing: /home/gcerioni/ws_ur16/install/hardware_interface/include/hardware_interface/macros.hpp
[50.805s] -- Installing: /home/gcerioni/ws_ur16/install/hardware_interface/include/hardware_interface/resource_manager.hpp
[50.805s] -- Installing: /home/gcerioni/ws_ur16/install/hardware_interface/include/hardware_interface/component_parser.hpp
[50.806s] -- Installing: /home/gcerioni/ws_ur16/install/hardware_interface/include/fake_components
[50.806s] -- Installing: /home/gcerioni/ws_ur16/install/hardware_interface/include/fake_components/visibility_control.h
[50.806s] -- Installing: /home/gcerioni/ws_ur16/install/hardware_interface/include/fake_components/generic_system.hpp
[50.806s] -- Installing: /home/gcerioni/ws_ur16/install/hardware_interface/include/mock_components
[50.806s] -- Installing: /home/gcerioni/ws_ur16/install/hardware_interface/include/mock_components/visibility_control.h
[50.806s] -- Installing: /home/gcerioni/ws_ur16/install/hardware_interface/include/mock_components/generic_system.hpp
[50.806s] -- Installing: /home/gcerioni/ws_ur16/install/hardware_interface/lib/libfake_components.so
[50.806s] -- Set runtime path of "/home/gcerioni/ws_ur16/install/hardware_interface/lib/libfake_components.so" to ""
[50.806s] -- Installing: /home/gcerioni/ws_ur16/install/hardware_interface/lib/libmock_components.so
[50.807s] -- Set runtime path of "/home/gcerioni/ws_ur16/install/hardware_interface/lib/libmock_components.so" to ""
[50.807s] -- Installing: /home/gcerioni/ws_ur16/install/hardware_interface/lib/libhardware_interface.so
[50.808s] -- Set runtime path of "/home/gcerioni/ws_ur16/install/hardware_interface/lib/libhardware_interface.so" to ""
[50.808s] -- Installing: /home/gcerioni/ws_ur16/install/hardware_interface/lib/libtest_hardware_components.so
[50.808s] -- Set runtime path of "/home/gcerioni/ws_ur16/install/hardware_interface/lib/libtest_hardware_components.so" to ""
[50.809s] -- Installing: /home/gcerioni/ws_ur16/install/hardware_interface/share/hardware_interface/test/test_hardware_components/test_hardware_components.xml
[50.809s] -- Installing: /home/gcerioni/ws_ur16/install/hardware_interface/share/hardware_interface/environment/library_path.sh
[50.809s] -- Installing: /home/gcerioni/ws_ur16/install/hardware_interface/share/hardware_interface/environment/library_path.dsv
[50.809s] -- Installing: /home/gcerioni/ws_ur16/install/hardware_interface/share/ament_index/resource_index/package_run_dependencies/hardware_interface
[50.809s] -- Installing: /home/gcerioni/ws_ur16/install/hardware_interface/share/ament_index/resource_index/parent_prefix_path/hardware_interface
[50.809s] -- Installing: /home/gcerioni/ws_ur16/install/hardware_interface/share/hardware_interface/environment/ament_prefix_path.sh
[50.809s] -- Installing: /home/gcerioni/ws_ur16/install/hardware_interface/share/hardware_interface/environment/ament_prefix_path.dsv
[50.809s] -- Installing: /home/gcerioni/ws_ur16/install/hardware_interface/share/hardware_interface/environment/path.sh
[50.810s] -- Installing: /home/gcerioni/ws_ur16/install/hardware_interface/share/hardware_interface/environment/path.dsv
[50.810s] -- Installing: /home/gcerioni/ws_ur16/install/hardware_interface/share/hardware_interface/local_setup.bash
[50.810s] -- Installing: /home/gcerioni/ws_ur16/install/hardware_interface/share/hardware_interface/local_setup.sh
[50.810s] -- Installing: /home/gcerioni/ws_ur16/install/hardware_interface/share/hardware_interface/local_setup.zsh
[50.810s] -- Installing: /home/gcerioni/ws_ur16/install/hardware_interface/share/hardware_interface/local_setup.dsv
[50.810s] -- Installing: /home/gcerioni/ws_ur16/install/hardware_interface/share/hardware_interface/package.dsv
[50.810s] -- Installing: /home/gcerioni/ws_ur16/install/hardware_interface/share/ament_index/resource_index/packages/hardware_interface
[50.810s] -- Installing: /home/gcerioni/ws_ur16/install/hardware_interface/share/ament_index/resource_index/hardware_interface__pluginlib__plugin/hardware_interface
[50.811s] -- Installing: /home/gcerioni/ws_ur16/install/hardware_interface/share/hardware_interface/cmake/ament_cmake_export_include_directories-extras.cmake
[50.811s] -- Installing: /home/gcerioni/ws_ur16/install/hardware_interface/share/hardware_interface/cmake/ament_cmake_export_libraries-extras.cmake
[50.811s] -- Installing: /home/gcerioni/ws_ur16/install/hardware_interface/share/hardware_interface/cmake/ament_cmake_export_dependencies-extras.cmake
[50.811s] -- Installing: /home/gcerioni/ws_ur16/install/hardware_interface/share/hardware_interface/cmake/hardware_interfaceConfig.cmake
[50.811s] -- Installing: /home/gcerioni/ws_ur16/install/hardware_interface/share/hardware_interface/cmake/hardware_interfaceConfig-version.cmake
[50.811s] -- Installing: /home/gcerioni/ws_ur16/install/hardware_interface/share/hardware_interface/package.xml
[50.811s] -- Installing: /home/gcerioni/ws_ur16/install/hardware_interface/include/hardware_interface/hardware_interface/version.h
[50.814s] Invoked command in '/home/gcerioni/ws_ur16/build/hardware_interface' returned '0': AMENT_PREFIX_PATH=/home/gcerioni/ws_ur16/install/ros2_control_test_assets:/home/gcerioni/ws_ur16/install/control_msgs:${AMENT_PREFIX_PATH} CMAKE_PREFIX_PATH=/home/gcerioni/ws_ur16/install/ros2_control_test_assets:/home/gcerioni/ws_ur16/install/control_msgs:/opt/ros/humble LD_LIBRARY_PATH=/home/gcerioni/ws_ur16/install/control_msgs/lib:${LD_LIBRARY_PATH} PYTHONPATH=/home/gcerioni/ws_ur16/install/control_msgs/local/lib/python3.10/dist-packages:${PYTHONPATH} /usr/bin/cmake --install /home/gcerioni/ws_ur16/build/hardware_interface
