[0.155s] Invoking command in '/home/gcerioni/ws_ur16/build/gpio_controllers': AMENT_PREFIX_PATH=/home/gcerioni/ws_ur16/install/controller_manager:/home/gcerioni/ws_ur16/install/hardware_interface_testing:/home/gcerioni/ws_ur16/install/controller_interface:/home/gcerioni/ws_ur16/install/hardware_interface:/home/gcerioni/ws_ur16/install/ros2_control_test_assets:/home/gcerioni/ws_ur16/install/realtime_tools:/home/gcerioni/ws_ur16/install/controller_manager_msgs:/home/gcerioni/ws_ur16/install/control_msgs:${AMENT_PREFIX_PATH} CMAKE_PREFIX_PATH=/home/gcerioni/ws_ur16/install/controller_manager:/home/gcerioni/ws_ur16/install/hardware_interface_testing:/home/gcerioni/ws_ur16/install/controller_interface:/home/gcerioni/ws_ur16/install/hardware_interface:/home/gcerioni/ws_ur16/install/ros2_control_test_assets:/home/gcerioni/ws_ur16/install/realtime_tools:/home/gcerioni/ws_ur16/install/controller_manager_msgs:/home/gcerioni/ws_ur16/install/control_msgs:/opt/ros/humble LD_LIBRARY_PATH=/home/gcerioni/ws_ur16/install/controller_manager/lib:/home/gcerioni/ws_ur16/install/hardware_interface_testing/lib:/home/gcerioni/ws_ur16/install/controller_interface/lib:/home/gcerioni/ws_ur16/install/hardware_interface/lib:/home/gcerioni/ws_ur16/install/realtime_tools/lib:/home/gcerioni/ws_ur16/install/controller_manager_msgs/lib:/home/gcerioni/ws_ur16/install/control_msgs/lib:${LD_LIBRARY_PATH} PYTHONPATH=/home/gcerioni/ws_ur16/install/controller_manager/local/lib/python3.10/dist-packages:/home/gcerioni/ws_ur16/install/controller_manager_msgs/local/lib/python3.10/dist-packages:/home/gcerioni/ws_ur16/install/control_msgs/local/lib/python3.10/dist-packages:${PYTHONPATH} /usr/bin/cmake --build /home/gcerioni/ws_ur16/build/gpio_controllers -- -j8 -l8
[0.209s] [35m[1mConsolidate compiler generated dependencies of target gmock_main[0m
[0.209s] [35m[1mConsolidate compiler generated dependencies of target gmock[0m
[0.224s] [ 15%] Built target gpio_command_controller_parameters
[0.227s] [ 30%] Built target gmock_main
[0.227s] [ 53%] Built target gmock
[0.235s] [35m[1mConsolidate compiler generated dependencies of target gpio_controllers[0m
[0.245s] [35m[1mConsolidate compiler generated dependencies of target test_load_gpio_command_controller[0m
[0.302s] [ 69%] Built target gpio_controllers
[0.342s] [ 84%] Built target test_load_gpio_command_controller
[0.348s] [35m[1mConsolidate compiler generated dependencies of target test_gpio_command_controller[0m
[0.400s] [100%] Built target test_gpio_command_controller
[0.445s] Invoked command in '/home/gcerioni/ws_ur16/build/gpio_controllers' returned '0': AMENT_PREFIX_PATH=/home/gcerioni/ws_ur16/install/controller_manager:/home/gcerioni/ws_ur16/install/hardware_interface_testing:/home/gcerioni/ws_ur16/install/controller_interface:/home/gcerioni/ws_ur16/install/hardware_interface:/home/gcerioni/ws_ur16/install/ros2_control_test_assets:/home/gcerioni/ws_ur16/install/realtime_tools:/home/gcerioni/ws_ur16/install/controller_manager_msgs:/home/gcerioni/ws_ur16/install/control_msgs:${AMENT_PREFIX_PATH} CMAKE_PREFIX_PATH=/home/gcerioni/ws_ur16/install/controller_manager:/home/gcerioni/ws_ur16/install/hardware_interface_testing:/home/gcerioni/ws_ur16/install/controller_interface:/home/gcerioni/ws_ur16/install/hardware_interface:/home/gcerioni/ws_ur16/install/ros2_control_test_assets:/home/gcerioni/ws_ur16/install/realtime_tools:/home/gcerioni/ws_ur16/install/controller_manager_msgs:/home/gcerioni/ws_ur16/install/control_msgs:/opt/ros/humble LD_LIBRARY_PATH=/home/gcerioni/ws_ur16/install/controller_manager/lib:/home/gcerioni/ws_ur16/install/hardware_interface_testing/lib:/home/gcerioni/ws_ur16/install/controller_interface/lib:/home/gcerioni/ws_ur16/install/hardware_interface/lib:/home/gcerioni/ws_ur16/install/realtime_tools/lib:/home/gcerioni/ws_ur16/install/controller_manager_msgs/lib:/home/gcerioni/ws_ur16/install/control_msgs/lib:${LD_LIBRARY_PATH} PYTHONPATH=/home/gcerioni/ws_ur16/install/controller_manager/local/lib/python3.10/dist-packages:/home/gcerioni/ws_ur16/install/controller_manager_msgs/local/lib/python3.10/dist-packages:/home/gcerioni/ws_ur16/install/control_msgs/local/lib/python3.10/dist-packages:${PYTHONPATH} /usr/bin/cmake --build /home/gcerioni/ws_ur16/build/gpio_controllers -- -j8 -l8
[0.446s] Invoking command in '/home/gcerioni/ws_ur16/build/gpio_controllers': AMENT_PREFIX_PATH=/home/gcerioni/ws_ur16/install/controller_manager:/home/gcerioni/ws_ur16/install/hardware_interface_testing:/home/gcerioni/ws_ur16/install/controller_interface:/home/gcerioni/ws_ur16/install/hardware_interface:/home/gcerioni/ws_ur16/install/ros2_control_test_assets:/home/gcerioni/ws_ur16/install/realtime_tools:/home/gcerioni/ws_ur16/install/controller_manager_msgs:/home/gcerioni/ws_ur16/install/control_msgs:${AMENT_PREFIX_PATH} CMAKE_PREFIX_PATH=/home/gcerioni/ws_ur16/install/controller_manager:/home/gcerioni/ws_ur16/install/hardware_interface_testing:/home/gcerioni/ws_ur16/install/controller_interface:/home/gcerioni/ws_ur16/install/hardware_interface:/home/gcerioni/ws_ur16/install/ros2_control_test_assets:/home/gcerioni/ws_ur16/install/realtime_tools:/home/gcerioni/ws_ur16/install/controller_manager_msgs:/home/gcerioni/ws_ur16/install/control_msgs:/opt/ros/humble LD_LIBRARY_PATH=/home/gcerioni/ws_ur16/install/controller_manager/lib:/home/gcerioni/ws_ur16/install/hardware_interface_testing/lib:/home/gcerioni/ws_ur16/install/controller_interface/lib:/home/gcerioni/ws_ur16/install/hardware_interface/lib:/home/gcerioni/ws_ur16/install/realtime_tools/lib:/home/gcerioni/ws_ur16/install/controller_manager_msgs/lib:/home/gcerioni/ws_ur16/install/control_msgs/lib:${LD_LIBRARY_PATH} PYTHONPATH=/home/gcerioni/ws_ur16/install/controller_manager/local/lib/python3.10/dist-packages:/home/gcerioni/ws_ur16/install/controller_manager_msgs/local/lib/python3.10/dist-packages:/home/gcerioni/ws_ur16/install/control_msgs/local/lib/python3.10/dist-packages:${PYTHONPATH} /usr/bin/cmake --install /home/gcerioni/ws_ur16/build/gpio_controllers
[0.542s] -- Install configuration: "Release"
[0.543s] -- Up-to-date: /home/gcerioni/ws_ur16/install/gpio_controllers/include/gpio_controllers
[0.543s] -- Up-to-date: /home/gcerioni/ws_ur16/install/gpio_controllers/include/gpio_controllers/gpio_command_controller_parameters.hpp
[0.543s] -- Up-to-date: /home/gcerioni/ws_ur16/install/gpio_controllers/share/gpio_controllers/gpio_controllers_plugin.xml
[0.543s] -- Up-to-date: /home/gcerioni/ws_ur16/install/gpio_controllers/include
[0.543s] -- Up-to-date: /home/gcerioni/ws_ur16/install/gpio_controllers/include/gpio_controllers
[0.544s] -- Up-to-date: /home/gcerioni/ws_ur16/install/gpio_controllers/include/gpio_controllers/gpio_command_controller.hpp
[0.544s] -- Up-to-date: /home/gcerioni/ws_ur16/install/gpio_controllers/include/gpio_controllers/visibility_control.h
[0.544s] -- Up-to-date: /home/gcerioni/ws_ur16/install/gpio_controllers/lib/libgpio_controllers.so
[0.545s] -- Up-to-date: /home/gcerioni/ws_ur16/install/gpio_controllers/share/gpio_controllers/environment/library_path.sh
[0.545s] -- Up-to-date: /home/gcerioni/ws_ur16/install/gpio_controllers/share/gpio_controllers/environment/library_path.dsv
[0.545s] -- Up-to-date: /home/gcerioni/ws_ur16/install/gpio_controllers/share/ament_index/resource_index/package_run_dependencies/gpio_controllers
[0.546s] -- Up-to-date: /home/gcerioni/ws_ur16/install/gpio_controllers/share/ament_index/resource_index/parent_prefix_path/gpio_controllers
[0.546s] -- Up-to-date: /home/gcerioni/ws_ur16/install/gpio_controllers/share/gpio_controllers/environment/ament_prefix_path.sh
[0.546s] -- Up-to-date: /home/gcerioni/ws_ur16/install/gpio_controllers/share/gpio_controllers/environment/ament_prefix_path.dsv
[0.546s] -- Up-to-date: /home/gcerioni/ws_ur16/install/gpio_controllers/share/gpio_controllers/environment/path.sh
[0.547s] -- Up-to-date: /home/gcerioni/ws_ur16/install/gpio_controllers/share/gpio_controllers/environment/path.dsv
[0.554s] -- Up-to-date: /home/gcerioni/ws_ur16/install/gpio_controllers/share/gpio_controllers/local_setup.bash
[0.563s] -- Up-to-date: /home/gcerioni/ws_ur16/install/gpio_controllers/share/gpio_controllers/local_setup.sh
[0.563s] -- Up-to-date: /home/gcerioni/ws_ur16/install/gpio_controllers/share/gpio_controllers/local_setup.zsh
[0.563s] -- Up-to-date: /home/gcerioni/ws_ur16/install/gpio_controllers/share/gpio_controllers/local_setup.dsv
[0.563s] -- Installing: /home/gcerioni/ws_ur16/install/gpio_controllers/share/gpio_controllers/package.dsv
[0.563s] -- Up-to-date: /home/gcerioni/ws_ur16/install/gpio_controllers/share/ament_index/resource_index/packages/gpio_controllers
[0.563s] -- Up-to-date: /home/gcerioni/ws_ur16/install/gpio_controllers/share/ament_index/resource_index/controller_interface__pluginlib__plugin/gpio_controllers
[0.563s] -- Up-to-date: /home/gcerioni/ws_ur16/install/gpio_controllers/share/gpio_controllers/cmake/ament_cmake_export_dependencies-extras.cmake
[0.563s] -- Up-to-date: /home/gcerioni/ws_ur16/install/gpio_controllers/share/gpio_controllers/cmake/ament_cmake_export_include_directories-extras.cmake
[0.563s] -- Up-to-date: /home/gcerioni/ws_ur16/install/gpio_controllers/share/gpio_controllers/cmake/ament_cmake_export_libraries-extras.cmake
[0.563s] -- Up-to-date: /home/gcerioni/ws_ur16/install/gpio_controllers/share/gpio_controllers/cmake/gpio_controllersConfig.cmake
[0.564s] -- Up-to-date: /home/gcerioni/ws_ur16/install/gpio_controllers/share/gpio_controllers/cmake/gpio_controllersConfig-version.cmake
[0.564s] -- Up-to-date: /home/gcerioni/ws_ur16/install/gpio_controllers/share/gpio_controllers/package.xml
[0.570s] Invoked command in '/home/gcerioni/ws_ur16/build/gpio_controllers' returned '0': AMENT_PREFIX_PATH=/home/gcerioni/ws_ur16/install/controller_manager:/home/gcerioni/ws_ur16/install/hardware_interface_testing:/home/gcerioni/ws_ur16/install/controller_interface:/home/gcerioni/ws_ur16/install/hardware_interface:/home/gcerioni/ws_ur16/install/ros2_control_test_assets:/home/gcerioni/ws_ur16/install/realtime_tools:/home/gcerioni/ws_ur16/install/controller_manager_msgs:/home/gcerioni/ws_ur16/install/control_msgs:${AMENT_PREFIX_PATH} CMAKE_PREFIX_PATH=/home/gcerioni/ws_ur16/install/controller_manager:/home/gcerioni/ws_ur16/install/hardware_interface_testing:/home/gcerioni/ws_ur16/install/controller_interface:/home/gcerioni/ws_ur16/install/hardware_interface:/home/gcerioni/ws_ur16/install/ros2_control_test_assets:/home/gcerioni/ws_ur16/install/realtime_tools:/home/gcerioni/ws_ur16/install/controller_manager_msgs:/home/gcerioni/ws_ur16/install/control_msgs:/opt/ros/humble LD_LIBRARY_PATH=/home/gcerioni/ws_ur16/install/controller_manager/lib:/home/gcerioni/ws_ur16/install/hardware_interface_testing/lib:/home/gcerioni/ws_ur16/install/controller_interface/lib:/home/gcerioni/ws_ur16/install/hardware_interface/lib:/home/gcerioni/ws_ur16/install/realtime_tools/lib:/home/gcerioni/ws_ur16/install/controller_manager_msgs/lib:/home/gcerioni/ws_ur16/install/control_msgs/lib:${LD_LIBRARY_PATH} PYTHONPATH=/home/gcerioni/ws_ur16/install/controller_manager/local/lib/python3.10/dist-packages:/home/gcerioni/ws_ur16/install/controller_manager_msgs/local/lib/python3.10/dist-packages:/home/gcerioni/ws_ur16/install/control_msgs/local/lib/python3.10/dist-packages:${PYTHONPATH} /usr/bin/cmake --install /home/gcerioni/ws_ur16/build/gpio_controllers
