[0.049s] Invoking command in '/home/gcerioni/ws_ur16/build/controller_manager_msgs': CMAKE_PREFIX_PATH=${CMAKE_PREFIX_PATH}:/home/gcerioni/ws_ur16/install/rqt_joint_trajectory_controller:/home/gcerioni/ws_ur16/install/rqt_controller_manager:/home/gcerioni/ws_ur16/install/ros2controlcli:/home/gcerioni/ws_ur16/install/ros2_controllers_test_nodes:/opt/ros/humble /usr/bin/cmake --build /home/gcerioni/ws_ur16/build/controller_manager_msgs -- -j8 -l8
[0.206s] [  0%] Built target controller_manager_msgs__cpp
[0.212s] [ 12%] Built target controller_manager_msgs__rosidl_generator_c
[0.231s] [ 12%] Built target ament_cmake_python_copy_controller_manager_msgs
[0.372s] [ 24%] Built target controller_manager_msgs__rosidl_typesupport_c
[0.405s] [ 36%] Built target controller_manager_msgs__rosidl_typesupport_cpp
[0.446s] [ 48%] Built target controller_manager_msgs__rosidl_typesupport_introspection_c
[0.470s] [ 60%] Built target controller_manager_msgs__rosidl_typesupport_introspection_cpp
[0.501s] [ 72%] Built target controller_manager_msgs__rosidl_typesupport_fastrtps_cpp
[0.521s] [ 84%] Built target controller_manager_msgs__rosidl_typesupport_fastrtps_c
[0.623s] [ 84%] Built target controller_manager_msgs
[0.671s] [ 85%] Built target controller_manager_msgs__py
[0.739s] [ 96%] Built target controller_manager_msgs__rosidl_generator_py
[0.811s] [ 97%] Built target controller_manager_msgs__rosidl_typesupport_fastrtps_c__pyext
[0.822s] [ 98%] Built target controller_manager_msgs__rosidl_typesupport_c__pyext
[0.851s] [100%] Built target controller_manager_msgs__rosidl_typesupport_introspection_c__pyext
[0.999s] running egg_info
[1.000s] writing controller_manager_msgs.egg-info/PKG-INFO
[1.000s] writing dependency_links to controller_manager_msgs.egg-info/dependency_links.txt
[1.000s] writing top-level names to controller_manager_msgs.egg-info/top_level.txt
[1.010s] reading manifest file 'controller_manager_msgs.egg-info/SOURCES.txt'
[1.010s] writing manifest file 'controller_manager_msgs.egg-info/SOURCES.txt'
[1.068s] [100%] Built target ament_cmake_python_build_controller_manager_msgs_egg
[1.101s] Invoked command in '/home/gcerioni/ws_ur16/build/controller_manager_msgs' returned '0': CMAKE_PREFIX_PATH=${CMAKE_PREFIX_PATH}:/home/gcerioni/ws_ur16/install/rqt_joint_trajectory_controller:/home/gcerioni/ws_ur16/install/rqt_controller_manager:/home/gcerioni/ws_ur16/install/ros2controlcli:/home/gcerioni/ws_ur16/install/ros2_controllers_test_nodes:/opt/ros/humble /usr/bin/cmake --build /home/gcerioni/ws_ur16/build/controller_manager_msgs -- -j8 -l8
[1.101s] Invoking command in '/home/gcerioni/ws_ur16/build/controller_manager_msgs': CMAKE_PREFIX_PATH=${CMAKE_PREFIX_PATH}:/home/gcerioni/ws_ur16/install/rqt_joint_trajectory_controller:/home/gcerioni/ws_ur16/install/rqt_controller_manager:/home/gcerioni/ws_ur16/install/ros2controlcli:/home/gcerioni/ws_ur16/install/ros2_controllers_test_nodes:/opt/ros/humble /usr/bin/cmake --install /home/gcerioni/ws_ur16/build/controller_manager_msgs
[1.121s] -- Install configuration: "Release"
[1.121s] -- Up-to-date: /home/gcerioni/ws_ur16/install/controller_manager_msgs/share/ament_index/resource_index/rosidl_interfaces/controller_manager_msgs
[1.121s] -- Up-to-date: /home/gcerioni/ws_ur16/install/controller_manager_msgs/include/controller_manager_msgs/controller_manager_msgs
[1.121s] -- Up-to-date: /home/gcerioni/ws_ur16/install/controller_manager_msgs/include/controller_manager_msgs/controller_manager_msgs/msg
[1.121s] -- Up-to-date: /home/gcerioni/ws_ur16/install/controller_manager_msgs/include/controller_manager_msgs/controller_manager_msgs/msg/hardware_component_state.h
[1.122s] -- Up-to-date: /home/gcerioni/ws_ur16/install/controller_manager_msgs/include/controller_manager_msgs/controller_manager_msgs/msg/detail
[1.122s] -- Up-to-date: /home/gcerioni/ws_ur16/install/controller_manager_msgs/include/controller_manager_msgs/controller_manager_msgs/msg/detail/controller_state__functions.c
[1.123s] -- Up-to-date: /home/gcerioni/ws_ur16/install/controller_manager_msgs/include/controller_manager_msgs/controller_manager_msgs/msg/detail/chain_connection__struct.h
[1.123s] -- Up-to-date: /home/gcerioni/ws_ur16/install/controller_manager_msgs/include/controller_manager_msgs/controller_manager_msgs/msg/detail/hardware_component_state__functions.h
[1.123s] -- Up-to-date: /home/gcerioni/ws_ur16/install/controller_manager_msgs/include/controller_manager_msgs/controller_manager_msgs/msg/detail/hardware_component_state__type_support.h
[1.123s] -- Up-to-date: /home/gcerioni/ws_ur16/install/controller_manager_msgs/include/controller_manager_msgs/controller_manager_msgs/msg/detail/controller_state__functions.h
[1.123s] -- Up-to-date: /home/gcerioni/ws_ur16/install/controller_manager_msgs/include/controller_manager_msgs/controller_manager_msgs/msg/detail/chain_connection__functions.c
[1.123s] -- Up-to-date: /home/gcerioni/ws_ur16/install/controller_manager_msgs/include/controller_manager_msgs/controller_manager_msgs/msg/detail/hardware_interface__type_support.h
[1.123s] -- Up-to-date: /home/gcerioni/ws_ur16/install/controller_manager_msgs/include/controller_manager_msgs/controller_manager_msgs/msg/detail/chain_connection__type_support.h
[1.123s] -- Up-to-date: /home/gcerioni/ws_ur16/install/controller_manager_msgs/include/controller_manager_msgs/controller_manager_msgs/msg/detail/controller_state__type_support.h
[1.129s] -- Up-to-date: /home/gcerioni/ws_ur16/install/controller_manager_msgs/include/controller_manager_msgs/controller_manager_msgs/msg/detail/hardware_interface__functions.h
[1.129s] -- Up-to-date: /home/gcerioni/ws_ur16/install/controller_manager_msgs/include/controller_manager_msgs/controller_manager_msgs/msg/detail/hardware_interface__struct.h
[1.130s] -- Up-to-date: /home/gcerioni/ws_ur16/install/controller_manager_msgs/include/controller_manager_msgs/controller_manager_msgs/msg/detail/hardware_component_state__struct.h
[1.130s] -- Up-to-date: /home/gcerioni/ws_ur16/install/controller_manager_msgs/include/controller_manager_msgs/controller_manager_msgs/msg/detail/hardware_interface__functions.c
[1.130s] -- Up-to-date: /home/gcerioni/ws_ur16/install/controller_manager_msgs/include/controller_manager_msgs/controller_manager_msgs/msg/detail/chain_connection__functions.h
[1.130s] -- Up-to-date: /home/gcerioni/ws_ur16/install/controller_manager_msgs/include/controller_manager_msgs/controller_manager_msgs/msg/detail/hardware_component_state__functions.c
[1.130s] -- Up-to-date: /home/gcerioni/ws_ur16/install/controller_manager_msgs/include/controller_manager_msgs/controller_manager_msgs/msg/detail/controller_state__struct.h
[1.130s] -- Up-to-date: /home/gcerioni/ws_ur16/install/controller_manager_msgs/include/controller_manager_msgs/controller_manager_msgs/msg/rosidl_generator_c__visibility_control.h
[1.130s] -- Up-to-date: /home/gcerioni/ws_ur16/install/controller_manager_msgs/include/controller_manager_msgs/controller_manager_msgs/msg/chain_connection.h
[1.130s] -- Up-to-date: /home/gcerioni/ws_ur16/install/controller_manager_msgs/include/controller_manager_msgs/controller_manager_msgs/msg/controller_state.h
[1.130s] -- Up-to-date: /home/gcerioni/ws_ur16/install/controller_manager_msgs/include/controller_manager_msgs/controller_manager_msgs/msg/hardware_interface.h
[1.134s] -- Up-to-date: /home/gcerioni/ws_ur16/install/controller_manager_msgs/include/controller_manager_msgs/controller_manager_msgs/srv
[1.135s] -- Up-to-date: /home/gcerioni/ws_ur16/install/controller_manager_msgs/include/controller_manager_msgs/controller_manager_msgs/srv/unload_controller.h
[1.135s] -- Up-to-date: /home/gcerioni/ws_ur16/install/controller_manager_msgs/include/controller_manager_msgs/controller_manager_msgs/srv/switch_controller.h
[1.135s] -- Up-to-date: /home/gcerioni/ws_ur16/install/controller_manager_msgs/include/controller_manager_msgs/controller_manager_msgs/srv/detail
[1.135s] -- Up-to-date: /home/gcerioni/ws_ur16/install/controller_manager_msgs/include/controller_manager_msgs/controller_manager_msgs/srv/detail/set_hardware_component_state__struct.h
[1.135s] -- Up-to-date: /home/gcerioni/ws_ur16/install/controller_manager_msgs/include/controller_manager_msgs/controller_manager_msgs/srv/detail/list_controller_types__type_support.h
[1.135s] -- Up-to-date: /home/gcerioni/ws_ur16/install/controller_manager_msgs/include/controller_manager_msgs/controller_manager_msgs/srv/detail/unload_controller__functions.h
[1.135s] -- Up-to-date: /home/gcerioni/ws_ur16/install/controller_manager_msgs/include/controller_manager_msgs/controller_manager_msgs/srv/detail/set_hardware_component_state__functions.c
[1.135s] -- Up-to-date: /home/gcerioni/ws_ur16/install/controller_manager_msgs/include/controller_manager_msgs/controller_manager_msgs/srv/detail/unload_controller__type_support.h
[1.135s] -- Up-to-date: /home/gcerioni/ws_ur16/install/controller_manager_msgs/include/controller_manager_msgs/controller_manager_msgs/srv/detail/configure_controller__functions.c
[1.136s] -- Up-to-date: /home/gcerioni/ws_ur16/install/controller_manager_msgs/include/controller_manager_msgs/controller_manager_msgs/srv/detail/list_hardware_interfaces__struct.h
[1.136s] -- Up-to-date: /home/gcerioni/ws_ur16/install/controller_manager_msgs/include/controller_manager_msgs/controller_manager_msgs/srv/detail/list_controller_types__functions.h
[1.136s] -- Up-to-date: /home/gcerioni/ws_ur16/install/controller_manager_msgs/include/controller_manager_msgs/controller_manager_msgs/srv/detail/set_hardware_component_state__functions.h
[1.136s] -- Up-to-date: /home/gcerioni/ws_ur16/install/controller_manager_msgs/include/controller_manager_msgs/controller_manager_msgs/srv/detail/load_controller__struct.h
[1.136s] -- Up-to-date: /home/gcerioni/ws_ur16/install/controller_manager_msgs/include/controller_manager_msgs/controller_manager_msgs/srv/detail/reload_controller_libraries__type_support.h
[1.136s] -- Up-to-date: /home/gcerioni/ws_ur16/install/controller_manager_msgs/include/controller_manager_msgs/controller_manager_msgs/srv/detail/set_hardware_component_state__type_support.h
[1.136s] -- Up-to-date: /home/gcerioni/ws_ur16/install/controller_manager_msgs/include/controller_manager_msgs/controller_manager_msgs/srv/detail/list_controller_types__struct.h
[1.136s] -- Up-to-date: /home/gcerioni/ws_ur16/install/controller_manager_msgs/include/controller_manager_msgs/controller_manager_msgs/srv/detail/list_controllers__type_support.h
[1.136s] -- Up-to-date: /home/gcerioni/ws_ur16/install/controller_manager_msgs/include/controller_manager_msgs/controller_manager_msgs/srv/detail/load_controller__type_support.h
[1.136s] -- Up-to-date: /home/gcerioni/ws_ur16/install/controller_manager_msgs/include/controller_manager_msgs/controller_manager_msgs/srv/detail/load_controller__functions.h
[1.137s] -- Up-to-date: /home/gcerioni/ws_ur16/install/controller_manager_msgs/include/controller_manager_msgs/controller_manager_msgs/srv/detail/list_hardware_interfaces__type_support.h
[1.137s] -- Up-to-date: /home/gcerioni/ws_ur16/install/controller_manager_msgs/include/controller_manager_msgs/controller_manager_msgs/srv/detail/switch_controller__type_support.h
[1.137s] -- Up-to-date: /home/gcerioni/ws_ur16/install/controller_manager_msgs/include/controller_manager_msgs/controller_manager_msgs/srv/detail/switch_controller__functions.h
[1.137s] -- Up-to-date: /home/gcerioni/ws_ur16/install/controller_manager_msgs/include/controller_manager_msgs/controller_manager_msgs/srv/detail/list_controllers__functions.h
[1.137s] -- Up-to-date: /home/gcerioni/ws_ur16/install/controller_manager_msgs/include/controller_manager_msgs/controller_manager_msgs/srv/detail/configure_controller__type_support.h
[1.137s] -- Up-to-date: /home/gcerioni/ws_ur16/install/controller_manager_msgs/include/controller_manager_msgs/controller_manager_msgs/srv/detail/list_controller_types__functions.c
[1.137s] -- Up-to-date: /home/gcerioni/ws_ur16/install/controller_manager_msgs/include/controller_manager_msgs/controller_manager_msgs/srv/detail/list_hardware_components__functions.c
[1.139s] -- Up-to-date: /home/gcerioni/ws_ur16/install/controller_manager_msgs/include/controller_manager_msgs/controller_manager_msgs/srv/detail/configure_controller__functions.h
[1.139s] -- Up-to-date: /home/gcerioni/ws_ur16/install/controller_manager_msgs/include/controller_manager_msgs/controller_manager_msgs/srv/detail/reload_controller_libraries__functions.c
[1.139s] -- Up-to-date: /home/gcerioni/ws_ur16/install/controller_manager_msgs/include/controller_manager_msgs/controller_manager_msgs/srv/detail/load_controller__functions.c
[1.139s] -- Up-to-date: /home/gcerioni/ws_ur16/install/controller_manager_msgs/include/controller_manager_msgs/controller_manager_msgs/srv/detail/unload_controller__functions.c
[1.139s] -- Up-to-date: /home/gcerioni/ws_ur16/install/controller_manager_msgs/include/controller_manager_msgs/controller_manager_msgs/srv/detail/list_hardware_interfaces__functions.h
[1.139s] -- Up-to-date: /home/gcerioni/ws_ur16/install/controller_manager_msgs/include/controller_manager_msgs/controller_manager_msgs/srv/detail/configure_controller__struct.h
[1.139s] -- Up-to-date: /home/gcerioni/ws_ur16/install/controller_manager_msgs/include/controller_manager_msgs/controller_manager_msgs/srv/detail/unload_controller__struct.h
[1.140s] -- Up-to-date: /home/gcerioni/ws_ur16/install/controller_manager_msgs/include/controller_manager_msgs/controller_manager_msgs/srv/detail/list_controllers__functions.c
[1.140s] -- Up-to-date: /home/gcerioni/ws_ur16/install/controller_manager_msgs/include/controller_manager_msgs/controller_manager_msgs/srv/detail/switch_controller__struct.h
[1.140s] -- Up-to-date: /home/gcerioni/ws_ur16/install/controller_manager_msgs/include/controller_manager_msgs/controller_manager_msgs/srv/detail/list_hardware_components__type_support.h
[1.140s] -- Up-to-date: /home/gcerioni/ws_ur16/install/controller_manager_msgs/include/controller_manager_msgs/controller_manager_msgs/srv/detail/list_hardware_components__functions.h
[1.144s] -- Up-to-date: /home/gcerioni/ws_ur16/install/controller_manager_msgs/include/controller_manager_msgs/controller_manager_msgs/srv/detail/switch_controller__functions.c
[1.145s] -- Up-to-date: /home/gcerioni/ws_ur16/install/controller_manager_msgs/include/controller_manager_msgs/controller_manager_msgs/srv/detail/reload_controller_libraries__functions.h
[1.145s] -- Up-to-date: /home/gcerioni/ws_ur16/install/controller_manager_msgs/include/controller_manager_msgs/controller_manager_msgs/srv/detail/reload_controller_libraries__struct.h
[1.145s] -- Up-to-date: /home/gcerioni/ws_ur16/install/controller_manager_msgs/include/controller_manager_msgs/controller_manager_msgs/srv/detail/list_hardware_components__struct.h
[1.146s] -- Up-to-date: /home/gcerioni/ws_ur16/install/controller_manager_msgs/include/controller_manager_msgs/controller_manager_msgs/srv/detail/list_controllers__struct.h
[1.146s] -- Up-to-date: /home/gcerioni/ws_ur16/install/controller_manager_msgs/include/controller_manager_msgs/controller_manager_msgs/srv/detail/list_hardware_interfaces__functions.c
[1.146s] -- Up-to-date: /home/gcerioni/ws_ur16/install/controller_manager_msgs/include/controller_manager_msgs/controller_manager_msgs/srv/list_hardware_interfaces.h
[1.146s] -- Up-to-date: /home/gcerioni/ws_ur16/install/controller_manager_msgs/include/controller_manager_msgs/controller_manager_msgs/srv/set_hardware_component_state.h
[1.146s] -- Up-to-date: /home/gcerioni/ws_ur16/install/controller_manager_msgs/include/controller_manager_msgs/controller_manager_msgs/srv/list_controller_types.h
[1.147s] -- Up-to-date: /home/gcerioni/ws_ur16/install/controller_manager_msgs/include/controller_manager_msgs/controller_manager_msgs/srv/list_hardware_components.h
[1.147s] -- Up-to-date: /home/gcerioni/ws_ur16/install/controller_manager_msgs/include/controller_manager_msgs/controller_manager_msgs/srv/configure_controller.h
[1.147s] -- Up-to-date: /home/gcerioni/ws_ur16/install/controller_manager_msgs/include/controller_manager_msgs/controller_manager_msgs/srv/reload_controller_libraries.h
[1.147s] -- Up-to-date: /home/gcerioni/ws_ur16/install/controller_manager_msgs/include/controller_manager_msgs/controller_manager_msgs/srv/load_controller.h
[1.147s] -- Up-to-date: /home/gcerioni/ws_ur16/install/controller_manager_msgs/include/controller_manager_msgs/controller_manager_msgs/srv/list_controllers.h
[1.147s] -- Up-to-date: /home/gcerioni/ws_ur16/install/controller_manager_msgs/share/controller_manager_msgs/environment/library_path.sh
[1.151s] -- Up-to-date: /home/gcerioni/ws_ur16/install/controller_manager_msgs/share/controller_manager_msgs/environment/library_path.dsv
[1.151s] -- Up-to-date: /home/gcerioni/ws_ur16/install/controller_manager_msgs/lib/libcontroller_manager_msgs__rosidl_generator_c.so
[1.151s] -- Up-to-date: /home/gcerioni/ws_ur16/install/controller_manager_msgs/include/controller_manager_msgs/controller_manager_msgs
[1.151s] -- Up-to-date: /home/gcerioni/ws_ur16/install/controller_manager_msgs/include/controller_manager_msgs/controller_manager_msgs/msg
[1.151s] -- Up-to-date: /home/gcerioni/ws_ur16/install/controller_manager_msgs/include/controller_manager_msgs/controller_manager_msgs/msg/detail
[1.151s] -- Up-to-date: /home/gcerioni/ws_ur16/install/controller_manager_msgs/include/controller_manager_msgs/controller_manager_msgs/msg/detail/controller_state__rosidl_typesupport_fastrtps_c.h
[1.151s] -- Up-to-date: /home/gcerioni/ws_ur16/install/controller_manager_msgs/include/controller_manager_msgs/controller_manager_msgs/msg/detail/hardware_interface__rosidl_typesupport_fastrtps_c.h
[1.152s] -- Up-to-date: /home/gcerioni/ws_ur16/install/controller_manager_msgs/include/controller_manager_msgs/controller_manager_msgs/msg/detail/hardware_component_state__rosidl_typesupport_fastrtps_c.h
[1.152s] -- Up-to-date: /home/gcerioni/ws_ur16/install/controller_manager_msgs/include/controller_manager_msgs/controller_manager_msgs/msg/detail/chain_connection__rosidl_typesupport_fastrtps_c.h
[1.152s] -- Up-to-date: /home/gcerioni/ws_ur16/install/controller_manager_msgs/include/controller_manager_msgs/controller_manager_msgs/msg/rosidl_typesupport_fastrtps_c__visibility_control.h
[1.152s] -- Up-to-date: /home/gcerioni/ws_ur16/install/controller_manager_msgs/include/controller_manager_msgs/controller_manager_msgs/srv
[1.152s] -- Up-to-date: /home/gcerioni/ws_ur16/install/controller_manager_msgs/include/controller_manager_msgs/controller_manager_msgs/srv/detail
[1.152s] -- Up-to-date: /home/gcerioni/ws_ur16/install/controller_manager_msgs/include/controller_manager_msgs/controller_manager_msgs/srv/detail/list_controller_types__rosidl_typesupport_fastrtps_c.h
[1.152s] -- Up-to-date: /home/gcerioni/ws_ur16/install/controller_manager_msgs/include/controller_manager_msgs/controller_manager_msgs/srv/detail/list_hardware_interfaces__rosidl_typesupport_fastrtps_c.h
[1.152s] -- Up-to-date: /home/gcerioni/ws_ur16/install/controller_manager_msgs/include/controller_manager_msgs/controller_manager_msgs/srv/detail/load_controller__rosidl_typesupport_fastrtps_c.h
[1.153s] -- Up-to-date: /home/gcerioni/ws_ur16/install/controller_manager_msgs/include/controller_manager_msgs/controller_manager_msgs/srv/detail/set_hardware_component_state__rosidl_typesupport_fastrtps_c.h
[1.153s] -- Up-to-date: /home/gcerioni/ws_ur16/install/controller_manager_msgs/include/controller_manager_msgs/controller_manager_msgs/srv/detail/switch_controller__rosidl_typesupport_fastrtps_c.h
[1.153s] -- Up-to-date: /home/gcerioni/ws_ur16/install/controller_manager_msgs/include/controller_manager_msgs/controller_manager_msgs/srv/detail/list_hardware_components__rosidl_typesupport_fastrtps_c.h
[1.153s] -- Up-to-date: /home/gcerioni/ws_ur16/install/controller_manager_msgs/include/controller_manager_msgs/controller_manager_msgs/srv/detail/reload_controller_libraries__rosidl_typesupport_fastrtps_c.h
[1.153s] -- Up-to-date: /home/gcerioni/ws_ur16/install/controller_manager_msgs/include/controller_manager_msgs/controller_manager_msgs/srv/detail/unload_controller__rosidl_typesupport_fastrtps_c.h
[1.153s] -- Up-to-date: /home/gcerioni/ws_ur16/install/controller_manager_msgs/include/controller_manager_msgs/controller_manager_msgs/srv/detail/list_controllers__rosidl_typesupport_fastrtps_c.h
[1.153s] -- Up-to-date: /home/gcerioni/ws_ur16/install/controller_manager_msgs/include/controller_manager_msgs/controller_manager_msgs/srv/detail/configure_controller__rosidl_typesupport_fastrtps_c.h
[1.153s] -- Up-to-date: /home/gcerioni/ws_ur16/install/controller_manager_msgs/lib/libcontroller_manager_msgs__rosidl_typesupport_fastrtps_c.so
[1.153s] -- Up-to-date: /home/gcerioni/ws_ur16/install/controller_manager_msgs/include/controller_manager_msgs/controller_manager_msgs
[1.153s] -- Up-to-date: /home/gcerioni/ws_ur16/install/controller_manager_msgs/include/controller_manager_msgs/controller_manager_msgs/msg
[1.154s] -- Up-to-date: /home/gcerioni/ws_ur16/install/controller_manager_msgs/include/controller_manager_msgs/controller_manager_msgs/msg/controller_state.hpp
[1.154s] -- Up-to-date: /home/gcerioni/ws_ur16/install/controller_manager_msgs/include/controller_manager_msgs/controller_manager_msgs/msg/detail
[1.154s] -- Up-to-date: /home/gcerioni/ws_ur16/install/controller_manager_msgs/include/controller_manager_msgs/controller_manager_msgs/msg/detail/hardware_interface__struct.hpp
[1.154s] -- Up-to-date: /home/gcerioni/ws_ur16/install/controller_manager_msgs/include/controller_manager_msgs/controller_manager_msgs/msg/detail/chain_connection__traits.hpp
[1.154s] -- Up-to-date: /home/gcerioni/ws_ur16/install/controller_manager_msgs/include/controller_manager_msgs/controller_manager_msgs/msg/detail/hardware_interface__builder.hpp
[1.154s] -- Up-to-date: /home/gcerioni/ws_ur16/install/controller_manager_msgs/include/controller_manager_msgs/controller_manager_msgs/msg/detail/hardware_interface__type_support.hpp
[1.154s] -- Up-to-date: /home/gcerioni/ws_ur16/install/controller_manager_msgs/include/controller_manager_msgs/controller_manager_msgs/msg/detail/hardware_component_state__traits.hpp
[1.154s] -- Up-to-date: /home/gcerioni/ws_ur16/install/controller_manager_msgs/include/controller_manager_msgs/controller_manager_msgs/msg/detail/chain_connection__struct.hpp
[1.154s] -- Up-to-date: /home/gcerioni/ws_ur16/install/controller_manager_msgs/include/controller_manager_msgs/controller_manager_msgs/msg/detail/chain_connection__type_support.hpp
[1.155s] -- Up-to-date: /home/gcerioni/ws_ur16/install/controller_manager_msgs/include/controller_manager_msgs/controller_manager_msgs/msg/detail/controller_state__type_support.hpp
[1.155s] -- Up-to-date: /home/gcerioni/ws_ur16/install/controller_manager_msgs/include/controller_manager_msgs/controller_manager_msgs/msg/detail/hardware_component_state__type_support.hpp
[1.155s] -- Up-to-date: /home/gcerioni/ws_ur16/install/controller_manager_msgs/include/controller_manager_msgs/controller_manager_msgs/msg/detail/hardware_component_state__builder.hpp
[1.155s] -- Up-to-date: /home/gcerioni/ws_ur16/install/controller_manager_msgs/include/controller_manager_msgs/controller_manager_msgs/msg/detail/controller_state__struct.hpp
[1.155s] -- Up-to-date: /home/gcerioni/ws_ur16/install/controller_manager_msgs/include/controller_manager_msgs/controller_manager_msgs/msg/detail/chain_connection__builder.hpp
[1.155s] -- Up-to-date: /home/gcerioni/ws_ur16/install/controller_manager_msgs/include/controller_manager_msgs/controller_manager_msgs/msg/detail/controller_state__builder.hpp
[1.157s] -- Up-to-date: /home/gcerioni/ws_ur16/install/controller_manager_msgs/include/controller_manager_msgs/controller_manager_msgs/msg/detail/hardware_interface__traits.hpp
[1.157s] -- Up-to-date: /home/gcerioni/ws_ur16/install/controller_manager_msgs/include/controller_manager_msgs/controller_manager_msgs/msg/detail/controller_state__traits.hpp
[1.157s] -- Up-to-date: /home/gcerioni/ws_ur16/install/controller_manager_msgs/include/controller_manager_msgs/controller_manager_msgs/msg/detail/hardware_component_state__struct.hpp
[1.157s] -- Up-to-date: /home/gcerioni/ws_ur16/install/controller_manager_msgs/include/controller_manager_msgs/controller_manager_msgs/msg/chain_connection.hpp
[1.157s] -- Up-to-date: /home/gcerioni/ws_ur16/install/controller_manager_msgs/include/controller_manager_msgs/controller_manager_msgs/msg/hardware_component_state.hpp
[1.157s] -- Up-to-date: /home/gcerioni/ws_ur16/install/controller_manager_msgs/include/controller_manager_msgs/controller_manager_msgs/msg/rosidl_generator_cpp__visibility_control.hpp
[1.157s] -- Up-to-date: /home/gcerioni/ws_ur16/install/controller_manager_msgs/include/controller_manager_msgs/controller_manager_msgs/msg/hardware_interface.hpp
[1.157s] -- Up-to-date: /home/gcerioni/ws_ur16/install/controller_manager_msgs/include/controller_manager_msgs/controller_manager_msgs/srv
[1.158s] -- Up-to-date: /home/gcerioni/ws_ur16/install/controller_manager_msgs/include/controller_manager_msgs/controller_manager_msgs/srv/reload_controller_libraries.hpp
[1.162s] -- Up-to-date: /home/gcerioni/ws_ur16/install/controller_manager_msgs/include/controller_manager_msgs/controller_manager_msgs/srv/detail
[1.163s] -- Up-to-date: /home/gcerioni/ws_ur16/install/controller_manager_msgs/include/controller_manager_msgs/controller_manager_msgs/srv/detail/list_hardware_interfaces__struct.hpp
[1.169s] -- Up-to-date: /home/gcerioni/ws_ur16/install/controller_manager_msgs/include/controller_manager_msgs/controller_manager_msgs/srv/detail/reload_controller_libraries__type_support.hpp
[1.169s] -- Up-to-date: /home/gcerioni/ws_ur16/install/controller_manager_msgs/include/controller_manager_msgs/controller_manager_msgs/srv/detail/unload_controller__type_support.hpp
[1.169s] -- Up-to-date: /home/gcerioni/ws_ur16/install/controller_manager_msgs/include/controller_manager_msgs/controller_manager_msgs/srv/detail/list_controllers__builder.hpp
[1.169s] -- Up-to-date: /home/gcerioni/ws_ur16/install/controller_manager_msgs/include/controller_manager_msgs/controller_manager_msgs/srv/detail/configure_controller__type_support.hpp
[1.169s] -- Up-to-date: /home/gcerioni/ws_ur16/install/controller_manager_msgs/include/controller_manager_msgs/controller_manager_msgs/srv/detail/list_hardware_components__builder.hpp
[1.169s] -- Up-to-date: /home/gcerioni/ws_ur16/install/controller_manager_msgs/include/controller_manager_msgs/controller_manager_msgs/srv/detail/configure_controller__traits.hpp
[1.169s] -- Up-to-date: /home/gcerioni/ws_ur16/install/controller_manager_msgs/include/controller_manager_msgs/controller_manager_msgs/srv/detail/configure_controller__struct.hpp
[1.169s] -- Up-to-date: /home/gcerioni/ws_ur16/install/controller_manager_msgs/include/controller_manager_msgs/controller_manager_msgs/srv/detail/list_hardware_components__struct.hpp
[1.170s] -- Up-to-date: /home/gcerioni/ws_ur16/install/controller_manager_msgs/include/controller_manager_msgs/controller_manager_msgs/srv/detail/load_controller__builder.hpp
[1.170s] -- Up-to-date: /home/gcerioni/ws_ur16/install/controller_manager_msgs/include/controller_manager_msgs/controller_manager_msgs/srv/detail/switch_controller__type_support.hpp
[1.170s] -- Up-to-date: /home/gcerioni/ws_ur16/install/controller_manager_msgs/include/controller_manager_msgs/controller_manager_msgs/srv/detail/switch_controller__traits.hpp
[1.170s] -- Up-to-date: /home/gcerioni/ws_ur16/install/controller_manager_msgs/include/controller_manager_msgs/controller_manager_msgs/srv/detail/switch_controller__builder.hpp
[1.170s] -- Up-to-date: /home/gcerioni/ws_ur16/install/controller_manager_msgs/include/controller_manager_msgs/controller_manager_msgs/srv/detail/list_hardware_interfaces__builder.hpp
[1.170s] -- Up-to-date: /home/gcerioni/ws_ur16/install/controller_manager_msgs/include/controller_manager_msgs/controller_manager_msgs/srv/detail/list_controller_types__builder.hpp
[1.170s] -- Up-to-date: /home/gcerioni/ws_ur16/install/controller_manager_msgs/include/controller_manager_msgs/controller_manager_msgs/srv/detail/list_hardware_interfaces__type_support.hpp
[1.170s] -- Up-to-date: /home/gcerioni/ws_ur16/install/controller_manager_msgs/include/controller_manager_msgs/controller_manager_msgs/srv/detail/reload_controller_libraries__traits.hpp
[1.171s] -- Up-to-date: /home/gcerioni/ws_ur16/install/controller_manager_msgs/include/controller_manager_msgs/controller_manager_msgs/srv/detail/unload_controller__struct.hpp
[1.171s] -- Up-to-date: /home/gcerioni/ws_ur16/install/controller_manager_msgs/include/controller_manager_msgs/controller_manager_msgs/srv/detail/set_hardware_component_state__struct.hpp
[1.171s] -- Up-to-date: /home/gcerioni/ws_ur16/install/controller_manager_msgs/include/controller_manager_msgs/controller_manager_msgs/srv/detail/load_controller__type_support.hpp
[1.171s] -- Up-to-date: /home/gcerioni/ws_ur16/install/controller_manager_msgs/include/controller_manager_msgs/controller_manager_msgs/srv/detail/reload_controller_libraries__builder.hpp
[1.171s] -- Up-to-date: /home/gcerioni/ws_ur16/install/controller_manager_msgs/include/controller_manager_msgs/controller_manager_msgs/srv/detail/set_hardware_component_state__type_support.hpp
[1.171s] -- Up-to-date: /home/gcerioni/ws_ur16/install/controller_manager_msgs/include/controller_manager_msgs/controller_manager_msgs/srv/detail/list_controllers__traits.hpp
[1.171s] -- Up-to-date: /home/gcerioni/ws_ur16/install/controller_manager_msgs/include/controller_manager_msgs/controller_manager_msgs/srv/detail/list_controller_types__type_support.hpp
[1.171s] -- Up-to-date: /home/gcerioni/ws_ur16/install/controller_manager_msgs/include/controller_manager_msgs/controller_manager_msgs/srv/detail/unload_controller__builder.hpp
[1.172s] -- Up-to-date: /home/gcerioni/ws_ur16/install/controller_manager_msgs/include/controller_manager_msgs/controller_manager_msgs/srv/detail/load_controller__struct.hpp
[1.172s] -- Up-to-date: /home/gcerioni/ws_ur16/install/controller_manager_msgs/include/controller_manager_msgs/controller_manager_msgs/srv/detail/list_hardware_components__type_support.hpp
[1.172s] -- Up-to-date: /home/gcerioni/ws_ur16/install/controller_manager_msgs/include/controller_manager_msgs/controller_manager_msgs/srv/detail/set_hardware_component_state__traits.hpp
[1.183s] -- Up-to-date: /home/gcerioni/ws_ur16/install/controller_manager_msgs/include/controller_manager_msgs/controller_manager_msgs/srv/detail/list_controller_types__struct.hpp
[1.184s] -- Up-to-date: /home/gcerioni/ws_ur16/install/controller_manager_msgs/include/controller_manager_msgs/controller_manager_msgs/srv/detail/switch_controller__struct.hpp
[1.184s] -- Up-to-date: /home/gcerioni/ws_ur16/install/controller_manager_msgs/include/controller_manager_msgs/controller_manager_msgs/srv/detail/list_controller_types__traits.hpp
[1.185s] -- Up-to-date: /home/gcerioni/ws_ur16/install/controller_manager_msgs/include/controller_manager_msgs/controller_manager_msgs/srv/detail/reload_controller_libraries__struct.hpp
[1.185s] -- Up-to-date: /home/gcerioni/ws_ur16/install/controller_manager_msgs/include/controller_manager_msgs/controller_manager_msgs/srv/detail/list_controllers__struct.hpp
[1.186s] -- Up-to-date: /home/gcerioni/ws_ur16/install/controller_manager_msgs/include/controller_manager_msgs/controller_manager_msgs/srv/detail/configure_controller__builder.hpp
[1.186s] -- Up-to-date: /home/gcerioni/ws_ur16/install/controller_manager_msgs/include/controller_manager_msgs/controller_manager_msgs/srv/detail/list_hardware_components__traits.hpp
[1.186s] -- Up-to-date: /home/gcerioni/ws_ur16/install/controller_manager_msgs/include/controller_manager_msgs/controller_manager_msgs/srv/detail/set_hardware_component_state__builder.hpp
[1.189s] -- Up-to-date: /home/gcerioni/ws_ur16/install/controller_manager_msgs/include/controller_manager_msgs/controller_manager_msgs/srv/detail/unload_controller__traits.hpp
[1.190s] -- Up-to-date: /home/gcerioni/ws_ur16/install/controller_manager_msgs/include/controller_manager_msgs/controller_manager_msgs/srv/detail/list_controllers__type_support.hpp
[1.190s] -- Up-to-date: /home/gcerioni/ws_ur16/install/controller_manager_msgs/include/controller_manager_msgs/controller_manager_msgs/srv/detail/list_hardware_interfaces__traits.hpp
[1.190s] -- Up-to-date: /home/gcerioni/ws_ur16/install/controller_manager_msgs/include/controller_manager_msgs/controller_manager_msgs/srv/detail/load_controller__traits.hpp
[1.190s] -- Up-to-date: /home/gcerioni/ws_ur16/install/controller_manager_msgs/include/controller_manager_msgs/controller_manager_msgs/srv/list_hardware_interfaces.hpp
[1.190s] -- Up-to-date: /home/gcerioni/ws_ur16/install/controller_manager_msgs/include/controller_manager_msgs/controller_manager_msgs/srv/configure_controller.hpp
[1.190s] -- Up-to-date: /home/gcerioni/ws_ur16/install/controller_manager_msgs/include/controller_manager_msgs/controller_manager_msgs/srv/load_controller.hpp
[1.190s] -- Up-to-date: /home/gcerioni/ws_ur16/install/controller_manager_msgs/include/controller_manager_msgs/controller_manager_msgs/srv/set_hardware_component_state.hpp
[1.190s] -- Up-to-date: /home/gcerioni/ws_ur16/install/controller_manager_msgs/include/controller_manager_msgs/controller_manager_msgs/srv/switch_controller.hpp
[1.190s] -- Up-to-date: /home/gcerioni/ws_ur16/install/controller_manager_msgs/include/controller_manager_msgs/controller_manager_msgs/srv/unload_controller.hpp
[1.190s] -- Up-to-date: /home/gcerioni/ws_ur16/install/controller_manager_msgs/include/controller_manager_msgs/controller_manager_msgs/srv/list_controllers.hpp
[1.191s] -- Up-to-date: /home/gcerioni/ws_ur16/install/controller_manager_msgs/include/controller_manager_msgs/controller_manager_msgs/srv/list_controller_types.hpp
[1.191s] -- Up-to-date: /home/gcerioni/ws_ur16/install/controller_manager_msgs/include/controller_manager_msgs/controller_manager_msgs/srv/list_hardware_components.hpp
[1.191s] -- Up-to-date: /home/gcerioni/ws_ur16/install/controller_manager_msgs/include/controller_manager_msgs/controller_manager_msgs
[1.191s] -- Up-to-date: /home/gcerioni/ws_ur16/install/controller_manager_msgs/include/controller_manager_msgs/controller_manager_msgs/msg
[1.191s] -- Up-to-date: /home/gcerioni/ws_ur16/install/controller_manager_msgs/include/controller_manager_msgs/controller_manager_msgs/msg/detail
[1.191s] -- Up-to-date: /home/gcerioni/ws_ur16/install/controller_manager_msgs/include/controller_manager_msgs/controller_manager_msgs/msg/detail/chain_connection__rosidl_typesupport_fastrtps_cpp.hpp
[1.191s] -- Up-to-date: /home/gcerioni/ws_ur16/install/controller_manager_msgs/include/controller_manager_msgs/controller_manager_msgs/msg/detail/hardware_interface__rosidl_typesupport_fastrtps_cpp.hpp
[1.191s] -- Up-to-date: /home/gcerioni/ws_ur16/install/controller_manager_msgs/include/controller_manager_msgs/controller_manager_msgs/msg/detail/dds_fastrtps
[1.201s] -- Up-to-date: /home/gcerioni/ws_ur16/install/controller_manager_msgs/include/controller_manager_msgs/controller_manager_msgs/msg/detail/hardware_component_state__rosidl_typesupport_fastrtps_cpp.hpp
[1.201s] -- Up-to-date: /home/gcerioni/ws_ur16/install/controller_manager_msgs/include/controller_manager_msgs/controller_manager_msgs/msg/detail/controller_state__rosidl_typesupport_fastrtps_cpp.hpp
[1.201s] -- Up-to-date: /home/gcerioni/ws_ur16/install/controller_manager_msgs/include/controller_manager_msgs/controller_manager_msgs/msg/rosidl_typesupport_fastrtps_cpp__visibility_control.h
[1.201s] -- Up-to-date: /home/gcerioni/ws_ur16/install/controller_manager_msgs/include/controller_manager_msgs/controller_manager_msgs/srv
[1.201s] -- Up-to-date: /home/gcerioni/ws_ur16/install/controller_manager_msgs/include/controller_manager_msgs/controller_manager_msgs/srv/detail
[1.201s] -- Up-to-date: /home/gcerioni/ws_ur16/install/controller_manager_msgs/include/controller_manager_msgs/controller_manager_msgs/srv/detail/unload_controller__rosidl_typesupport_fastrtps_cpp.hpp
[1.202s] -- Up-to-date: /home/gcerioni/ws_ur16/install/controller_manager_msgs/include/controller_manager_msgs/controller_manager_msgs/srv/detail/set_hardware_component_state__rosidl_typesupport_fastrtps_cpp.hpp
[1.202s] -- Up-to-date: /home/gcerioni/ws_ur16/install/controller_manager_msgs/include/controller_manager_msgs/controller_manager_msgs/srv/detail/list_hardware_interfaces__rosidl_typesupport_fastrtps_cpp.hpp
[1.202s] -- Up-to-date: /home/gcerioni/ws_ur16/install/controller_manager_msgs/include/controller_manager_msgs/controller_manager_msgs/srv/detail/load_controller__rosidl_typesupport_fastrtps_cpp.hpp
[1.202s] -- Up-to-date: /home/gcerioni/ws_ur16/install/controller_manager_msgs/include/controller_manager_msgs/controller_manager_msgs/srv/detail/dds_fastrtps
[1.202s] -- Up-to-date: /home/gcerioni/ws_ur16/install/controller_manager_msgs/include/controller_manager_msgs/controller_manager_msgs/srv/detail/switch_controller__rosidl_typesupport_fastrtps_cpp.hpp
[1.202s] -- Up-to-date: /home/gcerioni/ws_ur16/install/controller_manager_msgs/include/controller_manager_msgs/controller_manager_msgs/srv/detail/list_controllers__rosidl_typesupport_fastrtps_cpp.hpp
[1.202s] -- Up-to-date: /home/gcerioni/ws_ur16/install/controller_manager_msgs/include/controller_manager_msgs/controller_manager_msgs/srv/detail/list_controller_types__rosidl_typesupport_fastrtps_cpp.hpp
[1.202s] -- Up-to-date: /home/gcerioni/ws_ur16/install/controller_manager_msgs/include/controller_manager_msgs/controller_manager_msgs/srv/detail/list_hardware_components__rosidl_typesupport_fastrtps_cpp.hpp
[1.202s] -- Up-to-date: /home/gcerioni/ws_ur16/install/controller_manager_msgs/include/controller_manager_msgs/controller_manager_msgs/srv/detail/reload_controller_libraries__rosidl_typesupport_fastrtps_cpp.hpp
[1.202s] -- Up-to-date: /home/gcerioni/ws_ur16/install/controller_manager_msgs/include/controller_manager_msgs/controller_manager_msgs/srv/detail/configure_controller__rosidl_typesupport_fastrtps_cpp.hpp
[1.203s] -- Up-to-date: /home/gcerioni/ws_ur16/install/controller_manager_msgs/lib/libcontroller_manager_msgs__rosidl_typesupport_fastrtps_cpp.so
[1.203s] -- Up-to-date: /home/gcerioni/ws_ur16/install/controller_manager_msgs/include/controller_manager_msgs/controller_manager_msgs
[1.203s] -- Up-to-date: /home/gcerioni/ws_ur16/install/controller_manager_msgs/include/controller_manager_msgs/controller_manager_msgs/msg
[1.203s] -- Up-to-date: /home/gcerioni/ws_ur16/install/controller_manager_msgs/include/controller_manager_msgs/controller_manager_msgs/msg/detail
[1.203s] -- Up-to-date: /home/gcerioni/ws_ur16/install/controller_manager_msgs/include/controller_manager_msgs/controller_manager_msgs/msg/detail/chain_connection__type_support.c
[1.203s] -- Up-to-date: /home/gcerioni/ws_ur16/install/controller_manager_msgs/include/controller_manager_msgs/controller_manager_msgs/msg/detail/hardware_interface__rosidl_typesupport_introspection_c.h
[1.204s] -- Up-to-date: /home/gcerioni/ws_ur16/install/controller_manager_msgs/include/controller_manager_msgs/controller_manager_msgs/msg/detail/hardware_component_state__rosidl_typesupport_introspection_c.h
[1.204s] -- Up-to-date: /home/gcerioni/ws_ur16/install/controller_manager_msgs/include/controller_manager_msgs/controller_manager_msgs/msg/detail/controller_state__rosidl_typesupport_introspection_c.h
[1.215s] -- Up-to-date: /home/gcerioni/ws_ur16/install/controller_manager_msgs/include/controller_manager_msgs/controller_manager_msgs/msg/detail/chain_connection__rosidl_typesupport_introspection_c.h
[1.216s] -- Up-to-date: /home/gcerioni/ws_ur16/install/controller_manager_msgs/include/controller_manager_msgs/controller_manager_msgs/msg/detail/hardware_component_state__type_support.c
[1.216s] -- Up-to-date: /home/gcerioni/ws_ur16/install/controller_manager_msgs/include/controller_manager_msgs/controller_manager_msgs/msg/detail/controller_state__type_support.c
[1.216s] -- Up-to-date: /home/gcerioni/ws_ur16/install/controller_manager_msgs/include/controller_manager_msgs/controller_manager_msgs/msg/detail/hardware_interface__type_support.c
[1.216s] -- Up-to-date: /home/gcerioni/ws_ur16/install/controller_manager_msgs/include/controller_manager_msgs/controller_manager_msgs/msg/rosidl_typesupport_introspection_c__visibility_control.h
[1.216s] -- Up-to-date: /home/gcerioni/ws_ur16/install/controller_manager_msgs/include/controller_manager_msgs/controller_manager_msgs/srv
[1.216s] -- Up-to-date: /home/gcerioni/ws_ur16/install/controller_manager_msgs/include/controller_manager_msgs/controller_manager_msgs/srv/detail
[1.216s] -- Up-to-date: /home/gcerioni/ws_ur16/install/controller_manager_msgs/include/controller_manager_msgs/controller_manager_msgs/srv/detail/unload_controller__rosidl_typesupport_introspection_c.h
[1.216s] -- Up-to-date: /home/gcerioni/ws_ur16/install/controller_manager_msgs/include/controller_manager_msgs/controller_manager_msgs/srv/detail/set_hardware_component_state__type_support.c
[1.216s] -- Up-to-date: /home/gcerioni/ws_ur16/install/controller_manager_msgs/include/controller_manager_msgs/controller_manager_msgs/srv/detail/reload_controller_libraries__type_support.c
[1.216s] -- Up-to-date: /home/gcerioni/ws_ur16/install/controller_manager_msgs/include/controller_manager_msgs/controller_manager_msgs/srv/detail/set_hardware_component_state__rosidl_typesupport_introspection_c.h
[1.217s] -- Up-to-date: /home/gcerioni/ws_ur16/install/controller_manager_msgs/include/controller_manager_msgs/controller_manager_msgs/srv/detail/list_controller_types__rosidl_typesupport_introspection_c.h
[1.217s] -- Up-to-date: /home/gcerioni/ws_ur16/install/controller_manager_msgs/include/controller_manager_msgs/controller_manager_msgs/srv/detail/unload_controller__type_support.c
[1.217s] -- Up-to-date: /home/gcerioni/ws_ur16/install/controller_manager_msgs/include/controller_manager_msgs/controller_manager_msgs/srv/detail/load_controller__type_support.c
[1.217s] -- Up-to-date: /home/gcerioni/ws_ur16/install/controller_manager_msgs/include/controller_manager_msgs/controller_manager_msgs/srv/detail/switch_controller__rosidl_typesupport_introspection_c.h
[1.217s] -- Up-to-date: /home/gcerioni/ws_ur16/install/controller_manager_msgs/include/controller_manager_msgs/controller_manager_msgs/srv/detail/configure_controller__type_support.c
[1.217s] -- Up-to-date: /home/gcerioni/ws_ur16/install/controller_manager_msgs/include/controller_manager_msgs/controller_manager_msgs/srv/detail/switch_controller__type_support.c
[1.217s] -- Up-to-date: /home/gcerioni/ws_ur16/install/controller_manager_msgs/include/controller_manager_msgs/controller_manager_msgs/srv/detail/reload_controller_libraries__rosidl_typesupport_introspection_c.h
[1.217s] -- Up-to-date: /home/gcerioni/ws_ur16/install/controller_manager_msgs/include/controller_manager_msgs/controller_manager_msgs/srv/detail/list_controllers__rosidl_typesupport_introspection_c.h
[1.217s] -- Up-to-date: /home/gcerioni/ws_ur16/install/controller_manager_msgs/include/controller_manager_msgs/controller_manager_msgs/srv/detail/list_hardware_interfaces__type_support.c
[1.217s] -- Up-to-date: /home/gcerioni/ws_ur16/install/controller_manager_msgs/include/controller_manager_msgs/controller_manager_msgs/srv/detail/list_hardware_interfaces__rosidl_typesupport_introspection_c.h
[1.218s] -- Up-to-date: /home/gcerioni/ws_ur16/install/controller_manager_msgs/include/controller_manager_msgs/controller_manager_msgs/srv/detail/list_controller_types__type_support.c
[1.218s] -- Up-to-date: /home/gcerioni/ws_ur16/install/controller_manager_msgs/include/controller_manager_msgs/controller_manager_msgs/srv/detail/load_controller__rosidl_typesupport_introspection_c.h
[1.218s] -- Up-to-date: /home/gcerioni/ws_ur16/install/controller_manager_msgs/include/controller_manager_msgs/controller_manager_msgs/srv/detail/list_controllers__type_support.c
[1.218s] -- Up-to-date: /home/gcerioni/ws_ur16/install/controller_manager_msgs/include/controller_manager_msgs/controller_manager_msgs/srv/detail/list_hardware_components__type_support.c
[1.218s] -- Up-to-date: /home/gcerioni/ws_ur16/install/controller_manager_msgs/include/controller_manager_msgs/controller_manager_msgs/srv/detail/configure_controller__rosidl_typesupport_introspection_c.h
[1.218s] -- Up-to-date: /home/gcerioni/ws_ur16/install/controller_manager_msgs/include/controller_manager_msgs/controller_manager_msgs/srv/detail/list_hardware_components__rosidl_typesupport_introspection_c.h
[1.218s] -- Up-to-date: /home/gcerioni/ws_ur16/install/controller_manager_msgs/lib/libcontroller_manager_msgs__rosidl_typesupport_introspection_c.so
[1.223s] -- Up-to-date: /home/gcerioni/ws_ur16/install/controller_manager_msgs/lib/libcontroller_manager_msgs__rosidl_typesupport_c.so
[1.223s] -- Up-to-date: /home/gcerioni/ws_ur16/install/controller_manager_msgs/include/controller_manager_msgs/controller_manager_msgs
[1.223s] -- Up-to-date: /home/gcerioni/ws_ur16/install/controller_manager_msgs/include/controller_manager_msgs/controller_manager_msgs/msg
[1.223s] -- Up-to-date: /home/gcerioni/ws_ur16/install/controller_manager_msgs/include/controller_manager_msgs/controller_manager_msgs/msg/detail
[1.223s] -- Up-to-date: /home/gcerioni/ws_ur16/install/controller_manager_msgs/include/controller_manager_msgs/controller_manager_msgs/msg/detail/chain_connection__rosidl_typesupport_introspection_cpp.hpp
[1.224s] -- Up-to-date: /home/gcerioni/ws_ur16/install/controller_manager_msgs/include/controller_manager_msgs/controller_manager_msgs/msg/detail/controller_state__type_support.cpp
[1.224s] -- Up-to-date: /home/gcerioni/ws_ur16/install/controller_manager_msgs/include/controller_manager_msgs/controller_manager_msgs/msg/detail/hardware_component_state__rosidl_typesupport_introspection_cpp.hpp
[1.224s] -- Up-to-date: /home/gcerioni/ws_ur16/install/controller_manager_msgs/include/controller_manager_msgs/controller_manager_msgs/msg/detail/controller_state__rosidl_typesupport_introspection_cpp.hpp
[1.224s] -- Up-to-date: /home/gcerioni/ws_ur16/install/controller_manager_msgs/include/controller_manager_msgs/controller_manager_msgs/msg/detail/hardware_interface__rosidl_typesupport_introspection_cpp.hpp
[1.224s] -- Up-to-date: /home/gcerioni/ws_ur16/install/controller_manager_msgs/include/controller_manager_msgs/controller_manager_msgs/msg/detail/chain_connection__type_support.cpp
[1.224s] -- Up-to-date: /home/gcerioni/ws_ur16/install/controller_manager_msgs/include/controller_manager_msgs/controller_manager_msgs/msg/detail/hardware_interface__type_support.cpp
[1.224s] -- Up-to-date: /home/gcerioni/ws_ur16/install/controller_manager_msgs/include/controller_manager_msgs/controller_manager_msgs/msg/detail/hardware_component_state__type_support.cpp
[1.224s] -- Up-to-date: /home/gcerioni/ws_ur16/install/controller_manager_msgs/include/controller_manager_msgs/controller_manager_msgs/srv
[1.224s] -- Up-to-date: /home/gcerioni/ws_ur16/install/controller_manager_msgs/include/controller_manager_msgs/controller_manager_msgs/srv/detail
[1.225s] -- Up-to-date: /home/gcerioni/ws_ur16/install/controller_manager_msgs/include/controller_manager_msgs/controller_manager_msgs/srv/detail/configure_controller__rosidl_typesupport_introspection_cpp.hpp
[1.225s] -- Up-to-date: /home/gcerioni/ws_ur16/install/controller_manager_msgs/include/controller_manager_msgs/controller_manager_msgs/srv/detail/configure_controller__type_support.cpp
[1.225s] -- Up-to-date: /home/gcerioni/ws_ur16/install/controller_manager_msgs/include/controller_manager_msgs/controller_manager_msgs/srv/detail/unload_controller__rosidl_typesupport_introspection_cpp.hpp
[1.225s] -- Up-to-date: /home/gcerioni/ws_ur16/install/controller_manager_msgs/include/controller_manager_msgs/controller_manager_msgs/srv/detail/unload_controller__type_support.cpp
[1.225s] -- Up-to-date: /home/gcerioni/ws_ur16/install/controller_manager_msgs/include/controller_manager_msgs/controller_manager_msgs/srv/detail/list_hardware_components__type_support.cpp
[1.225s] -- Up-to-date: /home/gcerioni/ws_ur16/install/controller_manager_msgs/include/controller_manager_msgs/controller_manager_msgs/srv/detail/load_controller__rosidl_typesupport_introspection_cpp.hpp
[1.225s] -- Up-to-date: /home/gcerioni/ws_ur16/install/controller_manager_msgs/include/controller_manager_msgs/controller_manager_msgs/srv/detail/list_controller_types__rosidl_typesupport_introspection_cpp.hpp
[1.225s] -- Up-to-date: /home/gcerioni/ws_ur16/install/controller_manager_msgs/include/controller_manager_msgs/controller_manager_msgs/srv/detail/list_controllers__type_support.cpp
[1.225s] -- Up-to-date: /home/gcerioni/ws_ur16/install/controller_manager_msgs/include/controller_manager_msgs/controller_manager_msgs/srv/detail/reload_controller_libraries__type_support.cpp
[1.226s] -- Up-to-date: /home/gcerioni/ws_ur16/install/controller_manager_msgs/include/controller_manager_msgs/controller_manager_msgs/srv/detail/list_hardware_components__rosidl_typesupport_introspection_cpp.hpp
[1.226s] -- Up-to-date: /home/gcerioni/ws_ur16/install/controller_manager_msgs/include/controller_manager_msgs/controller_manager_msgs/srv/detail/set_hardware_component_state__type_support.cpp
[1.226s] -- Up-to-date: /home/gcerioni/ws_ur16/install/controller_manager_msgs/include/controller_manager_msgs/controller_manager_msgs/srv/detail/set_hardware_component_state__rosidl_typesupport_introspection_cpp.hpp
[1.226s] -- Up-to-date: /home/gcerioni/ws_ur16/install/controller_manager_msgs/include/controller_manager_msgs/controller_manager_msgs/srv/detail/switch_controller__type_support.cpp
[1.226s] -- Up-to-date: /home/gcerioni/ws_ur16/install/controller_manager_msgs/include/controller_manager_msgs/controller_manager_msgs/srv/detail/list_controllers__rosidl_typesupport_introspection_cpp.hpp
[1.226s] -- Up-to-date: /home/gcerioni/ws_ur16/install/controller_manager_msgs/include/controller_manager_msgs/controller_manager_msgs/srv/detail/list_hardware_interfaces__type_support.cpp
[1.226s] -- Up-to-date: /home/gcerioni/ws_ur16/install/controller_manager_msgs/include/controller_manager_msgs/controller_manager_msgs/srv/detail/load_controller__type_support.cpp
[1.226s] -- Up-to-date: /home/gcerioni/ws_ur16/install/controller_manager_msgs/include/controller_manager_msgs/controller_manager_msgs/srv/detail/list_hardware_interfaces__rosidl_typesupport_introspection_cpp.hpp
[1.229s] -- Up-to-date: /home/gcerioni/ws_ur16/install/controller_manager_msgs/include/controller_manager_msgs/controller_manager_msgs/srv/detail/reload_controller_libraries__rosidl_typesupport_introspection_cpp.hpp
[1.238s] -- Up-to-date: /home/gcerioni/ws_ur16/install/controller_manager_msgs/include/controller_manager_msgs/controller_manager_msgs/srv/detail/list_controller_types__type_support.cpp
[1.238s] -- Up-to-date: /home/gcerioni/ws_ur16/install/controller_manager_msgs/include/controller_manager_msgs/controller_manager_msgs/srv/detail/switch_controller__rosidl_typesupport_introspection_cpp.hpp
[1.238s] -- Up-to-date: /home/gcerioni/ws_ur16/install/controller_manager_msgs/lib/libcontroller_manager_msgs__rosidl_typesupport_introspection_cpp.so
[1.238s] -- Up-to-date: /home/gcerioni/ws_ur16/install/controller_manager_msgs/lib/libcontroller_manager_msgs__rosidl_typesupport_cpp.so
[1.238s] -- Up-to-date: /home/gcerioni/ws_ur16/install/controller_manager_msgs/share/controller_manager_msgs/environment/pythonpath.sh
[1.238s] -- Up-to-date: /home/gcerioni/ws_ur16/install/controller_manager_msgs/share/controller_manager_msgs/environment/pythonpath.dsv
[1.238s] -- Up-to-date: /home/gcerioni/ws_ur16/install/controller_manager_msgs/local/lib/python3.10/dist-packages/controller_manager_msgs-2.48.0-py3.10.egg-info
[1.238s] -- Installing: /home/gcerioni/ws_ur16/install/controller_manager_msgs/local/lib/python3.10/dist-packages/controller_manager_msgs-2.48.0-py3.10.egg-info/top_level.txt
[1.238s] -- Installing: /home/gcerioni/ws_ur16/install/controller_manager_msgs/local/lib/python3.10/dist-packages/controller_manager_msgs-2.48.0-py3.10.egg-info/SOURCES.txt
[1.238s] -- Installing: /home/gcerioni/ws_ur16/install/controller_manager_msgs/local/lib/python3.10/dist-packages/controller_manager_msgs-2.48.0-py3.10.egg-info/dependency_links.txt
[1.238s] -- Installing: /home/gcerioni/ws_ur16/install/controller_manager_msgs/local/lib/python3.10/dist-packages/controller_manager_msgs-2.48.0-py3.10.egg-info/PKG-INFO
[1.239s] -- Up-to-date: /home/gcerioni/ws_ur16/install/controller_manager_msgs/local/lib/python3.10/dist-packages/controller_manager_msgs
[1.239s] -- Up-to-date: /home/gcerioni/ws_ur16/install/controller_manager_msgs/local/lib/python3.10/dist-packages/controller_manager_msgs/_controller_manager_msgs_s.ep.rosidl_typesupport_fastrtps_c.c
[1.239s] -- Up-to-date: /home/gcerioni/ws_ur16/install/controller_manager_msgs/local/lib/python3.10/dist-packages/controller_manager_msgs/msg
[1.239s] -- Up-to-date: /home/gcerioni/ws_ur16/install/controller_manager_msgs/local/lib/python3.10/dist-packages/controller_manager_msgs/msg/_hardware_component_state_s.c
[1.239s] -- Up-to-date: /home/gcerioni/ws_ur16/install/controller_manager_msgs/local/lib/python3.10/dist-packages/controller_manager_msgs/msg/_chain_connection_s.c
[1.239s] -- Up-to-date: /home/gcerioni/ws_ur16/install/controller_manager_msgs/local/lib/python3.10/dist-packages/controller_manager_msgs/msg/_hardware_component_state.py
[1.239s] -- Up-to-date: /home/gcerioni/ws_ur16/install/controller_manager_msgs/local/lib/python3.10/dist-packages/controller_manager_msgs/msg/_chain_connection.py
[1.239s] -- Up-to-date: /home/gcerioni/ws_ur16/install/controller_manager_msgs/local/lib/python3.10/dist-packages/controller_manager_msgs/msg/_hardware_interface.py
[1.239s] -- Up-to-date: /home/gcerioni/ws_ur16/install/controller_manager_msgs/local/lib/python3.10/dist-packages/controller_manager_msgs/msg/__init__.py
[1.239s] -- Up-to-date: /home/gcerioni/ws_ur16/install/controller_manager_msgs/local/lib/python3.10/dist-packages/controller_manager_msgs/msg/_controller_state.py
[1.242s] -- Up-to-date: /home/gcerioni/ws_ur16/install/controller_manager_msgs/local/lib/python3.10/dist-packages/controller_manager_msgs/msg/_controller_state_s.c
[1.242s] -- Up-to-date: /home/gcerioni/ws_ur16/install/controller_manager_msgs/local/lib/python3.10/dist-packages/controller_manager_msgs/msg/_hardware_interface_s.c
[1.242s] -- Up-to-date: /home/gcerioni/ws_ur16/install/controller_manager_msgs/local/lib/python3.10/dist-packages/controller_manager_msgs/libcontroller_manager_msgs__rosidl_generator_py.so
[1.242s] -- Up-to-date: /home/gcerioni/ws_ur16/install/controller_manager_msgs/local/lib/python3.10/dist-packages/controller_manager_msgs/controller_manager_msgs_s__rosidl_typesupport_c.cpython-310-x86_64-linux-gnu.so
[1.244s] -- Up-to-date: /home/gcerioni/ws_ur16/install/controller_manager_msgs/local/lib/python3.10/dist-packages/controller_manager_msgs/_controller_manager_msgs_s.ep.rosidl_typesupport_introspection_c.c
[1.245s] -- Up-to-date: /home/gcerioni/ws_ur16/install/controller_manager_msgs/local/lib/python3.10/dist-packages/controller_manager_msgs/controller_manager_msgs_s__rosidl_typesupport_introspection_c.cpython-310-x86_64-linux-gnu.so
[1.249s] -- Up-to-date: /home/gcerioni/ws_ur16/install/controller_manager_msgs/local/lib/python3.10/dist-packages/controller_manager_msgs/__init__.py
[1.249s] -- Up-to-date: /home/gcerioni/ws_ur16/install/controller_manager_msgs/local/lib/python3.10/dist-packages/controller_manager_msgs/_controller_manager_msgs_s.ep.rosidl_typesupport_c.c
[1.249s] -- Up-to-date: /home/gcerioni/ws_ur16/install/controller_manager_msgs/local/lib/python3.10/dist-packages/controller_manager_msgs/controller_manager_msgs_s__rosidl_typesupport_fastrtps_c.cpython-310-x86_64-linux-gnu.so
[1.249s] -- Up-to-date: /home/gcerioni/ws_ur16/install/controller_manager_msgs/local/lib/python3.10/dist-packages/controller_manager_msgs/srv
[1.249s] -- Up-to-date: /home/gcerioni/ws_ur16/install/controller_manager_msgs/local/lib/python3.10/dist-packages/controller_manager_msgs/srv/_load_controller.py
[1.249s] -- Up-to-date: /home/gcerioni/ws_ur16/install/controller_manager_msgs/local/lib/python3.10/dist-packages/controller_manager_msgs/srv/_unload_controller_s.c
[1.249s] -- Up-to-date: /home/gcerioni/ws_ur16/install/controller_manager_msgs/local/lib/python3.10/dist-packages/controller_manager_msgs/srv/_list_hardware_interfaces_s.c
[1.249s] -- Up-to-date: /home/gcerioni/ws_ur16/install/controller_manager_msgs/local/lib/python3.10/dist-packages/controller_manager_msgs/srv/_reload_controller_libraries.py
[1.249s] -- Up-to-date: /home/gcerioni/ws_ur16/install/controller_manager_msgs/local/lib/python3.10/dist-packages/controller_manager_msgs/srv/_reload_controller_libraries_s.c
[1.250s] -- Up-to-date: /home/gcerioni/ws_ur16/install/controller_manager_msgs/local/lib/python3.10/dist-packages/controller_manager_msgs/srv/_configure_controller.py
[1.250s] -- Up-to-date: /home/gcerioni/ws_ur16/install/controller_manager_msgs/local/lib/python3.10/dist-packages/controller_manager_msgs/srv/_list_controller_types.py
[1.250s] -- Up-to-date: /home/gcerioni/ws_ur16/install/controller_manager_msgs/local/lib/python3.10/dist-packages/controller_manager_msgs/srv/_list_hardware_components_s.c
[1.250s] -- Up-to-date: /home/gcerioni/ws_ur16/install/controller_manager_msgs/local/lib/python3.10/dist-packages/controller_manager_msgs/srv/_switch_controller.py
[1.250s] -- Up-to-date: /home/gcerioni/ws_ur16/install/controller_manager_msgs/local/lib/python3.10/dist-packages/controller_manager_msgs/srv/_load_controller_s.c
[1.250s] -- Up-to-date: /home/gcerioni/ws_ur16/install/controller_manager_msgs/local/lib/python3.10/dist-packages/controller_manager_msgs/srv/_list_controllers_s.c
[1.250s] -- Up-to-date: /home/gcerioni/ws_ur16/install/controller_manager_msgs/local/lib/python3.10/dist-packages/controller_manager_msgs/srv/__init__.py
[1.250s] -- Up-to-date: /home/gcerioni/ws_ur16/install/controller_manager_msgs/local/lib/python3.10/dist-packages/controller_manager_msgs/srv/_list_controller_types_s.c
[1.251s] -- Up-to-date: /home/gcerioni/ws_ur16/install/controller_manager_msgs/local/lib/python3.10/dist-packages/controller_manager_msgs/srv/_list_controllers.py
[1.251s] -- Up-to-date: /home/gcerioni/ws_ur16/install/controller_manager_msgs/local/lib/python3.10/dist-packages/controller_manager_msgs/srv/_unload_controller.py
[1.251s] -- Up-to-date: /home/gcerioni/ws_ur16/install/controller_manager_msgs/local/lib/python3.10/dist-packages/controller_manager_msgs/srv/_switch_controller_s.c
[1.251s] -- Up-to-date: /home/gcerioni/ws_ur16/install/controller_manager_msgs/local/lib/python3.10/dist-packages/controller_manager_msgs/srv/_set_hardware_component_state_s.c
[1.251s] -- Up-to-date: /home/gcerioni/ws_ur16/install/controller_manager_msgs/local/lib/python3.10/dist-packages/controller_manager_msgs/srv/_configure_controller_s.c
[1.251s] -- Up-to-date: /home/gcerioni/ws_ur16/install/controller_manager_msgs/local/lib/python3.10/dist-packages/controller_manager_msgs/srv/_list_hardware_interfaces.py
[1.251s] -- Up-to-date: /home/gcerioni/ws_ur16/install/controller_manager_msgs/local/lib/python3.10/dist-packages/controller_manager_msgs/srv/_set_hardware_component_state.py
[1.252s] -- Up-to-date: /home/gcerioni/ws_ur16/install/controller_manager_msgs/local/lib/python3.10/dist-packages/controller_manager_msgs/srv/_list_hardware_components.py
[1.435s] Listing '/home/gcerioni/ws_ur16/install/controller_manager_msgs/local/lib/python3.10/dist-packages/controller_manager_msgs'...
[1.436s] Listing '/home/gcerioni/ws_ur16/install/controller_manager_msgs/local/lib/python3.10/dist-packages/controller_manager_msgs/msg'...
[1.436s] Listing '/home/gcerioni/ws_ur16/install/controller_manager_msgs/local/lib/python3.10/dist-packages/controller_manager_msgs/srv'...
[1.442s] -- Up-to-date: /home/gcerioni/ws_ur16/install/controller_manager_msgs/local/lib/python3.10/dist-packages/controller_manager_msgs/controller_manager_msgs_s__rosidl_typesupport_fastrtps_c.cpython-310-x86_64-linux-gnu.so
[1.442s] -- Up-to-date: /home/gcerioni/ws_ur16/install/controller_manager_msgs/local/lib/python3.10/dist-packages/controller_manager_msgs/controller_manager_msgs_s__rosidl_typesupport_introspection_c.cpython-310-x86_64-linux-gnu.so
[1.442s] -- Up-to-date: /home/gcerioni/ws_ur16/install/controller_manager_msgs/local/lib/python3.10/dist-packages/controller_manager_msgs/controller_manager_msgs_s__rosidl_typesupport_c.cpython-310-x86_64-linux-gnu.so
[1.442s] -- Up-to-date: /home/gcerioni/ws_ur16/install/controller_manager_msgs/lib/libcontroller_manager_msgs__rosidl_generator_py.so
[1.442s] -- Up-to-date: /home/gcerioni/ws_ur16/install/controller_manager_msgs/share/controller_manager_msgs/msg/ControllerState.idl
[1.442s] -- Up-to-date: /home/gcerioni/ws_ur16/install/controller_manager_msgs/share/controller_manager_msgs/msg/ChainConnection.idl
[1.442s] -- Up-to-date: /home/gcerioni/ws_ur16/install/controller_manager_msgs/share/controller_manager_msgs/msg/HardwareComponentState.idl
[1.442s] -- Up-to-date: /home/gcerioni/ws_ur16/install/controller_manager_msgs/share/controller_manager_msgs/msg/HardwareInterface.idl
[1.442s] -- Up-to-date: /home/gcerioni/ws_ur16/install/controller_manager_msgs/share/controller_manager_msgs/srv/ConfigureController.idl
[1.443s] -- Up-to-date: /home/gcerioni/ws_ur16/install/controller_manager_msgs/share/controller_manager_msgs/srv/ListControllers.idl
[1.443s] -- Up-to-date: /home/gcerioni/ws_ur16/install/controller_manager_msgs/share/controller_manager_msgs/srv/ListControllerTypes.idl
[1.443s] -- Up-to-date: /home/gcerioni/ws_ur16/install/controller_manager_msgs/share/controller_manager_msgs/srv/ListHardwareComponents.idl
[1.443s] -- Up-to-date: /home/gcerioni/ws_ur16/install/controller_manager_msgs/share/controller_manager_msgs/srv/ListHardwareInterfaces.idl
[1.443s] -- Up-to-date: /home/gcerioni/ws_ur16/install/controller_manager_msgs/share/controller_manager_msgs/srv/LoadController.idl
[1.443s] -- Up-to-date: /home/gcerioni/ws_ur16/install/controller_manager_msgs/share/controller_manager_msgs/srv/ReloadControllerLibraries.idl
[1.443s] -- Up-to-date: /home/gcerioni/ws_ur16/install/controller_manager_msgs/share/controller_manager_msgs/srv/SetHardwareComponentState.idl
[1.443s] -- Up-to-date: /home/gcerioni/ws_ur16/install/controller_manager_msgs/share/controller_manager_msgs/srv/SwitchController.idl
[1.443s] -- Up-to-date: /home/gcerioni/ws_ur16/install/controller_manager_msgs/share/controller_manager_msgs/srv/UnloadController.idl
[1.444s] -- Up-to-date: /home/gcerioni/ws_ur16/install/controller_manager_msgs/share/controller_manager_msgs/msg/ControllerState.msg
[1.444s] -- Up-to-date: /home/gcerioni/ws_ur16/install/controller_manager_msgs/share/controller_manager_msgs/msg/ChainConnection.msg
[1.444s] -- Up-to-date: /home/gcerioni/ws_ur16/install/controller_manager_msgs/share/controller_manager_msgs/msg/HardwareComponentState.msg
[1.444s] -- Up-to-date: /home/gcerioni/ws_ur16/install/controller_manager_msgs/share/controller_manager_msgs/msg/HardwareInterface.msg
[1.444s] -- Up-to-date: /home/gcerioni/ws_ur16/install/controller_manager_msgs/share/controller_manager_msgs/srv/ConfigureController.srv
[1.444s] -- Up-to-date: /home/gcerioni/ws_ur16/install/controller_manager_msgs/share/controller_manager_msgs/srv/ConfigureController_Request.msg
[1.444s] -- Up-to-date: /home/gcerioni/ws_ur16/install/controller_manager_msgs/share/controller_manager_msgs/srv/ConfigureController_Response.msg
[1.444s] -- Up-to-date: /home/gcerioni/ws_ur16/install/controller_manager_msgs/share/controller_manager_msgs/srv/ListControllers.srv
[1.444s] -- Up-to-date: /home/gcerioni/ws_ur16/install/controller_manager_msgs/share/controller_manager_msgs/srv/ListControllers_Request.msg
[1.445s] -- Up-to-date: /home/gcerioni/ws_ur16/install/controller_manager_msgs/share/controller_manager_msgs/srv/ListControllers_Response.msg
[1.445s] -- Up-to-date: /home/gcerioni/ws_ur16/install/controller_manager_msgs/share/controller_manager_msgs/srv/ListControllerTypes.srv
[1.445s] -- Up-to-date: /home/gcerioni/ws_ur16/install/controller_manager_msgs/share/controller_manager_msgs/srv/ListControllerTypes_Request.msg
[1.445s] -- Up-to-date: /home/gcerioni/ws_ur16/install/controller_manager_msgs/share/controller_manager_msgs/srv/ListControllerTypes_Response.msg
[1.445s] -- Up-to-date: /home/gcerioni/ws_ur16/install/controller_manager_msgs/share/controller_manager_msgs/srv/ListHardwareComponents.srv
[1.445s] -- Up-to-date: /home/gcerioni/ws_ur16/install/controller_manager_msgs/share/controller_manager_msgs/srv/ListHardwareComponents_Request.msg
[1.445s] -- Up-to-date: /home/gcerioni/ws_ur16/install/controller_manager_msgs/share/controller_manager_msgs/srv/ListHardwareComponents_Response.msg
[1.445s] -- Up-to-date: /home/gcerioni/ws_ur16/install/controller_manager_msgs/share/controller_manager_msgs/srv/ListHardwareInterfaces.srv
[1.445s] -- Up-to-date: /home/gcerioni/ws_ur16/install/controller_manager_msgs/share/controller_manager_msgs/srv/ListHardwareInterfaces_Request.msg
[1.445s] -- Up-to-date: /home/gcerioni/ws_ur16/install/controller_manager_msgs/share/controller_manager_msgs/srv/ListHardwareInterfaces_Response.msg
[1.446s] -- Up-to-date: /home/gcerioni/ws_ur16/install/controller_manager_msgs/share/controller_manager_msgs/srv/LoadController.srv
[1.446s] -- Up-to-date: /home/gcerioni/ws_ur16/install/controller_manager_msgs/share/controller_manager_msgs/srv/LoadController_Request.msg
[1.446s] -- Up-to-date: /home/gcerioni/ws_ur16/install/controller_manager_msgs/share/controller_manager_msgs/srv/LoadController_Response.msg
[1.446s] -- Up-to-date: /home/gcerioni/ws_ur16/install/controller_manager_msgs/share/controller_manager_msgs/srv/ReloadControllerLibraries.srv
[1.446s] -- Up-to-date: /home/gcerioni/ws_ur16/install/controller_manager_msgs/share/controller_manager_msgs/srv/ReloadControllerLibraries_Request.msg
[1.446s] -- Up-to-date: /home/gcerioni/ws_ur16/install/controller_manager_msgs/share/controller_manager_msgs/srv/ReloadControllerLibraries_Response.msg
[1.446s] -- Up-to-date: /home/gcerioni/ws_ur16/install/controller_manager_msgs/share/controller_manager_msgs/srv/SetHardwareComponentState.srv
[1.446s] -- Up-to-date: /home/gcerioni/ws_ur16/install/controller_manager_msgs/share/controller_manager_msgs/srv/SetHardwareComponentState_Request.msg
[1.446s] -- Up-to-date: /home/gcerioni/ws_ur16/install/controller_manager_msgs/share/controller_manager_msgs/srv/SetHardwareComponentState_Response.msg
[1.447s] -- Up-to-date: /home/gcerioni/ws_ur16/install/controller_manager_msgs/share/controller_manager_msgs/srv/SwitchController.srv
[1.447s] -- Up-to-date: /home/gcerioni/ws_ur16/install/controller_manager_msgs/share/controller_manager_msgs/srv/SwitchController_Request.msg
[1.447s] -- Up-to-date: /home/gcerioni/ws_ur16/install/controller_manager_msgs/share/controller_manager_msgs/srv/SwitchController_Response.msg
[1.447s] -- Up-to-date: /home/gcerioni/ws_ur16/install/controller_manager_msgs/share/controller_manager_msgs/srv/UnloadController.srv
[1.447s] -- Up-to-date: /home/gcerioni/ws_ur16/install/controller_manager_msgs/share/controller_manager_msgs/srv/UnloadController_Request.msg
[1.447s] -- Up-to-date: /home/gcerioni/ws_ur16/install/controller_manager_msgs/share/controller_manager_msgs/srv/UnloadController_Response.msg
[1.447s] -- Up-to-date: /home/gcerioni/ws_ur16/install/controller_manager_msgs/share/ament_index/resource_index/package_run_dependencies/controller_manager_msgs
[1.447s] -- Up-to-date: /home/gcerioni/ws_ur16/install/controller_manager_msgs/share/ament_index/resource_index/parent_prefix_path/controller_manager_msgs
[1.447s] -- Up-to-date: /home/gcerioni/ws_ur16/install/controller_manager_msgs/share/controller_manager_msgs/environment/ament_prefix_path.sh
[1.448s] -- Up-to-date: /home/gcerioni/ws_ur16/install/controller_manager_msgs/share/controller_manager_msgs/environment/ament_prefix_path.dsv
[1.448s] -- Up-to-date: /home/gcerioni/ws_ur16/install/controller_manager_msgs/share/controller_manager_msgs/environment/path.sh
[1.448s] -- Up-to-date: /home/gcerioni/ws_ur16/install/controller_manager_msgs/share/controller_manager_msgs/environment/path.dsv
[1.448s] -- Up-to-date: /home/gcerioni/ws_ur16/install/controller_manager_msgs/share/controller_manager_msgs/local_setup.bash
[1.448s] -- Up-to-date: /home/gcerioni/ws_ur16/install/controller_manager_msgs/share/controller_manager_msgs/local_setup.sh
[1.448s] -- Up-to-date: /home/gcerioni/ws_ur16/install/controller_manager_msgs/share/controller_manager_msgs/local_setup.zsh
[1.448s] -- Up-to-date: /home/gcerioni/ws_ur16/install/controller_manager_msgs/share/controller_manager_msgs/local_setup.dsv
[1.448s] -- Installing: /home/gcerioni/ws_ur16/install/controller_manager_msgs/share/controller_manager_msgs/package.dsv
[1.448s] -- Up-to-date: /home/gcerioni/ws_ur16/install/controller_manager_msgs/share/ament_index/resource_index/packages/controller_manager_msgs
[1.448s] -- Up-to-date: /home/gcerioni/ws_ur16/install/controller_manager_msgs/share/controller_manager_msgs/cmake/export_controller_manager_msgs__rosidl_generator_cExport.cmake
[1.449s] -- Up-to-date: /home/gcerioni/ws_ur16/install/controller_manager_msgs/share/controller_manager_msgs/cmake/export_controller_manager_msgs__rosidl_generator_cExport-release.cmake
[1.449s] -- Up-to-date: /home/gcerioni/ws_ur16/install/controller_manager_msgs/share/controller_manager_msgs/cmake/export_controller_manager_msgs__rosidl_typesupport_fastrtps_cExport.cmake
[1.449s] -- Up-to-date: /home/gcerioni/ws_ur16/install/controller_manager_msgs/share/controller_manager_msgs/cmake/export_controller_manager_msgs__rosidl_typesupport_fastrtps_cExport-release.cmake
[1.449s] -- Up-to-date: /home/gcerioni/ws_ur16/install/controller_manager_msgs/share/controller_manager_msgs/cmake/export_controller_manager_msgs__rosidl_generator_cppExport.cmake
[1.450s] -- Up-to-date: /home/gcerioni/ws_ur16/install/controller_manager_msgs/share/controller_manager_msgs/cmake/export_controller_manager_msgs__rosidl_typesupport_fastrtps_cppExport.cmake
[1.450s] -- Up-to-date: /home/gcerioni/ws_ur16/install/controller_manager_msgs/share/controller_manager_msgs/cmake/export_controller_manager_msgs__rosidl_typesupport_fastrtps_cppExport-release.cmake
[1.450s] -- Up-to-date: /home/gcerioni/ws_ur16/install/controller_manager_msgs/share/controller_manager_msgs/cmake/controller_manager_msgs__rosidl_typesupport_introspection_cExport.cmake
[1.450s] -- Up-to-date: /home/gcerioni/ws_ur16/install/controller_manager_msgs/share/controller_manager_msgs/cmake/controller_manager_msgs__rosidl_typesupport_introspection_cExport-release.cmake
[1.450s] -- Up-to-date: /home/gcerioni/ws_ur16/install/controller_manager_msgs/share/controller_manager_msgs/cmake/controller_manager_msgs__rosidl_typesupport_cExport.cmake
[1.450s] -- Up-to-date: /home/gcerioni/ws_ur16/install/controller_manager_msgs/share/controller_manager_msgs/cmake/controller_manager_msgs__rosidl_typesupport_cExport-release.cmake
[1.450s] -- Up-to-date: /home/gcerioni/ws_ur16/install/controller_manager_msgs/share/controller_manager_msgs/cmake/controller_manager_msgs__rosidl_typesupport_introspection_cppExport.cmake
[1.450s] -- Up-to-date: /home/gcerioni/ws_ur16/install/controller_manager_msgs/share/controller_manager_msgs/cmake/controller_manager_msgs__rosidl_typesupport_introspection_cppExport-release.cmake
[1.450s] -- Up-to-date: /home/gcerioni/ws_ur16/install/controller_manager_msgs/share/controller_manager_msgs/cmake/controller_manager_msgs__rosidl_typesupport_cppExport.cmake
[1.451s] -- Up-to-date: /home/gcerioni/ws_ur16/install/controller_manager_msgs/share/controller_manager_msgs/cmake/controller_manager_msgs__rosidl_typesupport_cppExport-release.cmake
[1.451s] -- Up-to-date: /home/gcerioni/ws_ur16/install/controller_manager_msgs/share/controller_manager_msgs/cmake/export_controller_manager_msgs__rosidl_generator_pyExport.cmake
[1.451s] -- Up-to-date: /home/gcerioni/ws_ur16/install/controller_manager_msgs/share/controller_manager_msgs/cmake/export_controller_manager_msgs__rosidl_generator_pyExport-release.cmake
[1.451s] -- Up-to-date: /home/gcerioni/ws_ur16/install/controller_manager_msgs/share/controller_manager_msgs/cmake/rosidl_cmake-extras.cmake
[1.451s] -- Up-to-date: /home/gcerioni/ws_ur16/install/controller_manager_msgs/share/controller_manager_msgs/cmake/ament_cmake_export_dependencies-extras.cmake
[1.451s] -- Up-to-date: /home/gcerioni/ws_ur16/install/controller_manager_msgs/share/controller_manager_msgs/cmake/ament_cmake_export_include_directories-extras.cmake
[1.451s] -- Up-to-date: /home/gcerioni/ws_ur16/install/controller_manager_msgs/share/controller_manager_msgs/cmake/ament_cmake_export_libraries-extras.cmake
[1.451s] -- Up-to-date: /home/gcerioni/ws_ur16/install/controller_manager_msgs/share/controller_manager_msgs/cmake/ament_cmake_export_targets-extras.cmake
[1.451s] -- Up-to-date: /home/gcerioni/ws_ur16/install/controller_manager_msgs/share/controller_manager_msgs/cmake/rosidl_cmake_export_typesupport_targets-extras.cmake
[1.452s] -- Up-to-date: /home/gcerioni/ws_ur16/install/controller_manager_msgs/share/controller_manager_msgs/cmake/rosidl_cmake_export_typesupport_libraries-extras.cmake
[1.452s] -- Up-to-date: /home/gcerioni/ws_ur16/install/controller_manager_msgs/share/controller_manager_msgs/cmake/controller_manager_msgsConfig.cmake
[1.452s] -- Up-to-date: /home/gcerioni/ws_ur16/install/controller_manager_msgs/share/controller_manager_msgs/cmake/controller_manager_msgsConfig-version.cmake
[1.452s] -- Up-to-date: /home/gcerioni/ws_ur16/install/controller_manager_msgs/share/controller_manager_msgs/package.xml
[1.453s] Invoked command in '/home/gcerioni/ws_ur16/build/controller_manager_msgs' returned '0': CMAKE_PREFIX_PATH=${CMAKE_PREFIX_PATH}:/home/gcerioni/ws_ur16/install/rqt_joint_trajectory_controller:/home/gcerioni/ws_ur16/install/rqt_controller_manager:/home/gcerioni/ws_ur16/install/ros2controlcli:/home/gcerioni/ws_ur16/install/ros2_controllers_test_nodes:/opt/ros/humble /usr/bin/cmake --install /home/gcerioni/ws_ur16/build/controller_manager_msgs
