[0.015s] Invoking command in '/home/gcerioni/ws_ur16/build/transmission_interface': AMENT_PREFIX_PATH=/home/gcerioni/ws_ur16/install/hardware_interface:/home/gcerioni/ws_ur16/install/ros2_control_test_assets:/home/gcerioni/ws_ur16/install/control_msgs:${AMENT_PREFIX_PATH} CMAKE_PREFIX_PATH=/home/gcerioni/ws_ur16/install/hardware_interface:/home/gcerioni/ws_ur16/install/ros2_control_test_assets:/home/gcerioni/ws_ur16/install/control_msgs:/opt/ros/humble LD_LIBRARY_PATH=/home/gcerioni/ws_ur16/install/hardware_interface/lib:/home/gcerioni/ws_ur16/install/control_msgs/lib:${LD_LIBRARY_PATH} PYTHONPATH=/home/gcerioni/ws_ur16/install/control_msgs/local/lib/python3.10/dist-packages:${PYTHONPATH} /usr/bin/cmake /home/gcerioni/ws_ur16/src/ros2_control/transmission_interface -DCMAKE_BUILD_TYPE=Release -DCMAKE_INSTALL_PREFIX=/home/gcerioni/ws_ur16/install/transmission_interface
[0.069s] -- The C compiler identification is GNU 11.4.0
[0.135s] -- The CXX compiler identification is GNU 11.4.0
[0.145s] -- Detecting C compiler ABI info
[0.210s] -- Detecting C compiler ABI info - done
[0.226s] -- Check for working C compiler: /usr/bin/cc - skipped
[0.227s] -- Detecting C compile features
[0.227s] -- Detecting C compile features - done
[0.232s] -- Detecting CXX compiler ABI info
[0.308s] -- Detecting CXX compiler ABI info - done
[0.315s] -- Check for working CXX compiler: /usr/bin/c++ - skipped
[0.315s] -- Detecting CXX compile features
[0.316s] -- Detecting CXX compile features - done
[0.318s] -- Found ament_cmake: 1.3.11 (/opt/ros/humble/share/ament_cmake/cmake)
[0.464s] -- Found Python3: /usr/bin/python3 (found version "3.10.12") found components: Interpreter 
[0.552s] -- Found hardware_interface: 2.48.0 (/home/gcerioni/ws_ur16/install/hardware_interface/share/hardware_interface/cmake)
[0.590s] -- Found rosidl_generator_c: 3.1.6 (/opt/ros/humble/share/rosidl_generator_c/cmake)
[0.595s] -- Found rosidl_adapter: 3.1.6 (/opt/ros/humble/share/rosidl_adapter/cmake)
[0.603s] -- Found rosidl_generator_cpp: 3.1.6 (/opt/ros/humble/share/rosidl_generator_cpp/cmake)
[0.614s] -- Using all available rosidl_typesupport_c: rosidl_typesupport_fastrtps_c;rosidl_typesupport_introspection_c
[0.630s] -- Using all available rosidl_typesupport_cpp: rosidl_typesupport_fastrtps_cpp;rosidl_typesupport_introspection_cpp
[0.826s] -- Found rmw_implementation_cmake: 6.1.2 (/opt/ros/humble/share/rmw_implementation_cmake/cmake)
[0.829s] -- Found rmw_fastrtps_cpp: 6.2.7 (/opt/ros/humble/share/rmw_fastrtps_cpp/cmake)
[0.853s] -- Found TinyXML2 via Config file: TinyXML2_DIR-NOTFOUND
[0.900s] -- Found OpenSSL: /usr/lib/x86_64-linux-gnu/libcrypto.so (found version "3.0.2")  
[0.904s] -- Found TinyXML2 via Config file: TinyXML2_DIR-NOTFOUND
[0.918s] -- Found FastRTPS: /opt/ros/humble/include  
[0.922s] -- Found TinyXML2 via Config file: TinyXML2_DIR-NOTFOUND
[0.931s] -- Found TinyXML2 via Config file: TinyXML2_DIR-NOTFOUND
[0.946s] -- Using RMW implementation 'rmw_fastrtps_cpp' as default
[0.957s] -- Looking for pthread.h
[1.031s] -- Looking for pthread.h - found
[1.031s] -- Performing Test CMAKE_HAVE_LIBC_PTHREAD
[1.097s] -- Performing Test CMAKE_HAVE_LIBC_PTHREAD - Success
[1.098s] -- Found Threads: TRUE  
[1.154s] -- Found ament_cmake_gmock: 1.3.11 (/opt/ros/humble/share/ament_cmake_gmock/cmake)
[1.157s] -- Found gmock sources under '/opt/ros/humble/src/gmock_vendor': C++ tests using 'Google Mock' will be built
[1.163s] -- Found ament_cmake_gtest: 1.3.11 (/opt/ros/humble/share/ament_cmake_gtest/cmake)
[1.164s] -- Found gtest sources under '/opt/ros/humble/src/gtest_vendor': C++ tests using 'Google Test' will be built
[1.309s] -- Configuring done
[1.560s] -- Generating done
[1.609s] -- Build files have been written to: /home/gcerioni/ws_ur16/build/transmission_interface
[1.640s] Invoked command in '/home/gcerioni/ws_ur16/build/transmission_interface' returned '0': AMENT_PREFIX_PATH=/home/gcerioni/ws_ur16/install/hardware_interface:/home/gcerioni/ws_ur16/install/ros2_control_test_assets:/home/gcerioni/ws_ur16/install/control_msgs:${AMENT_PREFIX_PATH} CMAKE_PREFIX_PATH=/home/gcerioni/ws_ur16/install/hardware_interface:/home/gcerioni/ws_ur16/install/ros2_control_test_assets:/home/gcerioni/ws_ur16/install/control_msgs:/opt/ros/humble LD_LIBRARY_PATH=/home/gcerioni/ws_ur16/install/hardware_interface/lib:/home/gcerioni/ws_ur16/install/control_msgs/lib:${LD_LIBRARY_PATH} PYTHONPATH=/home/gcerioni/ws_ur16/install/control_msgs/local/lib/python3.10/dist-packages:${PYTHONPATH} /usr/bin/cmake /home/gcerioni/ws_ur16/src/ros2_control/transmission_interface -DCMAKE_BUILD_TYPE=Release -DCMAKE_INSTALL_PREFIX=/home/gcerioni/ws_ur16/install/transmission_interface
[1.641s] Invoking command in '/home/gcerioni/ws_ur16/build/transmission_interface': AMENT_PREFIX_PATH=/home/gcerioni/ws_ur16/install/hardware_interface:/home/gcerioni/ws_ur16/install/ros2_control_test_assets:/home/gcerioni/ws_ur16/install/control_msgs:${AMENT_PREFIX_PATH} CMAKE_PREFIX_PATH=/home/gcerioni/ws_ur16/install/hardware_interface:/home/gcerioni/ws_ur16/install/ros2_control_test_assets:/home/gcerioni/ws_ur16/install/control_msgs:/opt/ros/humble LD_LIBRARY_PATH=/home/gcerioni/ws_ur16/install/hardware_interface/lib:/home/gcerioni/ws_ur16/install/control_msgs/lib:${LD_LIBRARY_PATH} PYTHONPATH=/home/gcerioni/ws_ur16/install/control_msgs/local/lib/python3.10/dist-packages:${PYTHONPATH} /usr/bin/cmake --build /home/gcerioni/ws_ur16/build/transmission_interface -- -j8 -l8
[1.756s] [  4%] [34m[1mGenerating transmission_interface/version.h[0m
[1.764s] [  8%] [32mBuilding CXX object gmock/CMakeFiles/gmock_main.dir/src/gmock_main.cc.o[0m
[1.766s] [ 12%] [32mBuilding CXX object gmock/CMakeFiles/gmock.dir/src/gmock-all.cc.o[0m
[1.767s] [ 16%] [32mBuilding CXX object gmock/CMakeFiles/gmock.dir/opt/ros/humble/src/gtest_vendor/src/gtest-all.cc.o[0m
[1.801s] [ 16%] Built target ament_generate_version_header__transmission_interface
[1.901s] [ 20%] [32mBuilding CXX object CMakeFiles/transmission_interface.dir/src/differential_transmission_loader.cpp.o[0m
[1.903s] [ 25%] [32mBuilding CXX object CMakeFiles/transmission_interface.dir/src/simple_transmission_loader.cpp.o[0m
[1.909s] [ 29%] [32mBuilding CXX object CMakeFiles/transmission_interface.dir/src/four_bar_linkage_transmission_loader.cpp.o[0m
[6.765s] [ 33%] [32m[1mLinking CXX static library libgmock_main.a[0m
[6.909s] [ 33%] Built target gmock_main
[12.812s] [ 37%] [32m[1mLinking CXX shared library libtransmission_interface.so[0m
[12.970s] [ 37%] Built target transmission_interface
[15.712s] [ 41%] [32m[1mLinking CXX static library libgmock.a[0m
[15.777s] [ 41%] Built target gmock
[15.796s] [ 45%] [32mBuilding CXX object CMakeFiles/test_simple_transmission.dir/test/simple_transmission_test.cpp.o[0m
[19.699s] [ 50%] [32m[1mLinking CXX executable test_simple_transmission[0m
[19.982s] [ 50%] Built target test_simple_transmission
[20.005s] [ 54%] [32mBuilding CXX object CMakeFiles/test_differential_transmission_loader.dir/test/differential_transmission_loader_test.cpp.o[0m
[20.006s] [ 58%] [32mBuilding CXX object CMakeFiles/test_four_bar_linkage_transmission_loader.dir/test/four_bar_linkage_transmission_loader_test.cpp.o[0m
[20.008s] [ 62%] [32mBuilding CXX object CMakeFiles/test_utils.dir/test/utils_test.cpp.o[0m
[22.674s] [ 66%] [32m[1mLinking CXX executable test_utils[0m
[23.087s] [ 66%] Built target test_utils
[23.116s] [ 70%] [32mBuilding CXX object CMakeFiles/test_simple_transmission_loader.dir/test/simple_transmission_loader_test.cpp.o[0m
[23.121s] [ 75%] [32mBuilding CXX object CMakeFiles/test_four_bar_linkage_transmission.dir/test/four_bar_linkage_transmission_test.cpp.o[0m
[30.506s] [ 79%] [32m[1mLinking CXX executable test_four_bar_linkage_transmission[0m
[30.916s] [ 79%] Built target test_four_bar_linkage_transmission
[30.946s] [ 83%] [32mBuilding CXX object CMakeFiles/test_differential_transmission.dir/test/differential_transmission_test.cpp.o[0m
[32.283s] [ 87%] [32m[1mLinking CXX executable test_differential_transmission_loader[0m
[32.571s] [ 87%] Built target test_differential_transmission_loader
[33.233s] [ 91%] [32m[1mLinking CXX executable test_four_bar_linkage_transmission_loader[0m
[33.507s] [ 91%] Built target test_four_bar_linkage_transmission_loader
[35.100s] [ 95%] [32m[1mLinking CXX executable test_simple_transmission_loader[0m
[35.283s] [ 95%] Built target test_simple_transmission_loader
[35.845s] [100%] [32m[1mLinking CXX executable test_differential_transmission[0m
[36.202s] [100%] Built target test_differential_transmission
[36.214s] Invoked command in '/home/gcerioni/ws_ur16/build/transmission_interface' returned '0': AMENT_PREFIX_PATH=/home/gcerioni/ws_ur16/install/hardware_interface:/home/gcerioni/ws_ur16/install/ros2_control_test_assets:/home/gcerioni/ws_ur16/install/control_msgs:${AMENT_PREFIX_PATH} CMAKE_PREFIX_PATH=/home/gcerioni/ws_ur16/install/hardware_interface:/home/gcerioni/ws_ur16/install/ros2_control_test_assets:/home/gcerioni/ws_ur16/install/control_msgs:/opt/ros/humble LD_LIBRARY_PATH=/home/gcerioni/ws_ur16/install/hardware_interface/lib:/home/gcerioni/ws_ur16/install/control_msgs/lib:${LD_LIBRARY_PATH} PYTHONPATH=/home/gcerioni/ws_ur16/install/control_msgs/local/lib/python3.10/dist-packages:${PYTHONPATH} /usr/bin/cmake --build /home/gcerioni/ws_ur16/build/transmission_interface -- -j8 -l8
[36.216s] Invoking command in '/home/gcerioni/ws_ur16/build/transmission_interface': AMENT_PREFIX_PATH=/home/gcerioni/ws_ur16/install/hardware_interface:/home/gcerioni/ws_ur16/install/ros2_control_test_assets:/home/gcerioni/ws_ur16/install/control_msgs:${AMENT_PREFIX_PATH} CMAKE_PREFIX_PATH=/home/gcerioni/ws_ur16/install/hardware_interface:/home/gcerioni/ws_ur16/install/ros2_control_test_assets:/home/gcerioni/ws_ur16/install/control_msgs:/opt/ros/humble LD_LIBRARY_PATH=/home/gcerioni/ws_ur16/install/hardware_interface/lib:/home/gcerioni/ws_ur16/install/control_msgs/lib:${LD_LIBRARY_PATH} PYTHONPATH=/home/gcerioni/ws_ur16/install/control_msgs/local/lib/python3.10/dist-packages:${PYTHONPATH} /usr/bin/cmake --install /home/gcerioni/ws_ur16/build/transmission_interface
[36.223s] -- Install configuration: "Release"
[36.223s] -- Installing: /home/gcerioni/ws_ur16/install/transmission_interface/include
[36.223s] -- Installing: /home/gcerioni/ws_ur16/install/transmission_interface/include/transmission_interface
[36.223s] -- Installing: /home/gcerioni/ws_ur16/install/transmission_interface/include/transmission_interface/accessor.hpp
[36.223s] -- Installing: /home/gcerioni/ws_ur16/install/transmission_interface/include/transmission_interface/handle.hpp
[36.223s] -- Installing: /home/gcerioni/ws_ur16/install/transmission_interface/include/transmission_interface/visibility_control.h
[36.224s] -- Installing: /home/gcerioni/ws_ur16/install/transmission_interface/include/transmission_interface/simple_transmission_loader.hpp
[36.224s] -- Installing: /home/gcerioni/ws_ur16/install/transmission_interface/include/transmission_interface/differential_transmission_loader.hpp
[36.224s] -- Installing: /home/gcerioni/ws_ur16/install/transmission_interface/include/transmission_interface/exception.hpp
[36.224s] -- Installing: /home/gcerioni/ws_ur16/install/transmission_interface/include/transmission_interface/differential_transmission.hpp
[36.224s] -- Installing: /home/gcerioni/ws_ur16/install/transmission_interface/include/transmission_interface/four_bar_linkage_transmission_loader.hpp
[36.224s] -- Installing: /home/gcerioni/ws_ur16/install/transmission_interface/include/transmission_interface/simple_transmission.hpp
[36.225s] -- Installing: /home/gcerioni/ws_ur16/install/transmission_interface/include/transmission_interface/transmission.hpp
[36.225s] -- Installing: /home/gcerioni/ws_ur16/install/transmission_interface/include/transmission_interface/four_bar_linkage_transmission.hpp
[36.225s] -- Installing: /home/gcerioni/ws_ur16/install/transmission_interface/include/transmission_interface/transmission_interface_exception.hpp
[36.225s] -- Installing: /home/gcerioni/ws_ur16/install/transmission_interface/include/transmission_interface/transmission_loader.hpp
[36.225s] -- Installing: /home/gcerioni/ws_ur16/install/transmission_interface/share/transmission_interface/ros2_control_plugins.xml
[36.225s] -- Installing: /home/gcerioni/ws_ur16/install/transmission_interface/lib/libtransmission_interface.so
[36.226s] -- Set runtime path of "/home/gcerioni/ws_ur16/install/transmission_interface/lib/libtransmission_interface.so" to ""
[36.226s] -- Installing: /home/gcerioni/ws_ur16/install/transmission_interface/share/transmission_interface/environment/library_path.sh
[36.226s] -- Installing: /home/gcerioni/ws_ur16/install/transmission_interface/share/transmission_interface/environment/library_path.dsv
[36.227s] -- Installing: /home/gcerioni/ws_ur16/install/transmission_interface/share/ament_index/resource_index/package_run_dependencies/transmission_interface
[36.227s] -- Installing: /home/gcerioni/ws_ur16/install/transmission_interface/share/ament_index/resource_index/parent_prefix_path/transmission_interface
[36.227s] -- Installing: /home/gcerioni/ws_ur16/install/transmission_interface/share/transmission_interface/environment/ament_prefix_path.sh
[36.227s] -- Installing: /home/gcerioni/ws_ur16/install/transmission_interface/share/transmission_interface/environment/ament_prefix_path.dsv
[36.227s] -- Installing: /home/gcerioni/ws_ur16/install/transmission_interface/share/transmission_interface/environment/path.sh
[36.228s] -- Installing: /home/gcerioni/ws_ur16/install/transmission_interface/share/transmission_interface/environment/path.dsv
[36.228s] -- Installing: /home/gcerioni/ws_ur16/install/transmission_interface/share/transmission_interface/local_setup.bash
[36.228s] -- Installing: /home/gcerioni/ws_ur16/install/transmission_interface/share/transmission_interface/local_setup.sh
[36.228s] -- Installing: /home/gcerioni/ws_ur16/install/transmission_interface/share/transmission_interface/local_setup.zsh
[36.228s] -- Installing: /home/gcerioni/ws_ur16/install/transmission_interface/share/transmission_interface/local_setup.dsv
[36.228s] -- Installing: /home/gcerioni/ws_ur16/install/transmission_interface/share/transmission_interface/package.dsv
[36.229s] -- Installing: /home/gcerioni/ws_ur16/install/transmission_interface/share/ament_index/resource_index/packages/transmission_interface
[36.229s] -- Installing: /home/gcerioni/ws_ur16/install/transmission_interface/share/ament_index/resource_index/transmission_interface__pluginlib__plugin/transmission_interface
[36.229s] -- Installing: /home/gcerioni/ws_ur16/install/transmission_interface/share/transmission_interface/cmake/ament_cmake_export_include_directories-extras.cmake
[36.229s] -- Installing: /home/gcerioni/ws_ur16/install/transmission_interface/share/transmission_interface/cmake/ament_cmake_export_dependencies-extras.cmake
[36.229s] -- Installing: /home/gcerioni/ws_ur16/install/transmission_interface/share/transmission_interface/cmake/ament_cmake_export_libraries-extras.cmake
[36.230s] -- Installing: /home/gcerioni/ws_ur16/install/transmission_interface/share/transmission_interface/cmake/transmission_interfaceConfig.cmake
[36.230s] -- Installing: /home/gcerioni/ws_ur16/install/transmission_interface/share/transmission_interface/cmake/transmission_interfaceConfig-version.cmake
[36.230s] -- Installing: /home/gcerioni/ws_ur16/install/transmission_interface/share/transmission_interface/package.xml
[36.230s] -- Installing: /home/gcerioni/ws_ur16/install/transmission_interface/include/transmission_interface/transmission_interface/version.h
[36.233s] Invoked command in '/home/gcerioni/ws_ur16/build/transmission_interface' returned '0': AMENT_PREFIX_PATH=/home/gcerioni/ws_ur16/install/hardware_interface:/home/gcerioni/ws_ur16/install/ros2_control_test_assets:/home/gcerioni/ws_ur16/install/control_msgs:${AMENT_PREFIX_PATH} CMAKE_PREFIX_PATH=/home/gcerioni/ws_ur16/install/hardware_interface:/home/gcerioni/ws_ur16/install/ros2_control_test_assets:/home/gcerioni/ws_ur16/install/control_msgs:/opt/ros/humble LD_LIBRARY_PATH=/home/gcerioni/ws_ur16/install/hardware_interface/lib:/home/gcerioni/ws_ur16/install/control_msgs/lib:${LD_LIBRARY_PATH} PYTHONPATH=/home/gcerioni/ws_ur16/install/control_msgs/local/lib/python3.10/dist-packages:${PYTHONPATH} /usr/bin/cmake --install /home/gcerioni/ws_ur16/build/transmission_interface
