[0.021s] Invoking command in '/home/gcerioni/ws_ur16/build/controller_manager': AMENT_PREFIX_PATH=/home/gcerioni/ws_ur16/install/hardware_interface_testing:/home/gcerioni/ws_ur16/install/controller_interface:/home/gcerioni/ws_ur16/install/hardware_interface:/home/gcerioni/ws_ur16/install/ros2_control_test_assets:/home/gcerioni/ws_ur16/install/realtime_tools:/home/gcerioni/ws_ur16/install/controller_manager_msgs:/home/gcerioni/ws_ur16/install/control_msgs:${AMENT_PREFIX_PATH} CMAKE_PREFIX_PATH=/home/gcerioni/ws_ur16/install/hardware_interface_testing:/home/gcerioni/ws_ur16/install/controller_interface:/home/gcerioni/ws_ur16/install/hardware_interface:/home/gcerioni/ws_ur16/install/ros2_control_test_assets:/home/gcerioni/ws_ur16/install/realtime_tools:/home/gcerioni/ws_ur16/install/controller_manager_msgs:/home/gcerioni/ws_ur16/install/control_msgs:/opt/ros/humble LD_LIBRARY_PATH=/home/gcerioni/ws_ur16/install/hardware_interface_testing/lib:/home/gcerioni/ws_ur16/install/controller_interface/lib:/home/gcerioni/ws_ur16/install/hardware_interface/lib:/home/gcerioni/ws_ur16/install/realtime_tools/lib:/home/gcerioni/ws_ur16/install/controller_manager_msgs/lib:/home/gcerioni/ws_ur16/install/control_msgs/lib:${LD_LIBRARY_PATH} PYTHONPATH=/home/gcerioni/ws_ur16/install/controller_manager_msgs/local/lib/python3.10/dist-packages:/home/gcerioni/ws_ur16/install/control_msgs/local/lib/python3.10/dist-packages:${PYTHONPATH} /usr/bin/cmake /home/gcerioni/ws_ur16/src/ros2_control/controller_manager -DCMAKE_BUILD_TYPE=Release -DCMAKE_INSTALL_PREFIX=/home/gcerioni/ws_ur16/install/controller_manager
[0.079s] -- The C compiler identification is GNU 11.4.0
[0.145s] -- The CXX compiler identification is GNU 11.4.0
[0.155s] -- Detecting C compiler ABI info
[0.223s] -- Detecting C compiler ABI info - done
[0.241s] -- Check for working C compiler: /usr/bin/cc - skipped
[0.241s] -- Detecting C compile features
[0.242s] -- Detecting C compile features - done
[0.247s] -- Detecting CXX compiler ABI info
[0.335s] -- Detecting CXX compiler ABI info - done
[0.342s] -- Check for working CXX compiler: /usr/bin/c++ - skipped
[0.342s] -- Detecting CXX compile features
[0.343s] -- Detecting CXX compile features - done
[0.346s] -- Found ament_cmake: 1.3.11 (/opt/ros/humble/share/ament_cmake/cmake)
[0.494s] -- Found Python3: /usr/bin/python3 (found version "3.10.12") found components: Interpreter 
[0.590s] -- Found ament_index_cpp: 1.4.0 (/opt/ros/humble/share/ament_index_cpp/cmake)
[0.590s] -- Found controller_interface: 2.48.0 (/home/gcerioni/ws_ur16/install/controller_interface/share/controller_interface/cmake)
[0.635s] -- Found rosidl_generator_c: 3.1.6 (/opt/ros/humble/share/rosidl_generator_c/cmake)
[0.640s] -- Found rosidl_adapter: 3.1.6 (/opt/ros/humble/share/rosidl_adapter/cmake)
[0.649s] -- Found rosidl_generator_cpp: 3.1.6 (/opt/ros/humble/share/rosidl_generator_cpp/cmake)
[0.661s] -- Using all available rosidl_typesupport_c: rosidl_typesupport_fastrtps_c;rosidl_typesupport_introspection_c
[0.677s] -- Using all available rosidl_typesupport_cpp: rosidl_typesupport_fastrtps_cpp;rosidl_typesupport_introspection_cpp
[0.880s] -- Found rmw_implementation_cmake: 6.1.2 (/opt/ros/humble/share/rmw_implementation_cmake/cmake)
[0.884s] -- Found rmw_fastrtps_cpp: 6.2.7 (/opt/ros/humble/share/rmw_fastrtps_cpp/cmake)
[0.911s] -- Found TinyXML2 via Config file: TinyXML2_DIR-NOTFOUND
[0.963s] -- Found OpenSSL: /usr/lib/x86_64-linux-gnu/libcrypto.so (found version "3.0.2")  
[0.967s] -- Found TinyXML2 via Config file: TinyXML2_DIR-NOTFOUND
[0.982s] -- Found FastRTPS: /opt/ros/humble/include  
[0.985s] -- Found TinyXML2 via Config file: TinyXML2_DIR-NOTFOUND
[0.993s] -- Found TinyXML2 via Config file: TinyXML2_DIR-NOTFOUND
[1.002s] -- Using RMW implementation 'rmw_fastrtps_cpp' as default
[1.011s] -- Looking for pthread.h
[1.104s] -- Looking for pthread.h - found
[1.105s] -- Performing Test CMAKE_HAVE_LIBC_PTHREAD
[1.200s] -- Performing Test CMAKE_HAVE_LIBC_PTHREAD - Success
[1.201s] -- Found Threads: TRUE  
[1.262s] -- Found controller_manager_msgs: 2.48.0 (/home/gcerioni/ws_ur16/install/controller_manager_msgs/share/controller_manager_msgs/cmake)
[1.291s] -- Found realtime_tools: 2.12.0 (/home/gcerioni/ws_ur16/install/realtime_tools/share/realtime_tools/cmake)
[1.344s] -- Found ament_cmake_gmock: 1.3.11 (/opt/ros/humble/share/ament_cmake_gmock/cmake)
[1.345s] -- Found ros2_control_test_assets: 2.48.0 (/home/gcerioni/ws_ur16/install/ros2_control_test_assets/share/ros2_control_test_assets/cmake)
[1.349s] -- Found gmock sources under '/opt/ros/humble/src/gmock_vendor': C++ tests using 'Google Mock' will be built
[1.354s] -- Found ament_cmake_gtest: 1.3.11 (/opt/ros/humble/share/ament_cmake_gtest/cmake)
[1.355s] -- Found gtest sources under '/opt/ros/humble/src/gtest_vendor': C++ tests using 'Google Test' will be built
[1.365s] -- Found ament_cmake_pytest: 1.3.11 (/opt/ros/humble/share/ament_cmake_pytest/cmake)
[1.786s] -- Configuring done
[2.257s] -- Generating done
[2.333s] -- Build files have been written to: /home/gcerioni/ws_ur16/build/controller_manager
[2.350s] Invoked command in '/home/gcerioni/ws_ur16/build/controller_manager' returned '0': AMENT_PREFIX_PATH=/home/gcerioni/ws_ur16/install/hardware_interface_testing:/home/gcerioni/ws_ur16/install/controller_interface:/home/gcerioni/ws_ur16/install/hardware_interface:/home/gcerioni/ws_ur16/install/ros2_control_test_assets:/home/gcerioni/ws_ur16/install/realtime_tools:/home/gcerioni/ws_ur16/install/controller_manager_msgs:/home/gcerioni/ws_ur16/install/control_msgs:${AMENT_PREFIX_PATH} CMAKE_PREFIX_PATH=/home/gcerioni/ws_ur16/install/hardware_interface_testing:/home/gcerioni/ws_ur16/install/controller_interface:/home/gcerioni/ws_ur16/install/hardware_interface:/home/gcerioni/ws_ur16/install/ros2_control_test_assets:/home/gcerioni/ws_ur16/install/realtime_tools:/home/gcerioni/ws_ur16/install/controller_manager_msgs:/home/gcerioni/ws_ur16/install/control_msgs:/opt/ros/humble LD_LIBRARY_PATH=/home/gcerioni/ws_ur16/install/hardware_interface_testing/lib:/home/gcerioni/ws_ur16/install/controller_interface/lib:/home/gcerioni/ws_ur16/install/hardware_interface/lib:/home/gcerioni/ws_ur16/install/realtime_tools/lib:/home/gcerioni/ws_ur16/install/controller_manager_msgs/lib:/home/gcerioni/ws_ur16/install/control_msgs/lib:${LD_LIBRARY_PATH} PYTHONPATH=/home/gcerioni/ws_ur16/install/controller_manager_msgs/local/lib/python3.10/dist-packages:/home/gcerioni/ws_ur16/install/control_msgs/local/lib/python3.10/dist-packages:${PYTHONPATH} /usr/bin/cmake /home/gcerioni/ws_ur16/src/ros2_control/controller_manager -DCMAKE_BUILD_TYPE=Release -DCMAKE_INSTALL_PREFIX=/home/gcerioni/ws_ur16/install/controller_manager
[2.352s] Invoking command in '/home/gcerioni/ws_ur16/build/controller_manager': AMENT_PREFIX_PATH=/home/gcerioni/ws_ur16/install/hardware_interface_testing:/home/gcerioni/ws_ur16/install/controller_interface:/home/gcerioni/ws_ur16/install/hardware_interface:/home/gcerioni/ws_ur16/install/ros2_control_test_assets:/home/gcerioni/ws_ur16/install/realtime_tools:/home/gcerioni/ws_ur16/install/controller_manager_msgs:/home/gcerioni/ws_ur16/install/control_msgs:${AMENT_PREFIX_PATH} CMAKE_PREFIX_PATH=/home/gcerioni/ws_ur16/install/hardware_interface_testing:/home/gcerioni/ws_ur16/install/controller_interface:/home/gcerioni/ws_ur16/install/hardware_interface:/home/gcerioni/ws_ur16/install/ros2_control_test_assets:/home/gcerioni/ws_ur16/install/realtime_tools:/home/gcerioni/ws_ur16/install/controller_manager_msgs:/home/gcerioni/ws_ur16/install/control_msgs:/opt/ros/humble LD_LIBRARY_PATH=/home/gcerioni/ws_ur16/install/hardware_interface_testing/lib:/home/gcerioni/ws_ur16/install/controller_interface/lib:/home/gcerioni/ws_ur16/install/hardware_interface/lib:/home/gcerioni/ws_ur16/install/realtime_tools/lib:/home/gcerioni/ws_ur16/install/controller_manager_msgs/lib:/home/gcerioni/ws_ur16/install/control_msgs/lib:${LD_LIBRARY_PATH} PYTHONPATH=/home/gcerioni/ws_ur16/install/controller_manager_msgs/local/lib/python3.10/dist-packages:/home/gcerioni/ws_ur16/install/control_msgs/local/lib/python3.10/dist-packages:${PYTHONPATH} /usr/bin/cmake --build /home/gcerioni/ws_ur16/build/controller_manager -- -j8 -l8
[2.399s] [  5%] [32mBuilding CXX object gmock/CMakeFiles/gmock.dir/opt/ros/humble/src/gtest_vendor/src/gtest-all.cc.o[0m
[2.399s] [  5%] [34m[1mGenerating controller_manager/version.h[0m
[2.399s] [  7%] [32mBuilding CXX object gmock/CMakeFiles/gmock_main.dir/src/gmock_main.cc.o[0m
[2.400s] [ 10%] [32mBuilding CXX object gmock/CMakeFiles/gmock.dir/src/gmock-all.cc.o[0m
[2.417s] [ 10%] Built target ament_generate_version_header__controller_manager
[2.445s] [ 10%] Built target ament_cmake_python_copy_controller_manager
[2.465s] [ 13%] [32mBuilding CXX object CMakeFiles/controller_manager.dir/src/controller_manager.cpp.o[0m
[3.546s] [ 15%] [32m[1mLinking CXX static library libgmock_main.a[0m
[3.604s] [ 15%] Built target gmock_main
[3.632s] [ 15%] Built target ament_cmake_python_copy_controller_manager_setup
[3.886s] running install_scripts
[3.889s] /usr/lib/python3/dist-packages/setuptools/command/install.py:34: SetuptoolsDeprecationWarning: setup.py install is deprecated. Use build and pip and other standards-based tools.
[3.889s]   warnings.warn(
[3.922s] running egg_info
[3.923s] creating controller_manager.egg-info
[3.924s] writing controller_manager.egg-info/PKG-INFO
[3.924s] writing dependency_links to controller_manager.egg-info/dependency_links.txt
[3.924s] writing entry points to controller_manager.egg-info/entry_points.txt
[3.924s] writing top-level names to controller_manager.egg-info/top_level.txt
[3.924s] writing manifest file 'controller_manager.egg-info/SOURCES.txt'
[3.927s] reading manifest file 'controller_manager.egg-info/SOURCES.txt'
[3.928s] writing manifest file 'controller_manager.egg-info/SOURCES.txt'
[3.930s] Installing hardware_spawner script to scripts
[3.930s] Installing spawner script to scripts
[3.930s] Installing unspawner script to scripts
[3.966s] running egg_info
[3.967s] writing controller_manager.egg-info/PKG-INFO
[3.967s] writing dependency_links to controller_manager.egg-info/dependency_links.txt
[3.967s] writing entry points to controller_manager.egg-info/entry_points.txt
[3.967s] writing top-level names to controller_manager.egg-info/top_level.txt
[3.971s] reading manifest file 'controller_manager.egg-info/SOURCES.txt'
[3.972s] writing manifest file 'controller_manager.egg-info/SOURCES.txt'
[3.980s] [ 15%] Built target ament_cmake_python_build_controller_manager_scripts
[4.003s] [ 15%] Built target ament_cmake_python_build_controller_manager_egg
[9.264s] [ 18%] [32m[1mLinking CXX static library libgmock.a[0m
[9.331s] [ 18%] Built target gmock
[28.526s] [ 21%] [32m[1mLinking CXX shared library libcontroller_manager.so[0m
[28.771s] [ 21%] Built target controller_manager
[28.796s] [ 23%] [32mBuilding CXX object CMakeFiles/ros2_control_node.dir/src/ros2_control_node.cpp.o[0m
[28.800s] [ 28%] [32mBuilding CXX object CMakeFiles/test_controller_manager_urdf_passing.dir/test/test_controller_manager_urdf_passing.cpp.o[0m
[28.800s] [ 28%] [32mBuilding CXX object CMakeFiles/test_controller.dir/test/test_controller/test_controller.cpp.o[0m
[28.800s] [ 31%] [32mBuilding CXX object CMakeFiles/test_controller_failed_init.dir/test/test_controller_failed_init/test_controller_failed_init.cpp.o[0m
[28.801s] [ 34%] [32mBuilding CXX object CMakeFiles/test_chainable_controller.dir/test/test_chainable_controller/test_chainable_controller.cpp.o[0m
[28.801s] [ 36%] [32mBuilding CXX object CMakeFiles/test_hardware_spawner.dir/test/test_hardware_spawner.cpp.o[0m
[28.804s] [ 39%] [32mBuilding CXX object CMakeFiles/test_controller_with_interfaces.dir/test/test_controller_with_interfaces/test_controller_with_interfaces.cpp.o[0m
[33.873s] [ 42%] [32m[1mLinking CXX shared library libtest_controller.so[0m
[34.102s] [ 42%] Built target test_controller
[34.139s] [ 44%] [32mBuilding CXX object CMakeFiles/test_controller_manager.dir/test/test_controller_manager.cpp.o[0m
[34.151s] [ 47%] [32mBuilding CXX object CMakeFiles/test_controller_manager_with_namespace.cpp.dir/test/test_controller_manager_with_namespace.cpp.o[0m
[34.979s] [ 50%] [32m[1mLinking CXX shared library libtest_controller_failed_init.so[0m
[35.018s] [ 52%] [32m[1mLinking CXX shared library libtest_controller_with_interfaces.so[0m
[35.184s] [ 52%] Built target test_controller_failed_init
[35.216s] [ 55%] [32mBuilding CXX object CMakeFiles/test_spawner_unspawner.dir/test/test_spawner_unspawner.cpp.o[0m
[35.226s] [ 55%] Built target test_controller_with_interfaces
[35.258s] [ 57%] [32mBuilding CXX object CMakeFiles/test_hardware_management_srvs.dir/test/test_hardware_management_srvs.cpp.o[0m
[36.335s] [ 60%] [32m[1mLinking CXX executable ros2_control_node[0m
[36.652s] [ 60%] Built target ros2_control_node
[36.685s] [ 63%] [32mBuilding CXX object CMakeFiles/test_load_controller.dir/test/test_load_controller.cpp.o[0m
[39.300s] [ 65%] [32m[1mLinking CXX executable test_controller_manager_urdf_passing[0m
[39.725s] [ 65%] Built target test_controller_manager_urdf_passing
[39.756s] [ 68%] [32mBuilding CXX object CMakeFiles/test_release_interfaces.dir/test/test_release_interfaces.cpp.o[0m
[41.274s] [ 71%] [32m[1mLinking CXX executable test_hardware_spawner[0m
[41.715s] [ 71%] Built target test_hardware_spawner
[44.821s] [ 73%] [32m[1mLinking CXX shared library libtest_chainable_controller.so[0m
[45.154s] [ 73%] Built target test_chainable_controller
[45.187s] [ 78%] [32mBuilding CXX object CMakeFiles/test_controllers_chaining_with_controller_manager.dir/test/test_controllers_chaining_with_controller_manager.cpp.o[0m
[45.188s] [ 78%] [32mBuilding CXX object CMakeFiles/test_controller_manager_srvs.dir/test/test_controller_manager_srvs.cpp.o[0m
[47.302s] [ 81%] [32m[1mLinking CXX executable test_hardware_management_srvs[0m
[47.785s] [ 81%] Built target test_hardware_management_srvs
[47.786s] [ 84%] [32m[1mLinking CXX executable test_controller_manager_with_namespace.cpp[0m
[48.376s] [ 84%] Built target test_controller_manager_with_namespace.cpp
[50.640s] [ 86%] [32m[1mLinking CXX executable test_release_interfaces[0m
[51.023s] [ 86%] Built target test_release_interfaces
[52.207s] [ 89%] [32m[1mLinking CXX executable test_controller_manager[0m
[52.544s] [ 89%] Built target test_controller_manager
[52.566s] [ 92%] [32m[1mLinking CXX executable test_load_controller[0m
[52.836s] [ 92%] Built target test_load_controller
[52.903s] [ 94%] [32m[1mLinking CXX executable test_spawner_unspawner[0m
[53.191s] [ 94%] Built target test_spawner_unspawner
[56.595s] [ 97%] [32m[1mLinking CXX executable test_controllers_chaining_with_controller_manager[0m
[56.837s] [ 97%] Built target test_controllers_chaining_with_controller_manager
[64.352s] [100%] [32m[1mLinking CXX executable test_controller_manager_srvs[0m
[64.694s] [100%] Built target test_controller_manager_srvs
[64.705s] Invoked command in '/home/gcerioni/ws_ur16/build/controller_manager' returned '0': AMENT_PREFIX_PATH=/home/gcerioni/ws_ur16/install/hardware_interface_testing:/home/gcerioni/ws_ur16/install/controller_interface:/home/gcerioni/ws_ur16/install/hardware_interface:/home/gcerioni/ws_ur16/install/ros2_control_test_assets:/home/gcerioni/ws_ur16/install/realtime_tools:/home/gcerioni/ws_ur16/install/controller_manager_msgs:/home/gcerioni/ws_ur16/install/control_msgs:${AMENT_PREFIX_PATH} CMAKE_PREFIX_PATH=/home/gcerioni/ws_ur16/install/hardware_interface_testing:/home/gcerioni/ws_ur16/install/controller_interface:/home/gcerioni/ws_ur16/install/hardware_interface:/home/gcerioni/ws_ur16/install/ros2_control_test_assets:/home/gcerioni/ws_ur16/install/realtime_tools:/home/gcerioni/ws_ur16/install/controller_manager_msgs:/home/gcerioni/ws_ur16/install/control_msgs:/opt/ros/humble LD_LIBRARY_PATH=/home/gcerioni/ws_ur16/install/hardware_interface_testing/lib:/home/gcerioni/ws_ur16/install/controller_interface/lib:/home/gcerioni/ws_ur16/install/hardware_interface/lib:/home/gcerioni/ws_ur16/install/realtime_tools/lib:/home/gcerioni/ws_ur16/install/controller_manager_msgs/lib:/home/gcerioni/ws_ur16/install/control_msgs/lib:${LD_LIBRARY_PATH} PYTHONPATH=/home/gcerioni/ws_ur16/install/controller_manager_msgs/local/lib/python3.10/dist-packages:/home/gcerioni/ws_ur16/install/control_msgs/local/lib/python3.10/dist-packages:${PYTHONPATH} /usr/bin/cmake --build /home/gcerioni/ws_ur16/build/controller_manager -- -j8 -l8
[64.707s] Invoking command in '/home/gcerioni/ws_ur16/build/controller_manager': AMENT_PREFIX_PATH=/home/gcerioni/ws_ur16/install/hardware_interface_testing:/home/gcerioni/ws_ur16/install/controller_interface:/home/gcerioni/ws_ur16/install/hardware_interface:/home/gcerioni/ws_ur16/install/ros2_control_test_assets:/home/gcerioni/ws_ur16/install/realtime_tools:/home/gcerioni/ws_ur16/install/controller_manager_msgs:/home/gcerioni/ws_ur16/install/control_msgs:${AMENT_PREFIX_PATH} CMAKE_PREFIX_PATH=/home/gcerioni/ws_ur16/install/hardware_interface_testing:/home/gcerioni/ws_ur16/install/controller_interface:/home/gcerioni/ws_ur16/install/hardware_interface:/home/gcerioni/ws_ur16/install/ros2_control_test_assets:/home/gcerioni/ws_ur16/install/realtime_tools:/home/gcerioni/ws_ur16/install/controller_manager_msgs:/home/gcerioni/ws_ur16/install/control_msgs:/opt/ros/humble LD_LIBRARY_PATH=/home/gcerioni/ws_ur16/install/hardware_interface_testing/lib:/home/gcerioni/ws_ur16/install/controller_interface/lib:/home/gcerioni/ws_ur16/install/hardware_interface/lib:/home/gcerioni/ws_ur16/install/realtime_tools/lib:/home/gcerioni/ws_ur16/install/controller_manager_msgs/lib:/home/gcerioni/ws_ur16/install/control_msgs/lib:${LD_LIBRARY_PATH} PYTHONPATH=/home/gcerioni/ws_ur16/install/controller_manager_msgs/local/lib/python3.10/dist-packages:/home/gcerioni/ws_ur16/install/control_msgs/local/lib/python3.10/dist-packages:${PYTHONPATH} /usr/bin/cmake --install /home/gcerioni/ws_ur16/build/controller_manager
[64.714s] -- Install configuration: "Release"
[64.714s] -- Installing: /home/gcerioni/ws_ur16/install/controller_manager/lib/libcontroller_manager.so
[64.717s] -- Set runtime path of "/home/gcerioni/ws_ur16/install/controller_manager/lib/libcontroller_manager.so" to ""
[64.717s] -- Installing: /home/gcerioni/ws_ur16/install/controller_manager/lib/controller_manager/ros2_control_node
[64.718s] -- Set runtime path of "/home/gcerioni/ws_ur16/install/controller_manager/lib/controller_manager/ros2_control_node" to ""
[64.718s] -- Installing: /home/gcerioni/ws_ur16/install/controller_manager/include
[64.718s] -- Installing: /home/gcerioni/ws_ur16/install/controller_manager/include/controller_manager
[64.718s] -- Installing: /home/gcerioni/ws_ur16/install/controller_manager/include/controller_manager/controller_spec.hpp
[64.718s] -- Installing: /home/gcerioni/ws_ur16/install/controller_manager/include/controller_manager/visibility_control.h
[64.718s] -- Installing: /home/gcerioni/ws_ur16/install/controller_manager/include/controller_manager/controller_manager.hpp
[64.718s] -- Installing: /home/gcerioni/ws_ur16/install/controller_manager/share/controller_manager/test/test_controller/test_controller.xml
[64.719s] -- Installing: /home/gcerioni/ws_ur16/install/controller_manager/lib/libtest_controller.so
[64.719s] -- Set runtime path of "/home/gcerioni/ws_ur16/install/controller_manager/lib/libtest_controller.so" to ""
[64.719s] -- Installing: /home/gcerioni/ws_ur16/install/controller_manager/share/controller_manager/test/test_controller_failed_init/test_controller_failed_init.xml
[64.719s] -- Installing: /home/gcerioni/ws_ur16/install/controller_manager/lib/libtest_controller_failed_init.so
[64.720s] -- Set runtime path of "/home/gcerioni/ws_ur16/install/controller_manager/lib/libtest_controller_failed_init.so" to ""
[64.720s] -- Installing: /home/gcerioni/ws_ur16/install/controller_manager/share/controller_manager/test/test_chainable_controller/test_chainable_controller.xml
[64.720s] -- Installing: /home/gcerioni/ws_ur16/install/controller_manager/lib/libtest_chainable_controller.so
[64.721s] -- Set runtime path of "/home/gcerioni/ws_ur16/install/controller_manager/lib/libtest_chainable_controller.so" to ""
[64.721s] -- Installing: /home/gcerioni/ws_ur16/install/controller_manager/share/controller_manager/test/test_controller_with_interfaces/test_controller_with_interfaces.xml
[64.722s] -- Installing: /home/gcerioni/ws_ur16/install/controller_manager/lib/libtest_controller_with_interfaces.so
[64.722s] -- Set runtime path of "/home/gcerioni/ws_ur16/install/controller_manager/lib/libtest_controller_with_interfaces.so" to ""
[64.722s] -- Installing: /home/gcerioni/ws_ur16/install/controller_manager/test/test_controller_spawner_with_type.yaml
[64.722s] -- Installing: /home/gcerioni/ws_ur16/install/controller_manager/test/test_controller_spawner_with_basic_controllers.yaml
[64.722s] -- Installing: /home/gcerioni/ws_ur16/install/controller_manager/test/test_controller_overriding_parameters.yaml
[64.722s] -- Installing: /home/gcerioni/ws_ur16/install/controller_manager/test/test_controller_spawner_wildcard_entries.yaml
[64.722s] -- Installing: /home/gcerioni/ws_ur16/install/controller_manager/test/test_controller_spawner_with_interfaces.yaml
[64.723s] -- Installing: /home/gcerioni/ws_ur16/install/controller_manager/test/test_ros2_control_node.yaml
[64.723s] -- Installing: /home/gcerioni/ws_ur16/install/controller_manager/share/controller_manager/environment/pythonpath.sh
[64.723s] -- Installing: /home/gcerioni/ws_ur16/install/controller_manager/share/controller_manager/environment/pythonpath.dsv
[64.723s] -- Installing: /home/gcerioni/ws_ur16/install/controller_manager/local/lib/python3.10/dist-packages/controller_manager-2.48.0-py3.10.egg-info
[64.723s] -- Installing: /home/gcerioni/ws_ur16/install/controller_manager/local/lib/python3.10/dist-packages/controller_manager-2.48.0-py3.10.egg-info/entry_points.txt
[64.723s] -- Installing: /home/gcerioni/ws_ur16/install/controller_manager/local/lib/python3.10/dist-packages/controller_manager-2.48.0-py3.10.egg-info/top_level.txt
[64.723s] -- Installing: /home/gcerioni/ws_ur16/install/controller_manager/local/lib/python3.10/dist-packages/controller_manager-2.48.0-py3.10.egg-info/SOURCES.txt
[64.723s] -- Installing: /home/gcerioni/ws_ur16/install/controller_manager/local/lib/python3.10/dist-packages/controller_manager-2.48.0-py3.10.egg-info/dependency_links.txt
[64.724s] -- Installing: /home/gcerioni/ws_ur16/install/controller_manager/local/lib/python3.10/dist-packages/controller_manager-2.48.0-py3.10.egg-info/PKG-INFO
[64.724s] -- Up-to-date: /home/gcerioni/ws_ur16/install/controller_manager/lib/controller_manager/
[64.724s] -- Installing: /home/gcerioni/ws_ur16/install/controller_manager/lib/controller_manager//unspawner
[64.724s] -- Installing: /home/gcerioni/ws_ur16/install/controller_manager/lib/controller_manager//spawner
[64.724s] -- Installing: /home/gcerioni/ws_ur16/install/controller_manager/lib/controller_manager//hardware_spawner
[64.724s] -- Installing: /home/gcerioni/ws_ur16/install/controller_manager/local/lib/python3.10/dist-packages/controller_manager
[64.724s] -- Installing: /home/gcerioni/ws_ur16/install/controller_manager/local/lib/python3.10/dist-packages/controller_manager/launch_utils.py
[64.724s] -- Installing: /home/gcerioni/ws_ur16/install/controller_manager/local/lib/python3.10/dist-packages/controller_manager/controller_manager_services.py
[64.724s] -- Installing: /home/gcerioni/ws_ur16/install/controller_manager/local/lib/python3.10/dist-packages/controller_manager/unspawner.py
[64.725s] -- Installing: /home/gcerioni/ws_ur16/install/controller_manager/local/lib/python3.10/dist-packages/controller_manager/spawner.py
[64.725s] -- Installing: /home/gcerioni/ws_ur16/install/controller_manager/local/lib/python3.10/dist-packages/controller_manager/hardware_spawner.py
[64.725s] -- Installing: /home/gcerioni/ws_ur16/install/controller_manager/local/lib/python3.10/dist-packages/controller_manager/__init__.py
[64.725s] -- Installing: /home/gcerioni/ws_ur16/install/controller_manager/local/lib/python3.10/dist-packages/controller_manager/test_utils.py
[64.773s] Listing '/home/gcerioni/ws_ur16/install/controller_manager/local/lib/python3.10/dist-packages/controller_manager'...
[64.773s] Compiling '/home/gcerioni/ws_ur16/install/controller_manager/local/lib/python3.10/dist-packages/controller_manager/__init__.py'...
[64.773s] Compiling '/home/gcerioni/ws_ur16/install/controller_manager/local/lib/python3.10/dist-packages/controller_manager/controller_manager_services.py'...
[64.773s] Compiling '/home/gcerioni/ws_ur16/install/controller_manager/local/lib/python3.10/dist-packages/controller_manager/hardware_spawner.py'...
[64.773s] Compiling '/home/gcerioni/ws_ur16/install/controller_manager/local/lib/python3.10/dist-packages/controller_manager/launch_utils.py'...
[64.773s] Compiling '/home/gcerioni/ws_ur16/install/controller_manager/local/lib/python3.10/dist-packages/controller_manager/spawner.py'...
[64.773s] Compiling '/home/gcerioni/ws_ur16/install/controller_manager/local/lib/python3.10/dist-packages/controller_manager/test_utils.py'...
[64.773s] Compiling '/home/gcerioni/ws_ur16/install/controller_manager/local/lib/python3.10/dist-packages/controller_manager/unspawner.py'...
[64.778s] -- Installing: /home/gcerioni/ws_ur16/install/controller_manager/share/controller_manager/environment/library_path.sh
[64.778s] -- Installing: /home/gcerioni/ws_ur16/install/controller_manager/share/controller_manager/environment/library_path.dsv
[64.779s] -- Installing: /home/gcerioni/ws_ur16/install/controller_manager/share/ament_index/resource_index/package_run_dependencies/controller_manager
[64.779s] -- Installing: /home/gcerioni/ws_ur16/install/controller_manager/share/ament_index/resource_index/parent_prefix_path/controller_manager
[64.779s] -- Installing: /home/gcerioni/ws_ur16/install/controller_manager/share/controller_manager/environment/ament_prefix_path.sh
[64.779s] -- Installing: /home/gcerioni/ws_ur16/install/controller_manager/share/controller_manager/environment/ament_prefix_path.dsv
[64.779s] -- Installing: /home/gcerioni/ws_ur16/install/controller_manager/share/controller_manager/environment/path.sh
[64.779s] -- Installing: /home/gcerioni/ws_ur16/install/controller_manager/share/controller_manager/environment/path.dsv
[64.779s] -- Installing: /home/gcerioni/ws_ur16/install/controller_manager/share/controller_manager/local_setup.bash
[64.780s] -- Installing: /home/gcerioni/ws_ur16/install/controller_manager/share/controller_manager/local_setup.sh
[64.780s] -- Installing: /home/gcerioni/ws_ur16/install/controller_manager/share/controller_manager/local_setup.zsh
[64.780s] -- Installing: /home/gcerioni/ws_ur16/install/controller_manager/share/controller_manager/local_setup.dsv
[64.780s] -- Installing: /home/gcerioni/ws_ur16/install/controller_manager/share/controller_manager/package.dsv
[64.780s] -- Installing: /home/gcerioni/ws_ur16/install/controller_manager/share/ament_index/resource_index/packages/controller_manager
[64.781s] -- Installing: /home/gcerioni/ws_ur16/install/controller_manager/share/ament_index/resource_index/controller_interface__pluginlib__plugin/controller_manager
[64.781s] -- Installing: /home/gcerioni/ws_ur16/install/controller_manager/share/controller_manager/cmake/ament_cmake_export_libraries-extras.cmake
[64.781s] -- Installing: /home/gcerioni/ws_ur16/install/controller_manager/share/controller_manager/cmake/ament_cmake_export_include_directories-extras.cmake
[64.781s] -- Installing: /home/gcerioni/ws_ur16/install/controller_manager/share/controller_manager/cmake/ament_cmake_export_dependencies-extras.cmake
[64.781s] -- Installing: /home/gcerioni/ws_ur16/install/controller_manager/share/controller_manager/cmake/controller_managerConfig.cmake
[64.781s] -- Installing: /home/gcerioni/ws_ur16/install/controller_manager/share/controller_manager/cmake/controller_managerConfig-version.cmake
[64.781s] -- Installing: /home/gcerioni/ws_ur16/install/controller_manager/share/controller_manager/package.xml
[64.782s] -- Installing: /home/gcerioni/ws_ur16/install/controller_manager/include/controller_manager/controller_manager/version.h
[64.784s] Invoked command in '/home/gcerioni/ws_ur16/build/controller_manager' returned '0': AMENT_PREFIX_PATH=/home/gcerioni/ws_ur16/install/hardware_interface_testing:/home/gcerioni/ws_ur16/install/controller_interface:/home/gcerioni/ws_ur16/install/hardware_interface:/home/gcerioni/ws_ur16/install/ros2_control_test_assets:/home/gcerioni/ws_ur16/install/realtime_tools:/home/gcerioni/ws_ur16/install/controller_manager_msgs:/home/gcerioni/ws_ur16/install/control_msgs:${AMENT_PREFIX_PATH} CMAKE_PREFIX_PATH=/home/gcerioni/ws_ur16/install/hardware_interface_testing:/home/gcerioni/ws_ur16/install/controller_interface:/home/gcerioni/ws_ur16/install/hardware_interface:/home/gcerioni/ws_ur16/install/ros2_control_test_assets:/home/gcerioni/ws_ur16/install/realtime_tools:/home/gcerioni/ws_ur16/install/controller_manager_msgs:/home/gcerioni/ws_ur16/install/control_msgs:/opt/ros/humble LD_LIBRARY_PATH=/home/gcerioni/ws_ur16/install/hardware_interface_testing/lib:/home/gcerioni/ws_ur16/install/controller_interface/lib:/home/gcerioni/ws_ur16/install/hardware_interface/lib:/home/gcerioni/ws_ur16/install/realtime_tools/lib:/home/gcerioni/ws_ur16/install/controller_manager_msgs/lib:/home/gcerioni/ws_ur16/install/control_msgs/lib:${LD_LIBRARY_PATH} PYTHONPATH=/home/gcerioni/ws_ur16/install/controller_manager_msgs/local/lib/python3.10/dist-packages:/home/gcerioni/ws_ur16/install/control_msgs/local/lib/python3.10/dist-packages:${PYTHONPATH} /usr/bin/cmake --install /home/gcerioni/ws_ur16/build/controller_manager
