[0.049s] Invoking command in '/home/gcerioni/ws_ur16/build/steering_controllers_library': AMENT_PREFIX_PATH=/home/gcerioni/ws_ur16/install/controller_manager:/home/gcerioni/ws_ur16/install/hardware_interface_testing:/home/gcerioni/ws_ur16/install/controller_interface:/home/gcerioni/ws_ur16/install/hardware_interface:/home/gcerioni/ws_ur16/install/ros2_control_test_assets:/home/gcerioni/ws_ur16/install/realtime_tools:/home/gcerioni/ws_ur16/install/controller_manager_msgs:/home/gcerioni/ws_ur16/install/control_msgs:${AMENT_PREFIX_PATH} CMAKE_PREFIX_PATH=/home/gcerioni/ws_ur16/install/controller_manager:/home/gcerioni/ws_ur16/install/hardware_interface_testing:/home/gcerioni/ws_ur16/install/controller_interface:/home/gcerioni/ws_ur16/install/hardware_interface:/home/gcerioni/ws_ur16/install/ros2_control_test_assets:/home/gcerioni/ws_ur16/install/realtime_tools:/home/gcerioni/ws_ur16/install/controller_manager_msgs:/home/gcerioni/ws_ur16/install/control_msgs:/opt/ros/humble LD_LIBRARY_PATH=/home/gcerioni/ws_ur16/install/controller_manager/lib:/home/gcerioni/ws_ur16/install/hardware_interface_testing/lib:/home/gcerioni/ws_ur16/install/controller_interface/lib:/home/gcerioni/ws_ur16/install/hardware_interface/lib:/home/gcerioni/ws_ur16/install/realtime_tools/lib:/home/gcerioni/ws_ur16/install/controller_manager_msgs/lib:/home/gcerioni/ws_ur16/install/control_msgs/lib:${LD_LIBRARY_PATH} PYTHONPATH=/home/gcerioni/ws_ur16/install/controller_manager/local/lib/python3.10/dist-packages:/home/gcerioni/ws_ur16/install/controller_manager_msgs/local/lib/python3.10/dist-packages:/home/gcerioni/ws_ur16/install/control_msgs/local/lib/python3.10/dist-packages:${PYTHONPATH} /usr/bin/cmake --build /home/gcerioni/ws_ur16/build/steering_controllers_library -- -j8 -l8
[0.152s] [35m[1mConsolidate compiler generated dependencies of target gmock_main[0m
[0.152s] [35m[1mConsolidate compiler generated dependencies of target gmock[0m
[0.169s] [ 14%] Built target steering_controllers_library_parameters
[0.202s] [ 35%] Built target gmock
[0.204s] [35m[1mConsolidate compiler generated dependencies of target steering_controllers_library[0m
[0.204s] [ 50%] Built target gmock_main
[0.248s] [ 71%] Built target steering_controllers_library
[0.280s] [35m[1mConsolidate compiler generated dependencies of target test_steering_odometry[0m
[0.281s] [35m[1mConsolidate compiler generated dependencies of target test_steering_controllers_library[0m
[0.321s] [ 85%] Built target test_steering_odometry
[0.366s] [100%] Built target test_steering_controllers_library
[0.392s] Invoked command in '/home/gcerioni/ws_ur16/build/steering_controllers_library' returned '0': AMENT_PREFIX_PATH=/home/gcerioni/ws_ur16/install/controller_manager:/home/gcerioni/ws_ur16/install/hardware_interface_testing:/home/gcerioni/ws_ur16/install/controller_interface:/home/gcerioni/ws_ur16/install/hardware_interface:/home/gcerioni/ws_ur16/install/ros2_control_test_assets:/home/gcerioni/ws_ur16/install/realtime_tools:/home/gcerioni/ws_ur16/install/controller_manager_msgs:/home/gcerioni/ws_ur16/install/control_msgs:${AMENT_PREFIX_PATH} CMAKE_PREFIX_PATH=/home/gcerioni/ws_ur16/install/controller_manager:/home/gcerioni/ws_ur16/install/hardware_interface_testing:/home/gcerioni/ws_ur16/install/controller_interface:/home/gcerioni/ws_ur16/install/hardware_interface:/home/gcerioni/ws_ur16/install/ros2_control_test_assets:/home/gcerioni/ws_ur16/install/realtime_tools:/home/gcerioni/ws_ur16/install/controller_manager_msgs:/home/gcerioni/ws_ur16/install/control_msgs:/opt/ros/humble LD_LIBRARY_PATH=/home/gcerioni/ws_ur16/install/controller_manager/lib:/home/gcerioni/ws_ur16/install/hardware_interface_testing/lib:/home/gcerioni/ws_ur16/install/controller_interface/lib:/home/gcerioni/ws_ur16/install/hardware_interface/lib:/home/gcerioni/ws_ur16/install/realtime_tools/lib:/home/gcerioni/ws_ur16/install/controller_manager_msgs/lib:/home/gcerioni/ws_ur16/install/control_msgs/lib:${LD_LIBRARY_PATH} PYTHONPATH=/home/gcerioni/ws_ur16/install/controller_manager/local/lib/python3.10/dist-packages:/home/gcerioni/ws_ur16/install/controller_manager_msgs/local/lib/python3.10/dist-packages:/home/gcerioni/ws_ur16/install/control_msgs/local/lib/python3.10/dist-packages:${PYTHONPATH} /usr/bin/cmake --build /home/gcerioni/ws_ur16/build/steering_controllers_library -- -j8 -l8
[0.393s] Invoking command in '/home/gcerioni/ws_ur16/build/steering_controllers_library': AMENT_PREFIX_PATH=/home/gcerioni/ws_ur16/install/controller_manager:/home/gcerioni/ws_ur16/install/hardware_interface_testing:/home/gcerioni/ws_ur16/install/controller_interface:/home/gcerioni/ws_ur16/install/hardware_interface:/home/gcerioni/ws_ur16/install/ros2_control_test_assets:/home/gcerioni/ws_ur16/install/realtime_tools:/home/gcerioni/ws_ur16/install/controller_manager_msgs:/home/gcerioni/ws_ur16/install/control_msgs:${AMENT_PREFIX_PATH} CMAKE_PREFIX_PATH=/home/gcerioni/ws_ur16/install/controller_manager:/home/gcerioni/ws_ur16/install/hardware_interface_testing:/home/gcerioni/ws_ur16/install/controller_interface:/home/gcerioni/ws_ur16/install/hardware_interface:/home/gcerioni/ws_ur16/install/ros2_control_test_assets:/home/gcerioni/ws_ur16/install/realtime_tools:/home/gcerioni/ws_ur16/install/controller_manager_msgs:/home/gcerioni/ws_ur16/install/control_msgs:/opt/ros/humble LD_LIBRARY_PATH=/home/gcerioni/ws_ur16/install/controller_manager/lib:/home/gcerioni/ws_ur16/install/hardware_interface_testing/lib:/home/gcerioni/ws_ur16/install/controller_interface/lib:/home/gcerioni/ws_ur16/install/hardware_interface/lib:/home/gcerioni/ws_ur16/install/realtime_tools/lib:/home/gcerioni/ws_ur16/install/controller_manager_msgs/lib:/home/gcerioni/ws_ur16/install/control_msgs/lib:${LD_LIBRARY_PATH} PYTHONPATH=/home/gcerioni/ws_ur16/install/controller_manager/local/lib/python3.10/dist-packages:/home/gcerioni/ws_ur16/install/controller_manager_msgs/local/lib/python3.10/dist-packages:/home/gcerioni/ws_ur16/install/control_msgs/local/lib/python3.10/dist-packages:${PYTHONPATH} /usr/bin/cmake --install /home/gcerioni/ws_ur16/build/steering_controllers_library
[0.428s] -- Install configuration: "Release"
[0.428s] -- Up-to-date: /home/gcerioni/ws_ur16/install/steering_controllers_library/include/steering_controllers_library
[0.428s] -- Up-to-date: /home/gcerioni/ws_ur16/install/steering_controllers_library/include/steering_controllers_library/steering_controllers_library_parameters.hpp
[0.428s] -- Up-to-date: /home/gcerioni/ws_ur16/install/steering_controllers_library/include/steering_controllers_library
[0.428s] -- Up-to-date: /home/gcerioni/ws_ur16/install/steering_controllers_library/include/steering_controllers_library/steering_controllers_library
[0.429s] -- Up-to-date: /home/gcerioni/ws_ur16/install/steering_controllers_library/include/steering_controllers_library/steering_controllers_library/visibility_control.h
[0.429s] -- Up-to-date: /home/gcerioni/ws_ur16/install/steering_controllers_library/include/steering_controllers_library/steering_controllers_library/steering_odometry.hpp
[0.429s] -- Up-to-date: /home/gcerioni/ws_ur16/install/steering_controllers_library/include/steering_controllers_library/steering_controllers_library/steering_controllers_library.hpp
[0.429s] -- Up-to-date: /home/gcerioni/ws_ur16/install/steering_controllers_library/lib/libsteering_controllers_library.so
[0.429s] -- Up-to-date: /home/gcerioni/ws_ur16/install/steering_controllers_library/share/steering_controllers_library/environment/library_path.sh
[0.429s] -- Up-to-date: /home/gcerioni/ws_ur16/install/steering_controllers_library/share/steering_controllers_library/environment/library_path.dsv
[0.429s] -- Up-to-date: /home/gcerioni/ws_ur16/install/steering_controllers_library/share/ament_index/resource_index/package_run_dependencies/steering_controllers_library
[0.430s] -- Up-to-date: /home/gcerioni/ws_ur16/install/steering_controllers_library/share/ament_index/resource_index/parent_prefix_path/steering_controllers_library
[0.430s] -- Up-to-date: /home/gcerioni/ws_ur16/install/steering_controllers_library/share/steering_controllers_library/environment/ament_prefix_path.sh
[0.430s] -- Up-to-date: /home/gcerioni/ws_ur16/install/steering_controllers_library/share/steering_controllers_library/environment/ament_prefix_path.dsv
[0.430s] -- Up-to-date: /home/gcerioni/ws_ur16/install/steering_controllers_library/share/steering_controllers_library/environment/path.sh
[0.430s] -- Up-to-date: /home/gcerioni/ws_ur16/install/steering_controllers_library/share/steering_controllers_library/environment/path.dsv
[0.430s] -- Up-to-date: /home/gcerioni/ws_ur16/install/steering_controllers_library/share/steering_controllers_library/local_setup.bash
[0.431s] -- Up-to-date: /home/gcerioni/ws_ur16/install/steering_controllers_library/share/steering_controllers_library/local_setup.sh
[0.431s] -- Up-to-date: /home/gcerioni/ws_ur16/install/steering_controllers_library/share/steering_controllers_library/local_setup.zsh
[0.431s] -- Up-to-date: /home/gcerioni/ws_ur16/install/steering_controllers_library/share/steering_controllers_library/local_setup.dsv
[0.431s] -- Installing: /home/gcerioni/ws_ur16/install/steering_controllers_library/share/steering_controllers_library/package.dsv
[0.431s] -- Up-to-date: /home/gcerioni/ws_ur16/install/steering_controllers_library/share/ament_index/resource_index/packages/steering_controllers_library
[0.431s] -- Up-to-date: /home/gcerioni/ws_ur16/install/steering_controllers_library/share/steering_controllers_library/cmake/export_steering_controllers_libraryExport.cmake
[0.431s] -- Up-to-date: /home/gcerioni/ws_ur16/install/steering_controllers_library/share/steering_controllers_library/cmake/export_steering_controllers_libraryExport-release.cmake
[0.432s] -- Up-to-date: /home/gcerioni/ws_ur16/install/steering_controllers_library/share/steering_controllers_library/cmake/ament_cmake_export_dependencies-extras.cmake
[0.432s] -- Up-to-date: /home/gcerioni/ws_ur16/install/steering_controllers_library/share/steering_controllers_library/cmake/ament_cmake_export_targets-extras.cmake
[0.432s] -- Up-to-date: /home/gcerioni/ws_ur16/install/steering_controllers_library/share/steering_controllers_library/cmake/steering_controllers_libraryConfig.cmake
[0.432s] -- Up-to-date: /home/gcerioni/ws_ur16/install/steering_controllers_library/share/steering_controllers_library/cmake/steering_controllers_libraryConfig-version.cmake
[0.432s] -- Up-to-date: /home/gcerioni/ws_ur16/install/steering_controllers_library/share/steering_controllers_library/package.xml
[0.463s] Invoked command in '/home/gcerioni/ws_ur16/build/steering_controllers_library' returned '0': AMENT_PREFIX_PATH=/home/gcerioni/ws_ur16/install/controller_manager:/home/gcerioni/ws_ur16/install/hardware_interface_testing:/home/gcerioni/ws_ur16/install/controller_interface:/home/gcerioni/ws_ur16/install/hardware_interface:/home/gcerioni/ws_ur16/install/ros2_control_test_assets:/home/gcerioni/ws_ur16/install/realtime_tools:/home/gcerioni/ws_ur16/install/controller_manager_msgs:/home/gcerioni/ws_ur16/install/control_msgs:${AMENT_PREFIX_PATH} CMAKE_PREFIX_PATH=/home/gcerioni/ws_ur16/install/controller_manager:/home/gcerioni/ws_ur16/install/hardware_interface_testing:/home/gcerioni/ws_ur16/install/controller_interface:/home/gcerioni/ws_ur16/install/hardware_interface:/home/gcerioni/ws_ur16/install/ros2_control_test_assets:/home/gcerioni/ws_ur16/install/realtime_tools:/home/gcerioni/ws_ur16/install/controller_manager_msgs:/home/gcerioni/ws_ur16/install/control_msgs:/opt/ros/humble LD_LIBRARY_PATH=/home/gcerioni/ws_ur16/install/controller_manager/lib:/home/gcerioni/ws_ur16/install/hardware_interface_testing/lib:/home/gcerioni/ws_ur16/install/controller_interface/lib:/home/gcerioni/ws_ur16/install/hardware_interface/lib:/home/gcerioni/ws_ur16/install/realtime_tools/lib:/home/gcerioni/ws_ur16/install/controller_manager_msgs/lib:/home/gcerioni/ws_ur16/install/control_msgs/lib:${LD_LIBRARY_PATH} PYTHONPATH=/home/gcerioni/ws_ur16/install/controller_manager/local/lib/python3.10/dist-packages:/home/gcerioni/ws_ur16/install/controller_manager_msgs/local/lib/python3.10/dist-packages:/home/gcerioni/ws_ur16/install/control_msgs/local/lib/python3.10/dist-packages:${PYTHONPATH} /usr/bin/cmake --install /home/gcerioni/ws_ur16/build/steering_controllers_library
