[0.044s] Invoking command in '/home/gcerioni/ws_ur16/build/kinematics_interface': CMAKE_PREFIX_PATH=${CMAKE_PREFIX_PATH}:/home/gcerioni/ws_ur16/install/rqt_joint_trajectory_controller:/home/gcerioni/ws_ur16/install/rqt_controller_manager:/home/gcerioni/ws_ur16/install/ros2controlcli:/home/gcerioni/ws_ur16/install/ros2_controllers_test_nodes:/opt/ros/humble /usr/bin/cmake /home/gcerioni/ws_ur16/src/kinematics_interface/kinematics_interface -DCMAKE_INSTALL_PREFIX=/home/gcerioni/ws_ur16/install/kinematics_interface
[0.089s] -- Found ament_cmake: 1.3.11 (/opt/ros/humble/share/ament_cmake/cmake)
[0.353s] -- Found rclcpp: 16.0.11 (/opt/ros/humble/share/rclcpp/cmake)
[0.402s] -- Found rosidl_generator_c: 3.1.6 (/opt/ros/humble/share/rosidl_generator_c/cmake)
[0.406s] -- Found rosidl_adapter: 3.1.6 (/opt/ros/humble/share/rosidl_adapter/cmake)
[0.417s] -- Found rosidl_generator_cpp: 3.1.6 (/opt/ros/humble/share/rosidl_generator_cpp/cmake)
[0.437s] -- Using all available rosidl_typesupport_c: rosidl_typesupport_fastrtps_c;rosidl_typesupport_introspection_c
[0.466s] -- Using all available rosidl_typesupport_cpp: rosidl_typesupport_fastrtps_cpp;rosidl_typesupport_introspection_cpp
[0.523s] -- Found rmw_implementation_cmake: 6.1.2 (/opt/ros/humble/share/rmw_implementation_cmake/cmake)
[0.528s] -- Found rmw_fastrtps_cpp: 6.2.7 (/opt/ros/humble/share/rmw_fastrtps_cpp/cmake)
[0.838s] -- Using RMW implementation 'rmw_fastrtps_cpp' as default
[0.934s] -- Found rclcpp_lifecycle: 16.0.11 (/opt/ros/humble/share/rclcpp_lifecycle/cmake)
[1.097s] -- Configuring done
[1.116s] -- Generating done
[1.128s] -- Build files have been written to: /home/gcerioni/ws_ur16/build/kinematics_interface
[1.206s] Invoked command in '/home/gcerioni/ws_ur16/build/kinematics_interface' returned '0': CMAKE_PREFIX_PATH=${CMAKE_PREFIX_PATH}:/home/gcerioni/ws_ur16/install/rqt_joint_trajectory_controller:/home/gcerioni/ws_ur16/install/rqt_controller_manager:/home/gcerioni/ws_ur16/install/ros2controlcli:/home/gcerioni/ws_ur16/install/ros2_controllers_test_nodes:/opt/ros/humble /usr/bin/cmake /home/gcerioni/ws_ur16/src/kinematics_interface/kinematics_interface -DCMAKE_INSTALL_PREFIX=/home/gcerioni/ws_ur16/install/kinematics_interface
[1.206s] Invoking command in '/home/gcerioni/ws_ur16/build/kinematics_interface': CMAKE_PREFIX_PATH=${CMAKE_PREFIX_PATH}:/home/gcerioni/ws_ur16/install/rqt_joint_trajectory_controller:/home/gcerioni/ws_ur16/install/rqt_controller_manager:/home/gcerioni/ws_ur16/install/ros2controlcli:/home/gcerioni/ws_ur16/install/ros2_controllers_test_nodes:/opt/ros/humble /usr/bin/cmake --build /home/gcerioni/ws_ur16/build/kinematics_interface -- -j8 -l8
[1.534s] [35m[1mConsolidate compiler generated dependencies of target kinematics_interface[0m
[1.534s] [100%] Built target kinematics_interface
[1.550s] Invoked command in '/home/gcerioni/ws_ur16/build/kinematics_interface' returned '0': CMAKE_PREFIX_PATH=${CMAKE_PREFIX_PATH}:/home/gcerioni/ws_ur16/install/rqt_joint_trajectory_controller:/home/gcerioni/ws_ur16/install/rqt_controller_manager:/home/gcerioni/ws_ur16/install/ros2controlcli:/home/gcerioni/ws_ur16/install/ros2_controllers_test_nodes:/opt/ros/humble /usr/bin/cmake --build /home/gcerioni/ws_ur16/build/kinematics_interface -- -j8 -l8
[1.551s] Invoking command in '/home/gcerioni/ws_ur16/build/kinematics_interface': CMAKE_PREFIX_PATH=${CMAKE_PREFIX_PATH}:/home/gcerioni/ws_ur16/install/rqt_joint_trajectory_controller:/home/gcerioni/ws_ur16/install/rqt_controller_manager:/home/gcerioni/ws_ur16/install/ros2controlcli:/home/gcerioni/ws_ur16/install/ros2_controllers_test_nodes:/opt/ros/humble /usr/bin/cmake --install /home/gcerioni/ws_ur16/build/kinematics_interface
[1.848s] -- Install configuration: "Release"
[1.848s] -- Up-to-date: /home/gcerioni/ws_ur16/install/kinematics_interface/include/kinematics_interface
[1.848s] -- Up-to-date: /home/gcerioni/ws_ur16/install/kinematics_interface/include/kinematics_interface/kinematics_interface
[1.848s] -- Up-to-date: /home/gcerioni/ws_ur16/install/kinematics_interface/include/kinematics_interface/kinematics_interface/visibility_control.h
[1.848s] -- Up-to-date: /home/gcerioni/ws_ur16/install/kinematics_interface/include/kinematics_interface/kinematics_interface/kinematics_interface.hpp
[1.848s] -- Up-to-date: /home/gcerioni/ws_ur16/install/kinematics_interface/lib/libkinematics_interface.so
[1.849s] -- Up-to-date: /home/gcerioni/ws_ur16/install/kinematics_interface/share/kinematics_interface/environment/library_path.sh
[1.849s] -- Installing: /home/gcerioni/ws_ur16/install/kinematics_interface/share/kinematics_interface/environment/library_path.dsv
[1.849s] -- Up-to-date: /home/gcerioni/ws_ur16/install/kinematics_interface/share/ament_index/resource_index/package_run_dependencies/kinematics_interface
[1.849s] -- Installing: /home/gcerioni/ws_ur16/install/kinematics_interface/share/ament_index/resource_index/parent_prefix_path/kinematics_interface
[1.850s] -- Up-to-date: /home/gcerioni/ws_ur16/install/kinematics_interface/share/kinematics_interface/environment/ament_prefix_path.sh
[1.850s] -- Installing: /home/gcerioni/ws_ur16/install/kinematics_interface/share/kinematics_interface/environment/ament_prefix_path.dsv
[1.850s] -- Up-to-date: /home/gcerioni/ws_ur16/install/kinematics_interface/share/kinematics_interface/environment/path.sh
[1.850s] -- Installing: /home/gcerioni/ws_ur16/install/kinematics_interface/share/kinematics_interface/environment/path.dsv
[1.850s] -- Up-to-date: /home/gcerioni/ws_ur16/install/kinematics_interface/share/kinematics_interface/local_setup.bash
[1.854s] -- Up-to-date: /home/gcerioni/ws_ur16/install/kinematics_interface/share/kinematics_interface/local_setup.sh
[1.854s] -- Up-to-date: /home/gcerioni/ws_ur16/install/kinematics_interface/share/kinematics_interface/local_setup.zsh
[1.854s] -- Installing: /home/gcerioni/ws_ur16/install/kinematics_interface/share/kinematics_interface/local_setup.dsv
[1.854s] -- Installing: /home/gcerioni/ws_ur16/install/kinematics_interface/share/kinematics_interface/package.dsv
[1.855s] -- Up-to-date: /home/gcerioni/ws_ur16/install/kinematics_interface/share/ament_index/resource_index/packages/kinematics_interface
[1.855s] -- Up-to-date: /home/gcerioni/ws_ur16/install/kinematics_interface/share/kinematics_interface/cmake/export_kinematics_interfaceExport.cmake
[1.855s] -- Up-to-date: /home/gcerioni/ws_ur16/install/kinematics_interface/share/kinematics_interface/cmake/export_kinematics_interfaceExport-release.cmake
[1.855s] -- Up-to-date: /home/gcerioni/ws_ur16/install/kinematics_interface/share/kinematics_interface/cmake/ament_cmake_export_targets-extras.cmake
[1.855s] -- Up-to-date: /home/gcerioni/ws_ur16/install/kinematics_interface/share/kinematics_interface/cmake/ament_cmake_export_dependencies-extras.cmake
[1.855s] -- Up-to-date: /home/gcerioni/ws_ur16/install/kinematics_interface/share/kinematics_interface/cmake/kinematics_interfaceConfig.cmake
[1.855s] -- Up-to-date: /home/gcerioni/ws_ur16/install/kinematics_interface/share/kinematics_interface/cmake/kinematics_interfaceConfig-version.cmake
[1.855s] -- Up-to-date: /home/gcerioni/ws_ur16/install/kinematics_interface/share/kinematics_interface/package.xml
[1.871s] Invoked command in '/home/gcerioni/ws_ur16/build/kinematics_interface' returned '0': CMAKE_PREFIX_PATH=${CMAKE_PREFIX_PATH}:/home/gcerioni/ws_ur16/install/rqt_joint_trajectory_controller:/home/gcerioni/ws_ur16/install/rqt_controller_manager:/home/gcerioni/ws_ur16/install/ros2controlcli:/home/gcerioni/ws_ur16/install/ros2_controllers_test_nodes:/opt/ros/humble /usr/bin/cmake --install /home/gcerioni/ws_ur16/build/kinematics_interface
