[0.057s] Invoking command in '/home/gcerioni/ws_ur16/build/velocity_controllers': AMENT_PREFIX_PATH=/home/gcerioni/ws_ur16/install/forward_command_controller:/home/gcerioni/ws_ur16/install/controller_manager:/home/gcerioni/ws_ur16/install/hardware_interface_testing:/home/gcerioni/ws_ur16/install/controller_interface:/home/gcerioni/ws_ur16/install/hardware_interface:/home/gcerioni/ws_ur16/install/ros2_control_test_assets:/home/gcerioni/ws_ur16/install/realtime_tools:/home/gcerioni/ws_ur16/install/controller_manager_msgs:/home/gcerioni/ws_ur16/install/control_msgs:${AMENT_PREFIX_PATH} CMAKE_PREFIX_PATH=/home/gcerioni/ws_ur16/install/forward_command_controller:/home/gcerioni/ws_ur16/install/controller_manager:/home/gcerioni/ws_ur16/install/hardware_interface_testing:/home/gcerioni/ws_ur16/install/controller_interface:/home/gcerioni/ws_ur16/install/hardware_interface:/home/gcerioni/ws_ur16/install/ros2_control_test_assets:/home/gcerioni/ws_ur16/install/realtime_tools:/home/gcerioni/ws_ur16/install/controller_manager_msgs:/home/gcerioni/ws_ur16/install/control_msgs:/opt/ros/humble LD_LIBRARY_PATH=/home/gcerioni/ws_ur16/install/forward_command_controller/lib:/home/gcerioni/ws_ur16/install/controller_manager/lib:/home/gcerioni/ws_ur16/install/hardware_interface_testing/lib:/home/gcerioni/ws_ur16/install/controller_interface/lib:/home/gcerioni/ws_ur16/install/hardware_interface/lib:/home/gcerioni/ws_ur16/install/realtime_tools/lib:/home/gcerioni/ws_ur16/install/controller_manager_msgs/lib:/home/gcerioni/ws_ur16/install/control_msgs/lib:${LD_LIBRARY_PATH} PYTHONPATH=/home/gcerioni/ws_ur16/install/controller_manager/local/lib/python3.10/dist-packages:/home/gcerioni/ws_ur16/install/controller_manager_msgs/local/lib/python3.10/dist-packages:/home/gcerioni/ws_ur16/install/control_msgs/local/lib/python3.10/dist-packages:${PYTHONPATH} /usr/bin/cmake --build /home/gcerioni/ws_ur16/build/velocity_controllers -- -j8 -l8
[0.274s] [35m[1mConsolidate compiler generated dependencies of target gmock[0m
[0.275s] [35m[1mConsolidate compiler generated dependencies of target velocity_controllers[0m
[0.275s] [35m[1mConsolidate compiler generated dependencies of target gmock_main[0m
[0.275s] [ 18%] Built target velocity_controllers
[0.275s] [ 36%] Built target gmock_main
[0.275s] [ 63%] Built target gmock
[0.294s] [35m[1mConsolidate compiler generated dependencies of target test_joint_group_velocity_controller[0m
[0.304s] [35m[1mConsolidate compiler generated dependencies of target test_load_joint_group_velocity_controller[0m
[0.337s] [ 81%] Built target test_joint_group_velocity_controller
[0.364s] [100%] Built target test_load_joint_group_velocity_controller
[0.476s] Invoked command in '/home/gcerioni/ws_ur16/build/velocity_controllers' returned '0': AMENT_PREFIX_PATH=/home/gcerioni/ws_ur16/install/forward_command_controller:/home/gcerioni/ws_ur16/install/controller_manager:/home/gcerioni/ws_ur16/install/hardware_interface_testing:/home/gcerioni/ws_ur16/install/controller_interface:/home/gcerioni/ws_ur16/install/hardware_interface:/home/gcerioni/ws_ur16/install/ros2_control_test_assets:/home/gcerioni/ws_ur16/install/realtime_tools:/home/gcerioni/ws_ur16/install/controller_manager_msgs:/home/gcerioni/ws_ur16/install/control_msgs:${AMENT_PREFIX_PATH} CMAKE_PREFIX_PATH=/home/gcerioni/ws_ur16/install/forward_command_controller:/home/gcerioni/ws_ur16/install/controller_manager:/home/gcerioni/ws_ur16/install/hardware_interface_testing:/home/gcerioni/ws_ur16/install/controller_interface:/home/gcerioni/ws_ur16/install/hardware_interface:/home/gcerioni/ws_ur16/install/ros2_control_test_assets:/home/gcerioni/ws_ur16/install/realtime_tools:/home/gcerioni/ws_ur16/install/controller_manager_msgs:/home/gcerioni/ws_ur16/install/control_msgs:/opt/ros/humble LD_LIBRARY_PATH=/home/gcerioni/ws_ur16/install/forward_command_controller/lib:/home/gcerioni/ws_ur16/install/controller_manager/lib:/home/gcerioni/ws_ur16/install/hardware_interface_testing/lib:/home/gcerioni/ws_ur16/install/controller_interface/lib:/home/gcerioni/ws_ur16/install/hardware_interface/lib:/home/gcerioni/ws_ur16/install/realtime_tools/lib:/home/gcerioni/ws_ur16/install/controller_manager_msgs/lib:/home/gcerioni/ws_ur16/install/control_msgs/lib:${LD_LIBRARY_PATH} PYTHONPATH=/home/gcerioni/ws_ur16/install/controller_manager/local/lib/python3.10/dist-packages:/home/gcerioni/ws_ur16/install/controller_manager_msgs/local/lib/python3.10/dist-packages:/home/gcerioni/ws_ur16/install/control_msgs/local/lib/python3.10/dist-packages:${PYTHONPATH} /usr/bin/cmake --build /home/gcerioni/ws_ur16/build/velocity_controllers -- -j8 -l8
[0.481s] Invoking command in '/home/gcerioni/ws_ur16/build/velocity_controllers': AMENT_PREFIX_PATH=/home/gcerioni/ws_ur16/install/forward_command_controller:/home/gcerioni/ws_ur16/install/controller_manager:/home/gcerioni/ws_ur16/install/hardware_interface_testing:/home/gcerioni/ws_ur16/install/controller_interface:/home/gcerioni/ws_ur16/install/hardware_interface:/home/gcerioni/ws_ur16/install/ros2_control_test_assets:/home/gcerioni/ws_ur16/install/realtime_tools:/home/gcerioni/ws_ur16/install/controller_manager_msgs:/home/gcerioni/ws_ur16/install/control_msgs:${AMENT_PREFIX_PATH} CMAKE_PREFIX_PATH=/home/gcerioni/ws_ur16/install/forward_command_controller:/home/gcerioni/ws_ur16/install/controller_manager:/home/gcerioni/ws_ur16/install/hardware_interface_testing:/home/gcerioni/ws_ur16/install/controller_interface:/home/gcerioni/ws_ur16/install/hardware_interface:/home/gcerioni/ws_ur16/install/ros2_control_test_assets:/home/gcerioni/ws_ur16/install/realtime_tools:/home/gcerioni/ws_ur16/install/controller_manager_msgs:/home/gcerioni/ws_ur16/install/control_msgs:/opt/ros/humble LD_LIBRARY_PATH=/home/gcerioni/ws_ur16/install/forward_command_controller/lib:/home/gcerioni/ws_ur16/install/controller_manager/lib:/home/gcerioni/ws_ur16/install/hardware_interface_testing/lib:/home/gcerioni/ws_ur16/install/controller_interface/lib:/home/gcerioni/ws_ur16/install/hardware_interface/lib:/home/gcerioni/ws_ur16/install/realtime_tools/lib:/home/gcerioni/ws_ur16/install/controller_manager_msgs/lib:/home/gcerioni/ws_ur16/install/control_msgs/lib:${LD_LIBRARY_PATH} PYTHONPATH=/home/gcerioni/ws_ur16/install/controller_manager/local/lib/python3.10/dist-packages:/home/gcerioni/ws_ur16/install/controller_manager_msgs/local/lib/python3.10/dist-packages:/home/gcerioni/ws_ur16/install/control_msgs/local/lib/python3.10/dist-packages:${PYTHONPATH} /usr/bin/cmake --install /home/gcerioni/ws_ur16/build/velocity_controllers
[0.498s] -- Install configuration: "Release"
[0.499s] -- Up-to-date: /home/gcerioni/ws_ur16/install/velocity_controllers/share/velocity_controllers/velocity_controllers_plugins.xml
[0.499s] -- Up-to-date: /home/gcerioni/ws_ur16/install/velocity_controllers/include/velocity_controllers
[0.499s] -- Up-to-date: /home/gcerioni/ws_ur16/install/velocity_controllers/include/velocity_controllers/velocity_controllers
[0.499s] -- Up-to-date: /home/gcerioni/ws_ur16/install/velocity_controllers/include/velocity_controllers/velocity_controllers/joint_group_velocity_controller.hpp
[0.499s] -- Up-to-date: /home/gcerioni/ws_ur16/install/velocity_controllers/include/velocity_controllers/velocity_controllers/visibility_control.h
[0.499s] -- Up-to-date: /home/gcerioni/ws_ur16/install/velocity_controllers/lib/libvelocity_controllers.so
[0.502s] -- Up-to-date: /home/gcerioni/ws_ur16/install/velocity_controllers/share/velocity_controllers/environment/library_path.sh
[0.502s] -- Up-to-date: /home/gcerioni/ws_ur16/install/velocity_controllers/share/velocity_controllers/environment/library_path.dsv
[0.502s] -- Up-to-date: /home/gcerioni/ws_ur16/install/velocity_controllers/share/ament_index/resource_index/package_run_dependencies/velocity_controllers
[0.503s] -- Up-to-date: /home/gcerioni/ws_ur16/install/velocity_controllers/share/ament_index/resource_index/parent_prefix_path/velocity_controllers
[0.503s] -- Up-to-date: /home/gcerioni/ws_ur16/install/velocity_controllers/share/velocity_controllers/environment/ament_prefix_path.sh
[0.503s] -- Up-to-date: /home/gcerioni/ws_ur16/install/velocity_controllers/share/velocity_controllers/environment/ament_prefix_path.dsv
[0.503s] -- Up-to-date: /home/gcerioni/ws_ur16/install/velocity_controllers/share/velocity_controllers/environment/path.sh
[0.503s] -- Up-to-date: /home/gcerioni/ws_ur16/install/velocity_controllers/share/velocity_controllers/environment/path.dsv
[0.503s] -- Up-to-date: /home/gcerioni/ws_ur16/install/velocity_controllers/share/velocity_controllers/local_setup.bash
[0.503s] -- Up-to-date: /home/gcerioni/ws_ur16/install/velocity_controllers/share/velocity_controllers/local_setup.sh
[0.503s] -- Up-to-date: /home/gcerioni/ws_ur16/install/velocity_controllers/share/velocity_controllers/local_setup.zsh
[0.503s] -- Up-to-date: /home/gcerioni/ws_ur16/install/velocity_controllers/share/velocity_controllers/local_setup.dsv
[0.503s] -- Installing: /home/gcerioni/ws_ur16/install/velocity_controllers/share/velocity_controllers/package.dsv
[0.503s] -- Up-to-date: /home/gcerioni/ws_ur16/install/velocity_controllers/share/ament_index/resource_index/packages/velocity_controllers
[0.504s] -- Up-to-date: /home/gcerioni/ws_ur16/install/velocity_controllers/share/ament_index/resource_index/controller_interface__pluginlib__plugin/velocity_controllers
[0.504s] -- Up-to-date: /home/gcerioni/ws_ur16/install/velocity_controllers/share/velocity_controllers/cmake/export_velocity_controllersExport.cmake
[0.504s] -- Up-to-date: /home/gcerioni/ws_ur16/install/velocity_controllers/share/velocity_controllers/cmake/export_velocity_controllersExport-release.cmake
[0.504s] -- Up-to-date: /home/gcerioni/ws_ur16/install/velocity_controllers/share/velocity_controllers/cmake/ament_cmake_export_targets-extras.cmake
[0.504s] -- Up-to-date: /home/gcerioni/ws_ur16/install/velocity_controllers/share/velocity_controllers/cmake/ament_cmake_export_dependencies-extras.cmake
[0.504s] -- Up-to-date: /home/gcerioni/ws_ur16/install/velocity_controllers/share/velocity_controllers/cmake/velocity_controllersConfig.cmake
[0.504s] -- Up-to-date: /home/gcerioni/ws_ur16/install/velocity_controllers/share/velocity_controllers/cmake/velocity_controllersConfig-version.cmake
[0.504s] -- Up-to-date: /home/gcerioni/ws_ur16/install/velocity_controllers/share/velocity_controllers/package.xml
[0.582s] Invoked command in '/home/gcerioni/ws_ur16/build/velocity_controllers' returned '0': AMENT_PREFIX_PATH=/home/gcerioni/ws_ur16/install/forward_command_controller:/home/gcerioni/ws_ur16/install/controller_manager:/home/gcerioni/ws_ur16/install/hardware_interface_testing:/home/gcerioni/ws_ur16/install/controller_interface:/home/gcerioni/ws_ur16/install/hardware_interface:/home/gcerioni/ws_ur16/install/ros2_control_test_assets:/home/gcerioni/ws_ur16/install/realtime_tools:/home/gcerioni/ws_ur16/install/controller_manager_msgs:/home/gcerioni/ws_ur16/install/control_msgs:${AMENT_PREFIX_PATH} CMAKE_PREFIX_PATH=/home/gcerioni/ws_ur16/install/forward_command_controller:/home/gcerioni/ws_ur16/install/controller_manager:/home/gcerioni/ws_ur16/install/hardware_interface_testing:/home/gcerioni/ws_ur16/install/controller_interface:/home/gcerioni/ws_ur16/install/hardware_interface:/home/gcerioni/ws_ur16/install/ros2_control_test_assets:/home/gcerioni/ws_ur16/install/realtime_tools:/home/gcerioni/ws_ur16/install/controller_manager_msgs:/home/gcerioni/ws_ur16/install/control_msgs:/opt/ros/humble LD_LIBRARY_PATH=/home/gcerioni/ws_ur16/install/forward_command_controller/lib:/home/gcerioni/ws_ur16/install/controller_manager/lib:/home/gcerioni/ws_ur16/install/hardware_interface_testing/lib:/home/gcerioni/ws_ur16/install/controller_interface/lib:/home/gcerioni/ws_ur16/install/hardware_interface/lib:/home/gcerioni/ws_ur16/install/realtime_tools/lib:/home/gcerioni/ws_ur16/install/controller_manager_msgs/lib:/home/gcerioni/ws_ur16/install/control_msgs/lib:${LD_LIBRARY_PATH} PYTHONPATH=/home/gcerioni/ws_ur16/install/controller_manager/local/lib/python3.10/dist-packages:/home/gcerioni/ws_ur16/install/controller_manager_msgs/local/lib/python3.10/dist-packages:/home/gcerioni/ws_ur16/install/control_msgs/local/lib/python3.10/dist-packages:${PYTHONPATH} /usr/bin/cmake --install /home/gcerioni/ws_ur16/build/velocity_controllers
