[0.239s] Invoking command in '/home/gcerioni/ws_ur16/build/ur_controllers': CMAKE_PREFIX_PATH=/home/gcerioni/ws_ur16/install/joint_trajectory_controller:/home/gcerioni/ws_ur16/install/controller_manager:/home/gcerioni/ws_ur16/install/hardware_interface_testing:/home/gcerioni/ws_ur16/install/controller_interface:/home/gcerioni/ws_ur16/install/hardware_interface:/home/gcerioni/ws_ur16/install/control_toolbox:/home/gcerioni/ws_ur16/install/ur_msgs:/home/gcerioni/ws_ur16/install/ur_dashboard_msgs:/home/gcerioni/ws_ur16/install/ros2_control_test_assets:/home/gcerioni/ws_ur16/install/realtime_tools:/home/gcerioni/ws_ur16/install/controller_manager_msgs:/home/gcerioni/ws_ur16/install/control_msgs:/home/gcerioni/ws_ur16/install/ur:/home/gcerioni/ws_ur16/install/ur_calibration:/home/gcerioni/ws_ur16/install/ur_robot_driver:/home/gcerioni/ws_ur16/install/ur_bringup:/home/gcerioni/ws_ur16/install/ur_controllers:/home/gcerioni/ws_ur16/install/ros2_controllers:/home/gcerioni/ws_ur16/install/velocity_controllers:/home/gcerioni/ws_ur16/install/ur_moveit_config:/home/gcerioni/ws_ur16/install/ur_description:/home/gcerioni/ws_ur16/install/ur_client_library:/home/gcerioni/ws_ur16/install/tricycle_steering_controller:/home/gcerioni/ws_ur16/install/tricycle_controller:/home/gcerioni/ws_ur16/install/ros2_control:/home/gcerioni/ws_ur16/install/transmission_interface:/home/gcerioni/ws_ur16/install/bicycle_steering_controller:/home/gcerioni/ws_ur16/install/ackermann_steering_controller:/home/gcerioni/ws_ur16/install/steering_controllers_library:/home/gcerioni/ws_ur16/install/range_sensor_broadcaster:/home/gcerioni/ws_ur16/install/position_controllers:/home/gcerioni/ws_ur16/install/pose_broadcaster:/home/gcerioni/ws_ur16/install/pid_controller:/home/gcerioni/ws_ur16/install/mecanum_drive_controller:/home/gcerioni/ws_ur16/install/joint_state_broadcaster:/home/gcerioni/ws_ur16/install/imu_sensor_broadcaster:/home/gcerioni/ws_ur16/install/gripper_controllers:/home/gcerioni/ws_ur16/install/gpio_controllers:/home/gcerioni/ws_ur16/install/effort_controllers:/home/gcerioni/ws_ur16/install/forward_command_controller:/home/gcerioni/ws_ur16/install/force_torque_sensor_broadcaster:/home/gcerioni/ws_ur16/install/diff_drive_controller:/home/gcerioni/ws_ur16/install/admittance_controller:/home/gcerioni/ws_ur16/install/kinematics_interface_kdl:/home/gcerioni/ws_ur16/install/kinematics_interface:/home/gcerioni/ws_ur16/install/joint_limits:/home/gcerioni/ws_ur16/install/rqt_joint_trajectory_controller:/home/gcerioni/ws_ur16/install/rqt_controller_manager:/home/gcerioni/ws_ur16/install/ros2controlcli:/home/gcerioni/ws_ur16/install/ros2_controllers_test_nodes:/opt/ros/humble LD_LIBRARY_PATH=/home/gcerioni/ws_ur16/install/joint_trajectory_controller/lib:/home/gcerioni/ws_ur16/install/controller_manager/lib:/home/gcerioni/ws_ur16/install/hardware_interface_testing/lib:/home/gcerioni/ws_ur16/install/controller_interface/lib:/home/gcerioni/ws_ur16/install/hardware_interface/lib:/home/gcerioni/ws_ur16/install/control_toolbox/lib:/home/gcerioni/ws_ur16/install/ur_msgs/lib:/home/gcerioni/ws_ur16/install/ur_dashboard_msgs/lib:/home/gcerioni/ws_ur16/install/realtime_tools/lib:/home/gcerioni/ws_ur16/install/controller_manager_msgs/lib:/home/gcerioni/ws_ur16/install/control_msgs/lib:/home/gcerioni/ws_ur16/install/ur_robot_driver/lib:/home/gcerioni/ws_ur16/install/ur_controllers/lib:/home/gcerioni/ws_ur16/install/velocity_controllers/lib:/home/gcerioni/ws_ur16/install/ur_client_library/lib:/home/gcerioni/ws_ur16/install/tricycle_steering_controller/lib:/home/gcerioni/ws_ur16/install/tricycle_controller/lib:/home/gcerioni/ws_ur16/install/transmission_interface/lib:/home/gcerioni/ws_ur16/install/bicycle_steering_controller/lib:/home/gcerioni/ws_ur16/install/ackermann_steering_controller/lib:/home/gcerioni/ws_ur16/install/steering_controllers_library/lib:/home/gcerioni/ws_ur16/install/range_sensor_broadcaster/lib:/home/gcerioni/ws_ur16/install/position_controllers/lib:/home/gcerioni/ws_ur16/install/pose_broadcaster/lib:/home/gcerioni/ws_ur16/install/pid_controller/lib:/home/gcerioni/ws_ur16/install/mecanum_drive_controller/lib:/home/gcerioni/ws_ur16/install/joint_state_broadcaster/lib:/home/gcerioni/ws_ur16/install/imu_sensor_broadcaster/lib:/home/gcerioni/ws_ur16/install/gripper_controllers/lib:/home/gcerioni/ws_ur16/install/gpio_controllers/lib:/home/gcerioni/ws_ur16/install/effort_controllers/lib:/home/gcerioni/ws_ur16/install/forward_command_controller/lib:/home/gcerioni/ws_ur16/install/force_torque_sensor_broadcaster/lib:/home/gcerioni/ws_ur16/install/diff_drive_controller/lib:/home/gcerioni/ws_ur16/install/admittance_controller/lib:/home/gcerioni/ws_ur16/install/kinematics_interface_kdl/lib:/home/gcerioni/ws_ur16/install/kinematics_interface/lib:/home/gcerioni/ws_ur16/install/joint_limits/lib:/opt/ros/humble/opt/rviz_ogre_vendor/lib:/opt/ros/humble/lib/x86_64-linux-gnu:/opt/ros/humble/lib /usr/bin/cmake --build /home/gcerioni/ws_ur16/build/ur_controllers -- -j8 -l8
[0.429s] [35m[1mConsolidate compiler generated dependencies of target gmock_main[0m
[0.440s] [  6%] Built target speed_scaling_state_broadcaster_parameters
[0.442s] [ 12%] Built target scaled_joint_trajectory_controller_parameters
[0.467s] [ 19%] Built target gpio_controller_parameters
[0.488s] [ 25%] Built target ur_configuration_controller_parameters
[0.513s] [ 32%] Built target force_mode_controller_parameters
[0.524s] [ 38%] Built target freedrive_mode_controller_parameters
[0.536s] [ 45%] Built target passthrough_trajectory_controller_parameters
[0.543s] [35m[1mConsolidate compiler generated dependencies of target gmock[0m
[0.551s] [ 51%] Built target gmock_main
[0.627s] [35m[1mConsolidate compiler generated dependencies of target ur_controllers[0m
[0.630s] [ 61%] Built target gmock
[0.771s] [ 87%] Built target ur_controllers
[0.808s] [35m[1mConsolidate compiler generated dependencies of target test_load_freedrive_mode_controller[0m
[0.831s] [35m[1mConsolidate compiler generated dependencies of target test_load_force_mode_controller[0m
[0.890s] [ 93%] Built target test_load_freedrive_mode_controller
[0.920s] [100%] Built target test_load_force_mode_controller
[1.047s] Invoked command in '/home/gcerioni/ws_ur16/build/ur_controllers' returned '0': CMAKE_PREFIX_PATH=/home/gcerioni/ws_ur16/install/joint_trajectory_controller:/home/gcerioni/ws_ur16/install/controller_manager:/home/gcerioni/ws_ur16/install/hardware_interface_testing:/home/gcerioni/ws_ur16/install/controller_interface:/home/gcerioni/ws_ur16/install/hardware_interface:/home/gcerioni/ws_ur16/install/control_toolbox:/home/gcerioni/ws_ur16/install/ur_msgs:/home/gcerioni/ws_ur16/install/ur_dashboard_msgs:/home/gcerioni/ws_ur16/install/ros2_control_test_assets:/home/gcerioni/ws_ur16/install/realtime_tools:/home/gcerioni/ws_ur16/install/controller_manager_msgs:/home/gcerioni/ws_ur16/install/control_msgs:/home/gcerioni/ws_ur16/install/ur:/home/gcerioni/ws_ur16/install/ur_calibration:/home/gcerioni/ws_ur16/install/ur_robot_driver:/home/gcerioni/ws_ur16/install/ur_bringup:/home/gcerioni/ws_ur16/install/ur_controllers:/home/gcerioni/ws_ur16/install/ros2_controllers:/home/gcerioni/ws_ur16/install/velocity_controllers:/home/gcerioni/ws_ur16/install/ur_moveit_config:/home/gcerioni/ws_ur16/install/ur_description:/home/gcerioni/ws_ur16/install/ur_client_library:/home/gcerioni/ws_ur16/install/tricycle_steering_controller:/home/gcerioni/ws_ur16/install/tricycle_controller:/home/gcerioni/ws_ur16/install/ros2_control:/home/gcerioni/ws_ur16/install/transmission_interface:/home/gcerioni/ws_ur16/install/bicycle_steering_controller:/home/gcerioni/ws_ur16/install/ackermann_steering_controller:/home/gcerioni/ws_ur16/install/steering_controllers_library:/home/gcerioni/ws_ur16/install/range_sensor_broadcaster:/home/gcerioni/ws_ur16/install/position_controllers:/home/gcerioni/ws_ur16/install/pose_broadcaster:/home/gcerioni/ws_ur16/install/pid_controller:/home/gcerioni/ws_ur16/install/mecanum_drive_controller:/home/gcerioni/ws_ur16/install/joint_state_broadcaster:/home/gcerioni/ws_ur16/install/imu_sensor_broadcaster:/home/gcerioni/ws_ur16/install/gripper_controllers:/home/gcerioni/ws_ur16/install/gpio_controllers:/home/gcerioni/ws_ur16/install/effort_controllers:/home/gcerioni/ws_ur16/install/forward_command_controller:/home/gcerioni/ws_ur16/install/force_torque_sensor_broadcaster:/home/gcerioni/ws_ur16/install/diff_drive_controller:/home/gcerioni/ws_ur16/install/admittance_controller:/home/gcerioni/ws_ur16/install/kinematics_interface_kdl:/home/gcerioni/ws_ur16/install/kinematics_interface:/home/gcerioni/ws_ur16/install/joint_limits:/home/gcerioni/ws_ur16/install/rqt_joint_trajectory_controller:/home/gcerioni/ws_ur16/install/rqt_controller_manager:/home/gcerioni/ws_ur16/install/ros2controlcli:/home/gcerioni/ws_ur16/install/ros2_controllers_test_nodes:/opt/ros/humble LD_LIBRARY_PATH=/home/gcerioni/ws_ur16/install/joint_trajectory_controller/lib:/home/gcerioni/ws_ur16/install/controller_manager/lib:/home/gcerioni/ws_ur16/install/hardware_interface_testing/lib:/home/gcerioni/ws_ur16/install/controller_interface/lib:/home/gcerioni/ws_ur16/install/hardware_interface/lib:/home/gcerioni/ws_ur16/install/control_toolbox/lib:/home/gcerioni/ws_ur16/install/ur_msgs/lib:/home/gcerioni/ws_ur16/install/ur_dashboard_msgs/lib:/home/gcerioni/ws_ur16/install/realtime_tools/lib:/home/gcerioni/ws_ur16/install/controller_manager_msgs/lib:/home/gcerioni/ws_ur16/install/control_msgs/lib:/home/gcerioni/ws_ur16/install/ur_robot_driver/lib:/home/gcerioni/ws_ur16/install/ur_controllers/lib:/home/gcerioni/ws_ur16/install/velocity_controllers/lib:/home/gcerioni/ws_ur16/install/ur_client_library/lib:/home/gcerioni/ws_ur16/install/tricycle_steering_controller/lib:/home/gcerioni/ws_ur16/install/tricycle_controller/lib:/home/gcerioni/ws_ur16/install/transmission_interface/lib:/home/gcerioni/ws_ur16/install/bicycle_steering_controller/lib:/home/gcerioni/ws_ur16/install/ackermann_steering_controller/lib:/home/gcerioni/ws_ur16/install/steering_controllers_library/lib:/home/gcerioni/ws_ur16/install/range_sensor_broadcaster/lib:/home/gcerioni/ws_ur16/install/position_controllers/lib:/home/gcerioni/ws_ur16/install/pose_broadcaster/lib:/home/gcerioni/ws_ur16/install/pid_controller/lib:/home/gcerioni/ws_ur16/install/mecanum_drive_controller/lib:/home/gcerioni/ws_ur16/install/joint_state_broadcaster/lib:/home/gcerioni/ws_ur16/install/imu_sensor_broadcaster/lib:/home/gcerioni/ws_ur16/install/gripper_controllers/lib:/home/gcerioni/ws_ur16/install/gpio_controllers/lib:/home/gcerioni/ws_ur16/install/effort_controllers/lib:/home/gcerioni/ws_ur16/install/forward_command_controller/lib:/home/gcerioni/ws_ur16/install/force_torque_sensor_broadcaster/lib:/home/gcerioni/ws_ur16/install/diff_drive_controller/lib:/home/gcerioni/ws_ur16/install/admittance_controller/lib:/home/gcerioni/ws_ur16/install/kinematics_interface_kdl/lib:/home/gcerioni/ws_ur16/install/kinematics_interface/lib:/home/gcerioni/ws_ur16/install/joint_limits/lib:/opt/ros/humble/opt/rviz_ogre_vendor/lib:/opt/ros/humble/lib/x86_64-linux-gnu:/opt/ros/humble/lib /usr/bin/cmake --build /home/gcerioni/ws_ur16/build/ur_controllers -- -j8 -l8
[1.052s] Invoking command in '/home/gcerioni/ws_ur16/build/ur_controllers': CMAKE_PREFIX_PATH=/home/gcerioni/ws_ur16/install/joint_trajectory_controller:/home/gcerioni/ws_ur16/install/controller_manager:/home/gcerioni/ws_ur16/install/hardware_interface_testing:/home/gcerioni/ws_ur16/install/controller_interface:/home/gcerioni/ws_ur16/install/hardware_interface:/home/gcerioni/ws_ur16/install/control_toolbox:/home/gcerioni/ws_ur16/install/ur_msgs:/home/gcerioni/ws_ur16/install/ur_dashboard_msgs:/home/gcerioni/ws_ur16/install/ros2_control_test_assets:/home/gcerioni/ws_ur16/install/realtime_tools:/home/gcerioni/ws_ur16/install/controller_manager_msgs:/home/gcerioni/ws_ur16/install/control_msgs:/home/gcerioni/ws_ur16/install/ur:/home/gcerioni/ws_ur16/install/ur_calibration:/home/gcerioni/ws_ur16/install/ur_robot_driver:/home/gcerioni/ws_ur16/install/ur_bringup:/home/gcerioni/ws_ur16/install/ur_controllers:/home/gcerioni/ws_ur16/install/ros2_controllers:/home/gcerioni/ws_ur16/install/velocity_controllers:/home/gcerioni/ws_ur16/install/ur_moveit_config:/home/gcerioni/ws_ur16/install/ur_description:/home/gcerioni/ws_ur16/install/ur_client_library:/home/gcerioni/ws_ur16/install/tricycle_steering_controller:/home/gcerioni/ws_ur16/install/tricycle_controller:/home/gcerioni/ws_ur16/install/ros2_control:/home/gcerioni/ws_ur16/install/transmission_interface:/home/gcerioni/ws_ur16/install/bicycle_steering_controller:/home/gcerioni/ws_ur16/install/ackermann_steering_controller:/home/gcerioni/ws_ur16/install/steering_controllers_library:/home/gcerioni/ws_ur16/install/range_sensor_broadcaster:/home/gcerioni/ws_ur16/install/position_controllers:/home/gcerioni/ws_ur16/install/pose_broadcaster:/home/gcerioni/ws_ur16/install/pid_controller:/home/gcerioni/ws_ur16/install/mecanum_drive_controller:/home/gcerioni/ws_ur16/install/joint_state_broadcaster:/home/gcerioni/ws_ur16/install/imu_sensor_broadcaster:/home/gcerioni/ws_ur16/install/gripper_controllers:/home/gcerioni/ws_ur16/install/gpio_controllers:/home/gcerioni/ws_ur16/install/effort_controllers:/home/gcerioni/ws_ur16/install/forward_command_controller:/home/gcerioni/ws_ur16/install/force_torque_sensor_broadcaster:/home/gcerioni/ws_ur16/install/diff_drive_controller:/home/gcerioni/ws_ur16/install/admittance_controller:/home/gcerioni/ws_ur16/install/kinematics_interface_kdl:/home/gcerioni/ws_ur16/install/kinematics_interface:/home/gcerioni/ws_ur16/install/joint_limits:/home/gcerioni/ws_ur16/install/rqt_joint_trajectory_controller:/home/gcerioni/ws_ur16/install/rqt_controller_manager:/home/gcerioni/ws_ur16/install/ros2controlcli:/home/gcerioni/ws_ur16/install/ros2_controllers_test_nodes:/opt/ros/humble LD_LIBRARY_PATH=/home/gcerioni/ws_ur16/install/joint_trajectory_controller/lib:/home/gcerioni/ws_ur16/install/controller_manager/lib:/home/gcerioni/ws_ur16/install/hardware_interface_testing/lib:/home/gcerioni/ws_ur16/install/controller_interface/lib:/home/gcerioni/ws_ur16/install/hardware_interface/lib:/home/gcerioni/ws_ur16/install/control_toolbox/lib:/home/gcerioni/ws_ur16/install/ur_msgs/lib:/home/gcerioni/ws_ur16/install/ur_dashboard_msgs/lib:/home/gcerioni/ws_ur16/install/realtime_tools/lib:/home/gcerioni/ws_ur16/install/controller_manager_msgs/lib:/home/gcerioni/ws_ur16/install/control_msgs/lib:/home/gcerioni/ws_ur16/install/ur_robot_driver/lib:/home/gcerioni/ws_ur16/install/ur_controllers/lib:/home/gcerioni/ws_ur16/install/velocity_controllers/lib:/home/gcerioni/ws_ur16/install/ur_client_library/lib:/home/gcerioni/ws_ur16/install/tricycle_steering_controller/lib:/home/gcerioni/ws_ur16/install/tricycle_controller/lib:/home/gcerioni/ws_ur16/install/transmission_interface/lib:/home/gcerioni/ws_ur16/install/bicycle_steering_controller/lib:/home/gcerioni/ws_ur16/install/ackermann_steering_controller/lib:/home/gcerioni/ws_ur16/install/steering_controllers_library/lib:/home/gcerioni/ws_ur16/install/range_sensor_broadcaster/lib:/home/gcerioni/ws_ur16/install/position_controllers/lib:/home/gcerioni/ws_ur16/install/pose_broadcaster/lib:/home/gcerioni/ws_ur16/install/pid_controller/lib:/home/gcerioni/ws_ur16/install/mecanum_drive_controller/lib:/home/gcerioni/ws_ur16/install/joint_state_broadcaster/lib:/home/gcerioni/ws_ur16/install/imu_sensor_broadcaster/lib:/home/gcerioni/ws_ur16/install/gripper_controllers/lib:/home/gcerioni/ws_ur16/install/gpio_controllers/lib:/home/gcerioni/ws_ur16/install/effort_controllers/lib:/home/gcerioni/ws_ur16/install/forward_command_controller/lib:/home/gcerioni/ws_ur16/install/force_torque_sensor_broadcaster/lib:/home/gcerioni/ws_ur16/install/diff_drive_controller/lib:/home/gcerioni/ws_ur16/install/admittance_controller/lib:/home/gcerioni/ws_ur16/install/kinematics_interface_kdl/lib:/home/gcerioni/ws_ur16/install/kinematics_interface/lib:/home/gcerioni/ws_ur16/install/joint_limits/lib:/opt/ros/humble/opt/rviz_ogre_vendor/lib:/opt/ros/humble/lib/x86_64-linux-gnu:/opt/ros/humble/lib /usr/bin/cmake --install /home/gcerioni/ws_ur16/build/ur_controllers
[1.098s] -- Install configuration: "Release"
[1.098s] -- Up-to-date: /home/gcerioni/ws_ur16/install/ur_controllers/include/ur_controllers
[1.098s] -- Up-to-date: /home/gcerioni/ws_ur16/install/ur_controllers/include/ur_controllers/scaled_joint_trajectory_controller_parameters.hpp
[1.099s] -- Up-to-date: /home/gcerioni/ws_ur16/install/ur_controllers/include/ur_controllers/ur_configuration_controller_parameters.hpp
[1.099s] -- Up-to-date: /home/gcerioni/ws_ur16/install/ur_controllers/include/ur_controllers/passthrough_trajectory_controller_parameters.hpp
[1.099s] -- Up-to-date: /home/gcerioni/ws_ur16/install/ur_controllers/include/ur_controllers/gpio_controller_parameters.hpp
[1.099s] -- Up-to-date: /home/gcerioni/ws_ur16/install/ur_controllers/include/ur_controllers/freedrive_mode_controller_parameters.hpp
[1.099s] -- Up-to-date: /home/gcerioni/ws_ur16/install/ur_controllers/include/ur_controllers/speed_scaling_state_broadcaster_parameters.hpp
[1.099s] -- Up-to-date: /home/gcerioni/ws_ur16/install/ur_controllers/include/ur_controllers/force_mode_controller_parameters.hpp
[1.099s] -- Up-to-date: /home/gcerioni/ws_ur16/install/ur_controllers/include/ur_controllers
[1.099s] -- Up-to-date: /home/gcerioni/ws_ur16/install/ur_controllers/include/ur_controllers/scaled_joint_trajectory_controller_parameters.hpp
[1.099s] -- Up-to-date: /home/gcerioni/ws_ur16/install/ur_controllers/include/ur_controllers/ur_configuration_controller_parameters.hpp
[1.099s] -- Up-to-date: /home/gcerioni/ws_ur16/install/ur_controllers/include/ur_controllers/passthrough_trajectory_controller_parameters.hpp
[1.099s] -- Up-to-date: /home/gcerioni/ws_ur16/install/ur_controllers/include/ur_controllers/gpio_controller_parameters.hpp
[1.099s] -- Up-to-date: /home/gcerioni/ws_ur16/install/ur_controllers/include/ur_controllers/freedrive_mode_controller_parameters.hpp
[1.100s] -- Up-to-date: /home/gcerioni/ws_ur16/install/ur_controllers/include/ur_controllers/speed_scaling_state_broadcaster_parameters.hpp
[1.100s] -- Up-to-date: /home/gcerioni/ws_ur16/install/ur_controllers/include/ur_controllers/force_mode_controller_parameters.hpp
[1.100s] -- Up-to-date: /home/gcerioni/ws_ur16/install/ur_controllers/include/ur_controllers
[1.100s] -- Up-to-date: /home/gcerioni/ws_ur16/install/ur_controllers/include/ur_controllers/scaled_joint_trajectory_controller_parameters.hpp
[1.100s] -- Up-to-date: /home/gcerioni/ws_ur16/install/ur_controllers/include/ur_controllers/ur_configuration_controller_parameters.hpp
[1.100s] -- Up-to-date: /home/gcerioni/ws_ur16/install/ur_controllers/include/ur_controllers/passthrough_trajectory_controller_parameters.hpp
[1.100s] -- Up-to-date: /home/gcerioni/ws_ur16/install/ur_controllers/include/ur_controllers/gpio_controller_parameters.hpp
[1.100s] -- Up-to-date: /home/gcerioni/ws_ur16/install/ur_controllers/include/ur_controllers/freedrive_mode_controller_parameters.hpp
[1.100s] -- Up-to-date: /home/gcerioni/ws_ur16/install/ur_controllers/include/ur_controllers/speed_scaling_state_broadcaster_parameters.hpp
[1.100s] -- Up-to-date: /home/gcerioni/ws_ur16/install/ur_controllers/include/ur_controllers/force_mode_controller_parameters.hpp
[1.100s] -- Up-to-date: /home/gcerioni/ws_ur16/install/ur_controllers/include/ur_controllers
[1.101s] -- Up-to-date: /home/gcerioni/ws_ur16/install/ur_controllers/include/ur_controllers/scaled_joint_trajectory_controller_parameters.hpp
[1.101s] -- Up-to-date: /home/gcerioni/ws_ur16/install/ur_controllers/include/ur_controllers/ur_configuration_controller_parameters.hpp
[1.101s] -- Up-to-date: /home/gcerioni/ws_ur16/install/ur_controllers/include/ur_controllers/passthrough_trajectory_controller_parameters.hpp
[1.101s] -- Up-to-date: /home/gcerioni/ws_ur16/install/ur_controllers/include/ur_controllers/gpio_controller_parameters.hpp
[1.101s] -- Up-to-date: /home/gcerioni/ws_ur16/install/ur_controllers/include/ur_controllers/freedrive_mode_controller_parameters.hpp
[1.101s] -- Up-to-date: /home/gcerioni/ws_ur16/install/ur_controllers/include/ur_controllers/speed_scaling_state_broadcaster_parameters.hpp
[1.101s] -- Up-to-date: /home/gcerioni/ws_ur16/install/ur_controllers/include/ur_controllers/force_mode_controller_parameters.hpp
[1.101s] -- Up-to-date: /home/gcerioni/ws_ur16/install/ur_controllers/include/ur_controllers
[1.101s] -- Up-to-date: /home/gcerioni/ws_ur16/install/ur_controllers/include/ur_controllers/scaled_joint_trajectory_controller_parameters.hpp
[1.101s] -- Up-to-date: /home/gcerioni/ws_ur16/install/ur_controllers/include/ur_controllers/ur_configuration_controller_parameters.hpp
[1.101s] -- Up-to-date: /home/gcerioni/ws_ur16/install/ur_controllers/include/ur_controllers/passthrough_trajectory_controller_parameters.hpp
[1.105s] -- Up-to-date: /home/gcerioni/ws_ur16/install/ur_controllers/include/ur_controllers/gpio_controller_parameters.hpp
[1.105s] -- Up-to-date: /home/gcerioni/ws_ur16/install/ur_controllers/include/ur_controllers/freedrive_mode_controller_parameters.hpp
[1.106s] -- Up-to-date: /home/gcerioni/ws_ur16/install/ur_controllers/include/ur_controllers/speed_scaling_state_broadcaster_parameters.hpp
[1.106s] -- Up-to-date: /home/gcerioni/ws_ur16/install/ur_controllers/include/ur_controllers/force_mode_controller_parameters.hpp
[1.106s] -- Up-to-date: /home/gcerioni/ws_ur16/install/ur_controllers/include/ur_controllers
[1.106s] -- Up-to-date: /home/gcerioni/ws_ur16/install/ur_controllers/include/ur_controllers/scaled_joint_trajectory_controller_parameters.hpp
[1.107s] -- Up-to-date: /home/gcerioni/ws_ur16/install/ur_controllers/include/ur_controllers/ur_configuration_controller_parameters.hpp
[1.107s] -- Up-to-date: /home/gcerioni/ws_ur16/install/ur_controllers/include/ur_controllers/passthrough_trajectory_controller_parameters.hpp
[1.107s] -- Up-to-date: /home/gcerioni/ws_ur16/install/ur_controllers/include/ur_controllers/gpio_controller_parameters.hpp
[1.108s] -- Up-to-date: /home/gcerioni/ws_ur16/install/ur_controllers/include/ur_controllers/freedrive_mode_controller_parameters.hpp
[1.109s] -- Up-to-date: /home/gcerioni/ws_ur16/install/ur_controllers/include/ur_controllers/speed_scaling_state_broadcaster_parameters.hpp
[1.109s] -- Up-to-date: /home/gcerioni/ws_ur16/install/ur_controllers/include/ur_controllers/force_mode_controller_parameters.hpp
[1.109s] -- Up-to-date: /home/gcerioni/ws_ur16/install/ur_controllers/include/ur_controllers
[1.109s] -- Up-to-date: /home/gcerioni/ws_ur16/install/ur_controllers/include/ur_controllers/scaled_joint_trajectory_controller_parameters.hpp
[1.109s] -- Up-to-date: /home/gcerioni/ws_ur16/install/ur_controllers/include/ur_controllers/ur_configuration_controller_parameters.hpp
[1.110s] -- Up-to-date: /home/gcerioni/ws_ur16/install/ur_controllers/include/ur_controllers/passthrough_trajectory_controller_parameters.hpp
[1.110s] -- Up-to-date: /home/gcerioni/ws_ur16/install/ur_controllers/include/ur_controllers/gpio_controller_parameters.hpp
[1.110s] -- Up-to-date: /home/gcerioni/ws_ur16/install/ur_controllers/include/ur_controllers/freedrive_mode_controller_parameters.hpp
[1.112s] -- Up-to-date: /home/gcerioni/ws_ur16/install/ur_controllers/include/ur_controllers/speed_scaling_state_broadcaster_parameters.hpp
[1.112s] -- Up-to-date: /home/gcerioni/ws_ur16/install/ur_controllers/include/ur_controllers/force_mode_controller_parameters.hpp
[1.112s] -- Up-to-date: /home/gcerioni/ws_ur16/install/ur_controllers/share/ur_controllers/controller_plugins.xml
[1.112s] -- Up-to-date: /home/gcerioni/ws_ur16/install/ur_controllers/lib/libur_controllers.so
[1.113s] -- Up-to-date: /home/gcerioni/ws_ur16/install/ur_controllers/include
[1.113s] -- Up-to-date: /home/gcerioni/ws_ur16/install/ur_controllers/include/ur_controllers
[1.113s] -- Up-to-date: /home/gcerioni/ws_ur16/install/ur_controllers/include/ur_controllers/passthrough_trajectory_controller.hpp
[1.113s] -- Up-to-date: /home/gcerioni/ws_ur16/install/ur_controllers/include/ur_controllers/ur_configuration_controller.hpp
[1.113s] -- Up-to-date: /home/gcerioni/ws_ur16/install/ur_controllers/include/ur_controllers/force_mode_controller.hpp
[1.113s] -- Up-to-date: /home/gcerioni/ws_ur16/install/ur_controllers/include/ur_controllers/speed_scaling_state_broadcaster.hpp
[1.113s] -- Up-to-date: /home/gcerioni/ws_ur16/install/ur_controllers/include/ur_controllers/scaled_joint_trajectory_controller.hpp
[1.113s] -- Up-to-date: /home/gcerioni/ws_ur16/install/ur_controllers/include/ur_controllers/gpio_controller.hpp
[1.113s] -- Up-to-date: /home/gcerioni/ws_ur16/install/ur_controllers/include/ur_controllers/freedrive_mode_controller.hpp
[1.113s] -- Up-to-date: /home/gcerioni/ws_ur16/install/ur_controllers/share/ur_controllers/controller_plugins.xml
[1.113s] -- Up-to-date: /home/gcerioni/ws_ur16/install/ur_controllers/share/ur_controllers/environment/library_path.sh
[1.114s] -- Up-to-date: /home/gcerioni/ws_ur16/install/ur_controllers/share/ur_controllers/environment/library_path.dsv
[1.114s] -- Up-to-date: /home/gcerioni/ws_ur16/install/ur_controllers/share/ament_index/resource_index/package_run_dependencies/ur_controllers
[1.114s] -- Up-to-date: /home/gcerioni/ws_ur16/install/ur_controllers/share/ament_index/resource_index/parent_prefix_path/ur_controllers
[1.114s] -- Up-to-date: /home/gcerioni/ws_ur16/install/ur_controllers/share/ur_controllers/environment/ament_prefix_path.sh
[1.115s] -- Up-to-date: /home/gcerioni/ws_ur16/install/ur_controllers/share/ur_controllers/environment/ament_prefix_path.dsv
[1.115s] -- Up-to-date: /home/gcerioni/ws_ur16/install/ur_controllers/share/ur_controllers/environment/path.sh
[1.115s] -- Up-to-date: /home/gcerioni/ws_ur16/install/ur_controllers/share/ur_controllers/environment/path.dsv
[1.115s] -- Up-to-date: /home/gcerioni/ws_ur16/install/ur_controllers/share/ur_controllers/local_setup.bash
[1.115s] -- Up-to-date: /home/gcerioni/ws_ur16/install/ur_controllers/share/ur_controllers/local_setup.sh
[1.115s] -- Up-to-date: /home/gcerioni/ws_ur16/install/ur_controllers/share/ur_controllers/local_setup.zsh
[1.115s] -- Up-to-date: /home/gcerioni/ws_ur16/install/ur_controllers/share/ur_controllers/local_setup.dsv
[1.115s] -- Installing: /home/gcerioni/ws_ur16/install/ur_controllers/share/ur_controllers/package.dsv
[1.116s] -- Up-to-date: /home/gcerioni/ws_ur16/install/ur_controllers/share/ament_index/resource_index/packages/ur_controllers
[1.116s] -- Up-to-date: /home/gcerioni/ws_ur16/install/ur_controllers/share/ament_index/resource_index/controller_interface__pluginlib__plugin/ur_controllers
[1.116s] -- Up-to-date: /home/gcerioni/ws_ur16/install/ur_controllers/share/ur_controllers/cmake/ament_cmake_export_dependencies-extras.cmake
[1.116s] -- Up-to-date: /home/gcerioni/ws_ur16/install/ur_controllers/share/ur_controllers/cmake/ament_cmake_export_include_directories-extras.cmake
[1.116s] -- Up-to-date: /home/gcerioni/ws_ur16/install/ur_controllers/share/ur_controllers/cmake/ament_cmake_export_libraries-extras.cmake
[1.116s] -- Up-to-date: /home/gcerioni/ws_ur16/install/ur_controllers/share/ur_controllers/cmake/ur_controllersConfig.cmake
[1.116s] -- Up-to-date: /home/gcerioni/ws_ur16/install/ur_controllers/share/ur_controllers/cmake/ur_controllersConfig-version.cmake
[1.116s] -- Up-to-date: /home/gcerioni/ws_ur16/install/ur_controllers/share/ur_controllers/package.xml
[1.547s] Invoked command in '/home/gcerioni/ws_ur16/build/ur_controllers' returned '0': CMAKE_PREFIX_PATH=/home/gcerioni/ws_ur16/install/joint_trajectory_controller:/home/gcerioni/ws_ur16/install/controller_manager:/home/gcerioni/ws_ur16/install/hardware_interface_testing:/home/gcerioni/ws_ur16/install/controller_interface:/home/gcerioni/ws_ur16/install/hardware_interface:/home/gcerioni/ws_ur16/install/control_toolbox:/home/gcerioni/ws_ur16/install/ur_msgs:/home/gcerioni/ws_ur16/install/ur_dashboard_msgs:/home/gcerioni/ws_ur16/install/ros2_control_test_assets:/home/gcerioni/ws_ur16/install/realtime_tools:/home/gcerioni/ws_ur16/install/controller_manager_msgs:/home/gcerioni/ws_ur16/install/control_msgs:/home/gcerioni/ws_ur16/install/ur:/home/gcerioni/ws_ur16/install/ur_calibration:/home/gcerioni/ws_ur16/install/ur_robot_driver:/home/gcerioni/ws_ur16/install/ur_bringup:/home/gcerioni/ws_ur16/install/ur_controllers:/home/gcerioni/ws_ur16/install/ros2_controllers:/home/gcerioni/ws_ur16/install/velocity_controllers:/home/gcerioni/ws_ur16/install/ur_moveit_config:/home/gcerioni/ws_ur16/install/ur_description:/home/gcerioni/ws_ur16/install/ur_client_library:/home/gcerioni/ws_ur16/install/tricycle_steering_controller:/home/gcerioni/ws_ur16/install/tricycle_controller:/home/gcerioni/ws_ur16/install/ros2_control:/home/gcerioni/ws_ur16/install/transmission_interface:/home/gcerioni/ws_ur16/install/bicycle_steering_controller:/home/gcerioni/ws_ur16/install/ackermann_steering_controller:/home/gcerioni/ws_ur16/install/steering_controllers_library:/home/gcerioni/ws_ur16/install/range_sensor_broadcaster:/home/gcerioni/ws_ur16/install/position_controllers:/home/gcerioni/ws_ur16/install/pose_broadcaster:/home/gcerioni/ws_ur16/install/pid_controller:/home/gcerioni/ws_ur16/install/mecanum_drive_controller:/home/gcerioni/ws_ur16/install/joint_state_broadcaster:/home/gcerioni/ws_ur16/install/imu_sensor_broadcaster:/home/gcerioni/ws_ur16/install/gripper_controllers:/home/gcerioni/ws_ur16/install/gpio_controllers:/home/gcerioni/ws_ur16/install/effort_controllers:/home/gcerioni/ws_ur16/install/forward_command_controller:/home/gcerioni/ws_ur16/install/force_torque_sensor_broadcaster:/home/gcerioni/ws_ur16/install/diff_drive_controller:/home/gcerioni/ws_ur16/install/admittance_controller:/home/gcerioni/ws_ur16/install/kinematics_interface_kdl:/home/gcerioni/ws_ur16/install/kinematics_interface:/home/gcerioni/ws_ur16/install/joint_limits:/home/gcerioni/ws_ur16/install/rqt_joint_trajectory_controller:/home/gcerioni/ws_ur16/install/rqt_controller_manager:/home/gcerioni/ws_ur16/install/ros2controlcli:/home/gcerioni/ws_ur16/install/ros2_controllers_test_nodes:/opt/ros/humble LD_LIBRARY_PATH=/home/gcerioni/ws_ur16/install/joint_trajectory_controller/lib:/home/gcerioni/ws_ur16/install/controller_manager/lib:/home/gcerioni/ws_ur16/install/hardware_interface_testing/lib:/home/gcerioni/ws_ur16/install/controller_interface/lib:/home/gcerioni/ws_ur16/install/hardware_interface/lib:/home/gcerioni/ws_ur16/install/control_toolbox/lib:/home/gcerioni/ws_ur16/install/ur_msgs/lib:/home/gcerioni/ws_ur16/install/ur_dashboard_msgs/lib:/home/gcerioni/ws_ur16/install/realtime_tools/lib:/home/gcerioni/ws_ur16/install/controller_manager_msgs/lib:/home/gcerioni/ws_ur16/install/control_msgs/lib:/home/gcerioni/ws_ur16/install/ur_robot_driver/lib:/home/gcerioni/ws_ur16/install/ur_controllers/lib:/home/gcerioni/ws_ur16/install/velocity_controllers/lib:/home/gcerioni/ws_ur16/install/ur_client_library/lib:/home/gcerioni/ws_ur16/install/tricycle_steering_controller/lib:/home/gcerioni/ws_ur16/install/tricycle_controller/lib:/home/gcerioni/ws_ur16/install/transmission_interface/lib:/home/gcerioni/ws_ur16/install/bicycle_steering_controller/lib:/home/gcerioni/ws_ur16/install/ackermann_steering_controller/lib:/home/gcerioni/ws_ur16/install/steering_controllers_library/lib:/home/gcerioni/ws_ur16/install/range_sensor_broadcaster/lib:/home/gcerioni/ws_ur16/install/position_controllers/lib:/home/gcerioni/ws_ur16/install/pose_broadcaster/lib:/home/gcerioni/ws_ur16/install/pid_controller/lib:/home/gcerioni/ws_ur16/install/mecanum_drive_controller/lib:/home/gcerioni/ws_ur16/install/joint_state_broadcaster/lib:/home/gcerioni/ws_ur16/install/imu_sensor_broadcaster/lib:/home/gcerioni/ws_ur16/install/gripper_controllers/lib:/home/gcerioni/ws_ur16/install/gpio_controllers/lib:/home/gcerioni/ws_ur16/install/effort_controllers/lib:/home/gcerioni/ws_ur16/install/forward_command_controller/lib:/home/gcerioni/ws_ur16/install/force_torque_sensor_broadcaster/lib:/home/gcerioni/ws_ur16/install/diff_drive_controller/lib:/home/gcerioni/ws_ur16/install/admittance_controller/lib:/home/gcerioni/ws_ur16/install/kinematics_interface_kdl/lib:/home/gcerioni/ws_ur16/install/kinematics_interface/lib:/home/gcerioni/ws_ur16/install/joint_limits/lib:/opt/ros/humble/opt/rviz_ogre_vendor/lib:/opt/ros/humble/lib/x86_64-linux-gnu:/opt/ros/humble/lib /usr/bin/cmake --install /home/gcerioni/ws_ur16/build/ur_controllers
