[35m[1mConsolidate compiler generated dependencies of target gmock_main[0m
[35m[1mConsolidate compiler generated dependencies of target gtest_main[0m
[35m[1mConsolidate compiler generated dependencies of target gtest[0m
[  4%] Built target low_pass_filter_parameters
[35m[1mConsolidate compiler generated dependencies of target control_toolbox[0m
[35m[1mConsolidate compiler generated dependencies of target gmock[0m
[  8%] Built target exponential_filter_parameters
[ 12%] Built target rate_limiter_parameters
[ 16%] Built target gmock_main
[ 20%] Built target gtest_main
[ 25%] Built target gtest
[ 31%] Built target gmock
[35m[1mConsolidate compiler generated dependencies of target low_pass_filter[0m
[35m[1mConsolidate compiler generated dependencies of target rate_limiter[0m
[35m[1mConsolidate compiler generated dependencies of target exponential_filter[0m
[ 45%] Built target control_toolbox
[35m[1mConsolidate compiler generated dependencies of target pid_tests[0m
[35m[1mConsolidate compiler generated dependencies of target pid_publisher_tests[0m
[35m[1mConsolidate compiler generated dependencies of target pid_parameters_tests[0m
[35m[1mConsolidate compiler generated dependencies of target rate_limiter_tests[0m
[ 50%] Built target exponential_filter
[ 54%] Built target rate_limiter
[ 58%] Built target pid_tests
[35m[1mConsolidate compiler generated dependencies of target test_load_exponential_filter[0m
[ 62%] Built target low_pass_filter
[35m[1mConsolidate compiler generated dependencies of target test_exponential_filter[0m
[ 66%] Built target pid_publisher_tests
[35m[1mConsolidate compiler generated dependencies of target test_rate_limiter[0m
[ 70%] Built target rate_limiter_tests
[ 75%] Built target pid_parameters_tests
[35m[1mConsolidate compiler generated dependencies of target test_load_rate_limiter[0m
[35m[1mConsolidate compiler generated dependencies of target test_low_pass_filter[0m
[35m[1mConsolidate compiler generated dependencies of target test_load_low_pass_filter[0m
[ 79%] Built target test_load_exponential_filter
[ 83%] Built target test_rate_limiter
[ 87%] Built target test_exponential_filter
[ 91%] Built target test_load_rate_limiter
[ 95%] Built target test_low_pass_filter
[100%] Built target test_load_low_pass_filter
-- Install configuration: "Release"
-- Up-to-date: /home/gcerioni/ws_ur16/install/control_toolbox/include/control_toolbox
-- Up-to-date: /home/gcerioni/ws_ur16/install/control_toolbox/include/control_toolbox/rate_limiter_parameters.hpp
-- Up-to-date: /home/gcerioni/ws_ur16/install/control_toolbox/include/control_toolbox/custom_validators.hpp
-- Up-to-date: /home/gcerioni/ws_ur16/install/control_toolbox/include/control_toolbox/exponential_filter_parameters.hpp
-- Up-to-date: /home/gcerioni/ws_ur16/install/control_toolbox/include/control_toolbox/low_pass_filter_parameters.hpp
-- Up-to-date: /home/gcerioni/ws_ur16/install/control_toolbox/include/control_toolbox
-- Up-to-date: /home/gcerioni/ws_ur16/install/control_toolbox/include/control_toolbox/rate_limiter_parameters.hpp
-- Up-to-date: /home/gcerioni/ws_ur16/install/control_toolbox/include/control_toolbox/custom_validators.hpp
-- Up-to-date: /home/gcerioni/ws_ur16/install/control_toolbox/include/control_toolbox/exponential_filter_parameters.hpp
-- Up-to-date: /home/gcerioni/ws_ur16/install/control_toolbox/include/control_toolbox/low_pass_filter_parameters.hpp
-- Up-to-date: /home/gcerioni/ws_ur16/install/control_toolbox/include/control_toolbox
-- Up-to-date: /home/gcerioni/ws_ur16/install/control_toolbox/include/control_toolbox/rate_limiter_parameters.hpp
-- Up-to-date: /home/gcerioni/ws_ur16/install/control_toolbox/include/control_toolbox/custom_validators.hpp
-- Up-to-date: /home/gcerioni/ws_ur16/install/control_toolbox/include/control_toolbox/exponential_filter_parameters.hpp
-- Up-to-date: /home/gcerioni/ws_ur16/install/control_toolbox/include/control_toolbox/low_pass_filter_parameters.hpp
-- Up-to-date: /home/gcerioni/ws_ur16/install/control_toolbox/share/control_toolbox/control_filters.xml
-- Up-to-date: /home/gcerioni/ws_ur16/install/control_toolbox/include/control_toolbox
-- Up-to-date: /home/gcerioni/ws_ur16/install/control_toolbox/include/control_toolbox/control_filters
-- Up-to-date: /home/gcerioni/ws_ur16/install/control_toolbox/include/control_toolbox/control_filters/custom_validators.hpp
-- Up-to-date: /home/gcerioni/ws_ur16/install/control_toolbox/include/control_toolbox/control_filters/rate_limiter.hpp
-- Up-to-date: /home/gcerioni/ws_ur16/install/control_toolbox/include/control_toolbox/control_filters/exponential_filter.hpp
-- Up-to-date: /home/gcerioni/ws_ur16/install/control_toolbox/include/control_toolbox/control_filters/low_pass_filter.hpp
-- Up-to-date: /home/gcerioni/ws_ur16/install/control_toolbox/include/control_toolbox/control_toolbox
-- Up-to-date: /home/gcerioni/ws_ur16/install/control_toolbox/include/control_toolbox/control_toolbox/pid_ros.hpp
-- Up-to-date: /home/gcerioni/ws_ur16/install/control_toolbox/include/control_toolbox/control_toolbox/dither.hpp
-- Up-to-date: /home/gcerioni/ws_ur16/install/control_toolbox/include/control_toolbox/control_toolbox/rate_limiter.hpp
-- Up-to-date: /home/gcerioni/ws_ur16/install/control_toolbox/include/control_toolbox/control_toolbox/sinusoid.hpp
-- Up-to-date: /home/gcerioni/ws_ur16/install/control_toolbox/include/control_toolbox/control_toolbox/limited_proxy.hpp
-- Up-to-date: /home/gcerioni/ws_ur16/install/control_toolbox/include/control_toolbox/control_toolbox/filters.hpp
-- Up-to-date: /home/gcerioni/ws_ur16/install/control_toolbox/include/control_toolbox/control_toolbox/low_pass_filter.hpp
-- Up-to-date: /home/gcerioni/ws_ur16/install/control_toolbox/include/control_toolbox/control_toolbox/sine_sweep.hpp
-- Up-to-date: /home/gcerioni/ws_ur16/install/control_toolbox/include/control_toolbox/control_toolbox/pid.hpp
-- Up-to-date: /home/gcerioni/ws_ur16/install/control_toolbox/lib/libcontrol_toolbox.so
-- Up-to-date: /home/gcerioni/ws_ur16/install/control_toolbox/lib/liblow_pass_filter.so
-- Up-to-date: /home/gcerioni/ws_ur16/install/control_toolbox/lib/librate_limiter.so
-- Up-to-date: /home/gcerioni/ws_ur16/install/control_toolbox/lib/libexponential_filter.so
-- Up-to-date: /home/gcerioni/ws_ur16/install/control_toolbox/share/control_toolbox/environment/library_path.sh
-- Up-to-date: /home/gcerioni/ws_ur16/install/control_toolbox/share/control_toolbox/environment/library_path.dsv
-- Up-to-date: /home/gcerioni/ws_ur16/install/control_toolbox/share/ament_index/resource_index/package_run_dependencies/control_toolbox
-- Up-to-date: /home/gcerioni/ws_ur16/install/control_toolbox/share/ament_index/resource_index/parent_prefix_path/control_toolbox
-- Up-to-date: /home/gcerioni/ws_ur16/install/control_toolbox/share/control_toolbox/environment/ament_prefix_path.sh
-- Up-to-date: /home/gcerioni/ws_ur16/install/control_toolbox/share/control_toolbox/environment/ament_prefix_path.dsv
-- Up-to-date: /home/gcerioni/ws_ur16/install/control_toolbox/share/control_toolbox/environment/path.sh
-- Up-to-date: /home/gcerioni/ws_ur16/install/control_toolbox/share/control_toolbox/environment/path.dsv
-- Up-to-date: /home/gcerioni/ws_ur16/install/control_toolbox/share/control_toolbox/local_setup.bash
-- Up-to-date: /home/gcerioni/ws_ur16/install/control_toolbox/share/control_toolbox/local_setup.sh
-- Up-to-date: /home/gcerioni/ws_ur16/install/control_toolbox/share/control_toolbox/local_setup.zsh
-- Up-to-date: /home/gcerioni/ws_ur16/install/control_toolbox/share/control_toolbox/local_setup.dsv
-- Installing: /home/gcerioni/ws_ur16/install/control_toolbox/share/control_toolbox/package.dsv
-- Up-to-date: /home/gcerioni/ws_ur16/install/control_toolbox/share/ament_index/resource_index/packages/control_toolbox
-- Up-to-date: /home/gcerioni/ws_ur16/install/control_toolbox/share/ament_index/resource_index/filters__pluginlib__plugin/control_toolbox
-- Up-to-date: /home/gcerioni/ws_ur16/install/control_toolbox/share/control_toolbox/cmake/export_control_toolboxExport.cmake
-- Up-to-date: /home/gcerioni/ws_ur16/install/control_toolbox/share/control_toolbox/cmake/export_control_toolboxExport-release.cmake
-- Up-to-date: /home/gcerioni/ws_ur16/install/control_toolbox/share/control_toolbox/cmake/ament_cmake_export_dependencies-extras.cmake
-- Up-to-date: /home/gcerioni/ws_ur16/install/control_toolbox/share/control_toolbox/cmake/ament_cmake_export_targets-extras.cmake
-- Up-to-date: /home/gcerioni/ws_ur16/install/control_toolbox/share/control_toolbox/cmake/control_toolboxConfig.cmake
-- Up-to-date: /home/gcerioni/ws_ur16/install/control_toolbox/share/control_toolbox/cmake/control_toolboxConfig-version.cmake
-- Up-to-date: /home/gcerioni/ws_ur16/install/control_toolbox/share/control_toolbox/package.xml
