[0.080s] Invoking command in '/home/gcerioni/ws_ur16/build/control_toolbox': AMENT_PREFIX_PATH=/home/gcerioni/ws_ur16/install/realtime_tools:/home/gcerioni/ws_ur16/install/control_msgs:${AMENT_PREFIX_PATH} CMAKE_PREFIX_PATH=/home/gcerioni/ws_ur16/install/realtime_tools:/home/gcerioni/ws_ur16/install/control_msgs:/opt/ros/humble LD_LIBRARY_PATH=/home/gcerioni/ws_ur16/install/realtime_tools/lib:/home/gcerioni/ws_ur16/install/control_msgs/lib:${LD_LIBRARY_PATH} PYTHONPATH=/home/gcerioni/ws_ur16/install/control_msgs/local/lib/python3.10/dist-packages:${PYTHONPATH} /usr/bin/cmake --build /home/gcerioni/ws_ur16/build/control_toolbox -- -j8 -l8
[0.136s] [35m[1mConsolidate compiler generated dependencies of target gmock_main[0m
[0.139s] [35m[1mConsolidate compiler generated dependencies of target gtest_main[0m
[0.142s] [35m[1mConsolidate compiler generated dependencies of target gtest[0m
[0.151s] [  4%] Built target low_pass_filter_parameters
[0.151s] [35m[1mConsolidate compiler generated dependencies of target control_toolbox[0m
[0.151s] [35m[1mConsolidate compiler generated dependencies of target gmock[0m
[0.159s] [  8%] Built target exponential_filter_parameters
[0.160s] [ 12%] Built target rate_limiter_parameters
[0.163s] [ 16%] Built target gmock_main
[0.170s] [ 20%] Built target gtest_main
[0.170s] [ 25%] Built target gtest
[0.175s] [ 31%] Built target gmock
[0.175s] [35m[1mConsolidate compiler generated dependencies of target low_pass_filter[0m
[0.178s] [35m[1mConsolidate compiler generated dependencies of target rate_limiter[0m
[0.183s] [35m[1mConsolidate compiler generated dependencies of target exponential_filter[0m
[0.183s] [ 45%] Built target control_toolbox
[0.195s] [35m[1mConsolidate compiler generated dependencies of target pid_tests[0m
[0.202s] [35m[1mConsolidate compiler generated dependencies of target pid_publisher_tests[0m
[0.203s] [35m[1mConsolidate compiler generated dependencies of target pid_parameters_tests[0m
[0.205s] [35m[1mConsolidate compiler generated dependencies of target rate_limiter_tests[0m
[0.205s] [ 50%] Built target exponential_filter
[0.207s] [ 54%] Built target rate_limiter
[0.221s] [ 58%] Built target pid_tests
[0.221s] [35m[1mConsolidate compiler generated dependencies of target test_load_exponential_filter[0m
[0.222s] [ 62%] Built target low_pass_filter
[0.227s] [35m[1mConsolidate compiler generated dependencies of target test_exponential_filter[0m
[0.229s] [ 66%] Built target pid_publisher_tests
[0.230s] [35m[1mConsolidate compiler generated dependencies of target test_rate_limiter[0m
[0.237s] [ 70%] Built target rate_limiter_tests
[0.240s] [ 75%] Built target pid_parameters_tests
[0.247s] [35m[1mConsolidate compiler generated dependencies of target test_load_rate_limiter[0m
[0.247s] [35m[1mConsolidate compiler generated dependencies of target test_low_pass_filter[0m
[0.263s] [35m[1mConsolidate compiler generated dependencies of target test_load_low_pass_filter[0m
[0.263s] [ 79%] Built target test_load_exponential_filter
[0.263s] [ 83%] Built target test_rate_limiter
[0.264s] [ 87%] Built target test_exponential_filter
[0.271s] [ 91%] Built target test_load_rate_limiter
[0.275s] [ 95%] Built target test_low_pass_filter
[0.278s] [100%] Built target test_load_low_pass_filter
[0.289s] Invoked command in '/home/gcerioni/ws_ur16/build/control_toolbox' returned '0': AMENT_PREFIX_PATH=/home/gcerioni/ws_ur16/install/realtime_tools:/home/gcerioni/ws_ur16/install/control_msgs:${AMENT_PREFIX_PATH} CMAKE_PREFIX_PATH=/home/gcerioni/ws_ur16/install/realtime_tools:/home/gcerioni/ws_ur16/install/control_msgs:/opt/ros/humble LD_LIBRARY_PATH=/home/gcerioni/ws_ur16/install/realtime_tools/lib:/home/gcerioni/ws_ur16/install/control_msgs/lib:${LD_LIBRARY_PATH} PYTHONPATH=/home/gcerioni/ws_ur16/install/control_msgs/local/lib/python3.10/dist-packages:${PYTHONPATH} /usr/bin/cmake --build /home/gcerioni/ws_ur16/build/control_toolbox -- -j8 -l8
[0.291s] Invoking command in '/home/gcerioni/ws_ur16/build/control_toolbox': AMENT_PREFIX_PATH=/home/gcerioni/ws_ur16/install/realtime_tools:/home/gcerioni/ws_ur16/install/control_msgs:${AMENT_PREFIX_PATH} CMAKE_PREFIX_PATH=/home/gcerioni/ws_ur16/install/realtime_tools:/home/gcerioni/ws_ur16/install/control_msgs:/opt/ros/humble LD_LIBRARY_PATH=/home/gcerioni/ws_ur16/install/realtime_tools/lib:/home/gcerioni/ws_ur16/install/control_msgs/lib:${LD_LIBRARY_PATH} PYTHONPATH=/home/gcerioni/ws_ur16/install/control_msgs/local/lib/python3.10/dist-packages:${PYTHONPATH} /usr/bin/cmake --install /home/gcerioni/ws_ur16/build/control_toolbox
[0.303s] -- Install configuration: "Release"
[0.303s] -- Up-to-date: /home/gcerioni/ws_ur16/install/control_toolbox/include/control_toolbox
[0.303s] -- Up-to-date: /home/gcerioni/ws_ur16/install/control_toolbox/include/control_toolbox/rate_limiter_parameters.hpp
[0.303s] -- Up-to-date: /home/gcerioni/ws_ur16/install/control_toolbox/include/control_toolbox/custom_validators.hpp
[0.303s] -- Up-to-date: /home/gcerioni/ws_ur16/install/control_toolbox/include/control_toolbox/exponential_filter_parameters.hpp
[0.303s] -- Up-to-date: /home/gcerioni/ws_ur16/install/control_toolbox/include/control_toolbox/low_pass_filter_parameters.hpp
[0.303s] -- Up-to-date: /home/gcerioni/ws_ur16/install/control_toolbox/include/control_toolbox
[0.303s] -- Up-to-date: /home/gcerioni/ws_ur16/install/control_toolbox/include/control_toolbox/rate_limiter_parameters.hpp
[0.304s] -- Up-to-date: /home/gcerioni/ws_ur16/install/control_toolbox/include/control_toolbox/custom_validators.hpp
[0.304s] -- Up-to-date: /home/gcerioni/ws_ur16/install/control_toolbox/include/control_toolbox/exponential_filter_parameters.hpp
[0.304s] -- Up-to-date: /home/gcerioni/ws_ur16/install/control_toolbox/include/control_toolbox/low_pass_filter_parameters.hpp
[0.304s] -- Up-to-date: /home/gcerioni/ws_ur16/install/control_toolbox/include/control_toolbox
[0.304s] -- Up-to-date: /home/gcerioni/ws_ur16/install/control_toolbox/include/control_toolbox/rate_limiter_parameters.hpp
[0.304s] -- Up-to-date: /home/gcerioni/ws_ur16/install/control_toolbox/include/control_toolbox/custom_validators.hpp
[0.304s] -- Up-to-date: /home/gcerioni/ws_ur16/install/control_toolbox/include/control_toolbox/exponential_filter_parameters.hpp
[0.304s] -- Up-to-date: /home/gcerioni/ws_ur16/install/control_toolbox/include/control_toolbox/low_pass_filter_parameters.hpp
[0.304s] -- Up-to-date: /home/gcerioni/ws_ur16/install/control_toolbox/share/control_toolbox/control_filters.xml
[0.304s] -- Up-to-date: /home/gcerioni/ws_ur16/install/control_toolbox/include/control_toolbox
[0.305s] -- Up-to-date: /home/gcerioni/ws_ur16/install/control_toolbox/include/control_toolbox/control_filters
[0.306s] -- Up-to-date: /home/gcerioni/ws_ur16/install/control_toolbox/include/control_toolbox/control_filters/custom_validators.hpp
[0.306s] -- Up-to-date: /home/gcerioni/ws_ur16/install/control_toolbox/include/control_toolbox/control_filters/rate_limiter.hpp
[0.306s] -- Up-to-date: /home/gcerioni/ws_ur16/install/control_toolbox/include/control_toolbox/control_filters/exponential_filter.hpp
[0.306s] -- Up-to-date: /home/gcerioni/ws_ur16/install/control_toolbox/include/control_toolbox/control_filters/low_pass_filter.hpp
[0.306s] -- Up-to-date: /home/gcerioni/ws_ur16/install/control_toolbox/include/control_toolbox/control_toolbox
[0.306s] -- Up-to-date: /home/gcerioni/ws_ur16/install/control_toolbox/include/control_toolbox/control_toolbox/pid_ros.hpp
[0.307s] -- Up-to-date: /home/gcerioni/ws_ur16/install/control_toolbox/include/control_toolbox/control_toolbox/dither.hpp
[0.307s] -- Up-to-date: /home/gcerioni/ws_ur16/install/control_toolbox/include/control_toolbox/control_toolbox/rate_limiter.hpp
[0.307s] -- Up-to-date: /home/gcerioni/ws_ur16/install/control_toolbox/include/control_toolbox/control_toolbox/sinusoid.hpp
[0.307s] -- Up-to-date: /home/gcerioni/ws_ur16/install/control_toolbox/include/control_toolbox/control_toolbox/limited_proxy.hpp
[0.307s] -- Up-to-date: /home/gcerioni/ws_ur16/install/control_toolbox/include/control_toolbox/control_toolbox/filters.hpp
[0.307s] -- Up-to-date: /home/gcerioni/ws_ur16/install/control_toolbox/include/control_toolbox/control_toolbox/low_pass_filter.hpp
[0.307s] -- Up-to-date: /home/gcerioni/ws_ur16/install/control_toolbox/include/control_toolbox/control_toolbox/sine_sweep.hpp
[0.307s] -- Up-to-date: /home/gcerioni/ws_ur16/install/control_toolbox/include/control_toolbox/control_toolbox/pid.hpp
[0.308s] -- Up-to-date: /home/gcerioni/ws_ur16/install/control_toolbox/lib/libcontrol_toolbox.so
[0.308s] -- Up-to-date: /home/gcerioni/ws_ur16/install/control_toolbox/lib/liblow_pass_filter.so
[0.308s] -- Up-to-date: /home/gcerioni/ws_ur16/install/control_toolbox/lib/librate_limiter.so
[0.308s] -- Up-to-date: /home/gcerioni/ws_ur16/install/control_toolbox/lib/libexponential_filter.so
[0.308s] -- Up-to-date: /home/gcerioni/ws_ur16/install/control_toolbox/share/control_toolbox/environment/library_path.sh
[0.308s] -- Up-to-date: /home/gcerioni/ws_ur16/install/control_toolbox/share/control_toolbox/environment/library_path.dsv
[0.308s] -- Up-to-date: /home/gcerioni/ws_ur16/install/control_toolbox/share/ament_index/resource_index/package_run_dependencies/control_toolbox
[0.308s] -- Up-to-date: /home/gcerioni/ws_ur16/install/control_toolbox/share/ament_index/resource_index/parent_prefix_path/control_toolbox
[0.309s] -- Up-to-date: /home/gcerioni/ws_ur16/install/control_toolbox/share/control_toolbox/environment/ament_prefix_path.sh
[0.311s] -- Up-to-date: /home/gcerioni/ws_ur16/install/control_toolbox/share/control_toolbox/environment/ament_prefix_path.dsv
[0.311s] -- Up-to-date: /home/gcerioni/ws_ur16/install/control_toolbox/share/control_toolbox/environment/path.sh
[0.311s] -- Up-to-date: /home/gcerioni/ws_ur16/install/control_toolbox/share/control_toolbox/environment/path.dsv
[0.311s] -- Up-to-date: /home/gcerioni/ws_ur16/install/control_toolbox/share/control_toolbox/local_setup.bash
[0.311s] -- Up-to-date: /home/gcerioni/ws_ur16/install/control_toolbox/share/control_toolbox/local_setup.sh
[0.311s] -- Up-to-date: /home/gcerioni/ws_ur16/install/control_toolbox/share/control_toolbox/local_setup.zsh
[0.311s] -- Up-to-date: /home/gcerioni/ws_ur16/install/control_toolbox/share/control_toolbox/local_setup.dsv
[0.312s] -- Installing: /home/gcerioni/ws_ur16/install/control_toolbox/share/control_toolbox/package.dsv
[0.312s] -- Up-to-date: /home/gcerioni/ws_ur16/install/control_toolbox/share/ament_index/resource_index/packages/control_toolbox
[0.312s] -- Up-to-date: /home/gcerioni/ws_ur16/install/control_toolbox/share/ament_index/resource_index/filters__pluginlib__plugin/control_toolbox
[0.312s] -- Up-to-date: /home/gcerioni/ws_ur16/install/control_toolbox/share/control_toolbox/cmake/export_control_toolboxExport.cmake
[0.312s] -- Up-to-date: /home/gcerioni/ws_ur16/install/control_toolbox/share/control_toolbox/cmake/export_control_toolboxExport-release.cmake
[0.312s] -- Up-to-date: /home/gcerioni/ws_ur16/install/control_toolbox/share/control_toolbox/cmake/ament_cmake_export_dependencies-extras.cmake
[0.312s] -- Up-to-date: /home/gcerioni/ws_ur16/install/control_toolbox/share/control_toolbox/cmake/ament_cmake_export_targets-extras.cmake
[0.313s] -- Up-to-date: /home/gcerioni/ws_ur16/install/control_toolbox/share/control_toolbox/cmake/control_toolboxConfig.cmake
[0.313s] -- Up-to-date: /home/gcerioni/ws_ur16/install/control_toolbox/share/control_toolbox/cmake/control_toolboxConfig-version.cmake
[0.313s] -- Up-to-date: /home/gcerioni/ws_ur16/install/control_toolbox/share/control_toolbox/package.xml
[0.313s] Invoked command in '/home/gcerioni/ws_ur16/build/control_toolbox' returned '0': AMENT_PREFIX_PATH=/home/gcerioni/ws_ur16/install/realtime_tools:/home/gcerioni/ws_ur16/install/control_msgs:${AMENT_PREFIX_PATH} CMAKE_PREFIX_PATH=/home/gcerioni/ws_ur16/install/realtime_tools:/home/gcerioni/ws_ur16/install/control_msgs:/opt/ros/humble LD_LIBRARY_PATH=/home/gcerioni/ws_ur16/install/realtime_tools/lib:/home/gcerioni/ws_ur16/install/control_msgs/lib:${LD_LIBRARY_PATH} PYTHONPATH=/home/gcerioni/ws_ur16/install/control_msgs/local/lib/python3.10/dist-packages:${PYTHONPATH} /usr/bin/cmake --install /home/gcerioni/ws_ur16/build/control_toolbox
