[0.031s] Invoking command in '/home/gcerioni/ws_ur16/build/controller_manager_msgs': CMAKE_PREFIX_PATH=/opt/ros/humble /usr/bin/cmake --build /home/gcerioni/ws_ur16/build/controller_manager_msgs -- -j8 -l8
[0.094s] [35m[1mConsolidate compiler generated dependencies of target controller_manager_msgs__rosidl_generator_c[0m
[0.130s] [ 12%] Built target controller_manager_msgs__rosidl_generator_c
[0.132s] [ 12%] Built target controller_manager_msgs__cpp
[0.157s] [ 12%] Built target ament_cmake_python_copy_controller_manager_msgs
[0.185s] [35m[1mConsolidate compiler generated dependencies of target controller_manager_msgs__rosidl_typesupport_fastrtps_cpp[0m
[0.187s] [35m[1mConsolidate compiler generated dependencies of target controller_manager_msgs__rosidl_typesupport_cpp[0m
[0.188s] [35m[1mConsolidate compiler generated dependencies of target controller_manager_msgs__rosidl_typesupport_introspection_c[0m
[0.194s] [35m[1mConsolidate compiler generated dependencies of target controller_manager_msgs__rosidl_typesupport_fastrtps_c[0m
[0.216s] [35m[1mConsolidate compiler generated dependencies of target controller_manager_msgs__rosidl_typesupport_c[0m
[0.222s] [35m[1mConsolidate compiler generated dependencies of target controller_manager_msgs__rosidl_typesupport_introspection_cpp[0m
[0.250s] [ 24%] Built target controller_manager_msgs__rosidl_typesupport_introspection_c
[0.288s] [ 36%] Built target controller_manager_msgs__rosidl_typesupport_c
[0.301s] [ 48%] Built target controller_manager_msgs__rosidl_typesupport_cpp
[0.304s] [ 60%] Built target controller_manager_msgs__rosidl_typesupport_fastrtps_cpp
[0.322s] [ 72%] Built target controller_manager_msgs__rosidl_typesupport_fastrtps_c
[0.359s] [ 84%] Built target controller_manager_msgs__rosidl_typesupport_introspection_cpp
[0.397s] [ 84%] Built target controller_manager_msgs
[0.426s] [ 85%] Built target controller_manager_msgs__py
[0.457s] [35m[1mConsolidate compiler generated dependencies of target controller_manager_msgs__rosidl_generator_py[0m
[0.533s] [ 96%] Built target controller_manager_msgs__rosidl_generator_py
[0.566s] [35m[1mConsolidate compiler generated dependencies of target controller_manager_msgs__rosidl_typesupport_fastrtps_c__pyext[0m
[0.570s] [35m[1mConsolidate compiler generated dependencies of target controller_manager_msgs__rosidl_typesupport_introspection_c__pyext[0m
[0.580s] [35m[1mConsolidate compiler generated dependencies of target controller_manager_msgs__rosidl_typesupport_c__pyext[0m
[0.607s] [ 97%] Built target controller_manager_msgs__rosidl_typesupport_fastrtps_c__pyext
[0.617s] [ 98%] Built target controller_manager_msgs__rosidl_typesupport_c__pyext
[0.621s] [100%] Built target controller_manager_msgs__rosidl_typesupport_introspection_c__pyext
[0.822s] running egg_info
[0.824s] writing controller_manager_msgs.egg-info/PKG-INFO
[0.824s] writing dependency_links to controller_manager_msgs.egg-info/dependency_links.txt
[0.825s] writing top-level names to controller_manager_msgs.egg-info/top_level.txt
[0.829s] reading manifest file 'controller_manager_msgs.egg-info/SOURCES.txt'
[0.831s] writing manifest file 'controller_manager_msgs.egg-info/SOURCES.txt'
[0.912s] [100%] Built target ament_cmake_python_build_controller_manager_msgs_egg
[0.945s] Invoked command in '/home/gcerioni/ws_ur16/build/controller_manager_msgs' returned '0': CMAKE_PREFIX_PATH=/opt/ros/humble /usr/bin/cmake --build /home/gcerioni/ws_ur16/build/controller_manager_msgs -- -j8 -l8
[0.946s] Invoking command in '/home/gcerioni/ws_ur16/build/controller_manager_msgs': CMAKE_PREFIX_PATH=/opt/ros/humble /usr/bin/cmake --install /home/gcerioni/ws_ur16/build/controller_manager_msgs
[0.973s] -- Install configuration: "Release"
[0.973s] -- Up-to-date: /home/gcerioni/ws_ur16/install/controller_manager_msgs/share/ament_index/resource_index/rosidl_interfaces/controller_manager_msgs
[0.973s] -- Up-to-date: /home/gcerioni/ws_ur16/install/controller_manager_msgs/include/controller_manager_msgs/controller_manager_msgs
[0.974s] -- Up-to-date: /home/gcerioni/ws_ur16/install/controller_manager_msgs/include/controller_manager_msgs/controller_manager_msgs/msg
[0.974s] -- Up-to-date: /home/gcerioni/ws_ur16/install/controller_manager_msgs/include/controller_manager_msgs/controller_manager_msgs/msg/hardware_component_state.h
[0.974s] -- Up-to-date: /home/gcerioni/ws_ur16/install/controller_manager_msgs/include/controller_manager_msgs/controller_manager_msgs/msg/detail
[0.974s] -- Up-to-date: /home/gcerioni/ws_ur16/install/controller_manager_msgs/include/controller_manager_msgs/controller_manager_msgs/msg/detail/controller_state__functions.c
[0.974s] -- Up-to-date: /home/gcerioni/ws_ur16/install/controller_manager_msgs/include/controller_manager_msgs/controller_manager_msgs/msg/detail/chain_connection__struct.h
[0.974s] -- Up-to-date: /home/gcerioni/ws_ur16/install/controller_manager_msgs/include/controller_manager_msgs/controller_manager_msgs/msg/detail/hardware_component_state__functions.h
[0.974s] -- Up-to-date: /home/gcerioni/ws_ur16/install/controller_manager_msgs/include/controller_manager_msgs/controller_manager_msgs/msg/detail/hardware_component_state__type_support.h
[0.974s] -- Up-to-date: /home/gcerioni/ws_ur16/install/controller_manager_msgs/include/controller_manager_msgs/controller_manager_msgs/msg/detail/controller_state__functions.h
[0.974s] -- Up-to-date: /home/gcerioni/ws_ur16/install/controller_manager_msgs/include/controller_manager_msgs/controller_manager_msgs/msg/detail/chain_connection__functions.c
[0.974s] -- Up-to-date: /home/gcerioni/ws_ur16/install/controller_manager_msgs/include/controller_manager_msgs/controller_manager_msgs/msg/detail/hardware_interface__type_support.h
[0.974s] -- Up-to-date: /home/gcerioni/ws_ur16/install/controller_manager_msgs/include/controller_manager_msgs/controller_manager_msgs/msg/detail/chain_connection__type_support.h
[0.974s] -- Up-to-date: /home/gcerioni/ws_ur16/install/controller_manager_msgs/include/controller_manager_msgs/controller_manager_msgs/msg/detail/controller_state__type_support.h
[0.975s] -- Up-to-date: /home/gcerioni/ws_ur16/install/controller_manager_msgs/include/controller_manager_msgs/controller_manager_msgs/msg/detail/hardware_interface__functions.h
[0.975s] -- Up-to-date: /home/gcerioni/ws_ur16/install/controller_manager_msgs/include/controller_manager_msgs/controller_manager_msgs/msg/detail/hardware_interface__struct.h
[0.975s] -- Up-to-date: /home/gcerioni/ws_ur16/install/controller_manager_msgs/include/controller_manager_msgs/controller_manager_msgs/msg/detail/hardware_component_state__struct.h
[0.975s] -- Up-to-date: /home/gcerioni/ws_ur16/install/controller_manager_msgs/include/controller_manager_msgs/controller_manager_msgs/msg/detail/hardware_interface__functions.c
[0.975s] -- Up-to-date: /home/gcerioni/ws_ur16/install/controller_manager_msgs/include/controller_manager_msgs/controller_manager_msgs/msg/detail/chain_connection__functions.h
[0.975s] -- Up-to-date: /home/gcerioni/ws_ur16/install/controller_manager_msgs/include/controller_manager_msgs/controller_manager_msgs/msg/detail/hardware_component_state__functions.c
[0.976s] -- Up-to-date: /home/gcerioni/ws_ur16/install/controller_manager_msgs/include/controller_manager_msgs/controller_manager_msgs/msg/detail/controller_state__struct.h
[0.977s] -- Up-to-date: /home/gcerioni/ws_ur16/install/controller_manager_msgs/include/controller_manager_msgs/controller_manager_msgs/msg/rosidl_generator_c__visibility_control.h
[0.978s] -- Up-to-date: /home/gcerioni/ws_ur16/install/controller_manager_msgs/include/controller_manager_msgs/controller_manager_msgs/msg/chain_connection.h
[0.979s] -- Up-to-date: /home/gcerioni/ws_ur16/install/controller_manager_msgs/include/controller_manager_msgs/controller_manager_msgs/msg/controller_state.h
[0.979s] -- Up-to-date: /home/gcerioni/ws_ur16/install/controller_manager_msgs/include/controller_manager_msgs/controller_manager_msgs/msg/hardware_interface.h
[0.980s] -- Up-to-date: /home/gcerioni/ws_ur16/install/controller_manager_msgs/include/controller_manager_msgs/controller_manager_msgs/srv
[0.980s] -- Up-to-date: /home/gcerioni/ws_ur16/install/controller_manager_msgs/include/controller_manager_msgs/controller_manager_msgs/srv/unload_controller.h
[0.980s] -- Up-to-date: /home/gcerioni/ws_ur16/install/controller_manager_msgs/include/controller_manager_msgs/controller_manager_msgs/srv/switch_controller.h
[0.980s] -- Up-to-date: /home/gcerioni/ws_ur16/install/controller_manager_msgs/include/controller_manager_msgs/controller_manager_msgs/srv/detail
[0.981s] -- Up-to-date: /home/gcerioni/ws_ur16/install/controller_manager_msgs/include/controller_manager_msgs/controller_manager_msgs/srv/detail/set_hardware_component_state__struct.h
[0.981s] -- Up-to-date: /home/gcerioni/ws_ur16/install/controller_manager_msgs/include/controller_manager_msgs/controller_manager_msgs/srv/detail/list_controller_types__type_support.h
[0.981s] -- Up-to-date: /home/gcerioni/ws_ur16/install/controller_manager_msgs/include/controller_manager_msgs/controller_manager_msgs/srv/detail/unload_controller__functions.h
[0.981s] -- Up-to-date: /home/gcerioni/ws_ur16/install/controller_manager_msgs/include/controller_manager_msgs/controller_manager_msgs/srv/detail/set_hardware_component_state__functions.c
[0.981s] -- Up-to-date: /home/gcerioni/ws_ur16/install/controller_manager_msgs/include/controller_manager_msgs/controller_manager_msgs/srv/detail/unload_controller__type_support.h
[0.981s] -- Up-to-date: /home/gcerioni/ws_ur16/install/controller_manager_msgs/include/controller_manager_msgs/controller_manager_msgs/srv/detail/configure_controller__functions.c
[0.982s] -- Up-to-date: /home/gcerioni/ws_ur16/install/controller_manager_msgs/include/controller_manager_msgs/controller_manager_msgs/srv/detail/list_hardware_interfaces__struct.h
[0.982s] -- Up-to-date: /home/gcerioni/ws_ur16/install/controller_manager_msgs/include/controller_manager_msgs/controller_manager_msgs/srv/detail/list_controller_types__functions.h
[0.982s] -- Up-to-date: /home/gcerioni/ws_ur16/install/controller_manager_msgs/include/controller_manager_msgs/controller_manager_msgs/srv/detail/set_hardware_component_state__functions.h
[0.982s] -- Up-to-date: /home/gcerioni/ws_ur16/install/controller_manager_msgs/include/controller_manager_msgs/controller_manager_msgs/srv/detail/load_controller__struct.h
[0.982s] -- Up-to-date: /home/gcerioni/ws_ur16/install/controller_manager_msgs/include/controller_manager_msgs/controller_manager_msgs/srv/detail/reload_controller_libraries__type_support.h
[0.982s] -- Up-to-date: /home/gcerioni/ws_ur16/install/controller_manager_msgs/include/controller_manager_msgs/controller_manager_msgs/srv/detail/set_hardware_component_state__type_support.h
[0.983s] -- Up-to-date: /home/gcerioni/ws_ur16/install/controller_manager_msgs/include/controller_manager_msgs/controller_manager_msgs/srv/detail/list_controller_types__struct.h
[0.983s] -- Up-to-date: /home/gcerioni/ws_ur16/install/controller_manager_msgs/include/controller_manager_msgs/controller_manager_msgs/srv/detail/list_controllers__type_support.h
[0.983s] -- Up-to-date: /home/gcerioni/ws_ur16/install/controller_manager_msgs/include/controller_manager_msgs/controller_manager_msgs/srv/detail/load_controller__type_support.h
[0.983s] -- Up-to-date: /home/gcerioni/ws_ur16/install/controller_manager_msgs/include/controller_manager_msgs/controller_manager_msgs/srv/detail/load_controller__functions.h
[0.983s] -- Up-to-date: /home/gcerioni/ws_ur16/install/controller_manager_msgs/include/controller_manager_msgs/controller_manager_msgs/srv/detail/list_hardware_interfaces__type_support.h
[0.984s] -- Up-to-date: /home/gcerioni/ws_ur16/install/controller_manager_msgs/include/controller_manager_msgs/controller_manager_msgs/srv/detail/switch_controller__type_support.h
[0.984s] -- Up-to-date: /home/gcerioni/ws_ur16/install/controller_manager_msgs/include/controller_manager_msgs/controller_manager_msgs/srv/detail/switch_controller__functions.h
[0.984s] -- Up-to-date: /home/gcerioni/ws_ur16/install/controller_manager_msgs/include/controller_manager_msgs/controller_manager_msgs/srv/detail/list_controllers__functions.h
[0.984s] -- Up-to-date: /home/gcerioni/ws_ur16/install/controller_manager_msgs/include/controller_manager_msgs/controller_manager_msgs/srv/detail/configure_controller__type_support.h
[0.985s] -- Up-to-date: /home/gcerioni/ws_ur16/install/controller_manager_msgs/include/controller_manager_msgs/controller_manager_msgs/srv/detail/list_controller_types__functions.c
[0.985s] -- Up-to-date: /home/gcerioni/ws_ur16/install/controller_manager_msgs/include/controller_manager_msgs/controller_manager_msgs/srv/detail/list_hardware_components__functions.c
[0.985s] -- Up-to-date: /home/gcerioni/ws_ur16/install/controller_manager_msgs/include/controller_manager_msgs/controller_manager_msgs/srv/detail/configure_controller__functions.h
[0.985s] -- Up-to-date: /home/gcerioni/ws_ur16/install/controller_manager_msgs/include/controller_manager_msgs/controller_manager_msgs/srv/detail/reload_controller_libraries__functions.c
[0.985s] -- Up-to-date: /home/gcerioni/ws_ur16/install/controller_manager_msgs/include/controller_manager_msgs/controller_manager_msgs/srv/detail/load_controller__functions.c
[0.985s] -- Up-to-date: /home/gcerioni/ws_ur16/install/controller_manager_msgs/include/controller_manager_msgs/controller_manager_msgs/srv/detail/unload_controller__functions.c
[0.985s] -- Up-to-date: /home/gcerioni/ws_ur16/install/controller_manager_msgs/include/controller_manager_msgs/controller_manager_msgs/srv/detail/list_hardware_interfaces__functions.h
[0.986s] -- Up-to-date: /home/gcerioni/ws_ur16/install/controller_manager_msgs/include/controller_manager_msgs/controller_manager_msgs/srv/detail/configure_controller__struct.h
[0.986s] -- Up-to-date: /home/gcerioni/ws_ur16/install/controller_manager_msgs/include/controller_manager_msgs/controller_manager_msgs/srv/detail/unload_controller__struct.h
[0.986s] -- Up-to-date: /home/gcerioni/ws_ur16/install/controller_manager_msgs/include/controller_manager_msgs/controller_manager_msgs/srv/detail/list_controllers__functions.c
[0.986s] -- Up-to-date: /home/gcerioni/ws_ur16/install/controller_manager_msgs/include/controller_manager_msgs/controller_manager_msgs/srv/detail/switch_controller__struct.h
[0.987s] -- Up-to-date: /home/gcerioni/ws_ur16/install/controller_manager_msgs/include/controller_manager_msgs/controller_manager_msgs/srv/detail/list_hardware_components__type_support.h
[0.987s] -- Up-to-date: /home/gcerioni/ws_ur16/install/controller_manager_msgs/include/controller_manager_msgs/controller_manager_msgs/srv/detail/list_hardware_components__functions.h
[0.987s] -- Up-to-date: /home/gcerioni/ws_ur16/install/controller_manager_msgs/include/controller_manager_msgs/controller_manager_msgs/srv/detail/switch_controller__functions.c
[0.987s] -- Up-to-date: /home/gcerioni/ws_ur16/install/controller_manager_msgs/include/controller_manager_msgs/controller_manager_msgs/srv/detail/reload_controller_libraries__functions.h
[0.987s] -- Up-to-date: /home/gcerioni/ws_ur16/install/controller_manager_msgs/include/controller_manager_msgs/controller_manager_msgs/srv/detail/reload_controller_libraries__struct.h
[0.987s] -- Up-to-date: /home/gcerioni/ws_ur16/install/controller_manager_msgs/include/controller_manager_msgs/controller_manager_msgs/srv/detail/list_hardware_components__struct.h
[0.987s] -- Up-to-date: /home/gcerioni/ws_ur16/install/controller_manager_msgs/include/controller_manager_msgs/controller_manager_msgs/srv/detail/list_controllers__struct.h
[0.987s] -- Up-to-date: /home/gcerioni/ws_ur16/install/controller_manager_msgs/include/controller_manager_msgs/controller_manager_msgs/srv/detail/list_hardware_interfaces__functions.c
[0.988s] -- Up-to-date: /home/gcerioni/ws_ur16/install/controller_manager_msgs/include/controller_manager_msgs/controller_manager_msgs/srv/list_hardware_interfaces.h
[0.998s] -- Up-to-date: /home/gcerioni/ws_ur16/install/controller_manager_msgs/include/controller_manager_msgs/controller_manager_msgs/srv/set_hardware_component_state.h
[0.999s] -- Up-to-date: /home/gcerioni/ws_ur16/install/controller_manager_msgs/include/controller_manager_msgs/controller_manager_msgs/srv/list_controller_types.h
[0.999s] -- Up-to-date: /home/gcerioni/ws_ur16/install/controller_manager_msgs/include/controller_manager_msgs/controller_manager_msgs/srv/list_hardware_components.h
[0.999s] -- Up-to-date: /home/gcerioni/ws_ur16/install/controller_manager_msgs/include/controller_manager_msgs/controller_manager_msgs/srv/configure_controller.h
[0.999s] -- Up-to-date: /home/gcerioni/ws_ur16/install/controller_manager_msgs/include/controller_manager_msgs/controller_manager_msgs/srv/reload_controller_libraries.h
[0.999s] -- Up-to-date: /home/gcerioni/ws_ur16/install/controller_manager_msgs/include/controller_manager_msgs/controller_manager_msgs/srv/load_controller.h
[0.999s] -- Up-to-date: /home/gcerioni/ws_ur16/install/controller_manager_msgs/include/controller_manager_msgs/controller_manager_msgs/srv/list_controllers.h
[0.999s] -- Up-to-date: /home/gcerioni/ws_ur16/install/controller_manager_msgs/share/controller_manager_msgs/environment/library_path.sh
[0.999s] -- Up-to-date: /home/gcerioni/ws_ur16/install/controller_manager_msgs/share/controller_manager_msgs/environment/library_path.dsv
[1.000s] -- Up-to-date: /home/gcerioni/ws_ur16/install/controller_manager_msgs/lib/libcontroller_manager_msgs__rosidl_generator_c.so
[1.000s] -- Up-to-date: /home/gcerioni/ws_ur16/install/controller_manager_msgs/include/controller_manager_msgs/controller_manager_msgs
[1.000s] -- Up-to-date: /home/gcerioni/ws_ur16/install/controller_manager_msgs/include/controller_manager_msgs/controller_manager_msgs/msg
[1.000s] -- Up-to-date: /home/gcerioni/ws_ur16/install/controller_manager_msgs/include/controller_manager_msgs/controller_manager_msgs/msg/detail
[1.000s] -- Up-to-date: /home/gcerioni/ws_ur16/install/controller_manager_msgs/include/controller_manager_msgs/controller_manager_msgs/msg/detail/controller_state__rosidl_typesupport_fastrtps_c.h
[1.000s] -- Up-to-date: /home/gcerioni/ws_ur16/install/controller_manager_msgs/include/controller_manager_msgs/controller_manager_msgs/msg/detail/hardware_interface__rosidl_typesupport_fastrtps_c.h
[1.000s] -- Up-to-date: /home/gcerioni/ws_ur16/install/controller_manager_msgs/include/controller_manager_msgs/controller_manager_msgs/msg/detail/hardware_component_state__rosidl_typesupport_fastrtps_c.h
[1.001s] -- Up-to-date: /home/gcerioni/ws_ur16/install/controller_manager_msgs/include/controller_manager_msgs/controller_manager_msgs/msg/detail/chain_connection__rosidl_typesupport_fastrtps_c.h
[1.001s] -- Up-to-date: /home/gcerioni/ws_ur16/install/controller_manager_msgs/include/controller_manager_msgs/controller_manager_msgs/msg/rosidl_typesupport_fastrtps_c__visibility_control.h
[1.001s] -- Up-to-date: /home/gcerioni/ws_ur16/install/controller_manager_msgs/include/controller_manager_msgs/controller_manager_msgs/srv
[1.001s] -- Up-to-date: /home/gcerioni/ws_ur16/install/controller_manager_msgs/include/controller_manager_msgs/controller_manager_msgs/srv/detail
[1.001s] -- Up-to-date: /home/gcerioni/ws_ur16/install/controller_manager_msgs/include/controller_manager_msgs/controller_manager_msgs/srv/detail/list_controller_types__rosidl_typesupport_fastrtps_c.h
[1.001s] -- Up-to-date: /home/gcerioni/ws_ur16/install/controller_manager_msgs/include/controller_manager_msgs/controller_manager_msgs/srv/detail/list_hardware_interfaces__rosidl_typesupport_fastrtps_c.h
[1.001s] -- Up-to-date: /home/gcerioni/ws_ur16/install/controller_manager_msgs/include/controller_manager_msgs/controller_manager_msgs/srv/detail/load_controller__rosidl_typesupport_fastrtps_c.h
[1.001s] -- Up-to-date: /home/gcerioni/ws_ur16/install/controller_manager_msgs/include/controller_manager_msgs/controller_manager_msgs/srv/detail/set_hardware_component_state__rosidl_typesupport_fastrtps_c.h
[1.001s] -- Up-to-date: /home/gcerioni/ws_ur16/install/controller_manager_msgs/include/controller_manager_msgs/controller_manager_msgs/srv/detail/switch_controller__rosidl_typesupport_fastrtps_c.h
[1.001s] -- Up-to-date: /home/gcerioni/ws_ur16/install/controller_manager_msgs/include/controller_manager_msgs/controller_manager_msgs/srv/detail/list_hardware_components__rosidl_typesupport_fastrtps_c.h
[1.002s] -- Up-to-date: /home/gcerioni/ws_ur16/install/controller_manager_msgs/include/controller_manager_msgs/controller_manager_msgs/srv/detail/reload_controller_libraries__rosidl_typesupport_fastrtps_c.h
[1.002s] -- Up-to-date: /home/gcerioni/ws_ur16/install/controller_manager_msgs/include/controller_manager_msgs/controller_manager_msgs/srv/detail/unload_controller__rosidl_typesupport_fastrtps_c.h
[1.002s] -- Up-to-date: /home/gcerioni/ws_ur16/install/controller_manager_msgs/include/controller_manager_msgs/controller_manager_msgs/srv/detail/list_controllers__rosidl_typesupport_fastrtps_c.h
[1.002s] -- Up-to-date: /home/gcerioni/ws_ur16/install/controller_manager_msgs/include/controller_manager_msgs/controller_manager_msgs/srv/detail/configure_controller__rosidl_typesupport_fastrtps_c.h
[1.002s] -- Up-to-date: /home/gcerioni/ws_ur16/install/controller_manager_msgs/lib/libcontroller_manager_msgs__rosidl_typesupport_fastrtps_c.so
[1.002s] -- Up-to-date: /home/gcerioni/ws_ur16/install/controller_manager_msgs/include/controller_manager_msgs/controller_manager_msgs
[1.003s] -- Up-to-date: /home/gcerioni/ws_ur16/install/controller_manager_msgs/include/controller_manager_msgs/controller_manager_msgs/msg
[1.003s] -- Up-to-date: /home/gcerioni/ws_ur16/install/controller_manager_msgs/include/controller_manager_msgs/controller_manager_msgs/msg/controller_state.hpp
[1.003s] -- Up-to-date: /home/gcerioni/ws_ur16/install/controller_manager_msgs/include/controller_manager_msgs/controller_manager_msgs/msg/detail
[1.003s] -- Up-to-date: /home/gcerioni/ws_ur16/install/controller_manager_msgs/include/controller_manager_msgs/controller_manager_msgs/msg/detail/hardware_interface__struct.hpp
[1.004s] -- Up-to-date: /home/gcerioni/ws_ur16/install/controller_manager_msgs/include/controller_manager_msgs/controller_manager_msgs/msg/detail/chain_connection__traits.hpp
[1.005s] -- Up-to-date: /home/gcerioni/ws_ur16/install/controller_manager_msgs/include/controller_manager_msgs/controller_manager_msgs/msg/detail/hardware_interface__builder.hpp
[1.006s] -- Up-to-date: /home/gcerioni/ws_ur16/install/controller_manager_msgs/include/controller_manager_msgs/controller_manager_msgs/msg/detail/hardware_interface__type_support.hpp
[1.007s] -- Up-to-date: /home/gcerioni/ws_ur16/install/controller_manager_msgs/include/controller_manager_msgs/controller_manager_msgs/msg/detail/hardware_component_state__traits.hpp
[1.007s] -- Up-to-date: /home/gcerioni/ws_ur16/install/controller_manager_msgs/include/controller_manager_msgs/controller_manager_msgs/msg/detail/chain_connection__struct.hpp
[1.007s] -- Up-to-date: /home/gcerioni/ws_ur16/install/controller_manager_msgs/include/controller_manager_msgs/controller_manager_msgs/msg/detail/chain_connection__type_support.hpp
[1.007s] -- Up-to-date: /home/gcerioni/ws_ur16/install/controller_manager_msgs/include/controller_manager_msgs/controller_manager_msgs/msg/detail/controller_state__type_support.hpp
[1.008s] -- Up-to-date: /home/gcerioni/ws_ur16/install/controller_manager_msgs/include/controller_manager_msgs/controller_manager_msgs/msg/detail/hardware_component_state__type_support.hpp
[1.008s] -- Up-to-date: /home/gcerioni/ws_ur16/install/controller_manager_msgs/include/controller_manager_msgs/controller_manager_msgs/msg/detail/hardware_component_state__builder.hpp
[1.008s] -- Up-to-date: /home/gcerioni/ws_ur16/install/controller_manager_msgs/include/controller_manager_msgs/controller_manager_msgs/msg/detail/controller_state__struct.hpp
[1.008s] -- Up-to-date: /home/gcerioni/ws_ur16/install/controller_manager_msgs/include/controller_manager_msgs/controller_manager_msgs/msg/detail/chain_connection__builder.hpp
[1.008s] -- Up-to-date: /home/gcerioni/ws_ur16/install/controller_manager_msgs/include/controller_manager_msgs/controller_manager_msgs/msg/detail/controller_state__builder.hpp
[1.008s] -- Up-to-date: /home/gcerioni/ws_ur16/install/controller_manager_msgs/include/controller_manager_msgs/controller_manager_msgs/msg/detail/hardware_interface__traits.hpp
[1.008s] -- Up-to-date: /home/gcerioni/ws_ur16/install/controller_manager_msgs/include/controller_manager_msgs/controller_manager_msgs/msg/detail/controller_state__traits.hpp
[1.009s] -- Up-to-date: /home/gcerioni/ws_ur16/install/controller_manager_msgs/include/controller_manager_msgs/controller_manager_msgs/msg/detail/hardware_component_state__struct.hpp
[1.009s] -- Up-to-date: /home/gcerioni/ws_ur16/install/controller_manager_msgs/include/controller_manager_msgs/controller_manager_msgs/msg/chain_connection.hpp
[1.009s] -- Up-to-date: /home/gcerioni/ws_ur16/install/controller_manager_msgs/include/controller_manager_msgs/controller_manager_msgs/msg/hardware_component_state.hpp
[1.009s] -- Up-to-date: /home/gcerioni/ws_ur16/install/controller_manager_msgs/include/controller_manager_msgs/controller_manager_msgs/msg/rosidl_generator_cpp__visibility_control.hpp
[1.009s] -- Up-to-date: /home/gcerioni/ws_ur16/install/controller_manager_msgs/include/controller_manager_msgs/controller_manager_msgs/msg/hardware_interface.hpp
[1.010s] -- Up-to-date: /home/gcerioni/ws_ur16/install/controller_manager_msgs/include/controller_manager_msgs/controller_manager_msgs/srv
[1.010s] -- Up-to-date: /home/gcerioni/ws_ur16/install/controller_manager_msgs/include/controller_manager_msgs/controller_manager_msgs/srv/reload_controller_libraries.hpp
[1.010s] -- Up-to-date: /home/gcerioni/ws_ur16/install/controller_manager_msgs/include/controller_manager_msgs/controller_manager_msgs/srv/detail
[1.010s] -- Up-to-date: /home/gcerioni/ws_ur16/install/controller_manager_msgs/include/controller_manager_msgs/controller_manager_msgs/srv/detail/list_hardware_interfaces__struct.hpp
[1.010s] -- Up-to-date: /home/gcerioni/ws_ur16/install/controller_manager_msgs/include/controller_manager_msgs/controller_manager_msgs/srv/detail/reload_controller_libraries__type_support.hpp
[1.010s] -- Up-to-date: /home/gcerioni/ws_ur16/install/controller_manager_msgs/include/controller_manager_msgs/controller_manager_msgs/srv/detail/unload_controller__type_support.hpp
[1.010s] -- Up-to-date: /home/gcerioni/ws_ur16/install/controller_manager_msgs/include/controller_manager_msgs/controller_manager_msgs/srv/detail/list_controllers__builder.hpp
[1.011s] -- Up-to-date: /home/gcerioni/ws_ur16/install/controller_manager_msgs/include/controller_manager_msgs/controller_manager_msgs/srv/detail/configure_controller__type_support.hpp
[1.011s] -- Up-to-date: /home/gcerioni/ws_ur16/install/controller_manager_msgs/include/controller_manager_msgs/controller_manager_msgs/srv/detail/list_hardware_components__builder.hpp
[1.011s] -- Up-to-date: /home/gcerioni/ws_ur16/install/controller_manager_msgs/include/controller_manager_msgs/controller_manager_msgs/srv/detail/configure_controller__traits.hpp
[1.011s] -- Up-to-date: /home/gcerioni/ws_ur16/install/controller_manager_msgs/include/controller_manager_msgs/controller_manager_msgs/srv/detail/configure_controller__struct.hpp
[1.011s] -- Up-to-date: /home/gcerioni/ws_ur16/install/controller_manager_msgs/include/controller_manager_msgs/controller_manager_msgs/srv/detail/list_hardware_components__struct.hpp
[1.011s] -- Up-to-date: /home/gcerioni/ws_ur16/install/controller_manager_msgs/include/controller_manager_msgs/controller_manager_msgs/srv/detail/load_controller__builder.hpp
[1.012s] -- Up-to-date: /home/gcerioni/ws_ur16/install/controller_manager_msgs/include/controller_manager_msgs/controller_manager_msgs/srv/detail/switch_controller__type_support.hpp
[1.012s] -- Up-to-date: /home/gcerioni/ws_ur16/install/controller_manager_msgs/include/controller_manager_msgs/controller_manager_msgs/srv/detail/switch_controller__traits.hpp
[1.012s] -- Up-to-date: /home/gcerioni/ws_ur16/install/controller_manager_msgs/include/controller_manager_msgs/controller_manager_msgs/srv/detail/switch_controller__builder.hpp
[1.012s] -- Up-to-date: /home/gcerioni/ws_ur16/install/controller_manager_msgs/include/controller_manager_msgs/controller_manager_msgs/srv/detail/list_hardware_interfaces__builder.hpp
[1.012s] -- Up-to-date: /home/gcerioni/ws_ur16/install/controller_manager_msgs/include/controller_manager_msgs/controller_manager_msgs/srv/detail/list_controller_types__builder.hpp
[1.012s] -- Up-to-date: /home/gcerioni/ws_ur16/install/controller_manager_msgs/include/controller_manager_msgs/controller_manager_msgs/srv/detail/list_hardware_interfaces__type_support.hpp
[1.013s] -- Up-to-date: /home/gcerioni/ws_ur16/install/controller_manager_msgs/include/controller_manager_msgs/controller_manager_msgs/srv/detail/reload_controller_libraries__traits.hpp
[1.013s] -- Up-to-date: /home/gcerioni/ws_ur16/install/controller_manager_msgs/include/controller_manager_msgs/controller_manager_msgs/srv/detail/unload_controller__struct.hpp
[1.013s] -- Up-to-date: /home/gcerioni/ws_ur16/install/controller_manager_msgs/include/controller_manager_msgs/controller_manager_msgs/srv/detail/set_hardware_component_state__struct.hpp
[1.013s] -- Up-to-date: /home/gcerioni/ws_ur16/install/controller_manager_msgs/include/controller_manager_msgs/controller_manager_msgs/srv/detail/load_controller__type_support.hpp
[1.013s] -- Up-to-date: /home/gcerioni/ws_ur16/install/controller_manager_msgs/include/controller_manager_msgs/controller_manager_msgs/srv/detail/reload_controller_libraries__builder.hpp
[1.013s] -- Up-to-date: /home/gcerioni/ws_ur16/install/controller_manager_msgs/include/controller_manager_msgs/controller_manager_msgs/srv/detail/set_hardware_component_state__type_support.hpp
[1.013s] -- Up-to-date: /home/gcerioni/ws_ur16/install/controller_manager_msgs/include/controller_manager_msgs/controller_manager_msgs/srv/detail/list_controllers__traits.hpp
[1.013s] -- Up-to-date: /home/gcerioni/ws_ur16/install/controller_manager_msgs/include/controller_manager_msgs/controller_manager_msgs/srv/detail/list_controller_types__type_support.hpp
[1.014s] -- Up-to-date: /home/gcerioni/ws_ur16/install/controller_manager_msgs/include/controller_manager_msgs/controller_manager_msgs/srv/detail/unload_controller__builder.hpp
[1.014s] -- Up-to-date: /home/gcerioni/ws_ur16/install/controller_manager_msgs/include/controller_manager_msgs/controller_manager_msgs/srv/detail/load_controller__struct.hpp
[1.014s] -- Up-to-date: /home/gcerioni/ws_ur16/install/controller_manager_msgs/include/controller_manager_msgs/controller_manager_msgs/srv/detail/list_hardware_components__type_support.hpp
[1.014s] -- Up-to-date: /home/gcerioni/ws_ur16/install/controller_manager_msgs/include/controller_manager_msgs/controller_manager_msgs/srv/detail/set_hardware_component_state__traits.hpp
[1.014s] -- Up-to-date: /home/gcerioni/ws_ur16/install/controller_manager_msgs/include/controller_manager_msgs/controller_manager_msgs/srv/detail/list_controller_types__struct.hpp
[1.014s] -- Up-to-date: /home/gcerioni/ws_ur16/install/controller_manager_msgs/include/controller_manager_msgs/controller_manager_msgs/srv/detail/switch_controller__struct.hpp
[1.015s] -- Up-to-date: /home/gcerioni/ws_ur16/install/controller_manager_msgs/include/controller_manager_msgs/controller_manager_msgs/srv/detail/list_controller_types__traits.hpp
[1.015s] -- Up-to-date: /home/gcerioni/ws_ur16/install/controller_manager_msgs/include/controller_manager_msgs/controller_manager_msgs/srv/detail/reload_controller_libraries__struct.hpp
[1.015s] -- Up-to-date: /home/gcerioni/ws_ur16/install/controller_manager_msgs/include/controller_manager_msgs/controller_manager_msgs/srv/detail/list_controllers__struct.hpp
[1.015s] -- Up-to-date: /home/gcerioni/ws_ur16/install/controller_manager_msgs/include/controller_manager_msgs/controller_manager_msgs/srv/detail/configure_controller__builder.hpp
[1.015s] -- Up-to-date: /home/gcerioni/ws_ur16/install/controller_manager_msgs/include/controller_manager_msgs/controller_manager_msgs/srv/detail/list_hardware_components__traits.hpp
[1.015s] -- Up-to-date: /home/gcerioni/ws_ur16/install/controller_manager_msgs/include/controller_manager_msgs/controller_manager_msgs/srv/detail/set_hardware_component_state__builder.hpp
[1.015s] -- Up-to-date: /home/gcerioni/ws_ur16/install/controller_manager_msgs/include/controller_manager_msgs/controller_manager_msgs/srv/detail/unload_controller__traits.hpp
[1.015s] -- Up-to-date: /home/gcerioni/ws_ur16/install/controller_manager_msgs/include/controller_manager_msgs/controller_manager_msgs/srv/detail/list_controllers__type_support.hpp
[1.015s] -- Up-to-date: /home/gcerioni/ws_ur16/install/controller_manager_msgs/include/controller_manager_msgs/controller_manager_msgs/srv/detail/list_hardware_interfaces__traits.hpp
[1.016s] -- Up-to-date: /home/gcerioni/ws_ur16/install/controller_manager_msgs/include/controller_manager_msgs/controller_manager_msgs/srv/detail/load_controller__traits.hpp
[1.016s] -- Up-to-date: /home/gcerioni/ws_ur16/install/controller_manager_msgs/include/controller_manager_msgs/controller_manager_msgs/srv/list_hardware_interfaces.hpp
[1.016s] -- Up-to-date: /home/gcerioni/ws_ur16/install/controller_manager_msgs/include/controller_manager_msgs/controller_manager_msgs/srv/configure_controller.hpp
[1.016s] -- Up-to-date: /home/gcerioni/ws_ur16/install/controller_manager_msgs/include/controller_manager_msgs/controller_manager_msgs/srv/load_controller.hpp
[1.016s] -- Up-to-date: /home/gcerioni/ws_ur16/install/controller_manager_msgs/include/controller_manager_msgs/controller_manager_msgs/srv/set_hardware_component_state.hpp
[1.016s] -- Up-to-date: /home/gcerioni/ws_ur16/install/controller_manager_msgs/include/controller_manager_msgs/controller_manager_msgs/srv/switch_controller.hpp
[1.016s] -- Up-to-date: /home/gcerioni/ws_ur16/install/controller_manager_msgs/include/controller_manager_msgs/controller_manager_msgs/srv/unload_controller.hpp
[1.016s] -- Up-to-date: /home/gcerioni/ws_ur16/install/controller_manager_msgs/include/controller_manager_msgs/controller_manager_msgs/srv/list_controllers.hpp
[1.016s] -- Up-to-date: /home/gcerioni/ws_ur16/install/controller_manager_msgs/include/controller_manager_msgs/controller_manager_msgs/srv/list_controller_types.hpp
[1.017s] -- Up-to-date: /home/gcerioni/ws_ur16/install/controller_manager_msgs/include/controller_manager_msgs/controller_manager_msgs/srv/list_hardware_components.hpp
[1.017s] -- Up-to-date: /home/gcerioni/ws_ur16/install/controller_manager_msgs/include/controller_manager_msgs/controller_manager_msgs
[1.017s] -- Up-to-date: /home/gcerioni/ws_ur16/install/controller_manager_msgs/include/controller_manager_msgs/controller_manager_msgs/msg
[1.017s] -- Up-to-date: /home/gcerioni/ws_ur16/install/controller_manager_msgs/include/controller_manager_msgs/controller_manager_msgs/msg/detail
[1.017s] -- Up-to-date: /home/gcerioni/ws_ur16/install/controller_manager_msgs/include/controller_manager_msgs/controller_manager_msgs/msg/detail/chain_connection__rosidl_typesupport_fastrtps_cpp.hpp
[1.017s] -- Up-to-date: /home/gcerioni/ws_ur16/install/controller_manager_msgs/include/controller_manager_msgs/controller_manager_msgs/msg/detail/hardware_interface__rosidl_typesupport_fastrtps_cpp.hpp
[1.017s] -- Up-to-date: /home/gcerioni/ws_ur16/install/controller_manager_msgs/include/controller_manager_msgs/controller_manager_msgs/msg/detail/dds_fastrtps
[1.018s] -- Up-to-date: /home/gcerioni/ws_ur16/install/controller_manager_msgs/include/controller_manager_msgs/controller_manager_msgs/msg/detail/hardware_component_state__rosidl_typesupport_fastrtps_cpp.hpp
[1.018s] -- Up-to-date: /home/gcerioni/ws_ur16/install/controller_manager_msgs/include/controller_manager_msgs/controller_manager_msgs/msg/detail/controller_state__rosidl_typesupport_fastrtps_cpp.hpp
[1.019s] -- Up-to-date: /home/gcerioni/ws_ur16/install/controller_manager_msgs/include/controller_manager_msgs/controller_manager_msgs/msg/rosidl_typesupport_fastrtps_cpp__visibility_control.h
[1.019s] -- Up-to-date: /home/gcerioni/ws_ur16/install/controller_manager_msgs/include/controller_manager_msgs/controller_manager_msgs/srv
[1.019s] -- Up-to-date: /home/gcerioni/ws_ur16/install/controller_manager_msgs/include/controller_manager_msgs/controller_manager_msgs/srv/detail
[1.019s] -- Up-to-date: /home/gcerioni/ws_ur16/install/controller_manager_msgs/include/controller_manager_msgs/controller_manager_msgs/srv/detail/unload_controller__rosidl_typesupport_fastrtps_cpp.hpp
[1.019s] -- Up-to-date: /home/gcerioni/ws_ur16/install/controller_manager_msgs/include/controller_manager_msgs/controller_manager_msgs/srv/detail/set_hardware_component_state__rosidl_typesupport_fastrtps_cpp.hpp
[1.020s] -- Up-to-date: /home/gcerioni/ws_ur16/install/controller_manager_msgs/include/controller_manager_msgs/controller_manager_msgs/srv/detail/list_hardware_interfaces__rosidl_typesupport_fastrtps_cpp.hpp
[1.020s] -- Up-to-date: /home/gcerioni/ws_ur16/install/controller_manager_msgs/include/controller_manager_msgs/controller_manager_msgs/srv/detail/load_controller__rosidl_typesupport_fastrtps_cpp.hpp
[1.020s] -- Up-to-date: /home/gcerioni/ws_ur16/install/controller_manager_msgs/include/controller_manager_msgs/controller_manager_msgs/srv/detail/dds_fastrtps
[1.020s] -- Up-to-date: /home/gcerioni/ws_ur16/install/controller_manager_msgs/include/controller_manager_msgs/controller_manager_msgs/srv/detail/switch_controller__rosidl_typesupport_fastrtps_cpp.hpp
[1.020s] -- Up-to-date: /home/gcerioni/ws_ur16/install/controller_manager_msgs/include/controller_manager_msgs/controller_manager_msgs/srv/detail/list_controllers__rosidl_typesupport_fastrtps_cpp.hpp
[1.021s] -- Up-to-date: /home/gcerioni/ws_ur16/install/controller_manager_msgs/include/controller_manager_msgs/controller_manager_msgs/srv/detail/list_controller_types__rosidl_typesupport_fastrtps_cpp.hpp
[1.022s] -- Up-to-date: /home/gcerioni/ws_ur16/install/controller_manager_msgs/include/controller_manager_msgs/controller_manager_msgs/srv/detail/list_hardware_components__rosidl_typesupport_fastrtps_cpp.hpp
[1.022s] -- Up-to-date: /home/gcerioni/ws_ur16/install/controller_manager_msgs/include/controller_manager_msgs/controller_manager_msgs/srv/detail/reload_controller_libraries__rosidl_typesupport_fastrtps_cpp.hpp
[1.022s] -- Up-to-date: /home/gcerioni/ws_ur16/install/controller_manager_msgs/include/controller_manager_msgs/controller_manager_msgs/srv/detail/configure_controller__rosidl_typesupport_fastrtps_cpp.hpp
[1.022s] -- Up-to-date: /home/gcerioni/ws_ur16/install/controller_manager_msgs/lib/libcontroller_manager_msgs__rosidl_typesupport_fastrtps_cpp.so
[1.022s] -- Up-to-date: /home/gcerioni/ws_ur16/install/controller_manager_msgs/include/controller_manager_msgs/controller_manager_msgs
[1.022s] -- Up-to-date: /home/gcerioni/ws_ur16/install/controller_manager_msgs/include/controller_manager_msgs/controller_manager_msgs/msg
[1.022s] -- Up-to-date: /home/gcerioni/ws_ur16/install/controller_manager_msgs/include/controller_manager_msgs/controller_manager_msgs/msg/detail
[1.023s] -- Up-to-date: /home/gcerioni/ws_ur16/install/controller_manager_msgs/include/controller_manager_msgs/controller_manager_msgs/msg/detail/chain_connection__type_support.c
[1.023s] -- Up-to-date: /home/gcerioni/ws_ur16/install/controller_manager_msgs/include/controller_manager_msgs/controller_manager_msgs/msg/detail/hardware_interface__rosidl_typesupport_introspection_c.h
[1.023s] -- Up-to-date: /home/gcerioni/ws_ur16/install/controller_manager_msgs/include/controller_manager_msgs/controller_manager_msgs/msg/detail/hardware_component_state__rosidl_typesupport_introspection_c.h
[1.023s] -- Up-to-date: /home/gcerioni/ws_ur16/install/controller_manager_msgs/include/controller_manager_msgs/controller_manager_msgs/msg/detail/controller_state__rosidl_typesupport_introspection_c.h
[1.023s] -- Up-to-date: /home/gcerioni/ws_ur16/install/controller_manager_msgs/include/controller_manager_msgs/controller_manager_msgs/msg/detail/chain_connection__rosidl_typesupport_introspection_c.h
[1.023s] -- Up-to-date: /home/gcerioni/ws_ur16/install/controller_manager_msgs/include/controller_manager_msgs/controller_manager_msgs/msg/detail/hardware_component_state__type_support.c
[1.023s] -- Up-to-date: /home/gcerioni/ws_ur16/install/controller_manager_msgs/include/controller_manager_msgs/controller_manager_msgs/msg/detail/controller_state__type_support.c
[1.023s] -- Up-to-date: /home/gcerioni/ws_ur16/install/controller_manager_msgs/include/controller_manager_msgs/controller_manager_msgs/msg/detail/hardware_interface__type_support.c
[1.024s] -- Up-to-date: /home/gcerioni/ws_ur16/install/controller_manager_msgs/include/controller_manager_msgs/controller_manager_msgs/msg/rosidl_typesupport_introspection_c__visibility_control.h
[1.024s] -- Up-to-date: /home/gcerioni/ws_ur16/install/controller_manager_msgs/include/controller_manager_msgs/controller_manager_msgs/srv
[1.024s] -- Up-to-date: /home/gcerioni/ws_ur16/install/controller_manager_msgs/include/controller_manager_msgs/controller_manager_msgs/srv/detail
[1.024s] -- Up-to-date: /home/gcerioni/ws_ur16/install/controller_manager_msgs/include/controller_manager_msgs/controller_manager_msgs/srv/detail/unload_controller__rosidl_typesupport_introspection_c.h
[1.024s] -- Up-to-date: /home/gcerioni/ws_ur16/install/controller_manager_msgs/include/controller_manager_msgs/controller_manager_msgs/srv/detail/set_hardware_component_state__type_support.c
[1.025s] -- Up-to-date: /home/gcerioni/ws_ur16/install/controller_manager_msgs/include/controller_manager_msgs/controller_manager_msgs/srv/detail/reload_controller_libraries__type_support.c
[1.025s] -- Up-to-date: /home/gcerioni/ws_ur16/install/controller_manager_msgs/include/controller_manager_msgs/controller_manager_msgs/srv/detail/set_hardware_component_state__rosidl_typesupport_introspection_c.h
[1.025s] -- Up-to-date: /home/gcerioni/ws_ur16/install/controller_manager_msgs/include/controller_manager_msgs/controller_manager_msgs/srv/detail/list_controller_types__rosidl_typesupport_introspection_c.h
[1.025s] -- Up-to-date: /home/gcerioni/ws_ur16/install/controller_manager_msgs/include/controller_manager_msgs/controller_manager_msgs/srv/detail/unload_controller__type_support.c
[1.025s] -- Up-to-date: /home/gcerioni/ws_ur16/install/controller_manager_msgs/include/controller_manager_msgs/controller_manager_msgs/srv/detail/load_controller__type_support.c
[1.025s] -- Up-to-date: /home/gcerioni/ws_ur16/install/controller_manager_msgs/include/controller_manager_msgs/controller_manager_msgs/srv/detail/switch_controller__rosidl_typesupport_introspection_c.h
[1.025s] -- Up-to-date: /home/gcerioni/ws_ur16/install/controller_manager_msgs/include/controller_manager_msgs/controller_manager_msgs/srv/detail/configure_controller__type_support.c
[1.025s] -- Up-to-date: /home/gcerioni/ws_ur16/install/controller_manager_msgs/include/controller_manager_msgs/controller_manager_msgs/srv/detail/switch_controller__type_support.c
[1.025s] -- Up-to-date: /home/gcerioni/ws_ur16/install/controller_manager_msgs/include/controller_manager_msgs/controller_manager_msgs/srv/detail/reload_controller_libraries__rosidl_typesupport_introspection_c.h
[1.026s] -- Up-to-date: /home/gcerioni/ws_ur16/install/controller_manager_msgs/include/controller_manager_msgs/controller_manager_msgs/srv/detail/list_controllers__rosidl_typesupport_introspection_c.h
[1.026s] -- Up-to-date: /home/gcerioni/ws_ur16/install/controller_manager_msgs/include/controller_manager_msgs/controller_manager_msgs/srv/detail/list_hardware_interfaces__type_support.c
[1.026s] -- Up-to-date: /home/gcerioni/ws_ur16/install/controller_manager_msgs/include/controller_manager_msgs/controller_manager_msgs/srv/detail/list_hardware_interfaces__rosidl_typesupport_introspection_c.h
[1.026s] -- Up-to-date: /home/gcerioni/ws_ur16/install/controller_manager_msgs/include/controller_manager_msgs/controller_manager_msgs/srv/detail/list_controller_types__type_support.c
[1.026s] -- Up-to-date: /home/gcerioni/ws_ur16/install/controller_manager_msgs/include/controller_manager_msgs/controller_manager_msgs/srv/detail/load_controller__rosidl_typesupport_introspection_c.h
[1.026s] -- Up-to-date: /home/gcerioni/ws_ur16/install/controller_manager_msgs/include/controller_manager_msgs/controller_manager_msgs/srv/detail/list_controllers__type_support.c
[1.027s] -- Up-to-date: /home/gcerioni/ws_ur16/install/controller_manager_msgs/include/controller_manager_msgs/controller_manager_msgs/srv/detail/list_hardware_components__type_support.c
[1.027s] -- Up-to-date: /home/gcerioni/ws_ur16/install/controller_manager_msgs/include/controller_manager_msgs/controller_manager_msgs/srv/detail/configure_controller__rosidl_typesupport_introspection_c.h
[1.027s] -- Up-to-date: /home/gcerioni/ws_ur16/install/controller_manager_msgs/include/controller_manager_msgs/controller_manager_msgs/srv/detail/list_hardware_components__rosidl_typesupport_introspection_c.h
[1.027s] -- Up-to-date: /home/gcerioni/ws_ur16/install/controller_manager_msgs/lib/libcontroller_manager_msgs__rosidl_typesupport_introspection_c.so
[1.027s] -- Up-to-date: /home/gcerioni/ws_ur16/install/controller_manager_msgs/lib/libcontroller_manager_msgs__rosidl_typesupport_c.so
[1.027s] -- Up-to-date: /home/gcerioni/ws_ur16/install/controller_manager_msgs/include/controller_manager_msgs/controller_manager_msgs
[1.028s] -- Up-to-date: /home/gcerioni/ws_ur16/install/controller_manager_msgs/include/controller_manager_msgs/controller_manager_msgs/msg
[1.028s] -- Up-to-date: /home/gcerioni/ws_ur16/install/controller_manager_msgs/include/controller_manager_msgs/controller_manager_msgs/msg/detail
[1.028s] -- Up-to-date: /home/gcerioni/ws_ur16/install/controller_manager_msgs/include/controller_manager_msgs/controller_manager_msgs/msg/detail/chain_connection__rosidl_typesupport_introspection_cpp.hpp
[1.029s] -- Up-to-date: /home/gcerioni/ws_ur16/install/controller_manager_msgs/include/controller_manager_msgs/controller_manager_msgs/msg/detail/controller_state__type_support.cpp
[1.029s] -- Up-to-date: /home/gcerioni/ws_ur16/install/controller_manager_msgs/include/controller_manager_msgs/controller_manager_msgs/msg/detail/hardware_component_state__rosidl_typesupport_introspection_cpp.hpp
[1.029s] -- Up-to-date: /home/gcerioni/ws_ur16/install/controller_manager_msgs/include/controller_manager_msgs/controller_manager_msgs/msg/detail/controller_state__rosidl_typesupport_introspection_cpp.hpp
[1.030s] -- Up-to-date: /home/gcerioni/ws_ur16/install/controller_manager_msgs/include/controller_manager_msgs/controller_manager_msgs/msg/detail/hardware_interface__rosidl_typesupport_introspection_cpp.hpp
[1.030s] -- Up-to-date: /home/gcerioni/ws_ur16/install/controller_manager_msgs/include/controller_manager_msgs/controller_manager_msgs/msg/detail/chain_connection__type_support.cpp
[1.030s] -- Up-to-date: /home/gcerioni/ws_ur16/install/controller_manager_msgs/include/controller_manager_msgs/controller_manager_msgs/msg/detail/hardware_interface__type_support.cpp
[1.030s] -- Up-to-date: /home/gcerioni/ws_ur16/install/controller_manager_msgs/include/controller_manager_msgs/controller_manager_msgs/msg/detail/hardware_component_state__type_support.cpp
[1.031s] -- Up-to-date: /home/gcerioni/ws_ur16/install/controller_manager_msgs/include/controller_manager_msgs/controller_manager_msgs/srv
[1.031s] -- Up-to-date: /home/gcerioni/ws_ur16/install/controller_manager_msgs/include/controller_manager_msgs/controller_manager_msgs/srv/detail
[1.031s] -- Up-to-date: /home/gcerioni/ws_ur16/install/controller_manager_msgs/include/controller_manager_msgs/controller_manager_msgs/srv/detail/configure_controller__rosidl_typesupport_introspection_cpp.hpp
[1.032s] -- Up-to-date: /home/gcerioni/ws_ur16/install/controller_manager_msgs/include/controller_manager_msgs/controller_manager_msgs/srv/detail/configure_controller__type_support.cpp
[1.032s] -- Up-to-date: /home/gcerioni/ws_ur16/install/controller_manager_msgs/include/controller_manager_msgs/controller_manager_msgs/srv/detail/unload_controller__rosidl_typesupport_introspection_cpp.hpp
[1.033s] -- Up-to-date: /home/gcerioni/ws_ur16/install/controller_manager_msgs/include/controller_manager_msgs/controller_manager_msgs/srv/detail/unload_controller__type_support.cpp
[1.033s] -- Up-to-date: /home/gcerioni/ws_ur16/install/controller_manager_msgs/include/controller_manager_msgs/controller_manager_msgs/srv/detail/list_hardware_components__type_support.cpp
[1.033s] -- Up-to-date: /home/gcerioni/ws_ur16/install/controller_manager_msgs/include/controller_manager_msgs/controller_manager_msgs/srv/detail/load_controller__rosidl_typesupport_introspection_cpp.hpp
[1.033s] -- Up-to-date: /home/gcerioni/ws_ur16/install/controller_manager_msgs/include/controller_manager_msgs/controller_manager_msgs/srv/detail/list_controller_types__rosidl_typesupport_introspection_cpp.hpp
[1.034s] -- Up-to-date: /home/gcerioni/ws_ur16/install/controller_manager_msgs/include/controller_manager_msgs/controller_manager_msgs/srv/detail/list_controllers__type_support.cpp
[1.034s] -- Up-to-date: /home/gcerioni/ws_ur16/install/controller_manager_msgs/include/controller_manager_msgs/controller_manager_msgs/srv/detail/reload_controller_libraries__type_support.cpp
[1.034s] -- Up-to-date: /home/gcerioni/ws_ur16/install/controller_manager_msgs/include/controller_manager_msgs/controller_manager_msgs/srv/detail/list_hardware_components__rosidl_typesupport_introspection_cpp.hpp
[1.035s] -- Up-to-date: /home/gcerioni/ws_ur16/install/controller_manager_msgs/include/controller_manager_msgs/controller_manager_msgs/srv/detail/set_hardware_component_state__type_support.cpp
[1.035s] -- Up-to-date: /home/gcerioni/ws_ur16/install/controller_manager_msgs/include/controller_manager_msgs/controller_manager_msgs/srv/detail/set_hardware_component_state__rosidl_typesupport_introspection_cpp.hpp
[1.035s] -- Up-to-date: /home/gcerioni/ws_ur16/install/controller_manager_msgs/include/controller_manager_msgs/controller_manager_msgs/srv/detail/switch_controller__type_support.cpp
[1.035s] -- Up-to-date: /home/gcerioni/ws_ur16/install/controller_manager_msgs/include/controller_manager_msgs/controller_manager_msgs/srv/detail/list_controllers__rosidl_typesupport_introspection_cpp.hpp
[1.035s] -- Up-to-date: /home/gcerioni/ws_ur16/install/controller_manager_msgs/include/controller_manager_msgs/controller_manager_msgs/srv/detail/list_hardware_interfaces__type_support.cpp
[1.036s] -- Up-to-date: /home/gcerioni/ws_ur16/install/controller_manager_msgs/include/controller_manager_msgs/controller_manager_msgs/srv/detail/load_controller__type_support.cpp
[1.036s] -- Up-to-date: /home/gcerioni/ws_ur16/install/controller_manager_msgs/include/controller_manager_msgs/controller_manager_msgs/srv/detail/list_hardware_interfaces__rosidl_typesupport_introspection_cpp.hpp
[1.036s] -- Up-to-date: /home/gcerioni/ws_ur16/install/controller_manager_msgs/include/controller_manager_msgs/controller_manager_msgs/srv/detail/reload_controller_libraries__rosidl_typesupport_introspection_cpp.hpp
[1.036s] -- Up-to-date: /home/gcerioni/ws_ur16/install/controller_manager_msgs/include/controller_manager_msgs/controller_manager_msgs/srv/detail/list_controller_types__type_support.cpp
[1.036s] -- Up-to-date: /home/gcerioni/ws_ur16/install/controller_manager_msgs/include/controller_manager_msgs/controller_manager_msgs/srv/detail/switch_controller__rosidl_typesupport_introspection_cpp.hpp
[1.036s] -- Up-to-date: /home/gcerioni/ws_ur16/install/controller_manager_msgs/lib/libcontroller_manager_msgs__rosidl_typesupport_introspection_cpp.so
[1.036s] -- Up-to-date: /home/gcerioni/ws_ur16/install/controller_manager_msgs/lib/libcontroller_manager_msgs__rosidl_typesupport_cpp.so
[1.036s] -- Up-to-date: /home/gcerioni/ws_ur16/install/controller_manager_msgs/share/controller_manager_msgs/environment/pythonpath.sh
[1.036s] -- Up-to-date: /home/gcerioni/ws_ur16/install/controller_manager_msgs/share/controller_manager_msgs/environment/pythonpath.dsv
[1.036s] -- Up-to-date: /home/gcerioni/ws_ur16/install/controller_manager_msgs/local/lib/python3.10/dist-packages/controller_manager_msgs-2.48.0-py3.10.egg-info
[1.037s] -- Installing: /home/gcerioni/ws_ur16/install/controller_manager_msgs/local/lib/python3.10/dist-packages/controller_manager_msgs-2.48.0-py3.10.egg-info/top_level.txt
[1.037s] -- Installing: /home/gcerioni/ws_ur16/install/controller_manager_msgs/local/lib/python3.10/dist-packages/controller_manager_msgs-2.48.0-py3.10.egg-info/SOURCES.txt
[1.037s] -- Installing: /home/gcerioni/ws_ur16/install/controller_manager_msgs/local/lib/python3.10/dist-packages/controller_manager_msgs-2.48.0-py3.10.egg-info/dependency_links.txt
[1.037s] -- Installing: /home/gcerioni/ws_ur16/install/controller_manager_msgs/local/lib/python3.10/dist-packages/controller_manager_msgs-2.48.0-py3.10.egg-info/PKG-INFO
[1.037s] -- Up-to-date: /home/gcerioni/ws_ur16/install/controller_manager_msgs/local/lib/python3.10/dist-packages/controller_manager_msgs
[1.038s] -- Up-to-date: /home/gcerioni/ws_ur16/install/controller_manager_msgs/local/lib/python3.10/dist-packages/controller_manager_msgs/_controller_manager_msgs_s.ep.rosidl_typesupport_fastrtps_c.c
[1.038s] -- Up-to-date: /home/gcerioni/ws_ur16/install/controller_manager_msgs/local/lib/python3.10/dist-packages/controller_manager_msgs/msg
[1.038s] -- Up-to-date: /home/gcerioni/ws_ur16/install/controller_manager_msgs/local/lib/python3.10/dist-packages/controller_manager_msgs/msg/_hardware_component_state_s.c
[1.038s] -- Up-to-date: /home/gcerioni/ws_ur16/install/controller_manager_msgs/local/lib/python3.10/dist-packages/controller_manager_msgs/msg/_chain_connection_s.c
[1.038s] -- Up-to-date: /home/gcerioni/ws_ur16/install/controller_manager_msgs/local/lib/python3.10/dist-packages/controller_manager_msgs/msg/_hardware_component_state.py
[1.038s] -- Up-to-date: /home/gcerioni/ws_ur16/install/controller_manager_msgs/local/lib/python3.10/dist-packages/controller_manager_msgs/msg/_chain_connection.py
[1.038s] -- Up-to-date: /home/gcerioni/ws_ur16/install/controller_manager_msgs/local/lib/python3.10/dist-packages/controller_manager_msgs/msg/_hardware_interface.py
[1.039s] -- Up-to-date: /home/gcerioni/ws_ur16/install/controller_manager_msgs/local/lib/python3.10/dist-packages/controller_manager_msgs/msg/__init__.py
[1.039s] -- Up-to-date: /home/gcerioni/ws_ur16/install/controller_manager_msgs/local/lib/python3.10/dist-packages/controller_manager_msgs/msg/_controller_state.py
[1.039s] -- Up-to-date: /home/gcerioni/ws_ur16/install/controller_manager_msgs/local/lib/python3.10/dist-packages/controller_manager_msgs/msg/_controller_state_s.c
[1.039s] -- Up-to-date: /home/gcerioni/ws_ur16/install/controller_manager_msgs/local/lib/python3.10/dist-packages/controller_manager_msgs/msg/_hardware_interface_s.c
[1.039s] -- Up-to-date: /home/gcerioni/ws_ur16/install/controller_manager_msgs/local/lib/python3.10/dist-packages/controller_manager_msgs/libcontroller_manager_msgs__rosidl_generator_py.so
[1.039s] -- Up-to-date: /home/gcerioni/ws_ur16/install/controller_manager_msgs/local/lib/python3.10/dist-packages/controller_manager_msgs/controller_manager_msgs_s__rosidl_typesupport_c.cpython-310-x86_64-linux-gnu.so
[1.040s] -- Up-to-date: /home/gcerioni/ws_ur16/install/controller_manager_msgs/local/lib/python3.10/dist-packages/controller_manager_msgs/_controller_manager_msgs_s.ep.rosidl_typesupport_introspection_c.c
[1.040s] -- Up-to-date: /home/gcerioni/ws_ur16/install/controller_manager_msgs/local/lib/python3.10/dist-packages/controller_manager_msgs/controller_manager_msgs_s__rosidl_typesupport_introspection_c.cpython-310-x86_64-linux-gnu.so
[1.040s] -- Up-to-date: /home/gcerioni/ws_ur16/install/controller_manager_msgs/local/lib/python3.10/dist-packages/controller_manager_msgs/__init__.py
[1.040s] -- Up-to-date: /home/gcerioni/ws_ur16/install/controller_manager_msgs/local/lib/python3.10/dist-packages/controller_manager_msgs/_controller_manager_msgs_s.ep.rosidl_typesupport_c.c
[1.040s] -- Up-to-date: /home/gcerioni/ws_ur16/install/controller_manager_msgs/local/lib/python3.10/dist-packages/controller_manager_msgs/controller_manager_msgs_s__rosidl_typesupport_fastrtps_c.cpython-310-x86_64-linux-gnu.so
[1.040s] -- Up-to-date: /home/gcerioni/ws_ur16/install/controller_manager_msgs/local/lib/python3.10/dist-packages/controller_manager_msgs/srv
[1.042s] -- Up-to-date: /home/gcerioni/ws_ur16/install/controller_manager_msgs/local/lib/python3.10/dist-packages/controller_manager_msgs/srv/_load_controller.py
[1.042s] -- Up-to-date: /home/gcerioni/ws_ur16/install/controller_manager_msgs/local/lib/python3.10/dist-packages/controller_manager_msgs/srv/_unload_controller_s.c
[1.042s] -- Up-to-date: /home/gcerioni/ws_ur16/install/controller_manager_msgs/local/lib/python3.10/dist-packages/controller_manager_msgs/srv/_list_hardware_interfaces_s.c
[1.042s] -- Up-to-date: /home/gcerioni/ws_ur16/install/controller_manager_msgs/local/lib/python3.10/dist-packages/controller_manager_msgs/srv/_reload_controller_libraries.py
[1.043s] -- Up-to-date: /home/gcerioni/ws_ur16/install/controller_manager_msgs/local/lib/python3.10/dist-packages/controller_manager_msgs/srv/_reload_controller_libraries_s.c
[1.043s] -- Up-to-date: /home/gcerioni/ws_ur16/install/controller_manager_msgs/local/lib/python3.10/dist-packages/controller_manager_msgs/srv/_configure_controller.py
[1.043s] -- Up-to-date: /home/gcerioni/ws_ur16/install/controller_manager_msgs/local/lib/python3.10/dist-packages/controller_manager_msgs/srv/_list_controller_types.py
[1.043s] -- Up-to-date: /home/gcerioni/ws_ur16/install/controller_manager_msgs/local/lib/python3.10/dist-packages/controller_manager_msgs/srv/_list_hardware_components_s.c
[1.043s] -- Up-to-date: /home/gcerioni/ws_ur16/install/controller_manager_msgs/local/lib/python3.10/dist-packages/controller_manager_msgs/srv/_switch_controller.py
[1.043s] -- Up-to-date: /home/gcerioni/ws_ur16/install/controller_manager_msgs/local/lib/python3.10/dist-packages/controller_manager_msgs/srv/_load_controller_s.c
[1.043s] -- Up-to-date: /home/gcerioni/ws_ur16/install/controller_manager_msgs/local/lib/python3.10/dist-packages/controller_manager_msgs/srv/_list_controllers_s.c
[1.043s] -- Up-to-date: /home/gcerioni/ws_ur16/install/controller_manager_msgs/local/lib/python3.10/dist-packages/controller_manager_msgs/srv/__init__.py
[1.043s] -- Up-to-date: /home/gcerioni/ws_ur16/install/controller_manager_msgs/local/lib/python3.10/dist-packages/controller_manager_msgs/srv/_list_controller_types_s.c
[1.044s] -- Up-to-date: /home/gcerioni/ws_ur16/install/controller_manager_msgs/local/lib/python3.10/dist-packages/controller_manager_msgs/srv/_list_controllers.py
[1.044s] -- Up-to-date: /home/gcerioni/ws_ur16/install/controller_manager_msgs/local/lib/python3.10/dist-packages/controller_manager_msgs/srv/_unload_controller.py
[1.044s] -- Up-to-date: /home/gcerioni/ws_ur16/install/controller_manager_msgs/local/lib/python3.10/dist-packages/controller_manager_msgs/srv/_switch_controller_s.c
[1.044s] -- Up-to-date: /home/gcerioni/ws_ur16/install/controller_manager_msgs/local/lib/python3.10/dist-packages/controller_manager_msgs/srv/_set_hardware_component_state_s.c
[1.045s] -- Up-to-date: /home/gcerioni/ws_ur16/install/controller_manager_msgs/local/lib/python3.10/dist-packages/controller_manager_msgs/srv/_configure_controller_s.c
[1.045s] -- Up-to-date: /home/gcerioni/ws_ur16/install/controller_manager_msgs/local/lib/python3.10/dist-packages/controller_manager_msgs/srv/_list_hardware_interfaces.py
[1.045s] -- Up-to-date: /home/gcerioni/ws_ur16/install/controller_manager_msgs/local/lib/python3.10/dist-packages/controller_manager_msgs/srv/_set_hardware_component_state.py
[1.045s] -- Up-to-date: /home/gcerioni/ws_ur16/install/controller_manager_msgs/local/lib/python3.10/dist-packages/controller_manager_msgs/srv/_list_hardware_components.py
[1.074s] Listing '/home/gcerioni/ws_ur16/install/controller_manager_msgs/local/lib/python3.10/dist-packages/controller_manager_msgs'...
[1.074s] Listing '/home/gcerioni/ws_ur16/install/controller_manager_msgs/local/lib/python3.10/dist-packages/controller_manager_msgs/msg'...
[1.074s] Listing '/home/gcerioni/ws_ur16/install/controller_manager_msgs/local/lib/python3.10/dist-packages/controller_manager_msgs/srv'...
[1.075s] -- Up-to-date: /home/gcerioni/ws_ur16/install/controller_manager_msgs/local/lib/python3.10/dist-packages/controller_manager_msgs/controller_manager_msgs_s__rosidl_typesupport_fastrtps_c.cpython-310-x86_64-linux-gnu.so
[1.075s] -- Up-to-date: /home/gcerioni/ws_ur16/install/controller_manager_msgs/local/lib/python3.10/dist-packages/controller_manager_msgs/controller_manager_msgs_s__rosidl_typesupport_introspection_c.cpython-310-x86_64-linux-gnu.so
[1.075s] -- Up-to-date: /home/gcerioni/ws_ur16/install/controller_manager_msgs/local/lib/python3.10/dist-packages/controller_manager_msgs/controller_manager_msgs_s__rosidl_typesupport_c.cpython-310-x86_64-linux-gnu.so
[1.075s] -- Up-to-date: /home/gcerioni/ws_ur16/install/controller_manager_msgs/lib/libcontroller_manager_msgs__rosidl_generator_py.so
[1.076s] -- Up-to-date: /home/gcerioni/ws_ur16/install/controller_manager_msgs/share/controller_manager_msgs/msg/ControllerState.idl
[1.076s] -- Up-to-date: /home/gcerioni/ws_ur16/install/controller_manager_msgs/share/controller_manager_msgs/msg/ChainConnection.idl
[1.076s] -- Up-to-date: /home/gcerioni/ws_ur16/install/controller_manager_msgs/share/controller_manager_msgs/msg/HardwareComponentState.idl
[1.076s] -- Up-to-date: /home/gcerioni/ws_ur16/install/controller_manager_msgs/share/controller_manager_msgs/msg/HardwareInterface.idl
[1.076s] -- Up-to-date: /home/gcerioni/ws_ur16/install/controller_manager_msgs/share/controller_manager_msgs/srv/ConfigureController.idl
[1.076s] -- Up-to-date: /home/gcerioni/ws_ur16/install/controller_manager_msgs/share/controller_manager_msgs/srv/ListControllers.idl
[1.076s] -- Up-to-date: /home/gcerioni/ws_ur16/install/controller_manager_msgs/share/controller_manager_msgs/srv/ListControllerTypes.idl
[1.076s] -- Up-to-date: /home/gcerioni/ws_ur16/install/controller_manager_msgs/share/controller_manager_msgs/srv/ListHardwareComponents.idl
[1.077s] -- Up-to-date: /home/gcerioni/ws_ur16/install/controller_manager_msgs/share/controller_manager_msgs/srv/ListHardwareInterfaces.idl
[1.077s] -- Up-to-date: /home/gcerioni/ws_ur16/install/controller_manager_msgs/share/controller_manager_msgs/srv/LoadController.idl
[1.077s] -- Up-to-date: /home/gcerioni/ws_ur16/install/controller_manager_msgs/share/controller_manager_msgs/srv/ReloadControllerLibraries.idl
[1.077s] -- Up-to-date: /home/gcerioni/ws_ur16/install/controller_manager_msgs/share/controller_manager_msgs/srv/SetHardwareComponentState.idl
[1.077s] -- Up-to-date: /home/gcerioni/ws_ur16/install/controller_manager_msgs/share/controller_manager_msgs/srv/SwitchController.idl
[1.077s] -- Up-to-date: /home/gcerioni/ws_ur16/install/controller_manager_msgs/share/controller_manager_msgs/srv/UnloadController.idl
[1.077s] -- Up-to-date: /home/gcerioni/ws_ur16/install/controller_manager_msgs/share/controller_manager_msgs/msg/ControllerState.msg
[1.077s] -- Up-to-date: /home/gcerioni/ws_ur16/install/controller_manager_msgs/share/controller_manager_msgs/msg/ChainConnection.msg
[1.077s] -- Up-to-date: /home/gcerioni/ws_ur16/install/controller_manager_msgs/share/controller_manager_msgs/msg/HardwareComponentState.msg
[1.077s] -- Up-to-date: /home/gcerioni/ws_ur16/install/controller_manager_msgs/share/controller_manager_msgs/msg/HardwareInterface.msg
[1.078s] -- Up-to-date: /home/gcerioni/ws_ur16/install/controller_manager_msgs/share/controller_manager_msgs/srv/ConfigureController.srv
[1.078s] -- Up-to-date: /home/gcerioni/ws_ur16/install/controller_manager_msgs/share/controller_manager_msgs/srv/ConfigureController_Request.msg
[1.078s] -- Up-to-date: /home/gcerioni/ws_ur16/install/controller_manager_msgs/share/controller_manager_msgs/srv/ConfigureController_Response.msg
[1.078s] -- Up-to-date: /home/gcerioni/ws_ur16/install/controller_manager_msgs/share/controller_manager_msgs/srv/ListControllers.srv
[1.078s] -- Up-to-date: /home/gcerioni/ws_ur16/install/controller_manager_msgs/share/controller_manager_msgs/srv/ListControllers_Request.msg
[1.078s] -- Up-to-date: /home/gcerioni/ws_ur16/install/controller_manager_msgs/share/controller_manager_msgs/srv/ListControllers_Response.msg
[1.078s] -- Up-to-date: /home/gcerioni/ws_ur16/install/controller_manager_msgs/share/controller_manager_msgs/srv/ListControllerTypes.srv
[1.078s] -- Up-to-date: /home/gcerioni/ws_ur16/install/controller_manager_msgs/share/controller_manager_msgs/srv/ListControllerTypes_Request.msg
[1.078s] -- Up-to-date: /home/gcerioni/ws_ur16/install/controller_manager_msgs/share/controller_manager_msgs/srv/ListControllerTypes_Response.msg
[1.079s] -- Up-to-date: /home/gcerioni/ws_ur16/install/controller_manager_msgs/share/controller_manager_msgs/srv/ListHardwareComponents.srv
[1.079s] -- Up-to-date: /home/gcerioni/ws_ur16/install/controller_manager_msgs/share/controller_manager_msgs/srv/ListHardwareComponents_Request.msg
[1.079s] -- Up-to-date: /home/gcerioni/ws_ur16/install/controller_manager_msgs/share/controller_manager_msgs/srv/ListHardwareComponents_Response.msg
[1.079s] -- Up-to-date: /home/gcerioni/ws_ur16/install/controller_manager_msgs/share/controller_manager_msgs/srv/ListHardwareInterfaces.srv
[1.080s] -- Up-to-date: /home/gcerioni/ws_ur16/install/controller_manager_msgs/share/controller_manager_msgs/srv/ListHardwareInterfaces_Request.msg
[1.080s] -- Up-to-date: /home/gcerioni/ws_ur16/install/controller_manager_msgs/share/controller_manager_msgs/srv/ListHardwareInterfaces_Response.msg
[1.080s] -- Up-to-date: /home/gcerioni/ws_ur16/install/controller_manager_msgs/share/controller_manager_msgs/srv/LoadController.srv
[1.080s] -- Up-to-date: /home/gcerioni/ws_ur16/install/controller_manager_msgs/share/controller_manager_msgs/srv/LoadController_Request.msg
[1.080s] -- Up-to-date: /home/gcerioni/ws_ur16/install/controller_manager_msgs/share/controller_manager_msgs/srv/LoadController_Response.msg
[1.080s] -- Up-to-date: /home/gcerioni/ws_ur16/install/controller_manager_msgs/share/controller_manager_msgs/srv/ReloadControllerLibraries.srv
[1.080s] -- Up-to-date: /home/gcerioni/ws_ur16/install/controller_manager_msgs/share/controller_manager_msgs/srv/ReloadControllerLibraries_Request.msg
[1.081s] -- Up-to-date: /home/gcerioni/ws_ur16/install/controller_manager_msgs/share/controller_manager_msgs/srv/ReloadControllerLibraries_Response.msg
[1.081s] -- Up-to-date: /home/gcerioni/ws_ur16/install/controller_manager_msgs/share/controller_manager_msgs/srv/SetHardwareComponentState.srv
[1.081s] -- Up-to-date: /home/gcerioni/ws_ur16/install/controller_manager_msgs/share/controller_manager_msgs/srv/SetHardwareComponentState_Request.msg
[1.081s] -- Up-to-date: /home/gcerioni/ws_ur16/install/controller_manager_msgs/share/controller_manager_msgs/srv/SetHardwareComponentState_Response.msg
[1.081s] -- Up-to-date: /home/gcerioni/ws_ur16/install/controller_manager_msgs/share/controller_manager_msgs/srv/SwitchController.srv
[1.081s] -- Up-to-date: /home/gcerioni/ws_ur16/install/controller_manager_msgs/share/controller_manager_msgs/srv/SwitchController_Request.msg
[1.081s] -- Up-to-date: /home/gcerioni/ws_ur16/install/controller_manager_msgs/share/controller_manager_msgs/srv/SwitchController_Response.msg
[1.081s] -- Up-to-date: /home/gcerioni/ws_ur16/install/controller_manager_msgs/share/controller_manager_msgs/srv/UnloadController.srv
[1.081s] -- Up-to-date: /home/gcerioni/ws_ur16/install/controller_manager_msgs/share/controller_manager_msgs/srv/UnloadController_Request.msg
[1.082s] -- Up-to-date: /home/gcerioni/ws_ur16/install/controller_manager_msgs/share/controller_manager_msgs/srv/UnloadController_Response.msg
[1.082s] -- Up-to-date: /home/gcerioni/ws_ur16/install/controller_manager_msgs/share/ament_index/resource_index/package_run_dependencies/controller_manager_msgs
[1.082s] -- Up-to-date: /home/gcerioni/ws_ur16/install/controller_manager_msgs/share/ament_index/resource_index/parent_prefix_path/controller_manager_msgs
[1.082s] -- Up-to-date: /home/gcerioni/ws_ur16/install/controller_manager_msgs/share/controller_manager_msgs/environment/ament_prefix_path.sh
[1.082s] -- Up-to-date: /home/gcerioni/ws_ur16/install/controller_manager_msgs/share/controller_manager_msgs/environment/ament_prefix_path.dsv
[1.082s] -- Up-to-date: /home/gcerioni/ws_ur16/install/controller_manager_msgs/share/controller_manager_msgs/environment/path.sh
[1.082s] -- Up-to-date: /home/gcerioni/ws_ur16/install/controller_manager_msgs/share/controller_manager_msgs/environment/path.dsv
[1.082s] -- Up-to-date: /home/gcerioni/ws_ur16/install/controller_manager_msgs/share/controller_manager_msgs/local_setup.bash
[1.082s] -- Up-to-date: /home/gcerioni/ws_ur16/install/controller_manager_msgs/share/controller_manager_msgs/local_setup.sh
[1.082s] -- Up-to-date: /home/gcerioni/ws_ur16/install/controller_manager_msgs/share/controller_manager_msgs/local_setup.zsh
[1.082s] -- Up-to-date: /home/gcerioni/ws_ur16/install/controller_manager_msgs/share/controller_manager_msgs/local_setup.dsv
[1.082s] -- Installing: /home/gcerioni/ws_ur16/install/controller_manager_msgs/share/controller_manager_msgs/package.dsv
[1.083s] -- Up-to-date: /home/gcerioni/ws_ur16/install/controller_manager_msgs/share/ament_index/resource_index/packages/controller_manager_msgs
[1.083s] -- Up-to-date: /home/gcerioni/ws_ur16/install/controller_manager_msgs/share/controller_manager_msgs/cmake/export_controller_manager_msgs__rosidl_generator_cExport.cmake
[1.083s] -- Up-to-date: /home/gcerioni/ws_ur16/install/controller_manager_msgs/share/controller_manager_msgs/cmake/export_controller_manager_msgs__rosidl_generator_cExport-release.cmake
[1.083s] -- Up-to-date: /home/gcerioni/ws_ur16/install/controller_manager_msgs/share/controller_manager_msgs/cmake/export_controller_manager_msgs__rosidl_typesupport_fastrtps_cExport.cmake
[1.083s] -- Up-to-date: /home/gcerioni/ws_ur16/install/controller_manager_msgs/share/controller_manager_msgs/cmake/export_controller_manager_msgs__rosidl_typesupport_fastrtps_cExport-release.cmake
[1.083s] -- Up-to-date: /home/gcerioni/ws_ur16/install/controller_manager_msgs/share/controller_manager_msgs/cmake/export_controller_manager_msgs__rosidl_generator_cppExport.cmake
[1.083s] -- Up-to-date: /home/gcerioni/ws_ur16/install/controller_manager_msgs/share/controller_manager_msgs/cmake/export_controller_manager_msgs__rosidl_typesupport_fastrtps_cppExport.cmake
[1.083s] -- Up-to-date: /home/gcerioni/ws_ur16/install/controller_manager_msgs/share/controller_manager_msgs/cmake/export_controller_manager_msgs__rosidl_typesupport_fastrtps_cppExport-release.cmake
[1.083s] -- Up-to-date: /home/gcerioni/ws_ur16/install/controller_manager_msgs/share/controller_manager_msgs/cmake/controller_manager_msgs__rosidl_typesupport_introspection_cExport.cmake
[1.083s] -- Up-to-date: /home/gcerioni/ws_ur16/install/controller_manager_msgs/share/controller_manager_msgs/cmake/controller_manager_msgs__rosidl_typesupport_introspection_cExport-release.cmake
[1.083s] -- Up-to-date: /home/gcerioni/ws_ur16/install/controller_manager_msgs/share/controller_manager_msgs/cmake/controller_manager_msgs__rosidl_typesupport_cExport.cmake
[1.083s] -- Up-to-date: /home/gcerioni/ws_ur16/install/controller_manager_msgs/share/controller_manager_msgs/cmake/controller_manager_msgs__rosidl_typesupport_cExport-release.cmake
[1.083s] -- Up-to-date: /home/gcerioni/ws_ur16/install/controller_manager_msgs/share/controller_manager_msgs/cmake/controller_manager_msgs__rosidl_typesupport_introspection_cppExport.cmake
[1.083s] -- Up-to-date: /home/gcerioni/ws_ur16/install/controller_manager_msgs/share/controller_manager_msgs/cmake/controller_manager_msgs__rosidl_typesupport_introspection_cppExport-release.cmake
[1.083s] -- Up-to-date: /home/gcerioni/ws_ur16/install/controller_manager_msgs/share/controller_manager_msgs/cmake/controller_manager_msgs__rosidl_typesupport_cppExport.cmake
[1.083s] -- Up-to-date: /home/gcerioni/ws_ur16/install/controller_manager_msgs/share/controller_manager_msgs/cmake/controller_manager_msgs__rosidl_typesupport_cppExport-release.cmake
[1.083s] -- Up-to-date: /home/gcerioni/ws_ur16/install/controller_manager_msgs/share/controller_manager_msgs/cmake/export_controller_manager_msgs__rosidl_generator_pyExport.cmake
[1.083s] -- Up-to-date: /home/gcerioni/ws_ur16/install/controller_manager_msgs/share/controller_manager_msgs/cmake/export_controller_manager_msgs__rosidl_generator_pyExport-release.cmake
[1.083s] -- Up-to-date: /home/gcerioni/ws_ur16/install/controller_manager_msgs/share/controller_manager_msgs/cmake/rosidl_cmake-extras.cmake
[1.084s] -- Up-to-date: /home/gcerioni/ws_ur16/install/controller_manager_msgs/share/controller_manager_msgs/cmake/ament_cmake_export_dependencies-extras.cmake
[1.084s] -- Up-to-date: /home/gcerioni/ws_ur16/install/controller_manager_msgs/share/controller_manager_msgs/cmake/ament_cmake_export_include_directories-extras.cmake
[1.084s] -- Up-to-date: /home/gcerioni/ws_ur16/install/controller_manager_msgs/share/controller_manager_msgs/cmake/ament_cmake_export_libraries-extras.cmake
[1.084s] -- Up-to-date: /home/gcerioni/ws_ur16/install/controller_manager_msgs/share/controller_manager_msgs/cmake/ament_cmake_export_targets-extras.cmake
[1.084s] -- Up-to-date: /home/gcerioni/ws_ur16/install/controller_manager_msgs/share/controller_manager_msgs/cmake/rosidl_cmake_export_typesupport_targets-extras.cmake
[1.084s] -- Up-to-date: /home/gcerioni/ws_ur16/install/controller_manager_msgs/share/controller_manager_msgs/cmake/rosidl_cmake_export_typesupport_libraries-extras.cmake
[1.084s] -- Up-to-date: /home/gcerioni/ws_ur16/install/controller_manager_msgs/share/controller_manager_msgs/cmake/controller_manager_msgsConfig.cmake
[1.084s] -- Up-to-date: /home/gcerioni/ws_ur16/install/controller_manager_msgs/share/controller_manager_msgs/cmake/controller_manager_msgsConfig-version.cmake
[1.084s] -- Up-to-date: /home/gcerioni/ws_ur16/install/controller_manager_msgs/share/controller_manager_msgs/package.xml
[1.173s] Invoked command in '/home/gcerioni/ws_ur16/build/controller_manager_msgs' returned '0': CMAKE_PREFIX_PATH=/opt/ros/humble /usr/bin/cmake --install /home/gcerioni/ws_ur16/build/controller_manager_msgs
