-- Found ament_cmake: 1.3.11 (/opt/ros/humble/share/ament_cmake/cmake)
-- Found forward_command_controller: 2.43.0 (/home/gcerioni/ws_ur16/install/forward_command_controller/share/forward_command_controller/cmake)
-- Found rosidl_generator_c: 3.1.6 (/opt/ros/humble/share/rosidl_generator_c/cmake)
-- Found rosidl_adapter: 3.1.6 (/opt/ros/humble/share/rosidl_adapter/cmake)
-- Found rosidl_generator_cpp: 3.1.6 (/opt/ros/humble/share/rosidl_generator_cpp/cmake)
-- Using all available rosidl_typesupport_c: rosidl_typesupport_fastrtps_c;rosidl_typesupport_introspection_c
-- Using all available rosidl_typesupport_cpp: rosidl_typesupport_fastrtps_cpp;rosidl_typesupport_introspection_cpp
-- Found rmw_implementation_cmake: 6.1.2 (/opt/ros/humble/share/rmw_implementation_cmake/cmake)
-- Found rmw_fastrtps_cpp: 6.2.7 (/opt/ros/humble/share/rmw_fastrtps_cpp/cmake)
-- Using RMW implementation 'rmw_fastrtps_cpp' as default
-- Found ament_cmake_gmock: 1.3.11 (/opt/ros/humble/share/ament_cmake_gmock/cmake)
-- Found controller_manager: 2.48.0 (/home/gcerioni/ws_ur16/install/controller_manager/share/controller_manager/cmake)
-- Found ros2_control_test_assets: 2.48.0 (/home/gcerioni/ws_ur16/install/ros2_control_test_assets/share/ros2_control_test_assets/cmake)
-- Found gmock sources under '/opt/ros/humble/src/gmock_vendor': C++ tests using 'Google Mock' will be built
-- Found ament_cmake_gtest: 1.3.11 (/opt/ros/humble/share/ament_cmake_gtest/cmake)
-- Found gtest sources under '/opt/ros/humble/src/gtest_vendor': C++ tests using 'Google Test' will be built
-- Configuring done
-- Generating done
-- Build files have been written to: /home/gcerioni/ws_ur16/build/effort_controllers
[35m[1mConsolidate compiler generated dependencies of target effort_controllers[0m
[ 18%] Built target effort_controllers
[35m[1mConsolidate compiler generated dependencies of target gmock[0m
[ 45%] Built target gmock
[35m[1mConsolidate compiler generated dependencies of target gmock_main[0m
[ 63%] Built target gmock_main
[35m[1mConsolidate compiler generated dependencies of target test_load_joint_group_effort_controller[0m
[ 72%] [32mBuilding CXX object CMakeFiles/test_load_joint_group_effort_controller.dir/test/test_load_joint_group_effort_controller.cpp.o[0m
[ 81%] [32m[1mLinking CXX executable test_load_joint_group_effort_controller[0m
[ 81%] Built target test_load_joint_group_effort_controller
[35m[1mConsolidate compiler generated dependencies of target test_joint_group_effort_controller[0m
[100%] Built target test_joint_group_effort_controller
-- Install configuration: "Release"
-- Up-to-date: /home/gcerioni/ws_ur16/install/effort_controllers/share/effort_controllers/effort_controllers_plugins.xml
-- Up-to-date: /home/gcerioni/ws_ur16/install/effort_controllers/include/effort_controllers
-- Up-to-date: /home/gcerioni/ws_ur16/install/effort_controllers/include/effort_controllers/effort_controllers
-- Up-to-date: /home/gcerioni/ws_ur16/install/effort_controllers/include/effort_controllers/effort_controllers/visibility_control.h
-- Up-to-date: /home/gcerioni/ws_ur16/install/effort_controllers/include/effort_controllers/effort_controllers/joint_group_effort_controller.hpp
-- Up-to-date: /home/gcerioni/ws_ur16/install/effort_controllers/lib/libeffort_controllers.so
-- Up-to-date: /home/gcerioni/ws_ur16/install/effort_controllers/share/effort_controllers/environment/library_path.sh
-- Installing: /home/gcerioni/ws_ur16/install/effort_controllers/share/effort_controllers/environment/library_path.dsv
-- Up-to-date: /home/gcerioni/ws_ur16/install/effort_controllers/share/ament_index/resource_index/package_run_dependencies/effort_controllers
-- Installing: /home/gcerioni/ws_ur16/install/effort_controllers/share/ament_index/resource_index/parent_prefix_path/effort_controllers
-- Up-to-date: /home/gcerioni/ws_ur16/install/effort_controllers/share/effort_controllers/environment/ament_prefix_path.sh
-- Installing: /home/gcerioni/ws_ur16/install/effort_controllers/share/effort_controllers/environment/ament_prefix_path.dsv
-- Up-to-date: /home/gcerioni/ws_ur16/install/effort_controllers/share/effort_controllers/environment/path.sh
-- Installing: /home/gcerioni/ws_ur16/install/effort_controllers/share/effort_controllers/environment/path.dsv
-- Up-to-date: /home/gcerioni/ws_ur16/install/effort_controllers/share/effort_controllers/local_setup.bash
-- Up-to-date: /home/gcerioni/ws_ur16/install/effort_controllers/share/effort_controllers/local_setup.sh
-- Up-to-date: /home/gcerioni/ws_ur16/install/effort_controllers/share/effort_controllers/local_setup.zsh
-- Installing: /home/gcerioni/ws_ur16/install/effort_controllers/share/effort_controllers/local_setup.dsv
-- Installing: /home/gcerioni/ws_ur16/install/effort_controllers/share/effort_controllers/package.dsv
-- Up-to-date: /home/gcerioni/ws_ur16/install/effort_controllers/share/ament_index/resource_index/packages/effort_controllers
-- Up-to-date: /home/gcerioni/ws_ur16/install/effort_controllers/share/ament_index/resource_index/controller_interface__pluginlib__plugin/effort_controllers
-- Up-to-date: /home/gcerioni/ws_ur16/install/effort_controllers/share/effort_controllers/cmake/export_effort_controllersExport.cmake
-- Up-to-date: /home/gcerioni/ws_ur16/install/effort_controllers/share/effort_controllers/cmake/export_effort_controllersExport-release.cmake
-- Up-to-date: /home/gcerioni/ws_ur16/install/effort_controllers/share/effort_controllers/cmake/ament_cmake_export_targets-extras.cmake
-- Up-to-date: /home/gcerioni/ws_ur16/install/effort_controllers/share/effort_controllers/cmake/ament_cmake_export_dependencies-extras.cmake
-- Up-to-date: /home/gcerioni/ws_ur16/install/effort_controllers/share/effort_controllers/cmake/effort_controllersConfig.cmake
-- Up-to-date: /home/gcerioni/ws_ur16/install/effort_controllers/share/effort_controllers/cmake/effort_controllersConfig-version.cmake
-- Up-to-date: /home/gcerioni/ws_ur16/install/effort_controllers/share/effort_controllers/package.xml
