[0.079s] Invoking command in '/home/gcerioni/ws_ur16/build/ur_dashboard_msgs': CMAKE_PREFIX_PATH=${CMAKE_PREFIX_PATH}:/home/gcerioni/ws_ur16/install/rqt_joint_trajectory_controller:/home/gcerioni/ws_ur16/install/rqt_controller_manager:/home/gcerioni/ws_ur16/install/ros2controlcli:/home/gcerioni/ws_ur16/install/ros2_controllers_test_nodes:/opt/ros/humble /usr/bin/cmake --build /home/gcerioni/ws_ur16/build/ur_dashboard_msgs -- -j8 -l8
[0.272s] [ 12%] Built target ur_dashboard_msgs__rosidl_generator_c
[0.321s] [ 12%] Built target ur_dashboard_msgs__cpp
[0.489s] [ 24%] Built target ur_dashboard_msgs__rosidl_typesupport_introspection_c
[0.490s] [ 24%] Built target ament_cmake_python_copy_ur_dashboard_msgs
[0.551s] [ 36%] Built target ur_dashboard_msgs__rosidl_typesupport_c
[0.615s] [ 48%] Built target ur_dashboard_msgs__rosidl_typesupport_fastrtps_c
[0.634s] [ 60%] Built target ur_dashboard_msgs__rosidl_typesupport_introspection_cpp
[0.665s] [ 72%] Built target ur_dashboard_msgs__rosidl_typesupport_fastrtps_cpp
[0.674s] [ 84%] Built target ur_dashboard_msgs__rosidl_typesupport_cpp
[0.744s] [ 84%] Built target ur_dashboard_msgs
[0.842s] [ 85%] Built target ur_dashboard_msgs__py
[0.921s] [ 96%] Built target ur_dashboard_msgs__rosidl_generator_py
[1.014s] [ 97%] Built target ur_dashboard_msgs__rosidl_typesupport_fastrtps_c__pyext
[1.018s] [ 99%] Built target ur_dashboard_msgs__rosidl_typesupport_introspection_c__pyext
[1.041s] [100%] Built target ur_dashboard_msgs__rosidl_typesupport_c__pyext
[1.412s] running egg_info
[1.412s] writing ur_dashboard_msgs.egg-info/PKG-INFO
[1.412s] writing dependency_links to ur_dashboard_msgs.egg-info/dependency_links.txt
[1.431s] writing top-level names to ur_dashboard_msgs.egg-info/top_level.txt
[1.431s] reading manifest file 'ur_dashboard_msgs.egg-info/SOURCES.txt'
[1.431s] writing manifest file 'ur_dashboard_msgs.egg-info/SOURCES.txt'
[1.464s] [100%] Built target ament_cmake_python_build_ur_dashboard_msgs_egg
[1.550s] Invoked command in '/home/gcerioni/ws_ur16/build/ur_dashboard_msgs' returned '0': CMAKE_PREFIX_PATH=${CMAKE_PREFIX_PATH}:/home/gcerioni/ws_ur16/install/rqt_joint_trajectory_controller:/home/gcerioni/ws_ur16/install/rqt_controller_manager:/home/gcerioni/ws_ur16/install/ros2controlcli:/home/gcerioni/ws_ur16/install/ros2_controllers_test_nodes:/opt/ros/humble /usr/bin/cmake --build /home/gcerioni/ws_ur16/build/ur_dashboard_msgs -- -j8 -l8
[1.553s] Invoking command in '/home/gcerioni/ws_ur16/build/ur_dashboard_msgs': CMAKE_PREFIX_PATH=${CMAKE_PREFIX_PATH}:/home/gcerioni/ws_ur16/install/rqt_joint_trajectory_controller:/home/gcerioni/ws_ur16/install/rqt_controller_manager:/home/gcerioni/ws_ur16/install/ros2controlcli:/home/gcerioni/ws_ur16/install/ros2_controllers_test_nodes:/opt/ros/humble /usr/bin/cmake --install /home/gcerioni/ws_ur16/build/ur_dashboard_msgs
[1.661s] -- Install configuration: "Release"
[1.661s] -- Up-to-date: /home/gcerioni/ws_ur16/install/ur_dashboard_msgs/share/ament_index/resource_index/rosidl_interfaces/ur_dashboard_msgs
[1.661s] -- Up-to-date: /home/gcerioni/ws_ur16/install/ur_dashboard_msgs/include/ur_dashboard_msgs/ur_dashboard_msgs
[1.661s] -- Up-to-date: /home/gcerioni/ws_ur16/install/ur_dashboard_msgs/include/ur_dashboard_msgs/ur_dashboard_msgs/msg
[1.662s] -- Up-to-date: /home/gcerioni/ws_ur16/install/ur_dashboard_msgs/include/ur_dashboard_msgs/ur_dashboard_msgs/msg/program_state.h
[1.662s] -- Up-to-date: /home/gcerioni/ws_ur16/install/ur_dashboard_msgs/include/ur_dashboard_msgs/ur_dashboard_msgs/msg/detail
[1.662s] -- Up-to-date: /home/gcerioni/ws_ur16/install/ur_dashboard_msgs/include/ur_dashboard_msgs/ur_dashboard_msgs/msg/detail/robot_mode__type_support.h
[1.662s] -- Up-to-date: /home/gcerioni/ws_ur16/install/ur_dashboard_msgs/include/ur_dashboard_msgs/ur_dashboard_msgs/msg/detail/program_state__functions.c
[1.662s] -- Up-to-date: /home/gcerioni/ws_ur16/install/ur_dashboard_msgs/include/ur_dashboard_msgs/ur_dashboard_msgs/msg/detail/program_state__type_support.h
[1.662s] -- Up-to-date: /home/gcerioni/ws_ur16/install/ur_dashboard_msgs/include/ur_dashboard_msgs/ur_dashboard_msgs/msg/detail/program_state__struct.h
[1.662s] -- Up-to-date: /home/gcerioni/ws_ur16/install/ur_dashboard_msgs/include/ur_dashboard_msgs/ur_dashboard_msgs/msg/detail/safety_mode__type_support.h
[1.662s] -- Up-to-date: /home/gcerioni/ws_ur16/install/ur_dashboard_msgs/include/ur_dashboard_msgs/ur_dashboard_msgs/msg/detail/safety_mode__functions.h
[1.663s] -- Up-to-date: /home/gcerioni/ws_ur16/install/ur_dashboard_msgs/include/ur_dashboard_msgs/ur_dashboard_msgs/msg/detail/robot_mode__struct.h
[1.663s] -- Up-to-date: /home/gcerioni/ws_ur16/install/ur_dashboard_msgs/include/ur_dashboard_msgs/ur_dashboard_msgs/msg/detail/robot_mode__functions.h
[1.663s] -- Up-to-date: /home/gcerioni/ws_ur16/install/ur_dashboard_msgs/include/ur_dashboard_msgs/ur_dashboard_msgs/msg/detail/safety_mode__functions.c
[1.663s] -- Up-to-date: /home/gcerioni/ws_ur16/install/ur_dashboard_msgs/include/ur_dashboard_msgs/ur_dashboard_msgs/msg/detail/program_state__functions.h
[1.663s] -- Up-to-date: /home/gcerioni/ws_ur16/install/ur_dashboard_msgs/include/ur_dashboard_msgs/ur_dashboard_msgs/msg/detail/safety_mode__struct.h
[1.663s] -- Up-to-date: /home/gcerioni/ws_ur16/install/ur_dashboard_msgs/include/ur_dashboard_msgs/ur_dashboard_msgs/msg/detail/robot_mode__functions.c
[1.663s] -- Up-to-date: /home/gcerioni/ws_ur16/install/ur_dashboard_msgs/include/ur_dashboard_msgs/ur_dashboard_msgs/msg/robot_mode.h
[1.663s] -- Up-to-date: /home/gcerioni/ws_ur16/install/ur_dashboard_msgs/include/ur_dashboard_msgs/ur_dashboard_msgs/msg/rosidl_generator_c__visibility_control.h
[1.667s] -- Up-to-date: /home/gcerioni/ws_ur16/install/ur_dashboard_msgs/include/ur_dashboard_msgs/ur_dashboard_msgs/msg/safety_mode.h
[1.667s] -- Up-to-date: /home/gcerioni/ws_ur16/install/ur_dashboard_msgs/include/ur_dashboard_msgs/ur_dashboard_msgs/action
[1.667s] -- Up-to-date: /home/gcerioni/ws_ur16/install/ur_dashboard_msgs/include/ur_dashboard_msgs/ur_dashboard_msgs/action/detail
[1.667s] -- Up-to-date: /home/gcerioni/ws_ur16/install/ur_dashboard_msgs/include/ur_dashboard_msgs/ur_dashboard_msgs/action/detail/set_mode__functions.c
[1.667s] -- Up-to-date: /home/gcerioni/ws_ur16/install/ur_dashboard_msgs/include/ur_dashboard_msgs/ur_dashboard_msgs/action/detail/set_mode__functions.h
[1.667s] -- Up-to-date: /home/gcerioni/ws_ur16/install/ur_dashboard_msgs/include/ur_dashboard_msgs/ur_dashboard_msgs/action/detail/set_mode__type_support.h
[1.667s] -- Up-to-date: /home/gcerioni/ws_ur16/install/ur_dashboard_msgs/include/ur_dashboard_msgs/ur_dashboard_msgs/action/detail/set_mode__struct.h
[1.668s] -- Up-to-date: /home/gcerioni/ws_ur16/install/ur_dashboard_msgs/include/ur_dashboard_msgs/ur_dashboard_msgs/action/set_mode.h
[1.668s] -- Up-to-date: /home/gcerioni/ws_ur16/install/ur_dashboard_msgs/include/ur_dashboard_msgs/ur_dashboard_msgs/srv
[1.668s] -- Up-to-date: /home/gcerioni/ws_ur16/install/ur_dashboard_msgs/include/ur_dashboard_msgs/ur_dashboard_msgs/srv/is_program_running.h
[1.668s] -- Up-to-date: /home/gcerioni/ws_ur16/install/ur_dashboard_msgs/include/ur_dashboard_msgs/ur_dashboard_msgs/srv/detail
[1.668s] -- Up-to-date: /home/gcerioni/ws_ur16/install/ur_dashboard_msgs/include/ur_dashboard_msgs/ur_dashboard_msgs/srv/detail/get_safety_mode__struct.h
[1.668s] -- Up-to-date: /home/gcerioni/ws_ur16/install/ur_dashboard_msgs/include/ur_dashboard_msgs/ur_dashboard_msgs/srv/detail/load__functions.c
[1.668s] -- Up-to-date: /home/gcerioni/ws_ur16/install/ur_dashboard_msgs/include/ur_dashboard_msgs/ur_dashboard_msgs/srv/detail/popup__type_support.h
[1.668s] -- Up-to-date: /home/gcerioni/ws_ur16/install/ur_dashboard_msgs/include/ur_dashboard_msgs/ur_dashboard_msgs/srv/detail/is_program_running__functions.c
[1.668s] -- Up-to-date: /home/gcerioni/ws_ur16/install/ur_dashboard_msgs/include/ur_dashboard_msgs/ur_dashboard_msgs/srv/detail/get_loaded_program__functions.c
[1.668s] -- Up-to-date: /home/gcerioni/ws_ur16/install/ur_dashboard_msgs/include/ur_dashboard_msgs/ur_dashboard_msgs/srv/detail/load__struct.h
[1.669s] -- Up-to-date: /home/gcerioni/ws_ur16/install/ur_dashboard_msgs/include/ur_dashboard_msgs/ur_dashboard_msgs/srv/detail/is_program_saved__struct.h
[1.669s] -- Up-to-date: /home/gcerioni/ws_ur16/install/ur_dashboard_msgs/include/ur_dashboard_msgs/ur_dashboard_msgs/srv/detail/get_robot_mode__type_support.h
[1.669s] -- Up-to-date: /home/gcerioni/ws_ur16/install/ur_dashboard_msgs/include/ur_dashboard_msgs/ur_dashboard_msgs/srv/detail/get_loaded_program__struct.h
[1.669s] -- Up-to-date: /home/gcerioni/ws_ur16/install/ur_dashboard_msgs/include/ur_dashboard_msgs/ur_dashboard_msgs/srv/detail/get_program_state__functions.h
[1.669s] -- Up-to-date: /home/gcerioni/ws_ur16/install/ur_dashboard_msgs/include/ur_dashboard_msgs/ur_dashboard_msgs/srv/detail/load__type_support.h
[1.669s] -- Up-to-date: /home/gcerioni/ws_ur16/install/ur_dashboard_msgs/include/ur_dashboard_msgs/ur_dashboard_msgs/srv/detail/get_loaded_program__type_support.h
[1.669s] -- Up-to-date: /home/gcerioni/ws_ur16/install/ur_dashboard_msgs/include/ur_dashboard_msgs/ur_dashboard_msgs/srv/detail/get_robot_mode__functions.h
[1.669s] -- Up-to-date: /home/gcerioni/ws_ur16/install/ur_dashboard_msgs/include/ur_dashboard_msgs/ur_dashboard_msgs/srv/detail/raw_request__type_support.h
[1.669s] -- Up-to-date: /home/gcerioni/ws_ur16/install/ur_dashboard_msgs/include/ur_dashboard_msgs/ur_dashboard_msgs/srv/detail/is_program_running__type_support.h
[1.669s] -- Up-to-date: /home/gcerioni/ws_ur16/install/ur_dashboard_msgs/include/ur_dashboard_msgs/ur_dashboard_msgs/srv/detail/get_program_state__functions.c
[1.670s] -- Up-to-date: /home/gcerioni/ws_ur16/install/ur_dashboard_msgs/include/ur_dashboard_msgs/ur_dashboard_msgs/srv/detail/get_safety_mode__type_support.h
[1.670s] -- Up-to-date: /home/gcerioni/ws_ur16/install/ur_dashboard_msgs/include/ur_dashboard_msgs/ur_dashboard_msgs/srv/detail/raw_request__struct.h
[1.670s] -- Up-to-date: /home/gcerioni/ws_ur16/install/ur_dashboard_msgs/include/ur_dashboard_msgs/ur_dashboard_msgs/srv/detail/add_to_log__functions.h
[1.670s] -- Up-to-date: /home/gcerioni/ws_ur16/install/ur_dashboard_msgs/include/ur_dashboard_msgs/ur_dashboard_msgs/srv/detail/is_program_running__struct.h
[1.670s] -- Up-to-date: /home/gcerioni/ws_ur16/install/ur_dashboard_msgs/include/ur_dashboard_msgs/ur_dashboard_msgs/srv/detail/is_program_saved__type_support.h
[1.670s] -- Up-to-date: /home/gcerioni/ws_ur16/install/ur_dashboard_msgs/include/ur_dashboard_msgs/ur_dashboard_msgs/srv/detail/get_robot_mode__functions.c
[1.670s] -- Up-to-date: /home/gcerioni/ws_ur16/install/ur_dashboard_msgs/include/ur_dashboard_msgs/ur_dashboard_msgs/srv/detail/get_loaded_program__functions.h
[1.670s] -- Up-to-date: /home/gcerioni/ws_ur16/install/ur_dashboard_msgs/include/ur_dashboard_msgs/ur_dashboard_msgs/srv/detail/add_to_log__functions.c
[1.670s] -- Up-to-date: /home/gcerioni/ws_ur16/install/ur_dashboard_msgs/include/ur_dashboard_msgs/ur_dashboard_msgs/srv/detail/get_safety_mode__functions.h
[1.674s] -- Up-to-date: /home/gcerioni/ws_ur16/install/ur_dashboard_msgs/include/ur_dashboard_msgs/ur_dashboard_msgs/srv/detail/is_program_running__functions.h
[1.675s] -- Up-to-date: /home/gcerioni/ws_ur16/install/ur_dashboard_msgs/include/ur_dashboard_msgs/ur_dashboard_msgs/srv/detail/raw_request__functions.c
[1.675s] -- Up-to-date: /home/gcerioni/ws_ur16/install/ur_dashboard_msgs/include/ur_dashboard_msgs/ur_dashboard_msgs/srv/detail/popup__struct.h
[1.675s] -- Up-to-date: /home/gcerioni/ws_ur16/install/ur_dashboard_msgs/include/ur_dashboard_msgs/ur_dashboard_msgs/srv/detail/popup__functions.h
[1.675s] -- Up-to-date: /home/gcerioni/ws_ur16/install/ur_dashboard_msgs/include/ur_dashboard_msgs/ur_dashboard_msgs/srv/detail/is_program_saved__functions.c
[1.675s] -- Up-to-date: /home/gcerioni/ws_ur16/install/ur_dashboard_msgs/include/ur_dashboard_msgs/ur_dashboard_msgs/srv/detail/load__functions.h
[1.675s] -- Up-to-date: /home/gcerioni/ws_ur16/install/ur_dashboard_msgs/include/ur_dashboard_msgs/ur_dashboard_msgs/srv/detail/raw_request__functions.h
[1.675s] -- Up-to-date: /home/gcerioni/ws_ur16/install/ur_dashboard_msgs/include/ur_dashboard_msgs/ur_dashboard_msgs/srv/detail/add_to_log__struct.h
[1.675s] -- Up-to-date: /home/gcerioni/ws_ur16/install/ur_dashboard_msgs/include/ur_dashboard_msgs/ur_dashboard_msgs/srv/detail/get_program_state__struct.h
[1.675s] -- Up-to-date: /home/gcerioni/ws_ur16/install/ur_dashboard_msgs/include/ur_dashboard_msgs/ur_dashboard_msgs/srv/detail/get_program_state__type_support.h
[1.676s] -- Up-to-date: /home/gcerioni/ws_ur16/install/ur_dashboard_msgs/include/ur_dashboard_msgs/ur_dashboard_msgs/srv/detail/is_program_saved__functions.h
[1.676s] -- Up-to-date: /home/gcerioni/ws_ur16/install/ur_dashboard_msgs/include/ur_dashboard_msgs/ur_dashboard_msgs/srv/detail/get_robot_mode__struct.h
[1.680s] -- Up-to-date: /home/gcerioni/ws_ur16/install/ur_dashboard_msgs/include/ur_dashboard_msgs/ur_dashboard_msgs/srv/detail/add_to_log__type_support.h
[1.680s] -- Up-to-date: /home/gcerioni/ws_ur16/install/ur_dashboard_msgs/include/ur_dashboard_msgs/ur_dashboard_msgs/srv/detail/popup__functions.c
[1.680s] -- Up-to-date: /home/gcerioni/ws_ur16/install/ur_dashboard_msgs/include/ur_dashboard_msgs/ur_dashboard_msgs/srv/detail/get_safety_mode__functions.c
[1.680s] -- Up-to-date: /home/gcerioni/ws_ur16/install/ur_dashboard_msgs/include/ur_dashboard_msgs/ur_dashboard_msgs/srv/popup.h
[1.680s] -- Up-to-date: /home/gcerioni/ws_ur16/install/ur_dashboard_msgs/include/ur_dashboard_msgs/ur_dashboard_msgs/srv/get_program_state.h
[1.680s] -- Up-to-date: /home/gcerioni/ws_ur16/install/ur_dashboard_msgs/include/ur_dashboard_msgs/ur_dashboard_msgs/srv/get_safety_mode.h
[1.680s] -- Up-to-date: /home/gcerioni/ws_ur16/install/ur_dashboard_msgs/include/ur_dashboard_msgs/ur_dashboard_msgs/srv/get_loaded_program.h
[1.680s] -- Up-to-date: /home/gcerioni/ws_ur16/install/ur_dashboard_msgs/include/ur_dashboard_msgs/ur_dashboard_msgs/srv/get_robot_mode.h
[1.680s] -- Up-to-date: /home/gcerioni/ws_ur16/install/ur_dashboard_msgs/include/ur_dashboard_msgs/ur_dashboard_msgs/srv/raw_request.h
[1.681s] -- Up-to-date: /home/gcerioni/ws_ur16/install/ur_dashboard_msgs/include/ur_dashboard_msgs/ur_dashboard_msgs/srv/is_program_saved.h
[1.681s] -- Up-to-date: /home/gcerioni/ws_ur16/install/ur_dashboard_msgs/include/ur_dashboard_msgs/ur_dashboard_msgs/srv/add_to_log.h
[1.681s] -- Up-to-date: /home/gcerioni/ws_ur16/install/ur_dashboard_msgs/include/ur_dashboard_msgs/ur_dashboard_msgs/srv/load.h
[1.681s] -- Up-to-date: /home/gcerioni/ws_ur16/install/ur_dashboard_msgs/share/ur_dashboard_msgs/environment/library_path.sh
[1.681s] -- Up-to-date: /home/gcerioni/ws_ur16/install/ur_dashboard_msgs/share/ur_dashboard_msgs/environment/library_path.dsv
[1.681s] -- Up-to-date: /home/gcerioni/ws_ur16/install/ur_dashboard_msgs/lib/libur_dashboard_msgs__rosidl_generator_c.so
[1.681s] -- Up-to-date: /home/gcerioni/ws_ur16/install/ur_dashboard_msgs/include/ur_dashboard_msgs/ur_dashboard_msgs
[1.681s] -- Up-to-date: /home/gcerioni/ws_ur16/install/ur_dashboard_msgs/include/ur_dashboard_msgs/ur_dashboard_msgs/msg
[1.682s] -- Up-to-date: /home/gcerioni/ws_ur16/install/ur_dashboard_msgs/include/ur_dashboard_msgs/ur_dashboard_msgs/msg/detail
[1.682s] -- Up-to-date: /home/gcerioni/ws_ur16/install/ur_dashboard_msgs/include/ur_dashboard_msgs/ur_dashboard_msgs/msg/detail/program_state__rosidl_typesupport_fastrtps_c.h
[1.682s] -- Up-to-date: /home/gcerioni/ws_ur16/install/ur_dashboard_msgs/include/ur_dashboard_msgs/ur_dashboard_msgs/msg/detail/robot_mode__rosidl_typesupport_fastrtps_c.h
[1.682s] -- Up-to-date: /home/gcerioni/ws_ur16/install/ur_dashboard_msgs/include/ur_dashboard_msgs/ur_dashboard_msgs/msg/detail/safety_mode__rosidl_typesupport_fastrtps_c.h
[1.682s] -- Up-to-date: /home/gcerioni/ws_ur16/install/ur_dashboard_msgs/include/ur_dashboard_msgs/ur_dashboard_msgs/msg/rosidl_typesupport_fastrtps_c__visibility_control.h
[1.682s] -- Up-to-date: /home/gcerioni/ws_ur16/install/ur_dashboard_msgs/include/ur_dashboard_msgs/ur_dashboard_msgs/action
[1.682s] -- Up-to-date: /home/gcerioni/ws_ur16/install/ur_dashboard_msgs/include/ur_dashboard_msgs/ur_dashboard_msgs/action/detail
[1.682s] -- Up-to-date: /home/gcerioni/ws_ur16/install/ur_dashboard_msgs/include/ur_dashboard_msgs/ur_dashboard_msgs/action/detail/set_mode__rosidl_typesupport_fastrtps_c.h
[1.682s] -- Up-to-date: /home/gcerioni/ws_ur16/install/ur_dashboard_msgs/include/ur_dashboard_msgs/ur_dashboard_msgs/srv
[1.683s] -- Up-to-date: /home/gcerioni/ws_ur16/install/ur_dashboard_msgs/include/ur_dashboard_msgs/ur_dashboard_msgs/srv/detail
[1.683s] -- Up-to-date: /home/gcerioni/ws_ur16/install/ur_dashboard_msgs/include/ur_dashboard_msgs/ur_dashboard_msgs/srv/detail/is_program_saved__rosidl_typesupport_fastrtps_c.h
[1.683s] -- Up-to-date: /home/gcerioni/ws_ur16/install/ur_dashboard_msgs/include/ur_dashboard_msgs/ur_dashboard_msgs/srv/detail/load__rosidl_typesupport_fastrtps_c.h
[1.683s] -- Up-to-date: /home/gcerioni/ws_ur16/install/ur_dashboard_msgs/include/ur_dashboard_msgs/ur_dashboard_msgs/srv/detail/get_safety_mode__rosidl_typesupport_fastrtps_c.h
[1.683s] -- Up-to-date: /home/gcerioni/ws_ur16/install/ur_dashboard_msgs/include/ur_dashboard_msgs/ur_dashboard_msgs/srv/detail/get_loaded_program__rosidl_typesupport_fastrtps_c.h
[1.683s] -- Up-to-date: /home/gcerioni/ws_ur16/install/ur_dashboard_msgs/include/ur_dashboard_msgs/ur_dashboard_msgs/srv/detail/is_program_running__rosidl_typesupport_fastrtps_c.h
[1.683s] -- Up-to-date: /home/gcerioni/ws_ur16/install/ur_dashboard_msgs/include/ur_dashboard_msgs/ur_dashboard_msgs/srv/detail/get_robot_mode__rosidl_typesupport_fastrtps_c.h
[1.683s] -- Up-to-date: /home/gcerioni/ws_ur16/install/ur_dashboard_msgs/include/ur_dashboard_msgs/ur_dashboard_msgs/srv/detail/raw_request__rosidl_typesupport_fastrtps_c.h
[1.683s] -- Up-to-date: /home/gcerioni/ws_ur16/install/ur_dashboard_msgs/include/ur_dashboard_msgs/ur_dashboard_msgs/srv/detail/get_program_state__rosidl_typesupport_fastrtps_c.h
[1.683s] -- Up-to-date: /home/gcerioni/ws_ur16/install/ur_dashboard_msgs/include/ur_dashboard_msgs/ur_dashboard_msgs/srv/detail/add_to_log__rosidl_typesupport_fastrtps_c.h
[1.683s] -- Up-to-date: /home/gcerioni/ws_ur16/install/ur_dashboard_msgs/include/ur_dashboard_msgs/ur_dashboard_msgs/srv/detail/popup__rosidl_typesupport_fastrtps_c.h
[1.684s] -- Up-to-date: /home/gcerioni/ws_ur16/install/ur_dashboard_msgs/lib/libur_dashboard_msgs__rosidl_typesupport_fastrtps_c.so
[1.684s] -- Up-to-date: /home/gcerioni/ws_ur16/install/ur_dashboard_msgs/include/ur_dashboard_msgs/ur_dashboard_msgs
[1.684s] -- Up-to-date: /home/gcerioni/ws_ur16/install/ur_dashboard_msgs/include/ur_dashboard_msgs/ur_dashboard_msgs/msg
[1.684s] -- Up-to-date: /home/gcerioni/ws_ur16/install/ur_dashboard_msgs/include/ur_dashboard_msgs/ur_dashboard_msgs/msg/detail
[1.684s] -- Up-to-date: /home/gcerioni/ws_ur16/install/ur_dashboard_msgs/include/ur_dashboard_msgs/ur_dashboard_msgs/msg/detail/safety_mode__rosidl_typesupport_introspection_c.h
[1.684s] -- Up-to-date: /home/gcerioni/ws_ur16/install/ur_dashboard_msgs/include/ur_dashboard_msgs/ur_dashboard_msgs/msg/detail/program_state__type_support.c
[1.684s] -- Up-to-date: /home/gcerioni/ws_ur16/install/ur_dashboard_msgs/include/ur_dashboard_msgs/ur_dashboard_msgs/msg/detail/safety_mode__type_support.c
[1.684s] -- Up-to-date: /home/gcerioni/ws_ur16/install/ur_dashboard_msgs/include/ur_dashboard_msgs/ur_dashboard_msgs/msg/detail/robot_mode__rosidl_typesupport_introspection_c.h
[1.684s] -- Up-to-date: /home/gcerioni/ws_ur16/install/ur_dashboard_msgs/include/ur_dashboard_msgs/ur_dashboard_msgs/msg/detail/program_state__rosidl_typesupport_introspection_c.h
[1.684s] -- Up-to-date: /home/gcerioni/ws_ur16/install/ur_dashboard_msgs/include/ur_dashboard_msgs/ur_dashboard_msgs/msg/detail/robot_mode__type_support.c
[1.684s] -- Up-to-date: /home/gcerioni/ws_ur16/install/ur_dashboard_msgs/include/ur_dashboard_msgs/ur_dashboard_msgs/msg/rosidl_typesupport_introspection_c__visibility_control.h
[1.685s] -- Up-to-date: /home/gcerioni/ws_ur16/install/ur_dashboard_msgs/include/ur_dashboard_msgs/ur_dashboard_msgs/action
[1.685s] -- Up-to-date: /home/gcerioni/ws_ur16/install/ur_dashboard_msgs/include/ur_dashboard_msgs/ur_dashboard_msgs/action/detail
[1.685s] -- Up-to-date: /home/gcerioni/ws_ur16/install/ur_dashboard_msgs/include/ur_dashboard_msgs/ur_dashboard_msgs/action/detail/set_mode__rosidl_typesupport_introspection_c.h
[1.685s] -- Up-to-date: /home/gcerioni/ws_ur16/install/ur_dashboard_msgs/include/ur_dashboard_msgs/ur_dashboard_msgs/action/detail/set_mode__type_support.c
[1.689s] -- Up-to-date: /home/gcerioni/ws_ur16/install/ur_dashboard_msgs/include/ur_dashboard_msgs/ur_dashboard_msgs/srv
[1.690s] -- Up-to-date: /home/gcerioni/ws_ur16/install/ur_dashboard_msgs/include/ur_dashboard_msgs/ur_dashboard_msgs/srv/detail
[1.690s] -- Up-to-date: /home/gcerioni/ws_ur16/install/ur_dashboard_msgs/include/ur_dashboard_msgs/ur_dashboard_msgs/srv/detail/get_robot_mode__type_support.c
[1.690s] -- Up-to-date: /home/gcerioni/ws_ur16/install/ur_dashboard_msgs/include/ur_dashboard_msgs/ur_dashboard_msgs/srv/detail/get_robot_mode__rosidl_typesupport_introspection_c.h
[1.691s] -- Up-to-date: /home/gcerioni/ws_ur16/install/ur_dashboard_msgs/include/ur_dashboard_msgs/ur_dashboard_msgs/srv/detail/get_safety_mode__type_support.c
[1.701s] -- Up-to-date: /home/gcerioni/ws_ur16/install/ur_dashboard_msgs/include/ur_dashboard_msgs/ur_dashboard_msgs/srv/detail/popup__type_support.c
[1.704s] -- Up-to-date: /home/gcerioni/ws_ur16/install/ur_dashboard_msgs/include/ur_dashboard_msgs/ur_dashboard_msgs/srv/detail/popup__rosidl_typesupport_introspection_c.h
[1.704s] -- Up-to-date: /home/gcerioni/ws_ur16/install/ur_dashboard_msgs/include/ur_dashboard_msgs/ur_dashboard_msgs/srv/detail/get_program_state__type_support.c
[1.704s] -- Up-to-date: /home/gcerioni/ws_ur16/install/ur_dashboard_msgs/include/ur_dashboard_msgs/ur_dashboard_msgs/srv/detail/raw_request__type_support.c
[1.704s] -- Up-to-date: /home/gcerioni/ws_ur16/install/ur_dashboard_msgs/include/ur_dashboard_msgs/ur_dashboard_msgs/srv/detail/load__rosidl_typesupport_introspection_c.h
[1.704s] -- Up-to-date: /home/gcerioni/ws_ur16/install/ur_dashboard_msgs/include/ur_dashboard_msgs/ur_dashboard_msgs/srv/detail/get_loaded_program__rosidl_typesupport_introspection_c.h
[1.704s] -- Up-to-date: /home/gcerioni/ws_ur16/install/ur_dashboard_msgs/include/ur_dashboard_msgs/ur_dashboard_msgs/srv/detail/is_program_saved__type_support.c
[1.704s] -- Up-to-date: /home/gcerioni/ws_ur16/install/ur_dashboard_msgs/include/ur_dashboard_msgs/ur_dashboard_msgs/srv/detail/raw_request__rosidl_typesupport_introspection_c.h
[1.705s] -- Up-to-date: /home/gcerioni/ws_ur16/install/ur_dashboard_msgs/include/ur_dashboard_msgs/ur_dashboard_msgs/srv/detail/is_program_running__rosidl_typesupport_introspection_c.h
[1.705s] -- Up-to-date: /home/gcerioni/ws_ur16/install/ur_dashboard_msgs/include/ur_dashboard_msgs/ur_dashboard_msgs/srv/detail/load__type_support.c
[1.705s] -- Up-to-date: /home/gcerioni/ws_ur16/install/ur_dashboard_msgs/include/ur_dashboard_msgs/ur_dashboard_msgs/srv/detail/get_program_state__rosidl_typesupport_introspection_c.h
[1.714s] -- Up-to-date: /home/gcerioni/ws_ur16/install/ur_dashboard_msgs/include/ur_dashboard_msgs/ur_dashboard_msgs/srv/detail/add_to_log__rosidl_typesupport_introspection_c.h
[1.717s] -- Up-to-date: /home/gcerioni/ws_ur16/install/ur_dashboard_msgs/include/ur_dashboard_msgs/ur_dashboard_msgs/srv/detail/is_program_saved__rosidl_typesupport_introspection_c.h
[1.717s] -- Up-to-date: /home/gcerioni/ws_ur16/install/ur_dashboard_msgs/include/ur_dashboard_msgs/ur_dashboard_msgs/srv/detail/get_safety_mode__rosidl_typesupport_introspection_c.h
[1.718s] -- Up-to-date: /home/gcerioni/ws_ur16/install/ur_dashboard_msgs/include/ur_dashboard_msgs/ur_dashboard_msgs/srv/detail/add_to_log__type_support.c
[1.718s] -- Up-to-date: /home/gcerioni/ws_ur16/install/ur_dashboard_msgs/include/ur_dashboard_msgs/ur_dashboard_msgs/srv/detail/get_loaded_program__type_support.c
[1.718s] -- Up-to-date: /home/gcerioni/ws_ur16/install/ur_dashboard_msgs/include/ur_dashboard_msgs/ur_dashboard_msgs/srv/detail/is_program_running__type_support.c
[1.718s] -- Up-to-date: /home/gcerioni/ws_ur16/install/ur_dashboard_msgs/lib/libur_dashboard_msgs__rosidl_typesupport_introspection_c.so
[1.718s] -- Up-to-date: /home/gcerioni/ws_ur16/install/ur_dashboard_msgs/lib/libur_dashboard_msgs__rosidl_typesupport_c.so
[1.718s] -- Up-to-date: /home/gcerioni/ws_ur16/install/ur_dashboard_msgs/include/ur_dashboard_msgs/ur_dashboard_msgs
[1.718s] -- Up-to-date: /home/gcerioni/ws_ur16/install/ur_dashboard_msgs/include/ur_dashboard_msgs/ur_dashboard_msgs/msg
[1.718s] -- Up-to-date: /home/gcerioni/ws_ur16/install/ur_dashboard_msgs/include/ur_dashboard_msgs/ur_dashboard_msgs/msg/detail
[1.719s] -- Up-to-date: /home/gcerioni/ws_ur16/install/ur_dashboard_msgs/include/ur_dashboard_msgs/ur_dashboard_msgs/msg/detail/robot_mode__type_support.hpp
[1.719s] -- Up-to-date: /home/gcerioni/ws_ur16/install/ur_dashboard_msgs/include/ur_dashboard_msgs/ur_dashboard_msgs/msg/detail/robot_mode__builder.hpp
[1.719s] -- Up-to-date: /home/gcerioni/ws_ur16/install/ur_dashboard_msgs/include/ur_dashboard_msgs/ur_dashboard_msgs/msg/detail/program_state__type_support.hpp
[1.719s] -- Up-to-date: /home/gcerioni/ws_ur16/install/ur_dashboard_msgs/include/ur_dashboard_msgs/ur_dashboard_msgs/msg/detail/program_state__traits.hpp
[1.719s] -- Up-to-date: /home/gcerioni/ws_ur16/install/ur_dashboard_msgs/include/ur_dashboard_msgs/ur_dashboard_msgs/msg/detail/safety_mode__traits.hpp
[1.719s] -- Up-to-date: /home/gcerioni/ws_ur16/install/ur_dashboard_msgs/include/ur_dashboard_msgs/ur_dashboard_msgs/msg/detail/safety_mode__struct.hpp
[1.719s] -- Up-to-date: /home/gcerioni/ws_ur16/install/ur_dashboard_msgs/include/ur_dashboard_msgs/ur_dashboard_msgs/msg/detail/safety_mode__type_support.hpp
[1.719s] -- Up-to-date: /home/gcerioni/ws_ur16/install/ur_dashboard_msgs/include/ur_dashboard_msgs/ur_dashboard_msgs/msg/detail/safety_mode__builder.hpp
[1.719s] -- Up-to-date: /home/gcerioni/ws_ur16/install/ur_dashboard_msgs/include/ur_dashboard_msgs/ur_dashboard_msgs/msg/detail/program_state__struct.hpp
[1.719s] -- Up-to-date: /home/gcerioni/ws_ur16/install/ur_dashboard_msgs/include/ur_dashboard_msgs/ur_dashboard_msgs/msg/detail/robot_mode__struct.hpp
[1.719s] -- Up-to-date: /home/gcerioni/ws_ur16/install/ur_dashboard_msgs/include/ur_dashboard_msgs/ur_dashboard_msgs/msg/detail/program_state__builder.hpp
[1.719s] -- Up-to-date: /home/gcerioni/ws_ur16/install/ur_dashboard_msgs/include/ur_dashboard_msgs/ur_dashboard_msgs/msg/detail/robot_mode__traits.hpp
[1.720s] -- Up-to-date: /home/gcerioni/ws_ur16/install/ur_dashboard_msgs/include/ur_dashboard_msgs/ur_dashboard_msgs/msg/robot_mode.hpp
[1.720s] -- Up-to-date: /home/gcerioni/ws_ur16/install/ur_dashboard_msgs/include/ur_dashboard_msgs/ur_dashboard_msgs/msg/safety_mode.hpp
[1.720s] -- Up-to-date: /home/gcerioni/ws_ur16/install/ur_dashboard_msgs/include/ur_dashboard_msgs/ur_dashboard_msgs/msg/program_state.hpp
[1.720s] -- Up-to-date: /home/gcerioni/ws_ur16/install/ur_dashboard_msgs/include/ur_dashboard_msgs/ur_dashboard_msgs/msg/rosidl_generator_cpp__visibility_control.hpp
[1.720s] -- Up-to-date: /home/gcerioni/ws_ur16/install/ur_dashboard_msgs/include/ur_dashboard_msgs/ur_dashboard_msgs/action
[1.720s] -- Up-to-date: /home/gcerioni/ws_ur16/install/ur_dashboard_msgs/include/ur_dashboard_msgs/ur_dashboard_msgs/action/set_mode.hpp
[1.720s] -- Up-to-date: /home/gcerioni/ws_ur16/install/ur_dashboard_msgs/include/ur_dashboard_msgs/ur_dashboard_msgs/action/detail
[1.720s] -- Up-to-date: /home/gcerioni/ws_ur16/install/ur_dashboard_msgs/include/ur_dashboard_msgs/ur_dashboard_msgs/action/detail/set_mode__type_support.hpp
[1.720s] -- Up-to-date: /home/gcerioni/ws_ur16/install/ur_dashboard_msgs/include/ur_dashboard_msgs/ur_dashboard_msgs/action/detail/set_mode__traits.hpp
[1.720s] -- Up-to-date: /home/gcerioni/ws_ur16/install/ur_dashboard_msgs/include/ur_dashboard_msgs/ur_dashboard_msgs/action/detail/set_mode__struct.hpp
[1.720s] -- Up-to-date: /home/gcerioni/ws_ur16/install/ur_dashboard_msgs/include/ur_dashboard_msgs/ur_dashboard_msgs/action/detail/set_mode__builder.hpp
[1.721s] -- Up-to-date: /home/gcerioni/ws_ur16/install/ur_dashboard_msgs/include/ur_dashboard_msgs/ur_dashboard_msgs/srv
[1.721s] -- Up-to-date: /home/gcerioni/ws_ur16/install/ur_dashboard_msgs/include/ur_dashboard_msgs/ur_dashboard_msgs/srv/is_program_saved.hpp
[1.721s] -- Up-to-date: /home/gcerioni/ws_ur16/install/ur_dashboard_msgs/include/ur_dashboard_msgs/ur_dashboard_msgs/srv/detail
[1.721s] -- Up-to-date: /home/gcerioni/ws_ur16/install/ur_dashboard_msgs/include/ur_dashboard_msgs/ur_dashboard_msgs/srv/detail/raw_request__traits.hpp
[1.721s] -- Up-to-date: /home/gcerioni/ws_ur16/install/ur_dashboard_msgs/include/ur_dashboard_msgs/ur_dashboard_msgs/srv/detail/is_program_running__traits.hpp
[1.721s] -- Up-to-date: /home/gcerioni/ws_ur16/install/ur_dashboard_msgs/include/ur_dashboard_msgs/ur_dashboard_msgs/srv/detail/raw_request__builder.hpp
[1.721s] -- Up-to-date: /home/gcerioni/ws_ur16/install/ur_dashboard_msgs/include/ur_dashboard_msgs/ur_dashboard_msgs/srv/detail/popup__traits.hpp
[1.721s] -- Up-to-date: /home/gcerioni/ws_ur16/install/ur_dashboard_msgs/include/ur_dashboard_msgs/ur_dashboard_msgs/srv/detail/add_to_log__struct.hpp
[1.721s] -- Up-to-date: /home/gcerioni/ws_ur16/install/ur_dashboard_msgs/include/ur_dashboard_msgs/ur_dashboard_msgs/srv/detail/popup__builder.hpp
[1.721s] -- Up-to-date: /home/gcerioni/ws_ur16/install/ur_dashboard_msgs/include/ur_dashboard_msgs/ur_dashboard_msgs/srv/detail/add_to_log__builder.hpp
[1.727s] -- Up-to-date: /home/gcerioni/ws_ur16/install/ur_dashboard_msgs/include/ur_dashboard_msgs/ur_dashboard_msgs/srv/detail/get_program_state__builder.hpp
[1.727s] -- Up-to-date: /home/gcerioni/ws_ur16/install/ur_dashboard_msgs/include/ur_dashboard_msgs/ur_dashboard_msgs/srv/detail/get_safety_mode__struct.hpp
[1.813s] -- Up-to-date: /home/gcerioni/ws_ur16/install/ur_dashboard_msgs/include/ur_dashboard_msgs/ur_dashboard_msgs/srv/detail/get_robot_mode__struct.hpp
[1.813s] -- Up-to-date: /home/gcerioni/ws_ur16/install/ur_dashboard_msgs/include/ur_dashboard_msgs/ur_dashboard_msgs/srv/detail/is_program_running__builder.hpp
[1.813s] -- Up-to-date: /home/gcerioni/ws_ur16/install/ur_dashboard_msgs/include/ur_dashboard_msgs/ur_dashboard_msgs/srv/detail/popup__type_support.hpp
[1.813s] -- Up-to-date: /home/gcerioni/ws_ur16/install/ur_dashboard_msgs/include/ur_dashboard_msgs/ur_dashboard_msgs/srv/detail/get_safety_mode__type_support.hpp
[1.813s] -- Up-to-date: /home/gcerioni/ws_ur16/install/ur_dashboard_msgs/include/ur_dashboard_msgs/ur_dashboard_msgs/srv/detail/get_program_state__struct.hpp
[1.814s] -- Up-to-date: /home/gcerioni/ws_ur16/install/ur_dashboard_msgs/include/ur_dashboard_msgs/ur_dashboard_msgs/srv/detail/get_robot_mode__type_support.hpp
[1.814s] -- Up-to-date: /home/gcerioni/ws_ur16/install/ur_dashboard_msgs/include/ur_dashboard_msgs/ur_dashboard_msgs/srv/detail/load__traits.hpp
[1.814s] -- Up-to-date: /home/gcerioni/ws_ur16/install/ur_dashboard_msgs/include/ur_dashboard_msgs/ur_dashboard_msgs/srv/detail/get_loaded_program__traits.hpp
[1.814s] -- Up-to-date: /home/gcerioni/ws_ur16/install/ur_dashboard_msgs/include/ur_dashboard_msgs/ur_dashboard_msgs/srv/detail/get_loaded_program__type_support.hpp
[1.814s] -- Up-to-date: /home/gcerioni/ws_ur16/install/ur_dashboard_msgs/include/ur_dashboard_msgs/ur_dashboard_msgs/srv/detail/is_program_running__type_support.hpp
[1.814s] -- Up-to-date: /home/gcerioni/ws_ur16/install/ur_dashboard_msgs/include/ur_dashboard_msgs/ur_dashboard_msgs/srv/detail/is_program_saved__struct.hpp
[1.814s] -- Up-to-date: /home/gcerioni/ws_ur16/install/ur_dashboard_msgs/include/ur_dashboard_msgs/ur_dashboard_msgs/srv/detail/get_safety_mode__traits.hpp
[1.814s] -- Up-to-date: /home/gcerioni/ws_ur16/install/ur_dashboard_msgs/include/ur_dashboard_msgs/ur_dashboard_msgs/srv/detail/is_program_saved__builder.hpp
[1.814s] -- Up-to-date: /home/gcerioni/ws_ur16/install/ur_dashboard_msgs/include/ur_dashboard_msgs/ur_dashboard_msgs/srv/detail/raw_request__struct.hpp
[1.814s] -- Up-to-date: /home/gcerioni/ws_ur16/install/ur_dashboard_msgs/include/ur_dashboard_msgs/ur_dashboard_msgs/srv/detail/get_robot_mode__builder.hpp
[1.822s] -- Up-to-date: /home/gcerioni/ws_ur16/install/ur_dashboard_msgs/include/ur_dashboard_msgs/ur_dashboard_msgs/srv/detail/is_program_saved__traits.hpp
[1.822s] -- Up-to-date: /home/gcerioni/ws_ur16/install/ur_dashboard_msgs/include/ur_dashboard_msgs/ur_dashboard_msgs/srv/detail/load__type_support.hpp
[1.823s] -- Up-to-date: /home/gcerioni/ws_ur16/install/ur_dashboard_msgs/include/ur_dashboard_msgs/ur_dashboard_msgs/srv/detail/add_to_log__type_support.hpp
[1.823s] -- Up-to-date: /home/gcerioni/ws_ur16/install/ur_dashboard_msgs/include/ur_dashboard_msgs/ur_dashboard_msgs/srv/detail/is_program_saved__type_support.hpp
[1.823s] -- Up-to-date: /home/gcerioni/ws_ur16/install/ur_dashboard_msgs/include/ur_dashboard_msgs/ur_dashboard_msgs/srv/detail/get_loaded_program__struct.hpp
[1.823s] -- Up-to-date: /home/gcerioni/ws_ur16/install/ur_dashboard_msgs/include/ur_dashboard_msgs/ur_dashboard_msgs/srv/detail/raw_request__type_support.hpp
[1.823s] -- Up-to-date: /home/gcerioni/ws_ur16/install/ur_dashboard_msgs/include/ur_dashboard_msgs/ur_dashboard_msgs/srv/detail/add_to_log__traits.hpp
[1.823s] -- Up-to-date: /home/gcerioni/ws_ur16/install/ur_dashboard_msgs/include/ur_dashboard_msgs/ur_dashboard_msgs/srv/detail/load__builder.hpp
[1.823s] -- Up-to-date: /home/gcerioni/ws_ur16/install/ur_dashboard_msgs/include/ur_dashboard_msgs/ur_dashboard_msgs/srv/detail/get_robot_mode__traits.hpp
[1.823s] -- Up-to-date: /home/gcerioni/ws_ur16/install/ur_dashboard_msgs/include/ur_dashboard_msgs/ur_dashboard_msgs/srv/detail/load__struct.hpp
[1.823s] -- Up-to-date: /home/gcerioni/ws_ur16/install/ur_dashboard_msgs/include/ur_dashboard_msgs/ur_dashboard_msgs/srv/detail/get_program_state__traits.hpp
[1.823s] -- Up-to-date: /home/gcerioni/ws_ur16/install/ur_dashboard_msgs/include/ur_dashboard_msgs/ur_dashboard_msgs/srv/detail/is_program_running__struct.hpp
[1.824s] -- Up-to-date: /home/gcerioni/ws_ur16/install/ur_dashboard_msgs/include/ur_dashboard_msgs/ur_dashboard_msgs/srv/detail/get_program_state__type_support.hpp
[1.824s] -- Up-to-date: /home/gcerioni/ws_ur16/install/ur_dashboard_msgs/include/ur_dashboard_msgs/ur_dashboard_msgs/srv/detail/get_safety_mode__builder.hpp
[1.824s] -- Up-to-date: /home/gcerioni/ws_ur16/install/ur_dashboard_msgs/include/ur_dashboard_msgs/ur_dashboard_msgs/srv/detail/popup__struct.hpp
[1.824s] -- Up-to-date: /home/gcerioni/ws_ur16/install/ur_dashboard_msgs/include/ur_dashboard_msgs/ur_dashboard_msgs/srv/detail/get_loaded_program__builder.hpp
[1.824s] -- Up-to-date: /home/gcerioni/ws_ur16/install/ur_dashboard_msgs/include/ur_dashboard_msgs/ur_dashboard_msgs/srv/get_program_state.hpp
[1.824s] -- Up-to-date: /home/gcerioni/ws_ur16/install/ur_dashboard_msgs/include/ur_dashboard_msgs/ur_dashboard_msgs/srv/popup.hpp
[1.824s] -- Up-to-date: /home/gcerioni/ws_ur16/install/ur_dashboard_msgs/include/ur_dashboard_msgs/ur_dashboard_msgs/srv/add_to_log.hpp
[1.824s] -- Up-to-date: /home/gcerioni/ws_ur16/install/ur_dashboard_msgs/include/ur_dashboard_msgs/ur_dashboard_msgs/srv/is_program_running.hpp
[1.825s] -- Up-to-date: /home/gcerioni/ws_ur16/install/ur_dashboard_msgs/include/ur_dashboard_msgs/ur_dashboard_msgs/srv/get_safety_mode.hpp
[1.825s] -- Up-to-date: /home/gcerioni/ws_ur16/install/ur_dashboard_msgs/include/ur_dashboard_msgs/ur_dashboard_msgs/srv/get_robot_mode.hpp
[1.825s] -- Up-to-date: /home/gcerioni/ws_ur16/install/ur_dashboard_msgs/include/ur_dashboard_msgs/ur_dashboard_msgs/srv/raw_request.hpp
[1.825s] -- Up-to-date: /home/gcerioni/ws_ur16/install/ur_dashboard_msgs/include/ur_dashboard_msgs/ur_dashboard_msgs/srv/load.hpp
[1.825s] -- Up-to-date: /home/gcerioni/ws_ur16/install/ur_dashboard_msgs/include/ur_dashboard_msgs/ur_dashboard_msgs/srv/get_loaded_program.hpp
[1.825s] -- Up-to-date: /home/gcerioni/ws_ur16/install/ur_dashboard_msgs/include/ur_dashboard_msgs/ur_dashboard_msgs
[1.838s] -- Up-to-date: /home/gcerioni/ws_ur16/install/ur_dashboard_msgs/include/ur_dashboard_msgs/ur_dashboard_msgs/msg
[1.838s] -- Up-to-date: /home/gcerioni/ws_ur16/install/ur_dashboard_msgs/include/ur_dashboard_msgs/ur_dashboard_msgs/msg/detail
[1.838s] -- Up-to-date: /home/gcerioni/ws_ur16/install/ur_dashboard_msgs/include/ur_dashboard_msgs/ur_dashboard_msgs/msg/detail/program_state__rosidl_typesupport_fastrtps_cpp.hpp
[1.838s] -- Up-to-date: /home/gcerioni/ws_ur16/install/ur_dashboard_msgs/include/ur_dashboard_msgs/ur_dashboard_msgs/msg/detail/robot_mode__rosidl_typesupport_fastrtps_cpp.hpp
[1.838s] -- Up-to-date: /home/gcerioni/ws_ur16/install/ur_dashboard_msgs/include/ur_dashboard_msgs/ur_dashboard_msgs/msg/detail/dds_fastrtps
[1.838s] -- Up-to-date: /home/gcerioni/ws_ur16/install/ur_dashboard_msgs/include/ur_dashboard_msgs/ur_dashboard_msgs/msg/detail/safety_mode__rosidl_typesupport_fastrtps_cpp.hpp
[1.839s] -- Up-to-date: /home/gcerioni/ws_ur16/install/ur_dashboard_msgs/include/ur_dashboard_msgs/ur_dashboard_msgs/msg/rosidl_typesupport_fastrtps_cpp__visibility_control.h
[1.839s] -- Up-to-date: /home/gcerioni/ws_ur16/install/ur_dashboard_msgs/include/ur_dashboard_msgs/ur_dashboard_msgs/action
[1.839s] -- Up-to-date: /home/gcerioni/ws_ur16/install/ur_dashboard_msgs/include/ur_dashboard_msgs/ur_dashboard_msgs/action/detail
[1.839s] -- Up-to-date: /home/gcerioni/ws_ur16/install/ur_dashboard_msgs/include/ur_dashboard_msgs/ur_dashboard_msgs/action/detail/dds_fastrtps
[1.839s] -- Up-to-date: /home/gcerioni/ws_ur16/install/ur_dashboard_msgs/include/ur_dashboard_msgs/ur_dashboard_msgs/action/detail/set_mode__rosidl_typesupport_fastrtps_cpp.hpp
[1.839s] -- Up-to-date: /home/gcerioni/ws_ur16/install/ur_dashboard_msgs/include/ur_dashboard_msgs/ur_dashboard_msgs/srv
[1.839s] -- Up-to-date: /home/gcerioni/ws_ur16/install/ur_dashboard_msgs/include/ur_dashboard_msgs/ur_dashboard_msgs/srv/detail
[1.839s] -- Up-to-date: /home/gcerioni/ws_ur16/install/ur_dashboard_msgs/include/ur_dashboard_msgs/ur_dashboard_msgs/srv/detail/get_program_state__rosidl_typesupport_fastrtps_cpp.hpp
[1.839s] -- Up-to-date: /home/gcerioni/ws_ur16/install/ur_dashboard_msgs/include/ur_dashboard_msgs/ur_dashboard_msgs/srv/detail/is_program_running__rosidl_typesupport_fastrtps_cpp.hpp
[1.839s] -- Up-to-date: /home/gcerioni/ws_ur16/install/ur_dashboard_msgs/include/ur_dashboard_msgs/ur_dashboard_msgs/srv/detail/get_safety_mode__rosidl_typesupport_fastrtps_cpp.hpp
[1.841s] -- Up-to-date: /home/gcerioni/ws_ur16/install/ur_dashboard_msgs/include/ur_dashboard_msgs/ur_dashboard_msgs/srv/detail/get_loaded_program__rosidl_typesupport_fastrtps_cpp.hpp
[1.841s] -- Up-to-date: /home/gcerioni/ws_ur16/install/ur_dashboard_msgs/include/ur_dashboard_msgs/ur_dashboard_msgs/srv/detail/load__rosidl_typesupport_fastrtps_cpp.hpp
[1.841s] -- Up-to-date: /home/gcerioni/ws_ur16/install/ur_dashboard_msgs/include/ur_dashboard_msgs/ur_dashboard_msgs/srv/detail/is_program_saved__rosidl_typesupport_fastrtps_cpp.hpp
[1.841s] -- Up-to-date: /home/gcerioni/ws_ur16/install/ur_dashboard_msgs/include/ur_dashboard_msgs/ur_dashboard_msgs/srv/detail/add_to_log__rosidl_typesupport_fastrtps_cpp.hpp
[1.841s] -- Up-to-date: /home/gcerioni/ws_ur16/install/ur_dashboard_msgs/include/ur_dashboard_msgs/ur_dashboard_msgs/srv/detail/dds_fastrtps
[1.842s] -- Up-to-date: /home/gcerioni/ws_ur16/install/ur_dashboard_msgs/include/ur_dashboard_msgs/ur_dashboard_msgs/srv/detail/get_robot_mode__rosidl_typesupport_fastrtps_cpp.hpp
[1.843s] -- Up-to-date: /home/gcerioni/ws_ur16/install/ur_dashboard_msgs/include/ur_dashboard_msgs/ur_dashboard_msgs/srv/detail/raw_request__rosidl_typesupport_fastrtps_cpp.hpp
[1.843s] -- Up-to-date: /home/gcerioni/ws_ur16/install/ur_dashboard_msgs/include/ur_dashboard_msgs/ur_dashboard_msgs/srv/detail/popup__rosidl_typesupport_fastrtps_cpp.hpp
[1.843s] -- Up-to-date: /home/gcerioni/ws_ur16/install/ur_dashboard_msgs/lib/libur_dashboard_msgs__rosidl_typesupport_fastrtps_cpp.so
[1.843s] -- Up-to-date: /home/gcerioni/ws_ur16/install/ur_dashboard_msgs/include/ur_dashboard_msgs/ur_dashboard_msgs
[1.843s] -- Up-to-date: /home/gcerioni/ws_ur16/install/ur_dashboard_msgs/include/ur_dashboard_msgs/ur_dashboard_msgs/msg
[1.843s] -- Up-to-date: /home/gcerioni/ws_ur16/install/ur_dashboard_msgs/include/ur_dashboard_msgs/ur_dashboard_msgs/msg/detail
[1.843s] -- Up-to-date: /home/gcerioni/ws_ur16/install/ur_dashboard_msgs/include/ur_dashboard_msgs/ur_dashboard_msgs/msg/detail/program_state__rosidl_typesupport_introspection_cpp.hpp
[1.843s] -- Up-to-date: /home/gcerioni/ws_ur16/install/ur_dashboard_msgs/include/ur_dashboard_msgs/ur_dashboard_msgs/msg/detail/program_state__type_support.cpp
[1.843s] -- Up-to-date: /home/gcerioni/ws_ur16/install/ur_dashboard_msgs/include/ur_dashboard_msgs/ur_dashboard_msgs/msg/detail/robot_mode__type_support.cpp
[1.844s] -- Up-to-date: /home/gcerioni/ws_ur16/install/ur_dashboard_msgs/include/ur_dashboard_msgs/ur_dashboard_msgs/msg/detail/safety_mode__type_support.cpp
[1.844s] -- Up-to-date: /home/gcerioni/ws_ur16/install/ur_dashboard_msgs/include/ur_dashboard_msgs/ur_dashboard_msgs/msg/detail/robot_mode__rosidl_typesupport_introspection_cpp.hpp
[1.844s] -- Up-to-date: /home/gcerioni/ws_ur16/install/ur_dashboard_msgs/include/ur_dashboard_msgs/ur_dashboard_msgs/msg/detail/safety_mode__rosidl_typesupport_introspection_cpp.hpp
[1.844s] -- Up-to-date: /home/gcerioni/ws_ur16/install/ur_dashboard_msgs/include/ur_dashboard_msgs/ur_dashboard_msgs/action
[1.844s] -- Up-to-date: /home/gcerioni/ws_ur16/install/ur_dashboard_msgs/include/ur_dashboard_msgs/ur_dashboard_msgs/action/detail
[1.844s] -- Up-to-date: /home/gcerioni/ws_ur16/install/ur_dashboard_msgs/include/ur_dashboard_msgs/ur_dashboard_msgs/action/detail/set_mode__type_support.cpp
[1.844s] -- Up-to-date: /home/gcerioni/ws_ur16/install/ur_dashboard_msgs/include/ur_dashboard_msgs/ur_dashboard_msgs/action/detail/set_mode__rosidl_typesupport_introspection_cpp.hpp
[1.844s] -- Up-to-date: /home/gcerioni/ws_ur16/install/ur_dashboard_msgs/include/ur_dashboard_msgs/ur_dashboard_msgs/srv
[1.845s] -- Up-to-date: /home/gcerioni/ws_ur16/install/ur_dashboard_msgs/include/ur_dashboard_msgs/ur_dashboard_msgs/srv/detail
[1.902s] -- Up-to-date: /home/gcerioni/ws_ur16/install/ur_dashboard_msgs/include/ur_dashboard_msgs/ur_dashboard_msgs/srv/detail/raw_request__type_support.cpp
[1.902s] -- Up-to-date: /home/gcerioni/ws_ur16/install/ur_dashboard_msgs/include/ur_dashboard_msgs/ur_dashboard_msgs/srv/detail/raw_request__rosidl_typesupport_introspection_cpp.hpp
[1.902s] -- Up-to-date: /home/gcerioni/ws_ur16/install/ur_dashboard_msgs/include/ur_dashboard_msgs/ur_dashboard_msgs/srv/detail/add_to_log__rosidl_typesupport_introspection_cpp.hpp
[1.902s] -- Up-to-date: /home/gcerioni/ws_ur16/install/ur_dashboard_msgs/include/ur_dashboard_msgs/ur_dashboard_msgs/srv/detail/get_program_state__type_support.cpp
[1.902s] -- Up-to-date: /home/gcerioni/ws_ur16/install/ur_dashboard_msgs/include/ur_dashboard_msgs/ur_dashboard_msgs/srv/detail/load__rosidl_typesupport_introspection_cpp.hpp
[1.902s] -- Up-to-date: /home/gcerioni/ws_ur16/install/ur_dashboard_msgs/include/ur_dashboard_msgs/ur_dashboard_msgs/srv/detail/popup__rosidl_typesupport_introspection_cpp.hpp
[1.902s] -- Up-to-date: /home/gcerioni/ws_ur16/install/ur_dashboard_msgs/include/ur_dashboard_msgs/ur_dashboard_msgs/srv/detail/get_robot_mode__type_support.cpp
[1.902s] -- Up-to-date: /home/gcerioni/ws_ur16/install/ur_dashboard_msgs/include/ur_dashboard_msgs/ur_dashboard_msgs/srv/detail/get_robot_mode__rosidl_typesupport_introspection_cpp.hpp
[1.909s] -- Up-to-date: /home/gcerioni/ws_ur16/install/ur_dashboard_msgs/include/ur_dashboard_msgs/ur_dashboard_msgs/srv/detail/get_program_state__rosidl_typesupport_introspection_cpp.hpp
[1.909s] -- Up-to-date: /home/gcerioni/ws_ur16/install/ur_dashboard_msgs/include/ur_dashboard_msgs/ur_dashboard_msgs/srv/detail/is_program_saved__type_support.cpp
[1.909s] -- Up-to-date: /home/gcerioni/ws_ur16/install/ur_dashboard_msgs/include/ur_dashboard_msgs/ur_dashboard_msgs/srv/detail/get_safety_mode__rosidl_typesupport_introspection_cpp.hpp
[1.909s] -- Up-to-date: /home/gcerioni/ws_ur16/install/ur_dashboard_msgs/include/ur_dashboard_msgs/ur_dashboard_msgs/srv/detail/is_program_running__type_support.cpp
[1.909s] -- Up-to-date: /home/gcerioni/ws_ur16/install/ur_dashboard_msgs/include/ur_dashboard_msgs/ur_dashboard_msgs/srv/detail/popup__type_support.cpp
[1.909s] -- Up-to-date: /home/gcerioni/ws_ur16/install/ur_dashboard_msgs/include/ur_dashboard_msgs/ur_dashboard_msgs/srv/detail/get_loaded_program__type_support.cpp
[1.909s] -- Up-to-date: /home/gcerioni/ws_ur16/install/ur_dashboard_msgs/include/ur_dashboard_msgs/ur_dashboard_msgs/srv/detail/get_loaded_program__rosidl_typesupport_introspection_cpp.hpp
[1.910s] -- Up-to-date: /home/gcerioni/ws_ur16/install/ur_dashboard_msgs/include/ur_dashboard_msgs/ur_dashboard_msgs/srv/detail/load__type_support.cpp
[1.910s] -- Up-to-date: /home/gcerioni/ws_ur16/install/ur_dashboard_msgs/include/ur_dashboard_msgs/ur_dashboard_msgs/srv/detail/add_to_log__type_support.cpp
[1.910s] -- Up-to-date: /home/gcerioni/ws_ur16/install/ur_dashboard_msgs/include/ur_dashboard_msgs/ur_dashboard_msgs/srv/detail/is_program_saved__rosidl_typesupport_introspection_cpp.hpp
[1.910s] -- Up-to-date: /home/gcerioni/ws_ur16/install/ur_dashboard_msgs/include/ur_dashboard_msgs/ur_dashboard_msgs/srv/detail/is_program_running__rosidl_typesupport_introspection_cpp.hpp
[1.910s] -- Up-to-date: /home/gcerioni/ws_ur16/install/ur_dashboard_msgs/include/ur_dashboard_msgs/ur_dashboard_msgs/srv/detail/get_safety_mode__type_support.cpp
[1.913s] -- Up-to-date: /home/gcerioni/ws_ur16/install/ur_dashboard_msgs/lib/libur_dashboard_msgs__rosidl_typesupport_introspection_cpp.so
[1.913s] -- Up-to-date: /home/gcerioni/ws_ur16/install/ur_dashboard_msgs/lib/libur_dashboard_msgs__rosidl_typesupport_cpp.so
[1.913s] -- Up-to-date: /home/gcerioni/ws_ur16/install/ur_dashboard_msgs/share/ur_dashboard_msgs/environment/pythonpath.sh
[1.913s] -- Up-to-date: /home/gcerioni/ws_ur16/install/ur_dashboard_msgs/share/ur_dashboard_msgs/environment/pythonpath.dsv
[1.913s] -- Up-to-date: /home/gcerioni/ws_ur16/install/ur_dashboard_msgs/local/lib/python3.10/dist-packages/ur_dashboard_msgs-2.6.0-py3.10.egg-info
[1.913s] -- Installing: /home/gcerioni/ws_ur16/install/ur_dashboard_msgs/local/lib/python3.10/dist-packages/ur_dashboard_msgs-2.6.0-py3.10.egg-info/top_level.txt
[1.924s] -- Installing: /home/gcerioni/ws_ur16/install/ur_dashboard_msgs/local/lib/python3.10/dist-packages/ur_dashboard_msgs-2.6.0-py3.10.egg-info/SOURCES.txt
[2.015s] -- Installing: /home/gcerioni/ws_ur16/install/ur_dashboard_msgs/local/lib/python3.10/dist-packages/ur_dashboard_msgs-2.6.0-py3.10.egg-info/dependency_links.txt
[2.015s] -- Installing: /home/gcerioni/ws_ur16/install/ur_dashboard_msgs/local/lib/python3.10/dist-packages/ur_dashboard_msgs-2.6.0-py3.10.egg-info/PKG-INFO
[2.015s] -- Up-to-date: /home/gcerioni/ws_ur16/install/ur_dashboard_msgs/local/lib/python3.10/dist-packages/ur_dashboard_msgs
[2.015s] -- Up-to-date: /home/gcerioni/ws_ur16/install/ur_dashboard_msgs/local/lib/python3.10/dist-packages/ur_dashboard_msgs/msg
[2.015s] -- Up-to-date: /home/gcerioni/ws_ur16/install/ur_dashboard_msgs/local/lib/python3.10/dist-packages/ur_dashboard_msgs/msg/_robot_mode.py
[2.015s] -- Up-to-date: /home/gcerioni/ws_ur16/install/ur_dashboard_msgs/local/lib/python3.10/dist-packages/ur_dashboard_msgs/msg/_safety_mode.py
[2.015s] -- Up-to-date: /home/gcerioni/ws_ur16/install/ur_dashboard_msgs/local/lib/python3.10/dist-packages/ur_dashboard_msgs/msg/__init__.py
[2.015s] -- Up-to-date: /home/gcerioni/ws_ur16/install/ur_dashboard_msgs/local/lib/python3.10/dist-packages/ur_dashboard_msgs/msg/_safety_mode_s.c
[2.015s] -- Up-to-date: /home/gcerioni/ws_ur16/install/ur_dashboard_msgs/local/lib/python3.10/dist-packages/ur_dashboard_msgs/msg/_program_state.py
[2.015s] -- Up-to-date: /home/gcerioni/ws_ur16/install/ur_dashboard_msgs/local/lib/python3.10/dist-packages/ur_dashboard_msgs/msg/_program_state_s.c
[2.019s] -- Up-to-date: /home/gcerioni/ws_ur16/install/ur_dashboard_msgs/local/lib/python3.10/dist-packages/ur_dashboard_msgs/msg/_robot_mode_s.c
[2.020s] -- Up-to-date: /home/gcerioni/ws_ur16/install/ur_dashboard_msgs/local/lib/python3.10/dist-packages/ur_dashboard_msgs/ur_dashboard_msgs_s__rosidl_typesupport_fastrtps_c.cpython-310-x86_64-linux-gnu.so
[2.020s] -- Up-to-date: /home/gcerioni/ws_ur16/install/ur_dashboard_msgs/local/lib/python3.10/dist-packages/ur_dashboard_msgs/action
[2.020s] -- Up-to-date: /home/gcerioni/ws_ur16/install/ur_dashboard_msgs/local/lib/python3.10/dist-packages/ur_dashboard_msgs/action/__init__.py
[2.020s] -- Up-to-date: /home/gcerioni/ws_ur16/install/ur_dashboard_msgs/local/lib/python3.10/dist-packages/ur_dashboard_msgs/action/_set_mode_s.c
[2.020s] -- Up-to-date: /home/gcerioni/ws_ur16/install/ur_dashboard_msgs/local/lib/python3.10/dist-packages/ur_dashboard_msgs/action/_set_mode.py
[2.020s] -- Up-to-date: /home/gcerioni/ws_ur16/install/ur_dashboard_msgs/local/lib/python3.10/dist-packages/ur_dashboard_msgs/ur_dashboard_msgs_s__rosidl_typesupport_c.cpython-310-x86_64-linux-gnu.so
[2.020s] -- Up-to-date: /home/gcerioni/ws_ur16/install/ur_dashboard_msgs/local/lib/python3.10/dist-packages/ur_dashboard_msgs/__init__.py
[2.020s] -- Up-to-date: /home/gcerioni/ws_ur16/install/ur_dashboard_msgs/local/lib/python3.10/dist-packages/ur_dashboard_msgs/_ur_dashboard_msgs_s.ep.rosidl_typesupport_fastrtps_c.c
[2.020s] -- Up-to-date: /home/gcerioni/ws_ur16/install/ur_dashboard_msgs/local/lib/python3.10/dist-packages/ur_dashboard_msgs/ur_dashboard_msgs_s__rosidl_typesupport_introspection_c.cpython-310-x86_64-linux-gnu.so
[2.021s] -- Up-to-date: /home/gcerioni/ws_ur16/install/ur_dashboard_msgs/local/lib/python3.10/dist-packages/ur_dashboard_msgs/_ur_dashboard_msgs_s.ep.rosidl_typesupport_c.c
[2.021s] -- Up-to-date: /home/gcerioni/ws_ur16/install/ur_dashboard_msgs/local/lib/python3.10/dist-packages/ur_dashboard_msgs/_ur_dashboard_msgs_s.ep.rosidl_typesupport_introspection_c.c
[2.021s] -- Up-to-date: /home/gcerioni/ws_ur16/install/ur_dashboard_msgs/local/lib/python3.10/dist-packages/ur_dashboard_msgs/libur_dashboard_msgs__rosidl_generator_py.so
[2.021s] -- Up-to-date: /home/gcerioni/ws_ur16/install/ur_dashboard_msgs/local/lib/python3.10/dist-packages/ur_dashboard_msgs/srv
[2.021s] -- Up-to-date: /home/gcerioni/ws_ur16/install/ur_dashboard_msgs/local/lib/python3.10/dist-packages/ur_dashboard_msgs/srv/_raw_request.py
[2.021s] -- Up-to-date: /home/gcerioni/ws_ur16/install/ur_dashboard_msgs/local/lib/python3.10/dist-packages/ur_dashboard_msgs/srv/_get_loaded_program_s.c
[2.021s] -- Up-to-date: /home/gcerioni/ws_ur16/install/ur_dashboard_msgs/local/lib/python3.10/dist-packages/ur_dashboard_msgs/srv/_add_to_log_s.c
[2.021s] -- Up-to-date: /home/gcerioni/ws_ur16/install/ur_dashboard_msgs/local/lib/python3.10/dist-packages/ur_dashboard_msgs/srv/_get_robot_mode.py
[2.021s] -- Up-to-date: /home/gcerioni/ws_ur16/install/ur_dashboard_msgs/local/lib/python3.10/dist-packages/ur_dashboard_msgs/srv/_is_program_saved.py
[2.021s] -- Up-to-date: /home/gcerioni/ws_ur16/install/ur_dashboard_msgs/local/lib/python3.10/dist-packages/ur_dashboard_msgs/srv/_get_program_state.py
[2.022s] -- Up-to-date: /home/gcerioni/ws_ur16/install/ur_dashboard_msgs/local/lib/python3.10/dist-packages/ur_dashboard_msgs/srv/__init__.py
[2.022s] -- Up-to-date: /home/gcerioni/ws_ur16/install/ur_dashboard_msgs/local/lib/python3.10/dist-packages/ur_dashboard_msgs/srv/_is_program_saved_s.c
[2.022s] -- Up-to-date: /home/gcerioni/ws_ur16/install/ur_dashboard_msgs/local/lib/python3.10/dist-packages/ur_dashboard_msgs/srv/_load_s.c
[2.022s] -- Up-to-date: /home/gcerioni/ws_ur16/install/ur_dashboard_msgs/local/lib/python3.10/dist-packages/ur_dashboard_msgs/srv/_get_safety_mode_s.c
[2.022s] -- Up-to-date: /home/gcerioni/ws_ur16/install/ur_dashboard_msgs/local/lib/python3.10/dist-packages/ur_dashboard_msgs/srv/_get_robot_mode_s.c
[2.022s] -- Up-to-date: /home/gcerioni/ws_ur16/install/ur_dashboard_msgs/local/lib/python3.10/dist-packages/ur_dashboard_msgs/srv/_popup_s.c
[2.023s] -- Up-to-date: /home/gcerioni/ws_ur16/install/ur_dashboard_msgs/local/lib/python3.10/dist-packages/ur_dashboard_msgs/srv/_get_safety_mode.py
[2.023s] -- Up-to-date: /home/gcerioni/ws_ur16/install/ur_dashboard_msgs/local/lib/python3.10/dist-packages/ur_dashboard_msgs/srv/_is_program_running.py
[2.024s] -- Up-to-date: /home/gcerioni/ws_ur16/install/ur_dashboard_msgs/local/lib/python3.10/dist-packages/ur_dashboard_msgs/srv/_load.py
[2.024s] -- Up-to-date: /home/gcerioni/ws_ur16/install/ur_dashboard_msgs/local/lib/python3.10/dist-packages/ur_dashboard_msgs/srv/_add_to_log.py
[2.024s] -- Up-to-date: /home/gcerioni/ws_ur16/install/ur_dashboard_msgs/local/lib/python3.10/dist-packages/ur_dashboard_msgs/srv/_get_loaded_program.py
[2.024s] -- Up-to-date: /home/gcerioni/ws_ur16/install/ur_dashboard_msgs/local/lib/python3.10/dist-packages/ur_dashboard_msgs/srv/_is_program_running_s.c
[2.024s] -- Up-to-date: /home/gcerioni/ws_ur16/install/ur_dashboard_msgs/local/lib/python3.10/dist-packages/ur_dashboard_msgs/srv/_popup.py
[2.024s] -- Up-to-date: /home/gcerioni/ws_ur16/install/ur_dashboard_msgs/local/lib/python3.10/dist-packages/ur_dashboard_msgs/srv/_get_program_state_s.c
[2.024s] -- Up-to-date: /home/gcerioni/ws_ur16/install/ur_dashboard_msgs/local/lib/python3.10/dist-packages/ur_dashboard_msgs/srv/_raw_request_s.c
[2.123s] Listing '/home/gcerioni/ws_ur16/install/ur_dashboard_msgs/local/lib/python3.10/dist-packages/ur_dashboard_msgs'...
[2.123s] Listing '/home/gcerioni/ws_ur16/install/ur_dashboard_msgs/local/lib/python3.10/dist-packages/ur_dashboard_msgs/action'...
[2.124s] Listing '/home/gcerioni/ws_ur16/install/ur_dashboard_msgs/local/lib/python3.10/dist-packages/ur_dashboard_msgs/msg'...
[2.124s] Listing '/home/gcerioni/ws_ur16/install/ur_dashboard_msgs/local/lib/python3.10/dist-packages/ur_dashboard_msgs/srv'...
[2.124s] -- Up-to-date: /home/gcerioni/ws_ur16/install/ur_dashboard_msgs/local/lib/python3.10/dist-packages/ur_dashboard_msgs/ur_dashboard_msgs_s__rosidl_typesupport_fastrtps_c.cpython-310-x86_64-linux-gnu.so
[2.124s] -- Up-to-date: /home/gcerioni/ws_ur16/install/ur_dashboard_msgs/local/lib/python3.10/dist-packages/ur_dashboard_msgs/ur_dashboard_msgs_s__rosidl_typesupport_introspection_c.cpython-310-x86_64-linux-gnu.so
[2.125s] -- Up-to-date: /home/gcerioni/ws_ur16/install/ur_dashboard_msgs/local/lib/python3.10/dist-packages/ur_dashboard_msgs/ur_dashboard_msgs_s__rosidl_typesupport_c.cpython-310-x86_64-linux-gnu.so
[2.125s] -- Up-to-date: /home/gcerioni/ws_ur16/install/ur_dashboard_msgs/lib/libur_dashboard_msgs__rosidl_generator_py.so
[2.125s] -- Up-to-date: /home/gcerioni/ws_ur16/install/ur_dashboard_msgs/share/ur_dashboard_msgs/msg/ProgramState.idl
[2.125s] -- Up-to-date: /home/gcerioni/ws_ur16/install/ur_dashboard_msgs/share/ur_dashboard_msgs/msg/RobotMode.idl
[2.126s] -- Up-to-date: /home/gcerioni/ws_ur16/install/ur_dashboard_msgs/share/ur_dashboard_msgs/msg/SafetyMode.idl
[2.126s] -- Up-to-date: /home/gcerioni/ws_ur16/install/ur_dashboard_msgs/share/ur_dashboard_msgs/srv/AddToLog.idl
[2.126s] -- Up-to-date: /home/gcerioni/ws_ur16/install/ur_dashboard_msgs/share/ur_dashboard_msgs/srv/GetLoadedProgram.idl
[2.126s] -- Up-to-date: /home/gcerioni/ws_ur16/install/ur_dashboard_msgs/share/ur_dashboard_msgs/srv/GetProgramState.idl
[2.126s] -- Up-to-date: /home/gcerioni/ws_ur16/install/ur_dashboard_msgs/share/ur_dashboard_msgs/srv/GetRobotMode.idl
[2.126s] -- Up-to-date: /home/gcerioni/ws_ur16/install/ur_dashboard_msgs/share/ur_dashboard_msgs/srv/GetSafetyMode.idl
[2.126s] -- Up-to-date: /home/gcerioni/ws_ur16/install/ur_dashboard_msgs/share/ur_dashboard_msgs/srv/IsProgramRunning.idl
[2.126s] -- Up-to-date: /home/gcerioni/ws_ur16/install/ur_dashboard_msgs/share/ur_dashboard_msgs/srv/IsProgramSaved.idl
[2.126s] -- Up-to-date: /home/gcerioni/ws_ur16/install/ur_dashboard_msgs/share/ur_dashboard_msgs/srv/Load.idl
[2.127s] -- Up-to-date: /home/gcerioni/ws_ur16/install/ur_dashboard_msgs/share/ur_dashboard_msgs/srv/Popup.idl
[2.127s] -- Up-to-date: /home/gcerioni/ws_ur16/install/ur_dashboard_msgs/share/ur_dashboard_msgs/srv/RawRequest.idl
[2.127s] -- Up-to-date: /home/gcerioni/ws_ur16/install/ur_dashboard_msgs/share/ur_dashboard_msgs/action/SetMode.idl
[2.127s] -- Up-to-date: /home/gcerioni/ws_ur16/install/ur_dashboard_msgs/share/ur_dashboard_msgs/msg/ProgramState.msg
[2.127s] -- Up-to-date: /home/gcerioni/ws_ur16/install/ur_dashboard_msgs/share/ur_dashboard_msgs/msg/RobotMode.msg
[2.127s] -- Up-to-date: /home/gcerioni/ws_ur16/install/ur_dashboard_msgs/share/ur_dashboard_msgs/msg/SafetyMode.msg
[2.127s] -- Up-to-date: /home/gcerioni/ws_ur16/install/ur_dashboard_msgs/share/ur_dashboard_msgs/srv/AddToLog.srv
[2.127s] -- Up-to-date: /home/gcerioni/ws_ur16/install/ur_dashboard_msgs/share/ur_dashboard_msgs/srv/AddToLog_Request.msg
[2.127s] -- Up-to-date: /home/gcerioni/ws_ur16/install/ur_dashboard_msgs/share/ur_dashboard_msgs/srv/AddToLog_Response.msg
[2.127s] -- Up-to-date: /home/gcerioni/ws_ur16/install/ur_dashboard_msgs/share/ur_dashboard_msgs/srv/GetLoadedProgram.srv
[2.128s] -- Up-to-date: /home/gcerioni/ws_ur16/install/ur_dashboard_msgs/share/ur_dashboard_msgs/srv/GetLoadedProgram_Request.msg
[2.128s] -- Up-to-date: /home/gcerioni/ws_ur16/install/ur_dashboard_msgs/share/ur_dashboard_msgs/srv/GetLoadedProgram_Response.msg
[2.128s] -- Up-to-date: /home/gcerioni/ws_ur16/install/ur_dashboard_msgs/share/ur_dashboard_msgs/srv/GetProgramState.srv
[2.128s] -- Up-to-date: /home/gcerioni/ws_ur16/install/ur_dashboard_msgs/share/ur_dashboard_msgs/srv/GetProgramState_Request.msg
[2.128s] -- Up-to-date: /home/gcerioni/ws_ur16/install/ur_dashboard_msgs/share/ur_dashboard_msgs/srv/GetProgramState_Response.msg
[2.128s] -- Up-to-date: /home/gcerioni/ws_ur16/install/ur_dashboard_msgs/share/ur_dashboard_msgs/srv/GetRobotMode.srv
[2.128s] -- Up-to-date: /home/gcerioni/ws_ur16/install/ur_dashboard_msgs/share/ur_dashboard_msgs/srv/GetRobotMode_Request.msg
[2.128s] -- Up-to-date: /home/gcerioni/ws_ur16/install/ur_dashboard_msgs/share/ur_dashboard_msgs/srv/GetRobotMode_Response.msg
[2.128s] -- Up-to-date: /home/gcerioni/ws_ur16/install/ur_dashboard_msgs/share/ur_dashboard_msgs/srv/GetSafetyMode.srv
[2.128s] -- Up-to-date: /home/gcerioni/ws_ur16/install/ur_dashboard_msgs/share/ur_dashboard_msgs/srv/GetSafetyMode_Request.msg
[2.128s] -- Up-to-date: /home/gcerioni/ws_ur16/install/ur_dashboard_msgs/share/ur_dashboard_msgs/srv/GetSafetyMode_Response.msg
[2.129s] -- Up-to-date: /home/gcerioni/ws_ur16/install/ur_dashboard_msgs/share/ur_dashboard_msgs/srv/IsProgramRunning.srv
[2.129s] -- Up-to-date: /home/gcerioni/ws_ur16/install/ur_dashboard_msgs/share/ur_dashboard_msgs/srv/IsProgramRunning_Request.msg
[2.129s] -- Up-to-date: /home/gcerioni/ws_ur16/install/ur_dashboard_msgs/share/ur_dashboard_msgs/srv/IsProgramRunning_Response.msg
[2.129s] -- Up-to-date: /home/gcerioni/ws_ur16/install/ur_dashboard_msgs/share/ur_dashboard_msgs/srv/IsProgramSaved.srv
[2.129s] -- Up-to-date: /home/gcerioni/ws_ur16/install/ur_dashboard_msgs/share/ur_dashboard_msgs/srv/IsProgramSaved_Request.msg
[2.129s] -- Up-to-date: /home/gcerioni/ws_ur16/install/ur_dashboard_msgs/share/ur_dashboard_msgs/srv/IsProgramSaved_Response.msg
[2.129s] -- Up-to-date: /home/gcerioni/ws_ur16/install/ur_dashboard_msgs/share/ur_dashboard_msgs/srv/Load.srv
[2.129s] -- Up-to-date: /home/gcerioni/ws_ur16/install/ur_dashboard_msgs/share/ur_dashboard_msgs/srv/Load_Request.msg
[2.130s] -- Up-to-date: /home/gcerioni/ws_ur16/install/ur_dashboard_msgs/share/ur_dashboard_msgs/srv/Load_Response.msg
[2.130s] -- Up-to-date: /home/gcerioni/ws_ur16/install/ur_dashboard_msgs/share/ur_dashboard_msgs/srv/Popup.srv
[2.130s] -- Up-to-date: /home/gcerioni/ws_ur16/install/ur_dashboard_msgs/share/ur_dashboard_msgs/srv/Popup_Request.msg
[2.130s] -- Up-to-date: /home/gcerioni/ws_ur16/install/ur_dashboard_msgs/share/ur_dashboard_msgs/srv/Popup_Response.msg
[2.130s] -- Up-to-date: /home/gcerioni/ws_ur16/install/ur_dashboard_msgs/share/ur_dashboard_msgs/srv/RawRequest.srv
[2.130s] -- Up-to-date: /home/gcerioni/ws_ur16/install/ur_dashboard_msgs/share/ur_dashboard_msgs/srv/RawRequest_Request.msg
[2.130s] -- Up-to-date: /home/gcerioni/ws_ur16/install/ur_dashboard_msgs/share/ur_dashboard_msgs/srv/RawRequest_Response.msg
[2.130s] -- Up-to-date: /home/gcerioni/ws_ur16/install/ur_dashboard_msgs/share/ur_dashboard_msgs/action/SetMode.action
[2.130s] -- Up-to-date: /home/gcerioni/ws_ur16/install/ur_dashboard_msgs/share/ament_index/resource_index/package_run_dependencies/ur_dashboard_msgs
[2.130s] -- Up-to-date: /home/gcerioni/ws_ur16/install/ur_dashboard_msgs/share/ament_index/resource_index/parent_prefix_path/ur_dashboard_msgs
[2.130s] -- Up-to-date: /home/gcerioni/ws_ur16/install/ur_dashboard_msgs/share/ur_dashboard_msgs/environment/ament_prefix_path.sh
[2.130s] -- Up-to-date: /home/gcerioni/ws_ur16/install/ur_dashboard_msgs/share/ur_dashboard_msgs/environment/ament_prefix_path.dsv
[2.131s] -- Up-to-date: /home/gcerioni/ws_ur16/install/ur_dashboard_msgs/share/ur_dashboard_msgs/environment/path.sh
[2.131s] -- Up-to-date: /home/gcerioni/ws_ur16/install/ur_dashboard_msgs/share/ur_dashboard_msgs/environment/path.dsv
[2.131s] -- Up-to-date: /home/gcerioni/ws_ur16/install/ur_dashboard_msgs/share/ur_dashboard_msgs/local_setup.bash
[2.131s] -- Up-to-date: /home/gcerioni/ws_ur16/install/ur_dashboard_msgs/share/ur_dashboard_msgs/local_setup.sh
[2.131s] -- Up-to-date: /home/gcerioni/ws_ur16/install/ur_dashboard_msgs/share/ur_dashboard_msgs/local_setup.zsh
[2.131s] -- Up-to-date: /home/gcerioni/ws_ur16/install/ur_dashboard_msgs/share/ur_dashboard_msgs/local_setup.dsv
[2.132s] -- Installing: /home/gcerioni/ws_ur16/install/ur_dashboard_msgs/share/ur_dashboard_msgs/package.dsv
[2.132s] -- Up-to-date: /home/gcerioni/ws_ur16/install/ur_dashboard_msgs/share/ament_index/resource_index/packages/ur_dashboard_msgs
[2.132s] -- Up-to-date: /home/gcerioni/ws_ur16/install/ur_dashboard_msgs/share/ur_dashboard_msgs/cmake/export_ur_dashboard_msgs__rosidl_generator_cExport.cmake
[2.132s] -- Up-to-date: /home/gcerioni/ws_ur16/install/ur_dashboard_msgs/share/ur_dashboard_msgs/cmake/export_ur_dashboard_msgs__rosidl_generator_cExport-release.cmake
[2.132s] -- Up-to-date: /home/gcerioni/ws_ur16/install/ur_dashboard_msgs/share/ur_dashboard_msgs/cmake/export_ur_dashboard_msgs__rosidl_typesupport_fastrtps_cExport.cmake
[2.132s] -- Up-to-date: /home/gcerioni/ws_ur16/install/ur_dashboard_msgs/share/ur_dashboard_msgs/cmake/export_ur_dashboard_msgs__rosidl_typesupport_fastrtps_cExport-release.cmake
[2.132s] -- Up-to-date: /home/gcerioni/ws_ur16/install/ur_dashboard_msgs/share/ur_dashboard_msgs/cmake/ur_dashboard_msgs__rosidl_typesupport_introspection_cExport.cmake
[2.132s] -- Up-to-date: /home/gcerioni/ws_ur16/install/ur_dashboard_msgs/share/ur_dashboard_msgs/cmake/ur_dashboard_msgs__rosidl_typesupport_introspection_cExport-release.cmake
[2.132s] -- Up-to-date: /home/gcerioni/ws_ur16/install/ur_dashboard_msgs/share/ur_dashboard_msgs/cmake/ur_dashboard_msgs__rosidl_typesupport_cExport.cmake
[2.132s] -- Up-to-date: /home/gcerioni/ws_ur16/install/ur_dashboard_msgs/share/ur_dashboard_msgs/cmake/ur_dashboard_msgs__rosidl_typesupport_cExport-release.cmake
[2.132s] -- Up-to-date: /home/gcerioni/ws_ur16/install/ur_dashboard_msgs/share/ur_dashboard_msgs/cmake/export_ur_dashboard_msgs__rosidl_generator_cppExport.cmake
[2.135s] -- Up-to-date: /home/gcerioni/ws_ur16/install/ur_dashboard_msgs/share/ur_dashboard_msgs/cmake/export_ur_dashboard_msgs__rosidl_typesupport_fastrtps_cppExport.cmake
[2.135s] -- Up-to-date: /home/gcerioni/ws_ur16/install/ur_dashboard_msgs/share/ur_dashboard_msgs/cmake/export_ur_dashboard_msgs__rosidl_typesupport_fastrtps_cppExport-release.cmake
[2.135s] -- Up-to-date: /home/gcerioni/ws_ur16/install/ur_dashboard_msgs/share/ur_dashboard_msgs/cmake/ur_dashboard_msgs__rosidl_typesupport_introspection_cppExport.cmake
[2.135s] -- Up-to-date: /home/gcerioni/ws_ur16/install/ur_dashboard_msgs/share/ur_dashboard_msgs/cmake/ur_dashboard_msgs__rosidl_typesupport_introspection_cppExport-release.cmake
[2.135s] -- Up-to-date: /home/gcerioni/ws_ur16/install/ur_dashboard_msgs/share/ur_dashboard_msgs/cmake/ur_dashboard_msgs__rosidl_typesupport_cppExport.cmake
[2.135s] -- Up-to-date: /home/gcerioni/ws_ur16/install/ur_dashboard_msgs/share/ur_dashboard_msgs/cmake/ur_dashboard_msgs__rosidl_typesupport_cppExport-release.cmake
[2.135s] -- Up-to-date: /home/gcerioni/ws_ur16/install/ur_dashboard_msgs/share/ur_dashboard_msgs/cmake/export_ur_dashboard_msgs__rosidl_generator_pyExport.cmake
[2.135s] -- Up-to-date: /home/gcerioni/ws_ur16/install/ur_dashboard_msgs/share/ur_dashboard_msgs/cmake/export_ur_dashboard_msgs__rosidl_generator_pyExport-release.cmake
[2.135s] -- Up-to-date: /home/gcerioni/ws_ur16/install/ur_dashboard_msgs/share/ur_dashboard_msgs/cmake/rosidl_cmake-extras.cmake
[2.135s] -- Up-to-date: /home/gcerioni/ws_ur16/install/ur_dashboard_msgs/share/ur_dashboard_msgs/cmake/ament_cmake_export_dependencies-extras.cmake
[2.135s] -- Up-to-date: /home/gcerioni/ws_ur16/install/ur_dashboard_msgs/share/ur_dashboard_msgs/cmake/ament_cmake_export_include_directories-extras.cmake
[2.135s] -- Up-to-date: /home/gcerioni/ws_ur16/install/ur_dashboard_msgs/share/ur_dashboard_msgs/cmake/ament_cmake_export_libraries-extras.cmake
[2.136s] -- Up-to-date: /home/gcerioni/ws_ur16/install/ur_dashboard_msgs/share/ur_dashboard_msgs/cmake/ament_cmake_export_targets-extras.cmake
[2.136s] -- Up-to-date: /home/gcerioni/ws_ur16/install/ur_dashboard_msgs/share/ur_dashboard_msgs/cmake/rosidl_cmake_export_typesupport_targets-extras.cmake
[2.136s] -- Up-to-date: /home/gcerioni/ws_ur16/install/ur_dashboard_msgs/share/ur_dashboard_msgs/cmake/rosidl_cmake_export_typesupport_libraries-extras.cmake
[2.136s] -- Up-to-date: /home/gcerioni/ws_ur16/install/ur_dashboard_msgs/share/ur_dashboard_msgs/cmake/ur_dashboard_msgsConfig.cmake
[2.136s] -- Up-to-date: /home/gcerioni/ws_ur16/install/ur_dashboard_msgs/share/ur_dashboard_msgs/cmake/ur_dashboard_msgsConfig-version.cmake
[2.136s] -- Up-to-date: /home/gcerioni/ws_ur16/install/ur_dashboard_msgs/share/ur_dashboard_msgs/package.xml
[2.149s] Invoked command in '/home/gcerioni/ws_ur16/build/ur_dashboard_msgs' returned '0': CMAKE_PREFIX_PATH=${CMAKE_PREFIX_PATH}:/home/gcerioni/ws_ur16/install/rqt_joint_trajectory_controller:/home/gcerioni/ws_ur16/install/rqt_controller_manager:/home/gcerioni/ws_ur16/install/ros2controlcli:/home/gcerioni/ws_ur16/install/ros2_controllers_test_nodes:/opt/ros/humble /usr/bin/cmake --install /home/gcerioni/ws_ur16/build/ur_dashboard_msgs
