[0.576s] Invoking command in '/home/gcerioni/ws_ur16/build/tricycle_controller': AMENT_PREFIX_PATH=/home/gcerioni/ws_ur16/install/controller_manager:/home/gcerioni/ws_ur16/install/hardware_interface_testing:/home/gcerioni/ws_ur16/install/controller_interface:/home/gcerioni/ws_ur16/install/hardware_interface:/home/gcerioni/ws_ur16/install/ros2_control_test_assets:/home/gcerioni/ws_ur16/install/realtime_tools:/home/gcerioni/ws_ur16/install/controller_manager_msgs:/home/gcerioni/ws_ur16/install/control_msgs:${AMENT_PREFIX_PATH} CMAKE_PREFIX_PATH=/home/gcerioni/ws_ur16/install/controller_manager:/home/gcerioni/ws_ur16/install/hardware_interface_testing:/home/gcerioni/ws_ur16/install/controller_interface:/home/gcerioni/ws_ur16/install/hardware_interface:/home/gcerioni/ws_ur16/install/ros2_control_test_assets:/home/gcerioni/ws_ur16/install/realtime_tools:/home/gcerioni/ws_ur16/install/controller_manager_msgs:/home/gcerioni/ws_ur16/install/control_msgs:/opt/ros/humble LD_LIBRARY_PATH=/home/gcerioni/ws_ur16/install/controller_manager/lib:/home/gcerioni/ws_ur16/install/hardware_interface_testing/lib:/home/gcerioni/ws_ur16/install/controller_interface/lib:/home/gcerioni/ws_ur16/install/hardware_interface/lib:/home/gcerioni/ws_ur16/install/realtime_tools/lib:/home/gcerioni/ws_ur16/install/controller_manager_msgs/lib:/home/gcerioni/ws_ur16/install/control_msgs/lib:${LD_LIBRARY_PATH} PYTHONPATH=/home/gcerioni/ws_ur16/install/controller_manager/local/lib/python3.10/dist-packages:/home/gcerioni/ws_ur16/install/controller_manager_msgs/local/lib/python3.10/dist-packages:/home/gcerioni/ws_ur16/install/control_msgs/local/lib/python3.10/dist-packages:${PYTHONPATH} /usr/bin/cmake --build /home/gcerioni/ws_ur16/build/tricycle_controller -- -j8 -l8
[0.686s] [35m[1mConsolidate compiler generated dependencies of target tricycle_controller[0m
[0.686s] [35m[1mConsolidate compiler generated dependencies of target gmock_main[0m
[0.690s] [35m[1mConsolidate compiler generated dependencies of target gmock[0m
[0.721s] [ 12%] Built target gmock_main
[0.736s] [ 43%] Built target tricycle_controller
[0.750s] [ 62%] Built target gmock
[0.782s] [35m[1mConsolidate compiler generated dependencies of target test_tricycle_controller[0m
[0.784s] [35m[1mConsolidate compiler generated dependencies of target test_traction_limiter[0m
[0.795s] [35m[1mConsolidate compiler generated dependencies of target test_load_tricycle_controller[0m
[0.833s] [ 75%] Built target test_traction_limiter
[0.858s] [ 87%] Built target test_load_tricycle_controller
[0.863s] [100%] Built target test_tricycle_controller
[1.189s] Invoked command in '/home/gcerioni/ws_ur16/build/tricycle_controller' returned '0': AMENT_PREFIX_PATH=/home/gcerioni/ws_ur16/install/controller_manager:/home/gcerioni/ws_ur16/install/hardware_interface_testing:/home/gcerioni/ws_ur16/install/controller_interface:/home/gcerioni/ws_ur16/install/hardware_interface:/home/gcerioni/ws_ur16/install/ros2_control_test_assets:/home/gcerioni/ws_ur16/install/realtime_tools:/home/gcerioni/ws_ur16/install/controller_manager_msgs:/home/gcerioni/ws_ur16/install/control_msgs:${AMENT_PREFIX_PATH} CMAKE_PREFIX_PATH=/home/gcerioni/ws_ur16/install/controller_manager:/home/gcerioni/ws_ur16/install/hardware_interface_testing:/home/gcerioni/ws_ur16/install/controller_interface:/home/gcerioni/ws_ur16/install/hardware_interface:/home/gcerioni/ws_ur16/install/ros2_control_test_assets:/home/gcerioni/ws_ur16/install/realtime_tools:/home/gcerioni/ws_ur16/install/controller_manager_msgs:/home/gcerioni/ws_ur16/install/control_msgs:/opt/ros/humble LD_LIBRARY_PATH=/home/gcerioni/ws_ur16/install/controller_manager/lib:/home/gcerioni/ws_ur16/install/hardware_interface_testing/lib:/home/gcerioni/ws_ur16/install/controller_interface/lib:/home/gcerioni/ws_ur16/install/hardware_interface/lib:/home/gcerioni/ws_ur16/install/realtime_tools/lib:/home/gcerioni/ws_ur16/install/controller_manager_msgs/lib:/home/gcerioni/ws_ur16/install/control_msgs/lib:${LD_LIBRARY_PATH} PYTHONPATH=/home/gcerioni/ws_ur16/install/controller_manager/local/lib/python3.10/dist-packages:/home/gcerioni/ws_ur16/install/controller_manager_msgs/local/lib/python3.10/dist-packages:/home/gcerioni/ws_ur16/install/control_msgs/local/lib/python3.10/dist-packages:${PYTHONPATH} /usr/bin/cmake --build /home/gcerioni/ws_ur16/build/tricycle_controller -- -j8 -l8
[1.191s] Invoking command in '/home/gcerioni/ws_ur16/build/tricycle_controller': AMENT_PREFIX_PATH=/home/gcerioni/ws_ur16/install/controller_manager:/home/gcerioni/ws_ur16/install/hardware_interface_testing:/home/gcerioni/ws_ur16/install/controller_interface:/home/gcerioni/ws_ur16/install/hardware_interface:/home/gcerioni/ws_ur16/install/ros2_control_test_assets:/home/gcerioni/ws_ur16/install/realtime_tools:/home/gcerioni/ws_ur16/install/controller_manager_msgs:/home/gcerioni/ws_ur16/install/control_msgs:${AMENT_PREFIX_PATH} CMAKE_PREFIX_PATH=/home/gcerioni/ws_ur16/install/controller_manager:/home/gcerioni/ws_ur16/install/hardware_interface_testing:/home/gcerioni/ws_ur16/install/controller_interface:/home/gcerioni/ws_ur16/install/hardware_interface:/home/gcerioni/ws_ur16/install/ros2_control_test_assets:/home/gcerioni/ws_ur16/install/realtime_tools:/home/gcerioni/ws_ur16/install/controller_manager_msgs:/home/gcerioni/ws_ur16/install/control_msgs:/opt/ros/humble LD_LIBRARY_PATH=/home/gcerioni/ws_ur16/install/controller_manager/lib:/home/gcerioni/ws_ur16/install/hardware_interface_testing/lib:/home/gcerioni/ws_ur16/install/controller_interface/lib:/home/gcerioni/ws_ur16/install/hardware_interface/lib:/home/gcerioni/ws_ur16/install/realtime_tools/lib:/home/gcerioni/ws_ur16/install/controller_manager_msgs/lib:/home/gcerioni/ws_ur16/install/control_msgs/lib:${LD_LIBRARY_PATH} PYTHONPATH=/home/gcerioni/ws_ur16/install/controller_manager/local/lib/python3.10/dist-packages:/home/gcerioni/ws_ur16/install/controller_manager_msgs/local/lib/python3.10/dist-packages:/home/gcerioni/ws_ur16/install/control_msgs/local/lib/python3.10/dist-packages:${PYTHONPATH} /usr/bin/cmake --install /home/gcerioni/ws_ur16/build/tricycle_controller
[1.218s] -- Install configuration: "Release"
[1.219s] -- Up-to-date: /home/gcerioni/ws_ur16/install/tricycle_controller/share/tricycle_controller/tricycle_controller.xml
[1.219s] -- Up-to-date: /home/gcerioni/ws_ur16/install/tricycle_controller/include/tricycle_controller
[1.219s] -- Up-to-date: /home/gcerioni/ws_ur16/install/tricycle_controller/include/tricycle_controller/tricycle_controller
[1.219s] -- Up-to-date: /home/gcerioni/ws_ur16/install/tricycle_controller/include/tricycle_controller/tricycle_controller/odometry.hpp
[1.219s] -- Up-to-date: /home/gcerioni/ws_ur16/install/tricycle_controller/include/tricycle_controller/tricycle_controller/visibility_control.h
[1.219s] -- Up-to-date: /home/gcerioni/ws_ur16/install/tricycle_controller/include/tricycle_controller/tricycle_controller/traction_limiter.hpp
[1.219s] -- Up-to-date: /home/gcerioni/ws_ur16/install/tricycle_controller/include/tricycle_controller/tricycle_controller/steering_limiter.hpp
[1.223s] -- Up-to-date: /home/gcerioni/ws_ur16/install/tricycle_controller/include/tricycle_controller/tricycle_controller/tricycle_controller.hpp
[1.224s] -- Up-to-date: /home/gcerioni/ws_ur16/install/tricycle_controller/lib/libtricycle_controller.so
[1.224s] -- Up-to-date: /home/gcerioni/ws_ur16/install/tricycle_controller/share/tricycle_controller/environment/library_path.sh
[1.224s] -- Up-to-date: /home/gcerioni/ws_ur16/install/tricycle_controller/share/tricycle_controller/environment/library_path.dsv
[1.224s] -- Up-to-date: /home/gcerioni/ws_ur16/install/tricycle_controller/share/ament_index/resource_index/package_run_dependencies/tricycle_controller
[1.225s] -- Up-to-date: /home/gcerioni/ws_ur16/install/tricycle_controller/share/ament_index/resource_index/parent_prefix_path/tricycle_controller
[1.225s] -- Up-to-date: /home/gcerioni/ws_ur16/install/tricycle_controller/share/tricycle_controller/environment/ament_prefix_path.sh
[1.225s] -- Up-to-date: /home/gcerioni/ws_ur16/install/tricycle_controller/share/tricycle_controller/environment/ament_prefix_path.dsv
[1.225s] -- Up-to-date: /home/gcerioni/ws_ur16/install/tricycle_controller/share/tricycle_controller/environment/path.sh
[1.225s] -- Up-to-date: /home/gcerioni/ws_ur16/install/tricycle_controller/share/tricycle_controller/environment/path.dsv
[1.225s] -- Up-to-date: /home/gcerioni/ws_ur16/install/tricycle_controller/share/tricycle_controller/local_setup.bash
[1.225s] -- Up-to-date: /home/gcerioni/ws_ur16/install/tricycle_controller/share/tricycle_controller/local_setup.sh
[1.225s] -- Up-to-date: /home/gcerioni/ws_ur16/install/tricycle_controller/share/tricycle_controller/local_setup.zsh
[1.225s] -- Up-to-date: /home/gcerioni/ws_ur16/install/tricycle_controller/share/tricycle_controller/local_setup.dsv
[1.225s] -- Installing: /home/gcerioni/ws_ur16/install/tricycle_controller/share/tricycle_controller/package.dsv
[1.225s] -- Up-to-date: /home/gcerioni/ws_ur16/install/tricycle_controller/share/ament_index/resource_index/packages/tricycle_controller
[1.226s] -- Up-to-date: /home/gcerioni/ws_ur16/install/tricycle_controller/share/ament_index/resource_index/controller_interface__pluginlib__plugin/tricycle_controller
[1.226s] -- Up-to-date: /home/gcerioni/ws_ur16/install/tricycle_controller/share/tricycle_controller/cmake/export_tricycle_controllerExport.cmake
[1.226s] -- Up-to-date: /home/gcerioni/ws_ur16/install/tricycle_controller/share/tricycle_controller/cmake/export_tricycle_controllerExport-release.cmake
[1.232s] -- Up-to-date: /home/gcerioni/ws_ur16/install/tricycle_controller/share/tricycle_controller/cmake/ament_cmake_export_targets-extras.cmake
[1.233s] -- Up-to-date: /home/gcerioni/ws_ur16/install/tricycle_controller/share/tricycle_controller/cmake/ament_cmake_export_dependencies-extras.cmake
[1.233s] -- Up-to-date: /home/gcerioni/ws_ur16/install/tricycle_controller/share/tricycle_controller/cmake/tricycle_controllerConfig.cmake
[1.233s] -- Up-to-date: /home/gcerioni/ws_ur16/install/tricycle_controller/share/tricycle_controller/cmake/tricycle_controllerConfig-version.cmake
[1.233s] -- Up-to-date: /home/gcerioni/ws_ur16/install/tricycle_controller/share/tricycle_controller/package.xml
[1.248s] Invoked command in '/home/gcerioni/ws_ur16/build/tricycle_controller' returned '0': AMENT_PREFIX_PATH=/home/gcerioni/ws_ur16/install/controller_manager:/home/gcerioni/ws_ur16/install/hardware_interface_testing:/home/gcerioni/ws_ur16/install/controller_interface:/home/gcerioni/ws_ur16/install/hardware_interface:/home/gcerioni/ws_ur16/install/ros2_control_test_assets:/home/gcerioni/ws_ur16/install/realtime_tools:/home/gcerioni/ws_ur16/install/controller_manager_msgs:/home/gcerioni/ws_ur16/install/control_msgs:${AMENT_PREFIX_PATH} CMAKE_PREFIX_PATH=/home/gcerioni/ws_ur16/install/controller_manager:/home/gcerioni/ws_ur16/install/hardware_interface_testing:/home/gcerioni/ws_ur16/install/controller_interface:/home/gcerioni/ws_ur16/install/hardware_interface:/home/gcerioni/ws_ur16/install/ros2_control_test_assets:/home/gcerioni/ws_ur16/install/realtime_tools:/home/gcerioni/ws_ur16/install/controller_manager_msgs:/home/gcerioni/ws_ur16/install/control_msgs:/opt/ros/humble LD_LIBRARY_PATH=/home/gcerioni/ws_ur16/install/controller_manager/lib:/home/gcerioni/ws_ur16/install/hardware_interface_testing/lib:/home/gcerioni/ws_ur16/install/controller_interface/lib:/home/gcerioni/ws_ur16/install/hardware_interface/lib:/home/gcerioni/ws_ur16/install/realtime_tools/lib:/home/gcerioni/ws_ur16/install/controller_manager_msgs/lib:/home/gcerioni/ws_ur16/install/control_msgs/lib:${LD_LIBRARY_PATH} PYTHONPATH=/home/gcerioni/ws_ur16/install/controller_manager/local/lib/python3.10/dist-packages:/home/gcerioni/ws_ur16/install/controller_manager_msgs/local/lib/python3.10/dist-packages:/home/gcerioni/ws_ur16/install/control_msgs/local/lib/python3.10/dist-packages:${PYTHONPATH} /usr/bin/cmake --install /home/gcerioni/ws_ur16/build/tricycle_controller
