[0.037s] Invoking command in '/home/gcerioni/ws_ur16/build/joint_limits': CMAKE_PREFIX_PATH=${CMAKE_PREFIX_PATH}:/home/gcerioni/ws_ur16/install/rqt_joint_trajectory_controller:/home/gcerioni/ws_ur16/install/rqt_controller_manager:/home/gcerioni/ws_ur16/install/ros2controlcli:/home/gcerioni/ws_ur16/install/ros2_controllers_test_nodes:/opt/ros/humble /usr/bin/cmake /home/gcerioni/ws_ur16/src/ros2_control/joint_limits -DCMAKE_INSTALL_PREFIX=/home/gcerioni/ws_ur16/install/joint_limits
[0.178s] -- Found ament_cmake: 1.3.11 (/opt/ros/humble/share/ament_cmake/cmake)
[0.362s] -- Found rclcpp: 16.0.11 (/opt/ros/humble/share/rclcpp/cmake)
[0.444s] -- Found rosidl_generator_c: 3.1.6 (/opt/ros/humble/share/rosidl_generator_c/cmake)
[0.448s] -- Found rosidl_adapter: 3.1.6 (/opt/ros/humble/share/rosidl_adapter/cmake)
[0.459s] -- Found rosidl_generator_cpp: 3.1.6 (/opt/ros/humble/share/rosidl_generator_cpp/cmake)
[0.502s] -- Using all available rosidl_typesupport_c: rosidl_typesupport_fastrtps_c;rosidl_typesupport_introspection_c
[0.554s] -- Using all available rosidl_typesupport_cpp: rosidl_typesupport_fastrtps_cpp;rosidl_typesupport_introspection_cpp
[0.647s] -- Found rmw_implementation_cmake: 6.1.2 (/opt/ros/humble/share/rmw_implementation_cmake/cmake)
[0.652s] -- Found rmw_fastrtps_cpp: 6.2.7 (/opt/ros/humble/share/rmw_fastrtps_cpp/cmake)
[0.891s] -- Using RMW implementation 'rmw_fastrtps_cpp' as default
[0.988s] -- Found rclcpp_lifecycle: 16.0.11 (/opt/ros/humble/share/rclcpp_lifecycle/cmake)
[1.029s] -- Found ament_cmake_gtest: 1.3.11 (/opt/ros/humble/share/ament_cmake_gtest/cmake)
[1.069s] -- Found launch_testing_ament_cmake: 1.0.7 (/opt/ros/humble/share/launch_testing_ament_cmake/cmake)
[1.069s] -- Found python_cmake_module: 0.10.0 (/opt/ros/humble/share/python_cmake_module/cmake)
[1.094s] -- Using PYTHON_EXECUTABLE: /usr/bin/python3
[1.095s] -- Using PYTHON_INCLUDE_DIRS: /usr/include/python3.10
[1.095s] -- Using PYTHON_LIBRARIES: /usr/lib/x86_64-linux-gnu/libpython3.10.so
[1.096s] -- Found gtest sources under '/opt/ros/humble/src/gtest_vendor': C++ tests using 'Google Test' will be built
[1.339s] -- Configuring done
[1.387s] -- Generating done
[1.399s] -- Build files have been written to: /home/gcerioni/ws_ur16/build/joint_limits
[1.422s] Invoked command in '/home/gcerioni/ws_ur16/build/joint_limits' returned '0': CMAKE_PREFIX_PATH=${CMAKE_PREFIX_PATH}:/home/gcerioni/ws_ur16/install/rqt_joint_trajectory_controller:/home/gcerioni/ws_ur16/install/rqt_controller_manager:/home/gcerioni/ws_ur16/install/ros2controlcli:/home/gcerioni/ws_ur16/install/ros2_controllers_test_nodes:/opt/ros/humble /usr/bin/cmake /home/gcerioni/ws_ur16/src/ros2_control/joint_limits -DCMAKE_INSTALL_PREFIX=/home/gcerioni/ws_ur16/install/joint_limits
[1.423s] Invoking command in '/home/gcerioni/ws_ur16/build/joint_limits': CMAKE_PREFIX_PATH=${CMAKE_PREFIX_PATH}:/home/gcerioni/ws_ur16/install/rqt_joint_trajectory_controller:/home/gcerioni/ws_ur16/install/rqt_controller_manager:/home/gcerioni/ws_ur16/install/ros2controlcli:/home/gcerioni/ws_ur16/install/ros2_controllers_test_nodes:/opt/ros/humble /usr/bin/cmake --build /home/gcerioni/ws_ur16/build/joint_limits -- -j8 -l8
[1.547s] [35m[1mConsolidate compiler generated dependencies of target gtest[0m
[1.560s] [35m[1mConsolidate compiler generated dependencies of target gtest_main[0m
[1.587s] [ 28%] Built target gtest
[1.610s] [ 57%] Built target gtest_main
[1.612s] [ 71%] Built target ament_generate_version_header__joint_limits
[1.642s] [35m[1mConsolidate compiler generated dependencies of target joint_limits_rosparam_test[0m
[1.700s] [100%] Built target joint_limits_rosparam_test
[1.742s] Invoked command in '/home/gcerioni/ws_ur16/build/joint_limits' returned '0': CMAKE_PREFIX_PATH=${CMAKE_PREFIX_PATH}:/home/gcerioni/ws_ur16/install/rqt_joint_trajectory_controller:/home/gcerioni/ws_ur16/install/rqt_controller_manager:/home/gcerioni/ws_ur16/install/ros2controlcli:/home/gcerioni/ws_ur16/install/ros2_controllers_test_nodes:/opt/ros/humble /usr/bin/cmake --build /home/gcerioni/ws_ur16/build/joint_limits -- -j8 -l8
[1.743s] Invoking command in '/home/gcerioni/ws_ur16/build/joint_limits': CMAKE_PREFIX_PATH=${CMAKE_PREFIX_PATH}:/home/gcerioni/ws_ur16/install/rqt_joint_trajectory_controller:/home/gcerioni/ws_ur16/install/rqt_controller_manager:/home/gcerioni/ws_ur16/install/ros2controlcli:/home/gcerioni/ws_ur16/install/ros2_controllers_test_nodes:/opt/ros/humble /usr/bin/cmake --install /home/gcerioni/ws_ur16/build/joint_limits
[1.783s] -- Install configuration: "Release"
[1.783s] -- Up-to-date: /home/gcerioni/ws_ur16/install/joint_limits/include
[1.783s] -- Up-to-date: /home/gcerioni/ws_ur16/install/joint_limits/include/joint_limits
[1.783s] -- Up-to-date: /home/gcerioni/ws_ur16/install/joint_limits/include/joint_limits/joint_limits_rosparam.hpp
[1.783s] -- Up-to-date: /home/gcerioni/ws_ur16/install/joint_limits/include/joint_limits/joint_limits.hpp
[1.783s] -- Up-to-date: /home/gcerioni/ws_ur16/install/joint_limits/lib/joint_limits/joint_limits_rosparam_test
[1.783s] -- Up-to-date: /home/gcerioni/ws_ur16/install/joint_limits/share/joint_limits/test/joint_limits_rosparam.yaml
[1.784s] -- Up-to-date: /home/gcerioni/ws_ur16/install/joint_limits/include/joint_limits
[1.784s] -- Up-to-date: /home/gcerioni/ws_ur16/install/joint_limits/include/joint_limits/joint_limits
[1.784s] -- Up-to-date: /home/gcerioni/ws_ur16/install/joint_limits/include/joint_limits/joint_limits/joint_limits_rosparam.hpp
[1.784s] -- Up-to-date: /home/gcerioni/ws_ur16/install/joint_limits/include/joint_limits/joint_limits/joint_limits.hpp
[1.784s] -- Up-to-date: /home/gcerioni/ws_ur16/install/joint_limits/share/joint_limits/environment/library_path.sh
[1.784s] -- Installing: /home/gcerioni/ws_ur16/install/joint_limits/share/joint_limits/environment/library_path.dsv
[1.784s] -- Up-to-date: /home/gcerioni/ws_ur16/install/joint_limits/share/ament_index/resource_index/package_run_dependencies/joint_limits
[1.784s] -- Installing: /home/gcerioni/ws_ur16/install/joint_limits/share/ament_index/resource_index/parent_prefix_path/joint_limits
[1.784s] -- Up-to-date: /home/gcerioni/ws_ur16/install/joint_limits/share/joint_limits/environment/ament_prefix_path.sh
[1.785s] -- Installing: /home/gcerioni/ws_ur16/install/joint_limits/share/joint_limits/environment/ament_prefix_path.dsv
[1.788s] -- Up-to-date: /home/gcerioni/ws_ur16/install/joint_limits/share/joint_limits/environment/path.sh
[1.789s] -- Installing: /home/gcerioni/ws_ur16/install/joint_limits/share/joint_limits/environment/path.dsv
[1.789s] -- Up-to-date: /home/gcerioni/ws_ur16/install/joint_limits/share/joint_limits/local_setup.bash
[1.789s] -- Up-to-date: /home/gcerioni/ws_ur16/install/joint_limits/share/joint_limits/local_setup.sh
[1.789s] -- Up-to-date: /home/gcerioni/ws_ur16/install/joint_limits/share/joint_limits/local_setup.zsh
[1.789s] -- Installing: /home/gcerioni/ws_ur16/install/joint_limits/share/joint_limits/local_setup.dsv
[1.789s] -- Installing: /home/gcerioni/ws_ur16/install/joint_limits/share/joint_limits/package.dsv
[1.789s] -- Up-to-date: /home/gcerioni/ws_ur16/install/joint_limits/share/ament_index/resource_index/packages/joint_limits
[1.789s] -- Up-to-date: /home/gcerioni/ws_ur16/install/joint_limits/share/joint_limits/cmake/export_joint_limitsExport.cmake
[1.790s] -- Up-to-date: /home/gcerioni/ws_ur16/install/joint_limits/share/joint_limits/cmake/ament_cmake_export_targets-extras.cmake
[1.790s] -- Up-to-date: /home/gcerioni/ws_ur16/install/joint_limits/share/joint_limits/cmake/ament_cmake_export_dependencies-extras.cmake
[1.790s] -- Up-to-date: /home/gcerioni/ws_ur16/install/joint_limits/share/joint_limits/cmake/ament_cmake_export_include_directories-extras.cmake
[1.790s] -- Up-to-date: /home/gcerioni/ws_ur16/install/joint_limits/share/joint_limits/cmake/joint_limitsConfig.cmake
[1.790s] -- Up-to-date: /home/gcerioni/ws_ur16/install/joint_limits/share/joint_limits/cmake/joint_limitsConfig-version.cmake
[1.790s] -- Up-to-date: /home/gcerioni/ws_ur16/install/joint_limits/share/joint_limits/package.xml
[1.790s] -- Up-to-date: /home/gcerioni/ws_ur16/install/joint_limits/include/joint_limits/joint_limits/version.h
[1.803s] Invoked command in '/home/gcerioni/ws_ur16/build/joint_limits' returned '0': CMAKE_PREFIX_PATH=${CMAKE_PREFIX_PATH}:/home/gcerioni/ws_ur16/install/rqt_joint_trajectory_controller:/home/gcerioni/ws_ur16/install/rqt_controller_manager:/home/gcerioni/ws_ur16/install/ros2controlcli:/home/gcerioni/ws_ur16/install/ros2_controllers_test_nodes:/opt/ros/humble /usr/bin/cmake --install /home/gcerioni/ws_ur16/build/joint_limits
