[0.252s] Invoking command in '/home/gcerioni/ws_ur16/build/kinematics_interface': CMAKE_PREFIX_PATH=${CMAKE_PREFIX_PATH}:/home/gcerioni/ws_ur16/install/rqt_joint_trajectory_controller:/home/gcerioni/ws_ur16/install/rqt_controller_manager:/home/gcerioni/ws_ur16/install/ros2controlcli:/home/gcerioni/ws_ur16/install/ros2_controllers_test_nodes:/opt/ros/humble /usr/bin/cmake --build /home/gcerioni/ws_ur16/build/kinematics_interface -- -j8 -l8
[0.537s] [100%] Built target kinematics_interface
[0.556s] Invoked command in '/home/gcerioni/ws_ur16/build/kinematics_interface' returned '0': CMAKE_PREFIX_PATH=${CMAKE_PREFIX_PATH}:/home/gcerioni/ws_ur16/install/rqt_joint_trajectory_controller:/home/gcerioni/ws_ur16/install/rqt_controller_manager:/home/gcerioni/ws_ur16/install/ros2controlcli:/home/gcerioni/ws_ur16/install/ros2_controllers_test_nodes:/opt/ros/humble /usr/bin/cmake --build /home/gcerioni/ws_ur16/build/kinematics_interface -- -j8 -l8
[0.557s] Invoking command in '/home/gcerioni/ws_ur16/build/kinematics_interface': CMAKE_PREFIX_PATH=${CMAKE_PREFIX_PATH}:/home/gcerioni/ws_ur16/install/rqt_joint_trajectory_controller:/home/gcerioni/ws_ur16/install/rqt_controller_manager:/home/gcerioni/ws_ur16/install/ros2controlcli:/home/gcerioni/ws_ur16/install/ros2_controllers_test_nodes:/opt/ros/humble /usr/bin/cmake --install /home/gcerioni/ws_ur16/build/kinematics_interface
[0.561s] -- Install configuration: "Release"
[0.561s] -- Up-to-date: /home/gcerioni/ws_ur16/install/kinematics_interface/include/kinematics_interface
[0.561s] -- Up-to-date: /home/gcerioni/ws_ur16/install/kinematics_interface/include/kinematics_interface/kinematics_interface
[0.562s] -- Up-to-date: /home/gcerioni/ws_ur16/install/kinematics_interface/include/kinematics_interface/kinematics_interface/visibility_control.h
[0.562s] -- Up-to-date: /home/gcerioni/ws_ur16/install/kinematics_interface/include/kinematics_interface/kinematics_interface/kinematics_interface.hpp
[0.562s] -- Up-to-date: /home/gcerioni/ws_ur16/install/kinematics_interface/lib/libkinematics_interface.so
[0.562s] -- Up-to-date: /home/gcerioni/ws_ur16/install/kinematics_interface/share/kinematics_interface/environment/library_path.sh
[0.562s] -- Up-to-date: /home/gcerioni/ws_ur16/install/kinematics_interface/share/kinematics_interface/environment/library_path.dsv
[0.563s] -- Up-to-date: /home/gcerioni/ws_ur16/install/kinematics_interface/share/ament_index/resource_index/package_run_dependencies/kinematics_interface
[0.563s] -- Up-to-date: /home/gcerioni/ws_ur16/install/kinematics_interface/share/ament_index/resource_index/parent_prefix_path/kinematics_interface
[0.563s] -- Up-to-date: /home/gcerioni/ws_ur16/install/kinematics_interface/share/kinematics_interface/environment/ament_prefix_path.sh
[0.563s] -- Up-to-date: /home/gcerioni/ws_ur16/install/kinematics_interface/share/kinematics_interface/environment/ament_prefix_path.dsv
[0.563s] -- Up-to-date: /home/gcerioni/ws_ur16/install/kinematics_interface/share/kinematics_interface/environment/path.sh
[0.564s] -- Up-to-date: /home/gcerioni/ws_ur16/install/kinematics_interface/share/kinematics_interface/environment/path.dsv
[0.564s] -- Up-to-date: /home/gcerioni/ws_ur16/install/kinematics_interface/share/kinematics_interface/local_setup.bash
[0.564s] -- Up-to-date: /home/gcerioni/ws_ur16/install/kinematics_interface/share/kinematics_interface/local_setup.sh
[0.564s] -- Up-to-date: /home/gcerioni/ws_ur16/install/kinematics_interface/share/kinematics_interface/local_setup.zsh
[0.564s] -- Up-to-date: /home/gcerioni/ws_ur16/install/kinematics_interface/share/kinematics_interface/local_setup.dsv
[0.565s] -- Installing: /home/gcerioni/ws_ur16/install/kinematics_interface/share/kinematics_interface/package.dsv
[0.565s] -- Up-to-date: /home/gcerioni/ws_ur16/install/kinematics_interface/share/ament_index/resource_index/packages/kinematics_interface
[0.565s] -- Up-to-date: /home/gcerioni/ws_ur16/install/kinematics_interface/share/kinematics_interface/cmake/export_kinematics_interfaceExport.cmake
[0.565s] -- Up-to-date: /home/gcerioni/ws_ur16/install/kinematics_interface/share/kinematics_interface/cmake/export_kinematics_interfaceExport-release.cmake
[0.565s] -- Up-to-date: /home/gcerioni/ws_ur16/install/kinematics_interface/share/kinematics_interface/cmake/ament_cmake_export_targets-extras.cmake
[0.566s] -- Up-to-date: /home/gcerioni/ws_ur16/install/kinematics_interface/share/kinematics_interface/cmake/ament_cmake_export_dependencies-extras.cmake
[0.566s] -- Up-to-date: /home/gcerioni/ws_ur16/install/kinematics_interface/share/kinematics_interface/cmake/kinematics_interfaceConfig.cmake
[0.566s] -- Up-to-date: /home/gcerioni/ws_ur16/install/kinematics_interface/share/kinematics_interface/cmake/kinematics_interfaceConfig-version.cmake
[0.566s] -- Up-to-date: /home/gcerioni/ws_ur16/install/kinematics_interface/share/kinematics_interface/package.xml
[0.596s] Invoked command in '/home/gcerioni/ws_ur16/build/kinematics_interface' returned '0': CMAKE_PREFIX_PATH=${CMAKE_PREFIX_PATH}:/home/gcerioni/ws_ur16/install/rqt_joint_trajectory_controller:/home/gcerioni/ws_ur16/install/rqt_controller_manager:/home/gcerioni/ws_ur16/install/ros2controlcli:/home/gcerioni/ws_ur16/install/ros2_controllers_test_nodes:/opt/ros/humble /usr/bin/cmake --install /home/gcerioni/ws_ur16/build/kinematics_interface
