[0.041s] Invoking command in '/home/gcerioni/ws_ur16/build/forward_command_controller': AMENT_PREFIX_PATH=/home/gcerioni/ws_ur16/install/controller_manager:/home/gcerioni/ws_ur16/install/hardware_interface_testing:/home/gcerioni/ws_ur16/install/controller_interface:/home/gcerioni/ws_ur16/install/hardware_interface:/home/gcerioni/ws_ur16/install/ros2_control_test_assets:/home/gcerioni/ws_ur16/install/realtime_tools:/home/gcerioni/ws_ur16/install/controller_manager_msgs:/home/gcerioni/ws_ur16/install/control_msgs:${AMENT_PREFIX_PATH} CMAKE_PREFIX_PATH=/home/gcerioni/ws_ur16/install/controller_manager:/home/gcerioni/ws_ur16/install/hardware_interface_testing:/home/gcerioni/ws_ur16/install/controller_interface:/home/gcerioni/ws_ur16/install/hardware_interface:/home/gcerioni/ws_ur16/install/ros2_control_test_assets:/home/gcerioni/ws_ur16/install/realtime_tools:/home/gcerioni/ws_ur16/install/controller_manager_msgs:/home/gcerioni/ws_ur16/install/control_msgs:/opt/ros/humble LD_LIBRARY_PATH=/home/gcerioni/ws_ur16/install/controller_manager/lib:/home/gcerioni/ws_ur16/install/hardware_interface_testing/lib:/home/gcerioni/ws_ur16/install/controller_interface/lib:/home/gcerioni/ws_ur16/install/hardware_interface/lib:/home/gcerioni/ws_ur16/install/realtime_tools/lib:/home/gcerioni/ws_ur16/install/controller_manager_msgs/lib:/home/gcerioni/ws_ur16/install/control_msgs/lib:${LD_LIBRARY_PATH} PYTHONPATH=/home/gcerioni/ws_ur16/install/controller_manager/local/lib/python3.10/dist-packages:/home/gcerioni/ws_ur16/install/controller_manager_msgs/local/lib/python3.10/dist-packages:/home/gcerioni/ws_ur16/install/control_msgs/local/lib/python3.10/dist-packages:${PYTHONPATH} /usr/bin/cmake /home/gcerioni/ws_ur16/src/ros2_controllers/forward_command_controller -DCMAKE_BUILD_TYPE=Release -DCMAKE_INSTALL_PREFIX=/home/gcerioni/ws_ur16/install/forward_command_controller
[0.172s] -- The CXX compiler identification is GNU 11.4.0
[0.179s] -- Detecting CXX compiler ABI info
[0.318s] -- Detecting CXX compiler ABI info - done
[0.336s] -- Check for working CXX compiler: /usr/bin/c++ - skipped
[0.336s] -- Detecting CXX compile features
[0.338s] -- Detecting CXX compile features - done
[0.342s] -- Found ament_cmake: 1.3.11 (/opt/ros/humble/share/ament_cmake/cmake)
[0.584s] -- Found Python3: /usr/bin/python3 (found version "3.10.12") found components: Interpreter 
[0.737s] -- Found controller_interface: 2.48.0 (/home/gcerioni/ws_ur16/install/controller_interface/share/controller_interface/cmake)
[0.810s] -- Found rosidl_generator_c: 3.1.6 (/opt/ros/humble/share/rosidl_generator_c/cmake)
[0.821s] -- Found rosidl_adapter: 3.1.6 (/opt/ros/humble/share/rosidl_adapter/cmake)
[0.838s] -- Found rosidl_generator_cpp: 3.1.6 (/opt/ros/humble/share/rosidl_generator_cpp/cmake)
[0.864s] -- Using all available rosidl_typesupport_c: rosidl_typesupport_fastrtps_c;rosidl_typesupport_introspection_c
[0.895s] -- Using all available rosidl_typesupport_cpp: rosidl_typesupport_fastrtps_cpp;rosidl_typesupport_introspection_cpp
[1.258s] -- Found rmw_implementation_cmake: 6.1.2 (/opt/ros/humble/share/rmw_implementation_cmake/cmake)
[1.264s] -- Found rmw_fastrtps_cpp: 6.2.7 (/opt/ros/humble/share/rmw_fastrtps_cpp/cmake)
[1.316s] -- Found TinyXML2 via Config file: TinyXML2_DIR-NOTFOUND
[1.392s] -- Found OpenSSL: /usr/lib/x86_64-linux-gnu/libcrypto.so (found version "3.0.2")  
[1.397s] -- Found TinyXML2 via Config file: TinyXML2_DIR-NOTFOUND
[1.421s] -- Found FastRTPS: /opt/ros/humble/include  
[1.428s] -- Found TinyXML2 via Config file: TinyXML2_DIR-NOTFOUND
[1.441s] -- Found TinyXML2 via Config file: TinyXML2_DIR-NOTFOUND
[1.461s] -- Using RMW implementation 'rmw_fastrtps_cpp' as default
[1.480s] -- Looking for C++ include pthread.h
[1.673s] -- Looking for C++ include pthread.h - found
[1.673s] -- Performing Test CMAKE_HAVE_LIBC_PTHREAD
[1.864s] -- Performing Test CMAKE_HAVE_LIBC_PTHREAD - Success
[1.865s] -- Found Threads: TRUE  
[1.964s] -- Found generate_parameter_library: 0.4.0 (/opt/ros/humble/share/generate_parameter_library/cmake)
[1.967s] -- Found parameter_traits: 0.4.0 (/opt/ros/humble/share/parameter_traits/cmake)
[2.002s] -- Found realtime_tools: 2.12.0 (/home/gcerioni/ws_ur16/install/realtime_tools/share/realtime_tools/cmake)
[2.052s] -- Found ament_cmake_gmock: 1.3.11 (/opt/ros/humble/share/ament_cmake_gmock/cmake)
[2.052s] -- Found controller_manager: 2.48.0 (/home/gcerioni/ws_ur16/install/controller_manager/share/controller_manager/cmake)
[2.093s] -- Found ros2_control_test_assets: 2.48.0 (/home/gcerioni/ws_ur16/install/ros2_control_test_assets/share/ros2_control_test_assets/cmake)
[2.098s] -- Found gmock sources under '/opt/ros/humble/src/gmock_vendor': C++ tests using 'Google Mock' will be built
[2.166s] -- The C compiler identification is GNU 11.4.0
[2.179s] -- Detecting C compiler ABI info
[2.343s] -- Detecting C compiler ABI info - done
[2.368s] -- Check for working C compiler: /usr/bin/cc - skipped
[2.368s] -- Detecting C compile features
[2.369s] -- Detecting C compile features - done
[2.377s] -- Found ament_cmake_gtest: 1.3.11 (/opt/ros/humble/share/ament_cmake_gtest/cmake)
[2.378s] -- Found gtest sources under '/opt/ros/humble/src/gtest_vendor': C++ tests using 'Google Test' will be built
[2.618s] -- Configuring done
[2.968s] -- Generating done
[3.030s] -- Build files have been written to: /home/gcerioni/ws_ur16/build/forward_command_controller
[3.064s] Invoked command in '/home/gcerioni/ws_ur16/build/forward_command_controller' returned '0': AMENT_PREFIX_PATH=/home/gcerioni/ws_ur16/install/controller_manager:/home/gcerioni/ws_ur16/install/hardware_interface_testing:/home/gcerioni/ws_ur16/install/controller_interface:/home/gcerioni/ws_ur16/install/hardware_interface:/home/gcerioni/ws_ur16/install/ros2_control_test_assets:/home/gcerioni/ws_ur16/install/realtime_tools:/home/gcerioni/ws_ur16/install/controller_manager_msgs:/home/gcerioni/ws_ur16/install/control_msgs:${AMENT_PREFIX_PATH} CMAKE_PREFIX_PATH=/home/gcerioni/ws_ur16/install/controller_manager:/home/gcerioni/ws_ur16/install/hardware_interface_testing:/home/gcerioni/ws_ur16/install/controller_interface:/home/gcerioni/ws_ur16/install/hardware_interface:/home/gcerioni/ws_ur16/install/ros2_control_test_assets:/home/gcerioni/ws_ur16/install/realtime_tools:/home/gcerioni/ws_ur16/install/controller_manager_msgs:/home/gcerioni/ws_ur16/install/control_msgs:/opt/ros/humble LD_LIBRARY_PATH=/home/gcerioni/ws_ur16/install/controller_manager/lib:/home/gcerioni/ws_ur16/install/hardware_interface_testing/lib:/home/gcerioni/ws_ur16/install/controller_interface/lib:/home/gcerioni/ws_ur16/install/hardware_interface/lib:/home/gcerioni/ws_ur16/install/realtime_tools/lib:/home/gcerioni/ws_ur16/install/controller_manager_msgs/lib:/home/gcerioni/ws_ur16/install/control_msgs/lib:${LD_LIBRARY_PATH} PYTHONPATH=/home/gcerioni/ws_ur16/install/controller_manager/local/lib/python3.10/dist-packages:/home/gcerioni/ws_ur16/install/controller_manager_msgs/local/lib/python3.10/dist-packages:/home/gcerioni/ws_ur16/install/control_msgs/local/lib/python3.10/dist-packages:${PYTHONPATH} /usr/bin/cmake /home/gcerioni/ws_ur16/src/ros2_controllers/forward_command_controller -DCMAKE_BUILD_TYPE=Release -DCMAKE_INSTALL_PREFIX=/home/gcerioni/ws_ur16/install/forward_command_controller
[3.065s] Invoking command in '/home/gcerioni/ws_ur16/build/forward_command_controller': AMENT_PREFIX_PATH=/home/gcerioni/ws_ur16/install/controller_manager:/home/gcerioni/ws_ur16/install/hardware_interface_testing:/home/gcerioni/ws_ur16/install/controller_interface:/home/gcerioni/ws_ur16/install/hardware_interface:/home/gcerioni/ws_ur16/install/ros2_control_test_assets:/home/gcerioni/ws_ur16/install/realtime_tools:/home/gcerioni/ws_ur16/install/controller_manager_msgs:/home/gcerioni/ws_ur16/install/control_msgs:${AMENT_PREFIX_PATH} CMAKE_PREFIX_PATH=/home/gcerioni/ws_ur16/install/controller_manager:/home/gcerioni/ws_ur16/install/hardware_interface_testing:/home/gcerioni/ws_ur16/install/controller_interface:/home/gcerioni/ws_ur16/install/hardware_interface:/home/gcerioni/ws_ur16/install/ros2_control_test_assets:/home/gcerioni/ws_ur16/install/realtime_tools:/home/gcerioni/ws_ur16/install/controller_manager_msgs:/home/gcerioni/ws_ur16/install/control_msgs:/opt/ros/humble LD_LIBRARY_PATH=/home/gcerioni/ws_ur16/install/controller_manager/lib:/home/gcerioni/ws_ur16/install/hardware_interface_testing/lib:/home/gcerioni/ws_ur16/install/controller_interface/lib:/home/gcerioni/ws_ur16/install/hardware_interface/lib:/home/gcerioni/ws_ur16/install/realtime_tools/lib:/home/gcerioni/ws_ur16/install/controller_manager_msgs/lib:/home/gcerioni/ws_ur16/install/control_msgs/lib:${LD_LIBRARY_PATH} PYTHONPATH=/home/gcerioni/ws_ur16/install/controller_manager/local/lib/python3.10/dist-packages:/home/gcerioni/ws_ur16/install/controller_manager_msgs/local/lib/python3.10/dist-packages:/home/gcerioni/ws_ur16/install/control_msgs/local/lib/python3.10/dist-packages:${PYTHONPATH} /usr/bin/cmake --build /home/gcerioni/ws_ur16/build/forward_command_controller -- -j8 -l8
[3.425s] [  4%] [34m[1mRunning `/opt/ros/humble/bin/generate_parameter_library_cpp /home/gcerioni/ws_ur16/build/forward_command_controller/include/forward_command_controller/forward_command_controller_parameters.hpp /home/gcerioni/ws_ur16/src/ros2_controllers/forward_command_controller/src/forward_command_controller_parameters.yaml `[0m
[3.425s] [  9%] [34m[1mRunning `/opt/ros/humble/bin/generate_parameter_library_cpp /home/gcerioni/ws_ur16/build/forward_command_controller/include/forward_command_controller/multi_interface_forward_command_controller_parameters.hpp /home/gcerioni/ws_ur16/src/ros2_controllers/forward_command_controller/src/multi_interface_forward_command_controller_parameters.yaml `[0m
[3.425s] [ 14%] [32mBuilding CXX object gmock/CMakeFiles/gmock.dir/opt/ros/humble/src/gtest_vendor/src/gtest-all.cc.o[0m
[3.425s] [ 19%] [32mBuilding CXX object gmock/CMakeFiles/gmock.dir/src/gmock-all.cc.o[0m
[3.425s] [ 23%] [32mBuilding CXX object gmock/CMakeFiles/gmock_main.dir/src/gmock_main.cc.o[0m
[3.905s] [ 28%] [34m[1mCreating deprecated header file /home/gcerioni/ws_ur16/build/forward_command_controller/include/multi_interface_forward_command_controller_parameters.hpp[0m
[4.011s] [ 28%] Built target multi_interface_forward_command_controller_parameters
[4.368s] [ 33%] [34m[1mCreating deprecated header file /home/gcerioni/ws_ur16/build/forward_command_controller/include/forward_command_controller_parameters.hpp[0m
[4.582s] [ 33%] Built target forward_command_controller_parameters
[4.696s] [ 38%] [32mBuilding CXX object CMakeFiles/forward_command_controller.dir/src/forward_controllers_base.cpp.o[0m
[4.723s] [ 42%] [32mBuilding CXX object CMakeFiles/forward_command_controller.dir/src/forward_command_controller.cpp.o[0m
[4.725s] [ 47%] [32mBuilding CXX object CMakeFiles/forward_command_controller.dir/src/multi_interface_forward_command_controller.cpp.o[0m
[13.909s] [ 52%] [32m[1mLinking CXX static library libgmock_main.a[0m
[14.112s] [ 52%] Built target gmock_main
[34.307s] [ 57%] [32m[1mLinking CXX static library libgmock.a[0m
[34.428s] [ 57%] Built target gmock
[38.601s] [ 61%] [32m[1mLinking CXX shared library libforward_command_controller.so[0m
[38.934s] [ 61%] Built target forward_command_controller
[38.967s] [ 66%] [32mBuilding CXX object CMakeFiles/test_load_forward_command_controller.dir/test/test_load_forward_command_controller.cpp.o[0m
[48.110s] [ 71%] [32m[1mLinking CXX executable test_load_forward_command_controller[0m
[48.529s] [ 71%] Built target test_load_forward_command_controller
[48.560s] [ 76%] [32mBuilding CXX object CMakeFiles/test_multi_interface_forward_command_controller.dir/test/test_multi_interface_forward_command_controller.cpp.o[0m
[61.750s] [ 80%] [32m[1mLinking CXX executable test_multi_interface_forward_command_controller[0m
[62.149s] [ 80%] Built target test_multi_interface_forward_command_controller
[62.183s] [ 85%] [32mBuilding CXX object CMakeFiles/test_load_multi_interface_forward_command_controller.dir/test/test_load_multi_interface_forward_command_controller.cpp.o[0m
[71.269s] [ 90%] [32m[1mLinking CXX executable test_load_multi_interface_forward_command_controller[0m
[71.637s] [ 90%] Built target test_load_multi_interface_forward_command_controller
[71.669s] [ 95%] [32mBuilding CXX object CMakeFiles/test_forward_command_controller.dir/test/test_forward_command_controller.cpp.o[0m
[85.295s] [100%] [32m[1mLinking CXX executable test_forward_command_controller[0m
[85.671s] [100%] Built target test_forward_command_controller
[85.688s] Invoked command in '/home/gcerioni/ws_ur16/build/forward_command_controller' returned '0': AMENT_PREFIX_PATH=/home/gcerioni/ws_ur16/install/controller_manager:/home/gcerioni/ws_ur16/install/hardware_interface_testing:/home/gcerioni/ws_ur16/install/controller_interface:/home/gcerioni/ws_ur16/install/hardware_interface:/home/gcerioni/ws_ur16/install/ros2_control_test_assets:/home/gcerioni/ws_ur16/install/realtime_tools:/home/gcerioni/ws_ur16/install/controller_manager_msgs:/home/gcerioni/ws_ur16/install/control_msgs:${AMENT_PREFIX_PATH} CMAKE_PREFIX_PATH=/home/gcerioni/ws_ur16/install/controller_manager:/home/gcerioni/ws_ur16/install/hardware_interface_testing:/home/gcerioni/ws_ur16/install/controller_interface:/home/gcerioni/ws_ur16/install/hardware_interface:/home/gcerioni/ws_ur16/install/ros2_control_test_assets:/home/gcerioni/ws_ur16/install/realtime_tools:/home/gcerioni/ws_ur16/install/controller_manager_msgs:/home/gcerioni/ws_ur16/install/control_msgs:/opt/ros/humble LD_LIBRARY_PATH=/home/gcerioni/ws_ur16/install/controller_manager/lib:/home/gcerioni/ws_ur16/install/hardware_interface_testing/lib:/home/gcerioni/ws_ur16/install/controller_interface/lib:/home/gcerioni/ws_ur16/install/hardware_interface/lib:/home/gcerioni/ws_ur16/install/realtime_tools/lib:/home/gcerioni/ws_ur16/install/controller_manager_msgs/lib:/home/gcerioni/ws_ur16/install/control_msgs/lib:${LD_LIBRARY_PATH} PYTHONPATH=/home/gcerioni/ws_ur16/install/controller_manager/local/lib/python3.10/dist-packages:/home/gcerioni/ws_ur16/install/controller_manager_msgs/local/lib/python3.10/dist-packages:/home/gcerioni/ws_ur16/install/control_msgs/local/lib/python3.10/dist-packages:${PYTHONPATH} /usr/bin/cmake --build /home/gcerioni/ws_ur16/build/forward_command_controller -- -j8 -l8
[85.690s] Invoking command in '/home/gcerioni/ws_ur16/build/forward_command_controller': AMENT_PREFIX_PATH=/home/gcerioni/ws_ur16/install/controller_manager:/home/gcerioni/ws_ur16/install/hardware_interface_testing:/home/gcerioni/ws_ur16/install/controller_interface:/home/gcerioni/ws_ur16/install/hardware_interface:/home/gcerioni/ws_ur16/install/ros2_control_test_assets:/home/gcerioni/ws_ur16/install/realtime_tools:/home/gcerioni/ws_ur16/install/controller_manager_msgs:/home/gcerioni/ws_ur16/install/control_msgs:${AMENT_PREFIX_PATH} CMAKE_PREFIX_PATH=/home/gcerioni/ws_ur16/install/controller_manager:/home/gcerioni/ws_ur16/install/hardware_interface_testing:/home/gcerioni/ws_ur16/install/controller_interface:/home/gcerioni/ws_ur16/install/hardware_interface:/home/gcerioni/ws_ur16/install/ros2_control_test_assets:/home/gcerioni/ws_ur16/install/realtime_tools:/home/gcerioni/ws_ur16/install/controller_manager_msgs:/home/gcerioni/ws_ur16/install/control_msgs:/opt/ros/humble LD_LIBRARY_PATH=/home/gcerioni/ws_ur16/install/controller_manager/lib:/home/gcerioni/ws_ur16/install/hardware_interface_testing/lib:/home/gcerioni/ws_ur16/install/controller_interface/lib:/home/gcerioni/ws_ur16/install/hardware_interface/lib:/home/gcerioni/ws_ur16/install/realtime_tools/lib:/home/gcerioni/ws_ur16/install/controller_manager_msgs/lib:/home/gcerioni/ws_ur16/install/control_msgs/lib:${LD_LIBRARY_PATH} PYTHONPATH=/home/gcerioni/ws_ur16/install/controller_manager/local/lib/python3.10/dist-packages:/home/gcerioni/ws_ur16/install/controller_manager_msgs/local/lib/python3.10/dist-packages:/home/gcerioni/ws_ur16/install/control_msgs/local/lib/python3.10/dist-packages:${PYTHONPATH} /usr/bin/cmake --install /home/gcerioni/ws_ur16/build/forward_command_controller
[94.019s] -- Install configuration: "Release"
[94.019s] -- Installing: /home/gcerioni/ws_ur16/install/forward_command_controller/include/forward_command_controller
[94.019s] -- Installing: /home/gcerioni/ws_ur16/install/forward_command_controller/include/forward_command_controller/multi_interface_forward_command_controller_parameters.hpp
[94.019s] -- Installing: /home/gcerioni/ws_ur16/install/forward_command_controller/include/forward_command_controller/forward_command_controller_parameters.hpp
[94.019s] -- Up-to-date: /home/gcerioni/ws_ur16/install/forward_command_controller/include/forward_command_controller
[94.019s] -- Up-to-date: /home/gcerioni/ws_ur16/install/forward_command_controller/include/forward_command_controller/multi_interface_forward_command_controller_parameters.hpp
[94.019s] -- Up-to-date: /home/gcerioni/ws_ur16/install/forward_command_controller/include/forward_command_controller/forward_command_controller_parameters.hpp
[94.019s] -- Installing: /home/gcerioni/ws_ur16/install/forward_command_controller/share/forward_command_controller/forward_command_plugin.xml
[94.020s] -- Up-to-date: /home/gcerioni/ws_ur16/install/forward_command_controller/include/forward_command_controller
[94.020s] -- Installing: /home/gcerioni/ws_ur16/install/forward_command_controller/include/forward_command_controller/forward_command_controller
[94.020s] -- Installing: /home/gcerioni/ws_ur16/install/forward_command_controller/include/forward_command_controller/forward_command_controller/visibility_control.h
[94.020s] -- Installing: /home/gcerioni/ws_ur16/install/forward_command_controller/include/forward_command_controller/forward_command_controller/forward_command_controller.hpp
[94.020s] -- Installing: /home/gcerioni/ws_ur16/install/forward_command_controller/include/forward_command_controller/forward_command_controller/multi_interface_forward_command_controller.hpp
[94.020s] -- Installing: /home/gcerioni/ws_ur16/install/forward_command_controller/include/forward_command_controller/forward_command_controller/forward_controllers_base.hpp
[94.020s] -- Installing: /home/gcerioni/ws_ur16/install/forward_command_controller/lib/libforward_command_controller.so
[94.020s] -- Set runtime path of "/home/gcerioni/ws_ur16/install/forward_command_controller/lib/libforward_command_controller.so" to ""
[94.020s] -- Installing: /home/gcerioni/ws_ur16/install/forward_command_controller/share/forward_command_controller/environment/library_path.sh
[94.020s] -- Installing: /home/gcerioni/ws_ur16/install/forward_command_controller/share/forward_command_controller/environment/library_path.dsv
[94.020s] -- Installing: /home/gcerioni/ws_ur16/install/forward_command_controller/share/ament_index/resource_index/package_run_dependencies/forward_command_controller
[94.020s] -- Installing: /home/gcerioni/ws_ur16/install/forward_command_controller/share/ament_index/resource_index/parent_prefix_path/forward_command_controller
[94.021s] -- Installing: /home/gcerioni/ws_ur16/install/forward_command_controller/share/forward_command_controller/environment/ament_prefix_path.sh
[94.021s] -- Installing: /home/gcerioni/ws_ur16/install/forward_command_controller/share/forward_command_controller/environment/ament_prefix_path.dsv
[94.021s] -- Installing: /home/gcerioni/ws_ur16/install/forward_command_controller/share/forward_command_controller/environment/path.sh
[94.021s] -- Installing: /home/gcerioni/ws_ur16/install/forward_command_controller/share/forward_command_controller/environment/path.dsv
[94.021s] -- Installing: /home/gcerioni/ws_ur16/install/forward_command_controller/share/forward_command_controller/local_setup.bash
[94.021s] -- Installing: /home/gcerioni/ws_ur16/install/forward_command_controller/share/forward_command_controller/local_setup.sh
[94.021s] -- Installing: /home/gcerioni/ws_ur16/install/forward_command_controller/share/forward_command_controller/local_setup.zsh
[94.021s] -- Installing: /home/gcerioni/ws_ur16/install/forward_command_controller/share/forward_command_controller/local_setup.dsv
[94.021s] -- Installing: /home/gcerioni/ws_ur16/install/forward_command_controller/share/forward_command_controller/package.dsv
[94.021s] -- Installing: /home/gcerioni/ws_ur16/install/forward_command_controller/share/ament_index/resource_index/packages/forward_command_controller
[94.021s] -- Installing: /home/gcerioni/ws_ur16/install/forward_command_controller/share/ament_index/resource_index/controller_interface__pluginlib__plugin/forward_command_controller
[94.021s] -- Installing: /home/gcerioni/ws_ur16/install/forward_command_controller/share/forward_command_controller/cmake/export_forward_command_controllerExport.cmake
[94.021s] -- Installing: /home/gcerioni/ws_ur16/install/forward_command_controller/share/forward_command_controller/cmake/export_forward_command_controllerExport-release.cmake
[94.022s] -- Installing: /home/gcerioni/ws_ur16/install/forward_command_controller/share/forward_command_controller/cmake/ament_cmake_export_dependencies-extras.cmake
[94.022s] -- Installing: /home/gcerioni/ws_ur16/install/forward_command_controller/share/forward_command_controller/cmake/ament_cmake_export_targets-extras.cmake
[94.022s] -- Installing: /home/gcerioni/ws_ur16/install/forward_command_controller/share/forward_command_controller/cmake/forward_command_controllerConfig.cmake
[94.022s] -- Installing: /home/gcerioni/ws_ur16/install/forward_command_controller/share/forward_command_controller/cmake/forward_command_controllerConfig-version.cmake
[94.022s] -- Installing: /home/gcerioni/ws_ur16/install/forward_command_controller/share/forward_command_controller/package.xml
[94.034s] Invoked command in '/home/gcerioni/ws_ur16/build/forward_command_controller' returned '0': AMENT_PREFIX_PATH=/home/gcerioni/ws_ur16/install/controller_manager:/home/gcerioni/ws_ur16/install/hardware_interface_testing:/home/gcerioni/ws_ur16/install/controller_interface:/home/gcerioni/ws_ur16/install/hardware_interface:/home/gcerioni/ws_ur16/install/ros2_control_test_assets:/home/gcerioni/ws_ur16/install/realtime_tools:/home/gcerioni/ws_ur16/install/controller_manager_msgs:/home/gcerioni/ws_ur16/install/control_msgs:${AMENT_PREFIX_PATH} CMAKE_PREFIX_PATH=/home/gcerioni/ws_ur16/install/controller_manager:/home/gcerioni/ws_ur16/install/hardware_interface_testing:/home/gcerioni/ws_ur16/install/controller_interface:/home/gcerioni/ws_ur16/install/hardware_interface:/home/gcerioni/ws_ur16/install/ros2_control_test_assets:/home/gcerioni/ws_ur16/install/realtime_tools:/home/gcerioni/ws_ur16/install/controller_manager_msgs:/home/gcerioni/ws_ur16/install/control_msgs:/opt/ros/humble LD_LIBRARY_PATH=/home/gcerioni/ws_ur16/install/controller_manager/lib:/home/gcerioni/ws_ur16/install/hardware_interface_testing/lib:/home/gcerioni/ws_ur16/install/controller_interface/lib:/home/gcerioni/ws_ur16/install/hardware_interface/lib:/home/gcerioni/ws_ur16/install/realtime_tools/lib:/home/gcerioni/ws_ur16/install/controller_manager_msgs/lib:/home/gcerioni/ws_ur16/install/control_msgs/lib:${LD_LIBRARY_PATH} PYTHONPATH=/home/gcerioni/ws_ur16/install/controller_manager/local/lib/python3.10/dist-packages:/home/gcerioni/ws_ur16/install/controller_manager_msgs/local/lib/python3.10/dist-packages:/home/gcerioni/ws_ur16/install/control_msgs/local/lib/python3.10/dist-packages:${PYTHONPATH} /usr/bin/cmake --install /home/gcerioni/ws_ur16/build/forward_command_controller
