[0.122s] Invoking command in '/home/gcerioni/ws_ur16/build/tricycle_steering_controller': AMENT_PREFIX_PATH=/home/gcerioni/ws_ur16/install/steering_controllers_library:/home/gcerioni/ws_ur16/install/controller_manager:/home/gcerioni/ws_ur16/install/hardware_interface_testing:/home/gcerioni/ws_ur16/install/controller_interface:/home/gcerioni/ws_ur16/install/hardware_interface:/home/gcerioni/ws_ur16/install/ros2_control_test_assets:/home/gcerioni/ws_ur16/install/realtime_tools:/home/gcerioni/ws_ur16/install/controller_manager_msgs:/home/gcerioni/ws_ur16/install/control_msgs:${AMENT_PREFIX_PATH} CMAKE_PREFIX_PATH=/home/gcerioni/ws_ur16/install/steering_controllers_library:/home/gcerioni/ws_ur16/install/controller_manager:/home/gcerioni/ws_ur16/install/hardware_interface_testing:/home/gcerioni/ws_ur16/install/controller_interface:/home/gcerioni/ws_ur16/install/hardware_interface:/home/gcerioni/ws_ur16/install/ros2_control_test_assets:/home/gcerioni/ws_ur16/install/realtime_tools:/home/gcerioni/ws_ur16/install/controller_manager_msgs:/home/gcerioni/ws_ur16/install/control_msgs:/opt/ros/humble LD_LIBRARY_PATH=/home/gcerioni/ws_ur16/install/steering_controllers_library/lib:/home/gcerioni/ws_ur16/install/controller_manager/lib:/home/gcerioni/ws_ur16/install/hardware_interface_testing/lib:/home/gcerioni/ws_ur16/install/controller_interface/lib:/home/gcerioni/ws_ur16/install/hardware_interface/lib:/home/gcerioni/ws_ur16/install/realtime_tools/lib:/home/gcerioni/ws_ur16/install/controller_manager_msgs/lib:/home/gcerioni/ws_ur16/install/control_msgs/lib:${LD_LIBRARY_PATH} PYTHONPATH=/home/gcerioni/ws_ur16/install/controller_manager/local/lib/python3.10/dist-packages:/home/gcerioni/ws_ur16/install/controller_manager_msgs/local/lib/python3.10/dist-packages:/home/gcerioni/ws_ur16/install/control_msgs/local/lib/python3.10/dist-packages:${PYTHONPATH} /usr/bin/cmake --build /home/gcerioni/ws_ur16/build/tricycle_steering_controller -- -j8 -l8
[0.269s] [35m[1mConsolidate compiler generated dependencies of target gmock[0m
[0.300s] [ 15%] Built target tricycle_steering_controller_parameters
[0.326s] [ 38%] Built target gmock
[0.338s] [35m[1mConsolidate compiler generated dependencies of target tricycle_steering_controller[0m
[0.362s] [35m[1mConsolidate compiler generated dependencies of target test_load_tricycle_steering_controller[0m
[0.394s] [ 53%] Built target tricycle_steering_controller
[0.414s] [ 69%] Built target test_load_tricycle_steering_controller
[0.420s] [35m[1mConsolidate compiler generated dependencies of target test_tricycle_steering_controller[0m
[0.425s] [35m[1mConsolidate compiler generated dependencies of target test_tricycle_steering_controller_preceeding[0m
[0.457s] [ 84%] Built target test_tricycle_steering_controller
[0.463s] [100%] Built target test_tricycle_steering_controller_preceeding
[0.654s] Invoked command in '/home/gcerioni/ws_ur16/build/tricycle_steering_controller' returned '0': AMENT_PREFIX_PATH=/home/gcerioni/ws_ur16/install/steering_controllers_library:/home/gcerioni/ws_ur16/install/controller_manager:/home/gcerioni/ws_ur16/install/hardware_interface_testing:/home/gcerioni/ws_ur16/install/controller_interface:/home/gcerioni/ws_ur16/install/hardware_interface:/home/gcerioni/ws_ur16/install/ros2_control_test_assets:/home/gcerioni/ws_ur16/install/realtime_tools:/home/gcerioni/ws_ur16/install/controller_manager_msgs:/home/gcerioni/ws_ur16/install/control_msgs:${AMENT_PREFIX_PATH} CMAKE_PREFIX_PATH=/home/gcerioni/ws_ur16/install/steering_controllers_library:/home/gcerioni/ws_ur16/install/controller_manager:/home/gcerioni/ws_ur16/install/hardware_interface_testing:/home/gcerioni/ws_ur16/install/controller_interface:/home/gcerioni/ws_ur16/install/hardware_interface:/home/gcerioni/ws_ur16/install/ros2_control_test_assets:/home/gcerioni/ws_ur16/install/realtime_tools:/home/gcerioni/ws_ur16/install/controller_manager_msgs:/home/gcerioni/ws_ur16/install/control_msgs:/opt/ros/humble LD_LIBRARY_PATH=/home/gcerioni/ws_ur16/install/steering_controllers_library/lib:/home/gcerioni/ws_ur16/install/controller_manager/lib:/home/gcerioni/ws_ur16/install/hardware_interface_testing/lib:/home/gcerioni/ws_ur16/install/controller_interface/lib:/home/gcerioni/ws_ur16/install/hardware_interface/lib:/home/gcerioni/ws_ur16/install/realtime_tools/lib:/home/gcerioni/ws_ur16/install/controller_manager_msgs/lib:/home/gcerioni/ws_ur16/install/control_msgs/lib:${LD_LIBRARY_PATH} PYTHONPATH=/home/gcerioni/ws_ur16/install/controller_manager/local/lib/python3.10/dist-packages:/home/gcerioni/ws_ur16/install/controller_manager_msgs/local/lib/python3.10/dist-packages:/home/gcerioni/ws_ur16/install/control_msgs/local/lib/python3.10/dist-packages:${PYTHONPATH} /usr/bin/cmake --build /home/gcerioni/ws_ur16/build/tricycle_steering_controller -- -j8 -l8
[0.678s] Invoking command in '/home/gcerioni/ws_ur16/build/tricycle_steering_controller': AMENT_PREFIX_PATH=/home/gcerioni/ws_ur16/install/steering_controllers_library:/home/gcerioni/ws_ur16/install/controller_manager:/home/gcerioni/ws_ur16/install/hardware_interface_testing:/home/gcerioni/ws_ur16/install/controller_interface:/home/gcerioni/ws_ur16/install/hardware_interface:/home/gcerioni/ws_ur16/install/ros2_control_test_assets:/home/gcerioni/ws_ur16/install/realtime_tools:/home/gcerioni/ws_ur16/install/controller_manager_msgs:/home/gcerioni/ws_ur16/install/control_msgs:${AMENT_PREFIX_PATH} CMAKE_PREFIX_PATH=/home/gcerioni/ws_ur16/install/steering_controllers_library:/home/gcerioni/ws_ur16/install/controller_manager:/home/gcerioni/ws_ur16/install/hardware_interface_testing:/home/gcerioni/ws_ur16/install/controller_interface:/home/gcerioni/ws_ur16/install/hardware_interface:/home/gcerioni/ws_ur16/install/ros2_control_test_assets:/home/gcerioni/ws_ur16/install/realtime_tools:/home/gcerioni/ws_ur16/install/controller_manager_msgs:/home/gcerioni/ws_ur16/install/control_msgs:/opt/ros/humble LD_LIBRARY_PATH=/home/gcerioni/ws_ur16/install/steering_controllers_library/lib:/home/gcerioni/ws_ur16/install/controller_manager/lib:/home/gcerioni/ws_ur16/install/hardware_interface_testing/lib:/home/gcerioni/ws_ur16/install/controller_interface/lib:/home/gcerioni/ws_ur16/install/hardware_interface/lib:/home/gcerioni/ws_ur16/install/realtime_tools/lib:/home/gcerioni/ws_ur16/install/controller_manager_msgs/lib:/home/gcerioni/ws_ur16/install/control_msgs/lib:${LD_LIBRARY_PATH} PYTHONPATH=/home/gcerioni/ws_ur16/install/controller_manager/local/lib/python3.10/dist-packages:/home/gcerioni/ws_ur16/install/controller_manager_msgs/local/lib/python3.10/dist-packages:/home/gcerioni/ws_ur16/install/control_msgs/local/lib/python3.10/dist-packages:${PYTHONPATH} /usr/bin/cmake --install /home/gcerioni/ws_ur16/build/tricycle_steering_controller
[0.683s] -- Install configuration: "Release"
[0.683s] -- Installing: /home/gcerioni/ws_ur16/install/tricycle_steering_controller/include/tricycle_steering_controller
[0.683s] -- Installing: /home/gcerioni/ws_ur16/install/tricycle_steering_controller/include/tricycle_steering_controller/tricycle_steering_controller_parameters.hpp
[0.684s] -- Installing: /home/gcerioni/ws_ur16/install/tricycle_steering_controller/share/tricycle_steering_controller/tricycle_steering_controller.xml
[0.684s] -- Up-to-date: /home/gcerioni/ws_ur16/install/tricycle_steering_controller/include/tricycle_steering_controller
[0.684s] -- Installing: /home/gcerioni/ws_ur16/install/tricycle_steering_controller/include/tricycle_steering_controller/tricycle_steering_controller
[0.685s] -- Installing: /home/gcerioni/ws_ur16/install/tricycle_steering_controller/include/tricycle_steering_controller/tricycle_steering_controller/tricycle_steering_controller.hpp
[0.685s] -- Installing: /home/gcerioni/ws_ur16/install/tricycle_steering_controller/include/tricycle_steering_controller/tricycle_steering_controller/visibility_control.h
[0.685s] -- Installing: /home/gcerioni/ws_ur16/install/tricycle_steering_controller/lib/libtricycle_steering_controller.so
[0.685s] -- Set runtime path of "/home/gcerioni/ws_ur16/install/tricycle_steering_controller/lib/libtricycle_steering_controller.so" to ""
[0.685s] -- Installing: /home/gcerioni/ws_ur16/install/tricycle_steering_controller/share/tricycle_steering_controller/environment/library_path.sh
[0.685s] -- Installing: /home/gcerioni/ws_ur16/install/tricycle_steering_controller/share/tricycle_steering_controller/environment/library_path.dsv
[0.685s] -- Installing: /home/gcerioni/ws_ur16/install/tricycle_steering_controller/share/ament_index/resource_index/package_run_dependencies/tricycle_steering_controller
[0.685s] -- Installing: /home/gcerioni/ws_ur16/install/tricycle_steering_controller/share/ament_index/resource_index/parent_prefix_path/tricycle_steering_controller
[0.685s] -- Installing: /home/gcerioni/ws_ur16/install/tricycle_steering_controller/share/tricycle_steering_controller/environment/ament_prefix_path.sh
[0.685s] -- Installing: /home/gcerioni/ws_ur16/install/tricycle_steering_controller/share/tricycle_steering_controller/environment/ament_prefix_path.dsv
[0.685s] -- Installing: /home/gcerioni/ws_ur16/install/tricycle_steering_controller/share/tricycle_steering_controller/environment/path.sh
[0.685s] -- Installing: /home/gcerioni/ws_ur16/install/tricycle_steering_controller/share/tricycle_steering_controller/environment/path.dsv
[0.685s] -- Installing: /home/gcerioni/ws_ur16/install/tricycle_steering_controller/share/tricycle_steering_controller/local_setup.bash
[0.685s] -- Installing: /home/gcerioni/ws_ur16/install/tricycle_steering_controller/share/tricycle_steering_controller/local_setup.sh
[0.685s] -- Installing: /home/gcerioni/ws_ur16/install/tricycle_steering_controller/share/tricycle_steering_controller/local_setup.zsh
[0.685s] -- Installing: /home/gcerioni/ws_ur16/install/tricycle_steering_controller/share/tricycle_steering_controller/local_setup.dsv
[0.685s] -- Installing: /home/gcerioni/ws_ur16/install/tricycle_steering_controller/share/tricycle_steering_controller/package.dsv
[0.685s] -- Installing: /home/gcerioni/ws_ur16/install/tricycle_steering_controller/share/ament_index/resource_index/packages/tricycle_steering_controller
[0.686s] -- Installing: /home/gcerioni/ws_ur16/install/tricycle_steering_controller/share/ament_index/resource_index/controller_interface__pluginlib__plugin/tricycle_steering_controller
[0.686s] -- Installing: /home/gcerioni/ws_ur16/install/tricycle_steering_controller/share/tricycle_steering_controller/cmake/export_tricycle_steering_controllerExport.cmake
[0.686s] -- Installing: /home/gcerioni/ws_ur16/install/tricycle_steering_controller/share/tricycle_steering_controller/cmake/export_tricycle_steering_controllerExport-release.cmake
[0.686s] -- Installing: /home/gcerioni/ws_ur16/install/tricycle_steering_controller/share/tricycle_steering_controller/cmake/ament_cmake_export_dependencies-extras.cmake
[0.686s] -- Installing: /home/gcerioni/ws_ur16/install/tricycle_steering_controller/share/tricycle_steering_controller/cmake/ament_cmake_export_targets-extras.cmake
[0.686s] -- Installing: /home/gcerioni/ws_ur16/install/tricycle_steering_controller/share/tricycle_steering_controller/cmake/tricycle_steering_controllerConfig.cmake
[0.686s] -- Installing: /home/gcerioni/ws_ur16/install/tricycle_steering_controller/share/tricycle_steering_controller/cmake/tricycle_steering_controllerConfig-version.cmake
[0.686s] -- Installing: /home/gcerioni/ws_ur16/install/tricycle_steering_controller/share/tricycle_steering_controller/package.xml
[0.778s] Invoked command in '/home/gcerioni/ws_ur16/build/tricycle_steering_controller' returned '0': AMENT_PREFIX_PATH=/home/gcerioni/ws_ur16/install/steering_controllers_library:/home/gcerioni/ws_ur16/install/controller_manager:/home/gcerioni/ws_ur16/install/hardware_interface_testing:/home/gcerioni/ws_ur16/install/controller_interface:/home/gcerioni/ws_ur16/install/hardware_interface:/home/gcerioni/ws_ur16/install/ros2_control_test_assets:/home/gcerioni/ws_ur16/install/realtime_tools:/home/gcerioni/ws_ur16/install/controller_manager_msgs:/home/gcerioni/ws_ur16/install/control_msgs:${AMENT_PREFIX_PATH} CMAKE_PREFIX_PATH=/home/gcerioni/ws_ur16/install/steering_controllers_library:/home/gcerioni/ws_ur16/install/controller_manager:/home/gcerioni/ws_ur16/install/hardware_interface_testing:/home/gcerioni/ws_ur16/install/controller_interface:/home/gcerioni/ws_ur16/install/hardware_interface:/home/gcerioni/ws_ur16/install/ros2_control_test_assets:/home/gcerioni/ws_ur16/install/realtime_tools:/home/gcerioni/ws_ur16/install/controller_manager_msgs:/home/gcerioni/ws_ur16/install/control_msgs:/opt/ros/humble LD_LIBRARY_PATH=/home/gcerioni/ws_ur16/install/steering_controllers_library/lib:/home/gcerioni/ws_ur16/install/controller_manager/lib:/home/gcerioni/ws_ur16/install/hardware_interface_testing/lib:/home/gcerioni/ws_ur16/install/controller_interface/lib:/home/gcerioni/ws_ur16/install/hardware_interface/lib:/home/gcerioni/ws_ur16/install/realtime_tools/lib:/home/gcerioni/ws_ur16/install/controller_manager_msgs/lib:/home/gcerioni/ws_ur16/install/control_msgs/lib:${LD_LIBRARY_PATH} PYTHONPATH=/home/gcerioni/ws_ur16/install/controller_manager/local/lib/python3.10/dist-packages:/home/gcerioni/ws_ur16/install/controller_manager_msgs/local/lib/python3.10/dist-packages:/home/gcerioni/ws_ur16/install/control_msgs/local/lib/python3.10/dist-packages:${PYTHONPATH} /usr/bin/cmake --install /home/gcerioni/ws_ur16/build/tricycle_steering_controller
