[0.011s] Invoking command in '/home/gcerioni/ws_ur16/build/ur_moveit_config': CMAKE_PREFIX_PATH=/opt/ros/humble /usr/bin/cmake /home/gcerioni/ws_ur16/src/Universal_Robots_ROS2_Driver/ur_moveit_config -DCMAKE_INSTALL_PREFIX=/home/gcerioni/ws_ur16/install/ur_moveit_config
[0.089s] -- The C compiler identification is GNU 11.4.0
[0.168s] -- The CXX compiler identification is GNU 11.4.0
[0.177s] -- Detecting C compiler ABI info
[0.241s] -- Detecting C compiler ABI info - done
[0.254s] -- Check for working C compiler: /usr/bin/cc - skipped
[0.255s] -- Detecting C compile features
[0.255s] -- Detecting C compile features - done
[0.260s] -- Detecting CXX compiler ABI info
[0.333s] -- Detecting CXX compiler ABI info - done
[0.350s] -- Check for working CXX compiler: /usr/bin/c++ - skipped
[0.351s] -- Detecting CXX compile features
[0.352s] -- Detecting CXX compile features - done
[0.354s] -- Found ament_cmake: 1.3.11 (/opt/ros/humble/share/ament_cmake/cmake)
[0.506s] -- Found Python3: /usr/bin/python3 (found version "3.10.12") found components: Interpreter 
[0.655s] -- Configuring done
[0.658s] -- Generating done
[0.659s] -- Build files have been written to: /home/gcerioni/ws_ur16/build/ur_moveit_config
[0.663s] Invoked command in '/home/gcerioni/ws_ur16/build/ur_moveit_config' returned '0': CMAKE_PREFIX_PATH=/opt/ros/humble /usr/bin/cmake /home/gcerioni/ws_ur16/src/Universal_Robots_ROS2_Driver/ur_moveit_config -DCMAKE_INSTALL_PREFIX=/home/gcerioni/ws_ur16/install/ur_moveit_config
[0.665s] Invoking command in '/home/gcerioni/ws_ur16/build/ur_moveit_config': CMAKE_PREFIX_PATH=/opt/ros/humble /usr/bin/cmake --build /home/gcerioni/ws_ur16/build/ur_moveit_config -- -j8 -l8
[0.697s] Invoked command in '/home/gcerioni/ws_ur16/build/ur_moveit_config' returned '0': CMAKE_PREFIX_PATH=/opt/ros/humble /usr/bin/cmake --build /home/gcerioni/ws_ur16/build/ur_moveit_config -- -j8 -l8
[0.706s] Invoking command in '/home/gcerioni/ws_ur16/build/ur_moveit_config': CMAKE_PREFIX_PATH=/opt/ros/humble /usr/bin/cmake --install /home/gcerioni/ws_ur16/build/ur_moveit_config
[0.712s] -- Install configuration: ""
[0.712s] -- Installing: /home/gcerioni/ws_ur16/install/ur_moveit_config/share/ament_index/resource_index/package_run_dependencies/ur_moveit_config
[0.713s] -- Installing: /home/gcerioni/ws_ur16/install/ur_moveit_config/share/ament_index/resource_index/parent_prefix_path/ur_moveit_config
[0.713s] -- Installing: /home/gcerioni/ws_ur16/install/ur_moveit_config/share/ur_moveit_config/environment/ament_prefix_path.sh
[0.713s] -- Installing: /home/gcerioni/ws_ur16/install/ur_moveit_config/share/ur_moveit_config/environment/ament_prefix_path.dsv
[0.713s] -- Installing: /home/gcerioni/ws_ur16/install/ur_moveit_config/share/ur_moveit_config/environment/path.sh
[0.713s] -- Installing: /home/gcerioni/ws_ur16/install/ur_moveit_config/share/ur_moveit_config/environment/path.dsv
[0.713s] -- Installing: /home/gcerioni/ws_ur16/install/ur_moveit_config/share/ur_moveit_config/local_setup.bash
[0.714s] -- Installing: /home/gcerioni/ws_ur16/install/ur_moveit_config/share/ur_moveit_config/local_setup.sh
[0.714s] -- Installing: /home/gcerioni/ws_ur16/install/ur_moveit_config/share/ur_moveit_config/local_setup.zsh
[0.714s] -- Installing: /home/gcerioni/ws_ur16/install/ur_moveit_config/share/ur_moveit_config/local_setup.dsv
[0.714s] -- Installing: /home/gcerioni/ws_ur16/install/ur_moveit_config/share/ur_moveit_config/package.dsv
[0.714s] -- Installing: /home/gcerioni/ws_ur16/install/ur_moveit_config/share/ament_index/resource_index/packages/ur_moveit_config
[0.714s] -- Installing: /home/gcerioni/ws_ur16/install/ur_moveit_config/share/ur_moveit_config/cmake/ur_moveit_configConfig.cmake
[0.715s] -- Installing: /home/gcerioni/ws_ur16/install/ur_moveit_config/share/ur_moveit_config/cmake/ur_moveit_configConfig-version.cmake
[0.715s] -- Installing: /home/gcerioni/ws_ur16/install/ur_moveit_config/share/ur_moveit_config/package.xml
[0.715s] -- Installing: /home/gcerioni/ws_ur16/install/ur_moveit_config/share/ur_moveit_config/config
[0.715s] -- Installing: /home/gcerioni/ws_ur16/install/ur_moveit_config/share/ur_moveit_config/config/joint_limits.yaml
[0.715s] -- Installing: /home/gcerioni/ws_ur16/install/ur_moveit_config/share/ur_moveit_config/config/ur_servo.yaml
[0.715s] -- Installing: /home/gcerioni/ws_ur16/install/ur_moveit_config/share/ur_moveit_config/config/pilz_cartesian_limits.yaml
[0.715s] -- Installing: /home/gcerioni/ws_ur16/install/ur_moveit_config/share/ur_moveit_config/config/ompl_planning.yaml
[0.716s] -- Installing: /home/gcerioni/ws_ur16/install/ur_moveit_config/share/ur_moveit_config/config/moveit_controllers.yaml
[0.716s] -- Installing: /home/gcerioni/ws_ur16/install/ur_moveit_config/share/ur_moveit_config/config/chomp_planning.yaml
[0.716s] -- Installing: /home/gcerioni/ws_ur16/install/ur_moveit_config/share/ur_moveit_config/config/kinematics.yaml
[0.716s] -- Installing: /home/gcerioni/ws_ur16/install/ur_moveit_config/share/ur_moveit_config/config/pilz_industrial_motion_planner_planning.yaml
[0.716s] -- Installing: /home/gcerioni/ws_ur16/install/ur_moveit_config/share/ur_moveit_config/config/moveit.rviz
[0.716s] -- Installing: /home/gcerioni/ws_ur16/install/ur_moveit_config/share/ur_moveit_config/launch
[0.716s] -- Installing: /home/gcerioni/ws_ur16/install/ur_moveit_config/share/ur_moveit_config/launch/ur_moveit.launch.py
[0.717s] -- Installing: /home/gcerioni/ws_ur16/install/ur_moveit_config/share/ur_moveit_config/srdf
[0.717s] -- Installing: /home/gcerioni/ws_ur16/install/ur_moveit_config/share/ur_moveit_config/srdf/ur_macro.srdf.xacro
[0.717s] -- Installing: /home/gcerioni/ws_ur16/install/ur_moveit_config/share/ur_moveit_config/srdf/ur.srdf.xacro
[0.719s] Invoked command in '/home/gcerioni/ws_ur16/build/ur_moveit_config' returned '0': CMAKE_PREFIX_PATH=/opt/ros/humble /usr/bin/cmake --install /home/gcerioni/ws_ur16/build/ur_moveit_config
