[0.070s] Invoking command in '/home/gcerioni/ws_ur16/build/effort_controllers': AMENT_PREFIX_PATH=/home/gcerioni/ws_ur16/install/forward_command_controller:/home/gcerioni/ws_ur16/install/controller_manager:/home/gcerioni/ws_ur16/install/hardware_interface_testing:/home/gcerioni/ws_ur16/install/controller_interface:/home/gcerioni/ws_ur16/install/hardware_interface:/home/gcerioni/ws_ur16/install/ros2_control_test_assets:/home/gcerioni/ws_ur16/install/realtime_tools:/home/gcerioni/ws_ur16/install/controller_manager_msgs:/home/gcerioni/ws_ur16/install/control_msgs:${AMENT_PREFIX_PATH} CMAKE_PREFIX_PATH=/home/gcerioni/ws_ur16/install/forward_command_controller:/home/gcerioni/ws_ur16/install/controller_manager:/home/gcerioni/ws_ur16/install/hardware_interface_testing:/home/gcerioni/ws_ur16/install/controller_interface:/home/gcerioni/ws_ur16/install/hardware_interface:/home/gcerioni/ws_ur16/install/ros2_control_test_assets:/home/gcerioni/ws_ur16/install/realtime_tools:/home/gcerioni/ws_ur16/install/controller_manager_msgs:/home/gcerioni/ws_ur16/install/control_msgs:/opt/ros/humble LD_LIBRARY_PATH=/home/gcerioni/ws_ur16/install/forward_command_controller/lib:/home/gcerioni/ws_ur16/install/controller_manager/lib:/home/gcerioni/ws_ur16/install/hardware_interface_testing/lib:/home/gcerioni/ws_ur16/install/controller_interface/lib:/home/gcerioni/ws_ur16/install/hardware_interface/lib:/home/gcerioni/ws_ur16/install/realtime_tools/lib:/home/gcerioni/ws_ur16/install/controller_manager_msgs/lib:/home/gcerioni/ws_ur16/install/control_msgs/lib:${LD_LIBRARY_PATH} PYTHONPATH=/home/gcerioni/ws_ur16/install/controller_manager/local/lib/python3.10/dist-packages:/home/gcerioni/ws_ur16/install/controller_manager_msgs/local/lib/python3.10/dist-packages:/home/gcerioni/ws_ur16/install/control_msgs/local/lib/python3.10/dist-packages:${PYTHONPATH} /usr/bin/cmake /home/gcerioni/ws_ur16/src/ros2_controllers/effort_controllers -DCMAKE_BUILD_TYPE=Release -DCMAKE_INSTALL_PREFIX=/home/gcerioni/ws_ur16/install/effort_controllers
[12.573s] -- The CXX compiler identification is GNU 11.4.0
[12.573s] -- Detecting CXX compiler ABI info
[12.573s] -- Detecting CXX compiler ABI info - done
[12.573s] -- Check for working CXX compiler: /usr/bin/c++ - skipped
[12.573s] -- Detecting CXX compile features
[12.573s] -- Detecting CXX compile features - done
[12.573s] -- Found ament_cmake: 1.3.11 (/opt/ros/humble/share/ament_cmake/cmake)
[12.573s] -- Found Python3: /usr/bin/python3 (found version "3.10.12") found components: Interpreter 
[12.573s] -- Found forward_command_controller: 2.43.0 (/home/gcerioni/ws_ur16/install/forward_command_controller/share/forward_command_controller/cmake)
[12.574s] -- Found rosidl_generator_c: 3.1.6 (/opt/ros/humble/share/rosidl_generator_c/cmake)
[12.574s] -- Found rosidl_adapter: 3.1.6 (/opt/ros/humble/share/rosidl_adapter/cmake)
[12.575s] -- Found rosidl_generator_cpp: 3.1.6 (/opt/ros/humble/share/rosidl_generator_cpp/cmake)
[12.575s] -- Using all available rosidl_typesupport_c: rosidl_typesupport_fastrtps_c;rosidl_typesupport_introspection_c
[12.576s] -- Using all available rosidl_typesupport_cpp: rosidl_typesupport_fastrtps_cpp;rosidl_typesupport_introspection_cpp
[12.578s] -- Found rmw_implementation_cmake: 6.1.2 (/opt/ros/humble/share/rmw_implementation_cmake/cmake)
[12.578s] -- Found rmw_fastrtps_cpp: 6.2.7 (/opt/ros/humble/share/rmw_fastrtps_cpp/cmake)
[12.579s] -- Found OpenSSL: /usr/lib/x86_64-linux-gnu/libcrypto.so (found version "3.0.2")  
[12.579s] -- Found FastRTPS: /opt/ros/humble/include  
[12.579s] -- Using RMW implementation 'rmw_fastrtps_cpp' as default
[12.579s] -- Looking for C++ include pthread.h
[12.579s] -- Looking for C++ include pthread.h - found
[12.579s] -- Performing Test CMAKE_HAVE_LIBC_PTHREAD
[12.579s] -- Performing Test CMAKE_HAVE_LIBC_PTHREAD - Success
[12.579s] -- Found Threads: TRUE  
[12.579s] -- Found ament_cmake_gmock: 1.3.11 (/opt/ros/humble/share/ament_cmake_gmock/cmake)
[12.579s] -- Found controller_manager: 2.48.0 (/home/gcerioni/ws_ur16/install/controller_manager/share/controller_manager/cmake)
[12.579s] -- Found ros2_control_test_assets: 2.48.0 (/home/gcerioni/ws_ur16/install/ros2_control_test_assets/share/ros2_control_test_assets/cmake)
[12.580s] -- Found gmock sources under '/opt/ros/humble/src/gmock_vendor': C++ tests using 'Google Mock' will be built
[12.580s] -- The C compiler identification is GNU 11.4.0
[12.580s] -- Detecting C compiler ABI info
[12.580s] -- Detecting C compiler ABI info - done
[12.580s] -- Check for working C compiler: /usr/bin/cc - skipped
[12.580s] -- Detecting C compile features
[12.580s] -- Detecting C compile features - done
[12.580s] -- Found ament_cmake_gtest: 1.3.11 (/opt/ros/humble/share/ament_cmake_gtest/cmake)
[12.580s] -- Found gtest sources under '/opt/ros/humble/src/gtest_vendor': C++ tests using 'Google Test' will be built
[12.580s] -- Configuring done
[12.580s] -- Generating done
[12.580s] -- Build files have been written to: /home/gcerioni/ws_ur16/build/effort_controllers
[12.608s] Invoked command in '/home/gcerioni/ws_ur16/build/effort_controllers' returned '0': AMENT_PREFIX_PATH=/home/gcerioni/ws_ur16/install/forward_command_controller:/home/gcerioni/ws_ur16/install/controller_manager:/home/gcerioni/ws_ur16/install/hardware_interface_testing:/home/gcerioni/ws_ur16/install/controller_interface:/home/gcerioni/ws_ur16/install/hardware_interface:/home/gcerioni/ws_ur16/install/ros2_control_test_assets:/home/gcerioni/ws_ur16/install/realtime_tools:/home/gcerioni/ws_ur16/install/controller_manager_msgs:/home/gcerioni/ws_ur16/install/control_msgs:${AMENT_PREFIX_PATH} CMAKE_PREFIX_PATH=/home/gcerioni/ws_ur16/install/forward_command_controller:/home/gcerioni/ws_ur16/install/controller_manager:/home/gcerioni/ws_ur16/install/hardware_interface_testing:/home/gcerioni/ws_ur16/install/controller_interface:/home/gcerioni/ws_ur16/install/hardware_interface:/home/gcerioni/ws_ur16/install/ros2_control_test_assets:/home/gcerioni/ws_ur16/install/realtime_tools:/home/gcerioni/ws_ur16/install/controller_manager_msgs:/home/gcerioni/ws_ur16/install/control_msgs:/opt/ros/humble LD_LIBRARY_PATH=/home/gcerioni/ws_ur16/install/forward_command_controller/lib:/home/gcerioni/ws_ur16/install/controller_manager/lib:/home/gcerioni/ws_ur16/install/hardware_interface_testing/lib:/home/gcerioni/ws_ur16/install/controller_interface/lib:/home/gcerioni/ws_ur16/install/hardware_interface/lib:/home/gcerioni/ws_ur16/install/realtime_tools/lib:/home/gcerioni/ws_ur16/install/controller_manager_msgs/lib:/home/gcerioni/ws_ur16/install/control_msgs/lib:${LD_LIBRARY_PATH} PYTHONPATH=/home/gcerioni/ws_ur16/install/controller_manager/local/lib/python3.10/dist-packages:/home/gcerioni/ws_ur16/install/controller_manager_msgs/local/lib/python3.10/dist-packages:/home/gcerioni/ws_ur16/install/control_msgs/local/lib/python3.10/dist-packages:${PYTHONPATH} /usr/bin/cmake /home/gcerioni/ws_ur16/src/ros2_controllers/effort_controllers -DCMAKE_BUILD_TYPE=Release -DCMAKE_INSTALL_PREFIX=/home/gcerioni/ws_ur16/install/effort_controllers
[12.608s] Invoking command in '/home/gcerioni/ws_ur16/build/effort_controllers': AMENT_PREFIX_PATH=/home/gcerioni/ws_ur16/install/forward_command_controller:/home/gcerioni/ws_ur16/install/controller_manager:/home/gcerioni/ws_ur16/install/hardware_interface_testing:/home/gcerioni/ws_ur16/install/controller_interface:/home/gcerioni/ws_ur16/install/hardware_interface:/home/gcerioni/ws_ur16/install/ros2_control_test_assets:/home/gcerioni/ws_ur16/install/realtime_tools:/home/gcerioni/ws_ur16/install/controller_manager_msgs:/home/gcerioni/ws_ur16/install/control_msgs:${AMENT_PREFIX_PATH} CMAKE_PREFIX_PATH=/home/gcerioni/ws_ur16/install/forward_command_controller:/home/gcerioni/ws_ur16/install/controller_manager:/home/gcerioni/ws_ur16/install/hardware_interface_testing:/home/gcerioni/ws_ur16/install/controller_interface:/home/gcerioni/ws_ur16/install/hardware_interface:/home/gcerioni/ws_ur16/install/ros2_control_test_assets:/home/gcerioni/ws_ur16/install/realtime_tools:/home/gcerioni/ws_ur16/install/controller_manager_msgs:/home/gcerioni/ws_ur16/install/control_msgs:/opt/ros/humble LD_LIBRARY_PATH=/home/gcerioni/ws_ur16/install/forward_command_controller/lib:/home/gcerioni/ws_ur16/install/controller_manager/lib:/home/gcerioni/ws_ur16/install/hardware_interface_testing/lib:/home/gcerioni/ws_ur16/install/controller_interface/lib:/home/gcerioni/ws_ur16/install/hardware_interface/lib:/home/gcerioni/ws_ur16/install/realtime_tools/lib:/home/gcerioni/ws_ur16/install/controller_manager_msgs/lib:/home/gcerioni/ws_ur16/install/control_msgs/lib:${LD_LIBRARY_PATH} PYTHONPATH=/home/gcerioni/ws_ur16/install/controller_manager/local/lib/python3.10/dist-packages:/home/gcerioni/ws_ur16/install/controller_manager_msgs/local/lib/python3.10/dist-packages:/home/gcerioni/ws_ur16/install/control_msgs/local/lib/python3.10/dist-packages:${PYTHONPATH} /usr/bin/cmake --build /home/gcerioni/ws_ur16/build/effort_controllers -- -j8 -l8
[12.687s] [  9%] [32mBuilding CXX object CMakeFiles/effort_controllers.dir/src/joint_group_effort_controller.cpp.o[0m
[18.954s] [ 18%] [32m[1mLinking CXX shared library libeffort_controllers.so[0m
[19.211s] [ 18%] Built target effort_controllers
[19.242s] [ 27%] [32mBuilding CXX object gmock/CMakeFiles/gmock.dir/opt/ros/humble/src/gtest_vendor/src/gtest-all.cc.o[0m
[30.269s] [ 36%] [32mBuilding CXX object gmock/CMakeFiles/gmock.dir/src/gmock-all.cc.o[0m
[34.806s] [ 45%] [32m[1mLinking CXX static library libgmock.a[0m
[34.902s] [ 45%] Built target gmock
[34.931s] [ 54%] [32mBuilding CXX object gmock/CMakeFiles/gmock_main.dir/src/gmock_main.cc.o[0m
[36.874s] [ 63%] [32m[1mLinking CXX static library libgmock_main.a[0m
[36.960s] [ 63%] Built target gmock_main
[36.994s] [ 72%] [32mBuilding CXX object CMakeFiles/test_load_joint_group_effort_controller.dir/test/test_load_joint_group_effort_controller.cpp.o[0m
[45.738s] [ 81%] [32m[1mLinking CXX executable test_load_joint_group_effort_controller[0m
[46.155s] [ 81%] Built target test_load_joint_group_effort_controller
[46.186s] [ 90%] [32mBuilding CXX object CMakeFiles/test_joint_group_effort_controller.dir/test/test_joint_group_effort_controller.cpp.o[0m
[54.284s] [100%] [32m[1mLinking CXX executable test_joint_group_effort_controller[0m
[54.494s] [100%] Built target test_joint_group_effort_controller
[54.506s] Invoked command in '/home/gcerioni/ws_ur16/build/effort_controllers' returned '0': AMENT_PREFIX_PATH=/home/gcerioni/ws_ur16/install/forward_command_controller:/home/gcerioni/ws_ur16/install/controller_manager:/home/gcerioni/ws_ur16/install/hardware_interface_testing:/home/gcerioni/ws_ur16/install/controller_interface:/home/gcerioni/ws_ur16/install/hardware_interface:/home/gcerioni/ws_ur16/install/ros2_control_test_assets:/home/gcerioni/ws_ur16/install/realtime_tools:/home/gcerioni/ws_ur16/install/controller_manager_msgs:/home/gcerioni/ws_ur16/install/control_msgs:${AMENT_PREFIX_PATH} CMAKE_PREFIX_PATH=/home/gcerioni/ws_ur16/install/forward_command_controller:/home/gcerioni/ws_ur16/install/controller_manager:/home/gcerioni/ws_ur16/install/hardware_interface_testing:/home/gcerioni/ws_ur16/install/controller_interface:/home/gcerioni/ws_ur16/install/hardware_interface:/home/gcerioni/ws_ur16/install/ros2_control_test_assets:/home/gcerioni/ws_ur16/install/realtime_tools:/home/gcerioni/ws_ur16/install/controller_manager_msgs:/home/gcerioni/ws_ur16/install/control_msgs:/opt/ros/humble LD_LIBRARY_PATH=/home/gcerioni/ws_ur16/install/forward_command_controller/lib:/home/gcerioni/ws_ur16/install/controller_manager/lib:/home/gcerioni/ws_ur16/install/hardware_interface_testing/lib:/home/gcerioni/ws_ur16/install/controller_interface/lib:/home/gcerioni/ws_ur16/install/hardware_interface/lib:/home/gcerioni/ws_ur16/install/realtime_tools/lib:/home/gcerioni/ws_ur16/install/controller_manager_msgs/lib:/home/gcerioni/ws_ur16/install/control_msgs/lib:${LD_LIBRARY_PATH} PYTHONPATH=/home/gcerioni/ws_ur16/install/controller_manager/local/lib/python3.10/dist-packages:/home/gcerioni/ws_ur16/install/controller_manager_msgs/local/lib/python3.10/dist-packages:/home/gcerioni/ws_ur16/install/control_msgs/local/lib/python3.10/dist-packages:${PYTHONPATH} /usr/bin/cmake --build /home/gcerioni/ws_ur16/build/effort_controllers -- -j8 -l8
[54.507s] Invoking command in '/home/gcerioni/ws_ur16/build/effort_controllers': AMENT_PREFIX_PATH=/home/gcerioni/ws_ur16/install/forward_command_controller:/home/gcerioni/ws_ur16/install/controller_manager:/home/gcerioni/ws_ur16/install/hardware_interface_testing:/home/gcerioni/ws_ur16/install/controller_interface:/home/gcerioni/ws_ur16/install/hardware_interface:/home/gcerioni/ws_ur16/install/ros2_control_test_assets:/home/gcerioni/ws_ur16/install/realtime_tools:/home/gcerioni/ws_ur16/install/controller_manager_msgs:/home/gcerioni/ws_ur16/install/control_msgs:${AMENT_PREFIX_PATH} CMAKE_PREFIX_PATH=/home/gcerioni/ws_ur16/install/forward_command_controller:/home/gcerioni/ws_ur16/install/controller_manager:/home/gcerioni/ws_ur16/install/hardware_interface_testing:/home/gcerioni/ws_ur16/install/controller_interface:/home/gcerioni/ws_ur16/install/hardware_interface:/home/gcerioni/ws_ur16/install/ros2_control_test_assets:/home/gcerioni/ws_ur16/install/realtime_tools:/home/gcerioni/ws_ur16/install/controller_manager_msgs:/home/gcerioni/ws_ur16/install/control_msgs:/opt/ros/humble LD_LIBRARY_PATH=/home/gcerioni/ws_ur16/install/forward_command_controller/lib:/home/gcerioni/ws_ur16/install/controller_manager/lib:/home/gcerioni/ws_ur16/install/hardware_interface_testing/lib:/home/gcerioni/ws_ur16/install/controller_interface/lib:/home/gcerioni/ws_ur16/install/hardware_interface/lib:/home/gcerioni/ws_ur16/install/realtime_tools/lib:/home/gcerioni/ws_ur16/install/controller_manager_msgs/lib:/home/gcerioni/ws_ur16/install/control_msgs/lib:${LD_LIBRARY_PATH} PYTHONPATH=/home/gcerioni/ws_ur16/install/controller_manager/local/lib/python3.10/dist-packages:/home/gcerioni/ws_ur16/install/controller_manager_msgs/local/lib/python3.10/dist-packages:/home/gcerioni/ws_ur16/install/control_msgs/local/lib/python3.10/dist-packages:${PYTHONPATH} /usr/bin/cmake --install /home/gcerioni/ws_ur16/build/effort_controllers
[54.515s] -- Install configuration: "Release"
[54.515s] -- Installing: /home/gcerioni/ws_ur16/install/effort_controllers/share/effort_controllers/effort_controllers_plugins.xml
[54.516s] -- Installing: /home/gcerioni/ws_ur16/install/effort_controllers/include/effort_controllers
[54.516s] -- Installing: /home/gcerioni/ws_ur16/install/effort_controllers/include/effort_controllers/effort_controllers
[54.516s] -- Installing: /home/gcerioni/ws_ur16/install/effort_controllers/include/effort_controllers/effort_controllers/visibility_control.h
[54.516s] -- Installing: /home/gcerioni/ws_ur16/install/effort_controllers/include/effort_controllers/effort_controllers/joint_group_effort_controller.hpp
[54.516s] -- Installing: /home/gcerioni/ws_ur16/install/effort_controllers/lib/libeffort_controllers.so
[54.517s] -- Set runtime path of "/home/gcerioni/ws_ur16/install/effort_controllers/lib/libeffort_controllers.so" to ""
[54.517s] -- Installing: /home/gcerioni/ws_ur16/install/effort_controllers/share/effort_controllers/environment/library_path.sh
[54.517s] -- Installing: /home/gcerioni/ws_ur16/install/effort_controllers/share/effort_controllers/environment/library_path.dsv
[54.517s] -- Installing: /home/gcerioni/ws_ur16/install/effort_controllers/share/ament_index/resource_index/package_run_dependencies/effort_controllers
[54.518s] -- Installing: /home/gcerioni/ws_ur16/install/effort_controllers/share/ament_index/resource_index/parent_prefix_path/effort_controllers
[54.518s] -- Installing: /home/gcerioni/ws_ur16/install/effort_controllers/share/effort_controllers/environment/ament_prefix_path.sh
[54.518s] -- Installing: /home/gcerioni/ws_ur16/install/effort_controllers/share/effort_controllers/environment/ament_prefix_path.dsv
[54.518s] -- Installing: /home/gcerioni/ws_ur16/install/effort_controllers/share/effort_controllers/environment/path.sh
[54.518s] -- Installing: /home/gcerioni/ws_ur16/install/effort_controllers/share/effort_controllers/environment/path.dsv
[54.519s] -- Installing: /home/gcerioni/ws_ur16/install/effort_controllers/share/effort_controllers/local_setup.bash
[54.519s] -- Installing: /home/gcerioni/ws_ur16/install/effort_controllers/share/effort_controllers/local_setup.sh
[54.519s] -- Installing: /home/gcerioni/ws_ur16/install/effort_controllers/share/effort_controllers/local_setup.zsh
[54.519s] -- Installing: /home/gcerioni/ws_ur16/install/effort_controllers/share/effort_controllers/local_setup.dsv
[54.519s] -- Installing: /home/gcerioni/ws_ur16/install/effort_controllers/share/effort_controllers/package.dsv
[54.519s] -- Installing: /home/gcerioni/ws_ur16/install/effort_controllers/share/ament_index/resource_index/packages/effort_controllers
[54.520s] -- Installing: /home/gcerioni/ws_ur16/install/effort_controllers/share/ament_index/resource_index/controller_interface__pluginlib__plugin/effort_controllers
[54.520s] -- Installing: /home/gcerioni/ws_ur16/install/effort_controllers/share/effort_controllers/cmake/export_effort_controllersExport.cmake
[54.520s] -- Installing: /home/gcerioni/ws_ur16/install/effort_controllers/share/effort_controllers/cmake/export_effort_controllersExport-release.cmake
[54.520s] -- Installing: /home/gcerioni/ws_ur16/install/effort_controllers/share/effort_controllers/cmake/ament_cmake_export_targets-extras.cmake
[54.521s] -- Installing: /home/gcerioni/ws_ur16/install/effort_controllers/share/effort_controllers/cmake/ament_cmake_export_dependencies-extras.cmake
[54.521s] -- Installing: /home/gcerioni/ws_ur16/install/effort_controllers/share/effort_controllers/cmake/effort_controllersConfig.cmake
[54.521s] -- Installing: /home/gcerioni/ws_ur16/install/effort_controllers/share/effort_controllers/cmake/effort_controllersConfig-version.cmake
[54.521s] -- Installing: /home/gcerioni/ws_ur16/install/effort_controllers/share/effort_controllers/package.xml
[54.524s] Invoked command in '/home/gcerioni/ws_ur16/build/effort_controllers' returned '0': AMENT_PREFIX_PATH=/home/gcerioni/ws_ur16/install/forward_command_controller:/home/gcerioni/ws_ur16/install/controller_manager:/home/gcerioni/ws_ur16/install/hardware_interface_testing:/home/gcerioni/ws_ur16/install/controller_interface:/home/gcerioni/ws_ur16/install/hardware_interface:/home/gcerioni/ws_ur16/install/ros2_control_test_assets:/home/gcerioni/ws_ur16/install/realtime_tools:/home/gcerioni/ws_ur16/install/controller_manager_msgs:/home/gcerioni/ws_ur16/install/control_msgs:${AMENT_PREFIX_PATH} CMAKE_PREFIX_PATH=/home/gcerioni/ws_ur16/install/forward_command_controller:/home/gcerioni/ws_ur16/install/controller_manager:/home/gcerioni/ws_ur16/install/hardware_interface_testing:/home/gcerioni/ws_ur16/install/controller_interface:/home/gcerioni/ws_ur16/install/hardware_interface:/home/gcerioni/ws_ur16/install/ros2_control_test_assets:/home/gcerioni/ws_ur16/install/realtime_tools:/home/gcerioni/ws_ur16/install/controller_manager_msgs:/home/gcerioni/ws_ur16/install/control_msgs:/opt/ros/humble LD_LIBRARY_PATH=/home/gcerioni/ws_ur16/install/forward_command_controller/lib:/home/gcerioni/ws_ur16/install/controller_manager/lib:/home/gcerioni/ws_ur16/install/hardware_interface_testing/lib:/home/gcerioni/ws_ur16/install/controller_interface/lib:/home/gcerioni/ws_ur16/install/hardware_interface/lib:/home/gcerioni/ws_ur16/install/realtime_tools/lib:/home/gcerioni/ws_ur16/install/controller_manager_msgs/lib:/home/gcerioni/ws_ur16/install/control_msgs/lib:${LD_LIBRARY_PATH} PYTHONPATH=/home/gcerioni/ws_ur16/install/controller_manager/local/lib/python3.10/dist-packages:/home/gcerioni/ws_ur16/install/controller_manager_msgs/local/lib/python3.10/dist-packages:/home/gcerioni/ws_ur16/install/control_msgs/local/lib/python3.10/dist-packages:${PYTHONPATH} /usr/bin/cmake --install /home/gcerioni/ws_ur16/build/effort_controllers
