[0.113s] Invoking command in '/home/gcerioni/ws_ur16/build/mecanum_drive_controller': AMENT_PREFIX_PATH=/home/gcerioni/ws_ur16/install/controller_manager:/home/gcerioni/ws_ur16/install/hardware_interface_testing:/home/gcerioni/ws_ur16/install/controller_interface:/home/gcerioni/ws_ur16/install/hardware_interface:/home/gcerioni/ws_ur16/install/ros2_control_test_assets:/home/gcerioni/ws_ur16/install/realtime_tools:/home/gcerioni/ws_ur16/install/controller_manager_msgs:/home/gcerioni/ws_ur16/install/control_msgs:${AMENT_PREFIX_PATH} CMAKE_PREFIX_PATH=/home/gcerioni/ws_ur16/install/controller_manager:/home/gcerioni/ws_ur16/install/hardware_interface_testing:/home/gcerioni/ws_ur16/install/controller_interface:/home/gcerioni/ws_ur16/install/hardware_interface:/home/gcerioni/ws_ur16/install/ros2_control_test_assets:/home/gcerioni/ws_ur16/install/realtime_tools:/home/gcerioni/ws_ur16/install/controller_manager_msgs:/home/gcerioni/ws_ur16/install/control_msgs:/opt/ros/humble LD_LIBRARY_PATH=/home/gcerioni/ws_ur16/install/controller_manager/lib:/home/gcerioni/ws_ur16/install/hardware_interface_testing/lib:/home/gcerioni/ws_ur16/install/controller_interface/lib:/home/gcerioni/ws_ur16/install/hardware_interface/lib:/home/gcerioni/ws_ur16/install/realtime_tools/lib:/home/gcerioni/ws_ur16/install/controller_manager_msgs/lib:/home/gcerioni/ws_ur16/install/control_msgs/lib:${LD_LIBRARY_PATH} PYTHONPATH=/home/gcerioni/ws_ur16/install/controller_manager/local/lib/python3.10/dist-packages:/home/gcerioni/ws_ur16/install/controller_manager_msgs/local/lib/python3.10/dist-packages:/home/gcerioni/ws_ur16/install/control_msgs/local/lib/python3.10/dist-packages:${PYTHONPATH} /usr/bin/cmake --build /home/gcerioni/ws_ur16/build/mecanum_drive_controller -- -j8 -l8
[0.224s] [35m[1mConsolidate compiler generated dependencies of target gmock_main[0m
[0.224s] [35m[1mConsolidate compiler generated dependencies of target gmock[0m
[0.257s] [ 12%] Built target mecanum_drive_controller_parameters
[0.268s] [ 25%] Built target gmock_main
[0.286s] [ 43%] Built target gmock
[0.306s] [35m[1mConsolidate compiler generated dependencies of target mecanum_drive_controller[0m
[0.312s] [35m[1mConsolidate compiler generated dependencies of target test_load_mecanum_drive_controller[0m
[0.360s] [ 62%] Built target mecanum_drive_controller
[0.374s] [ 75%] Built target test_load_mecanum_drive_controller
[0.390s] [35m[1mConsolidate compiler generated dependencies of target test_mecanum_drive_controller[0m
[0.407s] [35m[1mConsolidate compiler generated dependencies of target test_mecanum_drive_controller_preceeding[0m
[0.467s] [ 87%] Built target test_mecanum_drive_controller
[0.471s] [100%] Built target test_mecanum_drive_controller_preceeding
[0.557s] Invoked command in '/home/gcerioni/ws_ur16/build/mecanum_drive_controller' returned '0': AMENT_PREFIX_PATH=/home/gcerioni/ws_ur16/install/controller_manager:/home/gcerioni/ws_ur16/install/hardware_interface_testing:/home/gcerioni/ws_ur16/install/controller_interface:/home/gcerioni/ws_ur16/install/hardware_interface:/home/gcerioni/ws_ur16/install/ros2_control_test_assets:/home/gcerioni/ws_ur16/install/realtime_tools:/home/gcerioni/ws_ur16/install/controller_manager_msgs:/home/gcerioni/ws_ur16/install/control_msgs:${AMENT_PREFIX_PATH} CMAKE_PREFIX_PATH=/home/gcerioni/ws_ur16/install/controller_manager:/home/gcerioni/ws_ur16/install/hardware_interface_testing:/home/gcerioni/ws_ur16/install/controller_interface:/home/gcerioni/ws_ur16/install/hardware_interface:/home/gcerioni/ws_ur16/install/ros2_control_test_assets:/home/gcerioni/ws_ur16/install/realtime_tools:/home/gcerioni/ws_ur16/install/controller_manager_msgs:/home/gcerioni/ws_ur16/install/control_msgs:/opt/ros/humble LD_LIBRARY_PATH=/home/gcerioni/ws_ur16/install/controller_manager/lib:/home/gcerioni/ws_ur16/install/hardware_interface_testing/lib:/home/gcerioni/ws_ur16/install/controller_interface/lib:/home/gcerioni/ws_ur16/install/hardware_interface/lib:/home/gcerioni/ws_ur16/install/realtime_tools/lib:/home/gcerioni/ws_ur16/install/controller_manager_msgs/lib:/home/gcerioni/ws_ur16/install/control_msgs/lib:${LD_LIBRARY_PATH} PYTHONPATH=/home/gcerioni/ws_ur16/install/controller_manager/local/lib/python3.10/dist-packages:/home/gcerioni/ws_ur16/install/controller_manager_msgs/local/lib/python3.10/dist-packages:/home/gcerioni/ws_ur16/install/control_msgs/local/lib/python3.10/dist-packages:${PYTHONPATH} /usr/bin/cmake --build /home/gcerioni/ws_ur16/build/mecanum_drive_controller -- -j8 -l8
[0.564s] Invoking command in '/home/gcerioni/ws_ur16/build/mecanum_drive_controller': AMENT_PREFIX_PATH=/home/gcerioni/ws_ur16/install/controller_manager:/home/gcerioni/ws_ur16/install/hardware_interface_testing:/home/gcerioni/ws_ur16/install/controller_interface:/home/gcerioni/ws_ur16/install/hardware_interface:/home/gcerioni/ws_ur16/install/ros2_control_test_assets:/home/gcerioni/ws_ur16/install/realtime_tools:/home/gcerioni/ws_ur16/install/controller_manager_msgs:/home/gcerioni/ws_ur16/install/control_msgs:${AMENT_PREFIX_PATH} CMAKE_PREFIX_PATH=/home/gcerioni/ws_ur16/install/controller_manager:/home/gcerioni/ws_ur16/install/hardware_interface_testing:/home/gcerioni/ws_ur16/install/controller_interface:/home/gcerioni/ws_ur16/install/hardware_interface:/home/gcerioni/ws_ur16/install/ros2_control_test_assets:/home/gcerioni/ws_ur16/install/realtime_tools:/home/gcerioni/ws_ur16/install/controller_manager_msgs:/home/gcerioni/ws_ur16/install/control_msgs:/opt/ros/humble LD_LIBRARY_PATH=/home/gcerioni/ws_ur16/install/controller_manager/lib:/home/gcerioni/ws_ur16/install/hardware_interface_testing/lib:/home/gcerioni/ws_ur16/install/controller_interface/lib:/home/gcerioni/ws_ur16/install/hardware_interface/lib:/home/gcerioni/ws_ur16/install/realtime_tools/lib:/home/gcerioni/ws_ur16/install/controller_manager_msgs/lib:/home/gcerioni/ws_ur16/install/control_msgs/lib:${LD_LIBRARY_PATH} PYTHONPATH=/home/gcerioni/ws_ur16/install/controller_manager/local/lib/python3.10/dist-packages:/home/gcerioni/ws_ur16/install/controller_manager_msgs/local/lib/python3.10/dist-packages:/home/gcerioni/ws_ur16/install/control_msgs/local/lib/python3.10/dist-packages:${PYTHONPATH} /usr/bin/cmake --install /home/gcerioni/ws_ur16/build/mecanum_drive_controller
[0.581s] -- Install configuration: "Release"
[0.581s] -- Up-to-date: /home/gcerioni/ws_ur16/install/mecanum_drive_controller/include/mecanum_drive_controller
[0.581s] -- Up-to-date: /home/gcerioni/ws_ur16/install/mecanum_drive_controller/include/mecanum_drive_controller/mecanum_drive_controller_parameters.hpp
[0.582s] -- Up-to-date: /home/gcerioni/ws_ur16/install/mecanum_drive_controller/share/mecanum_drive_controller/mecanum_drive_controller.xml
[0.582s] -- Up-to-date: /home/gcerioni/ws_ur16/install/mecanum_drive_controller/include/mecanum_drive_controller
[0.582s] -- Up-to-date: /home/gcerioni/ws_ur16/install/mecanum_drive_controller/include/mecanum_drive_controller/mecanum_drive_controller
[0.582s] -- Up-to-date: /home/gcerioni/ws_ur16/install/mecanum_drive_controller/include/mecanum_drive_controller/mecanum_drive_controller/odometry.hpp
[0.582s] -- Up-to-date: /home/gcerioni/ws_ur16/install/mecanum_drive_controller/include/mecanum_drive_controller/mecanum_drive_controller/visibility_control.h
[0.582s] -- Up-to-date: /home/gcerioni/ws_ur16/install/mecanum_drive_controller/include/mecanum_drive_controller/mecanum_drive_controller/mecanum_drive_controller.hpp
[0.582s] -- Up-to-date: /home/gcerioni/ws_ur16/install/mecanum_drive_controller/lib/libmecanum_drive_controller.so
[0.582s] -- Up-to-date: /home/gcerioni/ws_ur16/install/mecanum_drive_controller/share/mecanum_drive_controller/environment/library_path.sh
[0.583s] -- Up-to-date: /home/gcerioni/ws_ur16/install/mecanum_drive_controller/share/mecanum_drive_controller/environment/library_path.dsv
[0.583s] -- Up-to-date: /home/gcerioni/ws_ur16/install/mecanum_drive_controller/share/ament_index/resource_index/package_run_dependencies/mecanum_drive_controller
[0.583s] -- Up-to-date: /home/gcerioni/ws_ur16/install/mecanum_drive_controller/share/ament_index/resource_index/parent_prefix_path/mecanum_drive_controller
[0.583s] -- Up-to-date: /home/gcerioni/ws_ur16/install/mecanum_drive_controller/share/mecanum_drive_controller/environment/ament_prefix_path.sh
[0.583s] -- Up-to-date: /home/gcerioni/ws_ur16/install/mecanum_drive_controller/share/mecanum_drive_controller/environment/ament_prefix_path.dsv
[0.583s] -- Up-to-date: /home/gcerioni/ws_ur16/install/mecanum_drive_controller/share/mecanum_drive_controller/environment/path.sh
[0.583s] -- Up-to-date: /home/gcerioni/ws_ur16/install/mecanum_drive_controller/share/mecanum_drive_controller/environment/path.dsv
[0.583s] -- Up-to-date: /home/gcerioni/ws_ur16/install/mecanum_drive_controller/share/mecanum_drive_controller/local_setup.bash
[0.584s] -- Up-to-date: /home/gcerioni/ws_ur16/install/mecanum_drive_controller/share/mecanum_drive_controller/local_setup.sh
[0.584s] -- Up-to-date: /home/gcerioni/ws_ur16/install/mecanum_drive_controller/share/mecanum_drive_controller/local_setup.zsh
[0.584s] -- Up-to-date: /home/gcerioni/ws_ur16/install/mecanum_drive_controller/share/mecanum_drive_controller/local_setup.dsv
[0.584s] -- Installing: /home/gcerioni/ws_ur16/install/mecanum_drive_controller/share/mecanum_drive_controller/package.dsv
[0.585s] -- Up-to-date: /home/gcerioni/ws_ur16/install/mecanum_drive_controller/share/ament_index/resource_index/packages/mecanum_drive_controller
[0.586s] -- Up-to-date: /home/gcerioni/ws_ur16/install/mecanum_drive_controller/share/ament_index/resource_index/controller_interface__pluginlib__plugin/mecanum_drive_controller
[0.586s] -- Up-to-date: /home/gcerioni/ws_ur16/install/mecanum_drive_controller/share/mecanum_drive_controller/cmake/export_mecanum_drive_controllerExport.cmake
[0.586s] -- Up-to-date: /home/gcerioni/ws_ur16/install/mecanum_drive_controller/share/mecanum_drive_controller/cmake/export_mecanum_drive_controllerExport-release.cmake
[0.587s] -- Up-to-date: /home/gcerioni/ws_ur16/install/mecanum_drive_controller/share/mecanum_drive_controller/cmake/ament_cmake_export_dependencies-extras.cmake
[0.587s] -- Up-to-date: /home/gcerioni/ws_ur16/install/mecanum_drive_controller/share/mecanum_drive_controller/cmake/ament_cmake_export_targets-extras.cmake
[0.587s] -- Up-to-date: /home/gcerioni/ws_ur16/install/mecanum_drive_controller/share/mecanum_drive_controller/cmake/mecanum_drive_controllerConfig.cmake
[0.587s] -- Up-to-date: /home/gcerioni/ws_ur16/install/mecanum_drive_controller/share/mecanum_drive_controller/cmake/mecanum_drive_controllerConfig-version.cmake
[0.587s] -- Up-to-date: /home/gcerioni/ws_ur16/install/mecanum_drive_controller/share/mecanum_drive_controller/package.xml
[1.150s] Invoked command in '/home/gcerioni/ws_ur16/build/mecanum_drive_controller' returned '0': AMENT_PREFIX_PATH=/home/gcerioni/ws_ur16/install/controller_manager:/home/gcerioni/ws_ur16/install/hardware_interface_testing:/home/gcerioni/ws_ur16/install/controller_interface:/home/gcerioni/ws_ur16/install/hardware_interface:/home/gcerioni/ws_ur16/install/ros2_control_test_assets:/home/gcerioni/ws_ur16/install/realtime_tools:/home/gcerioni/ws_ur16/install/controller_manager_msgs:/home/gcerioni/ws_ur16/install/control_msgs:${AMENT_PREFIX_PATH} CMAKE_PREFIX_PATH=/home/gcerioni/ws_ur16/install/controller_manager:/home/gcerioni/ws_ur16/install/hardware_interface_testing:/home/gcerioni/ws_ur16/install/controller_interface:/home/gcerioni/ws_ur16/install/hardware_interface:/home/gcerioni/ws_ur16/install/ros2_control_test_assets:/home/gcerioni/ws_ur16/install/realtime_tools:/home/gcerioni/ws_ur16/install/controller_manager_msgs:/home/gcerioni/ws_ur16/install/control_msgs:/opt/ros/humble LD_LIBRARY_PATH=/home/gcerioni/ws_ur16/install/controller_manager/lib:/home/gcerioni/ws_ur16/install/hardware_interface_testing/lib:/home/gcerioni/ws_ur16/install/controller_interface/lib:/home/gcerioni/ws_ur16/install/hardware_interface/lib:/home/gcerioni/ws_ur16/install/realtime_tools/lib:/home/gcerioni/ws_ur16/install/controller_manager_msgs/lib:/home/gcerioni/ws_ur16/install/control_msgs/lib:${LD_LIBRARY_PATH} PYTHONPATH=/home/gcerioni/ws_ur16/install/controller_manager/local/lib/python3.10/dist-packages:/home/gcerioni/ws_ur16/install/controller_manager_msgs/local/lib/python3.10/dist-packages:/home/gcerioni/ws_ur16/install/control_msgs/local/lib/python3.10/dist-packages:${PYTHONPATH} /usr/bin/cmake --install /home/gcerioni/ws_ur16/build/mecanum_drive_controller
