[0.064s] Invoking command in '/home/gcerioni/ws_ur16/build/tricycle_controller': AMENT_PREFIX_PATH=/home/gcerioni/ws_ur16/install/controller_manager:/home/gcerioni/ws_ur16/install/hardware_interface_testing:/home/gcerioni/ws_ur16/install/controller_interface:/home/gcerioni/ws_ur16/install/hardware_interface:/home/gcerioni/ws_ur16/install/ros2_control_test_assets:/home/gcerioni/ws_ur16/install/realtime_tools:/home/gcerioni/ws_ur16/install/controller_manager_msgs:/home/gcerioni/ws_ur16/install/control_msgs:${AMENT_PREFIX_PATH} CMAKE_PREFIX_PATH=/home/gcerioni/ws_ur16/install/controller_manager:/home/gcerioni/ws_ur16/install/hardware_interface_testing:/home/gcerioni/ws_ur16/install/controller_interface:/home/gcerioni/ws_ur16/install/hardware_interface:/home/gcerioni/ws_ur16/install/ros2_control_test_assets:/home/gcerioni/ws_ur16/install/realtime_tools:/home/gcerioni/ws_ur16/install/controller_manager_msgs:/home/gcerioni/ws_ur16/install/control_msgs:/opt/ros/humble LD_LIBRARY_PATH=/home/gcerioni/ws_ur16/install/controller_manager/lib:/home/gcerioni/ws_ur16/install/hardware_interface_testing/lib:/home/gcerioni/ws_ur16/install/controller_interface/lib:/home/gcerioni/ws_ur16/install/hardware_interface/lib:/home/gcerioni/ws_ur16/install/realtime_tools/lib:/home/gcerioni/ws_ur16/install/controller_manager_msgs/lib:/home/gcerioni/ws_ur16/install/control_msgs/lib:${LD_LIBRARY_PATH} PYTHONPATH=/home/gcerioni/ws_ur16/install/controller_manager/local/lib/python3.10/dist-packages:/home/gcerioni/ws_ur16/install/controller_manager_msgs/local/lib/python3.10/dist-packages:/home/gcerioni/ws_ur16/install/control_msgs/local/lib/python3.10/dist-packages:${PYTHONPATH} /usr/bin/cmake /home/gcerioni/ws_ur16/src/ros2_controllers/tricycle_controller -DCMAKE_BUILD_TYPE=Release -DCMAKE_INSTALL_PREFIX=/home/gcerioni/ws_ur16/install/tricycle_controller
[15.421s] -- The CXX compiler identification is GNU 11.4.0
[15.421s] -- Detecting CXX compiler ABI info
[15.421s] -- Detecting CXX compiler ABI info - done
[15.421s] -- Check for working CXX compiler: /usr/bin/c++ - skipped
[15.422s] -- Detecting CXX compile features
[15.422s] -- Detecting CXX compile features - done
[15.422s] -- Found ament_cmake: 1.3.11 (/opt/ros/humble/share/ament_cmake/cmake)
[15.422s] -- Found Python3: /usr/bin/python3 (found version "3.10.12") found components: Interpreter 
[15.422s] -- Found ackermann_msgs: 2.0.2 (/opt/ros/humble/share/ackermann_msgs/cmake)
[15.422s] -- Found rosidl_generator_c: 3.1.6 (/opt/ros/humble/share/rosidl_generator_c/cmake)
[15.422s] -- Found rosidl_adapter: 3.1.6 (/opt/ros/humble/share/rosidl_adapter/cmake)
[15.422s] -- Found rosidl_generator_cpp: 3.1.6 (/opt/ros/humble/share/rosidl_generator_cpp/cmake)
[15.422s] -- Using all available rosidl_typesupport_c: rosidl_typesupport_fastrtps_c;rosidl_typesupport_introspection_c
[15.422s] -- Using all available rosidl_typesupport_cpp: rosidl_typesupport_fastrtps_cpp;rosidl_typesupport_introspection_cpp
[15.422s] -- Found controller_interface: 2.48.0 (/home/gcerioni/ws_ur16/install/controller_interface/share/controller_interface/cmake)
[15.422s] -- Found rmw_implementation_cmake: 6.1.2 (/opt/ros/humble/share/rmw_implementation_cmake/cmake)
[15.423s] -- Found rmw_fastrtps_cpp: 6.2.7 (/opt/ros/humble/share/rmw_fastrtps_cpp/cmake)
[15.423s] -- Found TinyXML2 via Config file: TinyXML2_DIR-NOTFOUND
[15.423s] -- Found OpenSSL: /usr/lib/x86_64-linux-gnu/libcrypto.so (found version "3.0.2")  
[15.423s] -- Found TinyXML2 via Config file: TinyXML2_DIR-NOTFOUND
[15.423s] -- Found FastRTPS: /opt/ros/humble/include  
[15.423s] -- Found TinyXML2 via Config file: TinyXML2_DIR-NOTFOUND
[15.423s] -- Found TinyXML2 via Config file: TinyXML2_DIR-NOTFOUND
[15.423s] -- Using RMW implementation 'rmw_fastrtps_cpp' as default
[15.423s] -- Looking for C++ include pthread.h
[15.423s] -- Looking for C++ include pthread.h - found
[15.423s] -- Performing Test CMAKE_HAVE_LIBC_PTHREAD
[15.424s] -- Performing Test CMAKE_HAVE_LIBC_PTHREAD - Success
[15.424s] -- Found Threads: TRUE  
[15.424s] -- Found nav_msgs: 4.2.4 (/opt/ros/humble/share/nav_msgs/cmake)
[15.425s] -- Found realtime_tools: 2.12.0 (/home/gcerioni/ws_ur16/install/realtime_tools/share/realtime_tools/cmake)
[15.425s] -- Found std_srvs: 4.2.4 (/opt/ros/humble/share/std_srvs/cmake)
[15.425s] -- Found tf2: 0.25.11 (/opt/ros/humble/share/tf2/cmake)
[15.425s] -- Found tf2_msgs: 0.25.11 (/opt/ros/humble/share/tf2_msgs/cmake)
[15.425s] -- Found ament_cmake_gmock: 1.3.11 (/opt/ros/humble/share/ament_cmake_gmock/cmake)
[15.425s] -- Found controller_manager: 2.48.0 (/home/gcerioni/ws_ur16/install/controller_manager/share/controller_manager/cmake)
[15.425s] -- Found ros2_control_test_assets: 2.48.0 (/home/gcerioni/ws_ur16/install/ros2_control_test_assets/share/ros2_control_test_assets/cmake)
[15.425s] -- Found gmock sources under '/opt/ros/humble/src/gmock_vendor': C++ tests using 'Google Mock' will be built
[15.425s] -- The C compiler identification is GNU 11.4.0
[15.425s] -- Detecting C compiler ABI info
[15.425s] -- Detecting C compiler ABI info - done
[15.426s] -- Check for working C compiler: /usr/bin/cc - skipped
[15.426s] -- Detecting C compile features
[15.426s] -- Detecting C compile features - done
[15.426s] -- Found ament_cmake_gtest: 1.3.11 (/opt/ros/humble/share/ament_cmake_gtest/cmake)
[15.426s] -- Found gtest sources under '/opt/ros/humble/src/gtest_vendor': C++ tests using 'Google Test' will be built
[15.426s] -- Configuring done
[15.426s] -- Generating done
[15.426s] -- Build files have been written to: /home/gcerioni/ws_ur16/build/tricycle_controller
[15.434s] Invoked command in '/home/gcerioni/ws_ur16/build/tricycle_controller' returned '0': AMENT_PREFIX_PATH=/home/gcerioni/ws_ur16/install/controller_manager:/home/gcerioni/ws_ur16/install/hardware_interface_testing:/home/gcerioni/ws_ur16/install/controller_interface:/home/gcerioni/ws_ur16/install/hardware_interface:/home/gcerioni/ws_ur16/install/ros2_control_test_assets:/home/gcerioni/ws_ur16/install/realtime_tools:/home/gcerioni/ws_ur16/install/controller_manager_msgs:/home/gcerioni/ws_ur16/install/control_msgs:${AMENT_PREFIX_PATH} CMAKE_PREFIX_PATH=/home/gcerioni/ws_ur16/install/controller_manager:/home/gcerioni/ws_ur16/install/hardware_interface_testing:/home/gcerioni/ws_ur16/install/controller_interface:/home/gcerioni/ws_ur16/install/hardware_interface:/home/gcerioni/ws_ur16/install/ros2_control_test_assets:/home/gcerioni/ws_ur16/install/realtime_tools:/home/gcerioni/ws_ur16/install/controller_manager_msgs:/home/gcerioni/ws_ur16/install/control_msgs:/opt/ros/humble LD_LIBRARY_PATH=/home/gcerioni/ws_ur16/install/controller_manager/lib:/home/gcerioni/ws_ur16/install/hardware_interface_testing/lib:/home/gcerioni/ws_ur16/install/controller_interface/lib:/home/gcerioni/ws_ur16/install/hardware_interface/lib:/home/gcerioni/ws_ur16/install/realtime_tools/lib:/home/gcerioni/ws_ur16/install/controller_manager_msgs/lib:/home/gcerioni/ws_ur16/install/control_msgs/lib:${LD_LIBRARY_PATH} PYTHONPATH=/home/gcerioni/ws_ur16/install/controller_manager/local/lib/python3.10/dist-packages:/home/gcerioni/ws_ur16/install/controller_manager_msgs/local/lib/python3.10/dist-packages:/home/gcerioni/ws_ur16/install/control_msgs/local/lib/python3.10/dist-packages:${PYTHONPATH} /usr/bin/cmake /home/gcerioni/ws_ur16/src/ros2_controllers/tricycle_controller -DCMAKE_BUILD_TYPE=Release -DCMAKE_INSTALL_PREFIX=/home/gcerioni/ws_ur16/install/tricycle_controller
[15.435s] Invoking command in '/home/gcerioni/ws_ur16/build/tricycle_controller': AMENT_PREFIX_PATH=/home/gcerioni/ws_ur16/install/controller_manager:/home/gcerioni/ws_ur16/install/hardware_interface_testing:/home/gcerioni/ws_ur16/install/controller_interface:/home/gcerioni/ws_ur16/install/hardware_interface:/home/gcerioni/ws_ur16/install/ros2_control_test_assets:/home/gcerioni/ws_ur16/install/realtime_tools:/home/gcerioni/ws_ur16/install/controller_manager_msgs:/home/gcerioni/ws_ur16/install/control_msgs:${AMENT_PREFIX_PATH} CMAKE_PREFIX_PATH=/home/gcerioni/ws_ur16/install/controller_manager:/home/gcerioni/ws_ur16/install/hardware_interface_testing:/home/gcerioni/ws_ur16/install/controller_interface:/home/gcerioni/ws_ur16/install/hardware_interface:/home/gcerioni/ws_ur16/install/ros2_control_test_assets:/home/gcerioni/ws_ur16/install/realtime_tools:/home/gcerioni/ws_ur16/install/controller_manager_msgs:/home/gcerioni/ws_ur16/install/control_msgs:/opt/ros/humble LD_LIBRARY_PATH=/home/gcerioni/ws_ur16/install/controller_manager/lib:/home/gcerioni/ws_ur16/install/hardware_interface_testing/lib:/home/gcerioni/ws_ur16/install/controller_interface/lib:/home/gcerioni/ws_ur16/install/hardware_interface/lib:/home/gcerioni/ws_ur16/install/realtime_tools/lib:/home/gcerioni/ws_ur16/install/controller_manager_msgs/lib:/home/gcerioni/ws_ur16/install/control_msgs/lib:${LD_LIBRARY_PATH} PYTHONPATH=/home/gcerioni/ws_ur16/install/controller_manager/local/lib/python3.10/dist-packages:/home/gcerioni/ws_ur16/install/controller_manager_msgs/local/lib/python3.10/dist-packages:/home/gcerioni/ws_ur16/install/control_msgs/local/lib/python3.10/dist-packages:${PYTHONPATH} /usr/bin/cmake --build /home/gcerioni/ws_ur16/build/tricycle_controller -- -j8 -l8
[15.520s] [  6%] [32mBuilding CXX object CMakeFiles/tricycle_controller.dir/src/tricycle_controller.cpp.o[0m
[43.924s] [ 12%] [32mBuilding CXX object CMakeFiles/tricycle_controller.dir/src/steering_limiter.cpp.o[0m
[45.362s] [ 18%] [32mBuilding CXX object CMakeFiles/tricycle_controller.dir/src/traction_limiter.cpp.o[0m
[46.359s] [ 25%] [32mBuilding CXX object CMakeFiles/tricycle_controller.dir/src/odometry.cpp.o[0m
[48.204s] [ 31%] [32m[1mLinking CXX shared library libtricycle_controller.so[0m
[48.802s] [ 31%] Built target tricycle_controller
[48.872s] [ 37%] [32mBuilding CXX object gmock/CMakeFiles/gmock.dir/opt/ros/humble/src/gtest_vendor/src/gtest-all.cc.o[0m
[61.285s] [ 43%] [32mBuilding CXX object gmock/CMakeFiles/gmock.dir/src/gmock-all.cc.o[0m
[65.988s] [ 50%] [32m[1mLinking CXX static library libgmock.a[0m
[66.058s] [ 50%] Built target gmock
[66.078s] [ 56%] [32mBuilding CXX object gmock/CMakeFiles/gmock_main.dir/src/gmock_main.cc.o[0m
[67.359s] [ 62%] [32m[1mLinking CXX static library libgmock_main.a[0m
[67.420s] [ 62%] Built target gmock_main
[67.444s] [ 68%] [32mBuilding CXX object CMakeFiles/test_tricycle_controller.dir/test/test_tricycle_controller.cpp.o[0m
[76.904s] [ 75%] [32m[1mLinking CXX executable test_tricycle_controller[0m
[77.246s] [ 75%] Built target test_tricycle_controller
[77.270s] [ 81%] [32mBuilding CXX object CMakeFiles/test_traction_limiter.dir/test/test_traction_limiter.cpp.o[0m
[80.224s] [ 87%] [32m[1mLinking CXX executable test_traction_limiter[0m
[80.538s] [ 87%] Built target test_traction_limiter
[80.563s] [ 93%] [32mBuilding CXX object CMakeFiles/test_load_tricycle_controller.dir/test/test_load_tricycle_controller.cpp.o[0m
[86.323s] [100%] [32m[1mLinking CXX executable test_load_tricycle_controller[0m
[86.740s] [100%] Built target test_load_tricycle_controller
[86.758s] Invoked command in '/home/gcerioni/ws_ur16/build/tricycle_controller' returned '0': AMENT_PREFIX_PATH=/home/gcerioni/ws_ur16/install/controller_manager:/home/gcerioni/ws_ur16/install/hardware_interface_testing:/home/gcerioni/ws_ur16/install/controller_interface:/home/gcerioni/ws_ur16/install/hardware_interface:/home/gcerioni/ws_ur16/install/ros2_control_test_assets:/home/gcerioni/ws_ur16/install/realtime_tools:/home/gcerioni/ws_ur16/install/controller_manager_msgs:/home/gcerioni/ws_ur16/install/control_msgs:${AMENT_PREFIX_PATH} CMAKE_PREFIX_PATH=/home/gcerioni/ws_ur16/install/controller_manager:/home/gcerioni/ws_ur16/install/hardware_interface_testing:/home/gcerioni/ws_ur16/install/controller_interface:/home/gcerioni/ws_ur16/install/hardware_interface:/home/gcerioni/ws_ur16/install/ros2_control_test_assets:/home/gcerioni/ws_ur16/install/realtime_tools:/home/gcerioni/ws_ur16/install/controller_manager_msgs:/home/gcerioni/ws_ur16/install/control_msgs:/opt/ros/humble LD_LIBRARY_PATH=/home/gcerioni/ws_ur16/install/controller_manager/lib:/home/gcerioni/ws_ur16/install/hardware_interface_testing/lib:/home/gcerioni/ws_ur16/install/controller_interface/lib:/home/gcerioni/ws_ur16/install/hardware_interface/lib:/home/gcerioni/ws_ur16/install/realtime_tools/lib:/home/gcerioni/ws_ur16/install/controller_manager_msgs/lib:/home/gcerioni/ws_ur16/install/control_msgs/lib:${LD_LIBRARY_PATH} PYTHONPATH=/home/gcerioni/ws_ur16/install/controller_manager/local/lib/python3.10/dist-packages:/home/gcerioni/ws_ur16/install/controller_manager_msgs/local/lib/python3.10/dist-packages:/home/gcerioni/ws_ur16/install/control_msgs/local/lib/python3.10/dist-packages:${PYTHONPATH} /usr/bin/cmake --build /home/gcerioni/ws_ur16/build/tricycle_controller -- -j8 -l8
[86.770s] Invoking command in '/home/gcerioni/ws_ur16/build/tricycle_controller': AMENT_PREFIX_PATH=/home/gcerioni/ws_ur16/install/controller_manager:/home/gcerioni/ws_ur16/install/hardware_interface_testing:/home/gcerioni/ws_ur16/install/controller_interface:/home/gcerioni/ws_ur16/install/hardware_interface:/home/gcerioni/ws_ur16/install/ros2_control_test_assets:/home/gcerioni/ws_ur16/install/realtime_tools:/home/gcerioni/ws_ur16/install/controller_manager_msgs:/home/gcerioni/ws_ur16/install/control_msgs:${AMENT_PREFIX_PATH} CMAKE_PREFIX_PATH=/home/gcerioni/ws_ur16/install/controller_manager:/home/gcerioni/ws_ur16/install/hardware_interface_testing:/home/gcerioni/ws_ur16/install/controller_interface:/home/gcerioni/ws_ur16/install/hardware_interface:/home/gcerioni/ws_ur16/install/ros2_control_test_assets:/home/gcerioni/ws_ur16/install/realtime_tools:/home/gcerioni/ws_ur16/install/controller_manager_msgs:/home/gcerioni/ws_ur16/install/control_msgs:/opt/ros/humble LD_LIBRARY_PATH=/home/gcerioni/ws_ur16/install/controller_manager/lib:/home/gcerioni/ws_ur16/install/hardware_interface_testing/lib:/home/gcerioni/ws_ur16/install/controller_interface/lib:/home/gcerioni/ws_ur16/install/hardware_interface/lib:/home/gcerioni/ws_ur16/install/realtime_tools/lib:/home/gcerioni/ws_ur16/install/controller_manager_msgs/lib:/home/gcerioni/ws_ur16/install/control_msgs/lib:${LD_LIBRARY_PATH} PYTHONPATH=/home/gcerioni/ws_ur16/install/controller_manager/local/lib/python3.10/dist-packages:/home/gcerioni/ws_ur16/install/controller_manager_msgs/local/lib/python3.10/dist-packages:/home/gcerioni/ws_ur16/install/control_msgs/local/lib/python3.10/dist-packages:${PYTHONPATH} /usr/bin/cmake --install /home/gcerioni/ws_ur16/build/tricycle_controller
[86.778s] -- Install configuration: "Release"
[86.779s] -- Installing: /home/gcerioni/ws_ur16/install/tricycle_controller/share/tricycle_controller/tricycle_controller.xml
[86.780s] -- Installing: /home/gcerioni/ws_ur16/install/tricycle_controller/include/tricycle_controller
[86.780s] -- Installing: /home/gcerioni/ws_ur16/install/tricycle_controller/include/tricycle_controller/tricycle_controller
[86.781s] -- Installing: /home/gcerioni/ws_ur16/install/tricycle_controller/include/tricycle_controller/tricycle_controller/odometry.hpp
[86.781s] -- Installing: /home/gcerioni/ws_ur16/install/tricycle_controller/include/tricycle_controller/tricycle_controller/visibility_control.h
[86.782s] -- Installing: /home/gcerioni/ws_ur16/install/tricycle_controller/include/tricycle_controller/tricycle_controller/traction_limiter.hpp
[86.782s] -- Installing: /home/gcerioni/ws_ur16/install/tricycle_controller/include/tricycle_controller/tricycle_controller/steering_limiter.hpp
[86.783s] -- Installing: /home/gcerioni/ws_ur16/install/tricycle_controller/include/tricycle_controller/tricycle_controller/tricycle_controller.hpp
[86.783s] -- Installing: /home/gcerioni/ws_ur16/install/tricycle_controller/lib/libtricycle_controller.so
[86.783s] -- Set runtime path of "/home/gcerioni/ws_ur16/install/tricycle_controller/lib/libtricycle_controller.so" to ""
[86.783s] -- Installing: /home/gcerioni/ws_ur16/install/tricycle_controller/share/tricycle_controller/environment/library_path.sh
[86.783s] -- Installing: /home/gcerioni/ws_ur16/install/tricycle_controller/share/tricycle_controller/environment/library_path.dsv
[86.783s] -- Installing: /home/gcerioni/ws_ur16/install/tricycle_controller/share/ament_index/resource_index/package_run_dependencies/tricycle_controller
[86.783s] -- Installing: /home/gcerioni/ws_ur16/install/tricycle_controller/share/ament_index/resource_index/parent_prefix_path/tricycle_controller
[86.784s] -- Installing: /home/gcerioni/ws_ur16/install/tricycle_controller/share/tricycle_controller/environment/ament_prefix_path.sh
[86.784s] -- Installing: /home/gcerioni/ws_ur16/install/tricycle_controller/share/tricycle_controller/environment/ament_prefix_path.dsv
[86.784s] -- Installing: /home/gcerioni/ws_ur16/install/tricycle_controller/share/tricycle_controller/environment/path.sh
[86.784s] -- Installing: /home/gcerioni/ws_ur16/install/tricycle_controller/share/tricycle_controller/environment/path.dsv
[86.784s] -- Installing: /home/gcerioni/ws_ur16/install/tricycle_controller/share/tricycle_controller/local_setup.bash
[86.784s] -- Installing: /home/gcerioni/ws_ur16/install/tricycle_controller/share/tricycle_controller/local_setup.sh
[86.784s] -- Installing: /home/gcerioni/ws_ur16/install/tricycle_controller/share/tricycle_controller/local_setup.zsh
[86.784s] -- Installing: /home/gcerioni/ws_ur16/install/tricycle_controller/share/tricycle_controller/local_setup.dsv
[86.784s] -- Installing: /home/gcerioni/ws_ur16/install/tricycle_controller/share/tricycle_controller/package.dsv
[86.785s] -- Installing: /home/gcerioni/ws_ur16/install/tricycle_controller/share/ament_index/resource_index/packages/tricycle_controller
[86.785s] -- Installing: /home/gcerioni/ws_ur16/install/tricycle_controller/share/ament_index/resource_index/controller_interface__pluginlib__plugin/tricycle_controller
[86.785s] -- Installing: /home/gcerioni/ws_ur16/install/tricycle_controller/share/tricycle_controller/cmake/export_tricycle_controllerExport.cmake
[86.785s] -- Installing: /home/gcerioni/ws_ur16/install/tricycle_controller/share/tricycle_controller/cmake/export_tricycle_controllerExport-release.cmake
[86.785s] -- Installing: /home/gcerioni/ws_ur16/install/tricycle_controller/share/tricycle_controller/cmake/ament_cmake_export_targets-extras.cmake
[86.785s] -- Installing: /home/gcerioni/ws_ur16/install/tricycle_controller/share/tricycle_controller/cmake/ament_cmake_export_dependencies-extras.cmake
[86.785s] -- Installing: /home/gcerioni/ws_ur16/install/tricycle_controller/share/tricycle_controller/cmake/tricycle_controllerConfig.cmake
[86.786s] -- Installing: /home/gcerioni/ws_ur16/install/tricycle_controller/share/tricycle_controller/cmake/tricycle_controllerConfig-version.cmake
[86.786s] -- Installing: /home/gcerioni/ws_ur16/install/tricycle_controller/share/tricycle_controller/package.xml
[86.788s] Invoked command in '/home/gcerioni/ws_ur16/build/tricycle_controller' returned '0': AMENT_PREFIX_PATH=/home/gcerioni/ws_ur16/install/controller_manager:/home/gcerioni/ws_ur16/install/hardware_interface_testing:/home/gcerioni/ws_ur16/install/controller_interface:/home/gcerioni/ws_ur16/install/hardware_interface:/home/gcerioni/ws_ur16/install/ros2_control_test_assets:/home/gcerioni/ws_ur16/install/realtime_tools:/home/gcerioni/ws_ur16/install/controller_manager_msgs:/home/gcerioni/ws_ur16/install/control_msgs:${AMENT_PREFIX_PATH} CMAKE_PREFIX_PATH=/home/gcerioni/ws_ur16/install/controller_manager:/home/gcerioni/ws_ur16/install/hardware_interface_testing:/home/gcerioni/ws_ur16/install/controller_interface:/home/gcerioni/ws_ur16/install/hardware_interface:/home/gcerioni/ws_ur16/install/ros2_control_test_assets:/home/gcerioni/ws_ur16/install/realtime_tools:/home/gcerioni/ws_ur16/install/controller_manager_msgs:/home/gcerioni/ws_ur16/install/control_msgs:/opt/ros/humble LD_LIBRARY_PATH=/home/gcerioni/ws_ur16/install/controller_manager/lib:/home/gcerioni/ws_ur16/install/hardware_interface_testing/lib:/home/gcerioni/ws_ur16/install/controller_interface/lib:/home/gcerioni/ws_ur16/install/hardware_interface/lib:/home/gcerioni/ws_ur16/install/realtime_tools/lib:/home/gcerioni/ws_ur16/install/controller_manager_msgs/lib:/home/gcerioni/ws_ur16/install/control_msgs/lib:${LD_LIBRARY_PATH} PYTHONPATH=/home/gcerioni/ws_ur16/install/controller_manager/local/lib/python3.10/dist-packages:/home/gcerioni/ws_ur16/install/controller_manager_msgs/local/lib/python3.10/dist-packages:/home/gcerioni/ws_ur16/install/control_msgs/local/lib/python3.10/dist-packages:${PYTHONPATH} /usr/bin/cmake --install /home/gcerioni/ws_ur16/build/tricycle_controller
