[0.044s] Invoking command in '/home/gcerioni/ws_ur16/build/velocity_controllers': AMENT_PREFIX_PATH=/home/gcerioni/ws_ur16/install/forward_command_controller:/home/gcerioni/ws_ur16/install/controller_manager:/home/gcerioni/ws_ur16/install/hardware_interface_testing:/home/gcerioni/ws_ur16/install/controller_interface:/home/gcerioni/ws_ur16/install/hardware_interface:/home/gcerioni/ws_ur16/install/ros2_control_test_assets:/home/gcerioni/ws_ur16/install/realtime_tools:/home/gcerioni/ws_ur16/install/controller_manager_msgs:/home/gcerioni/ws_ur16/install/control_msgs:${AMENT_PREFIX_PATH} CMAKE_PREFIX_PATH=/home/gcerioni/ws_ur16/install/forward_command_controller:/home/gcerioni/ws_ur16/install/controller_manager:/home/gcerioni/ws_ur16/install/hardware_interface_testing:/home/gcerioni/ws_ur16/install/controller_interface:/home/gcerioni/ws_ur16/install/hardware_interface:/home/gcerioni/ws_ur16/install/ros2_control_test_assets:/home/gcerioni/ws_ur16/install/realtime_tools:/home/gcerioni/ws_ur16/install/controller_manager_msgs:/home/gcerioni/ws_ur16/install/control_msgs:/opt/ros/humble LD_LIBRARY_PATH=/home/gcerioni/ws_ur16/install/forward_command_controller/lib:/home/gcerioni/ws_ur16/install/controller_manager/lib:/home/gcerioni/ws_ur16/install/hardware_interface_testing/lib:/home/gcerioni/ws_ur16/install/controller_interface/lib:/home/gcerioni/ws_ur16/install/hardware_interface/lib:/home/gcerioni/ws_ur16/install/realtime_tools/lib:/home/gcerioni/ws_ur16/install/controller_manager_msgs/lib:/home/gcerioni/ws_ur16/install/control_msgs/lib:${LD_LIBRARY_PATH} PYTHONPATH=/home/gcerioni/ws_ur16/install/controller_manager/local/lib/python3.10/dist-packages:/home/gcerioni/ws_ur16/install/controller_manager_msgs/local/lib/python3.10/dist-packages:/home/gcerioni/ws_ur16/install/control_msgs/local/lib/python3.10/dist-packages:${PYTHONPATH} /usr/bin/cmake /home/gcerioni/ws_ur16/src/ros2_controllers/velocity_controllers -DCMAKE_BUILD_TYPE=Release -DCMAKE_INSTALL_PREFIX=/home/gcerioni/ws_ur16/install/velocity_controllers
[21.781s] -- The CXX compiler identification is GNU 11.4.0
[21.782s] -- Detecting CXX compiler ABI info
[21.783s] -- Detecting CXX compiler ABI info - done
[21.784s] -- Check for working CXX compiler: /usr/bin/c++ - skipped
[21.784s] -- Detecting CXX compile features
[21.784s] -- Detecting CXX compile features - done
[21.784s] -- Found ament_cmake: 1.3.11 (/opt/ros/humble/share/ament_cmake/cmake)
[21.784s] -- Found Python3: /usr/bin/python3 (found version "3.10.12") found components: Interpreter 
[21.784s] -- Found forward_command_controller: 2.43.0 (/home/gcerioni/ws_ur16/install/forward_command_controller/share/forward_command_controller/cmake)
[21.784s] -- Found rosidl_generator_c: 3.1.6 (/opt/ros/humble/share/rosidl_generator_c/cmake)
[21.784s] -- Found rosidl_adapter: 3.1.6 (/opt/ros/humble/share/rosidl_adapter/cmake)
[21.784s] -- Found rosidl_generator_cpp: 3.1.6 (/opt/ros/humble/share/rosidl_generator_cpp/cmake)
[21.784s] -- Using all available rosidl_typesupport_c: rosidl_typesupport_fastrtps_c;rosidl_typesupport_introspection_c
[21.784s] -- Using all available rosidl_typesupport_cpp: rosidl_typesupport_fastrtps_cpp;rosidl_typesupport_introspection_cpp
[21.784s] -- Found rmw_implementation_cmake: 6.1.2 (/opt/ros/humble/share/rmw_implementation_cmake/cmake)
[21.785s] -- Found rmw_fastrtps_cpp: 6.2.7 (/opt/ros/humble/share/rmw_fastrtps_cpp/cmake)
[21.785s] -- Found OpenSSL: /usr/lib/x86_64-linux-gnu/libcrypto.so (found version "3.0.2")  
[21.785s] -- Found FastRTPS: /opt/ros/humble/include  
[21.785s] -- Using RMW implementation 'rmw_fastrtps_cpp' as default
[21.785s] -- Looking for C++ include pthread.h
[21.785s] -- Looking for C++ include pthread.h - found
[21.785s] -- Performing Test CMAKE_HAVE_LIBC_PTHREAD
[21.785s] -- Performing Test CMAKE_HAVE_LIBC_PTHREAD - Success
[21.785s] -- Found Threads: TRUE  
[21.785s] -- Found ament_cmake_gmock: 1.3.11 (/opt/ros/humble/share/ament_cmake_gmock/cmake)
[21.785s] -- Found controller_manager: 2.48.0 (/home/gcerioni/ws_ur16/install/controller_manager/share/controller_manager/cmake)
[21.785s] -- Found ros2_control_test_assets: 2.48.0 (/home/gcerioni/ws_ur16/install/ros2_control_test_assets/share/ros2_control_test_assets/cmake)
[21.785s] -- Found gmock sources under '/opt/ros/humble/src/gmock_vendor': C++ tests using 'Google Mock' will be built
[21.786s] -- The C compiler identification is GNU 11.4.0
[21.786s] -- Detecting C compiler ABI info
[21.786s] -- Detecting C compiler ABI info - done
[21.786s] -- Check for working C compiler: /usr/bin/cc - skipped
[21.786s] -- Detecting C compile features
[21.786s] -- Detecting C compile features - done
[21.786s] -- Found ament_cmake_gtest: 1.3.11 (/opt/ros/humble/share/ament_cmake_gtest/cmake)
[21.786s] -- Found gtest sources under '/opt/ros/humble/src/gtest_vendor': C++ tests using 'Google Test' will be built
[21.786s] -- Configuring done
[21.786s] -- Generating done
[21.786s] -- Build files have been written to: /home/gcerioni/ws_ur16/build/velocity_controllers
[21.797s] Invoked command in '/home/gcerioni/ws_ur16/build/velocity_controllers' returned '0': AMENT_PREFIX_PATH=/home/gcerioni/ws_ur16/install/forward_command_controller:/home/gcerioni/ws_ur16/install/controller_manager:/home/gcerioni/ws_ur16/install/hardware_interface_testing:/home/gcerioni/ws_ur16/install/controller_interface:/home/gcerioni/ws_ur16/install/hardware_interface:/home/gcerioni/ws_ur16/install/ros2_control_test_assets:/home/gcerioni/ws_ur16/install/realtime_tools:/home/gcerioni/ws_ur16/install/controller_manager_msgs:/home/gcerioni/ws_ur16/install/control_msgs:${AMENT_PREFIX_PATH} CMAKE_PREFIX_PATH=/home/gcerioni/ws_ur16/install/forward_command_controller:/home/gcerioni/ws_ur16/install/controller_manager:/home/gcerioni/ws_ur16/install/hardware_interface_testing:/home/gcerioni/ws_ur16/install/controller_interface:/home/gcerioni/ws_ur16/install/hardware_interface:/home/gcerioni/ws_ur16/install/ros2_control_test_assets:/home/gcerioni/ws_ur16/install/realtime_tools:/home/gcerioni/ws_ur16/install/controller_manager_msgs:/home/gcerioni/ws_ur16/install/control_msgs:/opt/ros/humble LD_LIBRARY_PATH=/home/gcerioni/ws_ur16/install/forward_command_controller/lib:/home/gcerioni/ws_ur16/install/controller_manager/lib:/home/gcerioni/ws_ur16/install/hardware_interface_testing/lib:/home/gcerioni/ws_ur16/install/controller_interface/lib:/home/gcerioni/ws_ur16/install/hardware_interface/lib:/home/gcerioni/ws_ur16/install/realtime_tools/lib:/home/gcerioni/ws_ur16/install/controller_manager_msgs/lib:/home/gcerioni/ws_ur16/install/control_msgs/lib:${LD_LIBRARY_PATH} PYTHONPATH=/home/gcerioni/ws_ur16/install/controller_manager/local/lib/python3.10/dist-packages:/home/gcerioni/ws_ur16/install/controller_manager_msgs/local/lib/python3.10/dist-packages:/home/gcerioni/ws_ur16/install/control_msgs/local/lib/python3.10/dist-packages:${PYTHONPATH} /usr/bin/cmake /home/gcerioni/ws_ur16/src/ros2_controllers/velocity_controllers -DCMAKE_BUILD_TYPE=Release -DCMAKE_INSTALL_PREFIX=/home/gcerioni/ws_ur16/install/velocity_controllers
[21.798s] Invoking command in '/home/gcerioni/ws_ur16/build/velocity_controllers': AMENT_PREFIX_PATH=/home/gcerioni/ws_ur16/install/forward_command_controller:/home/gcerioni/ws_ur16/install/controller_manager:/home/gcerioni/ws_ur16/install/hardware_interface_testing:/home/gcerioni/ws_ur16/install/controller_interface:/home/gcerioni/ws_ur16/install/hardware_interface:/home/gcerioni/ws_ur16/install/ros2_control_test_assets:/home/gcerioni/ws_ur16/install/realtime_tools:/home/gcerioni/ws_ur16/install/controller_manager_msgs:/home/gcerioni/ws_ur16/install/control_msgs:${AMENT_PREFIX_PATH} CMAKE_PREFIX_PATH=/home/gcerioni/ws_ur16/install/forward_command_controller:/home/gcerioni/ws_ur16/install/controller_manager:/home/gcerioni/ws_ur16/install/hardware_interface_testing:/home/gcerioni/ws_ur16/install/controller_interface:/home/gcerioni/ws_ur16/install/hardware_interface:/home/gcerioni/ws_ur16/install/ros2_control_test_assets:/home/gcerioni/ws_ur16/install/realtime_tools:/home/gcerioni/ws_ur16/install/controller_manager_msgs:/home/gcerioni/ws_ur16/install/control_msgs:/opt/ros/humble LD_LIBRARY_PATH=/home/gcerioni/ws_ur16/install/forward_command_controller/lib:/home/gcerioni/ws_ur16/install/controller_manager/lib:/home/gcerioni/ws_ur16/install/hardware_interface_testing/lib:/home/gcerioni/ws_ur16/install/controller_interface/lib:/home/gcerioni/ws_ur16/install/hardware_interface/lib:/home/gcerioni/ws_ur16/install/realtime_tools/lib:/home/gcerioni/ws_ur16/install/controller_manager_msgs/lib:/home/gcerioni/ws_ur16/install/control_msgs/lib:${LD_LIBRARY_PATH} PYTHONPATH=/home/gcerioni/ws_ur16/install/controller_manager/local/lib/python3.10/dist-packages:/home/gcerioni/ws_ur16/install/controller_manager_msgs/local/lib/python3.10/dist-packages:/home/gcerioni/ws_ur16/install/control_msgs/local/lib/python3.10/dist-packages:${PYTHONPATH} /usr/bin/cmake --build /home/gcerioni/ws_ur16/build/velocity_controllers -- -j8 -l8
[29.551s] [  9%] [32mBuilding CXX object CMakeFiles/velocity_controllers.dir/src/joint_group_velocity_controller.cpp.o[0m
[29.551s] [ 18%] [32m[1mLinking CXX shared library libvelocity_controllers.so[0m
[29.551s] [ 18%] Built target velocity_controllers
[29.551s] [ 27%] [32mBuilding CXX object gmock/CMakeFiles/gmock.dir/opt/ros/humble/src/gtest_vendor/src/gtest-all.cc.o[0m
[38.474s] [ 36%] [32mBuilding CXX object gmock/CMakeFiles/gmock.dir/src/gmock-all.cc.o[0m
[42.836s] [ 45%] [32m[1mLinking CXX static library libgmock.a[0m
[42.906s] [ 45%] Built target gmock
[42.927s] [ 54%] [32mBuilding CXX object gmock/CMakeFiles/gmock_main.dir/src/gmock_main.cc.o[0m
[44.450s] [ 63%] [32m[1mLinking CXX static library libgmock_main.a[0m
[44.536s] [ 63%] Built target gmock_main
[44.567s] [ 81%] [32mBuilding CXX object CMakeFiles/test_load_joint_group_velocity_controller.dir/test/test_load_joint_group_velocity_controller.cpp.o[0m
[44.567s] [ 81%] [32mBuilding CXX object CMakeFiles/test_joint_group_velocity_controller.dir/test/test_joint_group_velocity_controller.cpp.o[0m
[56.926s] [ 90%] [32m[1mLinking CXX executable test_load_joint_group_velocity_controller[0m
[57.513s] [ 90%] Built target test_load_joint_group_velocity_controller
[60.257s] [100%] [32m[1mLinking CXX executable test_joint_group_velocity_controller[0m
[60.609s] [100%] Built target test_joint_group_velocity_controller
[60.633s] Invoked command in '/home/gcerioni/ws_ur16/build/velocity_controllers' returned '0': AMENT_PREFIX_PATH=/home/gcerioni/ws_ur16/install/forward_command_controller:/home/gcerioni/ws_ur16/install/controller_manager:/home/gcerioni/ws_ur16/install/hardware_interface_testing:/home/gcerioni/ws_ur16/install/controller_interface:/home/gcerioni/ws_ur16/install/hardware_interface:/home/gcerioni/ws_ur16/install/ros2_control_test_assets:/home/gcerioni/ws_ur16/install/realtime_tools:/home/gcerioni/ws_ur16/install/controller_manager_msgs:/home/gcerioni/ws_ur16/install/control_msgs:${AMENT_PREFIX_PATH} CMAKE_PREFIX_PATH=/home/gcerioni/ws_ur16/install/forward_command_controller:/home/gcerioni/ws_ur16/install/controller_manager:/home/gcerioni/ws_ur16/install/hardware_interface_testing:/home/gcerioni/ws_ur16/install/controller_interface:/home/gcerioni/ws_ur16/install/hardware_interface:/home/gcerioni/ws_ur16/install/ros2_control_test_assets:/home/gcerioni/ws_ur16/install/realtime_tools:/home/gcerioni/ws_ur16/install/controller_manager_msgs:/home/gcerioni/ws_ur16/install/control_msgs:/opt/ros/humble LD_LIBRARY_PATH=/home/gcerioni/ws_ur16/install/forward_command_controller/lib:/home/gcerioni/ws_ur16/install/controller_manager/lib:/home/gcerioni/ws_ur16/install/hardware_interface_testing/lib:/home/gcerioni/ws_ur16/install/controller_interface/lib:/home/gcerioni/ws_ur16/install/hardware_interface/lib:/home/gcerioni/ws_ur16/install/realtime_tools/lib:/home/gcerioni/ws_ur16/install/controller_manager_msgs/lib:/home/gcerioni/ws_ur16/install/control_msgs/lib:${LD_LIBRARY_PATH} PYTHONPATH=/home/gcerioni/ws_ur16/install/controller_manager/local/lib/python3.10/dist-packages:/home/gcerioni/ws_ur16/install/controller_manager_msgs/local/lib/python3.10/dist-packages:/home/gcerioni/ws_ur16/install/control_msgs/local/lib/python3.10/dist-packages:${PYTHONPATH} /usr/bin/cmake --build /home/gcerioni/ws_ur16/build/velocity_controllers -- -j8 -l8
[60.634s] Invoking command in '/home/gcerioni/ws_ur16/build/velocity_controllers': AMENT_PREFIX_PATH=/home/gcerioni/ws_ur16/install/forward_command_controller:/home/gcerioni/ws_ur16/install/controller_manager:/home/gcerioni/ws_ur16/install/hardware_interface_testing:/home/gcerioni/ws_ur16/install/controller_interface:/home/gcerioni/ws_ur16/install/hardware_interface:/home/gcerioni/ws_ur16/install/ros2_control_test_assets:/home/gcerioni/ws_ur16/install/realtime_tools:/home/gcerioni/ws_ur16/install/controller_manager_msgs:/home/gcerioni/ws_ur16/install/control_msgs:${AMENT_PREFIX_PATH} CMAKE_PREFIX_PATH=/home/gcerioni/ws_ur16/install/forward_command_controller:/home/gcerioni/ws_ur16/install/controller_manager:/home/gcerioni/ws_ur16/install/hardware_interface_testing:/home/gcerioni/ws_ur16/install/controller_interface:/home/gcerioni/ws_ur16/install/hardware_interface:/home/gcerioni/ws_ur16/install/ros2_control_test_assets:/home/gcerioni/ws_ur16/install/realtime_tools:/home/gcerioni/ws_ur16/install/controller_manager_msgs:/home/gcerioni/ws_ur16/install/control_msgs:/opt/ros/humble LD_LIBRARY_PATH=/home/gcerioni/ws_ur16/install/forward_command_controller/lib:/home/gcerioni/ws_ur16/install/controller_manager/lib:/home/gcerioni/ws_ur16/install/hardware_interface_testing/lib:/home/gcerioni/ws_ur16/install/controller_interface/lib:/home/gcerioni/ws_ur16/install/hardware_interface/lib:/home/gcerioni/ws_ur16/install/realtime_tools/lib:/home/gcerioni/ws_ur16/install/controller_manager_msgs/lib:/home/gcerioni/ws_ur16/install/control_msgs/lib:${LD_LIBRARY_PATH} PYTHONPATH=/home/gcerioni/ws_ur16/install/controller_manager/local/lib/python3.10/dist-packages:/home/gcerioni/ws_ur16/install/controller_manager_msgs/local/lib/python3.10/dist-packages:/home/gcerioni/ws_ur16/install/control_msgs/local/lib/python3.10/dist-packages:${PYTHONPATH} /usr/bin/cmake --install /home/gcerioni/ws_ur16/build/velocity_controllers
[60.642s] -- Install configuration: "Release"
[60.642s] -- Installing: /home/gcerioni/ws_ur16/install/velocity_controllers/share/velocity_controllers/velocity_controllers_plugins.xml
[60.642s] -- Installing: /home/gcerioni/ws_ur16/install/velocity_controllers/include/velocity_controllers
[60.642s] -- Installing: /home/gcerioni/ws_ur16/install/velocity_controllers/include/velocity_controllers/velocity_controllers
[60.643s] -- Installing: /home/gcerioni/ws_ur16/install/velocity_controllers/include/velocity_controllers/velocity_controllers/joint_group_velocity_controller.hpp
[60.643s] -- Installing: /home/gcerioni/ws_ur16/install/velocity_controllers/include/velocity_controllers/velocity_controllers/visibility_control.h
[60.643s] -- Installing: /home/gcerioni/ws_ur16/install/velocity_controllers/lib/libvelocity_controllers.so
[60.648s] -- Set runtime path of "/home/gcerioni/ws_ur16/install/velocity_controllers/lib/libvelocity_controllers.so" to ""
[60.648s] -- Installing: /home/gcerioni/ws_ur16/install/velocity_controllers/share/velocity_controllers/environment/library_path.sh
[60.648s] -- Installing: /home/gcerioni/ws_ur16/install/velocity_controllers/share/velocity_controllers/environment/library_path.dsv
[60.648s] -- Installing: /home/gcerioni/ws_ur16/install/velocity_controllers/share/ament_index/resource_index/package_run_dependencies/velocity_controllers
[60.648s] -- Installing: /home/gcerioni/ws_ur16/install/velocity_controllers/share/ament_index/resource_index/parent_prefix_path/velocity_controllers
[60.648s] -- Installing: /home/gcerioni/ws_ur16/install/velocity_controllers/share/velocity_controllers/environment/ament_prefix_path.sh
[60.650s] -- Installing: /home/gcerioni/ws_ur16/install/velocity_controllers/share/velocity_controllers/environment/ament_prefix_path.dsv
[60.650s] -- Installing: /home/gcerioni/ws_ur16/install/velocity_controllers/share/velocity_controllers/environment/path.sh
[60.658s] -- Installing: /home/gcerioni/ws_ur16/install/velocity_controllers/share/velocity_controllers/environment/path.dsv
[60.658s] -- Installing: /home/gcerioni/ws_ur16/install/velocity_controllers/share/velocity_controllers/local_setup.bash
[60.658s] -- Installing: /home/gcerioni/ws_ur16/install/velocity_controllers/share/velocity_controllers/local_setup.sh
[60.658s] -- Installing: /home/gcerioni/ws_ur16/install/velocity_controllers/share/velocity_controllers/local_setup.zsh
[60.659s] -- Installing: /home/gcerioni/ws_ur16/install/velocity_controllers/share/velocity_controllers/local_setup.dsv
[60.659s] -- Installing: /home/gcerioni/ws_ur16/install/velocity_controllers/share/velocity_controllers/package.dsv
[60.659s] -- Installing: /home/gcerioni/ws_ur16/install/velocity_controllers/share/ament_index/resource_index/packages/velocity_controllers
[60.659s] -- Installing: /home/gcerioni/ws_ur16/install/velocity_controllers/share/ament_index/resource_index/controller_interface__pluginlib__plugin/velocity_controllers
[60.659s] -- Installing: /home/gcerioni/ws_ur16/install/velocity_controllers/share/velocity_controllers/cmake/export_velocity_controllersExport.cmake
[60.659s] -- Installing: /home/gcerioni/ws_ur16/install/velocity_controllers/share/velocity_controllers/cmake/export_velocity_controllersExport-release.cmake
[60.659s] -- Installing: /home/gcerioni/ws_ur16/install/velocity_controllers/share/velocity_controllers/cmake/ament_cmake_export_targets-extras.cmake
[60.659s] -- Installing: /home/gcerioni/ws_ur16/install/velocity_controllers/share/velocity_controllers/cmake/ament_cmake_export_dependencies-extras.cmake
[60.659s] -- Installing: /home/gcerioni/ws_ur16/install/velocity_controllers/share/velocity_controllers/cmake/velocity_controllersConfig.cmake
[60.659s] -- Installing: /home/gcerioni/ws_ur16/install/velocity_controllers/share/velocity_controllers/cmake/velocity_controllersConfig-version.cmake
[60.659s] -- Installing: /home/gcerioni/ws_ur16/install/velocity_controllers/share/velocity_controllers/package.xml
[60.661s] Invoked command in '/home/gcerioni/ws_ur16/build/velocity_controllers' returned '0': AMENT_PREFIX_PATH=/home/gcerioni/ws_ur16/install/forward_command_controller:/home/gcerioni/ws_ur16/install/controller_manager:/home/gcerioni/ws_ur16/install/hardware_interface_testing:/home/gcerioni/ws_ur16/install/controller_interface:/home/gcerioni/ws_ur16/install/hardware_interface:/home/gcerioni/ws_ur16/install/ros2_control_test_assets:/home/gcerioni/ws_ur16/install/realtime_tools:/home/gcerioni/ws_ur16/install/controller_manager_msgs:/home/gcerioni/ws_ur16/install/control_msgs:${AMENT_PREFIX_PATH} CMAKE_PREFIX_PATH=/home/gcerioni/ws_ur16/install/forward_command_controller:/home/gcerioni/ws_ur16/install/controller_manager:/home/gcerioni/ws_ur16/install/hardware_interface_testing:/home/gcerioni/ws_ur16/install/controller_interface:/home/gcerioni/ws_ur16/install/hardware_interface:/home/gcerioni/ws_ur16/install/ros2_control_test_assets:/home/gcerioni/ws_ur16/install/realtime_tools:/home/gcerioni/ws_ur16/install/controller_manager_msgs:/home/gcerioni/ws_ur16/install/control_msgs:/opt/ros/humble LD_LIBRARY_PATH=/home/gcerioni/ws_ur16/install/forward_command_controller/lib:/home/gcerioni/ws_ur16/install/controller_manager/lib:/home/gcerioni/ws_ur16/install/hardware_interface_testing/lib:/home/gcerioni/ws_ur16/install/controller_interface/lib:/home/gcerioni/ws_ur16/install/hardware_interface/lib:/home/gcerioni/ws_ur16/install/realtime_tools/lib:/home/gcerioni/ws_ur16/install/controller_manager_msgs/lib:/home/gcerioni/ws_ur16/install/control_msgs/lib:${LD_LIBRARY_PATH} PYTHONPATH=/home/gcerioni/ws_ur16/install/controller_manager/local/lib/python3.10/dist-packages:/home/gcerioni/ws_ur16/install/controller_manager_msgs/local/lib/python3.10/dist-packages:/home/gcerioni/ws_ur16/install/control_msgs/local/lib/python3.10/dist-packages:${PYTHONPATH} /usr/bin/cmake --install /home/gcerioni/ws_ur16/build/velocity_controllers
