[0.036s] Invoking command in '/home/gcerioni/ws_ur16/build/ur_moveit_config': AMENT_PREFIX_PATH=/home/gcerioni/ws_ur16/install/ur_description:${AMENT_PREFIX_PATH} CMAKE_PREFIX_PATH=/home/gcerioni/ws_ur16/install/ur_description:/opt/ros/humble /usr/bin/cmake /home/gcerioni/ws_ur16/src/Universal_Robots_ROS2_Driver/ur_moveit_config -DCMAKE_BUILD_TYPE=Release -DCMAKE_INSTALL_PREFIX=/home/gcerioni/ws_ur16/install/ur_moveit_config
[1.925s] -- Found ament_cmake: 1.3.11 (/opt/ros/humble/share/ament_cmake/cmake)
[1.925s] -- Configuring done
[1.925s] -- Generating done
[1.925s] -- Build files have been written to: /home/gcerioni/ws_ur16/build/ur_moveit_config
[1.929s] Invoked command in '/home/gcerioni/ws_ur16/build/ur_moveit_config' returned '0': AMENT_PREFIX_PATH=/home/gcerioni/ws_ur16/install/ur_description:${AMENT_PREFIX_PATH} CMAKE_PREFIX_PATH=/home/gcerioni/ws_ur16/install/ur_description:/opt/ros/humble /usr/bin/cmake /home/gcerioni/ws_ur16/src/Universal_Robots_ROS2_Driver/ur_moveit_config -DCMAKE_BUILD_TYPE=Release -DCMAKE_INSTALL_PREFIX=/home/gcerioni/ws_ur16/install/ur_moveit_config
[1.931s] Invoking command in '/home/gcerioni/ws_ur16/build/ur_moveit_config': AMENT_PREFIX_PATH=/home/gcerioni/ws_ur16/install/ur_description:${AMENT_PREFIX_PATH} CMAKE_PREFIX_PATH=/home/gcerioni/ws_ur16/install/ur_description:/opt/ros/humble /usr/bin/cmake --build /home/gcerioni/ws_ur16/build/ur_moveit_config -- -j8 -l8
[2.474s] Built target ament_cmake_python_copy_ur_moveit_config
[2.474s] running egg_info
[2.474s] creating ur_moveit_config.egg-info
[2.474s] writing ur_moveit_config.egg-info/PKG-INFO
[2.474s] writing dependency_links to ur_moveit_config.egg-info/dependency_links.txt
[2.474s] writing top-level names to ur_moveit_config.egg-info/top_level.txt
[2.475s] writing manifest file 'ur_moveit_config.egg-info/SOURCES.txt'
[2.475s] reading manifest file 'ur_moveit_config.egg-info/SOURCES.txt'
[2.475s] writing manifest file 'ur_moveit_config.egg-info/SOURCES.txt'
[2.475s] Built target ament_cmake_python_build_ur_moveit_config_egg
[2.482s] Invoked command in '/home/gcerioni/ws_ur16/build/ur_moveit_config' returned '0': AMENT_PREFIX_PATH=/home/gcerioni/ws_ur16/install/ur_description:${AMENT_PREFIX_PATH} CMAKE_PREFIX_PATH=/home/gcerioni/ws_ur16/install/ur_description:/opt/ros/humble /usr/bin/cmake --build /home/gcerioni/ws_ur16/build/ur_moveit_config -- -j8 -l8
[2.482s] Invoking command in '/home/gcerioni/ws_ur16/build/ur_moveit_config': AMENT_PREFIX_PATH=/home/gcerioni/ws_ur16/install/ur_description:${AMENT_PREFIX_PATH} CMAKE_PREFIX_PATH=/home/gcerioni/ws_ur16/install/ur_description:/opt/ros/humble /usr/bin/cmake --install /home/gcerioni/ws_ur16/build/ur_moveit_config
[2.663s] -- Install configuration: "Release"
[2.663s] -- Up-to-date: /home/gcerioni/ws_ur16/install/ur_moveit_config/share/ur_moveit_config/config
[2.663s] -- Installing: /home/gcerioni/ws_ur16/install/ur_moveit_config/share/ur_moveit_config/config/joint_limits.yaml
[2.663s] -- Installing: /home/gcerioni/ws_ur16/install/ur_moveit_config/share/ur_moveit_config/config/ur_servo.yaml
[2.663s] -- Installing: /home/gcerioni/ws_ur16/install/ur_moveit_config/share/ur_moveit_config/config/ompl_planning.yaml
[2.664s] -- Installing: /home/gcerioni/ws_ur16/install/ur_moveit_config/share/ur_moveit_config/config/controllers.yaml
[2.664s] -- Installing: /home/gcerioni/ws_ur16/install/ur_moveit_config/share/ur_moveit_config/config/kinematics.yaml
[2.664s] -- Up-to-date: /home/gcerioni/ws_ur16/install/ur_moveit_config/share/ur_moveit_config/launch
[2.664s] -- Installing: /home/gcerioni/ws_ur16/install/ur_moveit_config/share/ur_moveit_config/launch/ur_moveit.launch.py
[2.664s] -- Installing: /home/gcerioni/ws_ur16/install/ur_moveit_config/share/ur_moveit_config/rviz
[2.664s] -- Installing: /home/gcerioni/ws_ur16/install/ur_moveit_config/share/ur_moveit_config/rviz/view_robot.rviz
[2.664s] -- Up-to-date: /home/gcerioni/ws_ur16/install/ur_moveit_config/share/ur_moveit_config/srdf
[2.664s] -- Installing: /home/gcerioni/ws_ur16/install/ur_moveit_config/share/ur_moveit_config/srdf/ur_macro.srdf.xacro
[2.664s] -- Installing: /home/gcerioni/ws_ur16/install/ur_moveit_config/share/ur_moveit_config/srdf/ur.srdf.xacro
[2.664s] -- Installing: /home/gcerioni/ws_ur16/install/ur_moveit_config/share/ur_moveit_config/environment/pythonpath.sh
[2.664s] -- Installing: /home/gcerioni/ws_ur16/install/ur_moveit_config/share/ur_moveit_config/environment/pythonpath.dsv
[2.665s] -- Installing: /home/gcerioni/ws_ur16/install/ur_moveit_config/local/lib/python3.10/dist-packages/ur_moveit_config-2.6.0-py3.10.egg-info
[2.665s] -- Installing: /home/gcerioni/ws_ur16/install/ur_moveit_config/local/lib/python3.10/dist-packages/ur_moveit_config-2.6.0-py3.10.egg-info/top_level.txt
[2.665s] -- Installing: /home/gcerioni/ws_ur16/install/ur_moveit_config/local/lib/python3.10/dist-packages/ur_moveit_config-2.6.0-py3.10.egg-info/SOURCES.txt
[2.665s] -- Installing: /home/gcerioni/ws_ur16/install/ur_moveit_config/local/lib/python3.10/dist-packages/ur_moveit_config-2.6.0-py3.10.egg-info/dependency_links.txt
[2.665s] -- Installing: /home/gcerioni/ws_ur16/install/ur_moveit_config/local/lib/python3.10/dist-packages/ur_moveit_config-2.6.0-py3.10.egg-info/PKG-INFO
[2.665s] -- Installing: /home/gcerioni/ws_ur16/install/ur_moveit_config/local/lib/python3.10/dist-packages/ur_moveit_config
[2.665s] -- Installing: /home/gcerioni/ws_ur16/install/ur_moveit_config/local/lib/python3.10/dist-packages/ur_moveit_config/launch_common.py
[2.665s] -- Installing: /home/gcerioni/ws_ur16/install/ur_moveit_config/local/lib/python3.10/dist-packages/ur_moveit_config/__init__.py
[2.665s] Listing '/home/gcerioni/ws_ur16/install/ur_moveit_config/local/lib/python3.10/dist-packages/ur_moveit_config'...
[2.665s] Compiling '/home/gcerioni/ws_ur16/install/ur_moveit_config/local/lib/python3.10/dist-packages/ur_moveit_config/__init__.py'...
[2.665s] Compiling '/home/gcerioni/ws_ur16/install/ur_moveit_config/local/lib/python3.10/dist-packages/ur_moveit_config/launch_common.py'...
[2.666s] -- Installing: /home/gcerioni/ws_ur16/install/ur_moveit_config/local/lib/python3.10/dist-packages/launch_common.py
[2.666s] Compiling '/home/gcerioni/ws_ur16/install/ur_moveit_config/local/lib/python3.10/dist-packages/launch_common.py'...
[2.666s] -- Installing: /home/gcerioni/ws_ur16/install/ur_moveit_config/share/ament_index/resource_index/package_run_dependencies/ur_moveit_config
[2.666s] -- Installing: /home/gcerioni/ws_ur16/install/ur_moveit_config/share/ament_index/resource_index/parent_prefix_path/ur_moveit_config
[2.666s] -- Up-to-date: /home/gcerioni/ws_ur16/install/ur_moveit_config/share/ur_moveit_config/environment/ament_prefix_path.sh
[2.666s] -- Installing: /home/gcerioni/ws_ur16/install/ur_moveit_config/share/ur_moveit_config/environment/ament_prefix_path.dsv
[2.666s] -- Up-to-date: /home/gcerioni/ws_ur16/install/ur_moveit_config/share/ur_moveit_config/environment/path.sh
[2.666s] -- Installing: /home/gcerioni/ws_ur16/install/ur_moveit_config/share/ur_moveit_config/environment/path.dsv
[2.666s] -- Up-to-date: /home/gcerioni/ws_ur16/install/ur_moveit_config/share/ur_moveit_config/local_setup.bash
[2.666s] -- Installing: /home/gcerioni/ws_ur16/install/ur_moveit_config/share/ur_moveit_config/local_setup.sh
[2.667s] -- Up-to-date: /home/gcerioni/ws_ur16/install/ur_moveit_config/share/ur_moveit_config/local_setup.zsh
[2.667s] -- Installing: /home/gcerioni/ws_ur16/install/ur_moveit_config/share/ur_moveit_config/local_setup.dsv
[2.667s] -- Installing: /home/gcerioni/ws_ur16/install/ur_moveit_config/share/ur_moveit_config/package.dsv
[2.667s] -- Up-to-date: /home/gcerioni/ws_ur16/install/ur_moveit_config/share/ament_index/resource_index/packages/ur_moveit_config
[2.667s] -- Installing: /home/gcerioni/ws_ur16/install/ur_moveit_config/share/ur_moveit_config/cmake/ur_moveit_configConfig.cmake
[2.671s] -- Installing: /home/gcerioni/ws_ur16/install/ur_moveit_config/share/ur_moveit_config/cmake/ur_moveit_configConfig-version.cmake
[2.671s] -- Installing: /home/gcerioni/ws_ur16/install/ur_moveit_config/share/ur_moveit_config/package.xml
[2.689s] Invoked command in '/home/gcerioni/ws_ur16/build/ur_moveit_config' returned '0': AMENT_PREFIX_PATH=/home/gcerioni/ws_ur16/install/ur_description:${AMENT_PREFIX_PATH} CMAKE_PREFIX_PATH=/home/gcerioni/ws_ur16/install/ur_description:/opt/ros/humble /usr/bin/cmake --install /home/gcerioni/ws_ur16/build/ur_moveit_config
