[0.084s] Invoking command in '/home/gcerioni/ws_ur16/build/realtime_tools': CMAKE_PREFIX_PATH=${CMAKE_PREFIX_PATH}:/home/gcerioni/ws_ur16/install/rqt_joint_trajectory_controller:/home/gcerioni/ws_ur16/install/rqt_controller_manager:/home/gcerioni/ws_ur16/install/ros2controlcli:/home/gcerioni/ws_ur16/install/ros2_controllers_test_nodes:/opt/ros/humble /usr/bin/cmake --build /home/gcerioni/ws_ur16/build/realtime_tools -- -j8 -l8
[0.305s] [  6%] Built target gmock_main
[0.333s] [ 15%] Built target realtime_tools
[0.350s] [ 25%] Built target gmock
[0.353s] [ 31%] Built target thread_priority
[0.614s] [ 37%] Built target realtime_box_best_effort_tests
[0.651s] [ 43%] Built target lock_free_queue_tests
[0.659s] [ 50%] Built target realtime_box_tests
[0.663s] [ 56%] Built target thread_priority_tests
[0.705s] [ 62%] Built target realtime_clock_tests
[0.722s] [ 68%] Built target realtime_publisher_tests_non_polling
[0.722s] [ 75%] Built target realtime_buffer_tests
[0.790s] [ 81%] Built target realtime_publisher_tests
[0.806s] [ 87%] Built target test_async_function_handler
[0.830s] [ 93%] Built target realtime_server_goal_handle_tests
[0.847s] [100%] Built target realtime_mutex_tests
[1.135s] Invoked command in '/home/gcerioni/ws_ur16/build/realtime_tools' returned '0': CMAKE_PREFIX_PATH=${CMAKE_PREFIX_PATH}:/home/gcerioni/ws_ur16/install/rqt_joint_trajectory_controller:/home/gcerioni/ws_ur16/install/rqt_controller_manager:/home/gcerioni/ws_ur16/install/ros2controlcli:/home/gcerioni/ws_ur16/install/ros2_controllers_test_nodes:/opt/ros/humble /usr/bin/cmake --build /home/gcerioni/ws_ur16/build/realtime_tools -- -j8 -l8
[1.136s] Invoking command in '/home/gcerioni/ws_ur16/build/realtime_tools': CMAKE_PREFIX_PATH=${CMAKE_PREFIX_PATH}:/home/gcerioni/ws_ur16/install/rqt_joint_trajectory_controller:/home/gcerioni/ws_ur16/install/rqt_controller_manager:/home/gcerioni/ws_ur16/install/ros2controlcli:/home/gcerioni/ws_ur16/install/ros2_controllers_test_nodes:/opt/ros/humble /usr/bin/cmake --install /home/gcerioni/ws_ur16/build/realtime_tools
[1.258s] -- Install configuration: "Release"
[1.258s] -- Up-to-date: /home/gcerioni/ws_ur16/install/realtime_tools/include/realtime_tools
[1.258s] -- Up-to-date: /home/gcerioni/ws_ur16/install/realtime_tools/include/realtime_tools/realtime_tools
[1.258s] -- Up-to-date: /home/gcerioni/ws_ur16/install/realtime_tools/include/realtime_tools/realtime_tools/thread_priority.hpp
[1.259s] -- Up-to-date: /home/gcerioni/ws_ur16/install/realtime_tools/include/realtime_tools/realtime_tools/async_function_handler.hpp
[1.259s] -- Up-to-date: /home/gcerioni/ws_ur16/install/realtime_tools/include/realtime_tools/realtime_tools/realtime_server_goal_handle.hpp
[1.259s] -- Up-to-date: /home/gcerioni/ws_ur16/install/realtime_tools/include/realtime_tools/realtime_tools/realtime_clock.h
[1.262s] -- Up-to-date: /home/gcerioni/ws_ur16/install/realtime_tools/include/realtime_tools/realtime_tools/mutex.hpp
[1.262s] -- Up-to-date: /home/gcerioni/ws_ur16/install/realtime_tools/include/realtime_tools/realtime_tools/realtime_clock.hpp
[1.262s] -- Up-to-date: /home/gcerioni/ws_ur16/install/realtime_tools/include/realtime_tools/realtime_tools/realtime_box.hpp
[1.262s] -- Up-to-date: /home/gcerioni/ws_ur16/install/realtime_tools/include/realtime_tools/realtime_tools/realtime_box.h
[1.262s] -- Up-to-date: /home/gcerioni/ws_ur16/install/realtime_tools/include/realtime_tools/realtime_tools/realtime_publisher.hpp
[1.263s] -- Up-to-date: /home/gcerioni/ws_ur16/install/realtime_tools/include/realtime_tools/realtime_tools/realtime_buffer.h
[1.263s] -- Up-to-date: /home/gcerioni/ws_ur16/install/realtime_tools/include/realtime_tools/realtime_tools/realtime_publisher.h
[1.263s] -- Up-to-date: /home/gcerioni/ws_ur16/install/realtime_tools/include/realtime_tools/realtime_tools/realtime_buffer.hpp
[1.263s] -- Up-to-date: /home/gcerioni/ws_ur16/install/realtime_tools/include/realtime_tools/realtime_tools/realtime_box_best_effort.hpp
[1.263s] -- Up-to-date: /home/gcerioni/ws_ur16/install/realtime_tools/include/realtime_tools/realtime_tools/realtime_box_best_effort.h
[1.263s] -- Up-to-date: /home/gcerioni/ws_ur16/install/realtime_tools/include/realtime_tools/realtime_tools/lock_free_queue.hpp
[1.263s] -- Up-to-date: /home/gcerioni/ws_ur16/install/realtime_tools/include/realtime_tools/realtime_tools/realtime_server_goal_handle.h
[1.264s] -- Up-to-date: /home/gcerioni/ws_ur16/install/realtime_tools/include/realtime_tools/realtime_tools/realtime_helpers.hpp
[1.264s] -- Up-to-date: /home/gcerioni/ws_ur16/install/realtime_tools/lib/librealtime_tools.so
[1.264s] -- Up-to-date: /home/gcerioni/ws_ur16/install/realtime_tools/lib/libthread_priority.so
[1.265s] -- Up-to-date: /home/gcerioni/ws_ur16/install/realtime_tools/share/realtime_tools/environment/library_path.sh
[1.265s] -- Up-to-date: /home/gcerioni/ws_ur16/install/realtime_tools/share/realtime_tools/environment/library_path.dsv
[1.265s] -- Up-to-date: /home/gcerioni/ws_ur16/install/realtime_tools/share/ament_index/resource_index/package_run_dependencies/realtime_tools
[1.265s] -- Up-to-date: /home/gcerioni/ws_ur16/install/realtime_tools/share/ament_index/resource_index/parent_prefix_path/realtime_tools
[1.265s] -- Up-to-date: /home/gcerioni/ws_ur16/install/realtime_tools/share/realtime_tools/environment/ament_prefix_path.sh
[1.265s] -- Up-to-date: /home/gcerioni/ws_ur16/install/realtime_tools/share/realtime_tools/environment/ament_prefix_path.dsv
[1.265s] -- Up-to-date: /home/gcerioni/ws_ur16/install/realtime_tools/share/realtime_tools/environment/path.sh
[1.266s] -- Up-to-date: /home/gcerioni/ws_ur16/install/realtime_tools/share/realtime_tools/environment/path.dsv
[1.266s] -- Up-to-date: /home/gcerioni/ws_ur16/install/realtime_tools/share/realtime_tools/local_setup.bash
[1.266s] -- Up-to-date: /home/gcerioni/ws_ur16/install/realtime_tools/share/realtime_tools/local_setup.sh
[1.266s] -- Up-to-date: /home/gcerioni/ws_ur16/install/realtime_tools/share/realtime_tools/local_setup.zsh
[1.266s] -- Up-to-date: /home/gcerioni/ws_ur16/install/realtime_tools/share/realtime_tools/local_setup.dsv
[1.266s] -- Installing: /home/gcerioni/ws_ur16/install/realtime_tools/share/realtime_tools/package.dsv
[1.266s] -- Up-to-date: /home/gcerioni/ws_ur16/install/realtime_tools/share/ament_index/resource_index/packages/realtime_tools
[1.266s] -- Up-to-date: /home/gcerioni/ws_ur16/install/realtime_tools/share/realtime_tools/cmake/export_realtime_toolsExport.cmake
[1.267s] -- Up-to-date: /home/gcerioni/ws_ur16/install/realtime_tools/share/realtime_tools/cmake/export_realtime_toolsExport-release.cmake
[1.267s] -- Up-to-date: /home/gcerioni/ws_ur16/install/realtime_tools/share/realtime_tools/cmake/ament_cmake_export_targets-extras.cmake
[1.267s] -- Up-to-date: /home/gcerioni/ws_ur16/install/realtime_tools/share/realtime_tools/cmake/ament_cmake_export_dependencies-extras.cmake
[1.267s] -- Up-to-date: /home/gcerioni/ws_ur16/install/realtime_tools/share/realtime_tools/cmake/realtime_toolsConfig.cmake
[1.267s] -- Up-to-date: /home/gcerioni/ws_ur16/install/realtime_tools/share/realtime_tools/cmake/realtime_toolsConfig-version.cmake
[1.267s] -- Up-to-date: /home/gcerioni/ws_ur16/install/realtime_tools/share/realtime_tools/package.xml
[1.367s] Invoked command in '/home/gcerioni/ws_ur16/build/realtime_tools' returned '0': CMAKE_PREFIX_PATH=${CMAKE_PREFIX_PATH}:/home/gcerioni/ws_ur16/install/rqt_joint_trajectory_controller:/home/gcerioni/ws_ur16/install/rqt_controller_manager:/home/gcerioni/ws_ur16/install/ros2controlcli:/home/gcerioni/ws_ur16/install/ros2_controllers_test_nodes:/opt/ros/humble /usr/bin/cmake --install /home/gcerioni/ws_ur16/build/realtime_tools
