[0.016s] Invoking command in '/home/gcerioni/ws_ur16/build/controller_interface': AMENT_PREFIX_PATH=/home/gcerioni/ws_ur16/install/hardware_interface:/home/gcerioni/ws_ur16/install/ros2_control_test_assets:/home/gcerioni/ws_ur16/install/control_msgs:${AMENT_PREFIX_PATH} CMAKE_PREFIX_PATH=/home/gcerioni/ws_ur16/install/hardware_interface:/home/gcerioni/ws_ur16/install/ros2_control_test_assets:/home/gcerioni/ws_ur16/install/control_msgs:/opt/ros/humble LD_LIBRARY_PATH=/home/gcerioni/ws_ur16/install/hardware_interface/lib:/home/gcerioni/ws_ur16/install/control_msgs/lib:${LD_LIBRARY_PATH} PYTHONPATH=/home/gcerioni/ws_ur16/install/control_msgs/local/lib/python3.10/dist-packages:${PYTHONPATH} /usr/bin/cmake /home/gcerioni/ws_ur16/src/ros2_control/controller_interface -DCMAKE_BUILD_TYPE=Release -DCMAKE_INSTALL_PREFIX=/home/gcerioni/ws_ur16/install/controller_interface
[0.070s] -- The C compiler identification is GNU 11.4.0
[0.124s] -- The CXX compiler identification is GNU 11.4.0
[0.131s] -- Detecting C compiler ABI info
[0.196s] -- Detecting C compiler ABI info - done
[0.211s] -- Check for working C compiler: /usr/bin/cc - skipped
[0.211s] -- Detecting C compile features
[0.212s] -- Detecting C compile features - done
[0.217s] -- Detecting CXX compiler ABI info
[0.299s] -- Detecting CXX compiler ABI info - done
[0.306s] -- Check for working CXX compiler: /usr/bin/c++ - skipped
[0.306s] -- Detecting CXX compile features
[0.307s] -- Detecting CXX compile features - done
[0.310s] -- Found ament_cmake: 1.3.11 (/opt/ros/humble/share/ament_cmake/cmake)
[0.462s] -- Found Python3: /usr/bin/python3 (found version "3.10.12") found components: Interpreter 
[0.565s] -- Found hardware_interface: 2.48.0 (/home/gcerioni/ws_ur16/install/hardware_interface/share/hardware_interface/cmake)
[0.619s] -- Found rosidl_generator_c: 3.1.6 (/opt/ros/humble/share/rosidl_generator_c/cmake)
[0.627s] -- Found rosidl_adapter: 3.1.6 (/opt/ros/humble/share/rosidl_adapter/cmake)
[0.641s] -- Found rosidl_generator_cpp: 3.1.6 (/opt/ros/humble/share/rosidl_generator_cpp/cmake)
[0.662s] -- Using all available rosidl_typesupport_c: rosidl_typesupport_fastrtps_c;rosidl_typesupport_introspection_c
[0.687s] -- Using all available rosidl_typesupport_cpp: rosidl_typesupport_fastrtps_cpp;rosidl_typesupport_introspection_cpp
[0.896s] -- Found rmw_implementation_cmake: 6.1.2 (/opt/ros/humble/share/rmw_implementation_cmake/cmake)
[0.899s] -- Found rmw_fastrtps_cpp: 6.2.7 (/opt/ros/humble/share/rmw_fastrtps_cpp/cmake)
[0.925s] -- Found TinyXML2 via Config file: TinyXML2_DIR-NOTFOUND
[0.981s] -- Found OpenSSL: /usr/lib/x86_64-linux-gnu/libcrypto.so (found version "3.0.2")  
[0.984s] -- Found TinyXML2 via Config file: TinyXML2_DIR-NOTFOUND
[1.005s] -- Found FastRTPS: /opt/ros/humble/include  
[1.008s] -- Found TinyXML2 via Config file: TinyXML2_DIR-NOTFOUND
[1.015s] -- Found TinyXML2 via Config file: TinyXML2_DIR-NOTFOUND
[1.030s] -- Using RMW implementation 'rmw_fastrtps_cpp' as default
[1.042s] -- Looking for pthread.h
[1.110s] -- Looking for pthread.h - found
[1.111s] -- Performing Test CMAKE_HAVE_LIBC_PTHREAD
[1.178s] -- Performing Test CMAKE_HAVE_LIBC_PTHREAD - Success
[1.179s] -- Found Threads: TRUE  
[1.230s] -- Found ament_cmake_gmock: 1.3.11 (/opt/ros/humble/share/ament_cmake_gmock/cmake)
[1.233s] -- Found gmock sources under '/opt/ros/humble/src/gmock_vendor': C++ tests using 'Google Mock' will be built
[1.238s] -- Found ament_cmake_gtest: 1.3.11 (/opt/ros/humble/share/ament_cmake_gtest/cmake)
[1.239s] -- Found gtest sources under '/opt/ros/humble/src/gtest_vendor': C++ tests using 'Google Test' will be built
[1.328s] -- Configuring done
[1.527s] -- Generating done
[1.564s] -- Build files have been written to: /home/gcerioni/ws_ur16/build/controller_interface
[1.582s] Invoked command in '/home/gcerioni/ws_ur16/build/controller_interface' returned '0': AMENT_PREFIX_PATH=/home/gcerioni/ws_ur16/install/hardware_interface:/home/gcerioni/ws_ur16/install/ros2_control_test_assets:/home/gcerioni/ws_ur16/install/control_msgs:${AMENT_PREFIX_PATH} CMAKE_PREFIX_PATH=/home/gcerioni/ws_ur16/install/hardware_interface:/home/gcerioni/ws_ur16/install/ros2_control_test_assets:/home/gcerioni/ws_ur16/install/control_msgs:/opt/ros/humble LD_LIBRARY_PATH=/home/gcerioni/ws_ur16/install/hardware_interface/lib:/home/gcerioni/ws_ur16/install/control_msgs/lib:${LD_LIBRARY_PATH} PYTHONPATH=/home/gcerioni/ws_ur16/install/control_msgs/local/lib/python3.10/dist-packages:${PYTHONPATH} /usr/bin/cmake /home/gcerioni/ws_ur16/src/ros2_control/controller_interface -DCMAKE_BUILD_TYPE=Release -DCMAKE_INSTALL_PREFIX=/home/gcerioni/ws_ur16/install/controller_interface
[1.583s] Invoking command in '/home/gcerioni/ws_ur16/build/controller_interface': AMENT_PREFIX_PATH=/home/gcerioni/ws_ur16/install/hardware_interface:/home/gcerioni/ws_ur16/install/ros2_control_test_assets:/home/gcerioni/ws_ur16/install/control_msgs:${AMENT_PREFIX_PATH} CMAKE_PREFIX_PATH=/home/gcerioni/ws_ur16/install/hardware_interface:/home/gcerioni/ws_ur16/install/ros2_control_test_assets:/home/gcerioni/ws_ur16/install/control_msgs:/opt/ros/humble LD_LIBRARY_PATH=/home/gcerioni/ws_ur16/install/hardware_interface/lib:/home/gcerioni/ws_ur16/install/control_msgs/lib:${LD_LIBRARY_PATH} PYTHONPATH=/home/gcerioni/ws_ur16/install/control_msgs/local/lib/python3.10/dist-packages:${PYTHONPATH} /usr/bin/cmake --build /home/gcerioni/ws_ur16/build/controller_interface -- -j8 -l8
[1.664s] [  4%] [32mBuilding CXX object gmock/CMakeFiles/gmock.dir/opt/ros/humble/src/gtest_vendor/src/gtest-all.cc.o[0m
[1.672s] [ 12%] [34m[1mGenerating controller_interface/version.h[0m
[1.673s] [ 12%] [32mBuilding CXX object gmock/CMakeFiles/gmock.dir/src/gmock-all.cc.o[0m
[1.678s] [ 16%] [32mBuilding CXX object gmock/CMakeFiles/gmock_main.dir/src/gmock_main.cc.o[0m
[1.718s] [ 16%] Built target ament_generate_version_header__controller_interface
[1.780s] [ 20%] [32mBuilding CXX object CMakeFiles/controller_interface.dir/src/controller_interface_base.cpp.o[0m
[1.787s] [ 25%] [32mBuilding CXX object CMakeFiles/controller_interface.dir/src/controller_interface.cpp.o[0m
[1.802s] [ 29%] [32mBuilding CXX object CMakeFiles/controller_interface.dir/src/chainable_controller_interface.cpp.o[0m
[6.582s] [ 33%] [32m[1mLinking CXX static library libgmock_main.a[0m
[6.673s] [ 33%] Built target gmock_main
[12.009s] [ 37%] [32m[1mLinking CXX shared library libcontroller_interface.so[0m
[12.218s] [ 37%] Built target controller_interface
[16.584s] [ 41%] [32m[1mLinking CXX static library libgmock.a[0m
[16.650s] [ 41%] Built target gmock
[16.669s] [ 45%] [32mBuilding CXX object CMakeFiles/test_controller_interface.dir/test/test_controller_interface.cpp.o[0m
[21.879s] [ 50%] [32m[1mLinking CXX executable test_controller_interface[0m
[22.143s] [ 50%] Built target test_controller_interface
[22.170s] [ 62%] [32mBuilding CXX object CMakeFiles/test_pose_sensor.dir/test/test_pose_sensor.cpp.o[0m
[22.171s] [ 62%] [32mBuilding CXX object CMakeFiles/test_imu_sensor.dir/test/test_imu_sensor.cpp.o[0m
[22.171s] [ 62%] [32mBuilding CXX object CMakeFiles/test_force_torque_sensor.dir/test/test_force_torque_sensor.cpp.o[0m
[26.149s] [ 66%] [32m[1mLinking CXX executable test_pose_sensor[0m
[26.532s] [ 66%] Built target test_pose_sensor
[26.583s] [ 70%] [32mBuilding CXX object CMakeFiles/test_semantic_component_interface.dir/test/test_semantic_component_interface.cpp.o[0m
[26.587s] [ 75%] [32mBuilding CXX object CMakeFiles/test_chainable_controller_interface.dir/test/test_chainable_controller_interface.cpp.o[0m
[26.703s] [ 79%] [32m[1mLinking CXX executable test_imu_sensor[0m
[27.324s] [ 79%] Built target test_imu_sensor
[27.388s] [ 83%] [32mBuilding CXX object CMakeFiles/test_controller_with_options.dir/test/test_controller_with_options.cpp.o[0m
[28.001s] [ 87%] [32m[1mLinking CXX executable test_force_torque_sensor[0m
[28.442s] [ 87%] Built target test_force_torque_sensor
[31.465s] [ 91%] [32m[1mLinking CXX executable test_semantic_component_interface[0m
[31.872s] [ 91%] Built target test_semantic_component_interface
[33.769s] [ 95%] [32m[1mLinking CXX executable test_controller_with_options[0m
[33.994s] [ 95%] Built target test_controller_with_options
[34.759s] [100%] [32m[1mLinking CXX executable test_chainable_controller_interface[0m
[34.928s] [100%] Built target test_chainable_controller_interface
[34.939s] Invoked command in '/home/gcerioni/ws_ur16/build/controller_interface' returned '0': AMENT_PREFIX_PATH=/home/gcerioni/ws_ur16/install/hardware_interface:/home/gcerioni/ws_ur16/install/ros2_control_test_assets:/home/gcerioni/ws_ur16/install/control_msgs:${AMENT_PREFIX_PATH} CMAKE_PREFIX_PATH=/home/gcerioni/ws_ur16/install/hardware_interface:/home/gcerioni/ws_ur16/install/ros2_control_test_assets:/home/gcerioni/ws_ur16/install/control_msgs:/opt/ros/humble LD_LIBRARY_PATH=/home/gcerioni/ws_ur16/install/hardware_interface/lib:/home/gcerioni/ws_ur16/install/control_msgs/lib:${LD_LIBRARY_PATH} PYTHONPATH=/home/gcerioni/ws_ur16/install/control_msgs/local/lib/python3.10/dist-packages:${PYTHONPATH} /usr/bin/cmake --build /home/gcerioni/ws_ur16/build/controller_interface -- -j8 -l8
[34.941s] Invoking command in '/home/gcerioni/ws_ur16/build/controller_interface': AMENT_PREFIX_PATH=/home/gcerioni/ws_ur16/install/hardware_interface:/home/gcerioni/ws_ur16/install/ros2_control_test_assets:/home/gcerioni/ws_ur16/install/control_msgs:${AMENT_PREFIX_PATH} CMAKE_PREFIX_PATH=/home/gcerioni/ws_ur16/install/hardware_interface:/home/gcerioni/ws_ur16/install/ros2_control_test_assets:/home/gcerioni/ws_ur16/install/control_msgs:/opt/ros/humble LD_LIBRARY_PATH=/home/gcerioni/ws_ur16/install/hardware_interface/lib:/home/gcerioni/ws_ur16/install/control_msgs/lib:${LD_LIBRARY_PATH} PYTHONPATH=/home/gcerioni/ws_ur16/install/control_msgs/local/lib/python3.10/dist-packages:${PYTHONPATH} /usr/bin/cmake --install /home/gcerioni/ws_ur16/build/controller_interface
[34.948s] -- Install configuration: "Release"
[34.948s] -- Installing: /home/gcerioni/ws_ur16/install/controller_interface/include
[34.949s] -- Installing: /home/gcerioni/ws_ur16/install/controller_interface/include/controller_interface
[34.949s] -- Installing: /home/gcerioni/ws_ur16/install/controller_interface/include/controller_interface/controller_interface.hpp
[34.949s] -- Installing: /home/gcerioni/ws_ur16/install/controller_interface/include/controller_interface/visibility_control.h
[34.949s] -- Installing: /home/gcerioni/ws_ur16/install/controller_interface/include/controller_interface/helpers.hpp
[34.949s] -- Installing: /home/gcerioni/ws_ur16/install/controller_interface/include/controller_interface/controller_interface_base.hpp
[34.949s] -- Installing: /home/gcerioni/ws_ur16/install/controller_interface/include/controller_interface/chainable_controller_interface.hpp
[34.949s] -- Installing: /home/gcerioni/ws_ur16/install/controller_interface/include/semantic_components
[34.950s] -- Installing: /home/gcerioni/ws_ur16/install/controller_interface/include/semantic_components/pose_sensor.hpp
[34.950s] -- Installing: /home/gcerioni/ws_ur16/install/controller_interface/include/semantic_components/range_sensor.hpp
[34.950s] -- Installing: /home/gcerioni/ws_ur16/install/controller_interface/include/semantic_components/semantic_component_interface.hpp
[34.950s] -- Installing: /home/gcerioni/ws_ur16/install/controller_interface/include/semantic_components/force_torque_sensor.hpp
[34.950s] -- Installing: /home/gcerioni/ws_ur16/install/controller_interface/include/semantic_components/imu_sensor.hpp
[34.950s] -- Installing: /home/gcerioni/ws_ur16/install/controller_interface/lib/libcontroller_interface.so
[34.951s] -- Set runtime path of "/home/gcerioni/ws_ur16/install/controller_interface/lib/libcontroller_interface.so" to ""
[34.951s] -- Installing: /home/gcerioni/ws_ur16/install/controller_interface/share/controller_interface/environment/library_path.sh
[34.951s] -- Installing: /home/gcerioni/ws_ur16/install/controller_interface/share/controller_interface/environment/library_path.dsv
[34.951s] -- Installing: /home/gcerioni/ws_ur16/install/controller_interface/share/ament_index/resource_index/package_run_dependencies/controller_interface
[34.952s] -- Installing: /home/gcerioni/ws_ur16/install/controller_interface/share/ament_index/resource_index/parent_prefix_path/controller_interface
[34.952s] -- Installing: /home/gcerioni/ws_ur16/install/controller_interface/share/controller_interface/environment/ament_prefix_path.sh
[34.952s] -- Installing: /home/gcerioni/ws_ur16/install/controller_interface/share/controller_interface/environment/ament_prefix_path.dsv
[34.952s] -- Installing: /home/gcerioni/ws_ur16/install/controller_interface/share/controller_interface/environment/path.sh
[34.952s] -- Installing: /home/gcerioni/ws_ur16/install/controller_interface/share/controller_interface/environment/path.dsv
[34.952s] -- Installing: /home/gcerioni/ws_ur16/install/controller_interface/share/controller_interface/local_setup.bash
[34.953s] -- Installing: /home/gcerioni/ws_ur16/install/controller_interface/share/controller_interface/local_setup.sh
[34.953s] -- Installing: /home/gcerioni/ws_ur16/install/controller_interface/share/controller_interface/local_setup.zsh
[34.953s] -- Installing: /home/gcerioni/ws_ur16/install/controller_interface/share/controller_interface/local_setup.dsv
[34.953s] -- Installing: /home/gcerioni/ws_ur16/install/controller_interface/share/controller_interface/package.dsv
[34.953s] -- Installing: /home/gcerioni/ws_ur16/install/controller_interface/share/ament_index/resource_index/packages/controller_interface
[34.953s] -- Installing: /home/gcerioni/ws_ur16/install/controller_interface/share/controller_interface/cmake/ament_cmake_export_dependencies-extras.cmake
[34.954s] -- Installing: /home/gcerioni/ws_ur16/install/controller_interface/share/controller_interface/cmake/ament_cmake_export_include_directories-extras.cmake
[34.954s] -- Installing: /home/gcerioni/ws_ur16/install/controller_interface/share/controller_interface/cmake/ament_cmake_export_libraries-extras.cmake
[34.954s] -- Installing: /home/gcerioni/ws_ur16/install/controller_interface/share/controller_interface/cmake/controller_interfaceConfig.cmake
[34.954s] -- Installing: /home/gcerioni/ws_ur16/install/controller_interface/share/controller_interface/cmake/controller_interfaceConfig-version.cmake
[34.954s] -- Installing: /home/gcerioni/ws_ur16/install/controller_interface/share/controller_interface/package.xml
[34.954s] -- Installing: /home/gcerioni/ws_ur16/install/controller_interface/include/controller_interface/controller_interface/version.h
[34.958s] Invoked command in '/home/gcerioni/ws_ur16/build/controller_interface' returned '0': AMENT_PREFIX_PATH=/home/gcerioni/ws_ur16/install/hardware_interface:/home/gcerioni/ws_ur16/install/ros2_control_test_assets:/home/gcerioni/ws_ur16/install/control_msgs:${AMENT_PREFIX_PATH} CMAKE_PREFIX_PATH=/home/gcerioni/ws_ur16/install/hardware_interface:/home/gcerioni/ws_ur16/install/ros2_control_test_assets:/home/gcerioni/ws_ur16/install/control_msgs:/opt/ros/humble LD_LIBRARY_PATH=/home/gcerioni/ws_ur16/install/hardware_interface/lib:/home/gcerioni/ws_ur16/install/control_msgs/lib:${LD_LIBRARY_PATH} PYTHONPATH=/home/gcerioni/ws_ur16/install/control_msgs/local/lib/python3.10/dist-packages:${PYTHONPATH} /usr/bin/cmake --install /home/gcerioni/ws_ur16/build/controller_interface
