[0.034s] Invoking command in '/home/gcerioni/ws_ur16/build/controller_interface': AMENT_PREFIX_PATH=/home/gcerioni/ws_ur16/install/hardware_interface:/home/gcerioni/ws_ur16/install/ros2_control_test_assets:/home/gcerioni/ws_ur16/install/control_msgs:${AMENT_PREFIX_PATH} CMAKE_PREFIX_PATH=/home/gcerioni/ws_ur16/install/hardware_interface:/home/gcerioni/ws_ur16/install/ros2_control_test_assets:/home/gcerioni/ws_ur16/install/control_msgs:/opt/ros/humble LD_LIBRARY_PATH=/home/gcerioni/ws_ur16/install/hardware_interface/lib:/home/gcerioni/ws_ur16/install/control_msgs/lib:${LD_LIBRARY_PATH} PYTHONPATH=/home/gcerioni/ws_ur16/install/control_msgs/local/lib/python3.10/dist-packages:${PYTHONPATH} /usr/bin/cmake --build /home/gcerioni/ws_ur16/build/controller_interface -- -j8 -l8
[0.105s] [35m[1mConsolidate compiler generated dependencies of target gmock_main[0m
[0.109s] [35m[1mConsolidate compiler generated dependencies of target gmock[0m
[0.132s] [  4%] Built target ament_generate_version_header__controller_interface
[0.149s] [ 12%] Built target gmock_main
[0.150s] [ 25%] Built target gmock
[0.164s] [35m[1mConsolidate compiler generated dependencies of target controller_interface[0m
[0.183s] [35m[1mConsolidate compiler generated dependencies of target test_force_torque_sensor[0m
[0.200s] [35m[1mConsolidate compiler generated dependencies of target test_semantic_component_interface[0m
[0.200s] [35m[1mConsolidate compiler generated dependencies of target test_imu_sensor[0m
[0.200s] [35m[1mConsolidate compiler generated dependencies of target test_pose_sensor[0m
[0.238s] [ 33%] Built target test_semantic_component_interface
[0.238s] [ 41%] Built target test_imu_sensor
[0.238s] [ 50%] Built target test_force_torque_sensor
[0.244s] [ 58%] Built target test_pose_sensor
[0.248s] [ 75%] Built target controller_interface
[0.262s] [35m[1mConsolidate compiler generated dependencies of target test_controller_interface[0m
[0.263s] [35m[1mConsolidate compiler generated dependencies of target test_chainable_controller_interface[0m
[0.263s] [35m[1mConsolidate compiler generated dependencies of target test_controller_with_options[0m
[0.291s] [ 83%] Built target test_controller_interface
[0.295s] [ 91%] Built target test_controller_with_options
[0.295s] [100%] Built target test_chainable_controller_interface
[0.352s] Invoked command in '/home/gcerioni/ws_ur16/build/controller_interface' returned '0': AMENT_PREFIX_PATH=/home/gcerioni/ws_ur16/install/hardware_interface:/home/gcerioni/ws_ur16/install/ros2_control_test_assets:/home/gcerioni/ws_ur16/install/control_msgs:${AMENT_PREFIX_PATH} CMAKE_PREFIX_PATH=/home/gcerioni/ws_ur16/install/hardware_interface:/home/gcerioni/ws_ur16/install/ros2_control_test_assets:/home/gcerioni/ws_ur16/install/control_msgs:/opt/ros/humble LD_LIBRARY_PATH=/home/gcerioni/ws_ur16/install/hardware_interface/lib:/home/gcerioni/ws_ur16/install/control_msgs/lib:${LD_LIBRARY_PATH} PYTHONPATH=/home/gcerioni/ws_ur16/install/control_msgs/local/lib/python3.10/dist-packages:${PYTHONPATH} /usr/bin/cmake --build /home/gcerioni/ws_ur16/build/controller_interface -- -j8 -l8
[0.354s] Invoking command in '/home/gcerioni/ws_ur16/build/controller_interface': AMENT_PREFIX_PATH=/home/gcerioni/ws_ur16/install/hardware_interface:/home/gcerioni/ws_ur16/install/ros2_control_test_assets:/home/gcerioni/ws_ur16/install/control_msgs:${AMENT_PREFIX_PATH} CMAKE_PREFIX_PATH=/home/gcerioni/ws_ur16/install/hardware_interface:/home/gcerioni/ws_ur16/install/ros2_control_test_assets:/home/gcerioni/ws_ur16/install/control_msgs:/opt/ros/humble LD_LIBRARY_PATH=/home/gcerioni/ws_ur16/install/hardware_interface/lib:/home/gcerioni/ws_ur16/install/control_msgs/lib:${LD_LIBRARY_PATH} PYTHONPATH=/home/gcerioni/ws_ur16/install/control_msgs/local/lib/python3.10/dist-packages:${PYTHONPATH} /usr/bin/cmake --install /home/gcerioni/ws_ur16/build/controller_interface
[0.364s] -- Install configuration: "Release"
[0.364s] -- Up-to-date: /home/gcerioni/ws_ur16/install/controller_interface/include
[0.365s] -- Up-to-date: /home/gcerioni/ws_ur16/install/controller_interface/include/controller_interface
[0.365s] -- Up-to-date: /home/gcerioni/ws_ur16/install/controller_interface/include/controller_interface/controller_interface.hpp
[0.365s] -- Up-to-date: /home/gcerioni/ws_ur16/install/controller_interface/include/controller_interface/visibility_control.h
[0.365s] -- Up-to-date: /home/gcerioni/ws_ur16/install/controller_interface/include/controller_interface/helpers.hpp
[0.365s] -- Up-to-date: /home/gcerioni/ws_ur16/install/controller_interface/include/controller_interface/controller_interface_base.hpp
[0.368s] -- Up-to-date: /home/gcerioni/ws_ur16/install/controller_interface/include/controller_interface/chainable_controller_interface.hpp
[0.368s] -- Up-to-date: /home/gcerioni/ws_ur16/install/controller_interface/include/semantic_components
[0.368s] -- Up-to-date: /home/gcerioni/ws_ur16/install/controller_interface/include/semantic_components/pose_sensor.hpp
[0.368s] -- Up-to-date: /home/gcerioni/ws_ur16/install/controller_interface/include/semantic_components/range_sensor.hpp
[0.368s] -- Up-to-date: /home/gcerioni/ws_ur16/install/controller_interface/include/semantic_components/semantic_component_interface.hpp
[0.368s] -- Up-to-date: /home/gcerioni/ws_ur16/install/controller_interface/include/semantic_components/force_torque_sensor.hpp
[0.368s] -- Up-to-date: /home/gcerioni/ws_ur16/install/controller_interface/include/semantic_components/imu_sensor.hpp
[0.368s] -- Up-to-date: /home/gcerioni/ws_ur16/install/controller_interface/lib/libcontroller_interface.so
[0.368s] -- Up-to-date: /home/gcerioni/ws_ur16/install/controller_interface/share/controller_interface/environment/library_path.sh
[0.369s] -- Up-to-date: /home/gcerioni/ws_ur16/install/controller_interface/share/controller_interface/environment/library_path.dsv
[0.369s] -- Up-to-date: /home/gcerioni/ws_ur16/install/controller_interface/share/ament_index/resource_index/package_run_dependencies/controller_interface
[0.369s] -- Up-to-date: /home/gcerioni/ws_ur16/install/controller_interface/share/ament_index/resource_index/parent_prefix_path/controller_interface
[0.369s] -- Up-to-date: /home/gcerioni/ws_ur16/install/controller_interface/share/controller_interface/environment/ament_prefix_path.sh
[0.369s] -- Up-to-date: /home/gcerioni/ws_ur16/install/controller_interface/share/controller_interface/environment/ament_prefix_path.dsv
[0.369s] -- Up-to-date: /home/gcerioni/ws_ur16/install/controller_interface/share/controller_interface/environment/path.sh
[0.373s] -- Up-to-date: /home/gcerioni/ws_ur16/install/controller_interface/share/controller_interface/environment/path.dsv
[0.373s] -- Up-to-date: /home/gcerioni/ws_ur16/install/controller_interface/share/controller_interface/local_setup.bash
[0.373s] -- Up-to-date: /home/gcerioni/ws_ur16/install/controller_interface/share/controller_interface/local_setup.sh
[0.374s] -- Up-to-date: /home/gcerioni/ws_ur16/install/controller_interface/share/controller_interface/local_setup.zsh
[0.374s] -- Up-to-date: /home/gcerioni/ws_ur16/install/controller_interface/share/controller_interface/local_setup.dsv
[0.374s] -- Installing: /home/gcerioni/ws_ur16/install/controller_interface/share/controller_interface/package.dsv
[0.374s] -- Up-to-date: /home/gcerioni/ws_ur16/install/controller_interface/share/ament_index/resource_index/packages/controller_interface
[0.374s] -- Up-to-date: /home/gcerioni/ws_ur16/install/controller_interface/share/controller_interface/cmake/ament_cmake_export_dependencies-extras.cmake
[0.374s] -- Up-to-date: /home/gcerioni/ws_ur16/install/controller_interface/share/controller_interface/cmake/ament_cmake_export_include_directories-extras.cmake
[0.374s] -- Up-to-date: /home/gcerioni/ws_ur16/install/controller_interface/share/controller_interface/cmake/ament_cmake_export_libraries-extras.cmake
[0.374s] -- Up-to-date: /home/gcerioni/ws_ur16/install/controller_interface/share/controller_interface/cmake/controller_interfaceConfig.cmake
[0.374s] -- Up-to-date: /home/gcerioni/ws_ur16/install/controller_interface/share/controller_interface/cmake/controller_interfaceConfig-version.cmake
[0.374s] -- Up-to-date: /home/gcerioni/ws_ur16/install/controller_interface/share/controller_interface/package.xml
[0.374s] -- Up-to-date: /home/gcerioni/ws_ur16/install/controller_interface/include/controller_interface/controller_interface/version.h
[0.375s] Invoked command in '/home/gcerioni/ws_ur16/build/controller_interface' returned '0': AMENT_PREFIX_PATH=/home/gcerioni/ws_ur16/install/hardware_interface:/home/gcerioni/ws_ur16/install/ros2_control_test_assets:/home/gcerioni/ws_ur16/install/control_msgs:${AMENT_PREFIX_PATH} CMAKE_PREFIX_PATH=/home/gcerioni/ws_ur16/install/hardware_interface:/home/gcerioni/ws_ur16/install/ros2_control_test_assets:/home/gcerioni/ws_ur16/install/control_msgs:/opt/ros/humble LD_LIBRARY_PATH=/home/gcerioni/ws_ur16/install/hardware_interface/lib:/home/gcerioni/ws_ur16/install/control_msgs/lib:${LD_LIBRARY_PATH} PYTHONPATH=/home/gcerioni/ws_ur16/install/control_msgs/local/lib/python3.10/dist-packages:${PYTHONPATH} /usr/bin/cmake --install /home/gcerioni/ws_ur16/build/controller_interface
