[0.061s] Invoking command in '/home/gcerioni/ws_ur16/build/ur_client_library': CMAKE_PREFIX_PATH=${CMAKE_PREFIX_PATH}:/home/gcerioni/ws_ur16/install/rqt_joint_trajectory_controller:/home/gcerioni/ws_ur16/install/rqt_controller_manager:/home/gcerioni/ws_ur16/install/ros2controlcli:/home/gcerioni/ws_ur16/install/ros2_controllers_test_nodes:/opt/ros/humble /usr/bin/cmake /home/gcerioni/ws_ur16/src/Universal_Robots_Client_Library -DCMAKE_INSTALL_PREFIX=/home/gcerioni/ws_ur16/install/ur_client_library
[0.092s] -- Building tests disabled.
[0.098s] -- Configuring done
[0.145s] -- Generating done
[0.157s] -- Build files have been written to: /home/gcerioni/ws_ur16/build/ur_client_library
[0.170s] Invoked command in '/home/gcerioni/ws_ur16/build/ur_client_library' returned '0': CMAKE_PREFIX_PATH=${CMAKE_PREFIX_PATH}:/home/gcerioni/ws_ur16/install/rqt_joint_trajectory_controller:/home/gcerioni/ws_ur16/install/rqt_controller_manager:/home/gcerioni/ws_ur16/install/ros2controlcli:/home/gcerioni/ws_ur16/install/ros2_controllers_test_nodes:/opt/ros/humble /usr/bin/cmake /home/gcerioni/ws_ur16/src/Universal_Robots_Client_Library -DCMAKE_INSTALL_PREFIX=/home/gcerioni/ws_ur16/install/ur_client_library
[0.170s] Invoking command in '/home/gcerioni/ws_ur16/build/ur_client_library': CMAKE_PREFIX_PATH=${CMAKE_PREFIX_PATH}:/home/gcerioni/ws_ur16/install/rqt_joint_trajectory_controller:/home/gcerioni/ws_ur16/install/rqt_controller_manager:/home/gcerioni/ws_ur16/install/ros2controlcli:/home/gcerioni/ws_ur16/install/ros2_controllers_test_nodes:/opt/ros/humble /usr/bin/cmake --build /home/gcerioni/ws_ur16/build/ur_client_library -- -j8 -l8
[0.940s] [35m[1mConsolidate compiler generated dependencies of target urcl[0m
[0.940s] [ 60%] Built target urcl
[0.940s] [35m[1mConsolidate compiler generated dependencies of target primary_pipeline_example[0m
[0.940s] [35m[1mConsolidate compiler generated dependencies of target freedrive_example[0m
[0.942s] [35m[1mConsolidate compiler generated dependencies of target driver_example[0m
[0.942s] [35m[1mConsolidate compiler generated dependencies of target rtde_client_example[0m
[0.943s] [35m[1mConsolidate compiler generated dependencies of target dashboard_example[0m
[0.943s] [35m[1mConsolidate compiler generated dependencies of target primary_pipeline_calibration_example[0m
[0.943s] [35m[1mConsolidate compiler generated dependencies of target tool_contact_example[0m
[0.943s] [35m[1mConsolidate compiler generated dependencies of target spline_example[0m
[0.943s] [ 63%] Built target dashboard_example
[0.944s] [ 67%] Built target primary_pipeline_calibration_example
[0.944s] [ 70%] Built target primary_pipeline_example
[0.944s] [ 73%] Built target driver_example
[0.944s] [ 77%] Built target tool_contact_example
[0.945s] [ 80%] Built target rtde_client_example
[0.952s] [ 83%] Built target freedrive_example
[0.952s] [ 86%] Built target spline_example
[0.952s] [35m[1mConsolidate compiler generated dependencies of target force_mode_example[0m
[0.952s] [35m[1mConsolidate compiler generated dependencies of target script_sender_example[0m
[0.952s] [35m[1mConsolidate compiler generated dependencies of target trajectory_point_interface_example[0m
[0.952s] [35m[1mConsolidate compiler generated dependencies of target instruction_executor[0m
[0.952s] [ 90%] Built target force_mode_example
[0.953s] [ 93%] Built target trajectory_point_interface_example
[0.953s] [ 96%] Built target script_sender_example
[0.953s] [100%] Built target instruction_executor
[0.965s] Invoked command in '/home/gcerioni/ws_ur16/build/ur_client_library' returned '0': CMAKE_PREFIX_PATH=${CMAKE_PREFIX_PATH}:/home/gcerioni/ws_ur16/install/rqt_joint_trajectory_controller:/home/gcerioni/ws_ur16/install/rqt_controller_manager:/home/gcerioni/ws_ur16/install/ros2controlcli:/home/gcerioni/ws_ur16/install/ros2_controllers_test_nodes:/opt/ros/humble /usr/bin/cmake --build /home/gcerioni/ws_ur16/build/ur_client_library -- -j8 -l8
[0.970s] Invoking command in '/home/gcerioni/ws_ur16/build/ur_client_library': CMAKE_PREFIX_PATH=${CMAKE_PREFIX_PATH}:/home/gcerioni/ws_ur16/install/rqt_joint_trajectory_controller:/home/gcerioni/ws_ur16/install/rqt_controller_manager:/home/gcerioni/ws_ur16/install/ros2controlcli:/home/gcerioni/ws_ur16/install/ros2_controllers_test_nodes:/opt/ros/humble /usr/bin/cmake --install /home/gcerioni/ws_ur16/build/ur_client_library
[1.075s] -- Install configuration: "Release"
[1.075s] -- Up-to-date: /home/gcerioni/ws_ur16/install/ur_client_library/lib/liburcl.so
[1.075s] -- Up-to-date: /home/gcerioni/ws_ur16/install/ur_client_library/include
[1.075s] -- Up-to-date: /home/gcerioni/ws_ur16/install/ur_client_library/include/ur_client_library
[1.075s] -- Up-to-date: /home/gcerioni/ws_ur16/install/ur_client_library/include/ur_client_library/ur
[1.075s] -- Up-to-date: /home/gcerioni/ws_ur16/install/ur_client_library/include/ur_client_library/ur/dashboard_client.h
[1.076s] -- Up-to-date: /home/gcerioni/ws_ur16/install/ur_client_library/include/ur_client_library/ur/calibration_checker.h
[1.076s] -- Up-to-date: /home/gcerioni/ws_ur16/install/ur_client_library/include/ur_client_library/ur/version_information.h
[1.076s] -- Up-to-date: /home/gcerioni/ws_ur16/install/ur_client_library/include/ur_client_library/ur/robot_receive_timeout.h
[1.076s] -- Up-to-date: /home/gcerioni/ws_ur16/install/ur_client_library/include/ur_client_library/ur/datatypes.h
[1.076s] -- Up-to-date: /home/gcerioni/ws_ur16/install/ur_client_library/include/ur_client_library/ur/ur_driver.h
[1.076s] -- Up-to-date: /home/gcerioni/ws_ur16/install/ur_client_library/include/ur_client_library/ur/tool_communication.h
[1.076s] -- Up-to-date: /home/gcerioni/ws_ur16/install/ur_client_library/include/ur_client_library/ur/instruction_executor.h
[1.076s] -- Up-to-date: /home/gcerioni/ws_ur16/install/ur_client_library/include/ur_client_library/primary
[1.076s] -- Up-to-date: /home/gcerioni/ws_ur16/install/ur_client_library/include/ur_client_library/primary/robot_message
[1.076s] -- Up-to-date: /home/gcerioni/ws_ur16/install/ur_client_library/include/ur_client_library/primary/robot_message/version_message.h
[1.076s] -- Up-to-date: /home/gcerioni/ws_ur16/install/ur_client_library/include/ur_client_library/primary/robot_message/error_code_message.h
[1.076s] -- Up-to-date: /home/gcerioni/ws_ur16/install/ur_client_library/include/ur_client_library/primary/robot_message.h
[1.077s] -- Up-to-date: /home/gcerioni/ws_ur16/install/ur_client_library/include/ur_client_library/primary/robot_state
[1.077s] -- Up-to-date: /home/gcerioni/ws_ur16/install/ur_client_library/include/ur_client_library/primary/robot_state/robot_mode_data.h
[1.077s] -- Up-to-date: /home/gcerioni/ws_ur16/install/ur_client_library/include/ur_client_library/primary/robot_state/kinematics_info.h
[1.077s] -- Up-to-date: /home/gcerioni/ws_ur16/install/ur_client_library/include/ur_client_library/primary/primary_consumer.h
[1.077s] -- Up-to-date: /home/gcerioni/ws_ur16/install/ur_client_library/include/ur_client_library/primary/robot_state.h
[1.077s] -- Up-to-date: /home/gcerioni/ws_ur16/install/ur_client_library/include/ur_client_library/primary/primary_parser.h
[1.077s] -- Up-to-date: /home/gcerioni/ws_ur16/install/ur_client_library/include/ur_client_library/primary/primary_package.h
[1.077s] -- Up-to-date: /home/gcerioni/ws_ur16/install/ur_client_library/include/ur_client_library/primary/package_header.h
[1.077s] -- Up-to-date: /home/gcerioni/ws_ur16/install/ur_client_library/include/ur_client_library/primary/abstract_primary_consumer.h
[1.077s] -- Up-to-date: /home/gcerioni/ws_ur16/install/ur_client_library/include/ur_client_library/primary/primary_client.h
[1.077s] -- Up-to-date: /home/gcerioni/ws_ur16/install/ur_client_library/include/ur_client_library/exceptions.h
[1.077s] -- Up-to-date: /home/gcerioni/ws_ur16/install/ur_client_library/include/ur_client_library/default_log_handler.h
[1.078s] -- Up-to-date: /home/gcerioni/ws_ur16/install/ur_client_library/include/ur_client_library/rtde
[1.078s] -- Up-to-date: /home/gcerioni/ws_ur16/install/ur_client_library/include/ur_client_library/rtde/rtde_client.h
[1.078s] -- Up-to-date: /home/gcerioni/ws_ur16/install/ur_client_library/include/ur_client_library/rtde/control_package_start.h
[1.078s] -- Up-to-date: /home/gcerioni/ws_ur16/install/ur_client_library/include/ur_client_library/rtde/rtde_package.h
[1.078s] -- Up-to-date: /home/gcerioni/ws_ur16/install/ur_client_library/include/ur_client_library/rtde/control_package_setup_outputs.h
[1.078s] -- Up-to-date: /home/gcerioni/ws_ur16/install/ur_client_library/include/ur_client_library/rtde/rtde_parser.h
[1.078s] -- Up-to-date: /home/gcerioni/ws_ur16/install/ur_client_library/include/ur_client_library/rtde/get_urcontrol_version.h
[1.078s] -- Up-to-date: /home/gcerioni/ws_ur16/install/ur_client_library/include/ur_client_library/rtde/data_package.h
[1.078s] -- Up-to-date: /home/gcerioni/ws_ur16/install/ur_client_library/include/ur_client_library/rtde/control_package_setup_inputs.h
[1.078s] -- Up-to-date: /home/gcerioni/ws_ur16/install/ur_client_library/include/ur_client_library/rtde/control_package_pause.h
[1.078s] -- Up-to-date: /home/gcerioni/ws_ur16/install/ur_client_library/include/ur_client_library/rtde/request_protocol_version.h
[1.078s] -- Up-to-date: /home/gcerioni/ws_ur16/install/ur_client_library/include/ur_client_library/rtde/rtde_writer.h
[1.079s] -- Up-to-date: /home/gcerioni/ws_ur16/install/ur_client_library/include/ur_client_library/rtde/package_header.h
[1.079s] -- Up-to-date: /home/gcerioni/ws_ur16/install/ur_client_library/include/ur_client_library/rtde/text_message.h
[1.084s] -- Up-to-date: /home/gcerioni/ws_ur16/install/ur_client_library/include/ur_client_library/queue
[1.084s] -- Up-to-date: /home/gcerioni/ws_ur16/install/ur_client_library/include/ur_client_library/queue/LICENSE.md
[1.085s] -- Up-to-date: /home/gcerioni/ws_ur16/install/ur_client_library/include/ur_client_library/queue/atomicops.h
[1.085s] -- Up-to-date: /home/gcerioni/ws_ur16/install/ur_client_library/include/ur_client_library/queue/readerwriterqueue.h
[1.085s] -- Up-to-date: /home/gcerioni/ws_ur16/install/ur_client_library/include/ur_client_library/example_robot_wrapper.h
[1.085s] -- Up-to-date: /home/gcerioni/ws_ur16/install/ur_client_library/include/ur_client_library/control
[1.085s] -- Up-to-date: /home/gcerioni/ws_ur16/install/ur_client_library/include/ur_client_library/control/script_sender.h
[1.086s] -- Up-to-date: /home/gcerioni/ws_ur16/install/ur_client_library/include/ur_client_library/control/reverse_interface.h
[1.086s] -- Up-to-date: /home/gcerioni/ws_ur16/install/ur_client_library/include/ur_client_library/control/motion_primitives.h
[1.087s] -- Up-to-date: /home/gcerioni/ws_ur16/install/ur_client_library/include/ur_client_library/control/trajectory_point_interface.h
[1.087s] -- Up-to-date: /home/gcerioni/ws_ur16/install/ur_client_library/include/ur_client_library/control/script_command_interface.h
[1.087s] -- Up-to-date: /home/gcerioni/ws_ur16/install/ur_client_library/include/ur_client_library/log.h
[1.088s] -- Up-to-date: /home/gcerioni/ws_ur16/install/ur_client_library/include/ur_client_library/helpers.h
[1.088s] -- Up-to-date: /home/gcerioni/ws_ur16/install/ur_client_library/include/ur_client_library/types.h
[1.094s] -- Up-to-date: /home/gcerioni/ws_ur16/install/ur_client_library/include/ur_client_library/comm
[1.095s] -- Up-to-date: /home/gcerioni/ws_ur16/install/ur_client_library/include/ur_client_library/comm/pipeline.h
[1.095s] -- Up-to-date: /home/gcerioni/ws_ur16/install/ur_client_library/include/ur_client_library/comm/parser.h
[1.095s] -- Up-to-date: /home/gcerioni/ws_ur16/install/ur_client_library/include/ur_client_library/comm/tcp_server.h
[1.095s] -- Up-to-date: /home/gcerioni/ws_ur16/install/ur_client_library/include/ur_client_library/comm/package.h
[1.095s] -- Up-to-date: /home/gcerioni/ws_ur16/install/ur_client_library/include/ur_client_library/comm/shell_consumer.h
[1.095s] -- Up-to-date: /home/gcerioni/ws_ur16/install/ur_client_library/include/ur_client_library/comm/control_mode.h
[1.095s] -- Up-to-date: /home/gcerioni/ws_ur16/install/ur_client_library/include/ur_client_library/comm/stream.h
[1.095s] -- Up-to-date: /home/gcerioni/ws_ur16/install/ur_client_library/include/ur_client_library/comm/tcp_socket.h
[1.095s] -- Up-to-date: /home/gcerioni/ws_ur16/install/ur_client_library/include/ur_client_library/comm/socket_t.h
[1.095s] -- Up-to-date: /home/gcerioni/ws_ur16/install/ur_client_library/include/ur_client_library/comm/bin_parser.h
[1.096s] -- Up-to-date: /home/gcerioni/ws_ur16/install/ur_client_library/include/ur_client_library/comm/producer.h
[1.096s] -- Up-to-date: /home/gcerioni/ws_ur16/install/ur_client_library/include/ur_client_library/comm/package_serializer.h
[1.096s] -- Up-to-date: /home/gcerioni/ws_ur16/install/ur_client_library/lib/cmake/ur_client_library/urclTargets.cmake
[1.096s] -- Up-to-date: /home/gcerioni/ws_ur16/install/ur_client_library/lib/cmake/ur_client_library/urclTargets-release.cmake
[1.096s] -- Up-to-date: /home/gcerioni/ws_ur16/install/ur_client_library/lib/ur_client_library/start_ursim.sh
[1.096s] -- Up-to-date: /home/gcerioni/ws_ur16/install/ur_client_library/lib/cmake/ur_client_library/ur_client_libraryConfig.cmake
[1.096s] -- Up-to-date: /home/gcerioni/ws_ur16/install/ur_client_library/share/ur_client_library/package.xml
[1.096s] -- Installing: /home/gcerioni/ws_ur16/install/ur_client_library/share/ament_index/resource_index/packages/ur_client_library
[1.096s] -- Installing: /home/gcerioni/ws_ur16/install/ur_client_library/share/ur_client_library/hook/ament_prefix_path.dsv
[1.096s] -- Installing: /home/gcerioni/ws_ur16/install/ur_client_library/share/ur_client_library/hook/ros_package_path.dsv
[1.096s] -- Up-to-date: /home/gcerioni/ws_ur16/install/ur_client_library/share/ur_client_library/resources
[1.096s] -- Up-to-date: /home/gcerioni/ws_ur16/install/ur_client_library/share/ur_client_library/resources/external_control.urscript
[1.097s] Invoked command in '/home/gcerioni/ws_ur16/build/ur_client_library' returned '0': CMAKE_PREFIX_PATH=${CMAKE_PREFIX_PATH}:/home/gcerioni/ws_ur16/install/rqt_joint_trajectory_controller:/home/gcerioni/ws_ur16/install/rqt_controller_manager:/home/gcerioni/ws_ur16/install/ros2controlcli:/home/gcerioni/ws_ur16/install/ros2_controllers_test_nodes:/opt/ros/humble /usr/bin/cmake --install /home/gcerioni/ws_ur16/build/ur_client_library
