[0.096s] Invoking command in '/home/gcerioni/ws_ur16/build/control_msgs': CMAKE_PREFIX_PATH=${CMAKE_PREFIX_PATH}:/home/gcerioni/ws_ur16/install/rqt_joint_trajectory_controller:/home/gcerioni/ws_ur16/install/rqt_controller_manager:/home/gcerioni/ws_ur16/install/ros2controlcli:/home/gcerioni/ws_ur16/install/ros2_controllers_test_nodes:/opt/ros/humble /usr/bin/cmake /home/gcerioni/ws_ur16/src/control_msgs/control_msgs -DCMAKE_INSTALL_PREFIX=/home/gcerioni/ws_ur16/install/control_msgs
[0.135s] -- Found action_msgs: 1.2.1 (/opt/ros/humble/share/action_msgs/cmake)
[0.411s] -- Found rosidl_generator_c: 3.1.6 (/opt/ros/humble/share/rosidl_generator_c/cmake)
[0.416s] -- Found rosidl_adapter: 3.1.6 (/opt/ros/humble/share/rosidl_adapter/cmake)
[0.428s] -- Found rosidl_generator_cpp: 3.1.6 (/opt/ros/humble/share/rosidl_generator_cpp/cmake)
[0.447s] -- Using all available rosidl_typesupport_c: rosidl_typesupport_fastrtps_c;rosidl_typesupport_introspection_c
[0.472s] -- Using all available rosidl_typesupport_cpp: rosidl_typesupport_fastrtps_cpp;rosidl_typesupport_introspection_cpp
[0.555s] -- Found geometry_msgs: 4.2.4 (/opt/ros/humble/share/geometry_msgs/cmake)
[0.619s] -- Found rosidl_default_generators: 1.2.0 (/opt/ros/humble/share/rosidl_default_generators/cmake)
[0.645s] -- Found sensor_msgs: 4.2.4 (/opt/ros/humble/share/sensor_msgs/cmake)
[0.680s] -- Found trajectory_msgs: 4.2.4 (/opt/ros/humble/share/trajectory_msgs/cmake)
[1.844s] -- Found ament_cmake_cppcheck: 0.12.11 (/opt/ros/humble/share/ament_cmake_cppcheck/cmake)
[1.848s] -- Found ament_cmake_cpplint: 0.12.11 (/opt/ros/humble/share/ament_cmake_cpplint/cmake)
[1.853s] -- Found ament_cmake_uncrustify: 0.12.11 (/opt/ros/humble/share/ament_cmake_uncrustify/cmake)
[1.853s] -- Found ament_cmake_ros: 0.10.0 (/opt/ros/humble/share/ament_cmake_ros/cmake)
[3.029s] -- Using all available rosidl_typesupport_c: rosidl_typesupport_fastrtps_c;rosidl_typesupport_introspection_c
[3.660s] -- Using all available rosidl_typesupport_cpp: rosidl_typesupport_fastrtps_cpp;rosidl_typesupport_introspection_cpp
[3.719s] -- Found python_cmake_module: 0.10.0 (/opt/ros/humble/share/python_cmake_module/cmake)
[3.768s] -- Using PYTHON_EXECUTABLE: /usr/bin/python3
[3.768s] -- Using PYTHON_INCLUDE_DIRS: /usr/include/python3.10
[3.768s] -- Using PYTHON_LIBRARIES: /usr/lib/x86_64-linux-gnu/libpython3.10.so
[4.037s] -- Found ament_cmake_flake8: 0.12.11 (/opt/ros/humble/share/ament_cmake_flake8/cmake)
[4.041s] -- Found ament_cmake_pep257: 0.12.11 (/opt/ros/humble/share/ament_cmake_pep257/cmake)
[4.130s] -- Configuring done
[4.229s] -- Generating done
[4.260s] -- Build files have been written to: /home/gcerioni/ws_ur16/build/control_msgs
[4.275s] Invoked command in '/home/gcerioni/ws_ur16/build/control_msgs' returned '0': CMAKE_PREFIX_PATH=${CMAKE_PREFIX_PATH}:/home/gcerioni/ws_ur16/install/rqt_joint_trajectory_controller:/home/gcerioni/ws_ur16/install/rqt_controller_manager:/home/gcerioni/ws_ur16/install/ros2controlcli:/home/gcerioni/ws_ur16/install/ros2_controllers_test_nodes:/opt/ros/humble /usr/bin/cmake /home/gcerioni/ws_ur16/src/control_msgs/control_msgs -DCMAKE_INSTALL_PREFIX=/home/gcerioni/ws_ur16/install/control_msgs
[4.278s] Invoking command in '/home/gcerioni/ws_ur16/build/control_msgs': CMAKE_PREFIX_PATH=${CMAKE_PREFIX_PATH}:/home/gcerioni/ws_ur16/install/rqt_joint_trajectory_controller:/home/gcerioni/ws_ur16/install/rqt_controller_manager:/home/gcerioni/ws_ur16/install/ros2controlcli:/home/gcerioni/ws_ur16/install/ros2_controllers_test_nodes:/opt/ros/humble /usr/bin/cmake --build /home/gcerioni/ws_ur16/build/control_msgs -- -j8 -l8
[4.375s] [35m[1mConsolidate compiler generated dependencies of target control_msgs__rosidl_generator_c[0m
[4.390s] [  0%] Built target control_msgs__cpp
[4.420s] [ 13%] Built target control_msgs__rosidl_generator_c
[4.435s] [ 13%] Built target ament_cmake_python_copy_control_msgs
[4.440s] [35m[1mConsolidate compiler generated dependencies of target control_msgs__rosidl_typesupport_cpp[0m
[4.464s] [35m[1mConsolidate compiler generated dependencies of target control_msgs__rosidl_typesupport_fastrtps_cpp[0m
[4.477s] [35m[1mConsolidate compiler generated dependencies of target control_msgs__rosidl_typesupport_introspection_cpp[0m
[4.482s] [35m[1mConsolidate compiler generated dependencies of target control_msgs__rosidl_typesupport_introspection_c[0m
[4.494s] [35m[1mConsolidate compiler generated dependencies of target control_msgs__rosidl_typesupport_fastrtps_c[0m
[4.503s] [35m[1mConsolidate compiler generated dependencies of target control_msgs__rosidl_typesupport_c[0m
[4.534s] [ 25%] Built target control_msgs__rosidl_typesupport_cpp
[4.544s] [ 37%] Built target control_msgs__rosidl_typesupport_c
[4.545s] [ 49%] Built target control_msgs__rosidl_typesupport_introspection_c
[4.556s] [ 61%] Built target control_msgs__rosidl_typesupport_fastrtps_cpp
[4.561s] [ 74%] Built target control_msgs__rosidl_typesupport_introspection_cpp
[4.579s] [ 86%] Built target control_msgs__rosidl_typesupport_fastrtps_c
[4.619s] [ 86%] Built target control_msgs
[4.661s] [ 86%] Built target control_msgs__py
[4.694s] [35m[1mConsolidate compiler generated dependencies of target control_msgs__rosidl_generator_py[0m
[4.761s] [ 97%] Built target control_msgs__rosidl_generator_py
[4.768s] [35m[1mConsolidate compiler generated dependencies of target control_msgs__rosidl_typesupport_fastrtps_c__pyext[0m
[4.773s] [35m[1mConsolidate compiler generated dependencies of target control_msgs__rosidl_typesupport_introspection_c__pyext[0m
[4.773s] [35m[1mConsolidate compiler generated dependencies of target control_msgs__rosidl_typesupport_c__pyext[0m
[4.794s] [ 98%] Built target control_msgs__rosidl_typesupport_fastrtps_c__pyext
[4.805s] [ 99%] Built target control_msgs__rosidl_typesupport_c__pyext
[4.806s] [100%] Built target control_msgs__rosidl_typesupport_introspection_c__pyext
[4.899s] running egg_info
[4.900s] writing control_msgs.egg-info/PKG-INFO
[4.900s] writing dependency_links to control_msgs.egg-info/dependency_links.txt
[4.901s] writing top-level names to control_msgs.egg-info/top_level.txt
[4.904s] reading manifest file 'control_msgs.egg-info/SOURCES.txt'
[4.905s] writing manifest file 'control_msgs.egg-info/SOURCES.txt'
[4.941s] [100%] Built target ament_cmake_python_build_control_msgs_egg
[4.958s] Invoked command in '/home/gcerioni/ws_ur16/build/control_msgs' returned '0': CMAKE_PREFIX_PATH=${CMAKE_PREFIX_PATH}:/home/gcerioni/ws_ur16/install/rqt_joint_trajectory_controller:/home/gcerioni/ws_ur16/install/rqt_controller_manager:/home/gcerioni/ws_ur16/install/ros2controlcli:/home/gcerioni/ws_ur16/install/ros2_controllers_test_nodes:/opt/ros/humble /usr/bin/cmake --build /home/gcerioni/ws_ur16/build/control_msgs -- -j8 -l8
[4.960s] Invoking command in '/home/gcerioni/ws_ur16/build/control_msgs': CMAKE_PREFIX_PATH=${CMAKE_PREFIX_PATH}:/home/gcerioni/ws_ur16/install/rqt_joint_trajectory_controller:/home/gcerioni/ws_ur16/install/rqt_controller_manager:/home/gcerioni/ws_ur16/install/ros2controlcli:/home/gcerioni/ws_ur16/install/ros2_controllers_test_nodes:/opt/ros/humble /usr/bin/cmake --install /home/gcerioni/ws_ur16/build/control_msgs
[4.973s] -- Install configuration: "Release"
[4.973s] -- Up-to-date: /home/gcerioni/ws_ur16/install/control_msgs/share/ament_index/resource_index/rosidl_interfaces/control_msgs
[4.974s] -- Up-to-date: /home/gcerioni/ws_ur16/install/control_msgs/include/control_msgs/control_msgs
[4.974s] -- Up-to-date: /home/gcerioni/ws_ur16/install/control_msgs/include/control_msgs/control_msgs/msg
[4.974s] -- Up-to-date: /home/gcerioni/ws_ur16/install/control_msgs/include/control_msgs/control_msgs/msg/joint_jog.h
[4.974s] -- Up-to-date: /home/gcerioni/ws_ur16/install/control_msgs/include/control_msgs/control_msgs/msg/joint_controller_state.h
[4.974s] -- Up-to-date: /home/gcerioni/ws_ur16/install/control_msgs/include/control_msgs/control_msgs/msg/joint_tolerance.h
[4.975s] -- Up-to-date: /home/gcerioni/ws_ur16/install/control_msgs/include/control_msgs/control_msgs/msg/detail
[4.975s] -- Up-to-date: /home/gcerioni/ws_ur16/install/control_msgs/include/control_msgs/control_msgs/msg/detail/joint_jog__functions.c
[4.975s] -- Up-to-date: /home/gcerioni/ws_ur16/install/control_msgs/include/control_msgs/control_msgs/msg/detail/multi_dof_state_stamped__type_support.h
[4.975s] -- Up-to-date: /home/gcerioni/ws_ur16/install/control_msgs/include/control_msgs/control_msgs/msg/detail/single_dof_state__type_support.h
[4.975s] -- Up-to-date: /home/gcerioni/ws_ur16/install/control_msgs/include/control_msgs/control_msgs/msg/detail/multi_dof_state_stamped__functions.c
[4.976s] -- Up-to-date: /home/gcerioni/ws_ur16/install/control_msgs/include/control_msgs/control_msgs/msg/detail/gripper_command__functions.c
[4.976s] -- Up-to-date: /home/gcerioni/ws_ur16/install/control_msgs/include/control_msgs/control_msgs/msg/detail/joint_controller_state__struct.h
[4.976s] -- Up-to-date: /home/gcerioni/ws_ur16/install/control_msgs/include/control_msgs/control_msgs/msg/detail/steering_controller_status__struct.h
[4.976s] -- Up-to-date: /home/gcerioni/ws_ur16/install/control_msgs/include/control_msgs/control_msgs/msg/detail/gripper_command__struct.h
[4.977s] -- Up-to-date: /home/gcerioni/ws_ur16/install/control_msgs/include/control_msgs/control_msgs/msg/detail/joint_tolerance__type_support.h
[4.977s] -- Up-to-date: /home/gcerioni/ws_ur16/install/control_msgs/include/control_msgs/control_msgs/msg/detail/interface_value__struct.h
[4.977s] -- Up-to-date: /home/gcerioni/ws_ur16/install/control_msgs/include/control_msgs/control_msgs/msg/detail/dynamic_interface_group_values__functions.h
[4.978s] -- Up-to-date: /home/gcerioni/ws_ur16/install/control_msgs/include/control_msgs/control_msgs/msg/detail/dynamic_interface_group_values__struct.h
[4.978s] -- Up-to-date: /home/gcerioni/ws_ur16/install/control_msgs/include/control_msgs/control_msgs/msg/detail/dynamic_joint_state__type_support.h
[4.978s] -- Up-to-date: /home/gcerioni/ws_ur16/install/control_msgs/include/control_msgs/control_msgs/msg/detail/pid_state__type_support.h
[4.978s] -- Up-to-date: /home/gcerioni/ws_ur16/install/control_msgs/include/control_msgs/control_msgs/msg/detail/gripper_command__type_support.h
[4.978s] -- Up-to-date: /home/gcerioni/ws_ur16/install/control_msgs/include/control_msgs/control_msgs/msg/detail/pid_state__functions.c
[4.978s] -- Up-to-date: /home/gcerioni/ws_ur16/install/control_msgs/include/control_msgs/control_msgs/msg/detail/joint_component_tolerance__functions.h
[4.978s] -- Up-to-date: /home/gcerioni/ws_ur16/install/control_msgs/include/control_msgs/control_msgs/msg/detail/admittance_controller_state__type_support.h
[4.979s] -- Up-to-date: /home/gcerioni/ws_ur16/install/control_msgs/include/control_msgs/control_msgs/msg/detail/pid_state__functions.h
[4.979s] -- Up-to-date: /home/gcerioni/ws_ur16/install/control_msgs/include/control_msgs/control_msgs/msg/detail/joint_controller_state__functions.h
[4.979s] -- Up-to-date: /home/gcerioni/ws_ur16/install/control_msgs/include/control_msgs/control_msgs/msg/detail/joint_controller_state__type_support.h
[4.979s] -- Up-to-date: /home/gcerioni/ws_ur16/install/control_msgs/include/control_msgs/control_msgs/msg/detail/joint_tolerance__functions.h
[4.979s] -- Up-to-date: /home/gcerioni/ws_ur16/install/control_msgs/include/control_msgs/control_msgs/msg/detail/dynamic_joint_state__struct.h
[4.979s] -- Up-to-date: /home/gcerioni/ws_ur16/install/control_msgs/include/control_msgs/control_msgs/msg/detail/interface_value__type_support.h
[4.980s] -- Up-to-date: /home/gcerioni/ws_ur16/install/control_msgs/include/control_msgs/control_msgs/msg/detail/multi_dof_command__type_support.h
[4.980s] -- Up-to-date: /home/gcerioni/ws_ur16/install/control_msgs/include/control_msgs/control_msgs/msg/detail/single_dof_state_stamped__type_support.h
[4.980s] -- Up-to-date: /home/gcerioni/ws_ur16/install/control_msgs/include/control_msgs/control_msgs/msg/detail/dynamic_interface_group_values__type_support.h
[4.980s] -- Up-to-date: /home/gcerioni/ws_ur16/install/control_msgs/include/control_msgs/control_msgs/msg/detail/single_dof_state_stamped__functions.h
[4.980s] -- Up-to-date: /home/gcerioni/ws_ur16/install/control_msgs/include/control_msgs/control_msgs/msg/detail/single_dof_state_stamped__functions.c
[4.980s] -- Up-to-date: /home/gcerioni/ws_ur16/install/control_msgs/include/control_msgs/control_msgs/msg/detail/interface_value__functions.c
[4.981s] -- Up-to-date: /home/gcerioni/ws_ur16/install/control_msgs/include/control_msgs/control_msgs/msg/detail/joint_trajectory_controller_state__functions.h
[4.981s] -- Up-to-date: /home/gcerioni/ws_ur16/install/control_msgs/include/control_msgs/control_msgs/msg/detail/joint_tolerance__struct.h
[4.981s] -- Up-to-date: /home/gcerioni/ws_ur16/install/control_msgs/include/control_msgs/control_msgs/msg/detail/admittance_controller_state__functions.c
[4.981s] -- Up-to-date: /home/gcerioni/ws_ur16/install/control_msgs/include/control_msgs/control_msgs/msg/detail/steering_controller_status__type_support.h
[4.981s] -- Up-to-date: /home/gcerioni/ws_ur16/install/control_msgs/include/control_msgs/control_msgs/msg/detail/single_dof_state__functions.h
[4.982s] -- Up-to-date: /home/gcerioni/ws_ur16/install/control_msgs/include/control_msgs/control_msgs/msg/detail/interface_value__functions.h
[4.982s] -- Up-to-date: /home/gcerioni/ws_ur16/install/control_msgs/include/control_msgs/control_msgs/msg/detail/joint_trajectory_controller_state__struct.h
[4.982s] -- Up-to-date: /home/gcerioni/ws_ur16/install/control_msgs/include/control_msgs/control_msgs/msg/detail/joint_jog__type_support.h
[4.982s] -- Up-to-date: /home/gcerioni/ws_ur16/install/control_msgs/include/control_msgs/control_msgs/msg/detail/joint_trajectory_controller_state__functions.c
[4.983s] -- Up-to-date: /home/gcerioni/ws_ur16/install/control_msgs/include/control_msgs/control_msgs/msg/detail/dynamic_joint_state__functions.c
[4.983s] -- Up-to-date: /home/gcerioni/ws_ur16/install/control_msgs/include/control_msgs/control_msgs/msg/detail/admittance_controller_state__functions.h
[4.983s] -- Up-to-date: /home/gcerioni/ws_ur16/install/control_msgs/include/control_msgs/control_msgs/msg/detail/joint_component_tolerance__type_support.h
[4.983s] -- Up-to-date: /home/gcerioni/ws_ur16/install/control_msgs/include/control_msgs/control_msgs/msg/detail/gripper_command__functions.h
[4.983s] -- Up-to-date: /home/gcerioni/ws_ur16/install/control_msgs/include/control_msgs/control_msgs/msg/detail/multi_dof_state_stamped__struct.h
[4.983s] -- Up-to-date: /home/gcerioni/ws_ur16/install/control_msgs/include/control_msgs/control_msgs/msg/detail/mecanum_drive_controller_state__functions.c
[4.984s] -- Up-to-date: /home/gcerioni/ws_ur16/install/control_msgs/include/control_msgs/control_msgs/msg/detail/joint_component_tolerance__functions.c
[4.984s] -- Up-to-date: /home/gcerioni/ws_ur16/install/control_msgs/include/control_msgs/control_msgs/msg/detail/joint_trajectory_controller_state__type_support.h
[4.984s] -- Up-to-date: /home/gcerioni/ws_ur16/install/control_msgs/include/control_msgs/control_msgs/msg/detail/admittance_controller_state__struct.h
[4.984s] -- Up-to-date: /home/gcerioni/ws_ur16/install/control_msgs/include/control_msgs/control_msgs/msg/detail/mecanum_drive_controller_state__functions.h
[4.984s] -- Up-to-date: /home/gcerioni/ws_ur16/install/control_msgs/include/control_msgs/control_msgs/msg/detail/multi_dof_command__struct.h
[4.985s] -- Up-to-date: /home/gcerioni/ws_ur16/install/control_msgs/include/control_msgs/control_msgs/msg/detail/multi_dof_state_stamped__functions.h
[4.985s] -- Up-to-date: /home/gcerioni/ws_ur16/install/control_msgs/include/control_msgs/control_msgs/msg/detail/joint_component_tolerance__struct.h
[4.985s] -- Up-to-date: /home/gcerioni/ws_ur16/install/control_msgs/include/control_msgs/control_msgs/msg/detail/joint_tolerance__functions.c
[4.985s] -- Up-to-date: /home/gcerioni/ws_ur16/install/control_msgs/include/control_msgs/control_msgs/msg/detail/joint_jog__struct.h
[4.985s] -- Up-to-date: /home/gcerioni/ws_ur16/install/control_msgs/include/control_msgs/control_msgs/msg/detail/mecanum_drive_controller_state__struct.h
[4.986s] -- Up-to-date: /home/gcerioni/ws_ur16/install/control_msgs/include/control_msgs/control_msgs/msg/detail/mecanum_drive_controller_state__type_support.h
[4.986s] -- Up-to-date: /home/gcerioni/ws_ur16/install/control_msgs/include/control_msgs/control_msgs/msg/detail/joint_controller_state__functions.c
[4.986s] -- Up-to-date: /home/gcerioni/ws_ur16/install/control_msgs/include/control_msgs/control_msgs/msg/detail/single_dof_state__struct.h
[4.986s] -- Up-to-date: /home/gcerioni/ws_ur16/install/control_msgs/include/control_msgs/control_msgs/msg/detail/joint_jog__functions.h
[4.986s] -- Up-to-date: /home/gcerioni/ws_ur16/install/control_msgs/include/control_msgs/control_msgs/msg/detail/single_dof_state_stamped__struct.h
[4.986s] -- Up-to-date: /home/gcerioni/ws_ur16/install/control_msgs/include/control_msgs/control_msgs/msg/detail/steering_controller_status__functions.c
[4.986s] -- Up-to-date: /home/gcerioni/ws_ur16/install/control_msgs/include/control_msgs/control_msgs/msg/detail/dynamic_joint_state__functions.h
[4.986s] -- Up-to-date: /home/gcerioni/ws_ur16/install/control_msgs/include/control_msgs/control_msgs/msg/detail/multi_dof_command__functions.h
[4.986s] -- Up-to-date: /home/gcerioni/ws_ur16/install/control_msgs/include/control_msgs/control_msgs/msg/detail/single_dof_state__functions.c
[4.987s] -- Up-to-date: /home/gcerioni/ws_ur16/install/control_msgs/include/control_msgs/control_msgs/msg/detail/dynamic_interface_group_values__functions.c
[4.987s] -- Up-to-date: /home/gcerioni/ws_ur16/install/control_msgs/include/control_msgs/control_msgs/msg/detail/steering_controller_status__functions.h
[4.987s] -- Up-to-date: /home/gcerioni/ws_ur16/install/control_msgs/include/control_msgs/control_msgs/msg/detail/multi_dof_command__functions.c
[4.987s] -- Up-to-date: /home/gcerioni/ws_ur16/install/control_msgs/include/control_msgs/control_msgs/msg/detail/pid_state__struct.h
[4.987s] -- Up-to-date: /home/gcerioni/ws_ur16/install/control_msgs/include/control_msgs/control_msgs/msg/joint_component_tolerance.h
[4.988s] -- Up-to-date: /home/gcerioni/ws_ur16/install/control_msgs/include/control_msgs/control_msgs/msg/interface_value.h
[4.988s] -- Up-to-date: /home/gcerioni/ws_ur16/install/control_msgs/include/control_msgs/control_msgs/msg/multi_dof_state_stamped.h
[4.988s] -- Up-to-date: /home/gcerioni/ws_ur16/install/control_msgs/include/control_msgs/control_msgs/msg/dynamic_interface_group_values.h
[4.988s] -- Up-to-date: /home/gcerioni/ws_ur16/install/control_msgs/include/control_msgs/control_msgs/msg/rosidl_generator_c__visibility_control.h
[4.988s] -- Up-to-date: /home/gcerioni/ws_ur16/install/control_msgs/include/control_msgs/control_msgs/msg/dynamic_joint_state.h
[4.988s] -- Up-to-date: /home/gcerioni/ws_ur16/install/control_msgs/include/control_msgs/control_msgs/msg/pid_state.h
[4.988s] -- Up-to-date: /home/gcerioni/ws_ur16/install/control_msgs/include/control_msgs/control_msgs/msg/mecanum_drive_controller_state.h
[4.989s] -- Up-to-date: /home/gcerioni/ws_ur16/install/control_msgs/include/control_msgs/control_msgs/msg/single_dof_state.h
[4.989s] -- Up-to-date: /home/gcerioni/ws_ur16/install/control_msgs/include/control_msgs/control_msgs/msg/multi_dof_command.h
[4.989s] -- Up-to-date: /home/gcerioni/ws_ur16/install/control_msgs/include/control_msgs/control_msgs/msg/single_dof_state_stamped.h
[4.989s] -- Up-to-date: /home/gcerioni/ws_ur16/install/control_msgs/include/control_msgs/control_msgs/msg/admittance_controller_state.h
[4.989s] -- Up-to-date: /home/gcerioni/ws_ur16/install/control_msgs/include/control_msgs/control_msgs/msg/joint_trajectory_controller_state.h
[4.989s] -- Up-to-date: /home/gcerioni/ws_ur16/install/control_msgs/include/control_msgs/control_msgs/msg/steering_controller_status.h
[4.989s] -- Up-to-date: /home/gcerioni/ws_ur16/install/control_msgs/include/control_msgs/control_msgs/msg/gripper_command.h
[4.989s] -- Up-to-date: /home/gcerioni/ws_ur16/install/control_msgs/include/control_msgs/control_msgs/action
[4.990s] -- Up-to-date: /home/gcerioni/ws_ur16/install/control_msgs/include/control_msgs/control_msgs/action/detail
[4.990s] -- Up-to-date: /home/gcerioni/ws_ur16/install/control_msgs/include/control_msgs/control_msgs/action/detail/gripper_command__functions.c
[4.990s] -- Up-to-date: /home/gcerioni/ws_ur16/install/control_msgs/include/control_msgs/control_msgs/action/detail/gripper_command__struct.h
[4.990s] -- Up-to-date: /home/gcerioni/ws_ur16/install/control_msgs/include/control_msgs/control_msgs/action/detail/single_joint_position__functions.h
[4.990s] -- Up-to-date: /home/gcerioni/ws_ur16/install/control_msgs/include/control_msgs/control_msgs/action/detail/gripper_command__type_support.h
[4.991s] -- Up-to-date: /home/gcerioni/ws_ur16/install/control_msgs/include/control_msgs/control_msgs/action/detail/point_head__functions.c
[4.991s] -- Up-to-date: /home/gcerioni/ws_ur16/install/control_msgs/include/control_msgs/control_msgs/action/detail/parallel_gripper_command__type_support.h
[4.991s] -- Up-to-date: /home/gcerioni/ws_ur16/install/control_msgs/include/control_msgs/control_msgs/action/detail/follow_joint_trajectory__functions.h
[4.991s] -- Up-to-date: /home/gcerioni/ws_ur16/install/control_msgs/include/control_msgs/control_msgs/action/detail/joint_trajectory__functions.h
[4.991s] -- Up-to-date: /home/gcerioni/ws_ur16/install/control_msgs/include/control_msgs/control_msgs/action/detail/parallel_gripper_command__functions.c
[4.991s] -- Up-to-date: /home/gcerioni/ws_ur16/install/control_msgs/include/control_msgs/control_msgs/action/detail/parallel_gripper_command__struct.h
[4.991s] -- Up-to-date: /home/gcerioni/ws_ur16/install/control_msgs/include/control_msgs/control_msgs/action/detail/joint_trajectory__struct.h
[4.991s] -- Up-to-date: /home/gcerioni/ws_ur16/install/control_msgs/include/control_msgs/control_msgs/action/detail/gripper_command__functions.h
[4.992s] -- Up-to-date: /home/gcerioni/ws_ur16/install/control_msgs/include/control_msgs/control_msgs/action/detail/single_joint_position__functions.c
[4.992s] -- Up-to-date: /home/gcerioni/ws_ur16/install/control_msgs/include/control_msgs/control_msgs/action/detail/joint_trajectory__type_support.h
[4.992s] -- Up-to-date: /home/gcerioni/ws_ur16/install/control_msgs/include/control_msgs/control_msgs/action/detail/follow_joint_trajectory__functions.c
[4.992s] -- Up-to-date: /home/gcerioni/ws_ur16/install/control_msgs/include/control_msgs/control_msgs/action/detail/single_joint_position__struct.h
[4.992s] -- Up-to-date: /home/gcerioni/ws_ur16/install/control_msgs/include/control_msgs/control_msgs/action/detail/point_head__type_support.h
[4.992s] -- Up-to-date: /home/gcerioni/ws_ur16/install/control_msgs/include/control_msgs/control_msgs/action/detail/single_joint_position__type_support.h
[4.992s] -- Up-to-date: /home/gcerioni/ws_ur16/install/control_msgs/include/control_msgs/control_msgs/action/detail/joint_trajectory__functions.c
[4.992s] -- Up-to-date: /home/gcerioni/ws_ur16/install/control_msgs/include/control_msgs/control_msgs/action/detail/parallel_gripper_command__functions.h
[4.992s] -- Up-to-date: /home/gcerioni/ws_ur16/install/control_msgs/include/control_msgs/control_msgs/action/detail/follow_joint_trajectory__type_support.h
[4.992s] -- Up-to-date: /home/gcerioni/ws_ur16/install/control_msgs/include/control_msgs/control_msgs/action/detail/point_head__struct.h
[4.992s] -- Up-to-date: /home/gcerioni/ws_ur16/install/control_msgs/include/control_msgs/control_msgs/action/detail/follow_joint_trajectory__struct.h
[4.993s] -- Up-to-date: /home/gcerioni/ws_ur16/install/control_msgs/include/control_msgs/control_msgs/action/detail/point_head__functions.h
[4.993s] -- Up-to-date: /home/gcerioni/ws_ur16/install/control_msgs/include/control_msgs/control_msgs/action/point_head.h
[4.993s] -- Up-to-date: /home/gcerioni/ws_ur16/install/control_msgs/include/control_msgs/control_msgs/action/follow_joint_trajectory.h
[4.993s] -- Up-to-date: /home/gcerioni/ws_ur16/install/control_msgs/include/control_msgs/control_msgs/action/joint_trajectory.h
[4.993s] -- Up-to-date: /home/gcerioni/ws_ur16/install/control_msgs/include/control_msgs/control_msgs/action/single_joint_position.h
[4.993s] -- Up-to-date: /home/gcerioni/ws_ur16/install/control_msgs/include/control_msgs/control_msgs/action/gripper_command.h
[4.993s] -- Up-to-date: /home/gcerioni/ws_ur16/install/control_msgs/include/control_msgs/control_msgs/action/parallel_gripper_command.h
[4.993s] -- Up-to-date: /home/gcerioni/ws_ur16/install/control_msgs/include/control_msgs/control_msgs/srv
[4.993s] -- Up-to-date: /home/gcerioni/ws_ur16/install/control_msgs/include/control_msgs/control_msgs/srv/query_trajectory_state.h
[4.994s] -- Up-to-date: /home/gcerioni/ws_ur16/install/control_msgs/include/control_msgs/control_msgs/srv/detail
[4.994s] -- Up-to-date: /home/gcerioni/ws_ur16/install/control_msgs/include/control_msgs/control_msgs/srv/detail/query_trajectory_state__functions.h
[4.994s] -- Up-to-date: /home/gcerioni/ws_ur16/install/control_msgs/include/control_msgs/control_msgs/srv/detail/query_calibration_state__type_support.h
[4.994s] -- Up-to-date: /home/gcerioni/ws_ur16/install/control_msgs/include/control_msgs/control_msgs/srv/detail/query_calibration_state__functions.h
[4.994s] -- Up-to-date: /home/gcerioni/ws_ur16/install/control_msgs/include/control_msgs/control_msgs/srv/detail/query_calibration_state__functions.c
[4.994s] -- Up-to-date: /home/gcerioni/ws_ur16/install/control_msgs/include/control_msgs/control_msgs/srv/detail/query_calibration_state__struct.h
[4.994s] -- Up-to-date: /home/gcerioni/ws_ur16/install/control_msgs/include/control_msgs/control_msgs/srv/detail/query_trajectory_state__functions.c
[4.994s] -- Up-to-date: /home/gcerioni/ws_ur16/install/control_msgs/include/control_msgs/control_msgs/srv/detail/query_trajectory_state__type_support.h
[4.995s] -- Up-to-date: /home/gcerioni/ws_ur16/install/control_msgs/include/control_msgs/control_msgs/srv/detail/query_trajectory_state__struct.h
[4.995s] -- Up-to-date: /home/gcerioni/ws_ur16/install/control_msgs/include/control_msgs/control_msgs/srv/query_calibration_state.h
[4.995s] -- Up-to-date: /home/gcerioni/ws_ur16/install/control_msgs/share/control_msgs/environment/library_path.sh
[4.995s] -- Installing: /home/gcerioni/ws_ur16/install/control_msgs/share/control_msgs/environment/library_path.dsv
[4.995s] -- Up-to-date: /home/gcerioni/ws_ur16/install/control_msgs/lib/libcontrol_msgs__rosidl_generator_c.so
[4.995s] -- Up-to-date: /home/gcerioni/ws_ur16/install/control_msgs/include/control_msgs/control_msgs
[4.995s] -- Up-to-date: /home/gcerioni/ws_ur16/install/control_msgs/include/control_msgs/control_msgs/msg
[4.995s] -- Up-to-date: /home/gcerioni/ws_ur16/install/control_msgs/include/control_msgs/control_msgs/msg/detail
[4.995s] -- Up-to-date: /home/gcerioni/ws_ur16/install/control_msgs/include/control_msgs/control_msgs/msg/detail/pid_state__rosidl_typesupport_fastrtps_c.h
[4.996s] -- Up-to-date: /home/gcerioni/ws_ur16/install/control_msgs/include/control_msgs/control_msgs/msg/detail/mecanum_drive_controller_state__rosidl_typesupport_fastrtps_c.h
[4.996s] -- Up-to-date: /home/gcerioni/ws_ur16/install/control_msgs/include/control_msgs/control_msgs/msg/detail/joint_trajectory_controller_state__rosidl_typesupport_fastrtps_c.h
[4.996s] -- Up-to-date: /home/gcerioni/ws_ur16/install/control_msgs/include/control_msgs/control_msgs/msg/detail/gripper_command__rosidl_typesupport_fastrtps_c.h
[4.996s] -- Up-to-date: /home/gcerioni/ws_ur16/install/control_msgs/include/control_msgs/control_msgs/msg/detail/multi_dof_state_stamped__rosidl_typesupport_fastrtps_c.h
[4.996s] -- Up-to-date: /home/gcerioni/ws_ur16/install/control_msgs/include/control_msgs/control_msgs/msg/detail/dynamic_interface_group_values__rosidl_typesupport_fastrtps_c.h
[4.996s] -- Up-to-date: /home/gcerioni/ws_ur16/install/control_msgs/include/control_msgs/control_msgs/msg/detail/joint_tolerance__rosidl_typesupport_fastrtps_c.h
[4.996s] -- Up-to-date: /home/gcerioni/ws_ur16/install/control_msgs/include/control_msgs/control_msgs/msg/detail/joint_jog__rosidl_typesupport_fastrtps_c.h
[4.996s] -- Up-to-date: /home/gcerioni/ws_ur16/install/control_msgs/include/control_msgs/control_msgs/msg/detail/steering_controller_status__rosidl_typesupport_fastrtps_c.h
[4.996s] -- Up-to-date: /home/gcerioni/ws_ur16/install/control_msgs/include/control_msgs/control_msgs/msg/detail/interface_value__rosidl_typesupport_fastrtps_c.h
[4.996s] -- Up-to-date: /home/gcerioni/ws_ur16/install/control_msgs/include/control_msgs/control_msgs/msg/detail/single_dof_state_stamped__rosidl_typesupport_fastrtps_c.h
[4.996s] -- Up-to-date: /home/gcerioni/ws_ur16/install/control_msgs/include/control_msgs/control_msgs/msg/detail/multi_dof_command__rosidl_typesupport_fastrtps_c.h
[4.996s] -- Up-to-date: /home/gcerioni/ws_ur16/install/control_msgs/include/control_msgs/control_msgs/msg/detail/dynamic_joint_state__rosidl_typesupport_fastrtps_c.h
[4.997s] -- Up-to-date: /home/gcerioni/ws_ur16/install/control_msgs/include/control_msgs/control_msgs/msg/detail/single_dof_state__rosidl_typesupport_fastrtps_c.h
[4.997s] -- Up-to-date: /home/gcerioni/ws_ur16/install/control_msgs/include/control_msgs/control_msgs/msg/detail/joint_component_tolerance__rosidl_typesupport_fastrtps_c.h
[4.997s] -- Up-to-date: /home/gcerioni/ws_ur16/install/control_msgs/include/control_msgs/control_msgs/msg/detail/admittance_controller_state__rosidl_typesupport_fastrtps_c.h
[4.997s] -- Up-to-date: /home/gcerioni/ws_ur16/install/control_msgs/include/control_msgs/control_msgs/msg/detail/joint_controller_state__rosidl_typesupport_fastrtps_c.h
[4.997s] -- Up-to-date: /home/gcerioni/ws_ur16/install/control_msgs/include/control_msgs/control_msgs/msg/rosidl_typesupport_fastrtps_c__visibility_control.h
[4.997s] -- Up-to-date: /home/gcerioni/ws_ur16/install/control_msgs/include/control_msgs/control_msgs/action
[4.997s] -- Up-to-date: /home/gcerioni/ws_ur16/install/control_msgs/include/control_msgs/control_msgs/action/detail
[4.997s] -- Up-to-date: /home/gcerioni/ws_ur16/install/control_msgs/include/control_msgs/control_msgs/action/detail/single_joint_position__rosidl_typesupport_fastrtps_c.h
[4.997s] -- Up-to-date: /home/gcerioni/ws_ur16/install/control_msgs/include/control_msgs/control_msgs/action/detail/gripper_command__rosidl_typesupport_fastrtps_c.h
[4.997s] -- Up-to-date: /home/gcerioni/ws_ur16/install/control_msgs/include/control_msgs/control_msgs/action/detail/point_head__rosidl_typesupport_fastrtps_c.h
[4.997s] -- Up-to-date: /home/gcerioni/ws_ur16/install/control_msgs/include/control_msgs/control_msgs/action/detail/parallel_gripper_command__rosidl_typesupport_fastrtps_c.h
[4.997s] -- Up-to-date: /home/gcerioni/ws_ur16/install/control_msgs/include/control_msgs/control_msgs/action/detail/follow_joint_trajectory__rosidl_typesupport_fastrtps_c.h
[4.998s] -- Up-to-date: /home/gcerioni/ws_ur16/install/control_msgs/include/control_msgs/control_msgs/action/detail/joint_trajectory__rosidl_typesupport_fastrtps_c.h
[4.998s] -- Up-to-date: /home/gcerioni/ws_ur16/install/control_msgs/include/control_msgs/control_msgs/srv
[4.998s] -- Up-to-date: /home/gcerioni/ws_ur16/install/control_msgs/include/control_msgs/control_msgs/srv/detail
[4.998s] -- Up-to-date: /home/gcerioni/ws_ur16/install/control_msgs/include/control_msgs/control_msgs/srv/detail/query_trajectory_state__rosidl_typesupport_fastrtps_c.h
[4.998s] -- Up-to-date: /home/gcerioni/ws_ur16/install/control_msgs/include/control_msgs/control_msgs/srv/detail/query_calibration_state__rosidl_typesupport_fastrtps_c.h
[4.998s] -- Up-to-date: /home/gcerioni/ws_ur16/install/control_msgs/lib/libcontrol_msgs__rosidl_typesupport_fastrtps_c.so
[4.998s] -- Up-to-date: /home/gcerioni/ws_ur16/install/control_msgs/include/control_msgs/control_msgs
[4.998s] -- Up-to-date: /home/gcerioni/ws_ur16/install/control_msgs/include/control_msgs/control_msgs/msg
[4.998s] -- Up-to-date: /home/gcerioni/ws_ur16/install/control_msgs/include/control_msgs/control_msgs/msg/joint_controller_state.hpp
[4.998s] -- Up-to-date: /home/gcerioni/ws_ur16/install/control_msgs/include/control_msgs/control_msgs/msg/detail
[4.998s] -- Up-to-date: /home/gcerioni/ws_ur16/install/control_msgs/include/control_msgs/control_msgs/msg/detail/admittance_controller_state__type_support.hpp
[4.999s] -- Up-to-date: /home/gcerioni/ws_ur16/install/control_msgs/include/control_msgs/control_msgs/msg/detail/joint_controller_state__type_support.hpp
[4.999s] -- Up-to-date: /home/gcerioni/ws_ur16/install/control_msgs/include/control_msgs/control_msgs/msg/detail/joint_component_tolerance__builder.hpp
[4.999s] -- Up-to-date: /home/gcerioni/ws_ur16/install/control_msgs/include/control_msgs/control_msgs/msg/detail/dynamic_interface_group_values__traits.hpp
[4.999s] -- Up-to-date: /home/gcerioni/ws_ur16/install/control_msgs/include/control_msgs/control_msgs/msg/detail/gripper_command__struct.hpp
[4.999s] -- Up-to-date: /home/gcerioni/ws_ur16/install/control_msgs/include/control_msgs/control_msgs/msg/detail/single_dof_state_stamped__type_support.hpp
[4.999s] -- Up-to-date: /home/gcerioni/ws_ur16/install/control_msgs/include/control_msgs/control_msgs/msg/detail/pid_state__struct.hpp
[4.999s] -- Up-to-date: /home/gcerioni/ws_ur16/install/control_msgs/include/control_msgs/control_msgs/msg/detail/pid_state__builder.hpp
[4.999s] -- Up-to-date: /home/gcerioni/ws_ur16/install/control_msgs/include/control_msgs/control_msgs/msg/detail/dynamic_joint_state__struct.hpp
[4.999s] -- Up-to-date: /home/gcerioni/ws_ur16/install/control_msgs/include/control_msgs/control_msgs/msg/detail/dynamic_interface_group_values__struct.hpp
[4.999s] -- Up-to-date: /home/gcerioni/ws_ur16/install/control_msgs/include/control_msgs/control_msgs/msg/detail/joint_tolerance__struct.hpp
[5.000s] -- Up-to-date: /home/gcerioni/ws_ur16/install/control_msgs/include/control_msgs/control_msgs/msg/detail/admittance_controller_state__traits.hpp
[5.000s] -- Up-to-date: /home/gcerioni/ws_ur16/install/control_msgs/include/control_msgs/control_msgs/msg/detail/mecanum_drive_controller_state__builder.hpp
[5.000s] -- Up-to-date: /home/gcerioni/ws_ur16/install/control_msgs/include/control_msgs/control_msgs/msg/detail/single_dof_state_stamped__traits.hpp
[5.000s] -- Up-to-date: /home/gcerioni/ws_ur16/install/control_msgs/include/control_msgs/control_msgs/msg/detail/interface_value__builder.hpp
[5.000s] -- Up-to-date: /home/gcerioni/ws_ur16/install/control_msgs/include/control_msgs/control_msgs/msg/detail/joint_jog__struct.hpp
[5.000s] -- Up-to-date: /home/gcerioni/ws_ur16/install/control_msgs/include/control_msgs/control_msgs/msg/detail/joint_controller_state__builder.hpp
[5.000s] -- Up-to-date: /home/gcerioni/ws_ur16/install/control_msgs/include/control_msgs/control_msgs/msg/detail/joint_jog__builder.hpp
[5.000s] -- Up-to-date: /home/gcerioni/ws_ur16/install/control_msgs/include/control_msgs/control_msgs/msg/detail/multi_dof_command__traits.hpp
[5.000s] -- Up-to-date: /home/gcerioni/ws_ur16/install/control_msgs/include/control_msgs/control_msgs/msg/detail/steering_controller_status__type_support.hpp
[5.000s] -- Up-to-date: /home/gcerioni/ws_ur16/install/control_msgs/include/control_msgs/control_msgs/msg/detail/admittance_controller_state__builder.hpp
[5.000s] -- Up-to-date: /home/gcerioni/ws_ur16/install/control_msgs/include/control_msgs/control_msgs/msg/detail/pid_state__type_support.hpp
[5.000s] -- Up-to-date: /home/gcerioni/ws_ur16/install/control_msgs/include/control_msgs/control_msgs/msg/detail/mecanum_drive_controller_state__struct.hpp
[5.001s] -- Up-to-date: /home/gcerioni/ws_ur16/install/control_msgs/include/control_msgs/control_msgs/msg/detail/dynamic_joint_state__type_support.hpp
[5.001s] -- Up-to-date: /home/gcerioni/ws_ur16/install/control_msgs/include/control_msgs/control_msgs/msg/detail/joint_jog__type_support.hpp
[5.001s] -- Up-to-date: /home/gcerioni/ws_ur16/install/control_msgs/include/control_msgs/control_msgs/msg/detail/interface_value__traits.hpp
[5.001s] -- Up-to-date: /home/gcerioni/ws_ur16/install/control_msgs/include/control_msgs/control_msgs/msg/detail/joint_trajectory_controller_state__traits.hpp
[5.001s] -- Up-to-date: /home/gcerioni/ws_ur16/install/control_msgs/include/control_msgs/control_msgs/msg/detail/interface_value__type_support.hpp
[5.001s] -- Up-to-date: /home/gcerioni/ws_ur16/install/control_msgs/include/control_msgs/control_msgs/msg/detail/steering_controller_status__struct.hpp
[5.001s] -- Up-to-date: /home/gcerioni/ws_ur16/install/control_msgs/include/control_msgs/control_msgs/msg/detail/joint_trajectory_controller_state__struct.hpp
[5.001s] -- Up-to-date: /home/gcerioni/ws_ur16/install/control_msgs/include/control_msgs/control_msgs/msg/detail/single_dof_state__traits.hpp
[5.001s] -- Up-to-date: /home/gcerioni/ws_ur16/install/control_msgs/include/control_msgs/control_msgs/msg/detail/pid_state__traits.hpp
[5.001s] -- Up-to-date: /home/gcerioni/ws_ur16/install/control_msgs/include/control_msgs/control_msgs/msg/detail/single_dof_state_stamped__builder.hpp
[5.001s] -- Up-to-date: /home/gcerioni/ws_ur16/install/control_msgs/include/control_msgs/control_msgs/msg/detail/mecanum_drive_controller_state__traits.hpp
[5.002s] -- Up-to-date: /home/gcerioni/ws_ur16/install/control_msgs/include/control_msgs/control_msgs/msg/detail/single_dof_state_stamped__struct.hpp
[5.002s] -- Up-to-date: /home/gcerioni/ws_ur16/install/control_msgs/include/control_msgs/control_msgs/msg/detail/joint_tolerance__type_support.hpp
[5.002s] -- Up-to-date: /home/gcerioni/ws_ur16/install/control_msgs/include/control_msgs/control_msgs/msg/detail/interface_value__struct.hpp
[5.002s] -- Up-to-date: /home/gcerioni/ws_ur16/install/control_msgs/include/control_msgs/control_msgs/msg/detail/dynamic_interface_group_values__builder.hpp
[5.002s] -- Up-to-date: /home/gcerioni/ws_ur16/install/control_msgs/include/control_msgs/control_msgs/msg/detail/multi_dof_state_stamped__type_support.hpp
[5.002s] -- Up-to-date: /home/gcerioni/ws_ur16/install/control_msgs/include/control_msgs/control_msgs/msg/detail/dynamic_joint_state__traits.hpp
[5.002s] -- Up-to-date: /home/gcerioni/ws_ur16/install/control_msgs/include/control_msgs/control_msgs/msg/detail/joint_component_tolerance__type_support.hpp
[5.002s] -- Up-to-date: /home/gcerioni/ws_ur16/install/control_msgs/include/control_msgs/control_msgs/msg/detail/multi_dof_state_stamped__struct.hpp
[5.002s] -- Up-to-date: /home/gcerioni/ws_ur16/install/control_msgs/include/control_msgs/control_msgs/msg/detail/mecanum_drive_controller_state__type_support.hpp
[5.002s] -- Up-to-date: /home/gcerioni/ws_ur16/install/control_msgs/include/control_msgs/control_msgs/msg/detail/steering_controller_status__builder.hpp
[5.002s] -- Up-to-date: /home/gcerioni/ws_ur16/install/control_msgs/include/control_msgs/control_msgs/msg/detail/joint_trajectory_controller_state__builder.hpp
[5.003s] -- Up-to-date: /home/gcerioni/ws_ur16/install/control_msgs/include/control_msgs/control_msgs/msg/detail/joint_controller_state__traits.hpp
[5.003s] -- Up-to-date: /home/gcerioni/ws_ur16/install/control_msgs/include/control_msgs/control_msgs/msg/detail/joint_trajectory_controller_state__type_support.hpp
[5.003s] -- Up-to-date: /home/gcerioni/ws_ur16/install/control_msgs/include/control_msgs/control_msgs/msg/detail/multi_dof_state_stamped__builder.hpp
[5.003s] -- Up-to-date: /home/gcerioni/ws_ur16/install/control_msgs/include/control_msgs/control_msgs/msg/detail/joint_component_tolerance__struct.hpp
[5.003s] -- Up-to-date: /home/gcerioni/ws_ur16/install/control_msgs/include/control_msgs/control_msgs/msg/detail/joint_tolerance__traits.hpp
[5.003s] -- Up-to-date: /home/gcerioni/ws_ur16/install/control_msgs/include/control_msgs/control_msgs/msg/detail/multi_dof_command__builder.hpp
[5.003s] -- Up-to-date: /home/gcerioni/ws_ur16/install/control_msgs/include/control_msgs/control_msgs/msg/detail/admittance_controller_state__struct.hpp
[5.003s] -- Up-to-date: /home/gcerioni/ws_ur16/install/control_msgs/include/control_msgs/control_msgs/msg/detail/joint_tolerance__builder.hpp
[5.003s] -- Up-to-date: /home/gcerioni/ws_ur16/install/control_msgs/include/control_msgs/control_msgs/msg/detail/multi_dof_state_stamped__traits.hpp
[5.003s] -- Up-to-date: /home/gcerioni/ws_ur16/install/control_msgs/include/control_msgs/control_msgs/msg/detail/steering_controller_status__traits.hpp
[5.003s] -- Up-to-date: /home/gcerioni/ws_ur16/install/control_msgs/include/control_msgs/control_msgs/msg/detail/multi_dof_command__struct.hpp
[5.003s] -- Up-to-date: /home/gcerioni/ws_ur16/install/control_msgs/include/control_msgs/control_msgs/msg/detail/gripper_command__traits.hpp
[5.004s] -- Up-to-date: /home/gcerioni/ws_ur16/install/control_msgs/include/control_msgs/control_msgs/msg/detail/dynamic_joint_state__builder.hpp
[5.004s] -- Up-to-date: /home/gcerioni/ws_ur16/install/control_msgs/include/control_msgs/control_msgs/msg/detail/single_dof_state__struct.hpp
[5.004s] -- Up-to-date: /home/gcerioni/ws_ur16/install/control_msgs/include/control_msgs/control_msgs/msg/detail/joint_component_tolerance__traits.hpp
[5.004s] -- Up-to-date: /home/gcerioni/ws_ur16/install/control_msgs/include/control_msgs/control_msgs/msg/detail/joint_jog__traits.hpp
[5.004s] -- Up-to-date: /home/gcerioni/ws_ur16/install/control_msgs/include/control_msgs/control_msgs/msg/detail/single_dof_state__type_support.hpp
[5.004s] -- Up-to-date: /home/gcerioni/ws_ur16/install/control_msgs/include/control_msgs/control_msgs/msg/detail/gripper_command__builder.hpp
[5.004s] -- Up-to-date: /home/gcerioni/ws_ur16/install/control_msgs/include/control_msgs/control_msgs/msg/detail/multi_dof_command__type_support.hpp
[5.004s] -- Up-to-date: /home/gcerioni/ws_ur16/install/control_msgs/include/control_msgs/control_msgs/msg/detail/single_dof_state__builder.hpp
[5.004s] -- Up-to-date: /home/gcerioni/ws_ur16/install/control_msgs/include/control_msgs/control_msgs/msg/detail/gripper_command__type_support.hpp
[5.004s] -- Up-to-date: /home/gcerioni/ws_ur16/install/control_msgs/include/control_msgs/control_msgs/msg/detail/dynamic_interface_group_values__type_support.hpp
[5.004s] -- Up-to-date: /home/gcerioni/ws_ur16/install/control_msgs/include/control_msgs/control_msgs/msg/detail/joint_controller_state__struct.hpp
[5.005s] -- Up-to-date: /home/gcerioni/ws_ur16/install/control_msgs/include/control_msgs/control_msgs/msg/gripper_command.hpp
[5.005s] -- Up-to-date: /home/gcerioni/ws_ur16/install/control_msgs/include/control_msgs/control_msgs/msg/mecanum_drive_controller_state.hpp
[5.005s] -- Up-to-date: /home/gcerioni/ws_ur16/install/control_msgs/include/control_msgs/control_msgs/msg/joint_tolerance.hpp
[5.005s] -- Up-to-date: /home/gcerioni/ws_ur16/install/control_msgs/include/control_msgs/control_msgs/msg/multi_dof_state_stamped.hpp
[5.005s] -- Up-to-date: /home/gcerioni/ws_ur16/install/control_msgs/include/control_msgs/control_msgs/msg/pid_state.hpp
[5.005s] -- Up-to-date: /home/gcerioni/ws_ur16/install/control_msgs/include/control_msgs/control_msgs/msg/interface_value.hpp
[5.005s] -- Up-to-date: /home/gcerioni/ws_ur16/install/control_msgs/include/control_msgs/control_msgs/msg/single_dof_state_stamped.hpp
[5.005s] -- Up-to-date: /home/gcerioni/ws_ur16/install/control_msgs/include/control_msgs/control_msgs/msg/joint_component_tolerance.hpp
[5.005s] -- Up-to-date: /home/gcerioni/ws_ur16/install/control_msgs/include/control_msgs/control_msgs/msg/admittance_controller_state.hpp
[5.005s] -- Up-to-date: /home/gcerioni/ws_ur16/install/control_msgs/include/control_msgs/control_msgs/msg/joint_jog.hpp
[5.005s] -- Up-to-date: /home/gcerioni/ws_ur16/install/control_msgs/include/control_msgs/control_msgs/msg/joint_trajectory_controller_state.hpp
[5.005s] -- Up-to-date: /home/gcerioni/ws_ur16/install/control_msgs/include/control_msgs/control_msgs/msg/dynamic_interface_group_values.hpp
[5.006s] -- Up-to-date: /home/gcerioni/ws_ur16/install/control_msgs/include/control_msgs/control_msgs/msg/single_dof_state.hpp
[5.006s] -- Up-to-date: /home/gcerioni/ws_ur16/install/control_msgs/include/control_msgs/control_msgs/msg/rosidl_generator_cpp__visibility_control.hpp
[5.006s] -- Up-to-date: /home/gcerioni/ws_ur16/install/control_msgs/include/control_msgs/control_msgs/msg/dynamic_joint_state.hpp
[5.006s] -- Up-to-date: /home/gcerioni/ws_ur16/install/control_msgs/include/control_msgs/control_msgs/msg/steering_controller_status.hpp
[5.006s] -- Up-to-date: /home/gcerioni/ws_ur16/install/control_msgs/include/control_msgs/control_msgs/msg/multi_dof_command.hpp
[5.006s] -- Up-to-date: /home/gcerioni/ws_ur16/install/control_msgs/include/control_msgs/control_msgs/action
[5.006s] -- Up-to-date: /home/gcerioni/ws_ur16/install/control_msgs/include/control_msgs/control_msgs/action/joint_trajectory.hpp
[5.006s] -- Up-to-date: /home/gcerioni/ws_ur16/install/control_msgs/include/control_msgs/control_msgs/action/detail
[5.006s] -- Up-to-date: /home/gcerioni/ws_ur16/install/control_msgs/include/control_msgs/control_msgs/action/detail/joint_trajectory__builder.hpp
[5.006s] -- Up-to-date: /home/gcerioni/ws_ur16/install/control_msgs/include/control_msgs/control_msgs/action/detail/single_joint_position__builder.hpp
[5.006s] -- Up-to-date: /home/gcerioni/ws_ur16/install/control_msgs/include/control_msgs/control_msgs/action/detail/joint_trajectory__traits.hpp
[5.007s] -- Up-to-date: /home/gcerioni/ws_ur16/install/control_msgs/include/control_msgs/control_msgs/action/detail/single_joint_position__traits.hpp
[5.007s] -- Up-to-date: /home/gcerioni/ws_ur16/install/control_msgs/include/control_msgs/control_msgs/action/detail/gripper_command__struct.hpp
[5.007s] -- Up-to-date: /home/gcerioni/ws_ur16/install/control_msgs/include/control_msgs/control_msgs/action/detail/point_head__traits.hpp
[5.007s] -- Up-to-date: /home/gcerioni/ws_ur16/install/control_msgs/include/control_msgs/control_msgs/action/detail/parallel_gripper_command__type_support.hpp
[5.007s] -- Up-to-date: /home/gcerioni/ws_ur16/install/control_msgs/include/control_msgs/control_msgs/action/detail/point_head__builder.hpp
[5.007s] -- Up-to-date: /home/gcerioni/ws_ur16/install/control_msgs/include/control_msgs/control_msgs/action/detail/point_head__type_support.hpp
[5.007s] -- Up-to-date: /home/gcerioni/ws_ur16/install/control_msgs/include/control_msgs/control_msgs/action/detail/parallel_gripper_command__traits.hpp
[5.007s] -- Up-to-date: /home/gcerioni/ws_ur16/install/control_msgs/include/control_msgs/control_msgs/action/detail/follow_joint_trajectory__builder.hpp
[5.007s] -- Up-to-date: /home/gcerioni/ws_ur16/install/control_msgs/include/control_msgs/control_msgs/action/detail/joint_trajectory__type_support.hpp
[5.007s] -- Up-to-date: /home/gcerioni/ws_ur16/install/control_msgs/include/control_msgs/control_msgs/action/detail/joint_trajectory__struct.hpp
[5.007s] -- Up-to-date: /home/gcerioni/ws_ur16/install/control_msgs/include/control_msgs/control_msgs/action/detail/follow_joint_trajectory__type_support.hpp
[5.007s] -- Up-to-date: /home/gcerioni/ws_ur16/install/control_msgs/include/control_msgs/control_msgs/action/detail/follow_joint_trajectory__traits.hpp
[5.008s] -- Up-to-date: /home/gcerioni/ws_ur16/install/control_msgs/include/control_msgs/control_msgs/action/detail/parallel_gripper_command__struct.hpp
[5.008s] -- Up-to-date: /home/gcerioni/ws_ur16/install/control_msgs/include/control_msgs/control_msgs/action/detail/point_head__struct.hpp
[5.008s] -- Up-to-date: /home/gcerioni/ws_ur16/install/control_msgs/include/control_msgs/control_msgs/action/detail/gripper_command__traits.hpp
[5.008s] -- Up-to-date: /home/gcerioni/ws_ur16/install/control_msgs/include/control_msgs/control_msgs/action/detail/follow_joint_trajectory__struct.hpp
[5.008s] -- Up-to-date: /home/gcerioni/ws_ur16/install/control_msgs/include/control_msgs/control_msgs/action/detail/single_joint_position__type_support.hpp
[5.008s] -- Up-to-date: /home/gcerioni/ws_ur16/install/control_msgs/include/control_msgs/control_msgs/action/detail/parallel_gripper_command__builder.hpp
[5.008s] -- Up-to-date: /home/gcerioni/ws_ur16/install/control_msgs/include/control_msgs/control_msgs/action/detail/single_joint_position__struct.hpp
[5.008s] -- Up-to-date: /home/gcerioni/ws_ur16/install/control_msgs/include/control_msgs/control_msgs/action/detail/gripper_command__builder.hpp
[5.008s] -- Up-to-date: /home/gcerioni/ws_ur16/install/control_msgs/include/control_msgs/control_msgs/action/detail/gripper_command__type_support.hpp
[5.008s] -- Up-to-date: /home/gcerioni/ws_ur16/install/control_msgs/include/control_msgs/control_msgs/action/gripper_command.hpp
[5.008s] -- Up-to-date: /home/gcerioni/ws_ur16/install/control_msgs/include/control_msgs/control_msgs/action/parallel_gripper_command.hpp
[5.008s] -- Up-to-date: /home/gcerioni/ws_ur16/install/control_msgs/include/control_msgs/control_msgs/action/point_head.hpp
[5.009s] -- Up-to-date: /home/gcerioni/ws_ur16/install/control_msgs/include/control_msgs/control_msgs/action/follow_joint_trajectory.hpp
[5.009s] -- Up-to-date: /home/gcerioni/ws_ur16/install/control_msgs/include/control_msgs/control_msgs/action/single_joint_position.hpp
[5.009s] -- Up-to-date: /home/gcerioni/ws_ur16/install/control_msgs/include/control_msgs/control_msgs/srv
[5.009s] -- Up-to-date: /home/gcerioni/ws_ur16/install/control_msgs/include/control_msgs/control_msgs/srv/detail
[5.009s] -- Up-to-date: /home/gcerioni/ws_ur16/install/control_msgs/include/control_msgs/control_msgs/srv/detail/query_calibration_state__builder.hpp
[5.009s] -- Up-to-date: /home/gcerioni/ws_ur16/install/control_msgs/include/control_msgs/control_msgs/srv/detail/query_calibration_state__struct.hpp
[5.009s] -- Up-to-date: /home/gcerioni/ws_ur16/install/control_msgs/include/control_msgs/control_msgs/srv/detail/query_calibration_state__traits.hpp
[5.009s] -- Up-to-date: /home/gcerioni/ws_ur16/install/control_msgs/include/control_msgs/control_msgs/srv/detail/query_trajectory_state__type_support.hpp
[5.009s] -- Up-to-date: /home/gcerioni/ws_ur16/install/control_msgs/include/control_msgs/control_msgs/srv/detail/query_trajectory_state__builder.hpp
[5.009s] -- Up-to-date: /home/gcerioni/ws_ur16/install/control_msgs/include/control_msgs/control_msgs/srv/detail/query_trajectory_state__struct.hpp
[5.009s] -- Up-to-date: /home/gcerioni/ws_ur16/install/control_msgs/include/control_msgs/control_msgs/srv/detail/query_calibration_state__type_support.hpp
[5.010s] -- Up-to-date: /home/gcerioni/ws_ur16/install/control_msgs/include/control_msgs/control_msgs/srv/detail/query_trajectory_state__traits.hpp
[5.010s] -- Up-to-date: /home/gcerioni/ws_ur16/install/control_msgs/include/control_msgs/control_msgs/srv/query_calibration_state.hpp
[5.010s] -- Up-to-date: /home/gcerioni/ws_ur16/install/control_msgs/include/control_msgs/control_msgs/srv/query_trajectory_state.hpp
[5.010s] -- Up-to-date: /home/gcerioni/ws_ur16/install/control_msgs/include/control_msgs/control_msgs
[5.010s] -- Up-to-date: /home/gcerioni/ws_ur16/install/control_msgs/include/control_msgs/control_msgs/msg
[5.010s] -- Up-to-date: /home/gcerioni/ws_ur16/install/control_msgs/include/control_msgs/control_msgs/msg/detail
[5.010s] -- Up-to-date: /home/gcerioni/ws_ur16/install/control_msgs/include/control_msgs/control_msgs/msg/detail/gripper_command__rosidl_typesupport_fastrtps_cpp.hpp
[5.010s] -- Up-to-date: /home/gcerioni/ws_ur16/install/control_msgs/include/control_msgs/control_msgs/msg/detail/single_dof_state__rosidl_typesupport_fastrtps_cpp.hpp
[5.010s] -- Up-to-date: /home/gcerioni/ws_ur16/install/control_msgs/include/control_msgs/control_msgs/msg/detail/joint_jog__rosidl_typesupport_fastrtps_cpp.hpp
[5.010s] -- Up-to-date: /home/gcerioni/ws_ur16/install/control_msgs/include/control_msgs/control_msgs/msg/detail/multi_dof_state_stamped__rosidl_typesupport_fastrtps_cpp.hpp
[5.010s] -- Up-to-date: /home/gcerioni/ws_ur16/install/control_msgs/include/control_msgs/control_msgs/msg/detail/joint_controller_state__rosidl_typesupport_fastrtps_cpp.hpp
[5.010s] -- Up-to-date: /home/gcerioni/ws_ur16/install/control_msgs/include/control_msgs/control_msgs/msg/detail/interface_value__rosidl_typesupport_fastrtps_cpp.hpp
[5.011s] -- Up-to-date: /home/gcerioni/ws_ur16/install/control_msgs/include/control_msgs/control_msgs/msg/detail/pid_state__rosidl_typesupport_fastrtps_cpp.hpp
[5.011s] -- Up-to-date: /home/gcerioni/ws_ur16/install/control_msgs/include/control_msgs/control_msgs/msg/detail/joint_trajectory_controller_state__rosidl_typesupport_fastrtps_cpp.hpp
[5.011s] -- Up-to-date: /home/gcerioni/ws_ur16/install/control_msgs/include/control_msgs/control_msgs/msg/detail/multi_dof_command__rosidl_typesupport_fastrtps_cpp.hpp
[5.011s] -- Up-to-date: /home/gcerioni/ws_ur16/install/control_msgs/include/control_msgs/control_msgs/msg/detail/dds_fastrtps
[5.011s] -- Up-to-date: /home/gcerioni/ws_ur16/install/control_msgs/include/control_msgs/control_msgs/msg/detail/joint_component_tolerance__rosidl_typesupport_fastrtps_cpp.hpp
[5.011s] -- Up-to-date: /home/gcerioni/ws_ur16/install/control_msgs/include/control_msgs/control_msgs/msg/detail/single_dof_state_stamped__rosidl_typesupport_fastrtps_cpp.hpp
[5.011s] -- Up-to-date: /home/gcerioni/ws_ur16/install/control_msgs/include/control_msgs/control_msgs/msg/detail/mecanum_drive_controller_state__rosidl_typesupport_fastrtps_cpp.hpp
[5.011s] -- Up-to-date: /home/gcerioni/ws_ur16/install/control_msgs/include/control_msgs/control_msgs/msg/detail/steering_controller_status__rosidl_typesupport_fastrtps_cpp.hpp
[5.011s] -- Up-to-date: /home/gcerioni/ws_ur16/install/control_msgs/include/control_msgs/control_msgs/msg/detail/dynamic_joint_state__rosidl_typesupport_fastrtps_cpp.hpp
[5.011s] -- Up-to-date: /home/gcerioni/ws_ur16/install/control_msgs/include/control_msgs/control_msgs/msg/detail/joint_tolerance__rosidl_typesupport_fastrtps_cpp.hpp
[5.011s] -- Up-to-date: /home/gcerioni/ws_ur16/install/control_msgs/include/control_msgs/control_msgs/msg/detail/dynamic_interface_group_values__rosidl_typesupport_fastrtps_cpp.hpp
[5.011s] -- Up-to-date: /home/gcerioni/ws_ur16/install/control_msgs/include/control_msgs/control_msgs/msg/detail/admittance_controller_state__rosidl_typesupport_fastrtps_cpp.hpp
[5.012s] -- Up-to-date: /home/gcerioni/ws_ur16/install/control_msgs/include/control_msgs/control_msgs/msg/rosidl_typesupport_fastrtps_cpp__visibility_control.h
[5.012s] -- Up-to-date: /home/gcerioni/ws_ur16/install/control_msgs/include/control_msgs/control_msgs/action
[5.012s] -- Up-to-date: /home/gcerioni/ws_ur16/install/control_msgs/include/control_msgs/control_msgs/action/detail
[5.012s] -- Up-to-date: /home/gcerioni/ws_ur16/install/control_msgs/include/control_msgs/control_msgs/action/detail/gripper_command__rosidl_typesupport_fastrtps_cpp.hpp
[5.012s] -- Up-to-date: /home/gcerioni/ws_ur16/install/control_msgs/include/control_msgs/control_msgs/action/detail/joint_trajectory__rosidl_typesupport_fastrtps_cpp.hpp
[5.012s] -- Up-to-date: /home/gcerioni/ws_ur16/install/control_msgs/include/control_msgs/control_msgs/action/detail/point_head__rosidl_typesupport_fastrtps_cpp.hpp
[5.012s] -- Up-to-date: /home/gcerioni/ws_ur16/install/control_msgs/include/control_msgs/control_msgs/action/detail/single_joint_position__rosidl_typesupport_fastrtps_cpp.hpp
[5.012s] -- Up-to-date: /home/gcerioni/ws_ur16/install/control_msgs/include/control_msgs/control_msgs/action/detail/dds_fastrtps
[5.012s] -- Up-to-date: /home/gcerioni/ws_ur16/install/control_msgs/include/control_msgs/control_msgs/action/detail/parallel_gripper_command__rosidl_typesupport_fastrtps_cpp.hpp
[5.012s] -- Up-to-date: /home/gcerioni/ws_ur16/install/control_msgs/include/control_msgs/control_msgs/action/detail/follow_joint_trajectory__rosidl_typesupport_fastrtps_cpp.hpp
[5.012s] -- Up-to-date: /home/gcerioni/ws_ur16/install/control_msgs/include/control_msgs/control_msgs/srv
[5.012s] -- Up-to-date: /home/gcerioni/ws_ur16/install/control_msgs/include/control_msgs/control_msgs/srv/detail
[5.013s] -- Up-to-date: /home/gcerioni/ws_ur16/install/control_msgs/include/control_msgs/control_msgs/srv/detail/query_calibration_state__rosidl_typesupport_fastrtps_cpp.hpp
[5.013s] -- Up-to-date: /home/gcerioni/ws_ur16/install/control_msgs/include/control_msgs/control_msgs/srv/detail/dds_fastrtps
[5.013s] -- Up-to-date: /home/gcerioni/ws_ur16/install/control_msgs/include/control_msgs/control_msgs/srv/detail/query_trajectory_state__rosidl_typesupport_fastrtps_cpp.hpp
[5.013s] -- Up-to-date: /home/gcerioni/ws_ur16/install/control_msgs/lib/libcontrol_msgs__rosidl_typesupport_fastrtps_cpp.so
[5.013s] -- Up-to-date: /home/gcerioni/ws_ur16/install/control_msgs/include/control_msgs/control_msgs
[5.013s] -- Up-to-date: /home/gcerioni/ws_ur16/install/control_msgs/include/control_msgs/control_msgs/msg
[5.013s] -- Up-to-date: /home/gcerioni/ws_ur16/install/control_msgs/include/control_msgs/control_msgs/msg/detail
[5.013s] -- Up-to-date: /home/gcerioni/ws_ur16/install/control_msgs/include/control_msgs/control_msgs/msg/detail/admittance_controller_state__rosidl_typesupport_introspection_c.h
[5.013s] -- Up-to-date: /home/gcerioni/ws_ur16/install/control_msgs/include/control_msgs/control_msgs/msg/detail/joint_component_tolerance__type_support.c
[5.013s] -- Up-to-date: /home/gcerioni/ws_ur16/install/control_msgs/include/control_msgs/control_msgs/msg/detail/joint_tolerance__rosidl_typesupport_introspection_c.h
[5.013s] -- Up-to-date: /home/gcerioni/ws_ur16/install/control_msgs/include/control_msgs/control_msgs/msg/detail/admittance_controller_state__type_support.c
[5.013s] -- Up-to-date: /home/gcerioni/ws_ur16/install/control_msgs/include/control_msgs/control_msgs/msg/detail/dynamic_interface_group_values__rosidl_typesupport_introspection_c.h
[5.014s] -- Up-to-date: /home/gcerioni/ws_ur16/install/control_msgs/include/control_msgs/control_msgs/msg/detail/joint_tolerance__type_support.c
[5.014s] -- Up-to-date: /home/gcerioni/ws_ur16/install/control_msgs/include/control_msgs/control_msgs/msg/detail/steering_controller_status__rosidl_typesupport_introspection_c.h
[5.014s] -- Up-to-date: /home/gcerioni/ws_ur16/install/control_msgs/include/control_msgs/control_msgs/msg/detail/single_dof_state__rosidl_typesupport_introspection_c.h
[5.014s] -- Up-to-date: /home/gcerioni/ws_ur16/install/control_msgs/include/control_msgs/control_msgs/msg/detail/interface_value__type_support.c
[5.014s] -- Up-to-date: /home/gcerioni/ws_ur16/install/control_msgs/include/control_msgs/control_msgs/msg/detail/multi_dof_state_stamped__type_support.c
[5.014s] -- Up-to-date: /home/gcerioni/ws_ur16/install/control_msgs/include/control_msgs/control_msgs/msg/detail/joint_trajectory_controller_state__type_support.c
[5.014s] -- Up-to-date: /home/gcerioni/ws_ur16/install/control_msgs/include/control_msgs/control_msgs/msg/detail/multi_dof_state_stamped__rosidl_typesupport_introspection_c.h
[5.014s] -- Up-to-date: /home/gcerioni/ws_ur16/install/control_msgs/include/control_msgs/control_msgs/msg/detail/single_dof_state_stamped__type_support.c
[5.014s] -- Up-to-date: /home/gcerioni/ws_ur16/install/control_msgs/include/control_msgs/control_msgs/msg/detail/joint_component_tolerance__rosidl_typesupport_introspection_c.h
[5.014s] -- Up-to-date: /home/gcerioni/ws_ur16/install/control_msgs/include/control_msgs/control_msgs/msg/detail/dynamic_joint_state__rosidl_typesupport_introspection_c.h
[5.014s] -- Up-to-date: /home/gcerioni/ws_ur16/install/control_msgs/include/control_msgs/control_msgs/msg/detail/pid_state__rosidl_typesupport_introspection_c.h
[5.015s] -- Up-to-date: /home/gcerioni/ws_ur16/install/control_msgs/include/control_msgs/control_msgs/msg/detail/joint_controller_state__rosidl_typesupport_introspection_c.h
[5.015s] -- Up-to-date: /home/gcerioni/ws_ur16/install/control_msgs/include/control_msgs/control_msgs/msg/detail/multi_dof_command__type_support.c
[5.015s] -- Up-to-date: /home/gcerioni/ws_ur16/install/control_msgs/include/control_msgs/control_msgs/msg/detail/joint_jog__type_support.c
[5.015s] -- Up-to-date: /home/gcerioni/ws_ur16/install/control_msgs/include/control_msgs/control_msgs/msg/detail/gripper_command__rosidl_typesupport_introspection_c.h
[5.015s] -- Up-to-date: /home/gcerioni/ws_ur16/install/control_msgs/include/control_msgs/control_msgs/msg/detail/pid_state__type_support.c
[5.015s] -- Up-to-date: /home/gcerioni/ws_ur16/install/control_msgs/include/control_msgs/control_msgs/msg/detail/steering_controller_status__type_support.c
[5.015s] -- Up-to-date: /home/gcerioni/ws_ur16/install/control_msgs/include/control_msgs/control_msgs/msg/detail/interface_value__rosidl_typesupport_introspection_c.h
[5.015s] -- Up-to-date: /home/gcerioni/ws_ur16/install/control_msgs/include/control_msgs/control_msgs/msg/detail/multi_dof_command__rosidl_typesupport_introspection_c.h
[5.015s] -- Up-to-date: /home/gcerioni/ws_ur16/install/control_msgs/include/control_msgs/control_msgs/msg/detail/dynamic_joint_state__type_support.c
[5.015s] -- Up-to-date: /home/gcerioni/ws_ur16/install/control_msgs/include/control_msgs/control_msgs/msg/detail/dynamic_interface_group_values__type_support.c
[5.015s] -- Up-to-date: /home/gcerioni/ws_ur16/install/control_msgs/include/control_msgs/control_msgs/msg/detail/single_dof_state_stamped__rosidl_typesupport_introspection_c.h
[5.016s] -- Up-to-date: /home/gcerioni/ws_ur16/install/control_msgs/include/control_msgs/control_msgs/msg/detail/joint_trajectory_controller_state__rosidl_typesupport_introspection_c.h
[5.016s] -- Up-to-date: /home/gcerioni/ws_ur16/install/control_msgs/include/control_msgs/control_msgs/msg/detail/joint_jog__rosidl_typesupport_introspection_c.h
[5.016s] -- Up-to-date: /home/gcerioni/ws_ur16/install/control_msgs/include/control_msgs/control_msgs/msg/detail/joint_controller_state__type_support.c
[5.016s] -- Up-to-date: /home/gcerioni/ws_ur16/install/control_msgs/include/control_msgs/control_msgs/msg/detail/mecanum_drive_controller_state__rosidl_typesupport_introspection_c.h
[5.016s] -- Up-to-date: /home/gcerioni/ws_ur16/install/control_msgs/include/control_msgs/control_msgs/msg/detail/mecanum_drive_controller_state__type_support.c
[5.016s] -- Up-to-date: /home/gcerioni/ws_ur16/install/control_msgs/include/control_msgs/control_msgs/msg/detail/single_dof_state__type_support.c
[5.016s] -- Up-to-date: /home/gcerioni/ws_ur16/install/control_msgs/include/control_msgs/control_msgs/msg/detail/gripper_command__type_support.c
[5.016s] -- Up-to-date: /home/gcerioni/ws_ur16/install/control_msgs/include/control_msgs/control_msgs/msg/rosidl_typesupport_introspection_c__visibility_control.h
[5.016s] -- Up-to-date: /home/gcerioni/ws_ur16/install/control_msgs/include/control_msgs/control_msgs/action
[5.016s] -- Up-to-date: /home/gcerioni/ws_ur16/install/control_msgs/include/control_msgs/control_msgs/action/detail
[5.016s] -- Up-to-date: /home/gcerioni/ws_ur16/install/control_msgs/include/control_msgs/control_msgs/action/detail/follow_joint_trajectory__type_support.c
[5.016s] -- Up-to-date: /home/gcerioni/ws_ur16/install/control_msgs/include/control_msgs/control_msgs/action/detail/joint_trajectory__type_support.c
[5.017s] -- Up-to-date: /home/gcerioni/ws_ur16/install/control_msgs/include/control_msgs/control_msgs/action/detail/parallel_gripper_command__rosidl_typesupport_introspection_c.h
[5.017s] -- Up-to-date: /home/gcerioni/ws_ur16/install/control_msgs/include/control_msgs/control_msgs/action/detail/joint_trajectory__rosidl_typesupport_introspection_c.h
[5.017s] -- Up-to-date: /home/gcerioni/ws_ur16/install/control_msgs/include/control_msgs/control_msgs/action/detail/gripper_command__rosidl_typesupport_introspection_c.h
[5.017s] -- Up-to-date: /home/gcerioni/ws_ur16/install/control_msgs/include/control_msgs/control_msgs/action/detail/follow_joint_trajectory__rosidl_typesupport_introspection_c.h
[5.017s] -- Up-to-date: /home/gcerioni/ws_ur16/install/control_msgs/include/control_msgs/control_msgs/action/detail/parallel_gripper_command__type_support.c
[5.017s] -- Up-to-date: /home/gcerioni/ws_ur16/install/control_msgs/include/control_msgs/control_msgs/action/detail/single_joint_position__type_support.c
[5.017s] -- Up-to-date: /home/gcerioni/ws_ur16/install/control_msgs/include/control_msgs/control_msgs/action/detail/single_joint_position__rosidl_typesupport_introspection_c.h
[5.017s] -- Up-to-date: /home/gcerioni/ws_ur16/install/control_msgs/include/control_msgs/control_msgs/action/detail/point_head__type_support.c
[5.017s] -- Up-to-date: /home/gcerioni/ws_ur16/install/control_msgs/include/control_msgs/control_msgs/action/detail/point_head__rosidl_typesupport_introspection_c.h
[5.017s] -- Up-to-date: /home/gcerioni/ws_ur16/install/control_msgs/include/control_msgs/control_msgs/action/detail/gripper_command__type_support.c
[5.018s] -- Up-to-date: /home/gcerioni/ws_ur16/install/control_msgs/include/control_msgs/control_msgs/srv
[5.018s] -- Up-to-date: /home/gcerioni/ws_ur16/install/control_msgs/include/control_msgs/control_msgs/srv/detail
[5.018s] -- Up-to-date: /home/gcerioni/ws_ur16/install/control_msgs/include/control_msgs/control_msgs/srv/detail/query_calibration_state__rosidl_typesupport_introspection_c.h
[5.018s] -- Up-to-date: /home/gcerioni/ws_ur16/install/control_msgs/include/control_msgs/control_msgs/srv/detail/query_calibration_state__type_support.c
[5.018s] -- Up-to-date: /home/gcerioni/ws_ur16/install/control_msgs/include/control_msgs/control_msgs/srv/detail/query_trajectory_state__type_support.c
[5.018s] -- Up-to-date: /home/gcerioni/ws_ur16/install/control_msgs/include/control_msgs/control_msgs/srv/detail/query_trajectory_state__rosidl_typesupport_introspection_c.h
[5.018s] -- Up-to-date: /home/gcerioni/ws_ur16/install/control_msgs/lib/libcontrol_msgs__rosidl_typesupport_introspection_c.so
[5.018s] -- Up-to-date: /home/gcerioni/ws_ur16/install/control_msgs/lib/libcontrol_msgs__rosidl_typesupport_c.so
[5.018s] -- Up-to-date: /home/gcerioni/ws_ur16/install/control_msgs/include/control_msgs/control_msgs
[5.018s] -- Up-to-date: /home/gcerioni/ws_ur16/install/control_msgs/include/control_msgs/control_msgs/msg
[5.018s] -- Up-to-date: /home/gcerioni/ws_ur16/install/control_msgs/include/control_msgs/control_msgs/msg/detail
[5.018s] -- Up-to-date: /home/gcerioni/ws_ur16/install/control_msgs/include/control_msgs/control_msgs/msg/detail/mecanum_drive_controller_state__rosidl_typesupport_introspection_cpp.hpp
[5.019s] -- Up-to-date: /home/gcerioni/ws_ur16/install/control_msgs/include/control_msgs/control_msgs/msg/detail/dynamic_interface_group_values__rosidl_typesupport_introspection_cpp.hpp
[5.019s] -- Up-to-date: /home/gcerioni/ws_ur16/install/control_msgs/include/control_msgs/control_msgs/msg/detail/pid_state__rosidl_typesupport_introspection_cpp.hpp
[5.019s] -- Up-to-date: /home/gcerioni/ws_ur16/install/control_msgs/include/control_msgs/control_msgs/msg/detail/mecanum_drive_controller_state__type_support.cpp
[5.019s] -- Up-to-date: /home/gcerioni/ws_ur16/install/control_msgs/include/control_msgs/control_msgs/msg/detail/single_dof_state__rosidl_typesupport_introspection_cpp.hpp
[5.019s] -- Up-to-date: /home/gcerioni/ws_ur16/install/control_msgs/include/control_msgs/control_msgs/msg/detail/joint_component_tolerance__type_support.cpp
[5.019s] -- Up-to-date: /home/gcerioni/ws_ur16/install/control_msgs/include/control_msgs/control_msgs/msg/detail/steering_controller_status__rosidl_typesupport_introspection_cpp.hpp
[5.019s] -- Up-to-date: /home/gcerioni/ws_ur16/install/control_msgs/include/control_msgs/control_msgs/msg/detail/admittance_controller_state__type_support.cpp
[5.019s] -- Up-to-date: /home/gcerioni/ws_ur16/install/control_msgs/include/control_msgs/control_msgs/msg/detail/joint_trajectory_controller_state__type_support.cpp
[5.019s] -- Up-to-date: /home/gcerioni/ws_ur16/install/control_msgs/include/control_msgs/control_msgs/msg/detail/interface_value__rosidl_typesupport_introspection_cpp.hpp
[5.019s] -- Up-to-date: /home/gcerioni/ws_ur16/install/control_msgs/include/control_msgs/control_msgs/msg/detail/steering_controller_status__type_support.cpp
[5.019s] -- Up-to-date: /home/gcerioni/ws_ur16/install/control_msgs/include/control_msgs/control_msgs/msg/detail/gripper_command__rosidl_typesupport_introspection_cpp.hpp
[5.020s] -- Up-to-date: /home/gcerioni/ws_ur16/install/control_msgs/include/control_msgs/control_msgs/msg/detail/single_dof_state_stamped__type_support.cpp
[5.020s] -- Up-to-date: /home/gcerioni/ws_ur16/install/control_msgs/include/control_msgs/control_msgs/msg/detail/joint_component_tolerance__rosidl_typesupport_introspection_cpp.hpp
[5.020s] -- Up-to-date: /home/gcerioni/ws_ur16/install/control_msgs/include/control_msgs/control_msgs/msg/detail/pid_state__type_support.cpp
[5.020s] -- Up-to-date: /home/gcerioni/ws_ur16/install/control_msgs/include/control_msgs/control_msgs/msg/detail/gripper_command__type_support.cpp
[5.020s] -- Up-to-date: /home/gcerioni/ws_ur16/install/control_msgs/include/control_msgs/control_msgs/msg/detail/joint_trajectory_controller_state__rosidl_typesupport_introspection_cpp.hpp
[5.020s] -- Up-to-date: /home/gcerioni/ws_ur16/install/control_msgs/include/control_msgs/control_msgs/msg/detail/dynamic_joint_state__rosidl_typesupport_introspection_cpp.hpp
[5.020s] -- Up-to-date: /home/gcerioni/ws_ur16/install/control_msgs/include/control_msgs/control_msgs/msg/detail/multi_dof_state_stamped__type_support.cpp
[5.020s] -- Up-to-date: /home/gcerioni/ws_ur16/install/control_msgs/include/control_msgs/control_msgs/msg/detail/joint_jog__rosidl_typesupport_introspection_cpp.hpp
[5.020s] -- Up-to-date: /home/gcerioni/ws_ur16/install/control_msgs/include/control_msgs/control_msgs/msg/detail/interface_value__type_support.cpp
[5.020s] -- Up-to-date: /home/gcerioni/ws_ur16/install/control_msgs/include/control_msgs/control_msgs/msg/detail/multi_dof_state_stamped__rosidl_typesupport_introspection_cpp.hpp
[5.020s] -- Up-to-date: /home/gcerioni/ws_ur16/install/control_msgs/include/control_msgs/control_msgs/msg/detail/dynamic_interface_group_values__type_support.cpp
[5.020s] -- Up-to-date: /home/gcerioni/ws_ur16/install/control_msgs/include/control_msgs/control_msgs/msg/detail/single_dof_state_stamped__rosidl_typesupport_introspection_cpp.hpp
[5.021s] -- Up-to-date: /home/gcerioni/ws_ur16/install/control_msgs/include/control_msgs/control_msgs/msg/detail/single_dof_state__type_support.cpp
[5.021s] -- Up-to-date: /home/gcerioni/ws_ur16/install/control_msgs/include/control_msgs/control_msgs/msg/detail/joint_controller_state__type_support.cpp
[5.021s] -- Up-to-date: /home/gcerioni/ws_ur16/install/control_msgs/include/control_msgs/control_msgs/msg/detail/joint_jog__type_support.cpp
[5.021s] -- Up-to-date: /home/gcerioni/ws_ur16/install/control_msgs/include/control_msgs/control_msgs/msg/detail/joint_tolerance__rosidl_typesupport_introspection_cpp.hpp
[5.021s] -- Up-to-date: /home/gcerioni/ws_ur16/install/control_msgs/include/control_msgs/control_msgs/msg/detail/joint_controller_state__rosidl_typesupport_introspection_cpp.hpp
[5.021s] -- Up-to-date: /home/gcerioni/ws_ur16/install/control_msgs/include/control_msgs/control_msgs/msg/detail/multi_dof_command__rosidl_typesupport_introspection_cpp.hpp
[5.021s] -- Up-to-date: /home/gcerioni/ws_ur16/install/control_msgs/include/control_msgs/control_msgs/msg/detail/dynamic_joint_state__type_support.cpp
[5.021s] -- Up-to-date: /home/gcerioni/ws_ur16/install/control_msgs/include/control_msgs/control_msgs/msg/detail/joint_tolerance__type_support.cpp
[5.021s] -- Up-to-date: /home/gcerioni/ws_ur16/install/control_msgs/include/control_msgs/control_msgs/msg/detail/admittance_controller_state__rosidl_typesupport_introspection_cpp.hpp
[5.021s] -- Up-to-date: /home/gcerioni/ws_ur16/install/control_msgs/include/control_msgs/control_msgs/msg/detail/multi_dof_command__type_support.cpp
[5.021s] -- Up-to-date: /home/gcerioni/ws_ur16/install/control_msgs/include/control_msgs/control_msgs/action
[5.022s] -- Up-to-date: /home/gcerioni/ws_ur16/install/control_msgs/include/control_msgs/control_msgs/action/detail
[5.022s] -- Up-to-date: /home/gcerioni/ws_ur16/install/control_msgs/include/control_msgs/control_msgs/action/detail/point_head__rosidl_typesupport_introspection_cpp.hpp
[5.022s] -- Up-to-date: /home/gcerioni/ws_ur16/install/control_msgs/include/control_msgs/control_msgs/action/detail/point_head__type_support.cpp
[5.022s] -- Up-to-date: /home/gcerioni/ws_ur16/install/control_msgs/include/control_msgs/control_msgs/action/detail/follow_joint_trajectory__type_support.cpp
[5.022s] -- Up-to-date: /home/gcerioni/ws_ur16/install/control_msgs/include/control_msgs/control_msgs/action/detail/follow_joint_trajectory__rosidl_typesupport_introspection_cpp.hpp
[5.022s] -- Up-to-date: /home/gcerioni/ws_ur16/install/control_msgs/include/control_msgs/control_msgs/action/detail/joint_trajectory__type_support.cpp
[5.022s] -- Up-to-date: /home/gcerioni/ws_ur16/install/control_msgs/include/control_msgs/control_msgs/action/detail/single_joint_position__rosidl_typesupport_introspection_cpp.hpp
[5.022s] -- Up-to-date: /home/gcerioni/ws_ur16/install/control_msgs/include/control_msgs/control_msgs/action/detail/single_joint_position__type_support.cpp
[5.022s] -- Up-to-date: /home/gcerioni/ws_ur16/install/control_msgs/include/control_msgs/control_msgs/action/detail/gripper_command__rosidl_typesupport_introspection_cpp.hpp
[5.022s] -- Up-to-date: /home/gcerioni/ws_ur16/install/control_msgs/include/control_msgs/control_msgs/action/detail/gripper_command__type_support.cpp
[5.022s] -- Up-to-date: /home/gcerioni/ws_ur16/install/control_msgs/include/control_msgs/control_msgs/action/detail/parallel_gripper_command__rosidl_typesupport_introspection_cpp.hpp
[5.022s] -- Up-to-date: /home/gcerioni/ws_ur16/install/control_msgs/include/control_msgs/control_msgs/action/detail/joint_trajectory__rosidl_typesupport_introspection_cpp.hpp
[5.023s] -- Up-to-date: /home/gcerioni/ws_ur16/install/control_msgs/include/control_msgs/control_msgs/action/detail/parallel_gripper_command__type_support.cpp
[5.023s] -- Up-to-date: /home/gcerioni/ws_ur16/install/control_msgs/include/control_msgs/control_msgs/srv
[5.023s] -- Up-to-date: /home/gcerioni/ws_ur16/install/control_msgs/include/control_msgs/control_msgs/srv/detail
[5.023s] -- Up-to-date: /home/gcerioni/ws_ur16/install/control_msgs/include/control_msgs/control_msgs/srv/detail/query_calibration_state__rosidl_typesupport_introspection_cpp.hpp
[5.023s] -- Up-to-date: /home/gcerioni/ws_ur16/install/control_msgs/include/control_msgs/control_msgs/srv/detail/query_trajectory_state__type_support.cpp
[5.023s] -- Up-to-date: /home/gcerioni/ws_ur16/install/control_msgs/include/control_msgs/control_msgs/srv/detail/query_trajectory_state__rosidl_typesupport_introspection_cpp.hpp
[5.023s] -- Up-to-date: /home/gcerioni/ws_ur16/install/control_msgs/include/control_msgs/control_msgs/srv/detail/query_calibration_state__type_support.cpp
[5.023s] -- Up-to-date: /home/gcerioni/ws_ur16/install/control_msgs/lib/libcontrol_msgs__rosidl_typesupport_introspection_cpp.so
[5.023s] -- Up-to-date: /home/gcerioni/ws_ur16/install/control_msgs/lib/libcontrol_msgs__rosidl_typesupport_cpp.so
[5.023s] -- Up-to-date: /home/gcerioni/ws_ur16/install/control_msgs/share/control_msgs/environment/pythonpath.sh
[5.023s] -- Installing: /home/gcerioni/ws_ur16/install/control_msgs/share/control_msgs/environment/pythonpath.dsv
[5.023s] -- Up-to-date: /home/gcerioni/ws_ur16/install/control_msgs/local/lib/python3.10/dist-packages/control_msgs-4.8.0-py3.10.egg-info
[5.024s] -- Installing: /home/gcerioni/ws_ur16/install/control_msgs/local/lib/python3.10/dist-packages/control_msgs-4.8.0-py3.10.egg-info/top_level.txt
[5.024s] -- Installing: /home/gcerioni/ws_ur16/install/control_msgs/local/lib/python3.10/dist-packages/control_msgs-4.8.0-py3.10.egg-info/SOURCES.txt
[5.024s] -- Installing: /home/gcerioni/ws_ur16/install/control_msgs/local/lib/python3.10/dist-packages/control_msgs-4.8.0-py3.10.egg-info/dependency_links.txt
[5.024s] -- Installing: /home/gcerioni/ws_ur16/install/control_msgs/local/lib/python3.10/dist-packages/control_msgs-4.8.0-py3.10.egg-info/PKG-INFO
[5.024s] -- Up-to-date: /home/gcerioni/ws_ur16/install/control_msgs/local/lib/python3.10/dist-packages/control_msgs
[5.024s] -- Up-to-date: /home/gcerioni/ws_ur16/install/control_msgs/local/lib/python3.10/dist-packages/control_msgs/msg
[5.024s] -- Up-to-date: /home/gcerioni/ws_ur16/install/control_msgs/local/lib/python3.10/dist-packages/control_msgs/msg/_dynamic_joint_state.py
[5.024s] -- Up-to-date: /home/gcerioni/ws_ur16/install/control_msgs/local/lib/python3.10/dist-packages/control_msgs/msg/_multi_dof_command.py
[5.024s] -- Up-to-date: /home/gcerioni/ws_ur16/install/control_msgs/local/lib/python3.10/dist-packages/control_msgs/msg/_joint_tolerance.py
[5.024s] -- Up-to-date: /home/gcerioni/ws_ur16/install/control_msgs/local/lib/python3.10/dist-packages/control_msgs/msg/_joint_tolerance_s.c
[5.024s] -- Up-to-date: /home/gcerioni/ws_ur16/install/control_msgs/local/lib/python3.10/dist-packages/control_msgs/msg/_joint_controller_state.py
[5.025s] -- Up-to-date: /home/gcerioni/ws_ur16/install/control_msgs/local/lib/python3.10/dist-packages/control_msgs/msg/_dynamic_interface_group_values.py
[5.025s] -- Up-to-date: /home/gcerioni/ws_ur16/install/control_msgs/local/lib/python3.10/dist-packages/control_msgs/msg/_gripper_command.py
[5.025s] -- Up-to-date: /home/gcerioni/ws_ur16/install/control_msgs/local/lib/python3.10/dist-packages/control_msgs/msg/_single_dof_state_stamped_s.c
[5.025s] -- Up-to-date: /home/gcerioni/ws_ur16/install/control_msgs/local/lib/python3.10/dist-packages/control_msgs/msg/_steering_controller_status_s.c
[5.025s] -- Up-to-date: /home/gcerioni/ws_ur16/install/control_msgs/local/lib/python3.10/dist-packages/control_msgs/msg/_single_dof_state_stamped.py
[5.025s] -- Up-to-date: /home/gcerioni/ws_ur16/install/control_msgs/local/lib/python3.10/dist-packages/control_msgs/msg/_steering_controller_status.py
[5.025s] -- Up-to-date: /home/gcerioni/ws_ur16/install/control_msgs/local/lib/python3.10/dist-packages/control_msgs/msg/_joint_component_tolerance.py
[5.025s] -- Up-to-date: /home/gcerioni/ws_ur16/install/control_msgs/local/lib/python3.10/dist-packages/control_msgs/msg/_interface_value.py
[5.025s] -- Up-to-date: /home/gcerioni/ws_ur16/install/control_msgs/local/lib/python3.10/dist-packages/control_msgs/msg/_dynamic_interface_group_values_s.c
[5.025s] -- Up-to-date: /home/gcerioni/ws_ur16/install/control_msgs/local/lib/python3.10/dist-packages/control_msgs/msg/_joint_jog_s.c
[5.025s] -- Up-to-date: /home/gcerioni/ws_ur16/install/control_msgs/local/lib/python3.10/dist-packages/control_msgs/msg/_joint_trajectory_controller_state_s.c
[5.025s] -- Up-to-date: /home/gcerioni/ws_ur16/install/control_msgs/local/lib/python3.10/dist-packages/control_msgs/msg/_pid_state_s.c
[5.026s] -- Up-to-date: /home/gcerioni/ws_ur16/install/control_msgs/local/lib/python3.10/dist-packages/control_msgs/msg/_joint_jog.py
[5.026s] -- Up-to-date: /home/gcerioni/ws_ur16/install/control_msgs/local/lib/python3.10/dist-packages/control_msgs/msg/_single_dof_state_s.c
[5.026s] -- Up-to-date: /home/gcerioni/ws_ur16/install/control_msgs/local/lib/python3.10/dist-packages/control_msgs/msg/__init__.py
[5.026s] -- Up-to-date: /home/gcerioni/ws_ur16/install/control_msgs/local/lib/python3.10/dist-packages/control_msgs/msg/_mecanum_drive_controller_state.py
[5.026s] -- Up-to-date: /home/gcerioni/ws_ur16/install/control_msgs/local/lib/python3.10/dist-packages/control_msgs/msg/_mecanum_drive_controller_state_s.c
[5.026s] -- Up-to-date: /home/gcerioni/ws_ur16/install/control_msgs/local/lib/python3.10/dist-packages/control_msgs/msg/_multi_dof_state_stamped_s.c
[5.026s] -- Up-to-date: /home/gcerioni/ws_ur16/install/control_msgs/local/lib/python3.10/dist-packages/control_msgs/msg/_pid_state.py
[5.026s] -- Up-to-date: /home/gcerioni/ws_ur16/install/control_msgs/local/lib/python3.10/dist-packages/control_msgs/msg/_single_dof_state.py
[5.026s] -- Up-to-date: /home/gcerioni/ws_ur16/install/control_msgs/local/lib/python3.10/dist-packages/control_msgs/msg/_multi_dof_command_s.c
[5.026s] -- Up-to-date: /home/gcerioni/ws_ur16/install/control_msgs/local/lib/python3.10/dist-packages/control_msgs/msg/_admittance_controller_state.py
[5.026s] -- Up-to-date: /home/gcerioni/ws_ur16/install/control_msgs/local/lib/python3.10/dist-packages/control_msgs/msg/_interface_value_s.c
[5.027s] -- Up-to-date: /home/gcerioni/ws_ur16/install/control_msgs/local/lib/python3.10/dist-packages/control_msgs/msg/_joint_component_tolerance_s.c
[5.027s] -- Up-to-date: /home/gcerioni/ws_ur16/install/control_msgs/local/lib/python3.10/dist-packages/control_msgs/msg/_multi_dof_state_stamped.py
[5.027s] -- Up-to-date: /home/gcerioni/ws_ur16/install/control_msgs/local/lib/python3.10/dist-packages/control_msgs/msg/_joint_controller_state_s.c
[5.027s] -- Up-to-date: /home/gcerioni/ws_ur16/install/control_msgs/local/lib/python3.10/dist-packages/control_msgs/msg/_joint_trajectory_controller_state.py
[5.027s] -- Up-to-date: /home/gcerioni/ws_ur16/install/control_msgs/local/lib/python3.10/dist-packages/control_msgs/msg/_admittance_controller_state_s.c
[5.027s] -- Up-to-date: /home/gcerioni/ws_ur16/install/control_msgs/local/lib/python3.10/dist-packages/control_msgs/msg/_dynamic_joint_state_s.c
[5.027s] -- Up-to-date: /home/gcerioni/ws_ur16/install/control_msgs/local/lib/python3.10/dist-packages/control_msgs/msg/_gripper_command_s.c
[5.027s] -- Up-to-date: /home/gcerioni/ws_ur16/install/control_msgs/local/lib/python3.10/dist-packages/control_msgs/control_msgs_s__rosidl_typesupport_fastrtps_c.cpython-310-x86_64-linux-gnu.so
[5.027s] -- Up-to-date: /home/gcerioni/ws_ur16/install/control_msgs/local/lib/python3.10/dist-packages/control_msgs/control_msgs_s__rosidl_typesupport_c.cpython-310-x86_64-linux-gnu.so
[5.027s] -- Up-to-date: /home/gcerioni/ws_ur16/install/control_msgs/local/lib/python3.10/dist-packages/control_msgs/action
[5.027s] -- Up-to-date: /home/gcerioni/ws_ur16/install/control_msgs/local/lib/python3.10/dist-packages/control_msgs/action/_follow_joint_trajectory.py
[5.028s] -- Up-to-date: /home/gcerioni/ws_ur16/install/control_msgs/local/lib/python3.10/dist-packages/control_msgs/action/_gripper_command.py
[5.028s] -- Up-to-date: /home/gcerioni/ws_ur16/install/control_msgs/local/lib/python3.10/dist-packages/control_msgs/action/_point_head_s.c
[5.028s] -- Up-to-date: /home/gcerioni/ws_ur16/install/control_msgs/local/lib/python3.10/dist-packages/control_msgs/action/_joint_trajectory_s.c
[5.028s] -- Up-to-date: /home/gcerioni/ws_ur16/install/control_msgs/local/lib/python3.10/dist-packages/control_msgs/action/__init__.py
[5.028s] -- Up-to-date: /home/gcerioni/ws_ur16/install/control_msgs/local/lib/python3.10/dist-packages/control_msgs/action/_single_joint_position_s.c
[5.028s] -- Up-to-date: /home/gcerioni/ws_ur16/install/control_msgs/local/lib/python3.10/dist-packages/control_msgs/action/_parallel_gripper_command.py
[5.028s] -- Up-to-date: /home/gcerioni/ws_ur16/install/control_msgs/local/lib/python3.10/dist-packages/control_msgs/action/_parallel_gripper_command_s.c
[5.028s] -- Up-to-date: /home/gcerioni/ws_ur16/install/control_msgs/local/lib/python3.10/dist-packages/control_msgs/action/_follow_joint_trajectory_s.c
[5.028s] -- Up-to-date: /home/gcerioni/ws_ur16/install/control_msgs/local/lib/python3.10/dist-packages/control_msgs/action/_single_joint_position.py
[5.028s] -- Up-to-date: /home/gcerioni/ws_ur16/install/control_msgs/local/lib/python3.10/dist-packages/control_msgs/action/_gripper_command_s.c
[5.028s] -- Up-to-date: /home/gcerioni/ws_ur16/install/control_msgs/local/lib/python3.10/dist-packages/control_msgs/action/_point_head.py
[5.029s] -- Up-to-date: /home/gcerioni/ws_ur16/install/control_msgs/local/lib/python3.10/dist-packages/control_msgs/action/_joint_trajectory.py
[5.029s] -- Up-to-date: /home/gcerioni/ws_ur16/install/control_msgs/local/lib/python3.10/dist-packages/control_msgs/_control_msgs_s.ep.rosidl_typesupport_fastrtps_c.c
[5.029s] -- Installing: /home/gcerioni/ws_ur16/install/control_msgs/local/lib/python3.10/dist-packages/control_msgs/__init__.py
[5.029s] -- Up-to-date: /home/gcerioni/ws_ur16/install/control_msgs/local/lib/python3.10/dist-packages/control_msgs/libcontrol_msgs__rosidl_generator_py.so
[5.029s] -- Up-to-date: /home/gcerioni/ws_ur16/install/control_msgs/local/lib/python3.10/dist-packages/control_msgs/_control_msgs_s.ep.rosidl_typesupport_introspection_c.c
[5.029s] -- Up-to-date: /home/gcerioni/ws_ur16/install/control_msgs/local/lib/python3.10/dist-packages/control_msgs/_control_msgs_s.ep.rosidl_typesupport_c.c
[5.029s] -- Up-to-date: /home/gcerioni/ws_ur16/install/control_msgs/local/lib/python3.10/dist-packages/control_msgs/control_msgs_s__rosidl_typesupport_introspection_c.cpython-310-x86_64-linux-gnu.so
[5.029s] -- Up-to-date: /home/gcerioni/ws_ur16/install/control_msgs/local/lib/python3.10/dist-packages/control_msgs/srv
[5.029s] -- Up-to-date: /home/gcerioni/ws_ur16/install/control_msgs/local/lib/python3.10/dist-packages/control_msgs/srv/_query_calibration_state_s.c
[5.029s] -- Up-to-date: /home/gcerioni/ws_ur16/install/control_msgs/local/lib/python3.10/dist-packages/control_msgs/srv/_query_calibration_state.py
[5.030s] -- Up-to-date: /home/gcerioni/ws_ur16/install/control_msgs/local/lib/python3.10/dist-packages/control_msgs/srv/__init__.py
[5.030s] -- Up-to-date: /home/gcerioni/ws_ur16/install/control_msgs/local/lib/python3.10/dist-packages/control_msgs/srv/_query_trajectory_state.py
[5.030s] -- Up-to-date: /home/gcerioni/ws_ur16/install/control_msgs/local/lib/python3.10/dist-packages/control_msgs/srv/_query_trajectory_state_s.c
[5.047s] Listing '/home/gcerioni/ws_ur16/install/control_msgs/local/lib/python3.10/dist-packages/control_msgs'...
[5.047s] Compiling '/home/gcerioni/ws_ur16/install/control_msgs/local/lib/python3.10/dist-packages/control_msgs/__init__.py'...
[5.047s] Listing '/home/gcerioni/ws_ur16/install/control_msgs/local/lib/python3.10/dist-packages/control_msgs/action'...
[5.047s] Listing '/home/gcerioni/ws_ur16/install/control_msgs/local/lib/python3.10/dist-packages/control_msgs/msg'...
[5.048s] Listing '/home/gcerioni/ws_ur16/install/control_msgs/local/lib/python3.10/dist-packages/control_msgs/srv'...
[5.053s] -- Up-to-date: /home/gcerioni/ws_ur16/install/control_msgs/local/lib/python3.10/dist-packages/control_msgs/control_msgs_s__rosidl_typesupport_fastrtps_c.cpython-310-x86_64-linux-gnu.so
[5.053s] -- Up-to-date: /home/gcerioni/ws_ur16/install/control_msgs/local/lib/python3.10/dist-packages/control_msgs/control_msgs_s__rosidl_typesupport_introspection_c.cpython-310-x86_64-linux-gnu.so
[5.054s] -- Up-to-date: /home/gcerioni/ws_ur16/install/control_msgs/local/lib/python3.10/dist-packages/control_msgs/control_msgs_s__rosidl_typesupport_c.cpython-310-x86_64-linux-gnu.so
[5.054s] -- Up-to-date: /home/gcerioni/ws_ur16/install/control_msgs/lib/libcontrol_msgs__rosidl_generator_py.so
[5.055s] -- Up-to-date: /home/gcerioni/ws_ur16/install/control_msgs/share/control_msgs/action/ParallelGripperCommand.idl
[5.055s] -- Up-to-date: /home/gcerioni/ws_ur16/install/control_msgs/share/control_msgs/action/FollowJointTrajectory.idl
[5.055s] -- Up-to-date: /home/gcerioni/ws_ur16/install/control_msgs/share/control_msgs/action/GripperCommand.idl
[5.055s] -- Up-to-date: /home/gcerioni/ws_ur16/install/control_msgs/share/control_msgs/action/JointTrajectory.idl
[5.055s] -- Up-to-date: /home/gcerioni/ws_ur16/install/control_msgs/share/control_msgs/action/PointHead.idl
[5.055s] -- Up-to-date: /home/gcerioni/ws_ur16/install/control_msgs/share/control_msgs/action/SingleJointPosition.idl
[5.055s] -- Up-to-date: /home/gcerioni/ws_ur16/install/control_msgs/share/control_msgs/msg/AdmittanceControllerState.idl
[5.055s] -- Up-to-date: /home/gcerioni/ws_ur16/install/control_msgs/share/control_msgs/msg/DynamicInterfaceGroupValues.idl
[5.056s] -- Up-to-date: /home/gcerioni/ws_ur16/install/control_msgs/share/control_msgs/msg/DynamicJointState.idl
[5.056s] -- Up-to-date: /home/gcerioni/ws_ur16/install/control_msgs/share/control_msgs/msg/GripperCommand.idl
[5.056s] -- Up-to-date: /home/gcerioni/ws_ur16/install/control_msgs/share/control_msgs/msg/InterfaceValue.idl
[5.056s] -- Up-to-date: /home/gcerioni/ws_ur16/install/control_msgs/share/control_msgs/msg/JointComponentTolerance.idl
[5.056s] -- Up-to-date: /home/gcerioni/ws_ur16/install/control_msgs/share/control_msgs/msg/JointControllerState.idl
[5.056s] -- Up-to-date: /home/gcerioni/ws_ur16/install/control_msgs/share/control_msgs/msg/JointJog.idl
[5.056s] -- Up-to-date: /home/gcerioni/ws_ur16/install/control_msgs/share/control_msgs/msg/JointTolerance.idl
[5.056s] -- Up-to-date: /home/gcerioni/ws_ur16/install/control_msgs/share/control_msgs/msg/JointTrajectoryControllerState.idl
[5.057s] -- Up-to-date: /home/gcerioni/ws_ur16/install/control_msgs/share/control_msgs/msg/MecanumDriveControllerState.idl
[5.057s] -- Up-to-date: /home/gcerioni/ws_ur16/install/control_msgs/share/control_msgs/msg/MultiDOFCommand.idl
[5.057s] -- Up-to-date: /home/gcerioni/ws_ur16/install/control_msgs/share/control_msgs/msg/MultiDOFStateStamped.idl
[5.057s] -- Up-to-date: /home/gcerioni/ws_ur16/install/control_msgs/share/control_msgs/msg/PidState.idl
[5.057s] -- Up-to-date: /home/gcerioni/ws_ur16/install/control_msgs/share/control_msgs/msg/SingleDOFState.idl
[5.057s] -- Up-to-date: /home/gcerioni/ws_ur16/install/control_msgs/share/control_msgs/msg/SingleDOFStateStamped.idl
[5.057s] -- Up-to-date: /home/gcerioni/ws_ur16/install/control_msgs/share/control_msgs/msg/SteeringControllerStatus.idl
[5.057s] -- Up-to-date: /home/gcerioni/ws_ur16/install/control_msgs/share/control_msgs/srv/QueryCalibrationState.idl
[5.058s] -- Up-to-date: /home/gcerioni/ws_ur16/install/control_msgs/share/control_msgs/srv/QueryTrajectoryState.idl
[5.058s] -- Up-to-date: /home/gcerioni/ws_ur16/install/control_msgs/share/control_msgs/action/ParallelGripperCommand.action
[5.058s] -- Up-to-date: /home/gcerioni/ws_ur16/install/control_msgs/share/control_msgs/action/FollowJointTrajectory.action
[5.058s] -- Up-to-date: /home/gcerioni/ws_ur16/install/control_msgs/share/control_msgs/action/GripperCommand.action
[5.058s] -- Up-to-date: /home/gcerioni/ws_ur16/install/control_msgs/share/control_msgs/action/JointTrajectory.action
[5.058s] -- Up-to-date: /home/gcerioni/ws_ur16/install/control_msgs/share/control_msgs/action/PointHead.action
[5.058s] -- Up-to-date: /home/gcerioni/ws_ur16/install/control_msgs/share/control_msgs/action/SingleJointPosition.action
[5.058s] -- Up-to-date: /home/gcerioni/ws_ur16/install/control_msgs/share/control_msgs/msg/AdmittanceControllerState.msg
[5.059s] -- Up-to-date: /home/gcerioni/ws_ur16/install/control_msgs/share/control_msgs/msg/DynamicInterfaceGroupValues.msg
[5.059s] -- Up-to-date: /home/gcerioni/ws_ur16/install/control_msgs/share/control_msgs/msg/DynamicJointState.msg
[5.059s] -- Up-to-date: /home/gcerioni/ws_ur16/install/control_msgs/share/control_msgs/msg/GripperCommand.msg
[5.059s] -- Up-to-date: /home/gcerioni/ws_ur16/install/control_msgs/share/control_msgs/msg/InterfaceValue.msg
[5.059s] -- Up-to-date: /home/gcerioni/ws_ur16/install/control_msgs/share/control_msgs/msg/JointComponentTolerance.msg
[5.059s] -- Up-to-date: /home/gcerioni/ws_ur16/install/control_msgs/share/control_msgs/msg/JointControllerState.msg
[5.059s] -- Up-to-date: /home/gcerioni/ws_ur16/install/control_msgs/share/control_msgs/msg/JointJog.msg
[5.059s] -- Up-to-date: /home/gcerioni/ws_ur16/install/control_msgs/share/control_msgs/msg/JointTolerance.msg
[5.060s] -- Up-to-date: /home/gcerioni/ws_ur16/install/control_msgs/share/control_msgs/msg/JointTrajectoryControllerState.msg
[5.060s] -- Up-to-date: /home/gcerioni/ws_ur16/install/control_msgs/share/control_msgs/msg/MecanumDriveControllerState.msg
[5.060s] -- Up-to-date: /home/gcerioni/ws_ur16/install/control_msgs/share/control_msgs/msg/MultiDOFCommand.msg
[5.060s] -- Up-to-date: /home/gcerioni/ws_ur16/install/control_msgs/share/control_msgs/msg/MultiDOFStateStamped.msg
[5.060s] -- Up-to-date: /home/gcerioni/ws_ur16/install/control_msgs/share/control_msgs/msg/PidState.msg
[5.060s] -- Up-to-date: /home/gcerioni/ws_ur16/install/control_msgs/share/control_msgs/msg/SingleDOFState.msg
[5.060s] -- Up-to-date: /home/gcerioni/ws_ur16/install/control_msgs/share/control_msgs/msg/SingleDOFStateStamped.msg
[5.060s] -- Up-to-date: /home/gcerioni/ws_ur16/install/control_msgs/share/control_msgs/msg/SteeringControllerStatus.msg
[5.060s] -- Up-to-date: /home/gcerioni/ws_ur16/install/control_msgs/share/control_msgs/srv/QueryCalibrationState.srv
[5.061s] -- Up-to-date: /home/gcerioni/ws_ur16/install/control_msgs/share/control_msgs/srv/QueryCalibrationState_Request.msg
[5.061s] -- Up-to-date: /home/gcerioni/ws_ur16/install/control_msgs/share/control_msgs/srv/QueryCalibrationState_Response.msg
[5.061s] -- Up-to-date: /home/gcerioni/ws_ur16/install/control_msgs/share/control_msgs/srv/QueryTrajectoryState.srv
[5.061s] -- Up-to-date: /home/gcerioni/ws_ur16/install/control_msgs/share/control_msgs/srv/QueryTrajectoryState_Request.msg
[5.061s] -- Up-to-date: /home/gcerioni/ws_ur16/install/control_msgs/share/control_msgs/srv/QueryTrajectoryState_Response.msg
[5.061s] -- Up-to-date: /home/gcerioni/ws_ur16/install/control_msgs/share/ament_index/resource_index/package_run_dependencies/control_msgs
[5.061s] -- Installing: /home/gcerioni/ws_ur16/install/control_msgs/share/ament_index/resource_index/parent_prefix_path/control_msgs
[5.061s] -- Up-to-date: /home/gcerioni/ws_ur16/install/control_msgs/share/control_msgs/environment/ament_prefix_path.sh
[5.061s] -- Installing: /home/gcerioni/ws_ur16/install/control_msgs/share/control_msgs/environment/ament_prefix_path.dsv
[5.061s] -- Up-to-date: /home/gcerioni/ws_ur16/install/control_msgs/share/control_msgs/environment/path.sh
[5.062s] -- Installing: /home/gcerioni/ws_ur16/install/control_msgs/share/control_msgs/environment/path.dsv
[5.062s] -- Up-to-date: /home/gcerioni/ws_ur16/install/control_msgs/share/control_msgs/local_setup.bash
[5.062s] -- Up-to-date: /home/gcerioni/ws_ur16/install/control_msgs/share/control_msgs/local_setup.sh
[5.062s] -- Up-to-date: /home/gcerioni/ws_ur16/install/control_msgs/share/control_msgs/local_setup.zsh
[5.062s] -- Installing: /home/gcerioni/ws_ur16/install/control_msgs/share/control_msgs/local_setup.dsv
[5.062s] -- Installing: /home/gcerioni/ws_ur16/install/control_msgs/share/control_msgs/package.dsv
[5.062s] -- Up-to-date: /home/gcerioni/ws_ur16/install/control_msgs/share/ament_index/resource_index/packages/control_msgs
[5.062s] -- Up-to-date: /home/gcerioni/ws_ur16/install/control_msgs/share/control_msgs/cmake/export_control_msgs__rosidl_generator_cExport.cmake
[5.062s] -- Up-to-date: /home/gcerioni/ws_ur16/install/control_msgs/share/control_msgs/cmake/export_control_msgs__rosidl_generator_cExport-release.cmake
[5.063s] -- Up-to-date: /home/gcerioni/ws_ur16/install/control_msgs/share/control_msgs/cmake/export_control_msgs__rosidl_typesupport_fastrtps_cExport.cmake
[5.063s] -- Up-to-date: /home/gcerioni/ws_ur16/install/control_msgs/share/control_msgs/cmake/export_control_msgs__rosidl_typesupport_fastrtps_cExport-release.cmake
[5.063s] -- Up-to-date: /home/gcerioni/ws_ur16/install/control_msgs/share/control_msgs/cmake/export_control_msgs__rosidl_generator_cppExport.cmake
[5.063s] -- Up-to-date: /home/gcerioni/ws_ur16/install/control_msgs/share/control_msgs/cmake/export_control_msgs__rosidl_typesupport_fastrtps_cppExport.cmake
[5.063s] -- Up-to-date: /home/gcerioni/ws_ur16/install/control_msgs/share/control_msgs/cmake/export_control_msgs__rosidl_typesupport_fastrtps_cppExport-release.cmake
[5.063s] -- Up-to-date: /home/gcerioni/ws_ur16/install/control_msgs/share/control_msgs/cmake/control_msgs__rosidl_typesupport_introspection_cExport.cmake
[5.063s] -- Up-to-date: /home/gcerioni/ws_ur16/install/control_msgs/share/control_msgs/cmake/control_msgs__rosidl_typesupport_introspection_cExport-release.cmake
[5.064s] -- Up-to-date: /home/gcerioni/ws_ur16/install/control_msgs/share/control_msgs/cmake/control_msgs__rosidl_typesupport_cExport.cmake
[5.064s] -- Up-to-date: /home/gcerioni/ws_ur16/install/control_msgs/share/control_msgs/cmake/control_msgs__rosidl_typesupport_cExport-release.cmake
[5.064s] -- Up-to-date: /home/gcerioni/ws_ur16/install/control_msgs/share/control_msgs/cmake/control_msgs__rosidl_typesupport_introspection_cppExport.cmake
[5.064s] -- Up-to-date: /home/gcerioni/ws_ur16/install/control_msgs/share/control_msgs/cmake/control_msgs__rosidl_typesupport_introspection_cppExport-release.cmake
[5.064s] -- Up-to-date: /home/gcerioni/ws_ur16/install/control_msgs/share/control_msgs/cmake/control_msgs__rosidl_typesupport_cppExport.cmake
[5.064s] -- Up-to-date: /home/gcerioni/ws_ur16/install/control_msgs/share/control_msgs/cmake/control_msgs__rosidl_typesupport_cppExport-release.cmake
[5.064s] -- Up-to-date: /home/gcerioni/ws_ur16/install/control_msgs/share/control_msgs/cmake/export_control_msgs__rosidl_generator_pyExport.cmake
[5.064s] -- Up-to-date: /home/gcerioni/ws_ur16/install/control_msgs/share/control_msgs/cmake/export_control_msgs__rosidl_generator_pyExport-release.cmake
[5.064s] -- Up-to-date: /home/gcerioni/ws_ur16/install/control_msgs/share/control_msgs/cmake/rosidl_cmake-extras.cmake
[5.065s] -- Up-to-date: /home/gcerioni/ws_ur16/install/control_msgs/share/control_msgs/cmake/ament_cmake_export_dependencies-extras.cmake
[5.065s] -- Up-to-date: /home/gcerioni/ws_ur16/install/control_msgs/share/control_msgs/cmake/ament_cmake_export_include_directories-extras.cmake
[5.065s] -- Up-to-date: /home/gcerioni/ws_ur16/install/control_msgs/share/control_msgs/cmake/ament_cmake_export_libraries-extras.cmake
[5.065s] -- Up-to-date: /home/gcerioni/ws_ur16/install/control_msgs/share/control_msgs/cmake/ament_cmake_export_targets-extras.cmake
[5.065s] -- Up-to-date: /home/gcerioni/ws_ur16/install/control_msgs/share/control_msgs/cmake/rosidl_cmake_export_typesupport_targets-extras.cmake
[5.065s] -- Up-to-date: /home/gcerioni/ws_ur16/install/control_msgs/share/control_msgs/cmake/rosidl_cmake_export_typesupport_libraries-extras.cmake
[5.065s] -- Up-to-date: /home/gcerioni/ws_ur16/install/control_msgs/share/control_msgs/cmake/control_msgsConfig.cmake
[5.065s] -- Up-to-date: /home/gcerioni/ws_ur16/install/control_msgs/share/control_msgs/cmake/control_msgsConfig-version.cmake
[5.065s] -- Up-to-date: /home/gcerioni/ws_ur16/install/control_msgs/share/control_msgs/package.xml
[5.068s] Invoked command in '/home/gcerioni/ws_ur16/build/control_msgs' returned '0': CMAKE_PREFIX_PATH=${CMAKE_PREFIX_PATH}:/home/gcerioni/ws_ur16/install/rqt_joint_trajectory_controller:/home/gcerioni/ws_ur16/install/rqt_controller_manager:/home/gcerioni/ws_ur16/install/ros2controlcli:/home/gcerioni/ws_ur16/install/ros2_controllers_test_nodes:/opt/ros/humble /usr/bin/cmake --install /home/gcerioni/ws_ur16/build/control_msgs
