[0.077s] Invoking command in '/home/gcerioni/ws_ur16/build/controller_manager_msgs': CMAKE_PREFIX_PATH=${CMAKE_PREFIX_PATH}:/home/gcerioni/ws_ur16/install/rqt_joint_trajectory_controller:/home/gcerioni/ws_ur16/install/rqt_controller_manager:/home/gcerioni/ws_ur16/install/ros2controlcli:/home/gcerioni/ws_ur16/install/ros2_controllers_test_nodes:/opt/ros/humble /usr/bin/cmake --build /home/gcerioni/ws_ur16/build/controller_manager_msgs -- -j8 -l8
[0.290s] [  0%] Built target controller_manager_msgs__cpp
[0.330s] [ 12%] Built target controller_manager_msgs__rosidl_generator_c
[0.382s] [ 12%] Built target ament_cmake_python_copy_controller_manager_msgs
[0.467s] [ 24%] Built target controller_manager_msgs__rosidl_typesupport_cpp
[0.467s] [ 36%] Built target controller_manager_msgs__rosidl_typesupport_fastrtps_cpp
[0.471s] [ 48%] Built target controller_manager_msgs__rosidl_typesupport_introspection_cpp
[0.566s] [ 60%] Built target controller_manager_msgs__rosidl_typesupport_introspection_c
[0.626s] [ 72%] Built target controller_manager_msgs__rosidl_typesupport_c
[0.650s] [ 84%] Built target controller_manager_msgs__rosidl_typesupport_fastrtps_c
[0.859s] [ 84%] Built target controller_manager_msgs
[0.943s] [ 85%] Built target controller_manager_msgs__py
[1.083s] [ 96%] Built target controller_manager_msgs__rosidl_generator_py
[1.276s] [ 97%] Built target controller_manager_msgs__rosidl_typesupport_c__pyext
[1.276s] [ 98%] Built target controller_manager_msgs__rosidl_typesupport_fastrtps_c__pyext
[1.277s] [100%] Built target controller_manager_msgs__rosidl_typesupport_introspection_c__pyext
[1.406s] running egg_info
[1.409s] writing controller_manager_msgs.egg-info/PKG-INFO
[1.410s] writing dependency_links to controller_manager_msgs.egg-info/dependency_links.txt
[1.411s] writing top-level names to controller_manager_msgs.egg-info/top_level.txt
[1.413s] reading manifest file 'controller_manager_msgs.egg-info/SOURCES.txt'
[1.413s] writing manifest file 'controller_manager_msgs.egg-info/SOURCES.txt'
[1.489s] [100%] Built target ament_cmake_python_build_controller_manager_msgs_egg
[1.522s] Invoked command in '/home/gcerioni/ws_ur16/build/controller_manager_msgs' returned '0': CMAKE_PREFIX_PATH=${CMAKE_PREFIX_PATH}:/home/gcerioni/ws_ur16/install/rqt_joint_trajectory_controller:/home/gcerioni/ws_ur16/install/rqt_controller_manager:/home/gcerioni/ws_ur16/install/ros2controlcli:/home/gcerioni/ws_ur16/install/ros2_controllers_test_nodes:/opt/ros/humble /usr/bin/cmake --build /home/gcerioni/ws_ur16/build/controller_manager_msgs -- -j8 -l8
[1.524s] Invoking command in '/home/gcerioni/ws_ur16/build/controller_manager_msgs': CMAKE_PREFIX_PATH=${CMAKE_PREFIX_PATH}:/home/gcerioni/ws_ur16/install/rqt_joint_trajectory_controller:/home/gcerioni/ws_ur16/install/rqt_controller_manager:/home/gcerioni/ws_ur16/install/ros2controlcli:/home/gcerioni/ws_ur16/install/ros2_controllers_test_nodes:/opt/ros/humble /usr/bin/cmake --install /home/gcerioni/ws_ur16/build/controller_manager_msgs
[1.560s] -- Install configuration: "Release"
[1.561s] -- Up-to-date: /home/gcerioni/ws_ur16/install/controller_manager_msgs/share/ament_index/resource_index/rosidl_interfaces/controller_manager_msgs
[1.561s] -- Up-to-date: /home/gcerioni/ws_ur16/install/controller_manager_msgs/include/controller_manager_msgs/controller_manager_msgs
[1.562s] -- Up-to-date: /home/gcerioni/ws_ur16/install/controller_manager_msgs/include/controller_manager_msgs/controller_manager_msgs/msg
[1.562s] -- Up-to-date: /home/gcerioni/ws_ur16/install/controller_manager_msgs/include/controller_manager_msgs/controller_manager_msgs/msg/hardware_component_state.h
[1.563s] -- Up-to-date: /home/gcerioni/ws_ur16/install/controller_manager_msgs/include/controller_manager_msgs/controller_manager_msgs/msg/detail
[1.563s] -- Up-to-date: /home/gcerioni/ws_ur16/install/controller_manager_msgs/include/controller_manager_msgs/controller_manager_msgs/msg/detail/controller_state__functions.c
[1.566s] -- Up-to-date: /home/gcerioni/ws_ur16/install/controller_manager_msgs/include/controller_manager_msgs/controller_manager_msgs/msg/detail/chain_connection__struct.h
[1.566s] -- Up-to-date: /home/gcerioni/ws_ur16/install/controller_manager_msgs/include/controller_manager_msgs/controller_manager_msgs/msg/detail/hardware_component_state__functions.h
[1.566s] -- Up-to-date: /home/gcerioni/ws_ur16/install/controller_manager_msgs/include/controller_manager_msgs/controller_manager_msgs/msg/detail/hardware_component_state__type_support.h
[1.566s] -- Up-to-date: /home/gcerioni/ws_ur16/install/controller_manager_msgs/include/controller_manager_msgs/controller_manager_msgs/msg/detail/controller_state__functions.h
[1.566s] -- Up-to-date: /home/gcerioni/ws_ur16/install/controller_manager_msgs/include/controller_manager_msgs/controller_manager_msgs/msg/detail/chain_connection__functions.c
[1.566s] -- Up-to-date: /home/gcerioni/ws_ur16/install/controller_manager_msgs/include/controller_manager_msgs/controller_manager_msgs/msg/detail/hardware_interface__type_support.h
[1.567s] -- Up-to-date: /home/gcerioni/ws_ur16/install/controller_manager_msgs/include/controller_manager_msgs/controller_manager_msgs/msg/detail/chain_connection__type_support.h
[1.567s] -- Up-to-date: /home/gcerioni/ws_ur16/install/controller_manager_msgs/include/controller_manager_msgs/controller_manager_msgs/msg/detail/controller_state__type_support.h
[1.567s] -- Up-to-date: /home/gcerioni/ws_ur16/install/controller_manager_msgs/include/controller_manager_msgs/controller_manager_msgs/msg/detail/hardware_interface__functions.h
[1.567s] -- Up-to-date: /home/gcerioni/ws_ur16/install/controller_manager_msgs/include/controller_manager_msgs/controller_manager_msgs/msg/detail/hardware_interface__struct.h
[1.567s] -- Up-to-date: /home/gcerioni/ws_ur16/install/controller_manager_msgs/include/controller_manager_msgs/controller_manager_msgs/msg/detail/hardware_component_state__struct.h
[1.567s] -- Up-to-date: /home/gcerioni/ws_ur16/install/controller_manager_msgs/include/controller_manager_msgs/controller_manager_msgs/msg/detail/hardware_interface__functions.c
[1.567s] -- Up-to-date: /home/gcerioni/ws_ur16/install/controller_manager_msgs/include/controller_manager_msgs/controller_manager_msgs/msg/detail/chain_connection__functions.h
[1.567s] -- Up-to-date: /home/gcerioni/ws_ur16/install/controller_manager_msgs/include/controller_manager_msgs/controller_manager_msgs/msg/detail/hardware_component_state__functions.c
[1.567s] -- Up-to-date: /home/gcerioni/ws_ur16/install/controller_manager_msgs/include/controller_manager_msgs/controller_manager_msgs/msg/detail/controller_state__struct.h
[1.567s] -- Up-to-date: /home/gcerioni/ws_ur16/install/controller_manager_msgs/include/controller_manager_msgs/controller_manager_msgs/msg/rosidl_generator_c__visibility_control.h
[1.568s] -- Up-to-date: /home/gcerioni/ws_ur16/install/controller_manager_msgs/include/controller_manager_msgs/controller_manager_msgs/msg/chain_connection.h
[1.568s] -- Up-to-date: /home/gcerioni/ws_ur16/install/controller_manager_msgs/include/controller_manager_msgs/controller_manager_msgs/msg/controller_state.h
[1.568s] -- Up-to-date: /home/gcerioni/ws_ur16/install/controller_manager_msgs/include/controller_manager_msgs/controller_manager_msgs/msg/hardware_interface.h
[1.568s] -- Up-to-date: /home/gcerioni/ws_ur16/install/controller_manager_msgs/include/controller_manager_msgs/controller_manager_msgs/srv
[1.569s] -- Up-to-date: /home/gcerioni/ws_ur16/install/controller_manager_msgs/include/controller_manager_msgs/controller_manager_msgs/srv/unload_controller.h
[1.569s] -- Up-to-date: /home/gcerioni/ws_ur16/install/controller_manager_msgs/include/controller_manager_msgs/controller_manager_msgs/srv/switch_controller.h
[1.569s] -- Up-to-date: /home/gcerioni/ws_ur16/install/controller_manager_msgs/include/controller_manager_msgs/controller_manager_msgs/srv/detail
[1.569s] -- Up-to-date: /home/gcerioni/ws_ur16/install/controller_manager_msgs/include/controller_manager_msgs/controller_manager_msgs/srv/detail/set_hardware_component_state__struct.h
[1.569s] -- Up-to-date: /home/gcerioni/ws_ur16/install/controller_manager_msgs/include/controller_manager_msgs/controller_manager_msgs/srv/detail/list_controller_types__type_support.h
[1.569s] -- Up-to-date: /home/gcerioni/ws_ur16/install/controller_manager_msgs/include/controller_manager_msgs/controller_manager_msgs/srv/detail/unload_controller__functions.h
[1.569s] -- Up-to-date: /home/gcerioni/ws_ur16/install/controller_manager_msgs/include/controller_manager_msgs/controller_manager_msgs/srv/detail/set_hardware_component_state__functions.c
[1.570s] -- Up-to-date: /home/gcerioni/ws_ur16/install/controller_manager_msgs/include/controller_manager_msgs/controller_manager_msgs/srv/detail/unload_controller__type_support.h
[1.570s] -- Up-to-date: /home/gcerioni/ws_ur16/install/controller_manager_msgs/include/controller_manager_msgs/controller_manager_msgs/srv/detail/configure_controller__functions.c
[1.571s] -- Up-to-date: /home/gcerioni/ws_ur16/install/controller_manager_msgs/include/controller_manager_msgs/controller_manager_msgs/srv/detail/list_hardware_interfaces__struct.h
[1.571s] -- Up-to-date: /home/gcerioni/ws_ur16/install/controller_manager_msgs/include/controller_manager_msgs/controller_manager_msgs/srv/detail/list_controller_types__functions.h
[1.571s] -- Up-to-date: /home/gcerioni/ws_ur16/install/controller_manager_msgs/include/controller_manager_msgs/controller_manager_msgs/srv/detail/set_hardware_component_state__functions.h
[1.571s] -- Up-to-date: /home/gcerioni/ws_ur16/install/controller_manager_msgs/include/controller_manager_msgs/controller_manager_msgs/srv/detail/load_controller__struct.h
[1.571s] -- Up-to-date: /home/gcerioni/ws_ur16/install/controller_manager_msgs/include/controller_manager_msgs/controller_manager_msgs/srv/detail/reload_controller_libraries__type_support.h
[1.572s] -- Up-to-date: /home/gcerioni/ws_ur16/install/controller_manager_msgs/include/controller_manager_msgs/controller_manager_msgs/srv/detail/set_hardware_component_state__type_support.h
[1.572s] -- Up-to-date: /home/gcerioni/ws_ur16/install/controller_manager_msgs/include/controller_manager_msgs/controller_manager_msgs/srv/detail/list_controller_types__struct.h
[1.572s] -- Up-to-date: /home/gcerioni/ws_ur16/install/controller_manager_msgs/include/controller_manager_msgs/controller_manager_msgs/srv/detail/list_controllers__type_support.h
[1.572s] -- Up-to-date: /home/gcerioni/ws_ur16/install/controller_manager_msgs/include/controller_manager_msgs/controller_manager_msgs/srv/detail/load_controller__type_support.h
[1.572s] -- Up-to-date: /home/gcerioni/ws_ur16/install/controller_manager_msgs/include/controller_manager_msgs/controller_manager_msgs/srv/detail/load_controller__functions.h
[1.572s] -- Up-to-date: /home/gcerioni/ws_ur16/install/controller_manager_msgs/include/controller_manager_msgs/controller_manager_msgs/srv/detail/list_hardware_interfaces__type_support.h
[1.572s] -- Up-to-date: /home/gcerioni/ws_ur16/install/controller_manager_msgs/include/controller_manager_msgs/controller_manager_msgs/srv/detail/switch_controller__type_support.h
[1.572s] -- Up-to-date: /home/gcerioni/ws_ur16/install/controller_manager_msgs/include/controller_manager_msgs/controller_manager_msgs/srv/detail/switch_controller__functions.h
[1.572s] -- Up-to-date: /home/gcerioni/ws_ur16/install/controller_manager_msgs/include/controller_manager_msgs/controller_manager_msgs/srv/detail/list_controllers__functions.h
[1.572s] -- Up-to-date: /home/gcerioni/ws_ur16/install/controller_manager_msgs/include/controller_manager_msgs/controller_manager_msgs/srv/detail/configure_controller__type_support.h
[1.572s] -- Up-to-date: /home/gcerioni/ws_ur16/install/controller_manager_msgs/include/controller_manager_msgs/controller_manager_msgs/srv/detail/list_controller_types__functions.c
[1.573s] -- Up-to-date: /home/gcerioni/ws_ur16/install/controller_manager_msgs/include/controller_manager_msgs/controller_manager_msgs/srv/detail/list_hardware_components__functions.c
[1.573s] -- Up-to-date: /home/gcerioni/ws_ur16/install/controller_manager_msgs/include/controller_manager_msgs/controller_manager_msgs/srv/detail/configure_controller__functions.h
[1.573s] -- Up-to-date: /home/gcerioni/ws_ur16/install/controller_manager_msgs/include/controller_manager_msgs/controller_manager_msgs/srv/detail/reload_controller_libraries__functions.c
[1.573s] -- Up-to-date: /home/gcerioni/ws_ur16/install/controller_manager_msgs/include/controller_manager_msgs/controller_manager_msgs/srv/detail/load_controller__functions.c
[1.573s] -- Up-to-date: /home/gcerioni/ws_ur16/install/controller_manager_msgs/include/controller_manager_msgs/controller_manager_msgs/srv/detail/unload_controller__functions.c
[1.573s] -- Up-to-date: /home/gcerioni/ws_ur16/install/controller_manager_msgs/include/controller_manager_msgs/controller_manager_msgs/srv/detail/list_hardware_interfaces__functions.h
[1.573s] -- Up-to-date: /home/gcerioni/ws_ur16/install/controller_manager_msgs/include/controller_manager_msgs/controller_manager_msgs/srv/detail/configure_controller__struct.h
[1.573s] -- Up-to-date: /home/gcerioni/ws_ur16/install/controller_manager_msgs/include/controller_manager_msgs/controller_manager_msgs/srv/detail/unload_controller__struct.h
[1.573s] -- Up-to-date: /home/gcerioni/ws_ur16/install/controller_manager_msgs/include/controller_manager_msgs/controller_manager_msgs/srv/detail/list_controllers__functions.c
[1.573s] -- Up-to-date: /home/gcerioni/ws_ur16/install/controller_manager_msgs/include/controller_manager_msgs/controller_manager_msgs/srv/detail/switch_controller__struct.h
[1.573s] -- Up-to-date: /home/gcerioni/ws_ur16/install/controller_manager_msgs/include/controller_manager_msgs/controller_manager_msgs/srv/detail/list_hardware_components__type_support.h
[1.573s] -- Up-to-date: /home/gcerioni/ws_ur16/install/controller_manager_msgs/include/controller_manager_msgs/controller_manager_msgs/srv/detail/list_hardware_components__functions.h
[1.574s] -- Up-to-date: /home/gcerioni/ws_ur16/install/controller_manager_msgs/include/controller_manager_msgs/controller_manager_msgs/srv/detail/switch_controller__functions.c
[1.574s] -- Up-to-date: /home/gcerioni/ws_ur16/install/controller_manager_msgs/include/controller_manager_msgs/controller_manager_msgs/srv/detail/reload_controller_libraries__functions.h
[1.574s] -- Up-to-date: /home/gcerioni/ws_ur16/install/controller_manager_msgs/include/controller_manager_msgs/controller_manager_msgs/srv/detail/reload_controller_libraries__struct.h
[1.574s] -- Up-to-date: /home/gcerioni/ws_ur16/install/controller_manager_msgs/include/controller_manager_msgs/controller_manager_msgs/srv/detail/list_hardware_components__struct.h
[1.574s] -- Up-to-date: /home/gcerioni/ws_ur16/install/controller_manager_msgs/include/controller_manager_msgs/controller_manager_msgs/srv/detail/list_controllers__struct.h
[1.574s] -- Up-to-date: /home/gcerioni/ws_ur16/install/controller_manager_msgs/include/controller_manager_msgs/controller_manager_msgs/srv/detail/list_hardware_interfaces__functions.c
[1.574s] -- Up-to-date: /home/gcerioni/ws_ur16/install/controller_manager_msgs/include/controller_manager_msgs/controller_manager_msgs/srv/list_hardware_interfaces.h
[1.574s] -- Up-to-date: /home/gcerioni/ws_ur16/install/controller_manager_msgs/include/controller_manager_msgs/controller_manager_msgs/srv/set_hardware_component_state.h
[1.574s] -- Up-to-date: /home/gcerioni/ws_ur16/install/controller_manager_msgs/include/controller_manager_msgs/controller_manager_msgs/srv/list_controller_types.h
[1.574s] -- Up-to-date: /home/gcerioni/ws_ur16/install/controller_manager_msgs/include/controller_manager_msgs/controller_manager_msgs/srv/list_hardware_components.h
[1.574s] -- Up-to-date: /home/gcerioni/ws_ur16/install/controller_manager_msgs/include/controller_manager_msgs/controller_manager_msgs/srv/configure_controller.h
[1.575s] -- Up-to-date: /home/gcerioni/ws_ur16/install/controller_manager_msgs/include/controller_manager_msgs/controller_manager_msgs/srv/reload_controller_libraries.h
[1.575s] -- Up-to-date: /home/gcerioni/ws_ur16/install/controller_manager_msgs/include/controller_manager_msgs/controller_manager_msgs/srv/load_controller.h
[1.578s] -- Up-to-date: /home/gcerioni/ws_ur16/install/controller_manager_msgs/include/controller_manager_msgs/controller_manager_msgs/srv/list_controllers.h
[1.583s] -- Up-to-date: /home/gcerioni/ws_ur16/install/controller_manager_msgs/share/controller_manager_msgs/environment/library_path.sh
[1.583s] -- Up-to-date: /home/gcerioni/ws_ur16/install/controller_manager_msgs/share/controller_manager_msgs/environment/library_path.dsv
[1.583s] -- Up-to-date: /home/gcerioni/ws_ur16/install/controller_manager_msgs/lib/libcontroller_manager_msgs__rosidl_generator_c.so
[1.583s] -- Up-to-date: /home/gcerioni/ws_ur16/install/controller_manager_msgs/include/controller_manager_msgs/controller_manager_msgs
[1.583s] -- Up-to-date: /home/gcerioni/ws_ur16/install/controller_manager_msgs/include/controller_manager_msgs/controller_manager_msgs/msg
[1.583s] -- Up-to-date: /home/gcerioni/ws_ur16/install/controller_manager_msgs/include/controller_manager_msgs/controller_manager_msgs/msg/detail
[1.584s] -- Up-to-date: /home/gcerioni/ws_ur16/install/controller_manager_msgs/include/controller_manager_msgs/controller_manager_msgs/msg/detail/controller_state__rosidl_typesupport_fastrtps_c.h
[1.584s] -- Up-to-date: /home/gcerioni/ws_ur16/install/controller_manager_msgs/include/controller_manager_msgs/controller_manager_msgs/msg/detail/hardware_interface__rosidl_typesupport_fastrtps_c.h
[1.584s] -- Up-to-date: /home/gcerioni/ws_ur16/install/controller_manager_msgs/include/controller_manager_msgs/controller_manager_msgs/msg/detail/hardware_component_state__rosidl_typesupport_fastrtps_c.h
[1.584s] -- Up-to-date: /home/gcerioni/ws_ur16/install/controller_manager_msgs/include/controller_manager_msgs/controller_manager_msgs/msg/detail/chain_connection__rosidl_typesupport_fastrtps_c.h
[1.584s] -- Up-to-date: /home/gcerioni/ws_ur16/install/controller_manager_msgs/include/controller_manager_msgs/controller_manager_msgs/msg/rosidl_typesupport_fastrtps_c__visibility_control.h
[1.584s] -- Up-to-date: /home/gcerioni/ws_ur16/install/controller_manager_msgs/include/controller_manager_msgs/controller_manager_msgs/srv
[1.584s] -- Up-to-date: /home/gcerioni/ws_ur16/install/controller_manager_msgs/include/controller_manager_msgs/controller_manager_msgs/srv/detail
[1.584s] -- Up-to-date: /home/gcerioni/ws_ur16/install/controller_manager_msgs/include/controller_manager_msgs/controller_manager_msgs/srv/detail/list_controller_types__rosidl_typesupport_fastrtps_c.h
[1.584s] -- Up-to-date: /home/gcerioni/ws_ur16/install/controller_manager_msgs/include/controller_manager_msgs/controller_manager_msgs/srv/detail/list_hardware_interfaces__rosidl_typesupport_fastrtps_c.h
[1.584s] -- Up-to-date: /home/gcerioni/ws_ur16/install/controller_manager_msgs/include/controller_manager_msgs/controller_manager_msgs/srv/detail/load_controller__rosidl_typesupport_fastrtps_c.h
[1.584s] -- Up-to-date: /home/gcerioni/ws_ur16/install/controller_manager_msgs/include/controller_manager_msgs/controller_manager_msgs/srv/detail/set_hardware_component_state__rosidl_typesupport_fastrtps_c.h
[1.585s] -- Up-to-date: /home/gcerioni/ws_ur16/install/controller_manager_msgs/include/controller_manager_msgs/controller_manager_msgs/srv/detail/switch_controller__rosidl_typesupport_fastrtps_c.h
[1.585s] -- Up-to-date: /home/gcerioni/ws_ur16/install/controller_manager_msgs/include/controller_manager_msgs/controller_manager_msgs/srv/detail/list_hardware_components__rosidl_typesupport_fastrtps_c.h
[1.585s] -- Up-to-date: /home/gcerioni/ws_ur16/install/controller_manager_msgs/include/controller_manager_msgs/controller_manager_msgs/srv/detail/reload_controller_libraries__rosidl_typesupport_fastrtps_c.h
[1.585s] -- Up-to-date: /home/gcerioni/ws_ur16/install/controller_manager_msgs/include/controller_manager_msgs/controller_manager_msgs/srv/detail/unload_controller__rosidl_typesupport_fastrtps_c.h
[1.585s] -- Up-to-date: /home/gcerioni/ws_ur16/install/controller_manager_msgs/include/controller_manager_msgs/controller_manager_msgs/srv/detail/list_controllers__rosidl_typesupport_fastrtps_c.h
[1.585s] -- Up-to-date: /home/gcerioni/ws_ur16/install/controller_manager_msgs/include/controller_manager_msgs/controller_manager_msgs/srv/detail/configure_controller__rosidl_typesupport_fastrtps_c.h
[1.585s] -- Up-to-date: /home/gcerioni/ws_ur16/install/controller_manager_msgs/lib/libcontroller_manager_msgs__rosidl_typesupport_fastrtps_c.so
[1.585s] -- Up-to-date: /home/gcerioni/ws_ur16/install/controller_manager_msgs/include/controller_manager_msgs/controller_manager_msgs
[1.585s] -- Up-to-date: /home/gcerioni/ws_ur16/install/controller_manager_msgs/include/controller_manager_msgs/controller_manager_msgs/msg
[1.585s] -- Up-to-date: /home/gcerioni/ws_ur16/install/controller_manager_msgs/include/controller_manager_msgs/controller_manager_msgs/msg/controller_state.hpp
[1.585s] -- Up-to-date: /home/gcerioni/ws_ur16/install/controller_manager_msgs/include/controller_manager_msgs/controller_manager_msgs/msg/detail
[1.585s] -- Up-to-date: /home/gcerioni/ws_ur16/install/controller_manager_msgs/include/controller_manager_msgs/controller_manager_msgs/msg/detail/hardware_interface__struct.hpp
[1.586s] -- Up-to-date: /home/gcerioni/ws_ur16/install/controller_manager_msgs/include/controller_manager_msgs/controller_manager_msgs/msg/detail/chain_connection__traits.hpp
[1.586s] -- Up-to-date: /home/gcerioni/ws_ur16/install/controller_manager_msgs/include/controller_manager_msgs/controller_manager_msgs/msg/detail/hardware_interface__builder.hpp
[1.587s] -- Up-to-date: /home/gcerioni/ws_ur16/install/controller_manager_msgs/include/controller_manager_msgs/controller_manager_msgs/msg/detail/hardware_interface__type_support.hpp
[1.587s] -- Up-to-date: /home/gcerioni/ws_ur16/install/controller_manager_msgs/include/controller_manager_msgs/controller_manager_msgs/msg/detail/hardware_component_state__traits.hpp
[1.587s] -- Up-to-date: /home/gcerioni/ws_ur16/install/controller_manager_msgs/include/controller_manager_msgs/controller_manager_msgs/msg/detail/chain_connection__struct.hpp
[1.587s] -- Up-to-date: /home/gcerioni/ws_ur16/install/controller_manager_msgs/include/controller_manager_msgs/controller_manager_msgs/msg/detail/chain_connection__type_support.hpp
[1.587s] -- Up-to-date: /home/gcerioni/ws_ur16/install/controller_manager_msgs/include/controller_manager_msgs/controller_manager_msgs/msg/detail/controller_state__type_support.hpp
[1.587s] -- Up-to-date: /home/gcerioni/ws_ur16/install/controller_manager_msgs/include/controller_manager_msgs/controller_manager_msgs/msg/detail/hardware_component_state__type_support.hpp
[1.587s] -- Up-to-date: /home/gcerioni/ws_ur16/install/controller_manager_msgs/include/controller_manager_msgs/controller_manager_msgs/msg/detail/hardware_component_state__builder.hpp
[1.588s] -- Up-to-date: /home/gcerioni/ws_ur16/install/controller_manager_msgs/include/controller_manager_msgs/controller_manager_msgs/msg/detail/controller_state__struct.hpp
[1.588s] -- Up-to-date: /home/gcerioni/ws_ur16/install/controller_manager_msgs/include/controller_manager_msgs/controller_manager_msgs/msg/detail/chain_connection__builder.hpp
[1.588s] -- Up-to-date: /home/gcerioni/ws_ur16/install/controller_manager_msgs/include/controller_manager_msgs/controller_manager_msgs/msg/detail/controller_state__builder.hpp
[1.588s] -- Up-to-date: /home/gcerioni/ws_ur16/install/controller_manager_msgs/include/controller_manager_msgs/controller_manager_msgs/msg/detail/hardware_interface__traits.hpp
[1.590s] -- Up-to-date: /home/gcerioni/ws_ur16/install/controller_manager_msgs/include/controller_manager_msgs/controller_manager_msgs/msg/detail/controller_state__traits.hpp
[1.590s] -- Up-to-date: /home/gcerioni/ws_ur16/install/controller_manager_msgs/include/controller_manager_msgs/controller_manager_msgs/msg/detail/hardware_component_state__struct.hpp
[1.590s] -- Up-to-date: /home/gcerioni/ws_ur16/install/controller_manager_msgs/include/controller_manager_msgs/controller_manager_msgs/msg/chain_connection.hpp
[1.591s] -- Up-to-date: /home/gcerioni/ws_ur16/install/controller_manager_msgs/include/controller_manager_msgs/controller_manager_msgs/msg/hardware_component_state.hpp
[1.591s] -- Up-to-date: /home/gcerioni/ws_ur16/install/controller_manager_msgs/include/controller_manager_msgs/controller_manager_msgs/msg/rosidl_generator_cpp__visibility_control.hpp
[1.591s] -- Up-to-date: /home/gcerioni/ws_ur16/install/controller_manager_msgs/include/controller_manager_msgs/controller_manager_msgs/msg/hardware_interface.hpp
[1.591s] -- Up-to-date: /home/gcerioni/ws_ur16/install/controller_manager_msgs/include/controller_manager_msgs/controller_manager_msgs/srv
[1.591s] -- Up-to-date: /home/gcerioni/ws_ur16/install/controller_manager_msgs/include/controller_manager_msgs/controller_manager_msgs/srv/reload_controller_libraries.hpp
[1.596s] -- Up-to-date: /home/gcerioni/ws_ur16/install/controller_manager_msgs/include/controller_manager_msgs/controller_manager_msgs/srv/detail
[1.596s] -- Up-to-date: /home/gcerioni/ws_ur16/install/controller_manager_msgs/include/controller_manager_msgs/controller_manager_msgs/srv/detail/list_hardware_interfaces__struct.hpp
[1.596s] -- Up-to-date: /home/gcerioni/ws_ur16/install/controller_manager_msgs/include/controller_manager_msgs/controller_manager_msgs/srv/detail/reload_controller_libraries__type_support.hpp
[1.596s] -- Up-to-date: /home/gcerioni/ws_ur16/install/controller_manager_msgs/include/controller_manager_msgs/controller_manager_msgs/srv/detail/unload_controller__type_support.hpp
[1.598s] -- Up-to-date: /home/gcerioni/ws_ur16/install/controller_manager_msgs/include/controller_manager_msgs/controller_manager_msgs/srv/detail/list_controllers__builder.hpp
[1.598s] -- Up-to-date: /home/gcerioni/ws_ur16/install/controller_manager_msgs/include/controller_manager_msgs/controller_manager_msgs/srv/detail/configure_controller__type_support.hpp
[1.598s] -- Up-to-date: /home/gcerioni/ws_ur16/install/controller_manager_msgs/include/controller_manager_msgs/controller_manager_msgs/srv/detail/list_hardware_components__builder.hpp
[1.598s] -- Up-to-date: /home/gcerioni/ws_ur16/install/controller_manager_msgs/include/controller_manager_msgs/controller_manager_msgs/srv/detail/configure_controller__traits.hpp
[1.599s] -- Up-to-date: /home/gcerioni/ws_ur16/install/controller_manager_msgs/include/controller_manager_msgs/controller_manager_msgs/srv/detail/configure_controller__struct.hpp
[1.599s] -- Up-to-date: /home/gcerioni/ws_ur16/install/controller_manager_msgs/include/controller_manager_msgs/controller_manager_msgs/srv/detail/list_hardware_components__struct.hpp
[1.599s] -- Up-to-date: /home/gcerioni/ws_ur16/install/controller_manager_msgs/include/controller_manager_msgs/controller_manager_msgs/srv/detail/load_controller__builder.hpp
[1.600s] -- Up-to-date: /home/gcerioni/ws_ur16/install/controller_manager_msgs/include/controller_manager_msgs/controller_manager_msgs/srv/detail/switch_controller__type_support.hpp
[1.600s] -- Up-to-date: /home/gcerioni/ws_ur16/install/controller_manager_msgs/include/controller_manager_msgs/controller_manager_msgs/srv/detail/switch_controller__traits.hpp
[1.600s] -- Up-to-date: /home/gcerioni/ws_ur16/install/controller_manager_msgs/include/controller_manager_msgs/controller_manager_msgs/srv/detail/switch_controller__builder.hpp
[1.600s] -- Up-to-date: /home/gcerioni/ws_ur16/install/controller_manager_msgs/include/controller_manager_msgs/controller_manager_msgs/srv/detail/list_hardware_interfaces__builder.hpp
[1.600s] -- Up-to-date: /home/gcerioni/ws_ur16/install/controller_manager_msgs/include/controller_manager_msgs/controller_manager_msgs/srv/detail/list_controller_types__builder.hpp
[1.601s] -- Up-to-date: /home/gcerioni/ws_ur16/install/controller_manager_msgs/include/controller_manager_msgs/controller_manager_msgs/srv/detail/list_hardware_interfaces__type_support.hpp
[1.601s] -- Up-to-date: /home/gcerioni/ws_ur16/install/controller_manager_msgs/include/controller_manager_msgs/controller_manager_msgs/srv/detail/reload_controller_libraries__traits.hpp
[1.601s] -- Up-to-date: /home/gcerioni/ws_ur16/install/controller_manager_msgs/include/controller_manager_msgs/controller_manager_msgs/srv/detail/unload_controller__struct.hpp
[1.601s] -- Up-to-date: /home/gcerioni/ws_ur16/install/controller_manager_msgs/include/controller_manager_msgs/controller_manager_msgs/srv/detail/set_hardware_component_state__struct.hpp
[1.603s] -- Up-to-date: /home/gcerioni/ws_ur16/install/controller_manager_msgs/include/controller_manager_msgs/controller_manager_msgs/srv/detail/load_controller__type_support.hpp
[1.603s] -- Up-to-date: /home/gcerioni/ws_ur16/install/controller_manager_msgs/include/controller_manager_msgs/controller_manager_msgs/srv/detail/reload_controller_libraries__builder.hpp
[1.603s] -- Up-to-date: /home/gcerioni/ws_ur16/install/controller_manager_msgs/include/controller_manager_msgs/controller_manager_msgs/srv/detail/set_hardware_component_state__type_support.hpp
[1.603s] -- Up-to-date: /home/gcerioni/ws_ur16/install/controller_manager_msgs/include/controller_manager_msgs/controller_manager_msgs/srv/detail/list_controllers__traits.hpp
[1.603s] -- Up-to-date: /home/gcerioni/ws_ur16/install/controller_manager_msgs/include/controller_manager_msgs/controller_manager_msgs/srv/detail/list_controller_types__type_support.hpp
[1.603s] -- Up-to-date: /home/gcerioni/ws_ur16/install/controller_manager_msgs/include/controller_manager_msgs/controller_manager_msgs/srv/detail/unload_controller__builder.hpp
[1.603s] -- Up-to-date: /home/gcerioni/ws_ur16/install/controller_manager_msgs/include/controller_manager_msgs/controller_manager_msgs/srv/detail/load_controller__struct.hpp
[1.604s] -- Up-to-date: /home/gcerioni/ws_ur16/install/controller_manager_msgs/include/controller_manager_msgs/controller_manager_msgs/srv/detail/list_hardware_components__type_support.hpp
[1.604s] -- Up-to-date: /home/gcerioni/ws_ur16/install/controller_manager_msgs/include/controller_manager_msgs/controller_manager_msgs/srv/detail/set_hardware_component_state__traits.hpp
[1.604s] -- Up-to-date: /home/gcerioni/ws_ur16/install/controller_manager_msgs/include/controller_manager_msgs/controller_manager_msgs/srv/detail/list_controller_types__struct.hpp
[1.604s] -- Up-to-date: /home/gcerioni/ws_ur16/install/controller_manager_msgs/include/controller_manager_msgs/controller_manager_msgs/srv/detail/switch_controller__struct.hpp
[1.604s] -- Up-to-date: /home/gcerioni/ws_ur16/install/controller_manager_msgs/include/controller_manager_msgs/controller_manager_msgs/srv/detail/list_controller_types__traits.hpp
[1.604s] -- Up-to-date: /home/gcerioni/ws_ur16/install/controller_manager_msgs/include/controller_manager_msgs/controller_manager_msgs/srv/detail/reload_controller_libraries__struct.hpp
[1.604s] -- Up-to-date: /home/gcerioni/ws_ur16/install/controller_manager_msgs/include/controller_manager_msgs/controller_manager_msgs/srv/detail/list_controllers__struct.hpp
[1.604s] -- Up-to-date: /home/gcerioni/ws_ur16/install/controller_manager_msgs/include/controller_manager_msgs/controller_manager_msgs/srv/detail/configure_controller__builder.hpp
[1.604s] -- Up-to-date: /home/gcerioni/ws_ur16/install/controller_manager_msgs/include/controller_manager_msgs/controller_manager_msgs/srv/detail/list_hardware_components__traits.hpp
[1.605s] -- Up-to-date: /home/gcerioni/ws_ur16/install/controller_manager_msgs/include/controller_manager_msgs/controller_manager_msgs/srv/detail/set_hardware_component_state__builder.hpp
[1.605s] -- Up-to-date: /home/gcerioni/ws_ur16/install/controller_manager_msgs/include/controller_manager_msgs/controller_manager_msgs/srv/detail/unload_controller__traits.hpp
[1.605s] -- Up-to-date: /home/gcerioni/ws_ur16/install/controller_manager_msgs/include/controller_manager_msgs/controller_manager_msgs/srv/detail/list_controllers__type_support.hpp
[1.605s] -- Up-to-date: /home/gcerioni/ws_ur16/install/controller_manager_msgs/include/controller_manager_msgs/controller_manager_msgs/srv/detail/list_hardware_interfaces__traits.hpp
[1.605s] -- Up-to-date: /home/gcerioni/ws_ur16/install/controller_manager_msgs/include/controller_manager_msgs/controller_manager_msgs/srv/detail/load_controller__traits.hpp
[1.605s] -- Up-to-date: /home/gcerioni/ws_ur16/install/controller_manager_msgs/include/controller_manager_msgs/controller_manager_msgs/srv/list_hardware_interfaces.hpp
[1.605s] -- Up-to-date: /home/gcerioni/ws_ur16/install/controller_manager_msgs/include/controller_manager_msgs/controller_manager_msgs/srv/configure_controller.hpp
[1.605s] -- Up-to-date: /home/gcerioni/ws_ur16/install/controller_manager_msgs/include/controller_manager_msgs/controller_manager_msgs/srv/load_controller.hpp
[1.605s] -- Up-to-date: /home/gcerioni/ws_ur16/install/controller_manager_msgs/include/controller_manager_msgs/controller_manager_msgs/srv/set_hardware_component_state.hpp
[1.606s] -- Up-to-date: /home/gcerioni/ws_ur16/install/controller_manager_msgs/include/controller_manager_msgs/controller_manager_msgs/srv/switch_controller.hpp
[1.606s] -- Up-to-date: /home/gcerioni/ws_ur16/install/controller_manager_msgs/include/controller_manager_msgs/controller_manager_msgs/srv/unload_controller.hpp
[1.606s] -- Up-to-date: /home/gcerioni/ws_ur16/install/controller_manager_msgs/include/controller_manager_msgs/controller_manager_msgs/srv/list_controllers.hpp
[1.606s] -- Up-to-date: /home/gcerioni/ws_ur16/install/controller_manager_msgs/include/controller_manager_msgs/controller_manager_msgs/srv/list_controller_types.hpp
[1.606s] -- Up-to-date: /home/gcerioni/ws_ur16/install/controller_manager_msgs/include/controller_manager_msgs/controller_manager_msgs/srv/list_hardware_components.hpp
[1.607s] -- Up-to-date: /home/gcerioni/ws_ur16/install/controller_manager_msgs/include/controller_manager_msgs/controller_manager_msgs
[1.607s] -- Up-to-date: /home/gcerioni/ws_ur16/install/controller_manager_msgs/include/controller_manager_msgs/controller_manager_msgs/msg
[1.607s] -- Up-to-date: /home/gcerioni/ws_ur16/install/controller_manager_msgs/include/controller_manager_msgs/controller_manager_msgs/msg/detail
[1.607s] -- Up-to-date: /home/gcerioni/ws_ur16/install/controller_manager_msgs/include/controller_manager_msgs/controller_manager_msgs/msg/detail/chain_connection__rosidl_typesupport_fastrtps_cpp.hpp
[1.607s] -- Up-to-date: /home/gcerioni/ws_ur16/install/controller_manager_msgs/include/controller_manager_msgs/controller_manager_msgs/msg/detail/hardware_interface__rosidl_typesupport_fastrtps_cpp.hpp
[1.607s] -- Up-to-date: /home/gcerioni/ws_ur16/install/controller_manager_msgs/include/controller_manager_msgs/controller_manager_msgs/msg/detail/dds_fastrtps
[1.607s] -- Up-to-date: /home/gcerioni/ws_ur16/install/controller_manager_msgs/include/controller_manager_msgs/controller_manager_msgs/msg/detail/hardware_component_state__rosidl_typesupport_fastrtps_cpp.hpp
[1.607s] -- Up-to-date: /home/gcerioni/ws_ur16/install/controller_manager_msgs/include/controller_manager_msgs/controller_manager_msgs/msg/detail/controller_state__rosidl_typesupport_fastrtps_cpp.hpp
[1.607s] -- Up-to-date: /home/gcerioni/ws_ur16/install/controller_manager_msgs/include/controller_manager_msgs/controller_manager_msgs/msg/rosidl_typesupport_fastrtps_cpp__visibility_control.h
[1.608s] -- Up-to-date: /home/gcerioni/ws_ur16/install/controller_manager_msgs/include/controller_manager_msgs/controller_manager_msgs/srv
[1.608s] -- Up-to-date: /home/gcerioni/ws_ur16/install/controller_manager_msgs/include/controller_manager_msgs/controller_manager_msgs/srv/detail
[1.608s] -- Up-to-date: /home/gcerioni/ws_ur16/install/controller_manager_msgs/include/controller_manager_msgs/controller_manager_msgs/srv/detail/unload_controller__rosidl_typesupport_fastrtps_cpp.hpp
[1.608s] -- Up-to-date: /home/gcerioni/ws_ur16/install/controller_manager_msgs/include/controller_manager_msgs/controller_manager_msgs/srv/detail/set_hardware_component_state__rosidl_typesupport_fastrtps_cpp.hpp
[1.608s] -- Up-to-date: /home/gcerioni/ws_ur16/install/controller_manager_msgs/include/controller_manager_msgs/controller_manager_msgs/srv/detail/list_hardware_interfaces__rosidl_typesupport_fastrtps_cpp.hpp
[1.608s] -- Up-to-date: /home/gcerioni/ws_ur16/install/controller_manager_msgs/include/controller_manager_msgs/controller_manager_msgs/srv/detail/load_controller__rosidl_typesupport_fastrtps_cpp.hpp
[1.609s] -- Up-to-date: /home/gcerioni/ws_ur16/install/controller_manager_msgs/include/controller_manager_msgs/controller_manager_msgs/srv/detail/dds_fastrtps
[1.609s] -- Up-to-date: /home/gcerioni/ws_ur16/install/controller_manager_msgs/include/controller_manager_msgs/controller_manager_msgs/srv/detail/switch_controller__rosidl_typesupport_fastrtps_cpp.hpp
[1.609s] -- Up-to-date: /home/gcerioni/ws_ur16/install/controller_manager_msgs/include/controller_manager_msgs/controller_manager_msgs/srv/detail/list_controllers__rosidl_typesupport_fastrtps_cpp.hpp
[1.609s] -- Up-to-date: /home/gcerioni/ws_ur16/install/controller_manager_msgs/include/controller_manager_msgs/controller_manager_msgs/srv/detail/list_controller_types__rosidl_typesupport_fastrtps_cpp.hpp
[1.609s] -- Up-to-date: /home/gcerioni/ws_ur16/install/controller_manager_msgs/include/controller_manager_msgs/controller_manager_msgs/srv/detail/list_hardware_components__rosidl_typesupport_fastrtps_cpp.hpp
[1.609s] -- Up-to-date: /home/gcerioni/ws_ur16/install/controller_manager_msgs/include/controller_manager_msgs/controller_manager_msgs/srv/detail/reload_controller_libraries__rosidl_typesupport_fastrtps_cpp.hpp
[1.610s] -- Up-to-date: /home/gcerioni/ws_ur16/install/controller_manager_msgs/include/controller_manager_msgs/controller_manager_msgs/srv/detail/configure_controller__rosidl_typesupport_fastrtps_cpp.hpp
[1.610s] -- Up-to-date: /home/gcerioni/ws_ur16/install/controller_manager_msgs/lib/libcontroller_manager_msgs__rosidl_typesupport_fastrtps_cpp.so
[1.610s] -- Up-to-date: /home/gcerioni/ws_ur16/install/controller_manager_msgs/include/controller_manager_msgs/controller_manager_msgs
[1.610s] -- Up-to-date: /home/gcerioni/ws_ur16/install/controller_manager_msgs/include/controller_manager_msgs/controller_manager_msgs/msg
[1.610s] -- Up-to-date: /home/gcerioni/ws_ur16/install/controller_manager_msgs/include/controller_manager_msgs/controller_manager_msgs/msg/detail
[1.610s] -- Up-to-date: /home/gcerioni/ws_ur16/install/controller_manager_msgs/include/controller_manager_msgs/controller_manager_msgs/msg/detail/chain_connection__type_support.c
[1.611s] -- Up-to-date: /home/gcerioni/ws_ur16/install/controller_manager_msgs/include/controller_manager_msgs/controller_manager_msgs/msg/detail/hardware_interface__rosidl_typesupport_introspection_c.h
[1.615s] -- Up-to-date: /home/gcerioni/ws_ur16/install/controller_manager_msgs/include/controller_manager_msgs/controller_manager_msgs/msg/detail/hardware_component_state__rosidl_typesupport_introspection_c.h
[1.615s] -- Up-to-date: /home/gcerioni/ws_ur16/install/controller_manager_msgs/include/controller_manager_msgs/controller_manager_msgs/msg/detail/controller_state__rosidl_typesupport_introspection_c.h
[1.615s] -- Up-to-date: /home/gcerioni/ws_ur16/install/controller_manager_msgs/include/controller_manager_msgs/controller_manager_msgs/msg/detail/chain_connection__rosidl_typesupport_introspection_c.h
[1.615s] -- Up-to-date: /home/gcerioni/ws_ur16/install/controller_manager_msgs/include/controller_manager_msgs/controller_manager_msgs/msg/detail/hardware_component_state__type_support.c
[1.616s] -- Up-to-date: /home/gcerioni/ws_ur16/install/controller_manager_msgs/include/controller_manager_msgs/controller_manager_msgs/msg/detail/controller_state__type_support.c
[1.616s] -- Up-to-date: /home/gcerioni/ws_ur16/install/controller_manager_msgs/include/controller_manager_msgs/controller_manager_msgs/msg/detail/hardware_interface__type_support.c
[1.616s] -- Up-to-date: /home/gcerioni/ws_ur16/install/controller_manager_msgs/include/controller_manager_msgs/controller_manager_msgs/msg/rosidl_typesupport_introspection_c__visibility_control.h
[1.616s] -- Up-to-date: /home/gcerioni/ws_ur16/install/controller_manager_msgs/include/controller_manager_msgs/controller_manager_msgs/srv
[1.616s] -- Up-to-date: /home/gcerioni/ws_ur16/install/controller_manager_msgs/include/controller_manager_msgs/controller_manager_msgs/srv/detail
[1.616s] -- Up-to-date: /home/gcerioni/ws_ur16/install/controller_manager_msgs/include/controller_manager_msgs/controller_manager_msgs/srv/detail/unload_controller__rosidl_typesupport_introspection_c.h
[1.616s] -- Up-to-date: /home/gcerioni/ws_ur16/install/controller_manager_msgs/include/controller_manager_msgs/controller_manager_msgs/srv/detail/set_hardware_component_state__type_support.c
[1.616s] -- Up-to-date: /home/gcerioni/ws_ur16/install/controller_manager_msgs/include/controller_manager_msgs/controller_manager_msgs/srv/detail/reload_controller_libraries__type_support.c
[1.616s] -- Up-to-date: /home/gcerioni/ws_ur16/install/controller_manager_msgs/include/controller_manager_msgs/controller_manager_msgs/srv/detail/set_hardware_component_state__rosidl_typesupport_introspection_c.h
[1.617s] -- Up-to-date: /home/gcerioni/ws_ur16/install/controller_manager_msgs/include/controller_manager_msgs/controller_manager_msgs/srv/detail/list_controller_types__rosidl_typesupport_introspection_c.h
[1.617s] -- Up-to-date: /home/gcerioni/ws_ur16/install/controller_manager_msgs/include/controller_manager_msgs/controller_manager_msgs/srv/detail/unload_controller__type_support.c
[1.617s] -- Up-to-date: /home/gcerioni/ws_ur16/install/controller_manager_msgs/include/controller_manager_msgs/controller_manager_msgs/srv/detail/load_controller__type_support.c
[1.617s] -- Up-to-date: /home/gcerioni/ws_ur16/install/controller_manager_msgs/include/controller_manager_msgs/controller_manager_msgs/srv/detail/switch_controller__rosidl_typesupport_introspection_c.h
[1.617s] -- Up-to-date: /home/gcerioni/ws_ur16/install/controller_manager_msgs/include/controller_manager_msgs/controller_manager_msgs/srv/detail/configure_controller__type_support.c
[1.617s] -- Up-to-date: /home/gcerioni/ws_ur16/install/controller_manager_msgs/include/controller_manager_msgs/controller_manager_msgs/srv/detail/switch_controller__type_support.c
[1.617s] -- Up-to-date: /home/gcerioni/ws_ur16/install/controller_manager_msgs/include/controller_manager_msgs/controller_manager_msgs/srv/detail/reload_controller_libraries__rosidl_typesupport_introspection_c.h
[1.617s] -- Up-to-date: /home/gcerioni/ws_ur16/install/controller_manager_msgs/include/controller_manager_msgs/controller_manager_msgs/srv/detail/list_controllers__rosidl_typesupport_introspection_c.h
[1.617s] -- Up-to-date: /home/gcerioni/ws_ur16/install/controller_manager_msgs/include/controller_manager_msgs/controller_manager_msgs/srv/detail/list_hardware_interfaces__type_support.c
[1.617s] -- Up-to-date: /home/gcerioni/ws_ur16/install/controller_manager_msgs/include/controller_manager_msgs/controller_manager_msgs/srv/detail/list_hardware_interfaces__rosidl_typesupport_introspection_c.h
[1.618s] -- Up-to-date: /home/gcerioni/ws_ur16/install/controller_manager_msgs/include/controller_manager_msgs/controller_manager_msgs/srv/detail/list_controller_types__type_support.c
[1.618s] -- Up-to-date: /home/gcerioni/ws_ur16/install/controller_manager_msgs/include/controller_manager_msgs/controller_manager_msgs/srv/detail/load_controller__rosidl_typesupport_introspection_c.h
[1.618s] -- Up-to-date: /home/gcerioni/ws_ur16/install/controller_manager_msgs/include/controller_manager_msgs/controller_manager_msgs/srv/detail/list_controllers__type_support.c
[1.618s] -- Up-to-date: /home/gcerioni/ws_ur16/install/controller_manager_msgs/include/controller_manager_msgs/controller_manager_msgs/srv/detail/list_hardware_components__type_support.c
[1.618s] -- Up-to-date: /home/gcerioni/ws_ur16/install/controller_manager_msgs/include/controller_manager_msgs/controller_manager_msgs/srv/detail/configure_controller__rosidl_typesupport_introspection_c.h
[1.618s] -- Up-to-date: /home/gcerioni/ws_ur16/install/controller_manager_msgs/include/controller_manager_msgs/controller_manager_msgs/srv/detail/list_hardware_components__rosidl_typesupport_introspection_c.h
[1.618s] -- Up-to-date: /home/gcerioni/ws_ur16/install/controller_manager_msgs/lib/libcontroller_manager_msgs__rosidl_typesupport_introspection_c.so
[1.618s] -- Up-to-date: /home/gcerioni/ws_ur16/install/controller_manager_msgs/lib/libcontroller_manager_msgs__rosidl_typesupport_c.so
[1.618s] -- Up-to-date: /home/gcerioni/ws_ur16/install/controller_manager_msgs/include/controller_manager_msgs/controller_manager_msgs
[1.618s] -- Up-to-date: /home/gcerioni/ws_ur16/install/controller_manager_msgs/include/controller_manager_msgs/controller_manager_msgs/msg
[1.619s] -- Up-to-date: /home/gcerioni/ws_ur16/install/controller_manager_msgs/include/controller_manager_msgs/controller_manager_msgs/msg/detail
[1.622s] -- Up-to-date: /home/gcerioni/ws_ur16/install/controller_manager_msgs/include/controller_manager_msgs/controller_manager_msgs/msg/detail/chain_connection__rosidl_typesupport_introspection_cpp.hpp
[1.622s] -- Up-to-date: /home/gcerioni/ws_ur16/install/controller_manager_msgs/include/controller_manager_msgs/controller_manager_msgs/msg/detail/controller_state__type_support.cpp
[1.622s] -- Up-to-date: /home/gcerioni/ws_ur16/install/controller_manager_msgs/include/controller_manager_msgs/controller_manager_msgs/msg/detail/hardware_component_state__rosidl_typesupport_introspection_cpp.hpp
[1.622s] -- Up-to-date: /home/gcerioni/ws_ur16/install/controller_manager_msgs/include/controller_manager_msgs/controller_manager_msgs/msg/detail/controller_state__rosidl_typesupport_introspection_cpp.hpp
[1.622s] -- Up-to-date: /home/gcerioni/ws_ur16/install/controller_manager_msgs/include/controller_manager_msgs/controller_manager_msgs/msg/detail/hardware_interface__rosidl_typesupport_introspection_cpp.hpp
[1.622s] -- Up-to-date: /home/gcerioni/ws_ur16/install/controller_manager_msgs/include/controller_manager_msgs/controller_manager_msgs/msg/detail/chain_connection__type_support.cpp
[1.623s] -- Up-to-date: /home/gcerioni/ws_ur16/install/controller_manager_msgs/include/controller_manager_msgs/controller_manager_msgs/msg/detail/hardware_interface__type_support.cpp
[1.623s] -- Up-to-date: /home/gcerioni/ws_ur16/install/controller_manager_msgs/include/controller_manager_msgs/controller_manager_msgs/msg/detail/hardware_component_state__type_support.cpp
[1.623s] -- Up-to-date: /home/gcerioni/ws_ur16/install/controller_manager_msgs/include/controller_manager_msgs/controller_manager_msgs/srv
[1.623s] -- Up-to-date: /home/gcerioni/ws_ur16/install/controller_manager_msgs/include/controller_manager_msgs/controller_manager_msgs/srv/detail
[1.623s] -- Up-to-date: /home/gcerioni/ws_ur16/install/controller_manager_msgs/include/controller_manager_msgs/controller_manager_msgs/srv/detail/configure_controller__rosidl_typesupport_introspection_cpp.hpp
[1.623s] -- Up-to-date: /home/gcerioni/ws_ur16/install/controller_manager_msgs/include/controller_manager_msgs/controller_manager_msgs/srv/detail/configure_controller__type_support.cpp
[1.623s] -- Up-to-date: /home/gcerioni/ws_ur16/install/controller_manager_msgs/include/controller_manager_msgs/controller_manager_msgs/srv/detail/unload_controller__rosidl_typesupport_introspection_cpp.hpp
[1.623s] -- Up-to-date: /home/gcerioni/ws_ur16/install/controller_manager_msgs/include/controller_manager_msgs/controller_manager_msgs/srv/detail/unload_controller__type_support.cpp
[1.623s] -- Up-to-date: /home/gcerioni/ws_ur16/install/controller_manager_msgs/include/controller_manager_msgs/controller_manager_msgs/srv/detail/list_hardware_components__type_support.cpp
[1.624s] -- Up-to-date: /home/gcerioni/ws_ur16/install/controller_manager_msgs/include/controller_manager_msgs/controller_manager_msgs/srv/detail/load_controller__rosidl_typesupport_introspection_cpp.hpp
[1.624s] -- Up-to-date: /home/gcerioni/ws_ur16/install/controller_manager_msgs/include/controller_manager_msgs/controller_manager_msgs/srv/detail/list_controller_types__rosidl_typesupport_introspection_cpp.hpp
[1.624s] -- Up-to-date: /home/gcerioni/ws_ur16/install/controller_manager_msgs/include/controller_manager_msgs/controller_manager_msgs/srv/detail/list_controllers__type_support.cpp
[1.624s] -- Up-to-date: /home/gcerioni/ws_ur16/install/controller_manager_msgs/include/controller_manager_msgs/controller_manager_msgs/srv/detail/reload_controller_libraries__type_support.cpp
[1.624s] -- Up-to-date: /home/gcerioni/ws_ur16/install/controller_manager_msgs/include/controller_manager_msgs/controller_manager_msgs/srv/detail/list_hardware_components__rosidl_typesupport_introspection_cpp.hpp
[1.624s] -- Up-to-date: /home/gcerioni/ws_ur16/install/controller_manager_msgs/include/controller_manager_msgs/controller_manager_msgs/srv/detail/set_hardware_component_state__type_support.cpp
[1.624s] -- Up-to-date: /home/gcerioni/ws_ur16/install/controller_manager_msgs/include/controller_manager_msgs/controller_manager_msgs/srv/detail/set_hardware_component_state__rosidl_typesupport_introspection_cpp.hpp
[1.624s] -- Up-to-date: /home/gcerioni/ws_ur16/install/controller_manager_msgs/include/controller_manager_msgs/controller_manager_msgs/srv/detail/switch_controller__type_support.cpp
[1.625s] -- Up-to-date: /home/gcerioni/ws_ur16/install/controller_manager_msgs/include/controller_manager_msgs/controller_manager_msgs/srv/detail/list_controllers__rosidl_typesupport_introspection_cpp.hpp
[1.625s] -- Up-to-date: /home/gcerioni/ws_ur16/install/controller_manager_msgs/include/controller_manager_msgs/controller_manager_msgs/srv/detail/list_hardware_interfaces__type_support.cpp
[1.625s] -- Up-to-date: /home/gcerioni/ws_ur16/install/controller_manager_msgs/include/controller_manager_msgs/controller_manager_msgs/srv/detail/load_controller__type_support.cpp
[1.625s] -- Up-to-date: /home/gcerioni/ws_ur16/install/controller_manager_msgs/include/controller_manager_msgs/controller_manager_msgs/srv/detail/list_hardware_interfaces__rosidl_typesupport_introspection_cpp.hpp
[1.625s] -- Up-to-date: /home/gcerioni/ws_ur16/install/controller_manager_msgs/include/controller_manager_msgs/controller_manager_msgs/srv/detail/reload_controller_libraries__rosidl_typesupport_introspection_cpp.hpp
[1.625s] -- Up-to-date: /home/gcerioni/ws_ur16/install/controller_manager_msgs/include/controller_manager_msgs/controller_manager_msgs/srv/detail/list_controller_types__type_support.cpp
[1.625s] -- Up-to-date: /home/gcerioni/ws_ur16/install/controller_manager_msgs/include/controller_manager_msgs/controller_manager_msgs/srv/detail/switch_controller__rosidl_typesupport_introspection_cpp.hpp
[1.625s] -- Up-to-date: /home/gcerioni/ws_ur16/install/controller_manager_msgs/lib/libcontroller_manager_msgs__rosidl_typesupport_introspection_cpp.so
[1.630s] -- Up-to-date: /home/gcerioni/ws_ur16/install/controller_manager_msgs/lib/libcontroller_manager_msgs__rosidl_typesupport_cpp.so
[1.630s] -- Up-to-date: /home/gcerioni/ws_ur16/install/controller_manager_msgs/share/controller_manager_msgs/environment/pythonpath.sh
[1.630s] -- Up-to-date: /home/gcerioni/ws_ur16/install/controller_manager_msgs/share/controller_manager_msgs/environment/pythonpath.dsv
[1.630s] -- Up-to-date: /home/gcerioni/ws_ur16/install/controller_manager_msgs/local/lib/python3.10/dist-packages/controller_manager_msgs-2.48.0-py3.10.egg-info
[1.631s] -- Installing: /home/gcerioni/ws_ur16/install/controller_manager_msgs/local/lib/python3.10/dist-packages/controller_manager_msgs-2.48.0-py3.10.egg-info/top_level.txt
[1.631s] -- Installing: /home/gcerioni/ws_ur16/install/controller_manager_msgs/local/lib/python3.10/dist-packages/controller_manager_msgs-2.48.0-py3.10.egg-info/SOURCES.txt
[1.631s] -- Installing: /home/gcerioni/ws_ur16/install/controller_manager_msgs/local/lib/python3.10/dist-packages/controller_manager_msgs-2.48.0-py3.10.egg-info/dependency_links.txt
[1.631s] -- Installing: /home/gcerioni/ws_ur16/install/controller_manager_msgs/local/lib/python3.10/dist-packages/controller_manager_msgs-2.48.0-py3.10.egg-info/PKG-INFO
[1.631s] -- Up-to-date: /home/gcerioni/ws_ur16/install/controller_manager_msgs/local/lib/python3.10/dist-packages/controller_manager_msgs
[1.631s] -- Up-to-date: /home/gcerioni/ws_ur16/install/controller_manager_msgs/local/lib/python3.10/dist-packages/controller_manager_msgs/_controller_manager_msgs_s.ep.rosidl_typesupport_fastrtps_c.c
[1.645s] -- Up-to-date: /home/gcerioni/ws_ur16/install/controller_manager_msgs/local/lib/python3.10/dist-packages/controller_manager_msgs/msg
[1.662s] -- Up-to-date: /home/gcerioni/ws_ur16/install/controller_manager_msgs/local/lib/python3.10/dist-packages/controller_manager_msgs/msg/_hardware_component_state_s.c
[1.662s] -- Up-to-date: /home/gcerioni/ws_ur16/install/controller_manager_msgs/local/lib/python3.10/dist-packages/controller_manager_msgs/msg/_chain_connection_s.c
[1.662s] -- Up-to-date: /home/gcerioni/ws_ur16/install/controller_manager_msgs/local/lib/python3.10/dist-packages/controller_manager_msgs/msg/_hardware_component_state.py
[1.662s] -- Up-to-date: /home/gcerioni/ws_ur16/install/controller_manager_msgs/local/lib/python3.10/dist-packages/controller_manager_msgs/msg/_chain_connection.py
[1.677s] -- Up-to-date: /home/gcerioni/ws_ur16/install/controller_manager_msgs/local/lib/python3.10/dist-packages/controller_manager_msgs/msg/_hardware_interface.py
[1.677s] -- Up-to-date: /home/gcerioni/ws_ur16/install/controller_manager_msgs/local/lib/python3.10/dist-packages/controller_manager_msgs/msg/__init__.py
[1.677s] -- Up-to-date: /home/gcerioni/ws_ur16/install/controller_manager_msgs/local/lib/python3.10/dist-packages/controller_manager_msgs/msg/_controller_state.py
[1.677s] -- Up-to-date: /home/gcerioni/ws_ur16/install/controller_manager_msgs/local/lib/python3.10/dist-packages/controller_manager_msgs/msg/_controller_state_s.c
[1.677s] -- Up-to-date: /home/gcerioni/ws_ur16/install/controller_manager_msgs/local/lib/python3.10/dist-packages/controller_manager_msgs/msg/_hardware_interface_s.c
[1.677s] -- Up-to-date: /home/gcerioni/ws_ur16/install/controller_manager_msgs/local/lib/python3.10/dist-packages/controller_manager_msgs/libcontroller_manager_msgs__rosidl_generator_py.so
[1.677s] -- Up-to-date: /home/gcerioni/ws_ur16/install/controller_manager_msgs/local/lib/python3.10/dist-packages/controller_manager_msgs/controller_manager_msgs_s__rosidl_typesupport_c.cpython-310-x86_64-linux-gnu.so
[1.677s] -- Up-to-date: /home/gcerioni/ws_ur16/install/controller_manager_msgs/local/lib/python3.10/dist-packages/controller_manager_msgs/_controller_manager_msgs_s.ep.rosidl_typesupport_introspection_c.c
[1.678s] -- Up-to-date: /home/gcerioni/ws_ur16/install/controller_manager_msgs/local/lib/python3.10/dist-packages/controller_manager_msgs/controller_manager_msgs_s__rosidl_typesupport_introspection_c.cpython-310-x86_64-linux-gnu.so
[1.679s] -- Up-to-date: /home/gcerioni/ws_ur16/install/controller_manager_msgs/local/lib/python3.10/dist-packages/controller_manager_msgs/__init__.py
[1.679s] -- Up-to-date: /home/gcerioni/ws_ur16/install/controller_manager_msgs/local/lib/python3.10/dist-packages/controller_manager_msgs/_controller_manager_msgs_s.ep.rosidl_typesupport_c.c
[1.679s] -- Up-to-date: /home/gcerioni/ws_ur16/install/controller_manager_msgs/local/lib/python3.10/dist-packages/controller_manager_msgs/controller_manager_msgs_s__rosidl_typesupport_fastrtps_c.cpython-310-x86_64-linux-gnu.so
[1.679s] -- Up-to-date: /home/gcerioni/ws_ur16/install/controller_manager_msgs/local/lib/python3.10/dist-packages/controller_manager_msgs/srv
[1.679s] -- Up-to-date: /home/gcerioni/ws_ur16/install/controller_manager_msgs/local/lib/python3.10/dist-packages/controller_manager_msgs/srv/_load_controller.py
[1.679s] -- Up-to-date: /home/gcerioni/ws_ur16/install/controller_manager_msgs/local/lib/python3.10/dist-packages/controller_manager_msgs/srv/_unload_controller_s.c
[1.679s] -- Up-to-date: /home/gcerioni/ws_ur16/install/controller_manager_msgs/local/lib/python3.10/dist-packages/controller_manager_msgs/srv/_list_hardware_interfaces_s.c
[1.679s] -- Up-to-date: /home/gcerioni/ws_ur16/install/controller_manager_msgs/local/lib/python3.10/dist-packages/controller_manager_msgs/srv/_reload_controller_libraries.py
[1.680s] -- Up-to-date: /home/gcerioni/ws_ur16/install/controller_manager_msgs/local/lib/python3.10/dist-packages/controller_manager_msgs/srv/_reload_controller_libraries_s.c
[1.680s] -- Up-to-date: /home/gcerioni/ws_ur16/install/controller_manager_msgs/local/lib/python3.10/dist-packages/controller_manager_msgs/srv/_configure_controller.py
[1.687s] -- Up-to-date: /home/gcerioni/ws_ur16/install/controller_manager_msgs/local/lib/python3.10/dist-packages/controller_manager_msgs/srv/_list_controller_types.py
[1.687s] -- Up-to-date: /home/gcerioni/ws_ur16/install/controller_manager_msgs/local/lib/python3.10/dist-packages/controller_manager_msgs/srv/_list_hardware_components_s.c
[1.687s] -- Up-to-date: /home/gcerioni/ws_ur16/install/controller_manager_msgs/local/lib/python3.10/dist-packages/controller_manager_msgs/srv/_switch_controller.py
[1.687s] -- Up-to-date: /home/gcerioni/ws_ur16/install/controller_manager_msgs/local/lib/python3.10/dist-packages/controller_manager_msgs/srv/_load_controller_s.c
[1.687s] -- Up-to-date: /home/gcerioni/ws_ur16/install/controller_manager_msgs/local/lib/python3.10/dist-packages/controller_manager_msgs/srv/_list_controllers_s.c
[1.687s] -- Up-to-date: /home/gcerioni/ws_ur16/install/controller_manager_msgs/local/lib/python3.10/dist-packages/controller_manager_msgs/srv/__init__.py
[1.687s] -- Up-to-date: /home/gcerioni/ws_ur16/install/controller_manager_msgs/local/lib/python3.10/dist-packages/controller_manager_msgs/srv/_list_controller_types_s.c
[1.687s] -- Up-to-date: /home/gcerioni/ws_ur16/install/controller_manager_msgs/local/lib/python3.10/dist-packages/controller_manager_msgs/srv/_list_controllers.py
[1.687s] -- Up-to-date: /home/gcerioni/ws_ur16/install/controller_manager_msgs/local/lib/python3.10/dist-packages/controller_manager_msgs/srv/_unload_controller.py
[1.687s] -- Up-to-date: /home/gcerioni/ws_ur16/install/controller_manager_msgs/local/lib/python3.10/dist-packages/controller_manager_msgs/srv/_switch_controller_s.c
[1.688s] -- Up-to-date: /home/gcerioni/ws_ur16/install/controller_manager_msgs/local/lib/python3.10/dist-packages/controller_manager_msgs/srv/_set_hardware_component_state_s.c
[1.688s] -- Up-to-date: /home/gcerioni/ws_ur16/install/controller_manager_msgs/local/lib/python3.10/dist-packages/controller_manager_msgs/srv/_configure_controller_s.c
[1.688s] -- Up-to-date: /home/gcerioni/ws_ur16/install/controller_manager_msgs/local/lib/python3.10/dist-packages/controller_manager_msgs/srv/_list_hardware_interfaces.py
[1.688s] -- Up-to-date: /home/gcerioni/ws_ur16/install/controller_manager_msgs/local/lib/python3.10/dist-packages/controller_manager_msgs/srv/_set_hardware_component_state.py
[1.689s] -- Up-to-date: /home/gcerioni/ws_ur16/install/controller_manager_msgs/local/lib/python3.10/dist-packages/controller_manager_msgs/srv/_list_hardware_components.py
[1.929s] Listing '/home/gcerioni/ws_ur16/install/controller_manager_msgs/local/lib/python3.10/dist-packages/controller_manager_msgs'...
[1.929s] Listing '/home/gcerioni/ws_ur16/install/controller_manager_msgs/local/lib/python3.10/dist-packages/controller_manager_msgs/msg'...
[1.931s] Listing '/home/gcerioni/ws_ur16/install/controller_manager_msgs/local/lib/python3.10/dist-packages/controller_manager_msgs/srv'...
[1.960s] -- Up-to-date: /home/gcerioni/ws_ur16/install/controller_manager_msgs/local/lib/python3.10/dist-packages/controller_manager_msgs/controller_manager_msgs_s__rosidl_typesupport_fastrtps_c.cpython-310-x86_64-linux-gnu.so
[1.967s] -- Up-to-date: /home/gcerioni/ws_ur16/install/controller_manager_msgs/local/lib/python3.10/dist-packages/controller_manager_msgs/controller_manager_msgs_s__rosidl_typesupport_introspection_c.cpython-310-x86_64-linux-gnu.so
[1.971s] -- Up-to-date: /home/gcerioni/ws_ur16/install/controller_manager_msgs/local/lib/python3.10/dist-packages/controller_manager_msgs/controller_manager_msgs_s__rosidl_typesupport_c.cpython-310-x86_64-linux-gnu.so
[1.975s] -- Up-to-date: /home/gcerioni/ws_ur16/install/controller_manager_msgs/lib/libcontroller_manager_msgs__rosidl_generator_py.so
[1.976s] -- Up-to-date: /home/gcerioni/ws_ur16/install/controller_manager_msgs/share/controller_manager_msgs/msg/ControllerState.idl
[1.977s] -- Up-to-date: /home/gcerioni/ws_ur16/install/controller_manager_msgs/share/controller_manager_msgs/msg/ChainConnection.idl
[1.977s] -- Up-to-date: /home/gcerioni/ws_ur16/install/controller_manager_msgs/share/controller_manager_msgs/msg/HardwareComponentState.idl
[1.980s] -- Up-to-date: /home/gcerioni/ws_ur16/install/controller_manager_msgs/share/controller_manager_msgs/msg/HardwareInterface.idl
[1.981s] -- Up-to-date: /home/gcerioni/ws_ur16/install/controller_manager_msgs/share/controller_manager_msgs/srv/ConfigureController.idl
[1.984s] -- Up-to-date: /home/gcerioni/ws_ur16/install/controller_manager_msgs/share/controller_manager_msgs/srv/ListControllers.idl
[1.984s] -- Up-to-date: /home/gcerioni/ws_ur16/install/controller_manager_msgs/share/controller_manager_msgs/srv/ListControllerTypes.idl
[1.985s] -- Up-to-date: /home/gcerioni/ws_ur16/install/controller_manager_msgs/share/controller_manager_msgs/srv/ListHardwareComponents.idl
[1.987s] -- Up-to-date: /home/gcerioni/ws_ur16/install/controller_manager_msgs/share/controller_manager_msgs/srv/ListHardwareInterfaces.idl
[1.987s] -- Up-to-date: /home/gcerioni/ws_ur16/install/controller_manager_msgs/share/controller_manager_msgs/srv/LoadController.idl
[1.988s] -- Up-to-date: /home/gcerioni/ws_ur16/install/controller_manager_msgs/share/controller_manager_msgs/srv/ReloadControllerLibraries.idl
[1.988s] -- Up-to-date: /home/gcerioni/ws_ur16/install/controller_manager_msgs/share/controller_manager_msgs/srv/SetHardwareComponentState.idl
[1.989s] -- Up-to-date: /home/gcerioni/ws_ur16/install/controller_manager_msgs/share/controller_manager_msgs/srv/SwitchController.idl
[1.989s] -- Up-to-date: /home/gcerioni/ws_ur16/install/controller_manager_msgs/share/controller_manager_msgs/srv/UnloadController.idl
[1.989s] -- Up-to-date: /home/gcerioni/ws_ur16/install/controller_manager_msgs/share/controller_manager_msgs/msg/ControllerState.msg
[1.989s] -- Up-to-date: /home/gcerioni/ws_ur16/install/controller_manager_msgs/share/controller_manager_msgs/msg/ChainConnection.msg
[1.990s] -- Up-to-date: /home/gcerioni/ws_ur16/install/controller_manager_msgs/share/controller_manager_msgs/msg/HardwareComponentState.msg
[1.990s] -- Up-to-date: /home/gcerioni/ws_ur16/install/controller_manager_msgs/share/controller_manager_msgs/msg/HardwareInterface.msg
[1.990s] -- Up-to-date: /home/gcerioni/ws_ur16/install/controller_manager_msgs/share/controller_manager_msgs/srv/ConfigureController.srv
[1.990s] -- Up-to-date: /home/gcerioni/ws_ur16/install/controller_manager_msgs/share/controller_manager_msgs/srv/ConfigureController_Request.msg
[1.991s] -- Up-to-date: /home/gcerioni/ws_ur16/install/controller_manager_msgs/share/controller_manager_msgs/srv/ConfigureController_Response.msg
[1.991s] -- Up-to-date: /home/gcerioni/ws_ur16/install/controller_manager_msgs/share/controller_manager_msgs/srv/ListControllers.srv
[2.000s] -- Up-to-date: /home/gcerioni/ws_ur16/install/controller_manager_msgs/share/controller_manager_msgs/srv/ListControllers_Request.msg
[2.001s] -- Up-to-date: /home/gcerioni/ws_ur16/install/controller_manager_msgs/share/controller_manager_msgs/srv/ListControllers_Response.msg
[2.001s] -- Up-to-date: /home/gcerioni/ws_ur16/install/controller_manager_msgs/share/controller_manager_msgs/srv/ListControllerTypes.srv
[2.001s] -- Up-to-date: /home/gcerioni/ws_ur16/install/controller_manager_msgs/share/controller_manager_msgs/srv/ListControllerTypes_Request.msg
[2.002s] -- Up-to-date: /home/gcerioni/ws_ur16/install/controller_manager_msgs/share/controller_manager_msgs/srv/ListControllerTypes_Response.msg
[2.002s] -- Up-to-date: /home/gcerioni/ws_ur16/install/controller_manager_msgs/share/controller_manager_msgs/srv/ListHardwareComponents.srv
[2.003s] -- Up-to-date: /home/gcerioni/ws_ur16/install/controller_manager_msgs/share/controller_manager_msgs/srv/ListHardwareComponents_Request.msg
[2.003s] -- Up-to-date: /home/gcerioni/ws_ur16/install/controller_manager_msgs/share/controller_manager_msgs/srv/ListHardwareComponents_Response.msg
[2.003s] -- Up-to-date: /home/gcerioni/ws_ur16/install/controller_manager_msgs/share/controller_manager_msgs/srv/ListHardwareInterfaces.srv
[2.006s] -- Up-to-date: /home/gcerioni/ws_ur16/install/controller_manager_msgs/share/controller_manager_msgs/srv/ListHardwareInterfaces_Request.msg
[2.006s] -- Up-to-date: /home/gcerioni/ws_ur16/install/controller_manager_msgs/share/controller_manager_msgs/srv/ListHardwareInterfaces_Response.msg
[2.006s] -- Up-to-date: /home/gcerioni/ws_ur16/install/controller_manager_msgs/share/controller_manager_msgs/srv/LoadController.srv
[2.006s] -- Up-to-date: /home/gcerioni/ws_ur16/install/controller_manager_msgs/share/controller_manager_msgs/srv/LoadController_Request.msg
[2.006s] -- Up-to-date: /home/gcerioni/ws_ur16/install/controller_manager_msgs/share/controller_manager_msgs/srv/LoadController_Response.msg
[2.006s] -- Up-to-date: /home/gcerioni/ws_ur16/install/controller_manager_msgs/share/controller_manager_msgs/srv/ReloadControllerLibraries.srv
[2.007s] -- Up-to-date: /home/gcerioni/ws_ur16/install/controller_manager_msgs/share/controller_manager_msgs/srv/ReloadControllerLibraries_Request.msg
[2.007s] -- Up-to-date: /home/gcerioni/ws_ur16/install/controller_manager_msgs/share/controller_manager_msgs/srv/ReloadControllerLibraries_Response.msg
[2.007s] -- Up-to-date: /home/gcerioni/ws_ur16/install/controller_manager_msgs/share/controller_manager_msgs/srv/SetHardwareComponentState.srv
[2.008s] -- Up-to-date: /home/gcerioni/ws_ur16/install/controller_manager_msgs/share/controller_manager_msgs/srv/SetHardwareComponentState_Request.msg
[2.008s] -- Up-to-date: /home/gcerioni/ws_ur16/install/controller_manager_msgs/share/controller_manager_msgs/srv/SetHardwareComponentState_Response.msg
[2.008s] -- Up-to-date: /home/gcerioni/ws_ur16/install/controller_manager_msgs/share/controller_manager_msgs/srv/SwitchController.srv
[2.008s] -- Up-to-date: /home/gcerioni/ws_ur16/install/controller_manager_msgs/share/controller_manager_msgs/srv/SwitchController_Request.msg
[2.009s] -- Up-to-date: /home/gcerioni/ws_ur16/install/controller_manager_msgs/share/controller_manager_msgs/srv/SwitchController_Response.msg
[2.009s] -- Up-to-date: /home/gcerioni/ws_ur16/install/controller_manager_msgs/share/controller_manager_msgs/srv/UnloadController.srv
[2.009s] -- Up-to-date: /home/gcerioni/ws_ur16/install/controller_manager_msgs/share/controller_manager_msgs/srv/UnloadController_Request.msg
[2.009s] -- Up-to-date: /home/gcerioni/ws_ur16/install/controller_manager_msgs/share/controller_manager_msgs/srv/UnloadController_Response.msg
[2.010s] -- Up-to-date: /home/gcerioni/ws_ur16/install/controller_manager_msgs/share/ament_index/resource_index/package_run_dependencies/controller_manager_msgs
[2.010s] -- Up-to-date: /home/gcerioni/ws_ur16/install/controller_manager_msgs/share/ament_index/resource_index/parent_prefix_path/controller_manager_msgs
[2.010s] -- Up-to-date: /home/gcerioni/ws_ur16/install/controller_manager_msgs/share/controller_manager_msgs/environment/ament_prefix_path.sh
[2.011s] -- Up-to-date: /home/gcerioni/ws_ur16/install/controller_manager_msgs/share/controller_manager_msgs/environment/ament_prefix_path.dsv
[2.012s] -- Up-to-date: /home/gcerioni/ws_ur16/install/controller_manager_msgs/share/controller_manager_msgs/environment/path.sh
[2.012s] -- Up-to-date: /home/gcerioni/ws_ur16/install/controller_manager_msgs/share/controller_manager_msgs/environment/path.dsv
[2.012s] -- Up-to-date: /home/gcerioni/ws_ur16/install/controller_manager_msgs/share/controller_manager_msgs/local_setup.bash
[2.012s] -- Up-to-date: /home/gcerioni/ws_ur16/install/controller_manager_msgs/share/controller_manager_msgs/local_setup.sh
[2.013s] -- Up-to-date: /home/gcerioni/ws_ur16/install/controller_manager_msgs/share/controller_manager_msgs/local_setup.zsh
[2.013s] -- Up-to-date: /home/gcerioni/ws_ur16/install/controller_manager_msgs/share/controller_manager_msgs/local_setup.dsv
[2.013s] -- Installing: /home/gcerioni/ws_ur16/install/controller_manager_msgs/share/controller_manager_msgs/package.dsv
[2.013s] -- Up-to-date: /home/gcerioni/ws_ur16/install/controller_manager_msgs/share/ament_index/resource_index/packages/controller_manager_msgs
[2.014s] -- Up-to-date: /home/gcerioni/ws_ur16/install/controller_manager_msgs/share/controller_manager_msgs/cmake/export_controller_manager_msgs__rosidl_generator_cExport.cmake
[2.014s] -- Up-to-date: /home/gcerioni/ws_ur16/install/controller_manager_msgs/share/controller_manager_msgs/cmake/export_controller_manager_msgs__rosidl_generator_cExport-release.cmake
[2.014s] -- Up-to-date: /home/gcerioni/ws_ur16/install/controller_manager_msgs/share/controller_manager_msgs/cmake/export_controller_manager_msgs__rosidl_typesupport_fastrtps_cExport.cmake
[2.015s] -- Up-to-date: /home/gcerioni/ws_ur16/install/controller_manager_msgs/share/controller_manager_msgs/cmake/export_controller_manager_msgs__rosidl_typesupport_fastrtps_cExport-release.cmake
[2.015s] -- Up-to-date: /home/gcerioni/ws_ur16/install/controller_manager_msgs/share/controller_manager_msgs/cmake/export_controller_manager_msgs__rosidl_generator_cppExport.cmake
[2.015s] -- Up-to-date: /home/gcerioni/ws_ur16/install/controller_manager_msgs/share/controller_manager_msgs/cmake/export_controller_manager_msgs__rosidl_typesupport_fastrtps_cppExport.cmake
[2.015s] -- Up-to-date: /home/gcerioni/ws_ur16/install/controller_manager_msgs/share/controller_manager_msgs/cmake/export_controller_manager_msgs__rosidl_typesupport_fastrtps_cppExport-release.cmake
[2.015s] -- Up-to-date: /home/gcerioni/ws_ur16/install/controller_manager_msgs/share/controller_manager_msgs/cmake/controller_manager_msgs__rosidl_typesupport_introspection_cExport.cmake
[2.016s] -- Up-to-date: /home/gcerioni/ws_ur16/install/controller_manager_msgs/share/controller_manager_msgs/cmake/controller_manager_msgs__rosidl_typesupport_introspection_cExport-release.cmake
[2.016s] -- Up-to-date: /home/gcerioni/ws_ur16/install/controller_manager_msgs/share/controller_manager_msgs/cmake/controller_manager_msgs__rosidl_typesupport_cExport.cmake
[2.016s] -- Up-to-date: /home/gcerioni/ws_ur16/install/controller_manager_msgs/share/controller_manager_msgs/cmake/controller_manager_msgs__rosidl_typesupport_cExport-release.cmake
[2.016s] -- Up-to-date: /home/gcerioni/ws_ur16/install/controller_manager_msgs/share/controller_manager_msgs/cmake/controller_manager_msgs__rosidl_typesupport_introspection_cppExport.cmake
[2.016s] -- Up-to-date: /home/gcerioni/ws_ur16/install/controller_manager_msgs/share/controller_manager_msgs/cmake/controller_manager_msgs__rosidl_typesupport_introspection_cppExport-release.cmake
[2.017s] -- Up-to-date: /home/gcerioni/ws_ur16/install/controller_manager_msgs/share/controller_manager_msgs/cmake/controller_manager_msgs__rosidl_typesupport_cppExport.cmake
[2.017s] -- Up-to-date: /home/gcerioni/ws_ur16/install/controller_manager_msgs/share/controller_manager_msgs/cmake/controller_manager_msgs__rosidl_typesupport_cppExport-release.cmake
[2.018s] -- Up-to-date: /home/gcerioni/ws_ur16/install/controller_manager_msgs/share/controller_manager_msgs/cmake/export_controller_manager_msgs__rosidl_generator_pyExport.cmake
[2.018s] -- Up-to-date: /home/gcerioni/ws_ur16/install/controller_manager_msgs/share/controller_manager_msgs/cmake/export_controller_manager_msgs__rosidl_generator_pyExport-release.cmake
[2.018s] -- Up-to-date: /home/gcerioni/ws_ur16/install/controller_manager_msgs/share/controller_manager_msgs/cmake/rosidl_cmake-extras.cmake
[2.018s] -- Up-to-date: /home/gcerioni/ws_ur16/install/controller_manager_msgs/share/controller_manager_msgs/cmake/ament_cmake_export_dependencies-extras.cmake
[2.018s] -- Up-to-date: /home/gcerioni/ws_ur16/install/controller_manager_msgs/share/controller_manager_msgs/cmake/ament_cmake_export_include_directories-extras.cmake
[2.018s] -- Up-to-date: /home/gcerioni/ws_ur16/install/controller_manager_msgs/share/controller_manager_msgs/cmake/ament_cmake_export_libraries-extras.cmake
[2.018s] -- Up-to-date: /home/gcerioni/ws_ur16/install/controller_manager_msgs/share/controller_manager_msgs/cmake/ament_cmake_export_targets-extras.cmake
[2.019s] -- Up-to-date: /home/gcerioni/ws_ur16/install/controller_manager_msgs/share/controller_manager_msgs/cmake/rosidl_cmake_export_typesupport_targets-extras.cmake
[2.019s] -- Up-to-date: /home/gcerioni/ws_ur16/install/controller_manager_msgs/share/controller_manager_msgs/cmake/rosidl_cmake_export_typesupport_libraries-extras.cmake
[2.019s] -- Up-to-date: /home/gcerioni/ws_ur16/install/controller_manager_msgs/share/controller_manager_msgs/cmake/controller_manager_msgsConfig.cmake
[2.019s] -- Up-to-date: /home/gcerioni/ws_ur16/install/controller_manager_msgs/share/controller_manager_msgs/cmake/controller_manager_msgsConfig-version.cmake
[2.019s] -- Up-to-date: /home/gcerioni/ws_ur16/install/controller_manager_msgs/share/controller_manager_msgs/package.xml
[2.069s] Invoked command in '/home/gcerioni/ws_ur16/build/controller_manager_msgs' returned '0': CMAKE_PREFIX_PATH=${CMAKE_PREFIX_PATH}:/home/gcerioni/ws_ur16/install/rqt_joint_trajectory_controller:/home/gcerioni/ws_ur16/install/rqt_controller_manager:/home/gcerioni/ws_ur16/install/ros2controlcli:/home/gcerioni/ws_ur16/install/ros2_controllers_test_nodes:/opt/ros/humble /usr/bin/cmake --install /home/gcerioni/ws_ur16/build/controller_manager_msgs
