[0.048s] Invoking command in '/home/gcerioni/ws_ur16/build/bicycle_steering_controller': AMENT_PREFIX_PATH=/home/gcerioni/ws_ur16/install/steering_controllers_library:/home/gcerioni/ws_ur16/install/controller_manager:/home/gcerioni/ws_ur16/install/hardware_interface_testing:/home/gcerioni/ws_ur16/install/controller_interface:/home/gcerioni/ws_ur16/install/hardware_interface:/home/gcerioni/ws_ur16/install/ros2_control_test_assets:/home/gcerioni/ws_ur16/install/realtime_tools:/home/gcerioni/ws_ur16/install/controller_manager_msgs:/home/gcerioni/ws_ur16/install/control_msgs:${AMENT_PREFIX_PATH} CMAKE_PREFIX_PATH=/home/gcerioni/ws_ur16/install/steering_controllers_library:/home/gcerioni/ws_ur16/install/controller_manager:/home/gcerioni/ws_ur16/install/hardware_interface_testing:/home/gcerioni/ws_ur16/install/controller_interface:/home/gcerioni/ws_ur16/install/hardware_interface:/home/gcerioni/ws_ur16/install/ros2_control_test_assets:/home/gcerioni/ws_ur16/install/realtime_tools:/home/gcerioni/ws_ur16/install/controller_manager_msgs:/home/gcerioni/ws_ur16/install/control_msgs:/opt/ros/humble LD_LIBRARY_PATH=/home/gcerioni/ws_ur16/install/steering_controllers_library/lib:/home/gcerioni/ws_ur16/install/controller_manager/lib:/home/gcerioni/ws_ur16/install/hardware_interface_testing/lib:/home/gcerioni/ws_ur16/install/controller_interface/lib:/home/gcerioni/ws_ur16/install/hardware_interface/lib:/home/gcerioni/ws_ur16/install/realtime_tools/lib:/home/gcerioni/ws_ur16/install/controller_manager_msgs/lib:/home/gcerioni/ws_ur16/install/control_msgs/lib:${LD_LIBRARY_PATH} PYTHONPATH=/home/gcerioni/ws_ur16/install/controller_manager/local/lib/python3.10/dist-packages:/home/gcerioni/ws_ur16/install/controller_manager_msgs/local/lib/python3.10/dist-packages:/home/gcerioni/ws_ur16/install/control_msgs/local/lib/python3.10/dist-packages:${PYTHONPATH} /usr/bin/cmake /home/gcerioni/ws_ur16/src/ros2_controllers/bicycle_steering_controller -DCMAKE_BUILD_TYPE=Release -DCMAKE_INSTALL_PREFIX=/home/gcerioni/ws_ur16/install/bicycle_steering_controller
[25.517s] -- The CXX compiler identification is GNU 11.4.0
[25.517s] -- Detecting CXX compiler ABI info
[25.518s] -- Detecting CXX compiler ABI info - done
[25.519s] -- Check for working CXX compiler: /usr/bin/c++ - skipped
[25.519s] -- Detecting CXX compile features
[25.519s] -- Detecting CXX compile features - done
[25.519s] -- Found ament_cmake: 1.3.11 (/opt/ros/humble/share/ament_cmake/cmake)
[25.520s] -- Found Python3: /usr/bin/python3 (found version "3.10.12") found components: Interpreter 
[25.520s] -- Found controller_interface: 2.48.0 (/home/gcerioni/ws_ur16/install/controller_interface/share/controller_interface/cmake)
[25.520s] -- Found rosidl_generator_c: 3.1.6 (/opt/ros/humble/share/rosidl_generator_c/cmake)
[25.520s] -- Found rosidl_adapter: 3.1.6 (/opt/ros/humble/share/rosidl_adapter/cmake)
[25.520s] -- Found rosidl_generator_cpp: 3.1.6 (/opt/ros/humble/share/rosidl_generator_cpp/cmake)
[25.520s] -- Using all available rosidl_typesupport_c: rosidl_typesupport_fastrtps_c;rosidl_typesupport_introspection_c
[25.520s] -- Using all available rosidl_typesupport_cpp: rosidl_typesupport_fastrtps_cpp;rosidl_typesupport_introspection_cpp
[25.520s] -- Found rmw_implementation_cmake: 6.1.2 (/opt/ros/humble/share/rmw_implementation_cmake/cmake)
[25.520s] -- Found rmw_fastrtps_cpp: 6.2.7 (/opt/ros/humble/share/rmw_fastrtps_cpp/cmake)
[25.520s] -- Found TinyXML2 via Config file: TinyXML2_DIR-NOTFOUND
[25.520s] -- Found OpenSSL: /usr/lib/x86_64-linux-gnu/libcrypto.so (found version "3.0.2")  
[25.521s] -- Found TinyXML2 via Config file: TinyXML2_DIR-NOTFOUND
[25.521s] -- Found FastRTPS: /opt/ros/humble/include  
[25.521s] -- Found TinyXML2 via Config file: TinyXML2_DIR-NOTFOUND
[25.521s] -- Found TinyXML2 via Config file: TinyXML2_DIR-NOTFOUND
[25.521s] -- Using RMW implementation 'rmw_fastrtps_cpp' as default
[25.521s] -- Looking for C++ include pthread.h
[25.521s] -- Looking for C++ include pthread.h - found
[25.521s] -- Performing Test CMAKE_HAVE_LIBC_PTHREAD
[25.521s] -- Performing Test CMAKE_HAVE_LIBC_PTHREAD - Success
[25.523s] -- Found Threads: TRUE  
[25.523s] -- Found generate_parameter_library: 0.4.0 (/opt/ros/humble/share/generate_parameter_library/cmake)
[25.523s] -- Found parameter_traits: 0.4.0 (/opt/ros/humble/share/parameter_traits/cmake)
[25.523s] -- Found realtime_tools: 2.12.0 (/home/gcerioni/ws_ur16/install/realtime_tools/share/realtime_tools/cmake)
[25.523s] -- Found std_srvs: 4.2.4 (/opt/ros/humble/share/std_srvs/cmake)
[25.523s] -- Found steering_controllers_library: 2.43.0 (/home/gcerioni/ws_ur16/install/steering_controllers_library/share/steering_controllers_library/cmake)
[25.523s] -- Found eigen3_cmake_module: 0.1.1 (/opt/ros/humble/share/eigen3_cmake_module/cmake)
[25.523s] -- Found Eigen3: TRUE (found version "3.4.0") 
[25.523s] -- Ensuring Eigen3 include directory is part of orocos-kdl CMake target
[25.528s] -- Found ament_cmake_gmock: 1.3.11 (/opt/ros/humble/share/ament_cmake_gmock/cmake)
[25.528s] -- Found controller_manager: 2.48.0 (/home/gcerioni/ws_ur16/install/controller_manager/share/controller_manager/cmake)
[25.528s] -- Found ros2_control_test_assets: 2.48.0 (/home/gcerioni/ws_ur16/install/ros2_control_test_assets/share/ros2_control_test_assets/cmake)
[25.528s] -- Found gmock sources under '/opt/ros/humble/src/gmock_vendor': C++ tests using 'Google Mock' will be built
[25.529s] -- The C compiler identification is GNU 11.4.0
[25.529s] -- Detecting C compiler ABI info
[25.533s] -- Detecting C compiler ABI info - done
[25.533s] -- Check for working C compiler: /usr/bin/cc - skipped
[25.533s] -- Detecting C compile features
[25.533s] -- Detecting C compile features - done
[25.533s] -- Found ament_cmake_gtest: 1.3.11 (/opt/ros/humble/share/ament_cmake_gtest/cmake)
[25.533s] -- Found gtest sources under '/opt/ros/humble/src/gtest_vendor': C++ tests using 'Google Test' will be built
[25.533s] -- Found gmock sources under '/opt/ros/humble/src/gmock_vendor': C++ tests using 'Google Mock' will be built
[25.534s] -- Found ament_cmake_gtest: 1.3.11 (/opt/ros/humble/share/ament_cmake_gtest/cmake)
[25.534s] -- Found gtest sources under '/opt/ros/humble/src/gtest_vendor': C++ tests using 'Google Test' will be built
[25.535s] -- Found gmock sources under '/opt/ros/humble/src/gmock_vendor': C++ tests using 'Google Mock' will be built
[25.535s] -- Found ament_cmake_gtest: 1.3.11 (/opt/ros/humble/share/ament_cmake_gtest/cmake)
[25.535s] -- Found gtest sources under '/opt/ros/humble/src/gtest_vendor': C++ tests using 'Google Test' will be built
[25.537s] -- Configuring done
[25.537s] -- Generating done
[25.537s] -- Build files have been written to: /home/gcerioni/ws_ur16/build/bicycle_steering_controller
[25.549s] Invoked command in '/home/gcerioni/ws_ur16/build/bicycle_steering_controller' returned '0': AMENT_PREFIX_PATH=/home/gcerioni/ws_ur16/install/steering_controllers_library:/home/gcerioni/ws_ur16/install/controller_manager:/home/gcerioni/ws_ur16/install/hardware_interface_testing:/home/gcerioni/ws_ur16/install/controller_interface:/home/gcerioni/ws_ur16/install/hardware_interface:/home/gcerioni/ws_ur16/install/ros2_control_test_assets:/home/gcerioni/ws_ur16/install/realtime_tools:/home/gcerioni/ws_ur16/install/controller_manager_msgs:/home/gcerioni/ws_ur16/install/control_msgs:${AMENT_PREFIX_PATH} CMAKE_PREFIX_PATH=/home/gcerioni/ws_ur16/install/steering_controllers_library:/home/gcerioni/ws_ur16/install/controller_manager:/home/gcerioni/ws_ur16/install/hardware_interface_testing:/home/gcerioni/ws_ur16/install/controller_interface:/home/gcerioni/ws_ur16/install/hardware_interface:/home/gcerioni/ws_ur16/install/ros2_control_test_assets:/home/gcerioni/ws_ur16/install/realtime_tools:/home/gcerioni/ws_ur16/install/controller_manager_msgs:/home/gcerioni/ws_ur16/install/control_msgs:/opt/ros/humble LD_LIBRARY_PATH=/home/gcerioni/ws_ur16/install/steering_controllers_library/lib:/home/gcerioni/ws_ur16/install/controller_manager/lib:/home/gcerioni/ws_ur16/install/hardware_interface_testing/lib:/home/gcerioni/ws_ur16/install/controller_interface/lib:/home/gcerioni/ws_ur16/install/hardware_interface/lib:/home/gcerioni/ws_ur16/install/realtime_tools/lib:/home/gcerioni/ws_ur16/install/controller_manager_msgs/lib:/home/gcerioni/ws_ur16/install/control_msgs/lib:${LD_LIBRARY_PATH} PYTHONPATH=/home/gcerioni/ws_ur16/install/controller_manager/local/lib/python3.10/dist-packages:/home/gcerioni/ws_ur16/install/controller_manager_msgs/local/lib/python3.10/dist-packages:/home/gcerioni/ws_ur16/install/control_msgs/local/lib/python3.10/dist-packages:${PYTHONPATH} /usr/bin/cmake /home/gcerioni/ws_ur16/src/ros2_controllers/bicycle_steering_controller -DCMAKE_BUILD_TYPE=Release -DCMAKE_INSTALL_PREFIX=/home/gcerioni/ws_ur16/install/bicycle_steering_controller
[25.550s] Invoking command in '/home/gcerioni/ws_ur16/build/bicycle_steering_controller': AMENT_PREFIX_PATH=/home/gcerioni/ws_ur16/install/steering_controllers_library:/home/gcerioni/ws_ur16/install/controller_manager:/home/gcerioni/ws_ur16/install/hardware_interface_testing:/home/gcerioni/ws_ur16/install/controller_interface:/home/gcerioni/ws_ur16/install/hardware_interface:/home/gcerioni/ws_ur16/install/ros2_control_test_assets:/home/gcerioni/ws_ur16/install/realtime_tools:/home/gcerioni/ws_ur16/install/controller_manager_msgs:/home/gcerioni/ws_ur16/install/control_msgs:${AMENT_PREFIX_PATH} CMAKE_PREFIX_PATH=/home/gcerioni/ws_ur16/install/steering_controllers_library:/home/gcerioni/ws_ur16/install/controller_manager:/home/gcerioni/ws_ur16/install/hardware_interface_testing:/home/gcerioni/ws_ur16/install/controller_interface:/home/gcerioni/ws_ur16/install/hardware_interface:/home/gcerioni/ws_ur16/install/ros2_control_test_assets:/home/gcerioni/ws_ur16/install/realtime_tools:/home/gcerioni/ws_ur16/install/controller_manager_msgs:/home/gcerioni/ws_ur16/install/control_msgs:/opt/ros/humble LD_LIBRARY_PATH=/home/gcerioni/ws_ur16/install/steering_controllers_library/lib:/home/gcerioni/ws_ur16/install/controller_manager/lib:/home/gcerioni/ws_ur16/install/hardware_interface_testing/lib:/home/gcerioni/ws_ur16/install/controller_interface/lib:/home/gcerioni/ws_ur16/install/hardware_interface/lib:/home/gcerioni/ws_ur16/install/realtime_tools/lib:/home/gcerioni/ws_ur16/install/controller_manager_msgs/lib:/home/gcerioni/ws_ur16/install/control_msgs/lib:${LD_LIBRARY_PATH} PYTHONPATH=/home/gcerioni/ws_ur16/install/controller_manager/local/lib/python3.10/dist-packages:/home/gcerioni/ws_ur16/install/controller_manager_msgs/local/lib/python3.10/dist-packages:/home/gcerioni/ws_ur16/install/control_msgs/local/lib/python3.10/dist-packages:${PYTHONPATH} /usr/bin/cmake --build /home/gcerioni/ws_ur16/build/bicycle_steering_controller -- -j8 -l8
[25.672s] [  7%] [34m[1mRunning `/opt/ros/humble/bin/generate_parameter_library_cpp /home/gcerioni/ws_ur16/build/bicycle_steering_controller/include/bicycle_steering_controller/bicycle_steering_controller_parameters.hpp /home/gcerioni/ws_ur16/src/ros2_controllers/bicycle_steering_controller/src/bicycle_steering_controller.yaml `[0m
[25.684s] [ 15%] [32mBuilding CXX object gmock/CMakeFiles/gmock.dir/opt/ros/humble/src/gtest_vendor/src/gtest-all.cc.o[0m
[25.688s] [ 23%] [32mBuilding CXX object gmock/CMakeFiles/gmock.dir/src/gmock-all.cc.o[0m
[26.139s] [ 30%] [34m[1mCreating deprecated header file /home/gcerioni/ws_ur16/build/bicycle_steering_controller/include/bicycle_steering_controller_parameters.hpp[0m
[26.267s] [ 30%] Built target bicycle_steering_controller_parameters
[26.325s] [ 38%] [32mBuilding CXX object CMakeFiles/bicycle_steering_controller.dir/src/bicycle_steering_controller.cpp.o[0m
[36.146s] [ 46%] [32m[1mLinking CXX shared library libbicycle_steering_controller.so[0m
[36.572s] [ 46%] Built target bicycle_steering_controller
[40.345s] [ 53%] [32m[1mLinking CXX static library libgmock.a[0m
[40.425s] [ 53%] Built target gmock
[40.448s] [ 61%] [32mBuilding CXX object CMakeFiles/test_load_bicycle_steering_controller.dir/test/test_load_bicycle_steering_controller.cpp.o[0m
[46.802s] [ 69%] [32m[1mLinking CXX executable test_load_bicycle_steering_controller[0m
[47.066s] [ 69%] Built target test_load_bicycle_steering_controller
[47.089s] [ 76%] [32mBuilding CXX object CMakeFiles/test_bicycle_steering_controller_preceeding.dir/test/test_bicycle_steering_controller_preceeding.cpp.o[0m
[56.795s] [ 84%] [32m[1mLinking CXX executable test_bicycle_steering_controller_preceeding[0m
[57.087s] [ 84%] Built target test_bicycle_steering_controller_preceeding
[57.109s] [ 92%] [32mBuilding CXX object CMakeFiles/test_bicycle_steering_controller.dir/test/test_bicycle_steering_controller.cpp.o[0m
[75.807s] [100%] [32m[1mLinking CXX executable test_bicycle_steering_controller[0m
[76.133s] [100%] Built target test_bicycle_steering_controller
[76.146s] Invoked command in '/home/gcerioni/ws_ur16/build/bicycle_steering_controller' returned '0': AMENT_PREFIX_PATH=/home/gcerioni/ws_ur16/install/steering_controllers_library:/home/gcerioni/ws_ur16/install/controller_manager:/home/gcerioni/ws_ur16/install/hardware_interface_testing:/home/gcerioni/ws_ur16/install/controller_interface:/home/gcerioni/ws_ur16/install/hardware_interface:/home/gcerioni/ws_ur16/install/ros2_control_test_assets:/home/gcerioni/ws_ur16/install/realtime_tools:/home/gcerioni/ws_ur16/install/controller_manager_msgs:/home/gcerioni/ws_ur16/install/control_msgs:${AMENT_PREFIX_PATH} CMAKE_PREFIX_PATH=/home/gcerioni/ws_ur16/install/steering_controllers_library:/home/gcerioni/ws_ur16/install/controller_manager:/home/gcerioni/ws_ur16/install/hardware_interface_testing:/home/gcerioni/ws_ur16/install/controller_interface:/home/gcerioni/ws_ur16/install/hardware_interface:/home/gcerioni/ws_ur16/install/ros2_control_test_assets:/home/gcerioni/ws_ur16/install/realtime_tools:/home/gcerioni/ws_ur16/install/controller_manager_msgs:/home/gcerioni/ws_ur16/install/control_msgs:/opt/ros/humble LD_LIBRARY_PATH=/home/gcerioni/ws_ur16/install/steering_controllers_library/lib:/home/gcerioni/ws_ur16/install/controller_manager/lib:/home/gcerioni/ws_ur16/install/hardware_interface_testing/lib:/home/gcerioni/ws_ur16/install/controller_interface/lib:/home/gcerioni/ws_ur16/install/hardware_interface/lib:/home/gcerioni/ws_ur16/install/realtime_tools/lib:/home/gcerioni/ws_ur16/install/controller_manager_msgs/lib:/home/gcerioni/ws_ur16/install/control_msgs/lib:${LD_LIBRARY_PATH} PYTHONPATH=/home/gcerioni/ws_ur16/install/controller_manager/local/lib/python3.10/dist-packages:/home/gcerioni/ws_ur16/install/controller_manager_msgs/local/lib/python3.10/dist-packages:/home/gcerioni/ws_ur16/install/control_msgs/local/lib/python3.10/dist-packages:${PYTHONPATH} /usr/bin/cmake --build /home/gcerioni/ws_ur16/build/bicycle_steering_controller -- -j8 -l8
[76.147s] Invoking command in '/home/gcerioni/ws_ur16/build/bicycle_steering_controller': AMENT_PREFIX_PATH=/home/gcerioni/ws_ur16/install/steering_controllers_library:/home/gcerioni/ws_ur16/install/controller_manager:/home/gcerioni/ws_ur16/install/hardware_interface_testing:/home/gcerioni/ws_ur16/install/controller_interface:/home/gcerioni/ws_ur16/install/hardware_interface:/home/gcerioni/ws_ur16/install/ros2_control_test_assets:/home/gcerioni/ws_ur16/install/realtime_tools:/home/gcerioni/ws_ur16/install/controller_manager_msgs:/home/gcerioni/ws_ur16/install/control_msgs:${AMENT_PREFIX_PATH} CMAKE_PREFIX_PATH=/home/gcerioni/ws_ur16/install/steering_controllers_library:/home/gcerioni/ws_ur16/install/controller_manager:/home/gcerioni/ws_ur16/install/hardware_interface_testing:/home/gcerioni/ws_ur16/install/controller_interface:/home/gcerioni/ws_ur16/install/hardware_interface:/home/gcerioni/ws_ur16/install/ros2_control_test_assets:/home/gcerioni/ws_ur16/install/realtime_tools:/home/gcerioni/ws_ur16/install/controller_manager_msgs:/home/gcerioni/ws_ur16/install/control_msgs:/opt/ros/humble LD_LIBRARY_PATH=/home/gcerioni/ws_ur16/install/steering_controllers_library/lib:/home/gcerioni/ws_ur16/install/controller_manager/lib:/home/gcerioni/ws_ur16/install/hardware_interface_testing/lib:/home/gcerioni/ws_ur16/install/controller_interface/lib:/home/gcerioni/ws_ur16/install/hardware_interface/lib:/home/gcerioni/ws_ur16/install/realtime_tools/lib:/home/gcerioni/ws_ur16/install/controller_manager_msgs/lib:/home/gcerioni/ws_ur16/install/control_msgs/lib:${LD_LIBRARY_PATH} PYTHONPATH=/home/gcerioni/ws_ur16/install/controller_manager/local/lib/python3.10/dist-packages:/home/gcerioni/ws_ur16/install/controller_manager_msgs/local/lib/python3.10/dist-packages:/home/gcerioni/ws_ur16/install/control_msgs/local/lib/python3.10/dist-packages:${PYTHONPATH} /usr/bin/cmake --install /home/gcerioni/ws_ur16/build/bicycle_steering_controller
[76.156s] -- Install configuration: "Release"
[76.156s] -- Installing: /home/gcerioni/ws_ur16/install/bicycle_steering_controller/include/bicycle_steering_controller
[76.156s] -- Installing: /home/gcerioni/ws_ur16/install/bicycle_steering_controller/include/bicycle_steering_controller/bicycle_steering_controller_parameters.hpp
[76.157s] -- Installing: /home/gcerioni/ws_ur16/install/bicycle_steering_controller/share/bicycle_steering_controller/bicycle_steering_controller.xml
[76.157s] -- Up-to-date: /home/gcerioni/ws_ur16/install/bicycle_steering_controller/include/bicycle_steering_controller
[76.157s] -- Installing: /home/gcerioni/ws_ur16/install/bicycle_steering_controller/include/bicycle_steering_controller/bicycle_steering_controller
[76.157s] -- Installing: /home/gcerioni/ws_ur16/install/bicycle_steering_controller/include/bicycle_steering_controller/bicycle_steering_controller/bicycle_steering_controller.hpp
[76.157s] -- Installing: /home/gcerioni/ws_ur16/install/bicycle_steering_controller/include/bicycle_steering_controller/bicycle_steering_controller/visibility_control.h
[76.158s] -- Installing: /home/gcerioni/ws_ur16/install/bicycle_steering_controller/lib/libbicycle_steering_controller.so
[76.158s] -- Set runtime path of "/home/gcerioni/ws_ur16/install/bicycle_steering_controller/lib/libbicycle_steering_controller.so" to ""
[76.158s] -- Installing: /home/gcerioni/ws_ur16/install/bicycle_steering_controller/share/bicycle_steering_controller/environment/library_path.sh
[76.158s] -- Installing: /home/gcerioni/ws_ur16/install/bicycle_steering_controller/share/bicycle_steering_controller/environment/library_path.dsv
[76.158s] -- Installing: /home/gcerioni/ws_ur16/install/bicycle_steering_controller/share/ament_index/resource_index/package_run_dependencies/bicycle_steering_controller
[76.159s] -- Installing: /home/gcerioni/ws_ur16/install/bicycle_steering_controller/share/ament_index/resource_index/parent_prefix_path/bicycle_steering_controller
[76.159s] -- Installing: /home/gcerioni/ws_ur16/install/bicycle_steering_controller/share/bicycle_steering_controller/environment/ament_prefix_path.sh
[76.159s] -- Installing: /home/gcerioni/ws_ur16/install/bicycle_steering_controller/share/bicycle_steering_controller/environment/ament_prefix_path.dsv
[76.159s] -- Installing: /home/gcerioni/ws_ur16/install/bicycle_steering_controller/share/bicycle_steering_controller/environment/path.sh
[76.159s] -- Installing: /home/gcerioni/ws_ur16/install/bicycle_steering_controller/share/bicycle_steering_controller/environment/path.dsv
[76.159s] -- Installing: /home/gcerioni/ws_ur16/install/bicycle_steering_controller/share/bicycle_steering_controller/local_setup.bash
[76.159s] -- Installing: /home/gcerioni/ws_ur16/install/bicycle_steering_controller/share/bicycle_steering_controller/local_setup.sh
[76.159s] -- Installing: /home/gcerioni/ws_ur16/install/bicycle_steering_controller/share/bicycle_steering_controller/local_setup.zsh
[76.160s] -- Installing: /home/gcerioni/ws_ur16/install/bicycle_steering_controller/share/bicycle_steering_controller/local_setup.dsv
[76.160s] -- Installing: /home/gcerioni/ws_ur16/install/bicycle_steering_controller/share/bicycle_steering_controller/package.dsv
[76.160s] -- Installing: /home/gcerioni/ws_ur16/install/bicycle_steering_controller/share/ament_index/resource_index/packages/bicycle_steering_controller
[76.160s] -- Installing: /home/gcerioni/ws_ur16/install/bicycle_steering_controller/share/ament_index/resource_index/controller_interface__pluginlib__plugin/bicycle_steering_controller
[76.160s] -- Installing: /home/gcerioni/ws_ur16/install/bicycle_steering_controller/share/bicycle_steering_controller/cmake/export_bicycle_steering_controllerExport.cmake
[76.160s] -- Installing: /home/gcerioni/ws_ur16/install/bicycle_steering_controller/share/bicycle_steering_controller/cmake/export_bicycle_steering_controllerExport-release.cmake
[76.160s] -- Installing: /home/gcerioni/ws_ur16/install/bicycle_steering_controller/share/bicycle_steering_controller/cmake/ament_cmake_export_dependencies-extras.cmake
[76.161s] -- Installing: /home/gcerioni/ws_ur16/install/bicycle_steering_controller/share/bicycle_steering_controller/cmake/ament_cmake_export_targets-extras.cmake
[76.161s] -- Installing: /home/gcerioni/ws_ur16/install/bicycle_steering_controller/share/bicycle_steering_controller/cmake/bicycle_steering_controllerConfig.cmake
[76.161s] -- Installing: /home/gcerioni/ws_ur16/install/bicycle_steering_controller/share/bicycle_steering_controller/cmake/bicycle_steering_controllerConfig-version.cmake
[76.161s] -- Installing: /home/gcerioni/ws_ur16/install/bicycle_steering_controller/share/bicycle_steering_controller/package.xml
[76.164s] Invoked command in '/home/gcerioni/ws_ur16/build/bicycle_steering_controller' returned '0': AMENT_PREFIX_PATH=/home/gcerioni/ws_ur16/install/steering_controllers_library:/home/gcerioni/ws_ur16/install/controller_manager:/home/gcerioni/ws_ur16/install/hardware_interface_testing:/home/gcerioni/ws_ur16/install/controller_interface:/home/gcerioni/ws_ur16/install/hardware_interface:/home/gcerioni/ws_ur16/install/ros2_control_test_assets:/home/gcerioni/ws_ur16/install/realtime_tools:/home/gcerioni/ws_ur16/install/controller_manager_msgs:/home/gcerioni/ws_ur16/install/control_msgs:${AMENT_PREFIX_PATH} CMAKE_PREFIX_PATH=/home/gcerioni/ws_ur16/install/steering_controllers_library:/home/gcerioni/ws_ur16/install/controller_manager:/home/gcerioni/ws_ur16/install/hardware_interface_testing:/home/gcerioni/ws_ur16/install/controller_interface:/home/gcerioni/ws_ur16/install/hardware_interface:/home/gcerioni/ws_ur16/install/ros2_control_test_assets:/home/gcerioni/ws_ur16/install/realtime_tools:/home/gcerioni/ws_ur16/install/controller_manager_msgs:/home/gcerioni/ws_ur16/install/control_msgs:/opt/ros/humble LD_LIBRARY_PATH=/home/gcerioni/ws_ur16/install/steering_controllers_library/lib:/home/gcerioni/ws_ur16/install/controller_manager/lib:/home/gcerioni/ws_ur16/install/hardware_interface_testing/lib:/home/gcerioni/ws_ur16/install/controller_interface/lib:/home/gcerioni/ws_ur16/install/hardware_interface/lib:/home/gcerioni/ws_ur16/install/realtime_tools/lib:/home/gcerioni/ws_ur16/install/controller_manager_msgs/lib:/home/gcerioni/ws_ur16/install/control_msgs/lib:${LD_LIBRARY_PATH} PYTHONPATH=/home/gcerioni/ws_ur16/install/controller_manager/local/lib/python3.10/dist-packages:/home/gcerioni/ws_ur16/install/controller_manager_msgs/local/lib/python3.10/dist-packages:/home/gcerioni/ws_ur16/install/control_msgs/local/lib/python3.10/dist-packages:${PYTHONPATH} /usr/bin/cmake --install /home/gcerioni/ws_ur16/build/bicycle_steering_controller
