[0.047s] Invoking command in '/home/gcerioni/ws_ur16/build/ur_description': CMAKE_PREFIX_PATH=${CMAKE_PREFIX_PATH}:/home/gcerioni/ws_ur16/install/rqt_joint_trajectory_controller:/home/gcerioni/ws_ur16/install/rqt_controller_manager:/home/gcerioni/ws_ur16/install/ros2controlcli:/home/gcerioni/ws_ur16/install/ros2_controllers_test_nodes:/opt/ros/humble /usr/bin/cmake --build /home/gcerioni/ws_ur16/build/ur_description -- -j8 -l8
[1.132s] Invoked command in '/home/gcerioni/ws_ur16/build/ur_description' returned '0': CMAKE_PREFIX_PATH=${CMAKE_PREFIX_PATH}:/home/gcerioni/ws_ur16/install/rqt_joint_trajectory_controller:/home/gcerioni/ws_ur16/install/rqt_controller_manager:/home/gcerioni/ws_ur16/install/ros2controlcli:/home/gcerioni/ws_ur16/install/ros2_controllers_test_nodes:/opt/ros/humble /usr/bin/cmake --build /home/gcerioni/ws_ur16/build/ur_description -- -j8 -l8
[1.133s] Invoking command in '/home/gcerioni/ws_ur16/build/ur_description': CMAKE_PREFIX_PATH=${CMAKE_PREFIX_PATH}:/home/gcerioni/ws_ur16/install/rqt_joint_trajectory_controller:/home/gcerioni/ws_ur16/install/rqt_controller_manager:/home/gcerioni/ws_ur16/install/ros2controlcli:/home/gcerioni/ws_ur16/install/ros2_controllers_test_nodes:/opt/ros/humble /usr/bin/cmake --install /home/gcerioni/ws_ur16/build/ur_description
[1.150s] -- Install configuration: "Release"
[1.150s] -- Up-to-date: /home/gcerioni/ws_ur16/install/ur_description/share/ur_description/config
[1.150s] -- Up-to-date: /home/gcerioni/ws_ur16/install/ur_description/share/ur_description/config/ur10
[1.150s] -- Up-to-date: /home/gcerioni/ws_ur16/install/ur_description/share/ur_description/config/ur10/joint_limits.yaml
[1.150s] -- Up-to-date: /home/gcerioni/ws_ur16/install/ur_description/share/ur_description/config/ur10/default_kinematics.yaml
[1.151s] -- Up-to-date: /home/gcerioni/ws_ur16/install/ur_description/share/ur_description/config/ur10/physical_parameters.yaml
[1.151s] -- Up-to-date: /home/gcerioni/ws_ur16/install/ur_description/share/ur_description/config/ur10/visual_parameters.yaml
[1.151s] -- Up-to-date: /home/gcerioni/ws_ur16/install/ur_description/share/ur_description/config/initial_positions.yaml
[1.151s] -- Up-to-date: /home/gcerioni/ws_ur16/install/ur_description/share/ur_description/config/ur16e
[1.151s] -- Up-to-date: /home/gcerioni/ws_ur16/install/ur_description/share/ur_description/config/ur16e/joint_limits.yaml
[1.151s] -- Up-to-date: /home/gcerioni/ws_ur16/install/ur_description/share/ur_description/config/ur16e/default_kinematics.yaml
[1.151s] -- Up-to-date: /home/gcerioni/ws_ur16/install/ur_description/share/ur_description/config/ur16e/physical_parameters.yaml
[1.151s] -- Up-to-date: /home/gcerioni/ws_ur16/install/ur_description/share/ur_description/config/ur16e/visual_parameters.yaml
[1.152s] -- Up-to-date: /home/gcerioni/ws_ur16/install/ur_description/share/ur_description/config/ur10e
[1.152s] -- Up-to-date: /home/gcerioni/ws_ur16/install/ur_description/share/ur_description/config/ur10e/joint_limits.yaml
[1.152s] -- Up-to-date: /home/gcerioni/ws_ur16/install/ur_description/share/ur_description/config/ur10e/default_kinematics.yaml
[1.152s] -- Up-to-date: /home/gcerioni/ws_ur16/install/ur_description/share/ur_description/config/ur10e/physical_parameters.yaml
[1.152s] -- Up-to-date: /home/gcerioni/ws_ur16/install/ur_description/share/ur_description/config/ur10e/visual_parameters.yaml
[1.152s] -- Up-to-date: /home/gcerioni/ws_ur16/install/ur_description/share/ur_description/config/ur5e
[1.152s] -- Up-to-date: /home/gcerioni/ws_ur16/install/ur_description/share/ur_description/config/ur5e/joint_limits.yaml
[1.152s] -- Up-to-date: /home/gcerioni/ws_ur16/install/ur_description/share/ur_description/config/ur5e/default_kinematics.yaml
[1.152s] -- Up-to-date: /home/gcerioni/ws_ur16/install/ur_description/share/ur_description/config/ur5e/physical_parameters.yaml
[1.153s] -- Up-to-date: /home/gcerioni/ws_ur16/install/ur_description/share/ur_description/config/ur5e/visual_parameters.yaml
[1.153s] -- Up-to-date: /home/gcerioni/ws_ur16/install/ur_description/share/ur_description/config/ur20
[1.153s] -- Up-to-date: /home/gcerioni/ws_ur16/install/ur_description/share/ur_description/config/ur20/joint_limits.yaml
[1.153s] -- Up-to-date: /home/gcerioni/ws_ur16/install/ur_description/share/ur_description/config/ur20/default_kinematics.yaml
[1.153s] -- Up-to-date: /home/gcerioni/ws_ur16/install/ur_description/share/ur_description/config/ur20/physical_parameters.yaml
[1.153s] -- Up-to-date: /home/gcerioni/ws_ur16/install/ur_description/share/ur_description/config/ur20/visual_parameters.yaml
[1.153s] -- Up-to-date: /home/gcerioni/ws_ur16/install/ur_description/share/ur_description/config/ur3
[1.153s] -- Up-to-date: /home/gcerioni/ws_ur16/install/ur_description/share/ur_description/config/ur3/joint_limits.yaml
[1.154s] -- Up-to-date: /home/gcerioni/ws_ur16/install/ur_description/share/ur_description/config/ur3/default_kinematics.yaml
[1.154s] -- Up-to-date: /home/gcerioni/ws_ur16/install/ur_description/share/ur_description/config/ur3/physical_parameters.yaml
[1.155s] -- Up-to-date: /home/gcerioni/ws_ur16/install/ur_description/share/ur_description/config/ur3/visual_parameters.yaml
[1.155s] -- Up-to-date: /home/gcerioni/ws_ur16/install/ur_description/share/ur_description/config/ur5
[1.156s] -- Up-to-date: /home/gcerioni/ws_ur16/install/ur_description/share/ur_description/config/ur5/joint_limits.yaml
[1.156s] -- Up-to-date: /home/gcerioni/ws_ur16/install/ur_description/share/ur_description/config/ur5/default_kinematics.yaml
[1.156s] -- Up-to-date: /home/gcerioni/ws_ur16/install/ur_description/share/ur_description/config/ur5/physical_parameters.yaml
[1.157s] -- Up-to-date: /home/gcerioni/ws_ur16/install/ur_description/share/ur_description/config/ur5/visual_parameters.yaml
[1.157s] -- Up-to-date: /home/gcerioni/ws_ur16/install/ur_description/share/ur_description/config/ur3e
[1.157s] -- Up-to-date: /home/gcerioni/ws_ur16/install/ur_description/share/ur_description/config/ur3e/joint_limits.yaml
[1.157s] -- Up-to-date: /home/gcerioni/ws_ur16/install/ur_description/share/ur_description/config/ur3e/default_kinematics.yaml
[1.157s] -- Up-to-date: /home/gcerioni/ws_ur16/install/ur_description/share/ur_description/config/ur3e/physical_parameters.yaml
[1.157s] -- Up-to-date: /home/gcerioni/ws_ur16/install/ur_description/share/ur_description/config/ur3e/visual_parameters.yaml
[1.158s] -- Up-to-date: /home/gcerioni/ws_ur16/install/ur_description/share/ur_description/config/ur30
[1.158s] -- Up-to-date: /home/gcerioni/ws_ur16/install/ur_description/share/ur_description/config/ur30/joint_limits.yaml
[1.158s] -- Up-to-date: /home/gcerioni/ws_ur16/install/ur_description/share/ur_description/config/ur30/default_kinematics.yaml
[1.158s] -- Up-to-date: /home/gcerioni/ws_ur16/install/ur_description/share/ur_description/config/ur30/physical_parameters.yaml
[1.158s] -- Up-to-date: /home/gcerioni/ws_ur16/install/ur_description/share/ur_description/config/ur30/visual_parameters.yaml
[1.158s] -- Up-to-date: /home/gcerioni/ws_ur16/install/ur_description/share/ur_description/launch
[1.158s] -- Up-to-date: /home/gcerioni/ws_ur16/install/ur_description/share/ur_description/launch/view_ur.launch.py
[1.158s] -- Up-to-date: /home/gcerioni/ws_ur16/install/ur_description/share/ur_description/meshes
[1.158s] -- Up-to-date: /home/gcerioni/ws_ur16/install/ur_description/share/ur_description/meshes/ur10
[1.159s] -- Up-to-date: /home/gcerioni/ws_ur16/install/ur_description/share/ur_description/meshes/ur10/collision
[1.159s] -- Up-to-date: /home/gcerioni/ws_ur16/install/ur_description/share/ur_description/meshes/ur10/collision/shoulder.stl
[1.159s] -- Up-to-date: /home/gcerioni/ws_ur16/install/ur_description/share/ur_description/meshes/ur10/collision/forearm.stl
[1.159s] -- Up-to-date: /home/gcerioni/ws_ur16/install/ur_description/share/ur_description/meshes/ur10/collision/base.stl
[1.159s] -- Up-to-date: /home/gcerioni/ws_ur16/install/ur_description/share/ur_description/meshes/ur10/collision/wrist1.stl
[1.159s] -- Up-to-date: /home/gcerioni/ws_ur16/install/ur_description/share/ur_description/meshes/ur10/collision/upperarm.stl
[1.159s] -- Up-to-date: /home/gcerioni/ws_ur16/install/ur_description/share/ur_description/meshes/ur10/collision/wrist3.stl
[1.159s] -- Up-to-date: /home/gcerioni/ws_ur16/install/ur_description/share/ur_description/meshes/ur10/collision/wrist2.stl
[1.159s] -- Up-to-date: /home/gcerioni/ws_ur16/install/ur_description/share/ur_description/meshes/ur10/visual
[1.159s] -- Up-to-date: /home/gcerioni/ws_ur16/install/ur_description/share/ur_description/meshes/ur10/visual/wrist3.dae
[1.160s] -- Up-to-date: /home/gcerioni/ws_ur16/install/ur_description/share/ur_description/meshes/ur10/visual/base.dae
[1.164s] -- Up-to-date: /home/gcerioni/ws_ur16/install/ur_description/share/ur_description/meshes/ur10/visual/forearm.dae
[1.164s] -- Up-to-date: /home/gcerioni/ws_ur16/install/ur_description/share/ur_description/meshes/ur10/visual/wrist1.dae
[1.164s] -- Up-to-date: /home/gcerioni/ws_ur16/install/ur_description/share/ur_description/meshes/ur10/visual/shoulder.dae
[1.164s] -- Up-to-date: /home/gcerioni/ws_ur16/install/ur_description/share/ur_description/meshes/ur10/visual/wrist2.dae
[1.164s] -- Up-to-date: /home/gcerioni/ws_ur16/install/ur_description/share/ur_description/meshes/ur10/visual/upperarm.dae
[1.164s] -- Up-to-date: /home/gcerioni/ws_ur16/install/ur_description/share/ur_description/meshes/ur16e
[1.164s] -- Up-to-date: /home/gcerioni/ws_ur16/install/ur_description/share/ur_description/meshes/ur16e/collision
[1.164s] -- Up-to-date: /home/gcerioni/ws_ur16/install/ur_description/share/ur_description/meshes/ur16e/collision/forearm.stl
[1.164s] -- Up-to-date: /home/gcerioni/ws_ur16/install/ur_description/share/ur_description/meshes/ur16e/collision/upperarm.stl
[1.165s] -- Up-to-date: /home/gcerioni/ws_ur16/install/ur_description/share/ur_description/meshes/ur16e/visual
[1.165s] -- Up-to-date: /home/gcerioni/ws_ur16/install/ur_description/share/ur_description/meshes/ur16e/visual/forearm.dae
[1.165s] -- Up-to-date: /home/gcerioni/ws_ur16/install/ur_description/share/ur_description/meshes/ur16e/visual/upperarm.dae
[1.165s] -- Up-to-date: /home/gcerioni/ws_ur16/install/ur_description/share/ur_description/meshes/ur10e
[1.165s] -- Up-to-date: /home/gcerioni/ws_ur16/install/ur_description/share/ur_description/meshes/ur10e/collision
[1.165s] -- Up-to-date: /home/gcerioni/ws_ur16/install/ur_description/share/ur_description/meshes/ur10e/collision/shoulder.stl
[1.165s] -- Up-to-date: /home/gcerioni/ws_ur16/install/ur_description/share/ur_description/meshes/ur10e/collision/forearm.stl
[1.165s] -- Up-to-date: /home/gcerioni/ws_ur16/install/ur_description/share/ur_description/meshes/ur10e/collision/base.stl
[1.165s] -- Up-to-date: /home/gcerioni/ws_ur16/install/ur_description/share/ur_description/meshes/ur10e/collision/wrist1.stl
[1.165s] -- Up-to-date: /home/gcerioni/ws_ur16/install/ur_description/share/ur_description/meshes/ur10e/collision/upperarm.stl
[1.166s] -- Up-to-date: /home/gcerioni/ws_ur16/install/ur_description/share/ur_description/meshes/ur10e/collision/wrist3.stl
[1.166s] -- Up-to-date: /home/gcerioni/ws_ur16/install/ur_description/share/ur_description/meshes/ur10e/collision/wrist2.stl
[1.166s] -- Up-to-date: /home/gcerioni/ws_ur16/install/ur_description/share/ur_description/meshes/ur10e/visual
[1.166s] -- Up-to-date: /home/gcerioni/ws_ur16/install/ur_description/share/ur_description/meshes/ur10e/visual/wrist3.dae
[1.166s] -- Up-to-date: /home/gcerioni/ws_ur16/install/ur_description/share/ur_description/meshes/ur10e/visual/base.dae
[1.166s] -- Up-to-date: /home/gcerioni/ws_ur16/install/ur_description/share/ur_description/meshes/ur10e/visual/forearm.dae
[1.166s] -- Up-to-date: /home/gcerioni/ws_ur16/install/ur_description/share/ur_description/meshes/ur10e/visual/wrist1.dae
[1.166s] -- Up-to-date: /home/gcerioni/ws_ur16/install/ur_description/share/ur_description/meshes/ur10e/visual/shoulder.dae
[1.166s] -- Up-to-date: /home/gcerioni/ws_ur16/install/ur_description/share/ur_description/meshes/ur10e/visual/wrist2.dae
[1.166s] -- Up-to-date: /home/gcerioni/ws_ur16/install/ur_description/share/ur_description/meshes/ur10e/visual/upperarm.dae
[1.167s] -- Up-to-date: /home/gcerioni/ws_ur16/install/ur_description/share/ur_description/meshes/ur5e
[1.167s] -- Up-to-date: /home/gcerioni/ws_ur16/install/ur_description/share/ur_description/meshes/ur5e/collision
[1.167s] -- Up-to-date: /home/gcerioni/ws_ur16/install/ur_description/share/ur_description/meshes/ur5e/collision/shoulder.stl
[1.167s] -- Up-to-date: /home/gcerioni/ws_ur16/install/ur_description/share/ur_description/meshes/ur5e/collision/forearm.stl
[1.167s] -- Up-to-date: /home/gcerioni/ws_ur16/install/ur_description/share/ur_description/meshes/ur5e/collision/base.stl
[1.167s] -- Up-to-date: /home/gcerioni/ws_ur16/install/ur_description/share/ur_description/meshes/ur5e/collision/wrist1.stl
[1.167s] -- Up-to-date: /home/gcerioni/ws_ur16/install/ur_description/share/ur_description/meshes/ur5e/collision/upperarm.stl
[1.167s] -- Up-to-date: /home/gcerioni/ws_ur16/install/ur_description/share/ur_description/meshes/ur5e/collision/wrist3.stl
[1.167s] -- Up-to-date: /home/gcerioni/ws_ur16/install/ur_description/share/ur_description/meshes/ur5e/collision/wrist2.stl
[1.168s] -- Up-to-date: /home/gcerioni/ws_ur16/install/ur_description/share/ur_description/meshes/ur5e/visual
[1.168s] -- Up-to-date: /home/gcerioni/ws_ur16/install/ur_description/share/ur_description/meshes/ur5e/visual/wrist3.dae
[1.168s] -- Up-to-date: /home/gcerioni/ws_ur16/install/ur_description/share/ur_description/meshes/ur5e/visual/base.dae
[1.168s] -- Up-to-date: /home/gcerioni/ws_ur16/install/ur_description/share/ur_description/meshes/ur5e/visual/forearm.dae
[1.168s] -- Up-to-date: /home/gcerioni/ws_ur16/install/ur_description/share/ur_description/meshes/ur5e/visual/wrist1.dae
[1.168s] -- Up-to-date: /home/gcerioni/ws_ur16/install/ur_description/share/ur_description/meshes/ur5e/visual/shoulder.dae
[1.168s] -- Up-to-date: /home/gcerioni/ws_ur16/install/ur_description/share/ur_description/meshes/ur5e/visual/wrist2.dae
[1.169s] -- Up-to-date: /home/gcerioni/ws_ur16/install/ur_description/share/ur_description/meshes/ur5e/visual/upperarm.dae
[1.169s] -- Up-to-date: /home/gcerioni/ws_ur16/install/ur_description/share/ur_description/meshes/ur20
[1.169s] -- Up-to-date: /home/gcerioni/ws_ur16/install/ur_description/share/ur_description/meshes/ur20/collision
[1.169s] -- Up-to-date: /home/gcerioni/ws_ur16/install/ur_description/share/ur_description/meshes/ur20/collision/shoulder.stl
[1.169s] -- Up-to-date: /home/gcerioni/ws_ur16/install/ur_description/share/ur_description/meshes/ur20/collision/forearm.stl
[1.169s] -- Up-to-date: /home/gcerioni/ws_ur16/install/ur_description/share/ur_description/meshes/ur20/collision/base.stl
[1.169s] -- Up-to-date: /home/gcerioni/ws_ur16/install/ur_description/share/ur_description/meshes/ur20/collision/wrist1.stl
[1.170s] -- Up-to-date: /home/gcerioni/ws_ur16/install/ur_description/share/ur_description/meshes/ur20/collision/upperarm.stl
[1.170s] -- Up-to-date: /home/gcerioni/ws_ur16/install/ur_description/share/ur_description/meshes/ur20/collision/wrist3.stl
[1.170s] -- Up-to-date: /home/gcerioni/ws_ur16/install/ur_description/share/ur_description/meshes/ur20/collision/wrist2.stl
[1.171s] -- Up-to-date: /home/gcerioni/ws_ur16/install/ur_description/share/ur_description/meshes/ur20/visual
[1.171s] -- Up-to-date: /home/gcerioni/ws_ur16/install/ur_description/share/ur_description/meshes/ur20/visual/wrist3.dae
[1.171s] -- Up-to-date: /home/gcerioni/ws_ur16/install/ur_description/share/ur_description/meshes/ur20/visual/base.dae
[1.171s] -- Up-to-date: /home/gcerioni/ws_ur16/install/ur_description/share/ur_description/meshes/ur20/visual/forearm.dae
[1.171s] -- Up-to-date: /home/gcerioni/ws_ur16/install/ur_description/share/ur_description/meshes/ur20/visual/wrist1.dae
[1.171s] -- Up-to-date: /home/gcerioni/ws_ur16/install/ur_description/share/ur_description/meshes/ur20/visual/shoulder.dae
[1.171s] -- Up-to-date: /home/gcerioni/ws_ur16/install/ur_description/share/ur_description/meshes/ur20/visual/wrist2.dae
[1.171s] -- Up-to-date: /home/gcerioni/ws_ur16/install/ur_description/share/ur_description/meshes/ur20/visual/upperarm.dae
[1.171s] -- Up-to-date: /home/gcerioni/ws_ur16/install/ur_description/share/ur_description/meshes/ur20/visual/UR20_DIFF_8bit_2K.png
[1.174s] -- Up-to-date: /home/gcerioni/ws_ur16/install/ur_description/share/ur_description/meshes/ur20/LICENSE.txt
[1.174s] -- Up-to-date: /home/gcerioni/ws_ur16/install/ur_description/share/ur_description/meshes/ur3
[1.174s] -- Up-to-date: /home/gcerioni/ws_ur16/install/ur_description/share/ur_description/meshes/ur3/collision
[1.174s] -- Up-to-date: /home/gcerioni/ws_ur16/install/ur_description/share/ur_description/meshes/ur3/collision/shoulder.stl
[1.174s] -- Up-to-date: /home/gcerioni/ws_ur16/install/ur_description/share/ur_description/meshes/ur3/collision/forearm.stl
[1.174s] -- Up-to-date: /home/gcerioni/ws_ur16/install/ur_description/share/ur_description/meshes/ur3/collision/base.stl
[1.174s] -- Up-to-date: /home/gcerioni/ws_ur16/install/ur_description/share/ur_description/meshes/ur3/collision/wrist1.stl
[1.174s] -- Up-to-date: /home/gcerioni/ws_ur16/install/ur_description/share/ur_description/meshes/ur3/collision/upperarm.stl
[1.174s] -- Up-to-date: /home/gcerioni/ws_ur16/install/ur_description/share/ur_description/meshes/ur3/collision/wrist3.stl
[1.178s] -- Up-to-date: /home/gcerioni/ws_ur16/install/ur_description/share/ur_description/meshes/ur3/collision/wrist2.stl
[1.178s] -- Up-to-date: /home/gcerioni/ws_ur16/install/ur_description/share/ur_description/meshes/ur3/visual
[1.178s] -- Up-to-date: /home/gcerioni/ws_ur16/install/ur_description/share/ur_description/meshes/ur3/visual/wrist3.dae
[1.178s] -- Up-to-date: /home/gcerioni/ws_ur16/install/ur_description/share/ur_description/meshes/ur3/visual/base.dae
[1.178s] -- Up-to-date: /home/gcerioni/ws_ur16/install/ur_description/share/ur_description/meshes/ur3/visual/forearm.dae
[1.178s] -- Up-to-date: /home/gcerioni/ws_ur16/install/ur_description/share/ur_description/meshes/ur3/visual/wrist1.dae
[1.178s] -- Up-to-date: /home/gcerioni/ws_ur16/install/ur_description/share/ur_description/meshes/ur3/visual/shoulder.dae
[1.178s] -- Up-to-date: /home/gcerioni/ws_ur16/install/ur_description/share/ur_description/meshes/ur3/visual/wrist2.dae
[1.179s] -- Up-to-date: /home/gcerioni/ws_ur16/install/ur_description/share/ur_description/meshes/ur3/visual/upperarm.dae
[1.179s] -- Up-to-date: /home/gcerioni/ws_ur16/install/ur_description/share/ur_description/meshes/ur5
[1.179s] -- Up-to-date: /home/gcerioni/ws_ur16/install/ur_description/share/ur_description/meshes/ur5/collision
[1.179s] -- Up-to-date: /home/gcerioni/ws_ur16/install/ur_description/share/ur_description/meshes/ur5/collision/shoulder.stl
[1.179s] -- Up-to-date: /home/gcerioni/ws_ur16/install/ur_description/share/ur_description/meshes/ur5/collision/forearm.stl
[1.180s] -- Up-to-date: /home/gcerioni/ws_ur16/install/ur_description/share/ur_description/meshes/ur5/collision/base.stl
[1.182s] -- Up-to-date: /home/gcerioni/ws_ur16/install/ur_description/share/ur_description/meshes/ur5/collision/wrist1.stl
[1.182s] -- Up-to-date: /home/gcerioni/ws_ur16/install/ur_description/share/ur_description/meshes/ur5/collision/upperarm.stl
[1.182s] -- Up-to-date: /home/gcerioni/ws_ur16/install/ur_description/share/ur_description/meshes/ur5/collision/wrist3.stl
[1.182s] -- Up-to-date: /home/gcerioni/ws_ur16/install/ur_description/share/ur_description/meshes/ur5/collision/wrist2.stl
[1.182s] -- Up-to-date: /home/gcerioni/ws_ur16/install/ur_description/share/ur_description/meshes/ur5/visual
[1.183s] -- Up-to-date: /home/gcerioni/ws_ur16/install/ur_description/share/ur_description/meshes/ur5/visual/wrist3.dae
[1.183s] -- Up-to-date: /home/gcerioni/ws_ur16/install/ur_description/share/ur_description/meshes/ur5/visual/base.dae
[1.183s] -- Up-to-date: /home/gcerioni/ws_ur16/install/ur_description/share/ur_description/meshes/ur5/visual/forearm.dae
[1.183s] -- Up-to-date: /home/gcerioni/ws_ur16/install/ur_description/share/ur_description/meshes/ur5/visual/wrist1.dae
[1.183s] -- Up-to-date: /home/gcerioni/ws_ur16/install/ur_description/share/ur_description/meshes/ur5/visual/shoulder.dae
[1.183s] -- Up-to-date: /home/gcerioni/ws_ur16/install/ur_description/share/ur_description/meshes/ur5/visual/wrist2.dae
[1.183s] -- Up-to-date: /home/gcerioni/ws_ur16/install/ur_description/share/ur_description/meshes/ur5/visual/upperarm.dae
[1.183s] -- Up-to-date: /home/gcerioni/ws_ur16/install/ur_description/share/ur_description/meshes/ur3e
[1.183s] -- Up-to-date: /home/gcerioni/ws_ur16/install/ur_description/share/ur_description/meshes/ur3e/collision
[1.184s] -- Up-to-date: /home/gcerioni/ws_ur16/install/ur_description/share/ur_description/meshes/ur3e/collision/shoulder.stl
[1.184s] -- Up-to-date: /home/gcerioni/ws_ur16/install/ur_description/share/ur_description/meshes/ur3e/collision/forearm.stl
[1.184s] -- Up-to-date: /home/gcerioni/ws_ur16/install/ur_description/share/ur_description/meshes/ur3e/collision/base.stl
[1.184s] -- Up-to-date: /home/gcerioni/ws_ur16/install/ur_description/share/ur_description/meshes/ur3e/collision/wrist1.stl
[1.184s] -- Up-to-date: /home/gcerioni/ws_ur16/install/ur_description/share/ur_description/meshes/ur3e/collision/upperarm.stl
[1.184s] -- Up-to-date: /home/gcerioni/ws_ur16/install/ur_description/share/ur_description/meshes/ur3e/collision/wrist3.stl
[1.184s] -- Up-to-date: /home/gcerioni/ws_ur16/install/ur_description/share/ur_description/meshes/ur3e/collision/wrist2.stl
[1.184s] -- Up-to-date: /home/gcerioni/ws_ur16/install/ur_description/share/ur_description/meshes/ur3e/visual
[1.185s] -- Up-to-date: /home/gcerioni/ws_ur16/install/ur_description/share/ur_description/meshes/ur3e/visual/wrist3.dae
[1.185s] -- Up-to-date: /home/gcerioni/ws_ur16/install/ur_description/share/ur_description/meshes/ur3e/visual/base.dae
[1.185s] -- Up-to-date: /home/gcerioni/ws_ur16/install/ur_description/share/ur_description/meshes/ur3e/visual/forearm.dae
[1.185s] -- Up-to-date: /home/gcerioni/ws_ur16/install/ur_description/share/ur_description/meshes/ur3e/visual/wrist1.dae
[1.185s] -- Up-to-date: /home/gcerioni/ws_ur16/install/ur_description/share/ur_description/meshes/ur3e/visual/shoulder.dae
[1.191s] -- Up-to-date: /home/gcerioni/ws_ur16/install/ur_description/share/ur_description/meshes/ur3e/visual/wrist2.dae
[1.191s] -- Up-to-date: /home/gcerioni/ws_ur16/install/ur_description/share/ur_description/meshes/ur3e/visual/upperarm.dae
[1.191s] -- Up-to-date: /home/gcerioni/ws_ur16/install/ur_description/share/ur_description/meshes/ur30
[1.192s] -- Up-to-date: /home/gcerioni/ws_ur16/install/ur_description/share/ur_description/meshes/ur30/collision
[1.192s] -- Up-to-date: /home/gcerioni/ws_ur16/install/ur_description/share/ur_description/meshes/ur30/collision/forearm.stl
[1.192s] -- Up-to-date: /home/gcerioni/ws_ur16/install/ur_description/share/ur_description/meshes/ur30/collision/upperarm.stl
[1.192s] -- Up-to-date: /home/gcerioni/ws_ur16/install/ur_description/share/ur_description/meshes/ur30/visual
[1.192s] -- Up-to-date: /home/gcerioni/ws_ur16/install/ur_description/share/ur_description/meshes/ur30/visual/UR30_DIFF_8bit_2K.png
[1.192s] -- Up-to-date: /home/gcerioni/ws_ur16/install/ur_description/share/ur_description/meshes/ur30/visual/forearm.dae
[1.192s] -- Up-to-date: /home/gcerioni/ws_ur16/install/ur_description/share/ur_description/meshes/ur30/visual/upperarm.dae
[1.192s] -- Up-to-date: /home/gcerioni/ws_ur16/install/ur_description/share/ur_description/meshes/ur30/LICENSE.txt
[1.192s] -- Up-to-date: /home/gcerioni/ws_ur16/install/ur_description/share/ur_description/rviz
[1.192s] -- Up-to-date: /home/gcerioni/ws_ur16/install/ur_description/share/ur_description/rviz/view_robot.rviz
[1.193s] -- Up-to-date: /home/gcerioni/ws_ur16/install/ur_description/share/ur_description/urdf
[1.193s] -- Up-to-date: /home/gcerioni/ws_ur16/install/ur_description/share/ur_description/urdf/ur_macro.xacro
[1.193s] -- Up-to-date: /home/gcerioni/ws_ur16/install/ur_description/share/ur_description/urdf/ur.ros2_control.xacro
[1.193s] -- Up-to-date: /home/gcerioni/ws_ur16/install/ur_description/share/ur_description/urdf/ur.urdf.xacro
[1.193s] -- Up-to-date: /home/gcerioni/ws_ur16/install/ur_description/share/ur_description/urdf/inc
[1.193s] -- Up-to-date: /home/gcerioni/ws_ur16/install/ur_description/share/ur_description/urdf/inc/ur_common.xacro
[1.193s] -- Up-to-date: /home/gcerioni/ws_ur16/install/ur_description/share/ur_description/urdf/inc/ur_transmissions.xacro
[1.193s] -- Up-to-date: /home/gcerioni/ws_ur16/install/ur_description/share/ur_description/test
[1.193s] -- Up-to-date: /home/gcerioni/ws_ur16/install/ur_description/share/ur_description/test/test_view_ur_launch.py
[1.194s] -- Up-to-date: /home/gcerioni/ws_ur16/install/ur_description/share/ur_description/test/test_ur_urdf_xacro.py
[1.194s] -- Up-to-date: /home/gcerioni/ws_ur16/install/ur_description/share/ament_index/resource_index/package_run_dependencies/ur_description
[1.194s] -- Up-to-date: /home/gcerioni/ws_ur16/install/ur_description/share/ament_index/resource_index/parent_prefix_path/ur_description
[1.194s] -- Up-to-date: /home/gcerioni/ws_ur16/install/ur_description/share/ur_description/environment/ament_prefix_path.sh
[1.194s] -- Up-to-date: /home/gcerioni/ws_ur16/install/ur_description/share/ur_description/environment/ament_prefix_path.dsv
[1.194s] -- Up-to-date: /home/gcerioni/ws_ur16/install/ur_description/share/ur_description/environment/path.sh
[1.194s] -- Up-to-date: /home/gcerioni/ws_ur16/install/ur_description/share/ur_description/environment/path.dsv
[1.194s] -- Up-to-date: /home/gcerioni/ws_ur16/install/ur_description/share/ur_description/local_setup.bash
[1.194s] -- Up-to-date: /home/gcerioni/ws_ur16/install/ur_description/share/ur_description/local_setup.sh
[1.200s] -- Up-to-date: /home/gcerioni/ws_ur16/install/ur_description/share/ur_description/local_setup.zsh
[1.200s] -- Up-to-date: /home/gcerioni/ws_ur16/install/ur_description/share/ur_description/local_setup.dsv
[1.200s] -- Installing: /home/gcerioni/ws_ur16/install/ur_description/share/ur_description/package.dsv
[1.200s] -- Up-to-date: /home/gcerioni/ws_ur16/install/ur_description/share/ament_index/resource_index/packages/ur_description
[1.200s] -- Up-to-date: /home/gcerioni/ws_ur16/install/ur_description/share/ur_description/cmake/ur_descriptionConfig.cmake
[1.200s] -- Up-to-date: /home/gcerioni/ws_ur16/install/ur_description/share/ur_description/cmake/ur_descriptionConfig-version.cmake
[1.200s] -- Up-to-date: /home/gcerioni/ws_ur16/install/ur_description/share/ur_description/package.xml
[1.206s] Invoked command in '/home/gcerioni/ws_ur16/build/ur_description' returned '0': CMAKE_PREFIX_PATH=${CMAKE_PREFIX_PATH}:/home/gcerioni/ws_ur16/install/rqt_joint_trajectory_controller:/home/gcerioni/ws_ur16/install/rqt_controller_manager:/home/gcerioni/ws_ur16/install/ros2controlcli:/home/gcerioni/ws_ur16/install/ros2_controllers_test_nodes:/opt/ros/humble /usr/bin/cmake --install /home/gcerioni/ws_ur16/build/ur_description
