[0.095s] Invoking command in '/home/gcerioni/ws_ur16/build/tricycle_steering_controller': AMENT_PREFIX_PATH=/home/gcerioni/ws_ur16/install/steering_controllers_library:/home/gcerioni/ws_ur16/install/controller_manager:/home/gcerioni/ws_ur16/install/hardware_interface_testing:/home/gcerioni/ws_ur16/install/controller_interface:/home/gcerioni/ws_ur16/install/hardware_interface:/home/gcerioni/ws_ur16/install/ros2_control_test_assets:/home/gcerioni/ws_ur16/install/realtime_tools:/home/gcerioni/ws_ur16/install/controller_manager_msgs:/home/gcerioni/ws_ur16/install/control_msgs:${AMENT_PREFIX_PATH} CMAKE_PREFIX_PATH=/home/gcerioni/ws_ur16/install/steering_controllers_library:/home/gcerioni/ws_ur16/install/controller_manager:/home/gcerioni/ws_ur16/install/hardware_interface_testing:/home/gcerioni/ws_ur16/install/controller_interface:/home/gcerioni/ws_ur16/install/hardware_interface:/home/gcerioni/ws_ur16/install/ros2_control_test_assets:/home/gcerioni/ws_ur16/install/realtime_tools:/home/gcerioni/ws_ur16/install/controller_manager_msgs:/home/gcerioni/ws_ur16/install/control_msgs:/opt/ros/humble LD_LIBRARY_PATH=/home/gcerioni/ws_ur16/install/steering_controllers_library/lib:/home/gcerioni/ws_ur16/install/controller_manager/lib:/home/gcerioni/ws_ur16/install/hardware_interface_testing/lib:/home/gcerioni/ws_ur16/install/controller_interface/lib:/home/gcerioni/ws_ur16/install/hardware_interface/lib:/home/gcerioni/ws_ur16/install/realtime_tools/lib:/home/gcerioni/ws_ur16/install/controller_manager_msgs/lib:/home/gcerioni/ws_ur16/install/control_msgs/lib:${LD_LIBRARY_PATH} PYTHONPATH=/home/gcerioni/ws_ur16/install/controller_manager/local/lib/python3.10/dist-packages:/home/gcerioni/ws_ur16/install/controller_manager_msgs/local/lib/python3.10/dist-packages:/home/gcerioni/ws_ur16/install/control_msgs/local/lib/python3.10/dist-packages:${PYTHONPATH} /usr/bin/cmake /home/gcerioni/ws_ur16/src/ros2_controllers/tricycle_steering_controller -DCMAKE_BUILD_TYPE=Release -DCMAKE_INSTALL_PREFIX=/home/gcerioni/ws_ur16/install/tricycle_steering_controller
[12.534s] -- The CXX compiler identification is GNU 11.4.0
[12.534s] -- Detecting CXX compiler ABI info
[12.535s] -- Detecting CXX compiler ABI info - done
[12.535s] -- Check for working CXX compiler: /usr/bin/c++ - skipped
[12.535s] -- Detecting CXX compile features
[12.535s] -- Detecting CXX compile features - done
[12.545s] -- Found ament_cmake: 1.3.11 (/opt/ros/humble/share/ament_cmake/cmake)
[12.546s] -- Found Python3: /usr/bin/python3 (found version "3.10.12") found components: Interpreter 
[12.546s] -- Found controller_interface: 2.48.0 (/home/gcerioni/ws_ur16/install/controller_interface/share/controller_interface/cmake)
[12.546s] -- Found rosidl_generator_c: 3.1.6 (/opt/ros/humble/share/rosidl_generator_c/cmake)
[12.546s] -- Found rosidl_adapter: 3.1.6 (/opt/ros/humble/share/rosidl_adapter/cmake)
[12.546s] -- Found rosidl_generator_cpp: 3.1.6 (/opt/ros/humble/share/rosidl_generator_cpp/cmake)
[12.546s] -- Using all available rosidl_typesupport_c: rosidl_typesupport_fastrtps_c;rosidl_typesupport_introspection_c
[12.546s] -- Using all available rosidl_typesupport_cpp: rosidl_typesupport_fastrtps_cpp;rosidl_typesupport_introspection_cpp
[12.546s] -- Found rmw_implementation_cmake: 6.1.2 (/opt/ros/humble/share/rmw_implementation_cmake/cmake)
[12.546s] -- Found rmw_fastrtps_cpp: 6.2.7 (/opt/ros/humble/share/rmw_fastrtps_cpp/cmake)
[12.546s] -- Found TinyXML2 via Config file: TinyXML2_DIR-NOTFOUND
[12.546s] -- Found OpenSSL: /usr/lib/x86_64-linux-gnu/libcrypto.so (found version "3.0.2")  
[12.547s] -- Found TinyXML2 via Config file: TinyXML2_DIR-NOTFOUND
[12.547s] -- Found FastRTPS: /opt/ros/humble/include  
[12.547s] -- Found TinyXML2 via Config file: TinyXML2_DIR-NOTFOUND
[12.547s] -- Found TinyXML2 via Config file: TinyXML2_DIR-NOTFOUND
[12.547s] -- Using RMW implementation 'rmw_fastrtps_cpp' as default
[12.551s] -- Looking for C++ include pthread.h
[12.551s] -- Looking for C++ include pthread.h - found
[12.551s] -- Performing Test CMAKE_HAVE_LIBC_PTHREAD
[12.551s] -- Performing Test CMAKE_HAVE_LIBC_PTHREAD - Success
[12.551s] -- Found Threads: TRUE  
[12.552s] -- Found generate_parameter_library: 0.4.0 (/opt/ros/humble/share/generate_parameter_library/cmake)
[12.552s] -- Found parameter_traits: 0.4.0 (/opt/ros/humble/share/parameter_traits/cmake)
[12.552s] -- Found realtime_tools: 2.12.0 (/home/gcerioni/ws_ur16/install/realtime_tools/share/realtime_tools/cmake)
[12.552s] -- Found std_srvs: 4.2.4 (/opt/ros/humble/share/std_srvs/cmake)
[12.552s] -- Found steering_controllers_library: 2.43.0 (/home/gcerioni/ws_ur16/install/steering_controllers_library/share/steering_controllers_library/cmake)
[12.552s] -- Found eigen3_cmake_module: 0.1.1 (/opt/ros/humble/share/eigen3_cmake_module/cmake)
[12.552s] -- Found Eigen3: TRUE (found version "3.4.0") 
[12.552s] -- Ensuring Eigen3 include directory is part of orocos-kdl CMake target
[12.552s] -- Found ament_cmake_gmock: 1.3.11 (/opt/ros/humble/share/ament_cmake_gmock/cmake)
[12.552s] -- Found controller_manager: 2.48.0 (/home/gcerioni/ws_ur16/install/controller_manager/share/controller_manager/cmake)
[12.552s] -- Found ros2_control_test_assets: 2.48.0 (/home/gcerioni/ws_ur16/install/ros2_control_test_assets/share/ros2_control_test_assets/cmake)
[12.552s] -- Found gmock sources under '/opt/ros/humble/src/gmock_vendor': C++ tests using 'Google Mock' will be built
[12.553s] -- The C compiler identification is GNU 11.4.0
[12.553s] -- Detecting C compiler ABI info
[12.553s] -- Detecting C compiler ABI info - done
[12.553s] -- Check for working C compiler: /usr/bin/cc - skipped
[12.554s] -- Detecting C compile features
[12.559s] -- Detecting C compile features - done
[12.559s] -- Found ament_cmake_gtest: 1.3.11 (/opt/ros/humble/share/ament_cmake_gtest/cmake)
[12.559s] -- Found gtest sources under '/opt/ros/humble/src/gtest_vendor': C++ tests using 'Google Test' will be built
[12.559s] -- Found gmock sources under '/opt/ros/humble/src/gmock_vendor': C++ tests using 'Google Mock' will be built
[12.559s] -- Found ament_cmake_gtest: 1.3.11 (/opt/ros/humble/share/ament_cmake_gtest/cmake)
[12.560s] -- Found gtest sources under '/opt/ros/humble/src/gtest_vendor': C++ tests using 'Google Test' will be built
[12.560s] -- Found gmock sources under '/opt/ros/humble/src/gmock_vendor': C++ tests using 'Google Mock' will be built
[12.560s] -- Found ament_cmake_gtest: 1.3.11 (/opt/ros/humble/share/ament_cmake_gtest/cmake)
[12.560s] -- Found gtest sources under '/opt/ros/humble/src/gtest_vendor': C++ tests using 'Google Test' will be built
[12.560s] -- Configuring done
[12.560s] -- Generating done
[12.560s] -- Build files have been written to: /home/gcerioni/ws_ur16/build/tricycle_steering_controller
[12.562s] Invoked command in '/home/gcerioni/ws_ur16/build/tricycle_steering_controller' returned '0': AMENT_PREFIX_PATH=/home/gcerioni/ws_ur16/install/steering_controllers_library:/home/gcerioni/ws_ur16/install/controller_manager:/home/gcerioni/ws_ur16/install/hardware_interface_testing:/home/gcerioni/ws_ur16/install/controller_interface:/home/gcerioni/ws_ur16/install/hardware_interface:/home/gcerioni/ws_ur16/install/ros2_control_test_assets:/home/gcerioni/ws_ur16/install/realtime_tools:/home/gcerioni/ws_ur16/install/controller_manager_msgs:/home/gcerioni/ws_ur16/install/control_msgs:${AMENT_PREFIX_PATH} CMAKE_PREFIX_PATH=/home/gcerioni/ws_ur16/install/steering_controllers_library:/home/gcerioni/ws_ur16/install/controller_manager:/home/gcerioni/ws_ur16/install/hardware_interface_testing:/home/gcerioni/ws_ur16/install/controller_interface:/home/gcerioni/ws_ur16/install/hardware_interface:/home/gcerioni/ws_ur16/install/ros2_control_test_assets:/home/gcerioni/ws_ur16/install/realtime_tools:/home/gcerioni/ws_ur16/install/controller_manager_msgs:/home/gcerioni/ws_ur16/install/control_msgs:/opt/ros/humble LD_LIBRARY_PATH=/home/gcerioni/ws_ur16/install/steering_controllers_library/lib:/home/gcerioni/ws_ur16/install/controller_manager/lib:/home/gcerioni/ws_ur16/install/hardware_interface_testing/lib:/home/gcerioni/ws_ur16/install/controller_interface/lib:/home/gcerioni/ws_ur16/install/hardware_interface/lib:/home/gcerioni/ws_ur16/install/realtime_tools/lib:/home/gcerioni/ws_ur16/install/controller_manager_msgs/lib:/home/gcerioni/ws_ur16/install/control_msgs/lib:${LD_LIBRARY_PATH} PYTHONPATH=/home/gcerioni/ws_ur16/install/controller_manager/local/lib/python3.10/dist-packages:/home/gcerioni/ws_ur16/install/controller_manager_msgs/local/lib/python3.10/dist-packages:/home/gcerioni/ws_ur16/install/control_msgs/local/lib/python3.10/dist-packages:${PYTHONPATH} /usr/bin/cmake /home/gcerioni/ws_ur16/src/ros2_controllers/tricycle_steering_controller -DCMAKE_BUILD_TYPE=Release -DCMAKE_INSTALL_PREFIX=/home/gcerioni/ws_ur16/install/tricycle_steering_controller
[12.568s] Invoking command in '/home/gcerioni/ws_ur16/build/tricycle_steering_controller': AMENT_PREFIX_PATH=/home/gcerioni/ws_ur16/install/steering_controllers_library:/home/gcerioni/ws_ur16/install/controller_manager:/home/gcerioni/ws_ur16/install/hardware_interface_testing:/home/gcerioni/ws_ur16/install/controller_interface:/home/gcerioni/ws_ur16/install/hardware_interface:/home/gcerioni/ws_ur16/install/ros2_control_test_assets:/home/gcerioni/ws_ur16/install/realtime_tools:/home/gcerioni/ws_ur16/install/controller_manager_msgs:/home/gcerioni/ws_ur16/install/control_msgs:${AMENT_PREFIX_PATH} CMAKE_PREFIX_PATH=/home/gcerioni/ws_ur16/install/steering_controllers_library:/home/gcerioni/ws_ur16/install/controller_manager:/home/gcerioni/ws_ur16/install/hardware_interface_testing:/home/gcerioni/ws_ur16/install/controller_interface:/home/gcerioni/ws_ur16/install/hardware_interface:/home/gcerioni/ws_ur16/install/ros2_control_test_assets:/home/gcerioni/ws_ur16/install/realtime_tools:/home/gcerioni/ws_ur16/install/controller_manager_msgs:/home/gcerioni/ws_ur16/install/control_msgs:/opt/ros/humble LD_LIBRARY_PATH=/home/gcerioni/ws_ur16/install/steering_controllers_library/lib:/home/gcerioni/ws_ur16/install/controller_manager/lib:/home/gcerioni/ws_ur16/install/hardware_interface_testing/lib:/home/gcerioni/ws_ur16/install/controller_interface/lib:/home/gcerioni/ws_ur16/install/hardware_interface/lib:/home/gcerioni/ws_ur16/install/realtime_tools/lib:/home/gcerioni/ws_ur16/install/controller_manager_msgs/lib:/home/gcerioni/ws_ur16/install/control_msgs/lib:${LD_LIBRARY_PATH} PYTHONPATH=/home/gcerioni/ws_ur16/install/controller_manager/local/lib/python3.10/dist-packages:/home/gcerioni/ws_ur16/install/controller_manager_msgs/local/lib/python3.10/dist-packages:/home/gcerioni/ws_ur16/install/control_msgs/local/lib/python3.10/dist-packages:${PYTHONPATH} /usr/bin/cmake --build /home/gcerioni/ws_ur16/build/tricycle_steering_controller -- -j8 -l8
[20.080s] [  7%] [34m[1mRunning `/opt/ros/humble/bin/generate_parameter_library_cpp /home/gcerioni/ws_ur16/build/tricycle_steering_controller/include/tricycle_steering_controller/tricycle_steering_controller_parameters.hpp /home/gcerioni/ws_ur16/src/ros2_controllers/tricycle_steering_controller/src/tricycle_steering_controller.yaml `[0m
[20.080s] [ 15%] [34m[1mCreating deprecated header file /home/gcerioni/ws_ur16/build/tricycle_steering_controller/include/tricycle_steering_controller_parameters.hpp[0m
[20.080s] [ 15%] Built target tricycle_steering_controller_parameters
[20.080s] [ 23%] [32mBuilding CXX object gmock/CMakeFiles/gmock.dir/opt/ros/humble/src/gtest_vendor/src/gtest-all.cc.o[0m
[24.444s] [ 30%] [32mBuilding CXX object gmock/CMakeFiles/gmock.dir/src/gmock-all.cc.o[0m
[28.688s] [ 38%] [32m[1mLinking CXX static library libgmock.a[0m
[28.762s] [ 38%] Built target gmock
[28.785s] [ 46%] [32mBuilding CXX object CMakeFiles/tricycle_steering_controller.dir/src/tricycle_steering_controller.cpp.o[0m
[35.914s] [ 53%] [32m[1mLinking CXX shared library libtricycle_steering_controller.so[0m
[36.207s] [ 53%] Built target tricycle_steering_controller
[36.238s] [ 61%] [32mBuilding CXX object CMakeFiles/test_load_tricycle_steering_controller.dir/test/test_load_tricycle_steering_controller.cpp.o[0m
[44.908s] [ 69%] [32m[1mLinking CXX executable test_load_tricycle_steering_controller[0m
[45.265s] [ 69%] Built target test_load_tricycle_steering_controller
[45.299s] [ 76%] [32mBuilding CXX object CMakeFiles/test_tricycle_steering_controller_preceeding.dir/test/test_tricycle_steering_controller_preceeding.cpp.o[0m
[53.680s] [ 84%] [32m[1mLinking CXX executable test_tricycle_steering_controller_preceeding[0m
[53.972s] [ 84%] Built target test_tricycle_steering_controller_preceeding
[53.994s] [ 92%] [32mBuilding CXX object CMakeFiles/test_tricycle_steering_controller.dir/test/test_tricycle_steering_controller.cpp.o[0m
[67.513s] [100%] [32m[1mLinking CXX executable test_tricycle_steering_controller[0m
[67.781s] [100%] Built target test_tricycle_steering_controller
