[0.061s] Invoking command in '/home/gcerioni/ws_ur16/build/realtime_tools': CMAKE_PREFIX_PATH=${CMAKE_PREFIX_PATH}:/home/gcerioni/ws_ur16/install/rqt_joint_trajectory_controller:/home/gcerioni/ws_ur16/install/rqt_controller_manager:/home/gcerioni/ws_ur16/install/ros2controlcli:/home/gcerioni/ws_ur16/install/ros2_controllers_test_nodes:/opt/ros/humble /usr/bin/cmake --build /home/gcerioni/ws_ur16/build/realtime_tools -- -j8 -l8
[0.192s] [  9%] Built target realtime_tools
[0.194s] [ 15%] Built target thread_priority
[0.266s] [ 21%] Built target gmock_main
[0.282s] [ 31%] Built target gmock
[0.500s] [ 37%] Built target realtime_box_tests
[0.529s] [ 43%] Built target realtime_clock_tests
[0.533s] [ 50%] Built target lock_free_queue_tests
[0.533s] [ 56%] Built target realtime_buffer_tests
[0.550s] [ 62%] Built target realtime_publisher_tests
[0.552s] [ 68%] Built target realtime_publisher_tests_non_polling
[0.556s] [ 75%] Built target thread_priority_tests
[0.578s] [ 81%] Built target realtime_box_best_effort_tests
[0.639s] [ 87%] Built target realtime_mutex_tests
[0.663s] [ 93%] Built target test_async_function_handler
[0.670s] [100%] Built target realtime_server_goal_handle_tests
[1.164s] Invoked command in '/home/gcerioni/ws_ur16/build/realtime_tools' returned '0': CMAKE_PREFIX_PATH=${CMAKE_PREFIX_PATH}:/home/gcerioni/ws_ur16/install/rqt_joint_trajectory_controller:/home/gcerioni/ws_ur16/install/rqt_controller_manager:/home/gcerioni/ws_ur16/install/ros2controlcli:/home/gcerioni/ws_ur16/install/ros2_controllers_test_nodes:/opt/ros/humble /usr/bin/cmake --build /home/gcerioni/ws_ur16/build/realtime_tools -- -j8 -l8
[1.164s] Invoking command in '/home/gcerioni/ws_ur16/build/realtime_tools': CMAKE_PREFIX_PATH=${CMAKE_PREFIX_PATH}:/home/gcerioni/ws_ur16/install/rqt_joint_trajectory_controller:/home/gcerioni/ws_ur16/install/rqt_controller_manager:/home/gcerioni/ws_ur16/install/ros2controlcli:/home/gcerioni/ws_ur16/install/ros2_controllers_test_nodes:/opt/ros/humble /usr/bin/cmake --install /home/gcerioni/ws_ur16/build/realtime_tools
[1.228s] -- Install configuration: "Release"
[1.228s] -- Up-to-date: /home/gcerioni/ws_ur16/install/realtime_tools/include/realtime_tools
[1.228s] -- Up-to-date: /home/gcerioni/ws_ur16/install/realtime_tools/include/realtime_tools/realtime_tools
[1.228s] -- Up-to-date: /home/gcerioni/ws_ur16/install/realtime_tools/include/realtime_tools/realtime_tools/thread_priority.hpp
[1.228s] -- Up-to-date: /home/gcerioni/ws_ur16/install/realtime_tools/include/realtime_tools/realtime_tools/async_function_handler.hpp
[1.229s] -- Up-to-date: /home/gcerioni/ws_ur16/install/realtime_tools/include/realtime_tools/realtime_tools/realtime_server_goal_handle.hpp
[1.229s] -- Up-to-date: /home/gcerioni/ws_ur16/install/realtime_tools/include/realtime_tools/realtime_tools/realtime_clock.h
[1.229s] -- Up-to-date: /home/gcerioni/ws_ur16/install/realtime_tools/include/realtime_tools/realtime_tools/mutex.hpp
[1.229s] -- Up-to-date: /home/gcerioni/ws_ur16/install/realtime_tools/include/realtime_tools/realtime_tools/realtime_clock.hpp
[1.229s] -- Up-to-date: /home/gcerioni/ws_ur16/install/realtime_tools/include/realtime_tools/realtime_tools/realtime_box.hpp
[1.229s] -- Up-to-date: /home/gcerioni/ws_ur16/install/realtime_tools/include/realtime_tools/realtime_tools/realtime_box.h
[1.229s] -- Up-to-date: /home/gcerioni/ws_ur16/install/realtime_tools/include/realtime_tools/realtime_tools/realtime_publisher.hpp
[1.229s] -- Up-to-date: /home/gcerioni/ws_ur16/install/realtime_tools/include/realtime_tools/realtime_tools/realtime_buffer.h
[1.229s] -- Up-to-date: /home/gcerioni/ws_ur16/install/realtime_tools/include/realtime_tools/realtime_tools/realtime_publisher.h
[1.229s] -- Up-to-date: /home/gcerioni/ws_ur16/install/realtime_tools/include/realtime_tools/realtime_tools/realtime_buffer.hpp
[1.230s] -- Up-to-date: /home/gcerioni/ws_ur16/install/realtime_tools/include/realtime_tools/realtime_tools/realtime_box_best_effort.hpp
[1.230s] -- Up-to-date: /home/gcerioni/ws_ur16/install/realtime_tools/include/realtime_tools/realtime_tools/realtime_box_best_effort.h
[1.230s] -- Up-to-date: /home/gcerioni/ws_ur16/install/realtime_tools/include/realtime_tools/realtime_tools/lock_free_queue.hpp
[1.230s] -- Up-to-date: /home/gcerioni/ws_ur16/install/realtime_tools/include/realtime_tools/realtime_tools/realtime_server_goal_handle.h
[1.230s] -- Up-to-date: /home/gcerioni/ws_ur16/install/realtime_tools/include/realtime_tools/realtime_tools/realtime_helpers.hpp
[1.230s] -- Up-to-date: /home/gcerioni/ws_ur16/install/realtime_tools/lib/librealtime_tools.so
[1.230s] -- Up-to-date: /home/gcerioni/ws_ur16/install/realtime_tools/lib/libthread_priority.so
[1.231s] -- Up-to-date: /home/gcerioni/ws_ur16/install/realtime_tools/share/realtime_tools/environment/library_path.sh
[1.232s] -- Up-to-date: /home/gcerioni/ws_ur16/install/realtime_tools/share/realtime_tools/environment/library_path.dsv
[1.232s] -- Up-to-date: /home/gcerioni/ws_ur16/install/realtime_tools/share/ament_index/resource_index/package_run_dependencies/realtime_tools
[1.232s] -- Up-to-date: /home/gcerioni/ws_ur16/install/realtime_tools/share/ament_index/resource_index/parent_prefix_path/realtime_tools
[1.232s] -- Up-to-date: /home/gcerioni/ws_ur16/install/realtime_tools/share/realtime_tools/environment/ament_prefix_path.sh
[1.232s] -- Up-to-date: /home/gcerioni/ws_ur16/install/realtime_tools/share/realtime_tools/environment/ament_prefix_path.dsv
[1.233s] -- Up-to-date: /home/gcerioni/ws_ur16/install/realtime_tools/share/realtime_tools/environment/path.sh
[1.233s] -- Up-to-date: /home/gcerioni/ws_ur16/install/realtime_tools/share/realtime_tools/environment/path.dsv
[1.233s] -- Up-to-date: /home/gcerioni/ws_ur16/install/realtime_tools/share/realtime_tools/local_setup.bash
[1.233s] -- Up-to-date: /home/gcerioni/ws_ur16/install/realtime_tools/share/realtime_tools/local_setup.sh
[1.233s] -- Up-to-date: /home/gcerioni/ws_ur16/install/realtime_tools/share/realtime_tools/local_setup.zsh
[1.233s] -- Up-to-date: /home/gcerioni/ws_ur16/install/realtime_tools/share/realtime_tools/local_setup.dsv
[1.233s] -- Installing: /home/gcerioni/ws_ur16/install/realtime_tools/share/realtime_tools/package.dsv
[1.233s] -- Up-to-date: /home/gcerioni/ws_ur16/install/realtime_tools/share/ament_index/resource_index/packages/realtime_tools
[1.233s] -- Up-to-date: /home/gcerioni/ws_ur16/install/realtime_tools/share/realtime_tools/cmake/export_realtime_toolsExport.cmake
[1.233s] -- Up-to-date: /home/gcerioni/ws_ur16/install/realtime_tools/share/realtime_tools/cmake/export_realtime_toolsExport-release.cmake
[1.234s] -- Up-to-date: /home/gcerioni/ws_ur16/install/realtime_tools/share/realtime_tools/cmake/ament_cmake_export_targets-extras.cmake
[1.234s] -- Up-to-date: /home/gcerioni/ws_ur16/install/realtime_tools/share/realtime_tools/cmake/ament_cmake_export_dependencies-extras.cmake
[1.234s] -- Up-to-date: /home/gcerioni/ws_ur16/install/realtime_tools/share/realtime_tools/cmake/realtime_toolsConfig.cmake
[1.234s] -- Up-to-date: /home/gcerioni/ws_ur16/install/realtime_tools/share/realtime_tools/cmake/realtime_toolsConfig-version.cmake
[1.234s] -- Up-to-date: /home/gcerioni/ws_ur16/install/realtime_tools/share/realtime_tools/package.xml
[1.293s] Invoked command in '/home/gcerioni/ws_ur16/build/realtime_tools' returned '0': CMAKE_PREFIX_PATH=${CMAKE_PREFIX_PATH}:/home/gcerioni/ws_ur16/install/rqt_joint_trajectory_controller:/home/gcerioni/ws_ur16/install/rqt_controller_manager:/home/gcerioni/ws_ur16/install/ros2controlcli:/home/gcerioni/ws_ur16/install/ros2_controllers_test_nodes:/opt/ros/humble /usr/bin/cmake --install /home/gcerioni/ws_ur16/build/realtime_tools
