[0.138s] Invoking command in '/home/gcerioni/ws_ur16/build/joint_limits': CMAKE_PREFIX_PATH=/opt/ros/humble /usr/bin/cmake --build /home/gcerioni/ws_ur16/build/joint_limits -- -j8 -l8
[0.186s] [35m[1mConsolidate compiler generated dependencies of target gtest_main[0m
[0.187s] [35m[1mConsolidate compiler generated dependencies of target gtest[0m
[0.203s] [ 14%] Built target ament_generate_version_header__joint_limits
[0.203s] [ 42%] Built target gtest_main
[0.203s] [ 71%] Built target gtest
[0.212s] [35m[1mConsolidate compiler generated dependencies of target joint_limits_rosparam_test[0m
[0.236s] [100%] Built target joint_limits_rosparam_test
[0.548s] Invoked command in '/home/gcerioni/ws_ur16/build/joint_limits' returned '0': CMAKE_PREFIX_PATH=/opt/ros/humble /usr/bin/cmake --build /home/gcerioni/ws_ur16/build/joint_limits -- -j8 -l8
[0.550s] Invoking command in '/home/gcerioni/ws_ur16/build/joint_limits': CMAKE_PREFIX_PATH=/opt/ros/humble /usr/bin/cmake --install /home/gcerioni/ws_ur16/build/joint_limits
[0.568s] -- Install configuration: "Release"
[0.568s] -- Up-to-date: /home/gcerioni/ws_ur16/install/joint_limits/include
[0.568s] -- Up-to-date: /home/gcerioni/ws_ur16/install/joint_limits/include/joint_limits
[0.568s] -- Up-to-date: /home/gcerioni/ws_ur16/install/joint_limits/include/joint_limits/joint_limits_rosparam.hpp
[0.568s] -- Up-to-date: /home/gcerioni/ws_ur16/install/joint_limits/include/joint_limits/joint_limits.hpp
[0.569s] -- Up-to-date: /home/gcerioni/ws_ur16/install/joint_limits/lib/joint_limits/joint_limits_rosparam_test
[0.569s] -- Up-to-date: /home/gcerioni/ws_ur16/install/joint_limits/share/joint_limits/test/joint_limits_rosparam.yaml
[0.569s] -- Up-to-date: /home/gcerioni/ws_ur16/install/joint_limits/include/joint_limits
[0.569s] -- Up-to-date: /home/gcerioni/ws_ur16/install/joint_limits/include/joint_limits/joint_limits
[0.569s] -- Up-to-date: /home/gcerioni/ws_ur16/install/joint_limits/include/joint_limits/joint_limits/joint_limits_rosparam.hpp
[0.569s] -- Up-to-date: /home/gcerioni/ws_ur16/install/joint_limits/include/joint_limits/joint_limits/joint_limits.hpp
[0.569s] -- Up-to-date: /home/gcerioni/ws_ur16/install/joint_limits/share/joint_limits/environment/library_path.sh
[0.569s] -- Up-to-date: /home/gcerioni/ws_ur16/install/joint_limits/share/joint_limits/environment/library_path.dsv
[0.569s] -- Up-to-date: /home/gcerioni/ws_ur16/install/joint_limits/share/ament_index/resource_index/package_run_dependencies/joint_limits
[0.570s] -- Up-to-date: /home/gcerioni/ws_ur16/install/joint_limits/share/ament_index/resource_index/parent_prefix_path/joint_limits
[0.570s] -- Up-to-date: /home/gcerioni/ws_ur16/install/joint_limits/share/joint_limits/environment/ament_prefix_path.sh
[0.570s] -- Up-to-date: /home/gcerioni/ws_ur16/install/joint_limits/share/joint_limits/environment/ament_prefix_path.dsv
[0.570s] -- Up-to-date: /home/gcerioni/ws_ur16/install/joint_limits/share/joint_limits/environment/path.sh
[0.570s] -- Up-to-date: /home/gcerioni/ws_ur16/install/joint_limits/share/joint_limits/environment/path.dsv
[0.570s] -- Up-to-date: /home/gcerioni/ws_ur16/install/joint_limits/share/joint_limits/local_setup.bash
[0.570s] -- Up-to-date: /home/gcerioni/ws_ur16/install/joint_limits/share/joint_limits/local_setup.sh
[0.570s] -- Up-to-date: /home/gcerioni/ws_ur16/install/joint_limits/share/joint_limits/local_setup.zsh
[0.570s] -- Up-to-date: /home/gcerioni/ws_ur16/install/joint_limits/share/joint_limits/local_setup.dsv
[0.571s] -- Installing: /home/gcerioni/ws_ur16/install/joint_limits/share/joint_limits/package.dsv
[0.571s] -- Up-to-date: /home/gcerioni/ws_ur16/install/joint_limits/share/ament_index/resource_index/packages/joint_limits
[0.571s] -- Up-to-date: /home/gcerioni/ws_ur16/install/joint_limits/share/joint_limits/cmake/export_joint_limitsExport.cmake
[0.571s] -- Up-to-date: /home/gcerioni/ws_ur16/install/joint_limits/share/joint_limits/cmake/ament_cmake_export_targets-extras.cmake
[0.571s] -- Up-to-date: /home/gcerioni/ws_ur16/install/joint_limits/share/joint_limits/cmake/ament_cmake_export_dependencies-extras.cmake
[0.571s] -- Up-to-date: /home/gcerioni/ws_ur16/install/joint_limits/share/joint_limits/cmake/ament_cmake_export_include_directories-extras.cmake
[0.571s] -- Up-to-date: /home/gcerioni/ws_ur16/install/joint_limits/share/joint_limits/cmake/joint_limitsConfig.cmake
[0.571s] -- Up-to-date: /home/gcerioni/ws_ur16/install/joint_limits/share/joint_limits/cmake/joint_limitsConfig-version.cmake
[0.571s] -- Up-to-date: /home/gcerioni/ws_ur16/install/joint_limits/share/joint_limits/package.xml
[0.572s] -- Up-to-date: /home/gcerioni/ws_ur16/install/joint_limits/include/joint_limits/joint_limits/version.h
[0.597s] Invoked command in '/home/gcerioni/ws_ur16/build/joint_limits' returned '0': CMAKE_PREFIX_PATH=/opt/ros/humble /usr/bin/cmake --install /home/gcerioni/ws_ur16/build/joint_limits
