[0.030s] Invoking command in '/home/gcerioni/ws_ur16/build/mecanum_drive_controller': AMENT_PREFIX_PATH=/home/gcerioni/ws_ur16/install/controller_manager:/home/gcerioni/ws_ur16/install/hardware_interface_testing:/home/gcerioni/ws_ur16/install/controller_interface:/home/gcerioni/ws_ur16/install/hardware_interface:/home/gcerioni/ws_ur16/install/ros2_control_test_assets:/home/gcerioni/ws_ur16/install/realtime_tools:/home/gcerioni/ws_ur16/install/controller_manager_msgs:/home/gcerioni/ws_ur16/install/control_msgs:${AMENT_PREFIX_PATH} CMAKE_PREFIX_PATH=/home/gcerioni/ws_ur16/install/controller_manager:/home/gcerioni/ws_ur16/install/hardware_interface_testing:/home/gcerioni/ws_ur16/install/controller_interface:/home/gcerioni/ws_ur16/install/hardware_interface:/home/gcerioni/ws_ur16/install/ros2_control_test_assets:/home/gcerioni/ws_ur16/install/realtime_tools:/home/gcerioni/ws_ur16/install/controller_manager_msgs:/home/gcerioni/ws_ur16/install/control_msgs:/opt/ros/humble LD_LIBRARY_PATH=/home/gcerioni/ws_ur16/install/controller_manager/lib:/home/gcerioni/ws_ur16/install/hardware_interface_testing/lib:/home/gcerioni/ws_ur16/install/controller_interface/lib:/home/gcerioni/ws_ur16/install/hardware_interface/lib:/home/gcerioni/ws_ur16/install/realtime_tools/lib:/home/gcerioni/ws_ur16/install/controller_manager_msgs/lib:/home/gcerioni/ws_ur16/install/control_msgs/lib:${LD_LIBRARY_PATH} PYTHONPATH=/home/gcerioni/ws_ur16/install/controller_manager/local/lib/python3.10/dist-packages:/home/gcerioni/ws_ur16/install/controller_manager_msgs/local/lib/python3.10/dist-packages:/home/gcerioni/ws_ur16/install/control_msgs/local/lib/python3.10/dist-packages:${PYTHONPATH} /usr/bin/cmake /home/gcerioni/ws_ur16/src/ros2_controllers/mecanum_drive_controller -DCMAKE_BUILD_TYPE=Release -DCMAKE_INSTALL_PREFIX=/home/gcerioni/ws_ur16/install/mecanum_drive_controller
[18.012s] -- The CXX compiler identification is GNU 11.4.0
[18.012s] -- Detecting CXX compiler ABI info
[18.012s] -- Detecting CXX compiler ABI info - done
[18.012s] -- Check for working CXX compiler: /usr/bin/c++ - skipped
[18.012s] -- Detecting CXX compile features
[18.012s] -- Detecting CXX compile features - done
[18.013s] -- Found ament_cmake: 1.3.11 (/opt/ros/humble/share/ament_cmake/cmake)
[18.013s] -- Found Python3: /usr/bin/python3 (found version "3.10.12") found components: Interpreter 
[18.013s] -- Found controller_interface: 2.48.0 (/home/gcerioni/ws_ur16/install/controller_interface/share/controller_interface/cmake)
[18.013s] -- Found rosidl_generator_c: 3.1.6 (/opt/ros/humble/share/rosidl_generator_c/cmake)
[18.013s] -- Found rosidl_adapter: 3.1.6 (/opt/ros/humble/share/rosidl_adapter/cmake)
[18.013s] -- Found rosidl_generator_cpp: 3.1.6 (/opt/ros/humble/share/rosidl_generator_cpp/cmake)
[18.013s] -- Using all available rosidl_typesupport_c: rosidl_typesupport_fastrtps_c;rosidl_typesupport_introspection_c
[18.013s] -- Using all available rosidl_typesupport_cpp: rosidl_typesupport_fastrtps_cpp;rosidl_typesupport_introspection_cpp
[18.013s] -- Found rmw_implementation_cmake: 6.1.2 (/opt/ros/humble/share/rmw_implementation_cmake/cmake)
[18.013s] -- Found rmw_fastrtps_cpp: 6.2.7 (/opt/ros/humble/share/rmw_fastrtps_cpp/cmake)
[18.013s] -- Found TinyXML2 via Config file: TinyXML2_DIR-NOTFOUND
[18.013s] -- Found OpenSSL: /usr/lib/x86_64-linux-gnu/libcrypto.so (found version "3.0.2")  
[18.013s] -- Found TinyXML2 via Config file: TinyXML2_DIR-NOTFOUND
[18.014s] -- Found FastRTPS: /opt/ros/humble/include  
[18.014s] -- Found TinyXML2 via Config file: TinyXML2_DIR-NOTFOUND
[18.014s] -- Found TinyXML2 via Config file: TinyXML2_DIR-NOTFOUND
[18.014s] -- Using RMW implementation 'rmw_fastrtps_cpp' as default
[18.014s] -- Looking for C++ include pthread.h
[18.014s] -- Looking for C++ include pthread.h - found
[18.014s] -- Performing Test CMAKE_HAVE_LIBC_PTHREAD
[18.014s] -- Performing Test CMAKE_HAVE_LIBC_PTHREAD - Success
[18.014s] -- Found Threads: TRUE  
[18.014s] -- Found generate_parameter_library: 0.4.0 (/opt/ros/humble/share/generate_parameter_library/cmake)
[18.014s] -- Found parameter_traits: 0.4.0 (/opt/ros/humble/share/parameter_traits/cmake)
[18.014s] -- Found nav_msgs: 4.2.4 (/opt/ros/humble/share/nav_msgs/cmake)
[18.015s] -- Found realtime_tools: 2.12.0 (/home/gcerioni/ws_ur16/install/realtime_tools/share/realtime_tools/cmake)
[18.015s] -- Found std_srvs: 4.2.4 (/opt/ros/humble/share/std_srvs/cmake)
[18.015s] -- Found tf2: 0.25.11 (/opt/ros/humble/share/tf2/cmake)
[18.015s] -- Found tf2_geometry_msgs: 0.25.11 (/opt/ros/humble/share/tf2_geometry_msgs/cmake)
[18.015s] -- Found eigen3_cmake_module: 0.1.1 (/opt/ros/humble/share/eigen3_cmake_module/cmake)
[18.015s] -- Found Eigen3: TRUE (found version "3.4.0") 
[18.015s] -- Ensuring Eigen3 include directory is part of orocos-kdl CMake target
[18.015s] -- Found ament_cmake_gmock: 1.3.11 (/opt/ros/humble/share/ament_cmake_gmock/cmake)
[18.015s] -- Found controller_manager: 2.48.0 (/home/gcerioni/ws_ur16/install/controller_manager/share/controller_manager/cmake)
[18.015s] -- Found ros2_control_test_assets: 2.48.0 (/home/gcerioni/ws_ur16/install/ros2_control_test_assets/share/ros2_control_test_assets/cmake)
[18.015s] -- Found gmock sources under '/opt/ros/humble/src/gmock_vendor': C++ tests using 'Google Mock' will be built
[18.015s] -- The C compiler identification is GNU 11.4.0
[18.016s] -- Detecting C compiler ABI info
[18.016s] -- Detecting C compiler ABI info - done
[18.016s] -- Check for working C compiler: /usr/bin/cc - skipped
[18.016s] -- Detecting C compile features
[18.016s] -- Detecting C compile features - done
[18.016s] -- Found ament_cmake_gtest: 1.3.11 (/opt/ros/humble/share/ament_cmake_gtest/cmake)
[18.016s] -- Found gtest sources under '/opt/ros/humble/src/gtest_vendor': C++ tests using 'Google Test' will be built
[18.016s] -- Configuring done
[18.016s] -- Generating done
[18.016s] -- Build files have been written to: /home/gcerioni/ws_ur16/build/mecanum_drive_controller
[18.022s] Invoked command in '/home/gcerioni/ws_ur16/build/mecanum_drive_controller' returned '0': AMENT_PREFIX_PATH=/home/gcerioni/ws_ur16/install/controller_manager:/home/gcerioni/ws_ur16/install/hardware_interface_testing:/home/gcerioni/ws_ur16/install/controller_interface:/home/gcerioni/ws_ur16/install/hardware_interface:/home/gcerioni/ws_ur16/install/ros2_control_test_assets:/home/gcerioni/ws_ur16/install/realtime_tools:/home/gcerioni/ws_ur16/install/controller_manager_msgs:/home/gcerioni/ws_ur16/install/control_msgs:${AMENT_PREFIX_PATH} CMAKE_PREFIX_PATH=/home/gcerioni/ws_ur16/install/controller_manager:/home/gcerioni/ws_ur16/install/hardware_interface_testing:/home/gcerioni/ws_ur16/install/controller_interface:/home/gcerioni/ws_ur16/install/hardware_interface:/home/gcerioni/ws_ur16/install/ros2_control_test_assets:/home/gcerioni/ws_ur16/install/realtime_tools:/home/gcerioni/ws_ur16/install/controller_manager_msgs:/home/gcerioni/ws_ur16/install/control_msgs:/opt/ros/humble LD_LIBRARY_PATH=/home/gcerioni/ws_ur16/install/controller_manager/lib:/home/gcerioni/ws_ur16/install/hardware_interface_testing/lib:/home/gcerioni/ws_ur16/install/controller_interface/lib:/home/gcerioni/ws_ur16/install/hardware_interface/lib:/home/gcerioni/ws_ur16/install/realtime_tools/lib:/home/gcerioni/ws_ur16/install/controller_manager_msgs/lib:/home/gcerioni/ws_ur16/install/control_msgs/lib:${LD_LIBRARY_PATH} PYTHONPATH=/home/gcerioni/ws_ur16/install/controller_manager/local/lib/python3.10/dist-packages:/home/gcerioni/ws_ur16/install/controller_manager_msgs/local/lib/python3.10/dist-packages:/home/gcerioni/ws_ur16/install/control_msgs/local/lib/python3.10/dist-packages:${PYTHONPATH} /usr/bin/cmake /home/gcerioni/ws_ur16/src/ros2_controllers/mecanum_drive_controller -DCMAKE_BUILD_TYPE=Release -DCMAKE_INSTALL_PREFIX=/home/gcerioni/ws_ur16/install/mecanum_drive_controller
[18.023s] Invoking command in '/home/gcerioni/ws_ur16/build/mecanum_drive_controller': AMENT_PREFIX_PATH=/home/gcerioni/ws_ur16/install/controller_manager:/home/gcerioni/ws_ur16/install/hardware_interface_testing:/home/gcerioni/ws_ur16/install/controller_interface:/home/gcerioni/ws_ur16/install/hardware_interface:/home/gcerioni/ws_ur16/install/ros2_control_test_assets:/home/gcerioni/ws_ur16/install/realtime_tools:/home/gcerioni/ws_ur16/install/controller_manager_msgs:/home/gcerioni/ws_ur16/install/control_msgs:${AMENT_PREFIX_PATH} CMAKE_PREFIX_PATH=/home/gcerioni/ws_ur16/install/controller_manager:/home/gcerioni/ws_ur16/install/hardware_interface_testing:/home/gcerioni/ws_ur16/install/controller_interface:/home/gcerioni/ws_ur16/install/hardware_interface:/home/gcerioni/ws_ur16/install/ros2_control_test_assets:/home/gcerioni/ws_ur16/install/realtime_tools:/home/gcerioni/ws_ur16/install/controller_manager_msgs:/home/gcerioni/ws_ur16/install/control_msgs:/opt/ros/humble LD_LIBRARY_PATH=/home/gcerioni/ws_ur16/install/controller_manager/lib:/home/gcerioni/ws_ur16/install/hardware_interface_testing/lib:/home/gcerioni/ws_ur16/install/controller_interface/lib:/home/gcerioni/ws_ur16/install/hardware_interface/lib:/home/gcerioni/ws_ur16/install/realtime_tools/lib:/home/gcerioni/ws_ur16/install/controller_manager_msgs/lib:/home/gcerioni/ws_ur16/install/control_msgs/lib:${LD_LIBRARY_PATH} PYTHONPATH=/home/gcerioni/ws_ur16/install/controller_manager/local/lib/python3.10/dist-packages:/home/gcerioni/ws_ur16/install/controller_manager_msgs/local/lib/python3.10/dist-packages:/home/gcerioni/ws_ur16/install/control_msgs/local/lib/python3.10/dist-packages:${PYTHONPATH} /usr/bin/cmake --build /home/gcerioni/ws_ur16/build/mecanum_drive_controller -- -j8 -l8
[18.118s] [  6%] [34m[1mRunning `/opt/ros/humble/bin/generate_parameter_library_cpp /home/gcerioni/ws_ur16/build/mecanum_drive_controller/include/mecanum_drive_controller/mecanum_drive_controller_parameters.hpp /home/gcerioni/ws_ur16/src/ros2_controllers/mecanum_drive_controller/src/mecanum_drive_controller.yaml `[0m
[19.312s] [ 12%] [34m[1mCreating deprecated header file /home/gcerioni/ws_ur16/build/mecanum_drive_controller/include/mecanum_drive_controller_parameters.hpp[0m
[19.376s] [ 12%] Built target mecanum_drive_controller_parameters
[19.407s] [ 18%] [32mBuilding CXX object gmock/CMakeFiles/gmock.dir/opt/ros/humble/src/gtest_vendor/src/gtest-all.cc.o[0m
[29.690s] [ 25%] [32mBuilding CXX object gmock/CMakeFiles/gmock.dir/src/gmock-all.cc.o[0m
[32.652s] [ 31%] [32m[1mLinking CXX static library libgmock.a[0m
[32.735s] [ 31%] Built target gmock
[32.766s] [ 37%] [32mBuilding CXX object CMakeFiles/mecanum_drive_controller.dir/src/mecanum_drive_controller.cpp.o[0m
[61.933s] [ 43%] [32mBuilding CXX object CMakeFiles/mecanum_drive_controller.dir/src/odometry.cpp.o[0m
[68.205s] [ 50%] [32m[1mLinking CXX shared library libmecanum_drive_controller.so[0m
[68.787s] [ 50%] Built target mecanum_drive_controller
[68.840s] [ 56%] [32mBuilding CXX object gmock/CMakeFiles/gmock_main.dir/src/gmock_main.cc.o[0m
[71.423s] [ 62%] [32m[1mLinking CXX static library libgmock_main.a[0m
[71.593s] [ 62%] Built target gmock_main
[71.656s] [ 68%] [32mBuilding CXX object CMakeFiles/test_mecanum_drive_controller_preceeding.dir/test/test_mecanum_drive_controller_preceeding.cpp.o[0m
[85.116s] [ 75%] [32m[1mLinking CXX executable test_mecanum_drive_controller_preceeding[0m
[85.462s] [ 75%] Built target test_mecanum_drive_controller_preceeding
[85.493s] [ 81%] [32mBuilding CXX object CMakeFiles/test_load_mecanum_drive_controller.dir/test/test_load_mecanum_drive_controller.cpp.o[0m
[93.993s] [ 87%] [32m[1mLinking CXX executable test_load_mecanum_drive_controller[0m
[94.501s] [ 87%] Built target test_load_mecanum_drive_controller
[94.535s] [ 93%] [32mBuilding CXX object CMakeFiles/test_mecanum_drive_controller.dir/test/test_mecanum_drive_controller.cpp.o[0m
[124.035s] [100%] [32m[1mLinking CXX executable test_mecanum_drive_controller[0m
[124.505s] [100%] Built target test_mecanum_drive_controller
[124.522s] Invoked command in '/home/gcerioni/ws_ur16/build/mecanum_drive_controller' returned '0': AMENT_PREFIX_PATH=/home/gcerioni/ws_ur16/install/controller_manager:/home/gcerioni/ws_ur16/install/hardware_interface_testing:/home/gcerioni/ws_ur16/install/controller_interface:/home/gcerioni/ws_ur16/install/hardware_interface:/home/gcerioni/ws_ur16/install/ros2_control_test_assets:/home/gcerioni/ws_ur16/install/realtime_tools:/home/gcerioni/ws_ur16/install/controller_manager_msgs:/home/gcerioni/ws_ur16/install/control_msgs:${AMENT_PREFIX_PATH} CMAKE_PREFIX_PATH=/home/gcerioni/ws_ur16/install/controller_manager:/home/gcerioni/ws_ur16/install/hardware_interface_testing:/home/gcerioni/ws_ur16/install/controller_interface:/home/gcerioni/ws_ur16/install/hardware_interface:/home/gcerioni/ws_ur16/install/ros2_control_test_assets:/home/gcerioni/ws_ur16/install/realtime_tools:/home/gcerioni/ws_ur16/install/controller_manager_msgs:/home/gcerioni/ws_ur16/install/control_msgs:/opt/ros/humble LD_LIBRARY_PATH=/home/gcerioni/ws_ur16/install/controller_manager/lib:/home/gcerioni/ws_ur16/install/hardware_interface_testing/lib:/home/gcerioni/ws_ur16/install/controller_interface/lib:/home/gcerioni/ws_ur16/install/hardware_interface/lib:/home/gcerioni/ws_ur16/install/realtime_tools/lib:/home/gcerioni/ws_ur16/install/controller_manager_msgs/lib:/home/gcerioni/ws_ur16/install/control_msgs/lib:${LD_LIBRARY_PATH} PYTHONPATH=/home/gcerioni/ws_ur16/install/controller_manager/local/lib/python3.10/dist-packages:/home/gcerioni/ws_ur16/install/controller_manager_msgs/local/lib/python3.10/dist-packages:/home/gcerioni/ws_ur16/install/control_msgs/local/lib/python3.10/dist-packages:${PYTHONPATH} /usr/bin/cmake --build /home/gcerioni/ws_ur16/build/mecanum_drive_controller -- -j8 -l8
[124.526s] Invoking command in '/home/gcerioni/ws_ur16/build/mecanum_drive_controller': AMENT_PREFIX_PATH=/home/gcerioni/ws_ur16/install/controller_manager:/home/gcerioni/ws_ur16/install/hardware_interface_testing:/home/gcerioni/ws_ur16/install/controller_interface:/home/gcerioni/ws_ur16/install/hardware_interface:/home/gcerioni/ws_ur16/install/ros2_control_test_assets:/home/gcerioni/ws_ur16/install/realtime_tools:/home/gcerioni/ws_ur16/install/controller_manager_msgs:/home/gcerioni/ws_ur16/install/control_msgs:${AMENT_PREFIX_PATH} CMAKE_PREFIX_PATH=/home/gcerioni/ws_ur16/install/controller_manager:/home/gcerioni/ws_ur16/install/hardware_interface_testing:/home/gcerioni/ws_ur16/install/controller_interface:/home/gcerioni/ws_ur16/install/hardware_interface:/home/gcerioni/ws_ur16/install/ros2_control_test_assets:/home/gcerioni/ws_ur16/install/realtime_tools:/home/gcerioni/ws_ur16/install/controller_manager_msgs:/home/gcerioni/ws_ur16/install/control_msgs:/opt/ros/humble LD_LIBRARY_PATH=/home/gcerioni/ws_ur16/install/controller_manager/lib:/home/gcerioni/ws_ur16/install/hardware_interface_testing/lib:/home/gcerioni/ws_ur16/install/controller_interface/lib:/home/gcerioni/ws_ur16/install/hardware_interface/lib:/home/gcerioni/ws_ur16/install/realtime_tools/lib:/home/gcerioni/ws_ur16/install/controller_manager_msgs/lib:/home/gcerioni/ws_ur16/install/control_msgs/lib:${LD_LIBRARY_PATH} PYTHONPATH=/home/gcerioni/ws_ur16/install/controller_manager/local/lib/python3.10/dist-packages:/home/gcerioni/ws_ur16/install/controller_manager_msgs/local/lib/python3.10/dist-packages:/home/gcerioni/ws_ur16/install/control_msgs/local/lib/python3.10/dist-packages:${PYTHONPATH} /usr/bin/cmake --install /home/gcerioni/ws_ur16/build/mecanum_drive_controller
[126.977s] -- Install configuration: "Release"
[126.977s] -- Installing: /home/gcerioni/ws_ur16/install/mecanum_drive_controller/include/mecanum_drive_controller
[126.978s] -- Installing: /home/gcerioni/ws_ur16/install/mecanum_drive_controller/include/mecanum_drive_controller/mecanum_drive_controller_parameters.hpp
[126.978s] -- Installing: /home/gcerioni/ws_ur16/install/mecanum_drive_controller/share/mecanum_drive_controller/mecanum_drive_controller.xml
[126.978s] -- Up-to-date: /home/gcerioni/ws_ur16/install/mecanum_drive_controller/include/mecanum_drive_controller
[126.978s] -- Installing: /home/gcerioni/ws_ur16/install/mecanum_drive_controller/include/mecanum_drive_controller/mecanum_drive_controller
[126.979s] -- Installing: /home/gcerioni/ws_ur16/install/mecanum_drive_controller/include/mecanum_drive_controller/mecanum_drive_controller/odometry.hpp
[126.979s] -- Installing: /home/gcerioni/ws_ur16/install/mecanum_drive_controller/include/mecanum_drive_controller/mecanum_drive_controller/visibility_control.h
[126.979s] -- Installing: /home/gcerioni/ws_ur16/install/mecanum_drive_controller/include/mecanum_drive_controller/mecanum_drive_controller/mecanum_drive_controller.hpp
[126.979s] -- Installing: /home/gcerioni/ws_ur16/install/mecanum_drive_controller/lib/libmecanum_drive_controller.so
[126.979s] -- Set runtime path of "/home/gcerioni/ws_ur16/install/mecanum_drive_controller/lib/libmecanum_drive_controller.so" to ""
[126.979s] -- Installing: /home/gcerioni/ws_ur16/install/mecanum_drive_controller/share/mecanum_drive_controller/environment/library_path.sh
[126.979s] -- Installing: /home/gcerioni/ws_ur16/install/mecanum_drive_controller/share/mecanum_drive_controller/environment/library_path.dsv
[126.980s] -- Installing: /home/gcerioni/ws_ur16/install/mecanum_drive_controller/share/ament_index/resource_index/package_run_dependencies/mecanum_drive_controller
[126.980s] -- Installing: /home/gcerioni/ws_ur16/install/mecanum_drive_controller/share/ament_index/resource_index/parent_prefix_path/mecanum_drive_controller
[126.980s] -- Installing: /home/gcerioni/ws_ur16/install/mecanum_drive_controller/share/mecanum_drive_controller/environment/ament_prefix_path.sh
[126.980s] -- Installing: /home/gcerioni/ws_ur16/install/mecanum_drive_controller/share/mecanum_drive_controller/environment/ament_prefix_path.dsv
[126.980s] -- Installing: /home/gcerioni/ws_ur16/install/mecanum_drive_controller/share/mecanum_drive_controller/environment/path.sh
[126.980s] -- Installing: /home/gcerioni/ws_ur16/install/mecanum_drive_controller/share/mecanum_drive_controller/environment/path.dsv
[126.980s] -- Installing: /home/gcerioni/ws_ur16/install/mecanum_drive_controller/share/mecanum_drive_controller/local_setup.bash
[126.980s] -- Installing: /home/gcerioni/ws_ur16/install/mecanum_drive_controller/share/mecanum_drive_controller/local_setup.sh
[126.981s] -- Installing: /home/gcerioni/ws_ur16/install/mecanum_drive_controller/share/mecanum_drive_controller/local_setup.zsh
[126.981s] -- Installing: /home/gcerioni/ws_ur16/install/mecanum_drive_controller/share/mecanum_drive_controller/local_setup.dsv
[126.981s] -- Installing: /home/gcerioni/ws_ur16/install/mecanum_drive_controller/share/mecanum_drive_controller/package.dsv
[126.982s] -- Installing: /home/gcerioni/ws_ur16/install/mecanum_drive_controller/share/ament_index/resource_index/packages/mecanum_drive_controller
[126.982s] -- Installing: /home/gcerioni/ws_ur16/install/mecanum_drive_controller/share/ament_index/resource_index/controller_interface__pluginlib__plugin/mecanum_drive_controller
[126.982s] -- Installing: /home/gcerioni/ws_ur16/install/mecanum_drive_controller/share/mecanum_drive_controller/cmake/export_mecanum_drive_controllerExport.cmake
[126.983s] -- Installing: /home/gcerioni/ws_ur16/install/mecanum_drive_controller/share/mecanum_drive_controller/cmake/export_mecanum_drive_controllerExport-release.cmake
[126.983s] -- Installing: /home/gcerioni/ws_ur16/install/mecanum_drive_controller/share/mecanum_drive_controller/cmake/ament_cmake_export_dependencies-extras.cmake
[126.983s] -- Installing: /home/gcerioni/ws_ur16/install/mecanum_drive_controller/share/mecanum_drive_controller/cmake/ament_cmake_export_targets-extras.cmake
[126.983s] -- Installing: /home/gcerioni/ws_ur16/install/mecanum_drive_controller/share/mecanum_drive_controller/cmake/mecanum_drive_controllerConfig.cmake
[126.984s] -- Installing: /home/gcerioni/ws_ur16/install/mecanum_drive_controller/share/mecanum_drive_controller/cmake/mecanum_drive_controllerConfig-version.cmake
[126.985s] -- Installing: /home/gcerioni/ws_ur16/install/mecanum_drive_controller/share/mecanum_drive_controller/package.xml
[126.992s] Invoked command in '/home/gcerioni/ws_ur16/build/mecanum_drive_controller' returned '0': AMENT_PREFIX_PATH=/home/gcerioni/ws_ur16/install/controller_manager:/home/gcerioni/ws_ur16/install/hardware_interface_testing:/home/gcerioni/ws_ur16/install/controller_interface:/home/gcerioni/ws_ur16/install/hardware_interface:/home/gcerioni/ws_ur16/install/ros2_control_test_assets:/home/gcerioni/ws_ur16/install/realtime_tools:/home/gcerioni/ws_ur16/install/controller_manager_msgs:/home/gcerioni/ws_ur16/install/control_msgs:${AMENT_PREFIX_PATH} CMAKE_PREFIX_PATH=/home/gcerioni/ws_ur16/install/controller_manager:/home/gcerioni/ws_ur16/install/hardware_interface_testing:/home/gcerioni/ws_ur16/install/controller_interface:/home/gcerioni/ws_ur16/install/hardware_interface:/home/gcerioni/ws_ur16/install/ros2_control_test_assets:/home/gcerioni/ws_ur16/install/realtime_tools:/home/gcerioni/ws_ur16/install/controller_manager_msgs:/home/gcerioni/ws_ur16/install/control_msgs:/opt/ros/humble LD_LIBRARY_PATH=/home/gcerioni/ws_ur16/install/controller_manager/lib:/home/gcerioni/ws_ur16/install/hardware_interface_testing/lib:/home/gcerioni/ws_ur16/install/controller_interface/lib:/home/gcerioni/ws_ur16/install/hardware_interface/lib:/home/gcerioni/ws_ur16/install/realtime_tools/lib:/home/gcerioni/ws_ur16/install/controller_manager_msgs/lib:/home/gcerioni/ws_ur16/install/control_msgs/lib:${LD_LIBRARY_PATH} PYTHONPATH=/home/gcerioni/ws_ur16/install/controller_manager/local/lib/python3.10/dist-packages:/home/gcerioni/ws_ur16/install/controller_manager_msgs/local/lib/python3.10/dist-packages:/home/gcerioni/ws_ur16/install/control_msgs/local/lib/python3.10/dist-packages:${PYTHONPATH} /usr/bin/cmake --install /home/gcerioni/ws_ur16/build/mecanum_drive_controller
