-- Found ament_cmake: 1.3.11 (/opt/ros/humble/share/ament_cmake/cmake)
-- Found controller_interface: 2.48.0 (/home/gcerioni/ws_ur16/install/controller_interface/share/controller_interface/cmake)
-- Found rosidl_generator_c: 3.1.6 (/opt/ros/humble/share/rosidl_generator_c/cmake)
-- Found rosidl_adapter: 3.1.6 (/opt/ros/humble/share/rosidl_adapter/cmake)
-- Found rosidl_generator_cpp: 3.1.6 (/opt/ros/humble/share/rosidl_generator_cpp/cmake)
-- Using all available rosidl_typesupport_c: rosidl_typesupport_fastrtps_c;rosidl_typesupport_introspection_c
-- Using all available rosidl_typesupport_cpp: rosidl_typesupport_fastrtps_cpp;rosidl_typesupport_introspection_cpp
-- Found rmw_implementation_cmake: 6.1.2 (/opt/ros/humble/share/rmw_implementation_cmake/cmake)
-- Found rmw_fastrtps_cpp: 6.2.7 (/opt/ros/humble/share/rmw_fastrtps_cpp/cmake)
-- Found TinyXML2 via Config file: TinyXML2_DIR-NOTFOUND
-- Found TinyXML2 via Config file: TinyXML2_DIR-NOTFOUND
-- Found TinyXML2 via Config file: TinyXML2_DIR-NOTFOUND
-- Found TinyXML2 via Config file: TinyXML2_DIR-NOTFOUND
-- Using RMW implementation 'rmw_fastrtps_cpp' as default
-- Found realtime_tools: 2.12.0 (/home/gcerioni/ws_ur16/install/realtime_tools/share/realtime_tools/cmake)
-- Found generate_parameter_library: 0.4.0 (/opt/ros/humble/share/generate_parameter_library/cmake)
-- Found parameter_traits: 0.4.0 (/opt/ros/humble/share/parameter_traits/cmake)
-- Found ament_cmake_gmock: 1.3.11 (/opt/ros/humble/share/ament_cmake_gmock/cmake)
-- Found controller_manager: 2.48.0 (/home/gcerioni/ws_ur16/install/controller_manager/share/controller_manager/cmake)
-- Found ros2_control_test_assets: 2.48.0 (/home/gcerioni/ws_ur16/install/ros2_control_test_assets/share/ros2_control_test_assets/cmake)
-- Found gmock sources under '/opt/ros/humble/src/gmock_vendor': C++ tests using 'Google Mock' will be built
-- Found ament_cmake_gtest: 1.3.11 (/opt/ros/humble/share/ament_cmake_gtest/cmake)
-- Found gtest sources under '/opt/ros/humble/src/gtest_vendor': C++ tests using 'Google Test' will be built
-- Configuring done
-- Generating done
-- Build files have been written to: /home/gcerioni/ws_ur16/build/gpio_controllers
[35m[1mConsolidate compiler generated dependencies of target gmock_main[0m
[35m[1mConsolidate compiler generated dependencies of target gmock[0m
[ 15%] Built target gpio_command_controller_parameters
[ 30%] Built target gmock_main
[ 53%] Built target gmock
[35m[1mConsolidate compiler generated dependencies of target gpio_controllers[0m
[35m[1mConsolidate compiler generated dependencies of target test_load_gpio_command_controller[0m
[ 69%] Built target gpio_controllers
[ 76%] [32mBuilding CXX object CMakeFiles/test_load_gpio_command_controller.dir/test/test_load_gpio_command_controller.cpp.o[0m
[35m[1mConsolidate compiler generated dependencies of target test_gpio_command_controller[0m
[ 84%] [32mBuilding CXX object CMakeFiles/test_gpio_command_controller.dir/test/test_gpio_command_controller.cpp.o[0m
[ 92%] [32m[1mLinking CXX executable test_load_gpio_command_controller[0m
[ 92%] Built target test_load_gpio_command_controller
[100%] [32m[1mLinking CXX executable test_gpio_command_controller[0m
[100%] Built target test_gpio_command_controller
-- Install configuration: "Release"
-- Up-to-date: /home/gcerioni/ws_ur16/install/gpio_controllers/include/gpio_controllers
-- Up-to-date: /home/gcerioni/ws_ur16/install/gpio_controllers/include/gpio_controllers/gpio_command_controller_parameters.hpp
-- Up-to-date: /home/gcerioni/ws_ur16/install/gpio_controllers/share/gpio_controllers/gpio_controllers_plugin.xml
-- Up-to-date: /home/gcerioni/ws_ur16/install/gpio_controllers/include
-- Up-to-date: /home/gcerioni/ws_ur16/install/gpio_controllers/include/gpio_controllers
-- Up-to-date: /home/gcerioni/ws_ur16/install/gpio_controllers/include/gpio_controllers/gpio_command_controller.hpp
-- Up-to-date: /home/gcerioni/ws_ur16/install/gpio_controllers/include/gpio_controllers/visibility_control.h
-- Up-to-date: /home/gcerioni/ws_ur16/install/gpio_controllers/lib/libgpio_controllers.so
-- Up-to-date: /home/gcerioni/ws_ur16/install/gpio_controllers/share/gpio_controllers/environment/library_path.sh
-- Installing: /home/gcerioni/ws_ur16/install/gpio_controllers/share/gpio_controllers/environment/library_path.dsv
-- Up-to-date: /home/gcerioni/ws_ur16/install/gpio_controllers/share/ament_index/resource_index/package_run_dependencies/gpio_controllers
-- Installing: /home/gcerioni/ws_ur16/install/gpio_controllers/share/ament_index/resource_index/parent_prefix_path/gpio_controllers
-- Up-to-date: /home/gcerioni/ws_ur16/install/gpio_controllers/share/gpio_controllers/environment/ament_prefix_path.sh
-- Installing: /home/gcerioni/ws_ur16/install/gpio_controllers/share/gpio_controllers/environment/ament_prefix_path.dsv
-- Up-to-date: /home/gcerioni/ws_ur16/install/gpio_controllers/share/gpio_controllers/environment/path.sh
-- Installing: /home/gcerioni/ws_ur16/install/gpio_controllers/share/gpio_controllers/environment/path.dsv
-- Up-to-date: /home/gcerioni/ws_ur16/install/gpio_controllers/share/gpio_controllers/local_setup.bash
-- Up-to-date: /home/gcerioni/ws_ur16/install/gpio_controllers/share/gpio_controllers/local_setup.sh
-- Up-to-date: /home/gcerioni/ws_ur16/install/gpio_controllers/share/gpio_controllers/local_setup.zsh
-- Installing: /home/gcerioni/ws_ur16/install/gpio_controllers/share/gpio_controllers/local_setup.dsv
-- Installing: /home/gcerioni/ws_ur16/install/gpio_controllers/share/gpio_controllers/package.dsv
-- Up-to-date: /home/gcerioni/ws_ur16/install/gpio_controllers/share/ament_index/resource_index/packages/gpio_controllers
-- Up-to-date: /home/gcerioni/ws_ur16/install/gpio_controllers/share/ament_index/resource_index/controller_interface__pluginlib__plugin/gpio_controllers
-- Up-to-date: /home/gcerioni/ws_ur16/install/gpio_controllers/share/gpio_controllers/cmake/ament_cmake_export_dependencies-extras.cmake
-- Up-to-date: /home/gcerioni/ws_ur16/install/gpio_controllers/share/gpio_controllers/cmake/ament_cmake_export_include_directories-extras.cmake
-- Up-to-date: /home/gcerioni/ws_ur16/install/gpio_controllers/share/gpio_controllers/cmake/ament_cmake_export_libraries-extras.cmake
-- Up-to-date: /home/gcerioni/ws_ur16/install/gpio_controllers/share/gpio_controllers/cmake/gpio_controllersConfig.cmake
-- Up-to-date: /home/gcerioni/ws_ur16/install/gpio_controllers/share/gpio_controllers/cmake/gpio_controllersConfig-version.cmake
-- Up-to-date: /home/gcerioni/ws_ur16/install/gpio_controllers/share/gpio_controllers/package.xml
