[0.065s] Invoking command in '/home/gcerioni/ws_ur16/build/joint_limits': CMAKE_PREFIX_PATH=${CMAKE_PREFIX_PATH}:/home/gcerioni/ws_ur16/install/rqt_joint_trajectory_controller:/home/gcerioni/ws_ur16/install/rqt_controller_manager:/home/gcerioni/ws_ur16/install/ros2controlcli:/home/gcerioni/ws_ur16/install/ros2_controllers_test_nodes:/opt/ros/humble /usr/bin/cmake --build /home/gcerioni/ws_ur16/build/joint_limits -- -j8 -l8
[0.367s] [ 28%] Built target gtest
[0.423s] [ 57%] Built target gtest_main
[0.507s] [ 71%] Built target ament_generate_version_header__joint_limits
[0.633s] [100%] Built target joint_limits_rosparam_test
[0.677s] Invoked command in '/home/gcerioni/ws_ur16/build/joint_limits' returned '0': CMAKE_PREFIX_PATH=${CMAKE_PREFIX_PATH}:/home/gcerioni/ws_ur16/install/rqt_joint_trajectory_controller:/home/gcerioni/ws_ur16/install/rqt_controller_manager:/home/gcerioni/ws_ur16/install/ros2controlcli:/home/gcerioni/ws_ur16/install/ros2_controllers_test_nodes:/opt/ros/humble /usr/bin/cmake --build /home/gcerioni/ws_ur16/build/joint_limits -- -j8 -l8
[0.678s] Invoking command in '/home/gcerioni/ws_ur16/build/joint_limits': CMAKE_PREFIX_PATH=${CMAKE_PREFIX_PATH}:/home/gcerioni/ws_ur16/install/rqt_joint_trajectory_controller:/home/gcerioni/ws_ur16/install/rqt_controller_manager:/home/gcerioni/ws_ur16/install/ros2controlcli:/home/gcerioni/ws_ur16/install/ros2_controllers_test_nodes:/opt/ros/humble /usr/bin/cmake --install /home/gcerioni/ws_ur16/build/joint_limits
[0.724s] -- Install configuration: "Release"
[0.725s] -- Up-to-date: /home/gcerioni/ws_ur16/install/joint_limits/include
[0.726s] -- Up-to-date: /home/gcerioni/ws_ur16/install/joint_limits/include/joint_limits
[0.726s] -- Up-to-date: /home/gcerioni/ws_ur16/install/joint_limits/include/joint_limits/joint_limits_rosparam.hpp
[0.728s] -- Up-to-date: /home/gcerioni/ws_ur16/install/joint_limits/include/joint_limits/joint_limits.hpp
[0.728s] -- Up-to-date: /home/gcerioni/ws_ur16/install/joint_limits/lib/joint_limits/joint_limits_rosparam_test
[0.728s] -- Up-to-date: /home/gcerioni/ws_ur16/install/joint_limits/share/joint_limits/test/joint_limits_rosparam.yaml
[0.728s] -- Up-to-date: /home/gcerioni/ws_ur16/install/joint_limits/include/joint_limits
[0.728s] -- Up-to-date: /home/gcerioni/ws_ur16/install/joint_limits/include/joint_limits/joint_limits
[0.728s] -- Up-to-date: /home/gcerioni/ws_ur16/install/joint_limits/include/joint_limits/joint_limits/joint_limits_rosparam.hpp
[0.728s] -- Up-to-date: /home/gcerioni/ws_ur16/install/joint_limits/include/joint_limits/joint_limits/joint_limits.hpp
[0.729s] -- Up-to-date: /home/gcerioni/ws_ur16/install/joint_limits/share/joint_limits/environment/library_path.sh
[0.729s] -- Up-to-date: /home/gcerioni/ws_ur16/install/joint_limits/share/joint_limits/environment/library_path.dsv
[0.729s] -- Up-to-date: /home/gcerioni/ws_ur16/install/joint_limits/share/ament_index/resource_index/package_run_dependencies/joint_limits
[0.729s] -- Up-to-date: /home/gcerioni/ws_ur16/install/joint_limits/share/ament_index/resource_index/parent_prefix_path/joint_limits
[0.729s] -- Up-to-date: /home/gcerioni/ws_ur16/install/joint_limits/share/joint_limits/environment/ament_prefix_path.sh
[0.729s] -- Up-to-date: /home/gcerioni/ws_ur16/install/joint_limits/share/joint_limits/environment/ament_prefix_path.dsv
[0.729s] -- Up-to-date: /home/gcerioni/ws_ur16/install/joint_limits/share/joint_limits/environment/path.sh
[0.729s] -- Up-to-date: /home/gcerioni/ws_ur16/install/joint_limits/share/joint_limits/environment/path.dsv
[0.729s] -- Up-to-date: /home/gcerioni/ws_ur16/install/joint_limits/share/joint_limits/local_setup.bash
[0.729s] -- Up-to-date: /home/gcerioni/ws_ur16/install/joint_limits/share/joint_limits/local_setup.sh
[0.729s] -- Up-to-date: /home/gcerioni/ws_ur16/install/joint_limits/share/joint_limits/local_setup.zsh
[0.729s] -- Up-to-date: /home/gcerioni/ws_ur16/install/joint_limits/share/joint_limits/local_setup.dsv
[0.730s] -- Installing: /home/gcerioni/ws_ur16/install/joint_limits/share/joint_limits/package.dsv
[0.730s] -- Up-to-date: /home/gcerioni/ws_ur16/install/joint_limits/share/ament_index/resource_index/packages/joint_limits
[0.730s] -- Up-to-date: /home/gcerioni/ws_ur16/install/joint_limits/share/joint_limits/cmake/export_joint_limitsExport.cmake
[0.730s] -- Up-to-date: /home/gcerioni/ws_ur16/install/joint_limits/share/joint_limits/cmake/ament_cmake_export_targets-extras.cmake
[0.730s] -- Up-to-date: /home/gcerioni/ws_ur16/install/joint_limits/share/joint_limits/cmake/ament_cmake_export_dependencies-extras.cmake
[0.730s] -- Up-to-date: /home/gcerioni/ws_ur16/install/joint_limits/share/joint_limits/cmake/ament_cmake_export_include_directories-extras.cmake
[0.730s] -- Up-to-date: /home/gcerioni/ws_ur16/install/joint_limits/share/joint_limits/cmake/joint_limitsConfig.cmake
[0.730s] -- Up-to-date: /home/gcerioni/ws_ur16/install/joint_limits/share/joint_limits/cmake/joint_limitsConfig-version.cmake
[0.730s] -- Up-to-date: /home/gcerioni/ws_ur16/install/joint_limits/share/joint_limits/package.xml
[0.730s] -- Up-to-date: /home/gcerioni/ws_ur16/install/joint_limits/include/joint_limits/joint_limits/version.h
[0.738s] Invoked command in '/home/gcerioni/ws_ur16/build/joint_limits' returned '0': CMAKE_PREFIX_PATH=${CMAKE_PREFIX_PATH}:/home/gcerioni/ws_ur16/install/rqt_joint_trajectory_controller:/home/gcerioni/ws_ur16/install/rqt_controller_manager:/home/gcerioni/ws_ur16/install/ros2controlcli:/home/gcerioni/ws_ur16/install/ros2_controllers_test_nodes:/opt/ros/humble /usr/bin/cmake --install /home/gcerioni/ws_ur16/build/joint_limits
