[0.080s] Invoking command in '/home/gcerioni/ws_ur16/build/ur_dashboard_msgs': CMAKE_PREFIX_PATH=${CMAKE_PREFIX_PATH}:/home/gcerioni/ws_ur16/install/rqt_joint_trajectory_controller:/home/gcerioni/ws_ur16/install/rqt_controller_manager:/home/gcerioni/ws_ur16/install/ros2controlcli:/home/gcerioni/ws_ur16/install/ros2_controllers_test_nodes:/opt/ros/humble /usr/bin/cmake /home/gcerioni/ws_ur16/src/Universal_Robots_ROS2_Driver/ur_dashboard_msgs -DCMAKE_INSTALL_PREFIX=/home/gcerioni/ws_ur16/install/ur_dashboard_msgs
[0.106s] -- Found ament_cmake: 1.3.11 (/opt/ros/humble/share/ament_cmake/cmake)
[0.380s] -- Found rosidl_default_generators: 1.2.0 (/opt/ros/humble/share/rosidl_default_generators/cmake)
[0.399s] -- Using all available rosidl_typesupport_c: rosidl_typesupport_fastrtps_c;rosidl_typesupport_introspection_c
[0.404s] -- Found rosidl_adapter: 3.1.6 (/opt/ros/humble/share/rosidl_adapter/cmake)
[0.470s] -- Using all available rosidl_typesupport_cpp: rosidl_typesupport_fastrtps_cpp;rosidl_typesupport_introspection_cpp
[0.527s] -- Found action_msgs: 1.2.1 (/opt/ros/humble/share/action_msgs/cmake)
[1.314s] -- Found ament_cmake_ros: 0.10.0 (/opt/ros/humble/share/ament_cmake_ros/cmake)
[1.841s] -- Using all available rosidl_typesupport_c: rosidl_typesupport_fastrtps_c;rosidl_typesupport_introspection_c
[2.391s] -- Using all available rosidl_typesupport_cpp: rosidl_typesupport_fastrtps_cpp;rosidl_typesupport_introspection_cpp
[2.457s] -- Found python_cmake_module: 0.10.0 (/opt/ros/humble/share/python_cmake_module/cmake)
[2.518s] -- Using PYTHON_EXECUTABLE: /usr/bin/python3
[2.518s] -- Using PYTHON_INCLUDE_DIRS: /usr/include/python3.10
[2.518s] -- Using PYTHON_LIBRARIES: /usr/lib/x86_64-linux-gnu/libpython3.10.so
[2.714s] -- Configuring done
[2.873s] -- Generating done
[2.899s] -- Build files have been written to: /home/gcerioni/ws_ur16/build/ur_dashboard_msgs
[2.935s] Invoked command in '/home/gcerioni/ws_ur16/build/ur_dashboard_msgs' returned '0': CMAKE_PREFIX_PATH=${CMAKE_PREFIX_PATH}:/home/gcerioni/ws_ur16/install/rqt_joint_trajectory_controller:/home/gcerioni/ws_ur16/install/rqt_controller_manager:/home/gcerioni/ws_ur16/install/ros2controlcli:/home/gcerioni/ws_ur16/install/ros2_controllers_test_nodes:/opt/ros/humble /usr/bin/cmake /home/gcerioni/ws_ur16/src/Universal_Robots_ROS2_Driver/ur_dashboard_msgs -DCMAKE_INSTALL_PREFIX=/home/gcerioni/ws_ur16/install/ur_dashboard_msgs
[2.937s] Invoking command in '/home/gcerioni/ws_ur16/build/ur_dashboard_msgs': CMAKE_PREFIX_PATH=${CMAKE_PREFIX_PATH}:/home/gcerioni/ws_ur16/install/rqt_joint_trajectory_controller:/home/gcerioni/ws_ur16/install/rqt_controller_manager:/home/gcerioni/ws_ur16/install/ros2controlcli:/home/gcerioni/ws_ur16/install/ros2_controllers_test_nodes:/opt/ros/humble /usr/bin/cmake --build /home/gcerioni/ws_ur16/build/ur_dashboard_msgs -- -j8 -l8
[3.085s] [35m[1mConsolidate compiler generated dependencies of target ur_dashboard_msgs__rosidl_generator_c[0m
[3.091s] [  0%] Built target ur_dashboard_msgs__cpp
[3.118s] [ 12%] Built target ur_dashboard_msgs__rosidl_generator_c
[3.148s] [ 12%] Built target ament_cmake_python_copy_ur_dashboard_msgs
[3.164s] [35m[1mConsolidate compiler generated dependencies of target ur_dashboard_msgs__rosidl_typesupport_fastrtps_cpp[0m
[3.164s] [35m[1mConsolidate compiler generated dependencies of target ur_dashboard_msgs__rosidl_typesupport_cpp[0m
[3.181s] [35m[1mConsolidate compiler generated dependencies of target ur_dashboard_msgs__rosidl_typesupport_introspection_cpp[0m
[3.183s] [35m[1mConsolidate compiler generated dependencies of target ur_dashboard_msgs__rosidl_typesupport_introspection_c[0m
[3.187s] [35m[1mConsolidate compiler generated dependencies of target ur_dashboard_msgs__rosidl_typesupport_c[0m
[3.203s] [35m[1mConsolidate compiler generated dependencies of target ur_dashboard_msgs__rosidl_typesupport_fastrtps_c[0m
[3.245s] [ 24%] Built target ur_dashboard_msgs__rosidl_typesupport_c
[3.251s] [ 36%] Built target ur_dashboard_msgs__rosidl_typesupport_introspection_c
[3.275s] [ 48%] Built target ur_dashboard_msgs__rosidl_typesupport_cpp
[3.284s] [ 60%] Built target ur_dashboard_msgs__rosidl_typesupport_introspection_cpp
[3.285s] [ 72%] Built target ur_dashboard_msgs__rosidl_typesupport_fastrtps_cpp
[3.340s] [ 84%] Built target ur_dashboard_msgs__rosidl_typesupport_fastrtps_c
[3.393s] [ 84%] Built target ur_dashboard_msgs
[3.468s] [ 85%] Built target ur_dashboard_msgs__py
[3.510s] [35m[1mConsolidate compiler generated dependencies of target ur_dashboard_msgs__rosidl_generator_py[0m
[3.607s] [ 96%] Built target ur_dashboard_msgs__rosidl_generator_py
[3.643s] [35m[1mConsolidate compiler generated dependencies of target ur_dashboard_msgs__rosidl_typesupport_introspection_c__pyext[0m
[3.652s] [35m[1mConsolidate compiler generated dependencies of target ur_dashboard_msgs__rosidl_typesupport_fastrtps_c__pyext[0m
[3.659s] [35m[1mConsolidate compiler generated dependencies of target ur_dashboard_msgs__rosidl_typesupport_c__pyext[0m
[3.677s] [ 98%] Built target ur_dashboard_msgs__rosidl_typesupport_introspection_c__pyext
[3.691s] [ 99%] Built target ur_dashboard_msgs__rosidl_typesupport_fastrtps_c__pyext
[3.717s] [100%] Built target ur_dashboard_msgs__rosidl_typesupport_c__pyext
[3.838s] running egg_info
[3.839s] writing ur_dashboard_msgs.egg-info/PKG-INFO
[3.839s] writing dependency_links to ur_dashboard_msgs.egg-info/dependency_links.txt
[3.840s] writing top-level names to ur_dashboard_msgs.egg-info/top_level.txt
[3.844s] reading manifest file 'ur_dashboard_msgs.egg-info/SOURCES.txt'
[3.844s] writing manifest file 'ur_dashboard_msgs.egg-info/SOURCES.txt'
[3.895s] [100%] Built target ament_cmake_python_build_ur_dashboard_msgs_egg
[3.917s] Invoked command in '/home/gcerioni/ws_ur16/build/ur_dashboard_msgs' returned '0': CMAKE_PREFIX_PATH=${CMAKE_PREFIX_PATH}:/home/gcerioni/ws_ur16/install/rqt_joint_trajectory_controller:/home/gcerioni/ws_ur16/install/rqt_controller_manager:/home/gcerioni/ws_ur16/install/ros2controlcli:/home/gcerioni/ws_ur16/install/ros2_controllers_test_nodes:/opt/ros/humble /usr/bin/cmake --build /home/gcerioni/ws_ur16/build/ur_dashboard_msgs -- -j8 -l8
[3.922s] Invoking command in '/home/gcerioni/ws_ur16/build/ur_dashboard_msgs': CMAKE_PREFIX_PATH=${CMAKE_PREFIX_PATH}:/home/gcerioni/ws_ur16/install/rqt_joint_trajectory_controller:/home/gcerioni/ws_ur16/install/rqt_controller_manager:/home/gcerioni/ws_ur16/install/ros2controlcli:/home/gcerioni/ws_ur16/install/ros2_controllers_test_nodes:/opt/ros/humble /usr/bin/cmake --install /home/gcerioni/ws_ur16/build/ur_dashboard_msgs
[3.937s] -- Install configuration: "Release"
[3.938s] -- Up-to-date: /home/gcerioni/ws_ur16/install/ur_dashboard_msgs/share/ament_index/resource_index/rosidl_interfaces/ur_dashboard_msgs
[3.938s] -- Up-to-date: /home/gcerioni/ws_ur16/install/ur_dashboard_msgs/include/ur_dashboard_msgs/ur_dashboard_msgs
[3.938s] -- Up-to-date: /home/gcerioni/ws_ur16/install/ur_dashboard_msgs/include/ur_dashboard_msgs/ur_dashboard_msgs/msg
[3.938s] -- Up-to-date: /home/gcerioni/ws_ur16/install/ur_dashboard_msgs/include/ur_dashboard_msgs/ur_dashboard_msgs/msg/program_state.h
[3.939s] -- Up-to-date: /home/gcerioni/ws_ur16/install/ur_dashboard_msgs/include/ur_dashboard_msgs/ur_dashboard_msgs/msg/detail
[3.939s] -- Up-to-date: /home/gcerioni/ws_ur16/install/ur_dashboard_msgs/include/ur_dashboard_msgs/ur_dashboard_msgs/msg/detail/robot_mode__type_support.h
[3.939s] -- Up-to-date: /home/gcerioni/ws_ur16/install/ur_dashboard_msgs/include/ur_dashboard_msgs/ur_dashboard_msgs/msg/detail/program_state__functions.c
[3.940s] -- Up-to-date: /home/gcerioni/ws_ur16/install/ur_dashboard_msgs/include/ur_dashboard_msgs/ur_dashboard_msgs/msg/detail/program_state__type_support.h
[3.940s] -- Up-to-date: /home/gcerioni/ws_ur16/install/ur_dashboard_msgs/include/ur_dashboard_msgs/ur_dashboard_msgs/msg/detail/program_state__struct.h
[3.940s] -- Up-to-date: /home/gcerioni/ws_ur16/install/ur_dashboard_msgs/include/ur_dashboard_msgs/ur_dashboard_msgs/msg/detail/safety_mode__type_support.h
[3.940s] -- Up-to-date: /home/gcerioni/ws_ur16/install/ur_dashboard_msgs/include/ur_dashboard_msgs/ur_dashboard_msgs/msg/detail/safety_mode__functions.h
[3.940s] -- Up-to-date: /home/gcerioni/ws_ur16/install/ur_dashboard_msgs/include/ur_dashboard_msgs/ur_dashboard_msgs/msg/detail/robot_mode__struct.h
[3.941s] -- Up-to-date: /home/gcerioni/ws_ur16/install/ur_dashboard_msgs/include/ur_dashboard_msgs/ur_dashboard_msgs/msg/detail/robot_mode__functions.h
[3.941s] -- Up-to-date: /home/gcerioni/ws_ur16/install/ur_dashboard_msgs/include/ur_dashboard_msgs/ur_dashboard_msgs/msg/detail/safety_mode__functions.c
[3.941s] -- Up-to-date: /home/gcerioni/ws_ur16/install/ur_dashboard_msgs/include/ur_dashboard_msgs/ur_dashboard_msgs/msg/detail/program_state__functions.h
[3.941s] -- Up-to-date: /home/gcerioni/ws_ur16/install/ur_dashboard_msgs/include/ur_dashboard_msgs/ur_dashboard_msgs/msg/detail/safety_mode__struct.h
[3.941s] -- Up-to-date: /home/gcerioni/ws_ur16/install/ur_dashboard_msgs/include/ur_dashboard_msgs/ur_dashboard_msgs/msg/detail/robot_mode__functions.c
[3.941s] -- Up-to-date: /home/gcerioni/ws_ur16/install/ur_dashboard_msgs/include/ur_dashboard_msgs/ur_dashboard_msgs/msg/robot_mode.h
[3.941s] -- Up-to-date: /home/gcerioni/ws_ur16/install/ur_dashboard_msgs/include/ur_dashboard_msgs/ur_dashboard_msgs/msg/rosidl_generator_c__visibility_control.h
[3.941s] -- Up-to-date: /home/gcerioni/ws_ur16/install/ur_dashboard_msgs/include/ur_dashboard_msgs/ur_dashboard_msgs/msg/safety_mode.h
[3.941s] -- Up-to-date: /home/gcerioni/ws_ur16/install/ur_dashboard_msgs/include/ur_dashboard_msgs/ur_dashboard_msgs/action
[3.942s] -- Up-to-date: /home/gcerioni/ws_ur16/install/ur_dashboard_msgs/include/ur_dashboard_msgs/ur_dashboard_msgs/action/detail
[3.942s] -- Up-to-date: /home/gcerioni/ws_ur16/install/ur_dashboard_msgs/include/ur_dashboard_msgs/ur_dashboard_msgs/action/detail/set_mode__functions.c
[3.942s] -- Up-to-date: /home/gcerioni/ws_ur16/install/ur_dashboard_msgs/include/ur_dashboard_msgs/ur_dashboard_msgs/action/detail/set_mode__functions.h
[3.942s] -- Up-to-date: /home/gcerioni/ws_ur16/install/ur_dashboard_msgs/include/ur_dashboard_msgs/ur_dashboard_msgs/action/detail/set_mode__type_support.h
[3.942s] -- Up-to-date: /home/gcerioni/ws_ur16/install/ur_dashboard_msgs/include/ur_dashboard_msgs/ur_dashboard_msgs/action/detail/set_mode__struct.h
[3.942s] -- Up-to-date: /home/gcerioni/ws_ur16/install/ur_dashboard_msgs/include/ur_dashboard_msgs/ur_dashboard_msgs/action/set_mode.h
[3.942s] -- Up-to-date: /home/gcerioni/ws_ur16/install/ur_dashboard_msgs/include/ur_dashboard_msgs/ur_dashboard_msgs/srv
[3.942s] -- Up-to-date: /home/gcerioni/ws_ur16/install/ur_dashboard_msgs/include/ur_dashboard_msgs/ur_dashboard_msgs/srv/is_program_running.h
[3.942s] -- Up-to-date: /home/gcerioni/ws_ur16/install/ur_dashboard_msgs/include/ur_dashboard_msgs/ur_dashboard_msgs/srv/detail
[3.942s] -- Up-to-date: /home/gcerioni/ws_ur16/install/ur_dashboard_msgs/include/ur_dashboard_msgs/ur_dashboard_msgs/srv/detail/get_safety_mode__struct.h
[3.943s] -- Up-to-date: /home/gcerioni/ws_ur16/install/ur_dashboard_msgs/include/ur_dashboard_msgs/ur_dashboard_msgs/srv/detail/load__functions.c
[3.943s] -- Up-to-date: /home/gcerioni/ws_ur16/install/ur_dashboard_msgs/include/ur_dashboard_msgs/ur_dashboard_msgs/srv/detail/popup__type_support.h
[3.944s] -- Up-to-date: /home/gcerioni/ws_ur16/install/ur_dashboard_msgs/include/ur_dashboard_msgs/ur_dashboard_msgs/srv/detail/is_program_running__functions.c
[3.944s] -- Up-to-date: /home/gcerioni/ws_ur16/install/ur_dashboard_msgs/include/ur_dashboard_msgs/ur_dashboard_msgs/srv/detail/get_loaded_program__functions.c
[3.944s] -- Up-to-date: /home/gcerioni/ws_ur16/install/ur_dashboard_msgs/include/ur_dashboard_msgs/ur_dashboard_msgs/srv/detail/load__struct.h
[3.944s] -- Up-to-date: /home/gcerioni/ws_ur16/install/ur_dashboard_msgs/include/ur_dashboard_msgs/ur_dashboard_msgs/srv/detail/is_program_saved__struct.h
[3.944s] -- Up-to-date: /home/gcerioni/ws_ur16/install/ur_dashboard_msgs/include/ur_dashboard_msgs/ur_dashboard_msgs/srv/detail/get_robot_mode__type_support.h
[3.944s] -- Up-to-date: /home/gcerioni/ws_ur16/install/ur_dashboard_msgs/include/ur_dashboard_msgs/ur_dashboard_msgs/srv/detail/get_loaded_program__struct.h
[3.944s] -- Up-to-date: /home/gcerioni/ws_ur16/install/ur_dashboard_msgs/include/ur_dashboard_msgs/ur_dashboard_msgs/srv/detail/get_program_state__functions.h
[3.945s] -- Up-to-date: /home/gcerioni/ws_ur16/install/ur_dashboard_msgs/include/ur_dashboard_msgs/ur_dashboard_msgs/srv/detail/load__type_support.h
[3.945s] -- Up-to-date: /home/gcerioni/ws_ur16/install/ur_dashboard_msgs/include/ur_dashboard_msgs/ur_dashboard_msgs/srv/detail/get_loaded_program__type_support.h
[3.945s] -- Up-to-date: /home/gcerioni/ws_ur16/install/ur_dashboard_msgs/include/ur_dashboard_msgs/ur_dashboard_msgs/srv/detail/get_robot_mode__functions.h
[3.945s] -- Up-to-date: /home/gcerioni/ws_ur16/install/ur_dashboard_msgs/include/ur_dashboard_msgs/ur_dashboard_msgs/srv/detail/raw_request__type_support.h
[3.945s] -- Up-to-date: /home/gcerioni/ws_ur16/install/ur_dashboard_msgs/include/ur_dashboard_msgs/ur_dashboard_msgs/srv/detail/is_program_running__type_support.h
[3.945s] -- Up-to-date: /home/gcerioni/ws_ur16/install/ur_dashboard_msgs/include/ur_dashboard_msgs/ur_dashboard_msgs/srv/detail/get_program_state__functions.c
[3.946s] -- Up-to-date: /home/gcerioni/ws_ur16/install/ur_dashboard_msgs/include/ur_dashboard_msgs/ur_dashboard_msgs/srv/detail/get_safety_mode__type_support.h
[3.947s] -- Up-to-date: /home/gcerioni/ws_ur16/install/ur_dashboard_msgs/include/ur_dashboard_msgs/ur_dashboard_msgs/srv/detail/raw_request__struct.h
[3.948s] -- Up-to-date: /home/gcerioni/ws_ur16/install/ur_dashboard_msgs/include/ur_dashboard_msgs/ur_dashboard_msgs/srv/detail/add_to_log__functions.h
[3.948s] -- Up-to-date: /home/gcerioni/ws_ur16/install/ur_dashboard_msgs/include/ur_dashboard_msgs/ur_dashboard_msgs/srv/detail/is_program_running__struct.h
[3.949s] -- Up-to-date: /home/gcerioni/ws_ur16/install/ur_dashboard_msgs/include/ur_dashboard_msgs/ur_dashboard_msgs/srv/detail/is_program_saved__type_support.h
[3.949s] -- Up-to-date: /home/gcerioni/ws_ur16/install/ur_dashboard_msgs/include/ur_dashboard_msgs/ur_dashboard_msgs/srv/detail/get_robot_mode__functions.c
[3.949s] -- Up-to-date: /home/gcerioni/ws_ur16/install/ur_dashboard_msgs/include/ur_dashboard_msgs/ur_dashboard_msgs/srv/detail/get_loaded_program__functions.h
[3.950s] -- Up-to-date: /home/gcerioni/ws_ur16/install/ur_dashboard_msgs/include/ur_dashboard_msgs/ur_dashboard_msgs/srv/detail/add_to_log__functions.c
[3.950s] -- Up-to-date: /home/gcerioni/ws_ur16/install/ur_dashboard_msgs/include/ur_dashboard_msgs/ur_dashboard_msgs/srv/detail/get_safety_mode__functions.h
[3.950s] -- Up-to-date: /home/gcerioni/ws_ur16/install/ur_dashboard_msgs/include/ur_dashboard_msgs/ur_dashboard_msgs/srv/detail/is_program_running__functions.h
[3.951s] -- Up-to-date: /home/gcerioni/ws_ur16/install/ur_dashboard_msgs/include/ur_dashboard_msgs/ur_dashboard_msgs/srv/detail/raw_request__functions.c
[3.952s] -- Up-to-date: /home/gcerioni/ws_ur16/install/ur_dashboard_msgs/include/ur_dashboard_msgs/ur_dashboard_msgs/srv/detail/popup__struct.h
[3.952s] -- Up-to-date: /home/gcerioni/ws_ur16/install/ur_dashboard_msgs/include/ur_dashboard_msgs/ur_dashboard_msgs/srv/detail/popup__functions.h
[3.953s] -- Up-to-date: /home/gcerioni/ws_ur16/install/ur_dashboard_msgs/include/ur_dashboard_msgs/ur_dashboard_msgs/srv/detail/is_program_saved__functions.c
[3.953s] -- Up-to-date: /home/gcerioni/ws_ur16/install/ur_dashboard_msgs/include/ur_dashboard_msgs/ur_dashboard_msgs/srv/detail/load__functions.h
[3.953s] -- Up-to-date: /home/gcerioni/ws_ur16/install/ur_dashboard_msgs/include/ur_dashboard_msgs/ur_dashboard_msgs/srv/detail/raw_request__functions.h
[3.954s] -- Up-to-date: /home/gcerioni/ws_ur16/install/ur_dashboard_msgs/include/ur_dashboard_msgs/ur_dashboard_msgs/srv/detail/add_to_log__struct.h
[3.954s] -- Up-to-date: /home/gcerioni/ws_ur16/install/ur_dashboard_msgs/include/ur_dashboard_msgs/ur_dashboard_msgs/srv/detail/get_program_state__struct.h
[3.955s] -- Up-to-date: /home/gcerioni/ws_ur16/install/ur_dashboard_msgs/include/ur_dashboard_msgs/ur_dashboard_msgs/srv/detail/get_program_state__type_support.h
[3.955s] -- Up-to-date: /home/gcerioni/ws_ur16/install/ur_dashboard_msgs/include/ur_dashboard_msgs/ur_dashboard_msgs/srv/detail/is_program_saved__functions.h
[3.955s] -- Up-to-date: /home/gcerioni/ws_ur16/install/ur_dashboard_msgs/include/ur_dashboard_msgs/ur_dashboard_msgs/srv/detail/get_robot_mode__struct.h
[3.956s] -- Up-to-date: /home/gcerioni/ws_ur16/install/ur_dashboard_msgs/include/ur_dashboard_msgs/ur_dashboard_msgs/srv/detail/add_to_log__type_support.h
[3.956s] -- Up-to-date: /home/gcerioni/ws_ur16/install/ur_dashboard_msgs/include/ur_dashboard_msgs/ur_dashboard_msgs/srv/detail/popup__functions.c
[3.956s] -- Up-to-date: /home/gcerioni/ws_ur16/install/ur_dashboard_msgs/include/ur_dashboard_msgs/ur_dashboard_msgs/srv/detail/get_safety_mode__functions.c
[3.957s] -- Up-to-date: /home/gcerioni/ws_ur16/install/ur_dashboard_msgs/include/ur_dashboard_msgs/ur_dashboard_msgs/srv/popup.h
[3.957s] -- Up-to-date: /home/gcerioni/ws_ur16/install/ur_dashboard_msgs/include/ur_dashboard_msgs/ur_dashboard_msgs/srv/get_program_state.h
[3.958s] -- Up-to-date: /home/gcerioni/ws_ur16/install/ur_dashboard_msgs/include/ur_dashboard_msgs/ur_dashboard_msgs/srv/get_safety_mode.h
[3.958s] -- Up-to-date: /home/gcerioni/ws_ur16/install/ur_dashboard_msgs/include/ur_dashboard_msgs/ur_dashboard_msgs/srv/get_loaded_program.h
[3.958s] -- Up-to-date: /home/gcerioni/ws_ur16/install/ur_dashboard_msgs/include/ur_dashboard_msgs/ur_dashboard_msgs/srv/get_robot_mode.h
[3.958s] -- Up-to-date: /home/gcerioni/ws_ur16/install/ur_dashboard_msgs/include/ur_dashboard_msgs/ur_dashboard_msgs/srv/raw_request.h
[3.959s] -- Up-to-date: /home/gcerioni/ws_ur16/install/ur_dashboard_msgs/include/ur_dashboard_msgs/ur_dashboard_msgs/srv/is_program_saved.h
[3.959s] -- Up-to-date: /home/gcerioni/ws_ur16/install/ur_dashboard_msgs/include/ur_dashboard_msgs/ur_dashboard_msgs/srv/add_to_log.h
[3.960s] -- Up-to-date: /home/gcerioni/ws_ur16/install/ur_dashboard_msgs/include/ur_dashboard_msgs/ur_dashboard_msgs/srv/load.h
[3.960s] -- Up-to-date: /home/gcerioni/ws_ur16/install/ur_dashboard_msgs/share/ur_dashboard_msgs/environment/library_path.sh
[3.961s] -- Installing: /home/gcerioni/ws_ur16/install/ur_dashboard_msgs/share/ur_dashboard_msgs/environment/library_path.dsv
[3.961s] -- Up-to-date: /home/gcerioni/ws_ur16/install/ur_dashboard_msgs/lib/libur_dashboard_msgs__rosidl_generator_c.so
[3.962s] -- Up-to-date: /home/gcerioni/ws_ur16/install/ur_dashboard_msgs/include/ur_dashboard_msgs/ur_dashboard_msgs
[3.962s] -- Up-to-date: /home/gcerioni/ws_ur16/install/ur_dashboard_msgs/include/ur_dashboard_msgs/ur_dashboard_msgs/msg
[3.962s] -- Up-to-date: /home/gcerioni/ws_ur16/install/ur_dashboard_msgs/include/ur_dashboard_msgs/ur_dashboard_msgs/msg/detail
[3.962s] -- Up-to-date: /home/gcerioni/ws_ur16/install/ur_dashboard_msgs/include/ur_dashboard_msgs/ur_dashboard_msgs/msg/detail/program_state__rosidl_typesupport_fastrtps_c.h
[3.962s] -- Up-to-date: /home/gcerioni/ws_ur16/install/ur_dashboard_msgs/include/ur_dashboard_msgs/ur_dashboard_msgs/msg/detail/robot_mode__rosidl_typesupport_fastrtps_c.h
[3.963s] -- Up-to-date: /home/gcerioni/ws_ur16/install/ur_dashboard_msgs/include/ur_dashboard_msgs/ur_dashboard_msgs/msg/detail/safety_mode__rosidl_typesupport_fastrtps_c.h
[3.963s] -- Up-to-date: /home/gcerioni/ws_ur16/install/ur_dashboard_msgs/include/ur_dashboard_msgs/ur_dashboard_msgs/msg/rosidl_typesupport_fastrtps_c__visibility_control.h
[3.963s] -- Up-to-date: /home/gcerioni/ws_ur16/install/ur_dashboard_msgs/include/ur_dashboard_msgs/ur_dashboard_msgs/action
[3.964s] -- Up-to-date: /home/gcerioni/ws_ur16/install/ur_dashboard_msgs/include/ur_dashboard_msgs/ur_dashboard_msgs/action/detail
[3.964s] -- Up-to-date: /home/gcerioni/ws_ur16/install/ur_dashboard_msgs/include/ur_dashboard_msgs/ur_dashboard_msgs/action/detail/set_mode__rosidl_typesupport_fastrtps_c.h
[3.964s] -- Up-to-date: /home/gcerioni/ws_ur16/install/ur_dashboard_msgs/include/ur_dashboard_msgs/ur_dashboard_msgs/srv
[3.964s] -- Up-to-date: /home/gcerioni/ws_ur16/install/ur_dashboard_msgs/include/ur_dashboard_msgs/ur_dashboard_msgs/srv/detail
[3.964s] -- Up-to-date: /home/gcerioni/ws_ur16/install/ur_dashboard_msgs/include/ur_dashboard_msgs/ur_dashboard_msgs/srv/detail/is_program_saved__rosidl_typesupport_fastrtps_c.h
[3.964s] -- Up-to-date: /home/gcerioni/ws_ur16/install/ur_dashboard_msgs/include/ur_dashboard_msgs/ur_dashboard_msgs/srv/detail/load__rosidl_typesupport_fastrtps_c.h
[3.964s] -- Up-to-date: /home/gcerioni/ws_ur16/install/ur_dashboard_msgs/include/ur_dashboard_msgs/ur_dashboard_msgs/srv/detail/get_safety_mode__rosidl_typesupport_fastrtps_c.h
[3.965s] -- Up-to-date: /home/gcerioni/ws_ur16/install/ur_dashboard_msgs/include/ur_dashboard_msgs/ur_dashboard_msgs/srv/detail/get_loaded_program__rosidl_typesupport_fastrtps_c.h
[3.965s] -- Up-to-date: /home/gcerioni/ws_ur16/install/ur_dashboard_msgs/include/ur_dashboard_msgs/ur_dashboard_msgs/srv/detail/is_program_running__rosidl_typesupport_fastrtps_c.h
[3.965s] -- Up-to-date: /home/gcerioni/ws_ur16/install/ur_dashboard_msgs/include/ur_dashboard_msgs/ur_dashboard_msgs/srv/detail/get_robot_mode__rosidl_typesupport_fastrtps_c.h
[3.965s] -- Up-to-date: /home/gcerioni/ws_ur16/install/ur_dashboard_msgs/include/ur_dashboard_msgs/ur_dashboard_msgs/srv/detail/raw_request__rosidl_typesupport_fastrtps_c.h
[3.965s] -- Up-to-date: /home/gcerioni/ws_ur16/install/ur_dashboard_msgs/include/ur_dashboard_msgs/ur_dashboard_msgs/srv/detail/get_program_state__rosidl_typesupport_fastrtps_c.h
[3.965s] -- Up-to-date: /home/gcerioni/ws_ur16/install/ur_dashboard_msgs/include/ur_dashboard_msgs/ur_dashboard_msgs/srv/detail/add_to_log__rosidl_typesupport_fastrtps_c.h
[3.965s] -- Up-to-date: /home/gcerioni/ws_ur16/install/ur_dashboard_msgs/include/ur_dashboard_msgs/ur_dashboard_msgs/srv/detail/popup__rosidl_typesupport_fastrtps_c.h
[3.967s] -- Up-to-date: /home/gcerioni/ws_ur16/install/ur_dashboard_msgs/lib/libur_dashboard_msgs__rosidl_typesupport_fastrtps_c.so
[3.967s] -- Up-to-date: /home/gcerioni/ws_ur16/install/ur_dashboard_msgs/include/ur_dashboard_msgs/ur_dashboard_msgs
[3.968s] -- Up-to-date: /home/gcerioni/ws_ur16/install/ur_dashboard_msgs/include/ur_dashboard_msgs/ur_dashboard_msgs/msg
[3.968s] -- Up-to-date: /home/gcerioni/ws_ur16/install/ur_dashboard_msgs/include/ur_dashboard_msgs/ur_dashboard_msgs/msg/detail
[3.968s] -- Up-to-date: /home/gcerioni/ws_ur16/install/ur_dashboard_msgs/include/ur_dashboard_msgs/ur_dashboard_msgs/msg/detail/safety_mode__rosidl_typesupport_introspection_c.h
[3.968s] -- Up-to-date: /home/gcerioni/ws_ur16/install/ur_dashboard_msgs/include/ur_dashboard_msgs/ur_dashboard_msgs/msg/detail/program_state__type_support.c
[3.968s] -- Up-to-date: /home/gcerioni/ws_ur16/install/ur_dashboard_msgs/include/ur_dashboard_msgs/ur_dashboard_msgs/msg/detail/safety_mode__type_support.c
[3.968s] -- Up-to-date: /home/gcerioni/ws_ur16/install/ur_dashboard_msgs/include/ur_dashboard_msgs/ur_dashboard_msgs/msg/detail/robot_mode__rosidl_typesupport_introspection_c.h
[3.968s] -- Up-to-date: /home/gcerioni/ws_ur16/install/ur_dashboard_msgs/include/ur_dashboard_msgs/ur_dashboard_msgs/msg/detail/program_state__rosidl_typesupport_introspection_c.h
[3.968s] -- Up-to-date: /home/gcerioni/ws_ur16/install/ur_dashboard_msgs/include/ur_dashboard_msgs/ur_dashboard_msgs/msg/detail/robot_mode__type_support.c
[3.968s] -- Up-to-date: /home/gcerioni/ws_ur16/install/ur_dashboard_msgs/include/ur_dashboard_msgs/ur_dashboard_msgs/msg/rosidl_typesupport_introspection_c__visibility_control.h
[3.969s] -- Up-to-date: /home/gcerioni/ws_ur16/install/ur_dashboard_msgs/include/ur_dashboard_msgs/ur_dashboard_msgs/action
[3.969s] -- Up-to-date: /home/gcerioni/ws_ur16/install/ur_dashboard_msgs/include/ur_dashboard_msgs/ur_dashboard_msgs/action/detail
[3.969s] -- Up-to-date: /home/gcerioni/ws_ur16/install/ur_dashboard_msgs/include/ur_dashboard_msgs/ur_dashboard_msgs/action/detail/set_mode__rosidl_typesupport_introspection_c.h
[3.969s] -- Up-to-date: /home/gcerioni/ws_ur16/install/ur_dashboard_msgs/include/ur_dashboard_msgs/ur_dashboard_msgs/action/detail/set_mode__type_support.c
[3.969s] -- Up-to-date: /home/gcerioni/ws_ur16/install/ur_dashboard_msgs/include/ur_dashboard_msgs/ur_dashboard_msgs/srv
[3.969s] -- Up-to-date: /home/gcerioni/ws_ur16/install/ur_dashboard_msgs/include/ur_dashboard_msgs/ur_dashboard_msgs/srv/detail
[3.969s] -- Up-to-date: /home/gcerioni/ws_ur16/install/ur_dashboard_msgs/include/ur_dashboard_msgs/ur_dashboard_msgs/srv/detail/get_robot_mode__type_support.c
[3.969s] -- Up-to-date: /home/gcerioni/ws_ur16/install/ur_dashboard_msgs/include/ur_dashboard_msgs/ur_dashboard_msgs/srv/detail/get_robot_mode__rosidl_typesupport_introspection_c.h
[3.969s] -- Up-to-date: /home/gcerioni/ws_ur16/install/ur_dashboard_msgs/include/ur_dashboard_msgs/ur_dashboard_msgs/srv/detail/get_safety_mode__type_support.c
[3.970s] -- Up-to-date: /home/gcerioni/ws_ur16/install/ur_dashboard_msgs/include/ur_dashboard_msgs/ur_dashboard_msgs/srv/detail/popup__type_support.c
[3.970s] -- Up-to-date: /home/gcerioni/ws_ur16/install/ur_dashboard_msgs/include/ur_dashboard_msgs/ur_dashboard_msgs/srv/detail/popup__rosidl_typesupport_introspection_c.h
[3.970s] -- Up-to-date: /home/gcerioni/ws_ur16/install/ur_dashboard_msgs/include/ur_dashboard_msgs/ur_dashboard_msgs/srv/detail/get_program_state__type_support.c
[3.970s] -- Up-to-date: /home/gcerioni/ws_ur16/install/ur_dashboard_msgs/include/ur_dashboard_msgs/ur_dashboard_msgs/srv/detail/raw_request__type_support.c
[3.970s] -- Up-to-date: /home/gcerioni/ws_ur16/install/ur_dashboard_msgs/include/ur_dashboard_msgs/ur_dashboard_msgs/srv/detail/load__rosidl_typesupport_introspection_c.h
[3.970s] -- Up-to-date: /home/gcerioni/ws_ur16/install/ur_dashboard_msgs/include/ur_dashboard_msgs/ur_dashboard_msgs/srv/detail/get_loaded_program__rosidl_typesupport_introspection_c.h
[3.970s] -- Up-to-date: /home/gcerioni/ws_ur16/install/ur_dashboard_msgs/include/ur_dashboard_msgs/ur_dashboard_msgs/srv/detail/is_program_saved__type_support.c
[3.970s] -- Up-to-date: /home/gcerioni/ws_ur16/install/ur_dashboard_msgs/include/ur_dashboard_msgs/ur_dashboard_msgs/srv/detail/raw_request__rosidl_typesupport_introspection_c.h
[3.970s] -- Up-to-date: /home/gcerioni/ws_ur16/install/ur_dashboard_msgs/include/ur_dashboard_msgs/ur_dashboard_msgs/srv/detail/is_program_running__rosidl_typesupport_introspection_c.h
[3.971s] -- Up-to-date: /home/gcerioni/ws_ur16/install/ur_dashboard_msgs/include/ur_dashboard_msgs/ur_dashboard_msgs/srv/detail/load__type_support.c
[3.971s] -- Up-to-date: /home/gcerioni/ws_ur16/install/ur_dashboard_msgs/include/ur_dashboard_msgs/ur_dashboard_msgs/srv/detail/get_program_state__rosidl_typesupport_introspection_c.h
[3.971s] -- Up-to-date: /home/gcerioni/ws_ur16/install/ur_dashboard_msgs/include/ur_dashboard_msgs/ur_dashboard_msgs/srv/detail/add_to_log__rosidl_typesupport_introspection_c.h
[3.971s] -- Up-to-date: /home/gcerioni/ws_ur16/install/ur_dashboard_msgs/include/ur_dashboard_msgs/ur_dashboard_msgs/srv/detail/is_program_saved__rosidl_typesupport_introspection_c.h
[3.971s] -- Up-to-date: /home/gcerioni/ws_ur16/install/ur_dashboard_msgs/include/ur_dashboard_msgs/ur_dashboard_msgs/srv/detail/get_safety_mode__rosidl_typesupport_introspection_c.h
[3.971s] -- Up-to-date: /home/gcerioni/ws_ur16/install/ur_dashboard_msgs/include/ur_dashboard_msgs/ur_dashboard_msgs/srv/detail/add_to_log__type_support.c
[3.971s] -- Up-to-date: /home/gcerioni/ws_ur16/install/ur_dashboard_msgs/include/ur_dashboard_msgs/ur_dashboard_msgs/srv/detail/get_loaded_program__type_support.c
[3.971s] -- Up-to-date: /home/gcerioni/ws_ur16/install/ur_dashboard_msgs/include/ur_dashboard_msgs/ur_dashboard_msgs/srv/detail/is_program_running__type_support.c
[3.971s] -- Up-to-date: /home/gcerioni/ws_ur16/install/ur_dashboard_msgs/lib/libur_dashboard_msgs__rosidl_typesupport_introspection_c.so
[3.971s] -- Up-to-date: /home/gcerioni/ws_ur16/install/ur_dashboard_msgs/lib/libur_dashboard_msgs__rosidl_typesupport_c.so
[3.978s] -- Up-to-date: /home/gcerioni/ws_ur16/install/ur_dashboard_msgs/include/ur_dashboard_msgs/ur_dashboard_msgs
[3.979s] -- Up-to-date: /home/gcerioni/ws_ur16/install/ur_dashboard_msgs/include/ur_dashboard_msgs/ur_dashboard_msgs/msg
[3.979s] -- Up-to-date: /home/gcerioni/ws_ur16/install/ur_dashboard_msgs/include/ur_dashboard_msgs/ur_dashboard_msgs/msg/detail
[3.979s] -- Up-to-date: /home/gcerioni/ws_ur16/install/ur_dashboard_msgs/include/ur_dashboard_msgs/ur_dashboard_msgs/msg/detail/robot_mode__type_support.hpp
[3.979s] -- Up-to-date: /home/gcerioni/ws_ur16/install/ur_dashboard_msgs/include/ur_dashboard_msgs/ur_dashboard_msgs/msg/detail/robot_mode__builder.hpp
[3.980s] -- Up-to-date: /home/gcerioni/ws_ur16/install/ur_dashboard_msgs/include/ur_dashboard_msgs/ur_dashboard_msgs/msg/detail/program_state__type_support.hpp
[3.980s] -- Up-to-date: /home/gcerioni/ws_ur16/install/ur_dashboard_msgs/include/ur_dashboard_msgs/ur_dashboard_msgs/msg/detail/program_state__traits.hpp
[3.980s] -- Up-to-date: /home/gcerioni/ws_ur16/install/ur_dashboard_msgs/include/ur_dashboard_msgs/ur_dashboard_msgs/msg/detail/safety_mode__traits.hpp
[3.980s] -- Up-to-date: /home/gcerioni/ws_ur16/install/ur_dashboard_msgs/include/ur_dashboard_msgs/ur_dashboard_msgs/msg/detail/safety_mode__struct.hpp
[3.980s] -- Up-to-date: /home/gcerioni/ws_ur16/install/ur_dashboard_msgs/include/ur_dashboard_msgs/ur_dashboard_msgs/msg/detail/safety_mode__type_support.hpp
[3.981s] -- Up-to-date: /home/gcerioni/ws_ur16/install/ur_dashboard_msgs/include/ur_dashboard_msgs/ur_dashboard_msgs/msg/detail/safety_mode__builder.hpp
[3.981s] -- Up-to-date: /home/gcerioni/ws_ur16/install/ur_dashboard_msgs/include/ur_dashboard_msgs/ur_dashboard_msgs/msg/detail/program_state__struct.hpp
[3.981s] -- Up-to-date: /home/gcerioni/ws_ur16/install/ur_dashboard_msgs/include/ur_dashboard_msgs/ur_dashboard_msgs/msg/detail/robot_mode__struct.hpp
[3.981s] -- Up-to-date: /home/gcerioni/ws_ur16/install/ur_dashboard_msgs/include/ur_dashboard_msgs/ur_dashboard_msgs/msg/detail/program_state__builder.hpp
[3.983s] -- Up-to-date: /home/gcerioni/ws_ur16/install/ur_dashboard_msgs/include/ur_dashboard_msgs/ur_dashboard_msgs/msg/detail/robot_mode__traits.hpp
[3.983s] -- Up-to-date: /home/gcerioni/ws_ur16/install/ur_dashboard_msgs/include/ur_dashboard_msgs/ur_dashboard_msgs/msg/robot_mode.hpp
[3.983s] -- Up-to-date: /home/gcerioni/ws_ur16/install/ur_dashboard_msgs/include/ur_dashboard_msgs/ur_dashboard_msgs/msg/safety_mode.hpp
[3.983s] -- Up-to-date: /home/gcerioni/ws_ur16/install/ur_dashboard_msgs/include/ur_dashboard_msgs/ur_dashboard_msgs/msg/program_state.hpp
[3.983s] -- Up-to-date: /home/gcerioni/ws_ur16/install/ur_dashboard_msgs/include/ur_dashboard_msgs/ur_dashboard_msgs/msg/rosidl_generator_cpp__visibility_control.hpp
[3.984s] -- Up-to-date: /home/gcerioni/ws_ur16/install/ur_dashboard_msgs/include/ur_dashboard_msgs/ur_dashboard_msgs/action
[3.984s] -- Up-to-date: /home/gcerioni/ws_ur16/install/ur_dashboard_msgs/include/ur_dashboard_msgs/ur_dashboard_msgs/action/set_mode.hpp
[3.984s] -- Up-to-date: /home/gcerioni/ws_ur16/install/ur_dashboard_msgs/include/ur_dashboard_msgs/ur_dashboard_msgs/action/detail
[3.984s] -- Up-to-date: /home/gcerioni/ws_ur16/install/ur_dashboard_msgs/include/ur_dashboard_msgs/ur_dashboard_msgs/action/detail/set_mode__type_support.hpp
[3.984s] -- Up-to-date: /home/gcerioni/ws_ur16/install/ur_dashboard_msgs/include/ur_dashboard_msgs/ur_dashboard_msgs/action/detail/set_mode__traits.hpp
[3.984s] -- Up-to-date: /home/gcerioni/ws_ur16/install/ur_dashboard_msgs/include/ur_dashboard_msgs/ur_dashboard_msgs/action/detail/set_mode__struct.hpp
[3.984s] -- Up-to-date: /home/gcerioni/ws_ur16/install/ur_dashboard_msgs/include/ur_dashboard_msgs/ur_dashboard_msgs/action/detail/set_mode__builder.hpp
[3.985s] -- Up-to-date: /home/gcerioni/ws_ur16/install/ur_dashboard_msgs/include/ur_dashboard_msgs/ur_dashboard_msgs/srv
[3.985s] -- Up-to-date: /home/gcerioni/ws_ur16/install/ur_dashboard_msgs/include/ur_dashboard_msgs/ur_dashboard_msgs/srv/is_program_saved.hpp
[3.985s] -- Up-to-date: /home/gcerioni/ws_ur16/install/ur_dashboard_msgs/include/ur_dashboard_msgs/ur_dashboard_msgs/srv/detail
[3.985s] -- Up-to-date: /home/gcerioni/ws_ur16/install/ur_dashboard_msgs/include/ur_dashboard_msgs/ur_dashboard_msgs/srv/detail/raw_request__traits.hpp
[3.985s] -- Up-to-date: /home/gcerioni/ws_ur16/install/ur_dashboard_msgs/include/ur_dashboard_msgs/ur_dashboard_msgs/srv/detail/is_program_running__traits.hpp
[3.986s] -- Up-to-date: /home/gcerioni/ws_ur16/install/ur_dashboard_msgs/include/ur_dashboard_msgs/ur_dashboard_msgs/srv/detail/raw_request__builder.hpp
[3.986s] -- Up-to-date: /home/gcerioni/ws_ur16/install/ur_dashboard_msgs/include/ur_dashboard_msgs/ur_dashboard_msgs/srv/detail/popup__traits.hpp
[3.986s] -- Up-to-date: /home/gcerioni/ws_ur16/install/ur_dashboard_msgs/include/ur_dashboard_msgs/ur_dashboard_msgs/srv/detail/add_to_log__struct.hpp
[3.986s] -- Up-to-date: /home/gcerioni/ws_ur16/install/ur_dashboard_msgs/include/ur_dashboard_msgs/ur_dashboard_msgs/srv/detail/popup__builder.hpp
[3.986s] -- Up-to-date: /home/gcerioni/ws_ur16/install/ur_dashboard_msgs/include/ur_dashboard_msgs/ur_dashboard_msgs/srv/detail/add_to_log__builder.hpp
[3.986s] -- Up-to-date: /home/gcerioni/ws_ur16/install/ur_dashboard_msgs/include/ur_dashboard_msgs/ur_dashboard_msgs/srv/detail/get_program_state__builder.hpp
[3.986s] -- Up-to-date: /home/gcerioni/ws_ur16/install/ur_dashboard_msgs/include/ur_dashboard_msgs/ur_dashboard_msgs/srv/detail/get_safety_mode__struct.hpp
[3.986s] -- Up-to-date: /home/gcerioni/ws_ur16/install/ur_dashboard_msgs/include/ur_dashboard_msgs/ur_dashboard_msgs/srv/detail/get_robot_mode__struct.hpp
[3.986s] -- Up-to-date: /home/gcerioni/ws_ur16/install/ur_dashboard_msgs/include/ur_dashboard_msgs/ur_dashboard_msgs/srv/detail/is_program_running__builder.hpp
[3.987s] -- Up-to-date: /home/gcerioni/ws_ur16/install/ur_dashboard_msgs/include/ur_dashboard_msgs/ur_dashboard_msgs/srv/detail/popup__type_support.hpp
[3.987s] -- Up-to-date: /home/gcerioni/ws_ur16/install/ur_dashboard_msgs/include/ur_dashboard_msgs/ur_dashboard_msgs/srv/detail/get_safety_mode__type_support.hpp
[3.987s] -- Up-to-date: /home/gcerioni/ws_ur16/install/ur_dashboard_msgs/include/ur_dashboard_msgs/ur_dashboard_msgs/srv/detail/get_program_state__struct.hpp
[3.987s] -- Up-to-date: /home/gcerioni/ws_ur16/install/ur_dashboard_msgs/include/ur_dashboard_msgs/ur_dashboard_msgs/srv/detail/get_robot_mode__type_support.hpp
[3.987s] -- Up-to-date: /home/gcerioni/ws_ur16/install/ur_dashboard_msgs/include/ur_dashboard_msgs/ur_dashboard_msgs/srv/detail/load__traits.hpp
[3.987s] -- Up-to-date: /home/gcerioni/ws_ur16/install/ur_dashboard_msgs/include/ur_dashboard_msgs/ur_dashboard_msgs/srv/detail/get_loaded_program__traits.hpp
[3.987s] -- Up-to-date: /home/gcerioni/ws_ur16/install/ur_dashboard_msgs/include/ur_dashboard_msgs/ur_dashboard_msgs/srv/detail/get_loaded_program__type_support.hpp
[3.987s] -- Up-to-date: /home/gcerioni/ws_ur16/install/ur_dashboard_msgs/include/ur_dashboard_msgs/ur_dashboard_msgs/srv/detail/is_program_running__type_support.hpp
[3.988s] -- Up-to-date: /home/gcerioni/ws_ur16/install/ur_dashboard_msgs/include/ur_dashboard_msgs/ur_dashboard_msgs/srv/detail/is_program_saved__struct.hpp
[3.988s] -- Up-to-date: /home/gcerioni/ws_ur16/install/ur_dashboard_msgs/include/ur_dashboard_msgs/ur_dashboard_msgs/srv/detail/get_safety_mode__traits.hpp
[3.988s] -- Up-to-date: /home/gcerioni/ws_ur16/install/ur_dashboard_msgs/include/ur_dashboard_msgs/ur_dashboard_msgs/srv/detail/is_program_saved__builder.hpp
[3.988s] -- Up-to-date: /home/gcerioni/ws_ur16/install/ur_dashboard_msgs/include/ur_dashboard_msgs/ur_dashboard_msgs/srv/detail/raw_request__struct.hpp
[3.988s] -- Up-to-date: /home/gcerioni/ws_ur16/install/ur_dashboard_msgs/include/ur_dashboard_msgs/ur_dashboard_msgs/srv/detail/get_robot_mode__builder.hpp
[3.988s] -- Up-to-date: /home/gcerioni/ws_ur16/install/ur_dashboard_msgs/include/ur_dashboard_msgs/ur_dashboard_msgs/srv/detail/is_program_saved__traits.hpp
[3.988s] -- Up-to-date: /home/gcerioni/ws_ur16/install/ur_dashboard_msgs/include/ur_dashboard_msgs/ur_dashboard_msgs/srv/detail/load__type_support.hpp
[3.988s] -- Up-to-date: /home/gcerioni/ws_ur16/install/ur_dashboard_msgs/include/ur_dashboard_msgs/ur_dashboard_msgs/srv/detail/add_to_log__type_support.hpp
[3.988s] -- Up-to-date: /home/gcerioni/ws_ur16/install/ur_dashboard_msgs/include/ur_dashboard_msgs/ur_dashboard_msgs/srv/detail/is_program_saved__type_support.hpp
[3.988s] -- Up-to-date: /home/gcerioni/ws_ur16/install/ur_dashboard_msgs/include/ur_dashboard_msgs/ur_dashboard_msgs/srv/detail/get_loaded_program__struct.hpp
[3.989s] -- Up-to-date: /home/gcerioni/ws_ur16/install/ur_dashboard_msgs/include/ur_dashboard_msgs/ur_dashboard_msgs/srv/detail/raw_request__type_support.hpp
[3.989s] -- Up-to-date: /home/gcerioni/ws_ur16/install/ur_dashboard_msgs/include/ur_dashboard_msgs/ur_dashboard_msgs/srv/detail/add_to_log__traits.hpp
[3.989s] -- Up-to-date: /home/gcerioni/ws_ur16/install/ur_dashboard_msgs/include/ur_dashboard_msgs/ur_dashboard_msgs/srv/detail/load__builder.hpp
[3.989s] -- Up-to-date: /home/gcerioni/ws_ur16/install/ur_dashboard_msgs/include/ur_dashboard_msgs/ur_dashboard_msgs/srv/detail/get_robot_mode__traits.hpp
[3.989s] -- Up-to-date: /home/gcerioni/ws_ur16/install/ur_dashboard_msgs/include/ur_dashboard_msgs/ur_dashboard_msgs/srv/detail/load__struct.hpp
[3.989s] -- Up-to-date: /home/gcerioni/ws_ur16/install/ur_dashboard_msgs/include/ur_dashboard_msgs/ur_dashboard_msgs/srv/detail/get_program_state__traits.hpp
[3.989s] -- Up-to-date: /home/gcerioni/ws_ur16/install/ur_dashboard_msgs/include/ur_dashboard_msgs/ur_dashboard_msgs/srv/detail/is_program_running__struct.hpp
[3.989s] -- Up-to-date: /home/gcerioni/ws_ur16/install/ur_dashboard_msgs/include/ur_dashboard_msgs/ur_dashboard_msgs/srv/detail/get_program_state__type_support.hpp
[3.990s] -- Up-to-date: /home/gcerioni/ws_ur16/install/ur_dashboard_msgs/include/ur_dashboard_msgs/ur_dashboard_msgs/srv/detail/get_safety_mode__builder.hpp
[3.990s] -- Up-to-date: /home/gcerioni/ws_ur16/install/ur_dashboard_msgs/include/ur_dashboard_msgs/ur_dashboard_msgs/srv/detail/popup__struct.hpp
[3.990s] -- Up-to-date: /home/gcerioni/ws_ur16/install/ur_dashboard_msgs/include/ur_dashboard_msgs/ur_dashboard_msgs/srv/detail/get_loaded_program__builder.hpp
[3.990s] -- Up-to-date: /home/gcerioni/ws_ur16/install/ur_dashboard_msgs/include/ur_dashboard_msgs/ur_dashboard_msgs/srv/get_program_state.hpp
[3.990s] -- Up-to-date: /home/gcerioni/ws_ur16/install/ur_dashboard_msgs/include/ur_dashboard_msgs/ur_dashboard_msgs/srv/popup.hpp
[3.990s] -- Up-to-date: /home/gcerioni/ws_ur16/install/ur_dashboard_msgs/include/ur_dashboard_msgs/ur_dashboard_msgs/srv/add_to_log.hpp
[3.990s] -- Up-to-date: /home/gcerioni/ws_ur16/install/ur_dashboard_msgs/include/ur_dashboard_msgs/ur_dashboard_msgs/srv/is_program_running.hpp
[3.990s] -- Up-to-date: /home/gcerioni/ws_ur16/install/ur_dashboard_msgs/include/ur_dashboard_msgs/ur_dashboard_msgs/srv/get_safety_mode.hpp
[3.990s] -- Up-to-date: /home/gcerioni/ws_ur16/install/ur_dashboard_msgs/include/ur_dashboard_msgs/ur_dashboard_msgs/srv/get_robot_mode.hpp
[3.991s] -- Up-to-date: /home/gcerioni/ws_ur16/install/ur_dashboard_msgs/include/ur_dashboard_msgs/ur_dashboard_msgs/srv/raw_request.hpp
[3.991s] -- Up-to-date: /home/gcerioni/ws_ur16/install/ur_dashboard_msgs/include/ur_dashboard_msgs/ur_dashboard_msgs/srv/load.hpp
[3.991s] -- Up-to-date: /home/gcerioni/ws_ur16/install/ur_dashboard_msgs/include/ur_dashboard_msgs/ur_dashboard_msgs/srv/get_loaded_program.hpp
[3.991s] -- Up-to-date: /home/gcerioni/ws_ur16/install/ur_dashboard_msgs/include/ur_dashboard_msgs/ur_dashboard_msgs
[3.991s] -- Up-to-date: /home/gcerioni/ws_ur16/install/ur_dashboard_msgs/include/ur_dashboard_msgs/ur_dashboard_msgs/msg
[3.991s] -- Up-to-date: /home/gcerioni/ws_ur16/install/ur_dashboard_msgs/include/ur_dashboard_msgs/ur_dashboard_msgs/msg/detail
[3.991s] -- Up-to-date: /home/gcerioni/ws_ur16/install/ur_dashboard_msgs/include/ur_dashboard_msgs/ur_dashboard_msgs/msg/detail/program_state__rosidl_typesupport_fastrtps_cpp.hpp
[3.991s] -- Up-to-date: /home/gcerioni/ws_ur16/install/ur_dashboard_msgs/include/ur_dashboard_msgs/ur_dashboard_msgs/msg/detail/robot_mode__rosidl_typesupport_fastrtps_cpp.hpp
[3.991s] -- Up-to-date: /home/gcerioni/ws_ur16/install/ur_dashboard_msgs/include/ur_dashboard_msgs/ur_dashboard_msgs/msg/detail/dds_fastrtps
[3.991s] -- Up-to-date: /home/gcerioni/ws_ur16/install/ur_dashboard_msgs/include/ur_dashboard_msgs/ur_dashboard_msgs/msg/detail/safety_mode__rosidl_typesupport_fastrtps_cpp.hpp
[3.993s] -- Up-to-date: /home/gcerioni/ws_ur16/install/ur_dashboard_msgs/include/ur_dashboard_msgs/ur_dashboard_msgs/msg/rosidl_typesupport_fastrtps_cpp__visibility_control.h
[3.993s] -- Up-to-date: /home/gcerioni/ws_ur16/install/ur_dashboard_msgs/include/ur_dashboard_msgs/ur_dashboard_msgs/action
[3.993s] -- Up-to-date: /home/gcerioni/ws_ur16/install/ur_dashboard_msgs/include/ur_dashboard_msgs/ur_dashboard_msgs/action/detail
[3.993s] -- Up-to-date: /home/gcerioni/ws_ur16/install/ur_dashboard_msgs/include/ur_dashboard_msgs/ur_dashboard_msgs/action/detail/dds_fastrtps
[3.993s] -- Up-to-date: /home/gcerioni/ws_ur16/install/ur_dashboard_msgs/include/ur_dashboard_msgs/ur_dashboard_msgs/action/detail/set_mode__rosidl_typesupport_fastrtps_cpp.hpp
[3.993s] -- Up-to-date: /home/gcerioni/ws_ur16/install/ur_dashboard_msgs/include/ur_dashboard_msgs/ur_dashboard_msgs/srv
[3.993s] -- Up-to-date: /home/gcerioni/ws_ur16/install/ur_dashboard_msgs/include/ur_dashboard_msgs/ur_dashboard_msgs/srv/detail
[3.993s] -- Up-to-date: /home/gcerioni/ws_ur16/install/ur_dashboard_msgs/include/ur_dashboard_msgs/ur_dashboard_msgs/srv/detail/get_program_state__rosidl_typesupport_fastrtps_cpp.hpp
[3.993s] -- Up-to-date: /home/gcerioni/ws_ur16/install/ur_dashboard_msgs/include/ur_dashboard_msgs/ur_dashboard_msgs/srv/detail/is_program_running__rosidl_typesupport_fastrtps_cpp.hpp
[3.993s] -- Up-to-date: /home/gcerioni/ws_ur16/install/ur_dashboard_msgs/include/ur_dashboard_msgs/ur_dashboard_msgs/srv/detail/get_safety_mode__rosidl_typesupport_fastrtps_cpp.hpp
[3.994s] -- Up-to-date: /home/gcerioni/ws_ur16/install/ur_dashboard_msgs/include/ur_dashboard_msgs/ur_dashboard_msgs/srv/detail/get_loaded_program__rosidl_typesupport_fastrtps_cpp.hpp
[3.994s] -- Up-to-date: /home/gcerioni/ws_ur16/install/ur_dashboard_msgs/include/ur_dashboard_msgs/ur_dashboard_msgs/srv/detail/load__rosidl_typesupport_fastrtps_cpp.hpp
[3.994s] -- Up-to-date: /home/gcerioni/ws_ur16/install/ur_dashboard_msgs/include/ur_dashboard_msgs/ur_dashboard_msgs/srv/detail/is_program_saved__rosidl_typesupport_fastrtps_cpp.hpp
[3.994s] -- Up-to-date: /home/gcerioni/ws_ur16/install/ur_dashboard_msgs/include/ur_dashboard_msgs/ur_dashboard_msgs/srv/detail/add_to_log__rosidl_typesupport_fastrtps_cpp.hpp
[3.994s] -- Up-to-date: /home/gcerioni/ws_ur16/install/ur_dashboard_msgs/include/ur_dashboard_msgs/ur_dashboard_msgs/srv/detail/dds_fastrtps
[3.994s] -- Up-to-date: /home/gcerioni/ws_ur16/install/ur_dashboard_msgs/include/ur_dashboard_msgs/ur_dashboard_msgs/srv/detail/get_robot_mode__rosidl_typesupport_fastrtps_cpp.hpp
[3.994s] -- Up-to-date: /home/gcerioni/ws_ur16/install/ur_dashboard_msgs/include/ur_dashboard_msgs/ur_dashboard_msgs/srv/detail/raw_request__rosidl_typesupport_fastrtps_cpp.hpp
[3.994s] -- Up-to-date: /home/gcerioni/ws_ur16/install/ur_dashboard_msgs/include/ur_dashboard_msgs/ur_dashboard_msgs/srv/detail/popup__rosidl_typesupport_fastrtps_cpp.hpp
[3.995s] -- Up-to-date: /home/gcerioni/ws_ur16/install/ur_dashboard_msgs/lib/libur_dashboard_msgs__rosidl_typesupport_fastrtps_cpp.so
[3.996s] -- Up-to-date: /home/gcerioni/ws_ur16/install/ur_dashboard_msgs/include/ur_dashboard_msgs/ur_dashboard_msgs
[3.996s] -- Up-to-date: /home/gcerioni/ws_ur16/install/ur_dashboard_msgs/include/ur_dashboard_msgs/ur_dashboard_msgs/msg
[3.996s] -- Up-to-date: /home/gcerioni/ws_ur16/install/ur_dashboard_msgs/include/ur_dashboard_msgs/ur_dashboard_msgs/msg/detail
[3.996s] -- Up-to-date: /home/gcerioni/ws_ur16/install/ur_dashboard_msgs/include/ur_dashboard_msgs/ur_dashboard_msgs/msg/detail/program_state__rosidl_typesupport_introspection_cpp.hpp
[3.996s] -- Up-to-date: /home/gcerioni/ws_ur16/install/ur_dashboard_msgs/include/ur_dashboard_msgs/ur_dashboard_msgs/msg/detail/program_state__type_support.cpp
[3.996s] -- Up-to-date: /home/gcerioni/ws_ur16/install/ur_dashboard_msgs/include/ur_dashboard_msgs/ur_dashboard_msgs/msg/detail/robot_mode__type_support.cpp
[3.996s] -- Up-to-date: /home/gcerioni/ws_ur16/install/ur_dashboard_msgs/include/ur_dashboard_msgs/ur_dashboard_msgs/msg/detail/safety_mode__type_support.cpp
[3.996s] -- Up-to-date: /home/gcerioni/ws_ur16/install/ur_dashboard_msgs/include/ur_dashboard_msgs/ur_dashboard_msgs/msg/detail/robot_mode__rosidl_typesupport_introspection_cpp.hpp
[3.996s] -- Up-to-date: /home/gcerioni/ws_ur16/install/ur_dashboard_msgs/include/ur_dashboard_msgs/ur_dashboard_msgs/msg/detail/safety_mode__rosidl_typesupport_introspection_cpp.hpp
[3.996s] -- Up-to-date: /home/gcerioni/ws_ur16/install/ur_dashboard_msgs/include/ur_dashboard_msgs/ur_dashboard_msgs/action
[3.997s] -- Up-to-date: /home/gcerioni/ws_ur16/install/ur_dashboard_msgs/include/ur_dashboard_msgs/ur_dashboard_msgs/action/detail
[3.997s] -- Up-to-date: /home/gcerioni/ws_ur16/install/ur_dashboard_msgs/include/ur_dashboard_msgs/ur_dashboard_msgs/action/detail/set_mode__type_support.cpp
[3.997s] -- Up-to-date: /home/gcerioni/ws_ur16/install/ur_dashboard_msgs/include/ur_dashboard_msgs/ur_dashboard_msgs/action/detail/set_mode__rosidl_typesupport_introspection_cpp.hpp
[3.997s] -- Up-to-date: /home/gcerioni/ws_ur16/install/ur_dashboard_msgs/include/ur_dashboard_msgs/ur_dashboard_msgs/srv
[3.997s] -- Up-to-date: /home/gcerioni/ws_ur16/install/ur_dashboard_msgs/include/ur_dashboard_msgs/ur_dashboard_msgs/srv/detail
[3.997s] -- Up-to-date: /home/gcerioni/ws_ur16/install/ur_dashboard_msgs/include/ur_dashboard_msgs/ur_dashboard_msgs/srv/detail/raw_request__type_support.cpp
[3.998s] -- Up-to-date: /home/gcerioni/ws_ur16/install/ur_dashboard_msgs/include/ur_dashboard_msgs/ur_dashboard_msgs/srv/detail/raw_request__rosidl_typesupport_introspection_cpp.hpp
[3.998s] -- Up-to-date: /home/gcerioni/ws_ur16/install/ur_dashboard_msgs/include/ur_dashboard_msgs/ur_dashboard_msgs/srv/detail/add_to_log__rosidl_typesupport_introspection_cpp.hpp
[3.998s] -- Up-to-date: /home/gcerioni/ws_ur16/install/ur_dashboard_msgs/include/ur_dashboard_msgs/ur_dashboard_msgs/srv/detail/get_program_state__type_support.cpp
[3.998s] -- Up-to-date: /home/gcerioni/ws_ur16/install/ur_dashboard_msgs/include/ur_dashboard_msgs/ur_dashboard_msgs/srv/detail/load__rosidl_typesupport_introspection_cpp.hpp
[3.998s] -- Up-to-date: /home/gcerioni/ws_ur16/install/ur_dashboard_msgs/include/ur_dashboard_msgs/ur_dashboard_msgs/srv/detail/popup__rosidl_typesupport_introspection_cpp.hpp
[3.998s] -- Up-to-date: /home/gcerioni/ws_ur16/install/ur_dashboard_msgs/include/ur_dashboard_msgs/ur_dashboard_msgs/srv/detail/get_robot_mode__type_support.cpp
[3.999s] -- Up-to-date: /home/gcerioni/ws_ur16/install/ur_dashboard_msgs/include/ur_dashboard_msgs/ur_dashboard_msgs/srv/detail/get_robot_mode__rosidl_typesupport_introspection_cpp.hpp
[3.999s] -- Up-to-date: /home/gcerioni/ws_ur16/install/ur_dashboard_msgs/include/ur_dashboard_msgs/ur_dashboard_msgs/srv/detail/get_program_state__rosidl_typesupport_introspection_cpp.hpp
[3.999s] -- Up-to-date: /home/gcerioni/ws_ur16/install/ur_dashboard_msgs/include/ur_dashboard_msgs/ur_dashboard_msgs/srv/detail/is_program_saved__type_support.cpp
[3.999s] -- Up-to-date: /home/gcerioni/ws_ur16/install/ur_dashboard_msgs/include/ur_dashboard_msgs/ur_dashboard_msgs/srv/detail/get_safety_mode__rosidl_typesupport_introspection_cpp.hpp
[3.999s] -- Up-to-date: /home/gcerioni/ws_ur16/install/ur_dashboard_msgs/include/ur_dashboard_msgs/ur_dashboard_msgs/srv/detail/is_program_running__type_support.cpp
[4.005s] -- Up-to-date: /home/gcerioni/ws_ur16/install/ur_dashboard_msgs/include/ur_dashboard_msgs/ur_dashboard_msgs/srv/detail/popup__type_support.cpp
[4.005s] -- Up-to-date: /home/gcerioni/ws_ur16/install/ur_dashboard_msgs/include/ur_dashboard_msgs/ur_dashboard_msgs/srv/detail/get_loaded_program__type_support.cpp
[4.005s] -- Up-to-date: /home/gcerioni/ws_ur16/install/ur_dashboard_msgs/include/ur_dashboard_msgs/ur_dashboard_msgs/srv/detail/get_loaded_program__rosidl_typesupport_introspection_cpp.hpp
[4.005s] -- Up-to-date: /home/gcerioni/ws_ur16/install/ur_dashboard_msgs/include/ur_dashboard_msgs/ur_dashboard_msgs/srv/detail/load__type_support.cpp
[4.005s] -- Up-to-date: /home/gcerioni/ws_ur16/install/ur_dashboard_msgs/include/ur_dashboard_msgs/ur_dashboard_msgs/srv/detail/add_to_log__type_support.cpp
[4.005s] -- Up-to-date: /home/gcerioni/ws_ur16/install/ur_dashboard_msgs/include/ur_dashboard_msgs/ur_dashboard_msgs/srv/detail/is_program_saved__rosidl_typesupport_introspection_cpp.hpp
[4.006s] -- Up-to-date: /home/gcerioni/ws_ur16/install/ur_dashboard_msgs/include/ur_dashboard_msgs/ur_dashboard_msgs/srv/detail/is_program_running__rosidl_typesupport_introspection_cpp.hpp
[4.006s] -- Up-to-date: /home/gcerioni/ws_ur16/install/ur_dashboard_msgs/include/ur_dashboard_msgs/ur_dashboard_msgs/srv/detail/get_safety_mode__type_support.cpp
[4.006s] -- Up-to-date: /home/gcerioni/ws_ur16/install/ur_dashboard_msgs/lib/libur_dashboard_msgs__rosidl_typesupport_introspection_cpp.so
[4.008s] -- Up-to-date: /home/gcerioni/ws_ur16/install/ur_dashboard_msgs/lib/libur_dashboard_msgs__rosidl_typesupport_cpp.so
[4.009s] -- Up-to-date: /home/gcerioni/ws_ur16/install/ur_dashboard_msgs/share/ur_dashboard_msgs/environment/pythonpath.sh
[4.010s] -- Installing: /home/gcerioni/ws_ur16/install/ur_dashboard_msgs/share/ur_dashboard_msgs/environment/pythonpath.dsv
[4.011s] -- Up-to-date: /home/gcerioni/ws_ur16/install/ur_dashboard_msgs/local/lib/python3.10/dist-packages/ur_dashboard_msgs-2.6.0-py3.10.egg-info
[4.013s] -- Installing: /home/gcerioni/ws_ur16/install/ur_dashboard_msgs/local/lib/python3.10/dist-packages/ur_dashboard_msgs-2.6.0-py3.10.egg-info/top_level.txt
[4.013s] -- Installing: /home/gcerioni/ws_ur16/install/ur_dashboard_msgs/local/lib/python3.10/dist-packages/ur_dashboard_msgs-2.6.0-py3.10.egg-info/SOURCES.txt
[4.013s] -- Installing: /home/gcerioni/ws_ur16/install/ur_dashboard_msgs/local/lib/python3.10/dist-packages/ur_dashboard_msgs-2.6.0-py3.10.egg-info/dependency_links.txt
[4.015s] -- Installing: /home/gcerioni/ws_ur16/install/ur_dashboard_msgs/local/lib/python3.10/dist-packages/ur_dashboard_msgs-2.6.0-py3.10.egg-info/PKG-INFO
[4.020s] -- Up-to-date: /home/gcerioni/ws_ur16/install/ur_dashboard_msgs/local/lib/python3.10/dist-packages/ur_dashboard_msgs
[4.026s] -- Up-to-date: /home/gcerioni/ws_ur16/install/ur_dashboard_msgs/local/lib/python3.10/dist-packages/ur_dashboard_msgs/msg
[4.026s] -- Up-to-date: /home/gcerioni/ws_ur16/install/ur_dashboard_msgs/local/lib/python3.10/dist-packages/ur_dashboard_msgs/msg/_robot_mode.py
[4.026s] -- Up-to-date: /home/gcerioni/ws_ur16/install/ur_dashboard_msgs/local/lib/python3.10/dist-packages/ur_dashboard_msgs/msg/_safety_mode.py
[4.027s] -- Up-to-date: /home/gcerioni/ws_ur16/install/ur_dashboard_msgs/local/lib/python3.10/dist-packages/ur_dashboard_msgs/msg/__init__.py
[4.027s] -- Up-to-date: /home/gcerioni/ws_ur16/install/ur_dashboard_msgs/local/lib/python3.10/dist-packages/ur_dashboard_msgs/msg/_safety_mode_s.c
[4.028s] -- Up-to-date: /home/gcerioni/ws_ur16/install/ur_dashboard_msgs/local/lib/python3.10/dist-packages/ur_dashboard_msgs/msg/_program_state.py
[4.028s] -- Up-to-date: /home/gcerioni/ws_ur16/install/ur_dashboard_msgs/local/lib/python3.10/dist-packages/ur_dashboard_msgs/msg/_program_state_s.c
[4.029s] -- Up-to-date: /home/gcerioni/ws_ur16/install/ur_dashboard_msgs/local/lib/python3.10/dist-packages/ur_dashboard_msgs/msg/_robot_mode_s.c
[4.029s] -- Up-to-date: /home/gcerioni/ws_ur16/install/ur_dashboard_msgs/local/lib/python3.10/dist-packages/ur_dashboard_msgs/ur_dashboard_msgs_s__rosidl_typesupport_fastrtps_c.cpython-310-x86_64-linux-gnu.so
[4.030s] -- Up-to-date: /home/gcerioni/ws_ur16/install/ur_dashboard_msgs/local/lib/python3.10/dist-packages/ur_dashboard_msgs/action
[4.030s] -- Up-to-date: /home/gcerioni/ws_ur16/install/ur_dashboard_msgs/local/lib/python3.10/dist-packages/ur_dashboard_msgs/action/__init__.py
[4.030s] -- Up-to-date: /home/gcerioni/ws_ur16/install/ur_dashboard_msgs/local/lib/python3.10/dist-packages/ur_dashboard_msgs/action/_set_mode_s.c
[4.030s] -- Up-to-date: /home/gcerioni/ws_ur16/install/ur_dashboard_msgs/local/lib/python3.10/dist-packages/ur_dashboard_msgs/action/_set_mode.py
[4.039s] -- Up-to-date: /home/gcerioni/ws_ur16/install/ur_dashboard_msgs/local/lib/python3.10/dist-packages/ur_dashboard_msgs/ur_dashboard_msgs_s__rosidl_typesupport_c.cpython-310-x86_64-linux-gnu.so
[4.044s] -- Installing: /home/gcerioni/ws_ur16/install/ur_dashboard_msgs/local/lib/python3.10/dist-packages/ur_dashboard_msgs/__init__.py
[4.044s] -- Up-to-date: /home/gcerioni/ws_ur16/install/ur_dashboard_msgs/local/lib/python3.10/dist-packages/ur_dashboard_msgs/_ur_dashboard_msgs_s.ep.rosidl_typesupport_fastrtps_c.c
[4.044s] -- Up-to-date: /home/gcerioni/ws_ur16/install/ur_dashboard_msgs/local/lib/python3.10/dist-packages/ur_dashboard_msgs/ur_dashboard_msgs_s__rosidl_typesupport_introspection_c.cpython-310-x86_64-linux-gnu.so
[4.044s] -- Up-to-date: /home/gcerioni/ws_ur16/install/ur_dashboard_msgs/local/lib/python3.10/dist-packages/ur_dashboard_msgs/_ur_dashboard_msgs_s.ep.rosidl_typesupport_c.c
[4.044s] -- Up-to-date: /home/gcerioni/ws_ur16/install/ur_dashboard_msgs/local/lib/python3.10/dist-packages/ur_dashboard_msgs/_ur_dashboard_msgs_s.ep.rosidl_typesupport_introspection_c.c
[4.046s] -- Up-to-date: /home/gcerioni/ws_ur16/install/ur_dashboard_msgs/local/lib/python3.10/dist-packages/ur_dashboard_msgs/libur_dashboard_msgs__rosidl_generator_py.so
[4.046s] -- Up-to-date: /home/gcerioni/ws_ur16/install/ur_dashboard_msgs/local/lib/python3.10/dist-packages/ur_dashboard_msgs/srv
[4.046s] -- Up-to-date: /home/gcerioni/ws_ur16/install/ur_dashboard_msgs/local/lib/python3.10/dist-packages/ur_dashboard_msgs/srv/_raw_request.py
[4.046s] -- Up-to-date: /home/gcerioni/ws_ur16/install/ur_dashboard_msgs/local/lib/python3.10/dist-packages/ur_dashboard_msgs/srv/_get_loaded_program_s.c
[4.046s] -- Up-to-date: /home/gcerioni/ws_ur16/install/ur_dashboard_msgs/local/lib/python3.10/dist-packages/ur_dashboard_msgs/srv/_add_to_log_s.c
[4.047s] -- Up-to-date: /home/gcerioni/ws_ur16/install/ur_dashboard_msgs/local/lib/python3.10/dist-packages/ur_dashboard_msgs/srv/_get_robot_mode.py
[4.047s] -- Up-to-date: /home/gcerioni/ws_ur16/install/ur_dashboard_msgs/local/lib/python3.10/dist-packages/ur_dashboard_msgs/srv/_is_program_saved.py
[4.047s] -- Up-to-date: /home/gcerioni/ws_ur16/install/ur_dashboard_msgs/local/lib/python3.10/dist-packages/ur_dashboard_msgs/srv/_get_program_state.py
[4.047s] -- Up-to-date: /home/gcerioni/ws_ur16/install/ur_dashboard_msgs/local/lib/python3.10/dist-packages/ur_dashboard_msgs/srv/__init__.py
[4.052s] -- Up-to-date: /home/gcerioni/ws_ur16/install/ur_dashboard_msgs/local/lib/python3.10/dist-packages/ur_dashboard_msgs/srv/_is_program_saved_s.c
[4.052s] -- Up-to-date: /home/gcerioni/ws_ur16/install/ur_dashboard_msgs/local/lib/python3.10/dist-packages/ur_dashboard_msgs/srv/_load_s.c
[4.052s] -- Up-to-date: /home/gcerioni/ws_ur16/install/ur_dashboard_msgs/local/lib/python3.10/dist-packages/ur_dashboard_msgs/srv/_get_safety_mode_s.c
[4.052s] -- Up-to-date: /home/gcerioni/ws_ur16/install/ur_dashboard_msgs/local/lib/python3.10/dist-packages/ur_dashboard_msgs/srv/_get_robot_mode_s.c
[4.052s] -- Up-to-date: /home/gcerioni/ws_ur16/install/ur_dashboard_msgs/local/lib/python3.10/dist-packages/ur_dashboard_msgs/srv/_popup_s.c
[4.052s] -- Up-to-date: /home/gcerioni/ws_ur16/install/ur_dashboard_msgs/local/lib/python3.10/dist-packages/ur_dashboard_msgs/srv/_get_safety_mode.py
[4.054s] -- Up-to-date: /home/gcerioni/ws_ur16/install/ur_dashboard_msgs/local/lib/python3.10/dist-packages/ur_dashboard_msgs/srv/_is_program_running.py
[4.054s] -- Up-to-date: /home/gcerioni/ws_ur16/install/ur_dashboard_msgs/local/lib/python3.10/dist-packages/ur_dashboard_msgs/srv/_load.py
[4.054s] -- Up-to-date: /home/gcerioni/ws_ur16/install/ur_dashboard_msgs/local/lib/python3.10/dist-packages/ur_dashboard_msgs/srv/_add_to_log.py
[4.054s] -- Up-to-date: /home/gcerioni/ws_ur16/install/ur_dashboard_msgs/local/lib/python3.10/dist-packages/ur_dashboard_msgs/srv/_get_loaded_program.py
[4.054s] -- Up-to-date: /home/gcerioni/ws_ur16/install/ur_dashboard_msgs/local/lib/python3.10/dist-packages/ur_dashboard_msgs/srv/_is_program_running_s.c
[4.055s] -- Up-to-date: /home/gcerioni/ws_ur16/install/ur_dashboard_msgs/local/lib/python3.10/dist-packages/ur_dashboard_msgs/srv/_popup.py
[4.055s] -- Up-to-date: /home/gcerioni/ws_ur16/install/ur_dashboard_msgs/local/lib/python3.10/dist-packages/ur_dashboard_msgs/srv/_get_program_state_s.c
[4.055s] -- Up-to-date: /home/gcerioni/ws_ur16/install/ur_dashboard_msgs/local/lib/python3.10/dist-packages/ur_dashboard_msgs/srv/_raw_request_s.c
[4.102s] Listing '/home/gcerioni/ws_ur16/install/ur_dashboard_msgs/local/lib/python3.10/dist-packages/ur_dashboard_msgs'...
[4.102s] Compiling '/home/gcerioni/ws_ur16/install/ur_dashboard_msgs/local/lib/python3.10/dist-packages/ur_dashboard_msgs/__init__.py'...
[4.102s] Listing '/home/gcerioni/ws_ur16/install/ur_dashboard_msgs/local/lib/python3.10/dist-packages/ur_dashboard_msgs/action'...
[4.102s] Listing '/home/gcerioni/ws_ur16/install/ur_dashboard_msgs/local/lib/python3.10/dist-packages/ur_dashboard_msgs/msg'...
[4.102s] Listing '/home/gcerioni/ws_ur16/install/ur_dashboard_msgs/local/lib/python3.10/dist-packages/ur_dashboard_msgs/srv'...
[4.102s] -- Up-to-date: /home/gcerioni/ws_ur16/install/ur_dashboard_msgs/local/lib/python3.10/dist-packages/ur_dashboard_msgs/ur_dashboard_msgs_s__rosidl_typesupport_fastrtps_c.cpython-310-x86_64-linux-gnu.so
[4.102s] -- Up-to-date: /home/gcerioni/ws_ur16/install/ur_dashboard_msgs/local/lib/python3.10/dist-packages/ur_dashboard_msgs/ur_dashboard_msgs_s__rosidl_typesupport_introspection_c.cpython-310-x86_64-linux-gnu.so
[4.102s] -- Up-to-date: /home/gcerioni/ws_ur16/install/ur_dashboard_msgs/local/lib/python3.10/dist-packages/ur_dashboard_msgs/ur_dashboard_msgs_s__rosidl_typesupport_c.cpython-310-x86_64-linux-gnu.so
[4.102s] -- Up-to-date: /home/gcerioni/ws_ur16/install/ur_dashboard_msgs/lib/libur_dashboard_msgs__rosidl_generator_py.so
[4.103s] -- Up-to-date: /home/gcerioni/ws_ur16/install/ur_dashboard_msgs/share/ur_dashboard_msgs/msg/ProgramState.idl
[4.103s] -- Up-to-date: /home/gcerioni/ws_ur16/install/ur_dashboard_msgs/share/ur_dashboard_msgs/msg/RobotMode.idl
[4.109s] -- Up-to-date: /home/gcerioni/ws_ur16/install/ur_dashboard_msgs/share/ur_dashboard_msgs/msg/SafetyMode.idl
[4.109s] -- Up-to-date: /home/gcerioni/ws_ur16/install/ur_dashboard_msgs/share/ur_dashboard_msgs/srv/AddToLog.idl
[4.109s] -- Up-to-date: /home/gcerioni/ws_ur16/install/ur_dashboard_msgs/share/ur_dashboard_msgs/srv/GetLoadedProgram.idl
[4.109s] -- Up-to-date: /home/gcerioni/ws_ur16/install/ur_dashboard_msgs/share/ur_dashboard_msgs/srv/GetProgramState.idl
[4.109s] -- Up-to-date: /home/gcerioni/ws_ur16/install/ur_dashboard_msgs/share/ur_dashboard_msgs/srv/GetRobotMode.idl
[4.109s] -- Up-to-date: /home/gcerioni/ws_ur16/install/ur_dashboard_msgs/share/ur_dashboard_msgs/srv/GetSafetyMode.idl
[4.109s] -- Up-to-date: /home/gcerioni/ws_ur16/install/ur_dashboard_msgs/share/ur_dashboard_msgs/srv/IsProgramRunning.idl
[4.109s] -- Up-to-date: /home/gcerioni/ws_ur16/install/ur_dashboard_msgs/share/ur_dashboard_msgs/srv/IsProgramSaved.idl
[4.109s] -- Up-to-date: /home/gcerioni/ws_ur16/install/ur_dashboard_msgs/share/ur_dashboard_msgs/srv/Load.idl
[4.110s] -- Up-to-date: /home/gcerioni/ws_ur16/install/ur_dashboard_msgs/share/ur_dashboard_msgs/srv/Popup.idl
[4.110s] -- Up-to-date: /home/gcerioni/ws_ur16/install/ur_dashboard_msgs/share/ur_dashboard_msgs/srv/RawRequest.idl
[4.110s] -- Up-to-date: /home/gcerioni/ws_ur16/install/ur_dashboard_msgs/share/ur_dashboard_msgs/action/SetMode.idl
[4.110s] -- Up-to-date: /home/gcerioni/ws_ur16/install/ur_dashboard_msgs/share/ur_dashboard_msgs/msg/ProgramState.msg
[4.110s] -- Up-to-date: /home/gcerioni/ws_ur16/install/ur_dashboard_msgs/share/ur_dashboard_msgs/msg/RobotMode.msg
[4.110s] -- Up-to-date: /home/gcerioni/ws_ur16/install/ur_dashboard_msgs/share/ur_dashboard_msgs/msg/SafetyMode.msg
[4.110s] -- Up-to-date: /home/gcerioni/ws_ur16/install/ur_dashboard_msgs/share/ur_dashboard_msgs/srv/AddToLog.srv
[4.110s] -- Up-to-date: /home/gcerioni/ws_ur16/install/ur_dashboard_msgs/share/ur_dashboard_msgs/srv/AddToLog_Request.msg
[4.110s] -- Up-to-date: /home/gcerioni/ws_ur16/install/ur_dashboard_msgs/share/ur_dashboard_msgs/srv/AddToLog_Response.msg
[4.110s] -- Up-to-date: /home/gcerioni/ws_ur16/install/ur_dashboard_msgs/share/ur_dashboard_msgs/srv/GetLoadedProgram.srv
[4.110s] -- Up-to-date: /home/gcerioni/ws_ur16/install/ur_dashboard_msgs/share/ur_dashboard_msgs/srv/GetLoadedProgram_Request.msg
[4.111s] -- Up-to-date: /home/gcerioni/ws_ur16/install/ur_dashboard_msgs/share/ur_dashboard_msgs/srv/GetLoadedProgram_Response.msg
[4.111s] -- Up-to-date: /home/gcerioni/ws_ur16/install/ur_dashboard_msgs/share/ur_dashboard_msgs/srv/GetProgramState.srv
[4.111s] -- Up-to-date: /home/gcerioni/ws_ur16/install/ur_dashboard_msgs/share/ur_dashboard_msgs/srv/GetProgramState_Request.msg
[4.111s] -- Up-to-date: /home/gcerioni/ws_ur16/install/ur_dashboard_msgs/share/ur_dashboard_msgs/srv/GetProgramState_Response.msg
[4.111s] -- Up-to-date: /home/gcerioni/ws_ur16/install/ur_dashboard_msgs/share/ur_dashboard_msgs/srv/GetRobotMode.srv
[4.113s] -- Up-to-date: /home/gcerioni/ws_ur16/install/ur_dashboard_msgs/share/ur_dashboard_msgs/srv/GetRobotMode_Request.msg
[4.114s] -- Up-to-date: /home/gcerioni/ws_ur16/install/ur_dashboard_msgs/share/ur_dashboard_msgs/srv/GetRobotMode_Response.msg
[4.114s] -- Up-to-date: /home/gcerioni/ws_ur16/install/ur_dashboard_msgs/share/ur_dashboard_msgs/srv/GetSafetyMode.srv
[4.114s] -- Up-to-date: /home/gcerioni/ws_ur16/install/ur_dashboard_msgs/share/ur_dashboard_msgs/srv/GetSafetyMode_Request.msg
[4.114s] -- Up-to-date: /home/gcerioni/ws_ur16/install/ur_dashboard_msgs/share/ur_dashboard_msgs/srv/GetSafetyMode_Response.msg
[4.115s] -- Up-to-date: /home/gcerioni/ws_ur16/install/ur_dashboard_msgs/share/ur_dashboard_msgs/srv/IsProgramRunning.srv
[4.115s] -- Up-to-date: /home/gcerioni/ws_ur16/install/ur_dashboard_msgs/share/ur_dashboard_msgs/srv/IsProgramRunning_Request.msg
[4.115s] -- Up-to-date: /home/gcerioni/ws_ur16/install/ur_dashboard_msgs/share/ur_dashboard_msgs/srv/IsProgramRunning_Response.msg
[4.115s] -- Up-to-date: /home/gcerioni/ws_ur16/install/ur_dashboard_msgs/share/ur_dashboard_msgs/srv/IsProgramSaved.srv
[4.116s] -- Up-to-date: /home/gcerioni/ws_ur16/install/ur_dashboard_msgs/share/ur_dashboard_msgs/srv/IsProgramSaved_Request.msg
[4.116s] -- Up-to-date: /home/gcerioni/ws_ur16/install/ur_dashboard_msgs/share/ur_dashboard_msgs/srv/IsProgramSaved_Response.msg
[4.116s] -- Up-to-date: /home/gcerioni/ws_ur16/install/ur_dashboard_msgs/share/ur_dashboard_msgs/srv/Load.srv
[4.116s] -- Up-to-date: /home/gcerioni/ws_ur16/install/ur_dashboard_msgs/share/ur_dashboard_msgs/srv/Load_Request.msg
[4.119s] -- Up-to-date: /home/gcerioni/ws_ur16/install/ur_dashboard_msgs/share/ur_dashboard_msgs/srv/Load_Response.msg
[4.120s] -- Up-to-date: /home/gcerioni/ws_ur16/install/ur_dashboard_msgs/share/ur_dashboard_msgs/srv/Popup.srv
[4.120s] -- Up-to-date: /home/gcerioni/ws_ur16/install/ur_dashboard_msgs/share/ur_dashboard_msgs/srv/Popup_Request.msg
[4.120s] -- Up-to-date: /home/gcerioni/ws_ur16/install/ur_dashboard_msgs/share/ur_dashboard_msgs/srv/Popup_Response.msg
[4.120s] -- Up-to-date: /home/gcerioni/ws_ur16/install/ur_dashboard_msgs/share/ur_dashboard_msgs/srv/RawRequest.srv
[4.120s] -- Up-to-date: /home/gcerioni/ws_ur16/install/ur_dashboard_msgs/share/ur_dashboard_msgs/srv/RawRequest_Request.msg
[4.120s] -- Up-to-date: /home/gcerioni/ws_ur16/install/ur_dashboard_msgs/share/ur_dashboard_msgs/srv/RawRequest_Response.msg
[4.120s] -- Up-to-date: /home/gcerioni/ws_ur16/install/ur_dashboard_msgs/share/ur_dashboard_msgs/action/SetMode.action
[4.120s] -- Up-to-date: /home/gcerioni/ws_ur16/install/ur_dashboard_msgs/share/ament_index/resource_index/package_run_dependencies/ur_dashboard_msgs
[4.121s] -- Installing: /home/gcerioni/ws_ur16/install/ur_dashboard_msgs/share/ament_index/resource_index/parent_prefix_path/ur_dashboard_msgs
[4.121s] -- Up-to-date: /home/gcerioni/ws_ur16/install/ur_dashboard_msgs/share/ur_dashboard_msgs/environment/ament_prefix_path.sh
[4.121s] -- Installing: /home/gcerioni/ws_ur16/install/ur_dashboard_msgs/share/ur_dashboard_msgs/environment/ament_prefix_path.dsv
[4.121s] -- Up-to-date: /home/gcerioni/ws_ur16/install/ur_dashboard_msgs/share/ur_dashboard_msgs/environment/path.sh
[4.121s] -- Installing: /home/gcerioni/ws_ur16/install/ur_dashboard_msgs/share/ur_dashboard_msgs/environment/path.dsv
[4.121s] -- Up-to-date: /home/gcerioni/ws_ur16/install/ur_dashboard_msgs/share/ur_dashboard_msgs/local_setup.bash
[4.121s] -- Up-to-date: /home/gcerioni/ws_ur16/install/ur_dashboard_msgs/share/ur_dashboard_msgs/local_setup.sh
[4.121s] -- Up-to-date: /home/gcerioni/ws_ur16/install/ur_dashboard_msgs/share/ur_dashboard_msgs/local_setup.zsh
[4.122s] -- Installing: /home/gcerioni/ws_ur16/install/ur_dashboard_msgs/share/ur_dashboard_msgs/local_setup.dsv
[4.122s] -- Installing: /home/gcerioni/ws_ur16/install/ur_dashboard_msgs/share/ur_dashboard_msgs/package.dsv
[4.122s] -- Up-to-date: /home/gcerioni/ws_ur16/install/ur_dashboard_msgs/share/ament_index/resource_index/packages/ur_dashboard_msgs
[4.122s] -- Up-to-date: /home/gcerioni/ws_ur16/install/ur_dashboard_msgs/share/ur_dashboard_msgs/cmake/export_ur_dashboard_msgs__rosidl_generator_cExport.cmake
[4.122s] -- Up-to-date: /home/gcerioni/ws_ur16/install/ur_dashboard_msgs/share/ur_dashboard_msgs/cmake/export_ur_dashboard_msgs__rosidl_generator_cExport-release.cmake
[4.122s] -- Up-to-date: /home/gcerioni/ws_ur16/install/ur_dashboard_msgs/share/ur_dashboard_msgs/cmake/export_ur_dashboard_msgs__rosidl_typesupport_fastrtps_cExport.cmake
[4.122s] -- Up-to-date: /home/gcerioni/ws_ur16/install/ur_dashboard_msgs/share/ur_dashboard_msgs/cmake/export_ur_dashboard_msgs__rosidl_typesupport_fastrtps_cExport-release.cmake
[4.122s] -- Up-to-date: /home/gcerioni/ws_ur16/install/ur_dashboard_msgs/share/ur_dashboard_msgs/cmake/ur_dashboard_msgs__rosidl_typesupport_introspection_cExport.cmake
[4.122s] -- Up-to-date: /home/gcerioni/ws_ur16/install/ur_dashboard_msgs/share/ur_dashboard_msgs/cmake/ur_dashboard_msgs__rosidl_typesupport_introspection_cExport-release.cmake
[4.122s] -- Up-to-date: /home/gcerioni/ws_ur16/install/ur_dashboard_msgs/share/ur_dashboard_msgs/cmake/ur_dashboard_msgs__rosidl_typesupport_cExport.cmake
[4.123s] -- Up-to-date: /home/gcerioni/ws_ur16/install/ur_dashboard_msgs/share/ur_dashboard_msgs/cmake/ur_dashboard_msgs__rosidl_typesupport_cExport-release.cmake
[4.123s] -- Up-to-date: /home/gcerioni/ws_ur16/install/ur_dashboard_msgs/share/ur_dashboard_msgs/cmake/export_ur_dashboard_msgs__rosidl_generator_cppExport.cmake
[4.123s] -- Up-to-date: /home/gcerioni/ws_ur16/install/ur_dashboard_msgs/share/ur_dashboard_msgs/cmake/export_ur_dashboard_msgs__rosidl_typesupport_fastrtps_cppExport.cmake
[4.123s] -- Up-to-date: /home/gcerioni/ws_ur16/install/ur_dashboard_msgs/share/ur_dashboard_msgs/cmake/export_ur_dashboard_msgs__rosidl_typesupport_fastrtps_cppExport-release.cmake
[4.123s] -- Up-to-date: /home/gcerioni/ws_ur16/install/ur_dashboard_msgs/share/ur_dashboard_msgs/cmake/ur_dashboard_msgs__rosidl_typesupport_introspection_cppExport.cmake
[4.129s] -- Up-to-date: /home/gcerioni/ws_ur16/install/ur_dashboard_msgs/share/ur_dashboard_msgs/cmake/ur_dashboard_msgs__rosidl_typesupport_introspection_cppExport-release.cmake
[4.129s] -- Up-to-date: /home/gcerioni/ws_ur16/install/ur_dashboard_msgs/share/ur_dashboard_msgs/cmake/ur_dashboard_msgs__rosidl_typesupport_cppExport.cmake
[4.129s] -- Up-to-date: /home/gcerioni/ws_ur16/install/ur_dashboard_msgs/share/ur_dashboard_msgs/cmake/ur_dashboard_msgs__rosidl_typesupport_cppExport-release.cmake
[4.130s] -- Up-to-date: /home/gcerioni/ws_ur16/install/ur_dashboard_msgs/share/ur_dashboard_msgs/cmake/export_ur_dashboard_msgs__rosidl_generator_pyExport.cmake
[4.130s] -- Up-to-date: /home/gcerioni/ws_ur16/install/ur_dashboard_msgs/share/ur_dashboard_msgs/cmake/export_ur_dashboard_msgs__rosidl_generator_pyExport-release.cmake
[4.130s] -- Up-to-date: /home/gcerioni/ws_ur16/install/ur_dashboard_msgs/share/ur_dashboard_msgs/cmake/rosidl_cmake-extras.cmake
[4.130s] -- Up-to-date: /home/gcerioni/ws_ur16/install/ur_dashboard_msgs/share/ur_dashboard_msgs/cmake/ament_cmake_export_dependencies-extras.cmake
[4.130s] -- Up-to-date: /home/gcerioni/ws_ur16/install/ur_dashboard_msgs/share/ur_dashboard_msgs/cmake/ament_cmake_export_include_directories-extras.cmake
[4.130s] -- Up-to-date: /home/gcerioni/ws_ur16/install/ur_dashboard_msgs/share/ur_dashboard_msgs/cmake/ament_cmake_export_libraries-extras.cmake
[4.132s] -- Up-to-date: /home/gcerioni/ws_ur16/install/ur_dashboard_msgs/share/ur_dashboard_msgs/cmake/ament_cmake_export_targets-extras.cmake
[4.133s] -- Up-to-date: /home/gcerioni/ws_ur16/install/ur_dashboard_msgs/share/ur_dashboard_msgs/cmake/rosidl_cmake_export_typesupport_targets-extras.cmake
[4.136s] -- Up-to-date: /home/gcerioni/ws_ur16/install/ur_dashboard_msgs/share/ur_dashboard_msgs/cmake/rosidl_cmake_export_typesupport_libraries-extras.cmake
[4.136s] -- Up-to-date: /home/gcerioni/ws_ur16/install/ur_dashboard_msgs/share/ur_dashboard_msgs/cmake/ur_dashboard_msgsConfig.cmake
[4.136s] -- Up-to-date: /home/gcerioni/ws_ur16/install/ur_dashboard_msgs/share/ur_dashboard_msgs/cmake/ur_dashboard_msgsConfig-version.cmake
[4.136s] -- Up-to-date: /home/gcerioni/ws_ur16/install/ur_dashboard_msgs/share/ur_dashboard_msgs/package.xml
[4.164s] Invoked command in '/home/gcerioni/ws_ur16/build/ur_dashboard_msgs' returned '0': CMAKE_PREFIX_PATH=${CMAKE_PREFIX_PATH}:/home/gcerioni/ws_ur16/install/rqt_joint_trajectory_controller:/home/gcerioni/ws_ur16/install/rqt_controller_manager:/home/gcerioni/ws_ur16/install/ros2controlcli:/home/gcerioni/ws_ur16/install/ros2_controllers_test_nodes:/opt/ros/humble /usr/bin/cmake --install /home/gcerioni/ws_ur16/build/ur_dashboard_msgs
