[0.329s] Invoking command in '/home/gcerioni/ws_ur16/build/ur_controllers': CMAKE_PREFIX_PATH=/home/gcerioni/ws_ur16/install/joint_trajectory_controller:/home/gcerioni/ws_ur16/install/controller_manager:/home/gcerioni/ws_ur16/install/hardware_interface_testing:/home/gcerioni/ws_ur16/install/controller_interface:/home/gcerioni/ws_ur16/install/hardware_interface:/home/gcerioni/ws_ur16/install/control_toolbox:/home/gcerioni/ws_ur16/install/ur_msgs:/home/gcerioni/ws_ur16/install/ur_dashboard_msgs:/home/gcerioni/ws_ur16/install/ros2_control_test_assets:/home/gcerioni/ws_ur16/install/realtime_tools:/home/gcerioni/ws_ur16/install/controller_manager_msgs:/home/gcerioni/ws_ur16/install/control_msgs:/home/gcerioni/ws_ur16/install/ros2_controllers:/home/gcerioni/ws_ur16/install/velocity_controllers:/home/gcerioni/ws_ur16/install/ur_moveit_config:/home/gcerioni/ws_ur16/install/ur_description:/home/gcerioni/ws_ur16/install/ur_client_library:/home/gcerioni/ws_ur16/install/tricycle_steering_controller:/home/gcerioni/ws_ur16/install/tricycle_controller:/home/gcerioni/ws_ur16/install/ros2_control:/home/gcerioni/ws_ur16/install/transmission_interface:/home/gcerioni/ws_ur16/install/bicycle_steering_controller:/home/gcerioni/ws_ur16/install/ackermann_steering_controller:/home/gcerioni/ws_ur16/install/steering_controllers_library:/home/gcerioni/ws_ur16/install/range_sensor_broadcaster:/home/gcerioni/ws_ur16/install/position_controllers:/home/gcerioni/ws_ur16/install/pose_broadcaster:/home/gcerioni/ws_ur16/install/pid_controller:/home/gcerioni/ws_ur16/install/mecanum_drive_controller:/home/gcerioni/ws_ur16/install/joint_state_broadcaster:/home/gcerioni/ws_ur16/install/imu_sensor_broadcaster:/home/gcerioni/ws_ur16/install/gripper_controllers:/home/gcerioni/ws_ur16/install/gpio_controllers:/home/gcerioni/ws_ur16/install/effort_controllers:/home/gcerioni/ws_ur16/install/forward_command_controller:/home/gcerioni/ws_ur16/install/force_torque_sensor_broadcaster:/home/gcerioni/ws_ur16/install/diff_drive_controller:/home/gcerioni/ws_ur16/install/admittance_controller:/home/gcerioni/ws_ur16/install/kinematics_interface_kdl:/home/gcerioni/ws_ur16/install/kinematics_interface:/home/gcerioni/ws_ur16/install/joint_limits:/home/gcerioni/ws_ur16/install/rqt_joint_trajectory_controller:/home/gcerioni/ws_ur16/install/rqt_controller_manager:/home/gcerioni/ws_ur16/install/ros2controlcli:/home/gcerioni/ws_ur16/install/ros2_controllers_test_nodes:/opt/ros/humble LD_LIBRARY_PATH=/home/gcerioni/ws_ur16/install/joint_trajectory_controller/lib:/home/gcerioni/ws_ur16/install/controller_manager/lib:/home/gcerioni/ws_ur16/install/hardware_interface_testing/lib:/home/gcerioni/ws_ur16/install/controller_interface/lib:/home/gcerioni/ws_ur16/install/hardware_interface/lib:/home/gcerioni/ws_ur16/install/control_toolbox/lib:/home/gcerioni/ws_ur16/install/ur_msgs/lib:/home/gcerioni/ws_ur16/install/ur_dashboard_msgs/lib:/home/gcerioni/ws_ur16/install/realtime_tools/lib:/home/gcerioni/ws_ur16/install/controller_manager_msgs/lib:/home/gcerioni/ws_ur16/install/control_msgs/lib:/home/gcerioni/ws_ur16/install/velocity_controllers/lib:/home/gcerioni/ws_ur16/install/ur_client_library/lib:/home/gcerioni/ws_ur16/install/tricycle_steering_controller/lib:/home/gcerioni/ws_ur16/install/tricycle_controller/lib:/home/gcerioni/ws_ur16/install/transmission_interface/lib:/home/gcerioni/ws_ur16/install/bicycle_steering_controller/lib:/home/gcerioni/ws_ur16/install/ackermann_steering_controller/lib:/home/gcerioni/ws_ur16/install/steering_controllers_library/lib:/home/gcerioni/ws_ur16/install/range_sensor_broadcaster/lib:/home/gcerioni/ws_ur16/install/position_controllers/lib:/home/gcerioni/ws_ur16/install/pose_broadcaster/lib:/home/gcerioni/ws_ur16/install/pid_controller/lib:/home/gcerioni/ws_ur16/install/mecanum_drive_controller/lib:/home/gcerioni/ws_ur16/install/joint_state_broadcaster/lib:/home/gcerioni/ws_ur16/install/imu_sensor_broadcaster/lib:/home/gcerioni/ws_ur16/install/gripper_controllers/lib:/home/gcerioni/ws_ur16/install/gpio_controllers/lib:/home/gcerioni/ws_ur16/install/effort_controllers/lib:/home/gcerioni/ws_ur16/install/forward_command_controller/lib:/home/gcerioni/ws_ur16/install/force_torque_sensor_broadcaster/lib:/home/gcerioni/ws_ur16/install/diff_drive_controller/lib:/home/gcerioni/ws_ur16/install/admittance_controller/lib:/home/gcerioni/ws_ur16/install/kinematics_interface_kdl/lib:/home/gcerioni/ws_ur16/install/kinematics_interface/lib:/home/gcerioni/ws_ur16/install/joint_limits/lib:/opt/ros/humble/opt/rviz_ogre_vendor/lib:/opt/ros/humble/lib/x86_64-linux-gnu:/opt/ros/humble/lib /usr/bin/cmake /home/gcerioni/ws_ur16/src/ur_controllers -DCMAKE_BUILD_TYPE=Release -DCMAKE_INSTALL_PREFIX=/home/gcerioni/ws_ur16/install/ur_controllers
[0.508s] -- The C compiler identification is GNU 11.4.0
[0.857s] -- The CXX compiler identification is GNU 11.4.0
[0.886s] -- Detecting C compiler ABI info
[1.103s] -- Detecting C compiler ABI info - done
[1.123s] -- Check for working C compiler: /usr/bin/cc - skipped
[1.126s] -- Detecting C compile features
[1.126s] -- Detecting C compile features - done
[1.126s] -- Detecting CXX compiler ABI info
[1.327s] -- Detecting CXX compiler ABI info - done
[1.346s] -- Check for working CXX compiler: /usr/bin/c++ - skipped
[1.346s] -- Detecting CXX compile features
[1.347s] -- Detecting CXX compile features - done
[1.368s] -- Found ament_cmake: 1.3.11 (/opt/ros/humble/share/ament_cmake/cmake)
[1.674s] -- Found Python3: /usr/bin/python3 (found version "3.10.12") found components: Interpreter 
[1.935s] -- Found angles: 1.15.0 (/opt/ros/humble/share/angles/cmake)
[1.935s] -- Found controller_interface: 2.48.0 (/home/gcerioni/ws_ur16/install/controller_interface/share/controller_interface/cmake)
[2.214s] -- Found rosidl_generator_c: 3.1.6 (/opt/ros/humble/share/rosidl_generator_c/cmake)
[2.265s] -- Found rosidl_adapter: 3.1.6 (/opt/ros/humble/share/rosidl_adapter/cmake)
[2.341s] -- Found rosidl_generator_cpp: 3.1.6 (/opt/ros/humble/share/rosidl_generator_cpp/cmake)
[2.469s] -- Using all available rosidl_typesupport_c: rosidl_typesupport_fastrtps_c;rosidl_typesupport_introspection_c
[2.531s] -- Using all available rosidl_typesupport_cpp: rosidl_typesupport_fastrtps_cpp;rosidl_typesupport_introspection_cpp
[3.114s] -- Found rmw_implementation_cmake: 6.1.2 (/opt/ros/humble/share/rmw_implementation_cmake/cmake)
[3.127s] -- Found rmw_fastrtps_cpp: 6.2.7 (/opt/ros/humble/share/rmw_fastrtps_cpp/cmake)
[3.219s] -- Found TinyXML2 via Config file: TinyXML2_DIR-NOTFOUND
[3.365s] -- Found OpenSSL: /usr/lib/x86_64-linux-gnu/libcrypto.so (found version "3.0.2")  
[3.367s] -- Found TinyXML2 via Config file: TinyXML2_DIR-NOTFOUND
[3.412s] -- Found FastRTPS: /opt/ros/humble/include  
[3.416s] -- Found TinyXML2 via Config file: TinyXML2_DIR-NOTFOUND
[3.432s] -- Found TinyXML2 via Config file: TinyXML2_DIR-NOTFOUND
[3.459s] -- Using RMW implementation 'rmw_fastrtps_cpp' as default
[3.501s] -- Looking for pthread.h
[3.662s] -- Looking for pthread.h - found
[3.662s] -- Performing Test CMAKE_HAVE_LIBC_PTHREAD
[3.810s] -- Performing Test CMAKE_HAVE_LIBC_PTHREAD - Success
[3.811s] -- Found Threads: TRUE  
[3.910s] -- Found joint_trajectory_controller: 2.43.0 (/home/gcerioni/ws_ur16/install/joint_trajectory_controller/share/joint_trajectory_controller/cmake)
[4.050s] -- Found std_srvs: 4.2.4 (/opt/ros/humble/share/std_srvs/cmake)
[4.069s] -- Found tf2_geometry_msgs: 0.25.11 (/opt/ros/humble/share/tf2_geometry_msgs/cmake)
[4.104s] -- Found eigen3_cmake_module: 0.1.1 (/opt/ros/humble/share/eigen3_cmake_module/cmake)
[4.106s] -- Found Eigen3: TRUE (found version "3.4.0") 
[4.106s] -- Ensuring Eigen3 include directory is part of orocos-kdl CMake target
[4.248s] -- Found ur_dashboard_msgs: 2.6.0 (/home/gcerioni/ws_ur16/install/ur_dashboard_msgs/share/ur_dashboard_msgs/cmake)
[4.277s] -- Found ur_msgs: 2.2.0 (/home/gcerioni/ws_ur16/install/ur_msgs/share/ur_msgs/cmake)
[4.404s] -- Found ament_cmake_gmock: 1.3.11 (/opt/ros/humble/share/ament_cmake_gmock/cmake)
[4.405s] -- Found controller_manager: 2.48.0 (/home/gcerioni/ws_ur16/install/controller_manager/share/controller_manager/cmake)
[4.448s] -- Found ros2_control_test_assets: 2.48.0 (/home/gcerioni/ws_ur16/install/ros2_control_test_assets/share/ros2_control_test_assets/cmake)
[4.459s] -- Found gmock sources under '/opt/ros/humble/src/gmock_vendor': C++ tests using 'Google Mock' will be built
[4.480s] -- Found ament_cmake_gtest: 1.3.11 (/opt/ros/humble/share/ament_cmake_gtest/cmake)
[4.481s] -- Found gtest sources under '/opt/ros/humble/src/gtest_vendor': C++ tests using 'Google Test' will be built
[4.688s] -- Configuring done
[4.832s] -- Generating done
[4.853s] -- Build files have been written to: /home/gcerioni/ws_ur16/build/ur_controllers
[4.872s] Invoked command in '/home/gcerioni/ws_ur16/build/ur_controllers' returned '0': CMAKE_PREFIX_PATH=/home/gcerioni/ws_ur16/install/joint_trajectory_controller:/home/gcerioni/ws_ur16/install/controller_manager:/home/gcerioni/ws_ur16/install/hardware_interface_testing:/home/gcerioni/ws_ur16/install/controller_interface:/home/gcerioni/ws_ur16/install/hardware_interface:/home/gcerioni/ws_ur16/install/control_toolbox:/home/gcerioni/ws_ur16/install/ur_msgs:/home/gcerioni/ws_ur16/install/ur_dashboard_msgs:/home/gcerioni/ws_ur16/install/ros2_control_test_assets:/home/gcerioni/ws_ur16/install/realtime_tools:/home/gcerioni/ws_ur16/install/controller_manager_msgs:/home/gcerioni/ws_ur16/install/control_msgs:/home/gcerioni/ws_ur16/install/ros2_controllers:/home/gcerioni/ws_ur16/install/velocity_controllers:/home/gcerioni/ws_ur16/install/ur_moveit_config:/home/gcerioni/ws_ur16/install/ur_description:/home/gcerioni/ws_ur16/install/ur_client_library:/home/gcerioni/ws_ur16/install/tricycle_steering_controller:/home/gcerioni/ws_ur16/install/tricycle_controller:/home/gcerioni/ws_ur16/install/ros2_control:/home/gcerioni/ws_ur16/install/transmission_interface:/home/gcerioni/ws_ur16/install/bicycle_steering_controller:/home/gcerioni/ws_ur16/install/ackermann_steering_controller:/home/gcerioni/ws_ur16/install/steering_controllers_library:/home/gcerioni/ws_ur16/install/range_sensor_broadcaster:/home/gcerioni/ws_ur16/install/position_controllers:/home/gcerioni/ws_ur16/install/pose_broadcaster:/home/gcerioni/ws_ur16/install/pid_controller:/home/gcerioni/ws_ur16/install/mecanum_drive_controller:/home/gcerioni/ws_ur16/install/joint_state_broadcaster:/home/gcerioni/ws_ur16/install/imu_sensor_broadcaster:/home/gcerioni/ws_ur16/install/gripper_controllers:/home/gcerioni/ws_ur16/install/gpio_controllers:/home/gcerioni/ws_ur16/install/effort_controllers:/home/gcerioni/ws_ur16/install/forward_command_controller:/home/gcerioni/ws_ur16/install/force_torque_sensor_broadcaster:/home/gcerioni/ws_ur16/install/diff_drive_controller:/home/gcerioni/ws_ur16/install/admittance_controller:/home/gcerioni/ws_ur16/install/kinematics_interface_kdl:/home/gcerioni/ws_ur16/install/kinematics_interface:/home/gcerioni/ws_ur16/install/joint_limits:/home/gcerioni/ws_ur16/install/rqt_joint_trajectory_controller:/home/gcerioni/ws_ur16/install/rqt_controller_manager:/home/gcerioni/ws_ur16/install/ros2controlcli:/home/gcerioni/ws_ur16/install/ros2_controllers_test_nodes:/opt/ros/humble LD_LIBRARY_PATH=/home/gcerioni/ws_ur16/install/joint_trajectory_controller/lib:/home/gcerioni/ws_ur16/install/controller_manager/lib:/home/gcerioni/ws_ur16/install/hardware_interface_testing/lib:/home/gcerioni/ws_ur16/install/controller_interface/lib:/home/gcerioni/ws_ur16/install/hardware_interface/lib:/home/gcerioni/ws_ur16/install/control_toolbox/lib:/home/gcerioni/ws_ur16/install/ur_msgs/lib:/home/gcerioni/ws_ur16/install/ur_dashboard_msgs/lib:/home/gcerioni/ws_ur16/install/realtime_tools/lib:/home/gcerioni/ws_ur16/install/controller_manager_msgs/lib:/home/gcerioni/ws_ur16/install/control_msgs/lib:/home/gcerioni/ws_ur16/install/velocity_controllers/lib:/home/gcerioni/ws_ur16/install/ur_client_library/lib:/home/gcerioni/ws_ur16/install/tricycle_steering_controller/lib:/home/gcerioni/ws_ur16/install/tricycle_controller/lib:/home/gcerioni/ws_ur16/install/transmission_interface/lib:/home/gcerioni/ws_ur16/install/bicycle_steering_controller/lib:/home/gcerioni/ws_ur16/install/ackermann_steering_controller/lib:/home/gcerioni/ws_ur16/install/steering_controllers_library/lib:/home/gcerioni/ws_ur16/install/range_sensor_broadcaster/lib:/home/gcerioni/ws_ur16/install/position_controllers/lib:/home/gcerioni/ws_ur16/install/pose_broadcaster/lib:/home/gcerioni/ws_ur16/install/pid_controller/lib:/home/gcerioni/ws_ur16/install/mecanum_drive_controller/lib:/home/gcerioni/ws_ur16/install/joint_state_broadcaster/lib:/home/gcerioni/ws_ur16/install/imu_sensor_broadcaster/lib:/home/gcerioni/ws_ur16/install/gripper_controllers/lib:/home/gcerioni/ws_ur16/install/gpio_controllers/lib:/home/gcerioni/ws_ur16/install/effort_controllers/lib:/home/gcerioni/ws_ur16/install/forward_command_controller/lib:/home/gcerioni/ws_ur16/install/force_torque_sensor_broadcaster/lib:/home/gcerioni/ws_ur16/install/diff_drive_controller/lib:/home/gcerioni/ws_ur16/install/admittance_controller/lib:/home/gcerioni/ws_ur16/install/kinematics_interface_kdl/lib:/home/gcerioni/ws_ur16/install/kinematics_interface/lib:/home/gcerioni/ws_ur16/install/joint_limits/lib:/opt/ros/humble/opt/rviz_ogre_vendor/lib:/opt/ros/humble/lib/x86_64-linux-gnu:/opt/ros/humble/lib /usr/bin/cmake /home/gcerioni/ws_ur16/src/ur_controllers -DCMAKE_BUILD_TYPE=Release -DCMAKE_INSTALL_PREFIX=/home/gcerioni/ws_ur16/install/ur_controllers
[4.874s] Invoking command in '/home/gcerioni/ws_ur16/build/ur_controllers': CMAKE_PREFIX_PATH=/home/gcerioni/ws_ur16/install/joint_trajectory_controller:/home/gcerioni/ws_ur16/install/controller_manager:/home/gcerioni/ws_ur16/install/hardware_interface_testing:/home/gcerioni/ws_ur16/install/controller_interface:/home/gcerioni/ws_ur16/install/hardware_interface:/home/gcerioni/ws_ur16/install/control_toolbox:/home/gcerioni/ws_ur16/install/ur_msgs:/home/gcerioni/ws_ur16/install/ur_dashboard_msgs:/home/gcerioni/ws_ur16/install/ros2_control_test_assets:/home/gcerioni/ws_ur16/install/realtime_tools:/home/gcerioni/ws_ur16/install/controller_manager_msgs:/home/gcerioni/ws_ur16/install/control_msgs:/home/gcerioni/ws_ur16/install/ros2_controllers:/home/gcerioni/ws_ur16/install/velocity_controllers:/home/gcerioni/ws_ur16/install/ur_moveit_config:/home/gcerioni/ws_ur16/install/ur_description:/home/gcerioni/ws_ur16/install/ur_client_library:/home/gcerioni/ws_ur16/install/tricycle_steering_controller:/home/gcerioni/ws_ur16/install/tricycle_controller:/home/gcerioni/ws_ur16/install/ros2_control:/home/gcerioni/ws_ur16/install/transmission_interface:/home/gcerioni/ws_ur16/install/bicycle_steering_controller:/home/gcerioni/ws_ur16/install/ackermann_steering_controller:/home/gcerioni/ws_ur16/install/steering_controllers_library:/home/gcerioni/ws_ur16/install/range_sensor_broadcaster:/home/gcerioni/ws_ur16/install/position_controllers:/home/gcerioni/ws_ur16/install/pose_broadcaster:/home/gcerioni/ws_ur16/install/pid_controller:/home/gcerioni/ws_ur16/install/mecanum_drive_controller:/home/gcerioni/ws_ur16/install/joint_state_broadcaster:/home/gcerioni/ws_ur16/install/imu_sensor_broadcaster:/home/gcerioni/ws_ur16/install/gripper_controllers:/home/gcerioni/ws_ur16/install/gpio_controllers:/home/gcerioni/ws_ur16/install/effort_controllers:/home/gcerioni/ws_ur16/install/forward_command_controller:/home/gcerioni/ws_ur16/install/force_torque_sensor_broadcaster:/home/gcerioni/ws_ur16/install/diff_drive_controller:/home/gcerioni/ws_ur16/install/admittance_controller:/home/gcerioni/ws_ur16/install/kinematics_interface_kdl:/home/gcerioni/ws_ur16/install/kinematics_interface:/home/gcerioni/ws_ur16/install/joint_limits:/home/gcerioni/ws_ur16/install/rqt_joint_trajectory_controller:/home/gcerioni/ws_ur16/install/rqt_controller_manager:/home/gcerioni/ws_ur16/install/ros2controlcli:/home/gcerioni/ws_ur16/install/ros2_controllers_test_nodes:/opt/ros/humble LD_LIBRARY_PATH=/home/gcerioni/ws_ur16/install/joint_trajectory_controller/lib:/home/gcerioni/ws_ur16/install/controller_manager/lib:/home/gcerioni/ws_ur16/install/hardware_interface_testing/lib:/home/gcerioni/ws_ur16/install/controller_interface/lib:/home/gcerioni/ws_ur16/install/hardware_interface/lib:/home/gcerioni/ws_ur16/install/control_toolbox/lib:/home/gcerioni/ws_ur16/install/ur_msgs/lib:/home/gcerioni/ws_ur16/install/ur_dashboard_msgs/lib:/home/gcerioni/ws_ur16/install/realtime_tools/lib:/home/gcerioni/ws_ur16/install/controller_manager_msgs/lib:/home/gcerioni/ws_ur16/install/control_msgs/lib:/home/gcerioni/ws_ur16/install/velocity_controllers/lib:/home/gcerioni/ws_ur16/install/ur_client_library/lib:/home/gcerioni/ws_ur16/install/tricycle_steering_controller/lib:/home/gcerioni/ws_ur16/install/tricycle_controller/lib:/home/gcerioni/ws_ur16/install/transmission_interface/lib:/home/gcerioni/ws_ur16/install/bicycle_steering_controller/lib:/home/gcerioni/ws_ur16/install/ackermann_steering_controller/lib:/home/gcerioni/ws_ur16/install/steering_controllers_library/lib:/home/gcerioni/ws_ur16/install/range_sensor_broadcaster/lib:/home/gcerioni/ws_ur16/install/position_controllers/lib:/home/gcerioni/ws_ur16/install/pose_broadcaster/lib:/home/gcerioni/ws_ur16/install/pid_controller/lib:/home/gcerioni/ws_ur16/install/mecanum_drive_controller/lib:/home/gcerioni/ws_ur16/install/joint_state_broadcaster/lib:/home/gcerioni/ws_ur16/install/imu_sensor_broadcaster/lib:/home/gcerioni/ws_ur16/install/gripper_controllers/lib:/home/gcerioni/ws_ur16/install/gpio_controllers/lib:/home/gcerioni/ws_ur16/install/effort_controllers/lib:/home/gcerioni/ws_ur16/install/forward_command_controller/lib:/home/gcerioni/ws_ur16/install/force_torque_sensor_broadcaster/lib:/home/gcerioni/ws_ur16/install/diff_drive_controller/lib:/home/gcerioni/ws_ur16/install/admittance_controller/lib:/home/gcerioni/ws_ur16/install/kinematics_interface_kdl/lib:/home/gcerioni/ws_ur16/install/kinematics_interface/lib:/home/gcerioni/ws_ur16/install/joint_limits/lib:/opt/ros/humble/opt/rviz_ogre_vendor/lib:/opt/ros/humble/lib/x86_64-linux-gnu:/opt/ros/humble/lib /usr/bin/cmake --build /home/gcerioni/ws_ur16/build/ur_controllers -- -j8 -l8
[4.994s] [  3%] [32mBuilding CXX object gmock/CMakeFiles/gmock_main.dir/src/gmock_main.cc.o[0m
[4.998s] [  6%] [34m[1mRunning `/opt/ros/humble/bin/generate_parameter_library_cpp /home/gcerioni/ws_ur16/build/ur_controllers/include/ur_controllers/force_mode_controller_parameters.hpp /home/gcerioni/ws_ur16/src/ur_controllers/src/force_mode_controller_parameters.yaml `[0m
[5.002s] [  9%] [34m[1mRunning `/opt/ros/humble/bin/generate_parameter_library_cpp /home/gcerioni/ws_ur16/build/ur_controllers/include/ur_controllers/passthrough_trajectory_controller_parameters.hpp /home/gcerioni/ws_ur16/src/ur_controllers/src/passthrough_trajectory_controller_parameters.yaml `[0m
[5.005s] [ 12%] [34m[1mRunning `/opt/ros/humble/bin/generate_parameter_library_cpp /home/gcerioni/ws_ur16/build/ur_controllers/include/ur_controllers/ur_configuration_controller_parameters.hpp /home/gcerioni/ws_ur16/src/ur_controllers/src/ur_configuration_controller_parameters.yaml `[0m
[5.011s] [ 16%] [34m[1mRunning `/opt/ros/humble/bin/generate_parameter_library_cpp /home/gcerioni/ws_ur16/build/ur_controllers/include/ur_controllers/gpio_controller_parameters.hpp /home/gcerioni/ws_ur16/src/ur_controllers/src/gpio_controller_parameters.yaml `[0m
[5.013s] [ 19%] [34m[1mRunning `/opt/ros/humble/bin/generate_parameter_library_cpp /home/gcerioni/ws_ur16/build/ur_controllers/include/ur_controllers/freedrive_mode_controller_parameters.hpp /home/gcerioni/ws_ur16/src/ur_controllers/src/freedrive_mode_controller_parameters.yaml `[0m
[5.022s] [ 22%] [34m[1mRunning `/opt/ros/humble/bin/generate_parameter_library_cpp /home/gcerioni/ws_ur16/build/ur_controllers/include/ur_controllers/scaled_joint_trajectory_controller_parameters.hpp /home/gcerioni/ws_ur16/src/ur_controllers/src/scaled_joint_trajectory_controller_parameters.yaml `[0m
[5.023s] [ 25%] [34m[1mRunning `/opt/ros/humble/bin/generate_parameter_library_cpp /home/gcerioni/ws_ur16/build/ur_controllers/include/ur_controllers/speed_scaling_state_broadcaster_parameters.hpp /home/gcerioni/ws_ur16/src/ur_controllers/src/speed_scaling_state_broadcaster_parameters.yaml `[0m
[5.358s] [ 29%] [34m[1mCreating deprecated header file /home/gcerioni/ws_ur16/build/ur_controllers/include/speed_scaling_state_broadcaster_parameters.hpp[0m
[5.430s] [ 32%] [34m[1mCreating deprecated header file /home/gcerioni/ws_ur16/build/ur_controllers/include/ur_configuration_controller_parameters.hpp[0m
[5.500s] [ 35%] [34m[1mCreating deprecated header file /home/gcerioni/ws_ur16/build/ur_controllers/include/scaled_joint_trajectory_controller_parameters.hpp[0m
[5.544s] [ 35%] Built target speed_scaling_state_broadcaster_parameters
[5.563s] [ 38%] [34m[1mCreating deprecated header file /home/gcerioni/ws_ur16/build/ur_controllers/include/passthrough_trajectory_controller_parameters.hpp[0m
[5.564s] [ 41%] [34m[1mCreating deprecated header file /home/gcerioni/ws_ur16/build/ur_controllers/include/force_mode_controller_parameters.hpp[0m
[5.578s] [ 45%] [34m[1mCreating deprecated header file /home/gcerioni/ws_ur16/build/ur_controllers/include/gpio_controller_parameters.hpp[0m
[5.605s] [ 45%] Built target ur_configuration_controller_parameters
[5.620s] [ 48%] [32mBuilding CXX object gmock/CMakeFiles/gmock.dir/opt/ros/humble/src/gtest_vendor/src/gtest-all.cc.o[0m
[5.648s] [ 48%] Built target scaled_joint_trajectory_controller_parameters
[5.660s] [ 51%] [32mBuilding CXX object gmock/CMakeFiles/gmock.dir/src/gmock-all.cc.o[0m
[5.703s] [ 54%] [34m[1mCreating deprecated header file /home/gcerioni/ws_ur16/build/ur_controllers/include/freedrive_mode_controller_parameters.hpp[0m
[5.717s] [ 54%] Built target passthrough_trajectory_controller_parameters
[5.726s] [ 54%] Built target force_mode_controller_parameters
[5.736s] [ 54%] Built target gpio_controller_parameters
[5.817s] [ 54%] Built target freedrive_mode_controller_parameters
[5.872s] [ 58%] [32mBuilding CXX object CMakeFiles/ur_controllers.dir/src/scaled_joint_trajectory_controller.cpp.o[0m
[5.885s] [ 61%] [32mBuilding CXX object CMakeFiles/ur_controllers.dir/src/freedrive_mode_controller.cpp.o[0m
[5.897s] [ 64%] [32mBuilding CXX object CMakeFiles/ur_controllers.dir/src/force_mode_controller.cpp.o[0m
[5.903s] [ 67%] [32mBuilding CXX object CMakeFiles/ur_controllers.dir/src/speed_scaling_state_broadcaster.cpp.o[0m
[5.904s] [ 70%] [32mBuilding CXX object CMakeFiles/ur_controllers.dir/src/gpio_controller.cpp.o[0m
[7.910s] [ 74%] [32m[1mLinking CXX static library libgmock_main.a[0m
[8.148s] [ 74%] Built target gmock_main
[8.202s] [ 77%] [32mBuilding CXX object CMakeFiles/ur_controllers.dir/src/passthrough_trajectory_controller.cpp.o[0m
[12.128s] [ 80%] [32mBuilding CXX object CMakeFiles/ur_controllers.dir/src/ur_configuration_controller.cpp.o[0m
[20.879s] [ 83%] [32m[1mLinking CXX static library libgmock.a[0m
[21.061s] [ 83%] Built target gmock
[28.419s] [ 87%] [32m[1mLinking CXX shared library libur_controllers.so[0m
[28.916s] [ 87%] Built target ur_controllers
[28.949s] [ 90%] [32mBuilding CXX object CMakeFiles/test_load_force_mode_controller.dir/test/test_load_force_mode_controller.cpp.o[0m
[28.950s] [ 93%] [32mBuilding CXX object CMakeFiles/test_load_freedrive_mode_controller.dir/test/test_load_freedrive_mode_controller.cpp.o[0m
[35.017s] [ 96%] [32m[1mLinking CXX executable test_load_force_mode_controller[0m
[35.335s] [ 96%] Built target test_load_force_mode_controller
[36.138s] [100%] [32m[1mLinking CXX executable test_load_freedrive_mode_controller[0m
[36.470s] [100%] Built target test_load_freedrive_mode_controller
[36.487s] Invoked command in '/home/gcerioni/ws_ur16/build/ur_controllers' returned '0': CMAKE_PREFIX_PATH=/home/gcerioni/ws_ur16/install/joint_trajectory_controller:/home/gcerioni/ws_ur16/install/controller_manager:/home/gcerioni/ws_ur16/install/hardware_interface_testing:/home/gcerioni/ws_ur16/install/controller_interface:/home/gcerioni/ws_ur16/install/hardware_interface:/home/gcerioni/ws_ur16/install/control_toolbox:/home/gcerioni/ws_ur16/install/ur_msgs:/home/gcerioni/ws_ur16/install/ur_dashboard_msgs:/home/gcerioni/ws_ur16/install/ros2_control_test_assets:/home/gcerioni/ws_ur16/install/realtime_tools:/home/gcerioni/ws_ur16/install/controller_manager_msgs:/home/gcerioni/ws_ur16/install/control_msgs:/home/gcerioni/ws_ur16/install/ros2_controllers:/home/gcerioni/ws_ur16/install/velocity_controllers:/home/gcerioni/ws_ur16/install/ur_moveit_config:/home/gcerioni/ws_ur16/install/ur_description:/home/gcerioni/ws_ur16/install/ur_client_library:/home/gcerioni/ws_ur16/install/tricycle_steering_controller:/home/gcerioni/ws_ur16/install/tricycle_controller:/home/gcerioni/ws_ur16/install/ros2_control:/home/gcerioni/ws_ur16/install/transmission_interface:/home/gcerioni/ws_ur16/install/bicycle_steering_controller:/home/gcerioni/ws_ur16/install/ackermann_steering_controller:/home/gcerioni/ws_ur16/install/steering_controllers_library:/home/gcerioni/ws_ur16/install/range_sensor_broadcaster:/home/gcerioni/ws_ur16/install/position_controllers:/home/gcerioni/ws_ur16/install/pose_broadcaster:/home/gcerioni/ws_ur16/install/pid_controller:/home/gcerioni/ws_ur16/install/mecanum_drive_controller:/home/gcerioni/ws_ur16/install/joint_state_broadcaster:/home/gcerioni/ws_ur16/install/imu_sensor_broadcaster:/home/gcerioni/ws_ur16/install/gripper_controllers:/home/gcerioni/ws_ur16/install/gpio_controllers:/home/gcerioni/ws_ur16/install/effort_controllers:/home/gcerioni/ws_ur16/install/forward_command_controller:/home/gcerioni/ws_ur16/install/force_torque_sensor_broadcaster:/home/gcerioni/ws_ur16/install/diff_drive_controller:/home/gcerioni/ws_ur16/install/admittance_controller:/home/gcerioni/ws_ur16/install/kinematics_interface_kdl:/home/gcerioni/ws_ur16/install/kinematics_interface:/home/gcerioni/ws_ur16/install/joint_limits:/home/gcerioni/ws_ur16/install/rqt_joint_trajectory_controller:/home/gcerioni/ws_ur16/install/rqt_controller_manager:/home/gcerioni/ws_ur16/install/ros2controlcli:/home/gcerioni/ws_ur16/install/ros2_controllers_test_nodes:/opt/ros/humble LD_LIBRARY_PATH=/home/gcerioni/ws_ur16/install/joint_trajectory_controller/lib:/home/gcerioni/ws_ur16/install/controller_manager/lib:/home/gcerioni/ws_ur16/install/hardware_interface_testing/lib:/home/gcerioni/ws_ur16/install/controller_interface/lib:/home/gcerioni/ws_ur16/install/hardware_interface/lib:/home/gcerioni/ws_ur16/install/control_toolbox/lib:/home/gcerioni/ws_ur16/install/ur_msgs/lib:/home/gcerioni/ws_ur16/install/ur_dashboard_msgs/lib:/home/gcerioni/ws_ur16/install/realtime_tools/lib:/home/gcerioni/ws_ur16/install/controller_manager_msgs/lib:/home/gcerioni/ws_ur16/install/control_msgs/lib:/home/gcerioni/ws_ur16/install/velocity_controllers/lib:/home/gcerioni/ws_ur16/install/ur_client_library/lib:/home/gcerioni/ws_ur16/install/tricycle_steering_controller/lib:/home/gcerioni/ws_ur16/install/tricycle_controller/lib:/home/gcerioni/ws_ur16/install/transmission_interface/lib:/home/gcerioni/ws_ur16/install/bicycle_steering_controller/lib:/home/gcerioni/ws_ur16/install/ackermann_steering_controller/lib:/home/gcerioni/ws_ur16/install/steering_controllers_library/lib:/home/gcerioni/ws_ur16/install/range_sensor_broadcaster/lib:/home/gcerioni/ws_ur16/install/position_controllers/lib:/home/gcerioni/ws_ur16/install/pose_broadcaster/lib:/home/gcerioni/ws_ur16/install/pid_controller/lib:/home/gcerioni/ws_ur16/install/mecanum_drive_controller/lib:/home/gcerioni/ws_ur16/install/joint_state_broadcaster/lib:/home/gcerioni/ws_ur16/install/imu_sensor_broadcaster/lib:/home/gcerioni/ws_ur16/install/gripper_controllers/lib:/home/gcerioni/ws_ur16/install/gpio_controllers/lib:/home/gcerioni/ws_ur16/install/effort_controllers/lib:/home/gcerioni/ws_ur16/install/forward_command_controller/lib:/home/gcerioni/ws_ur16/install/force_torque_sensor_broadcaster/lib:/home/gcerioni/ws_ur16/install/diff_drive_controller/lib:/home/gcerioni/ws_ur16/install/admittance_controller/lib:/home/gcerioni/ws_ur16/install/kinematics_interface_kdl/lib:/home/gcerioni/ws_ur16/install/kinematics_interface/lib:/home/gcerioni/ws_ur16/install/joint_limits/lib:/opt/ros/humble/opt/rviz_ogre_vendor/lib:/opt/ros/humble/lib/x86_64-linux-gnu:/opt/ros/humble/lib /usr/bin/cmake --build /home/gcerioni/ws_ur16/build/ur_controllers -- -j8 -l8
[36.489s] Invoking command in '/home/gcerioni/ws_ur16/build/ur_controllers': CMAKE_PREFIX_PATH=/home/gcerioni/ws_ur16/install/joint_trajectory_controller:/home/gcerioni/ws_ur16/install/controller_manager:/home/gcerioni/ws_ur16/install/hardware_interface_testing:/home/gcerioni/ws_ur16/install/controller_interface:/home/gcerioni/ws_ur16/install/hardware_interface:/home/gcerioni/ws_ur16/install/control_toolbox:/home/gcerioni/ws_ur16/install/ur_msgs:/home/gcerioni/ws_ur16/install/ur_dashboard_msgs:/home/gcerioni/ws_ur16/install/ros2_control_test_assets:/home/gcerioni/ws_ur16/install/realtime_tools:/home/gcerioni/ws_ur16/install/controller_manager_msgs:/home/gcerioni/ws_ur16/install/control_msgs:/home/gcerioni/ws_ur16/install/ros2_controllers:/home/gcerioni/ws_ur16/install/velocity_controllers:/home/gcerioni/ws_ur16/install/ur_moveit_config:/home/gcerioni/ws_ur16/install/ur_description:/home/gcerioni/ws_ur16/install/ur_client_library:/home/gcerioni/ws_ur16/install/tricycle_steering_controller:/home/gcerioni/ws_ur16/install/tricycle_controller:/home/gcerioni/ws_ur16/install/ros2_control:/home/gcerioni/ws_ur16/install/transmission_interface:/home/gcerioni/ws_ur16/install/bicycle_steering_controller:/home/gcerioni/ws_ur16/install/ackermann_steering_controller:/home/gcerioni/ws_ur16/install/steering_controllers_library:/home/gcerioni/ws_ur16/install/range_sensor_broadcaster:/home/gcerioni/ws_ur16/install/position_controllers:/home/gcerioni/ws_ur16/install/pose_broadcaster:/home/gcerioni/ws_ur16/install/pid_controller:/home/gcerioni/ws_ur16/install/mecanum_drive_controller:/home/gcerioni/ws_ur16/install/joint_state_broadcaster:/home/gcerioni/ws_ur16/install/imu_sensor_broadcaster:/home/gcerioni/ws_ur16/install/gripper_controllers:/home/gcerioni/ws_ur16/install/gpio_controllers:/home/gcerioni/ws_ur16/install/effort_controllers:/home/gcerioni/ws_ur16/install/forward_command_controller:/home/gcerioni/ws_ur16/install/force_torque_sensor_broadcaster:/home/gcerioni/ws_ur16/install/diff_drive_controller:/home/gcerioni/ws_ur16/install/admittance_controller:/home/gcerioni/ws_ur16/install/kinematics_interface_kdl:/home/gcerioni/ws_ur16/install/kinematics_interface:/home/gcerioni/ws_ur16/install/joint_limits:/home/gcerioni/ws_ur16/install/rqt_joint_trajectory_controller:/home/gcerioni/ws_ur16/install/rqt_controller_manager:/home/gcerioni/ws_ur16/install/ros2controlcli:/home/gcerioni/ws_ur16/install/ros2_controllers_test_nodes:/opt/ros/humble LD_LIBRARY_PATH=/home/gcerioni/ws_ur16/install/joint_trajectory_controller/lib:/home/gcerioni/ws_ur16/install/controller_manager/lib:/home/gcerioni/ws_ur16/install/hardware_interface_testing/lib:/home/gcerioni/ws_ur16/install/controller_interface/lib:/home/gcerioni/ws_ur16/install/hardware_interface/lib:/home/gcerioni/ws_ur16/install/control_toolbox/lib:/home/gcerioni/ws_ur16/install/ur_msgs/lib:/home/gcerioni/ws_ur16/install/ur_dashboard_msgs/lib:/home/gcerioni/ws_ur16/install/realtime_tools/lib:/home/gcerioni/ws_ur16/install/controller_manager_msgs/lib:/home/gcerioni/ws_ur16/install/control_msgs/lib:/home/gcerioni/ws_ur16/install/velocity_controllers/lib:/home/gcerioni/ws_ur16/install/ur_client_library/lib:/home/gcerioni/ws_ur16/install/tricycle_steering_controller/lib:/home/gcerioni/ws_ur16/install/tricycle_controller/lib:/home/gcerioni/ws_ur16/install/transmission_interface/lib:/home/gcerioni/ws_ur16/install/bicycle_steering_controller/lib:/home/gcerioni/ws_ur16/install/ackermann_steering_controller/lib:/home/gcerioni/ws_ur16/install/steering_controllers_library/lib:/home/gcerioni/ws_ur16/install/range_sensor_broadcaster/lib:/home/gcerioni/ws_ur16/install/position_controllers/lib:/home/gcerioni/ws_ur16/install/pose_broadcaster/lib:/home/gcerioni/ws_ur16/install/pid_controller/lib:/home/gcerioni/ws_ur16/install/mecanum_drive_controller/lib:/home/gcerioni/ws_ur16/install/joint_state_broadcaster/lib:/home/gcerioni/ws_ur16/install/imu_sensor_broadcaster/lib:/home/gcerioni/ws_ur16/install/gripper_controllers/lib:/home/gcerioni/ws_ur16/install/gpio_controllers/lib:/home/gcerioni/ws_ur16/install/effort_controllers/lib:/home/gcerioni/ws_ur16/install/forward_command_controller/lib:/home/gcerioni/ws_ur16/install/force_torque_sensor_broadcaster/lib:/home/gcerioni/ws_ur16/install/diff_drive_controller/lib:/home/gcerioni/ws_ur16/install/admittance_controller/lib:/home/gcerioni/ws_ur16/install/kinematics_interface_kdl/lib:/home/gcerioni/ws_ur16/install/kinematics_interface/lib:/home/gcerioni/ws_ur16/install/joint_limits/lib:/opt/ros/humble/opt/rviz_ogre_vendor/lib:/opt/ros/humble/lib/x86_64-linux-gnu:/opt/ros/humble/lib /usr/bin/cmake --install /home/gcerioni/ws_ur16/build/ur_controllers
[36.500s] -- Install configuration: "Release"
[36.500s] -- Installing: /home/gcerioni/ws_ur16/install/ur_controllers/include/ur_controllers
[36.500s] -- Installing: /home/gcerioni/ws_ur16/install/ur_controllers/include/ur_controllers/scaled_joint_trajectory_controller_parameters.hpp
[36.500s] -- Installing: /home/gcerioni/ws_ur16/install/ur_controllers/include/ur_controllers/ur_configuration_controller_parameters.hpp
[36.500s] -- Installing: /home/gcerioni/ws_ur16/install/ur_controllers/include/ur_controllers/passthrough_trajectory_controller_parameters.hpp
[36.501s] -- Installing: /home/gcerioni/ws_ur16/install/ur_controllers/include/ur_controllers/gpio_controller_parameters.hpp
[36.501s] -- Installing: /home/gcerioni/ws_ur16/install/ur_controllers/include/ur_controllers/freedrive_mode_controller_parameters.hpp
[36.501s] -- Installing: /home/gcerioni/ws_ur16/install/ur_controllers/include/ur_controllers/speed_scaling_state_broadcaster_parameters.hpp
[36.501s] -- Installing: /home/gcerioni/ws_ur16/install/ur_controllers/include/ur_controllers/force_mode_controller_parameters.hpp
[36.501s] -- Up-to-date: /home/gcerioni/ws_ur16/install/ur_controllers/include/ur_controllers
[36.502s] -- Up-to-date: /home/gcerioni/ws_ur16/install/ur_controllers/include/ur_controllers/scaled_joint_trajectory_controller_parameters.hpp
[36.502s] -- Up-to-date: /home/gcerioni/ws_ur16/install/ur_controllers/include/ur_controllers/ur_configuration_controller_parameters.hpp
[36.502s] -- Up-to-date: /home/gcerioni/ws_ur16/install/ur_controllers/include/ur_controllers/passthrough_trajectory_controller_parameters.hpp
[36.502s] -- Up-to-date: /home/gcerioni/ws_ur16/install/ur_controllers/include/ur_controllers/gpio_controller_parameters.hpp
[36.502s] -- Up-to-date: /home/gcerioni/ws_ur16/install/ur_controllers/include/ur_controllers/freedrive_mode_controller_parameters.hpp
[36.502s] -- Up-to-date: /home/gcerioni/ws_ur16/install/ur_controllers/include/ur_controllers/speed_scaling_state_broadcaster_parameters.hpp
[36.502s] -- Up-to-date: /home/gcerioni/ws_ur16/install/ur_controllers/include/ur_controllers/force_mode_controller_parameters.hpp
[36.502s] -- Up-to-date: /home/gcerioni/ws_ur16/install/ur_controllers/include/ur_controllers
[36.503s] -- Up-to-date: /home/gcerioni/ws_ur16/install/ur_controllers/include/ur_controllers/scaled_joint_trajectory_controller_parameters.hpp
[36.503s] -- Up-to-date: /home/gcerioni/ws_ur16/install/ur_controllers/include/ur_controllers/ur_configuration_controller_parameters.hpp
[36.503s] -- Up-to-date: /home/gcerioni/ws_ur16/install/ur_controllers/include/ur_controllers/passthrough_trajectory_controller_parameters.hpp
[36.503s] -- Up-to-date: /home/gcerioni/ws_ur16/install/ur_controllers/include/ur_controllers/gpio_controller_parameters.hpp
[36.503s] -- Up-to-date: /home/gcerioni/ws_ur16/install/ur_controllers/include/ur_controllers/freedrive_mode_controller_parameters.hpp
[36.503s] -- Up-to-date: /home/gcerioni/ws_ur16/install/ur_controllers/include/ur_controllers/speed_scaling_state_broadcaster_parameters.hpp
[36.503s] -- Up-to-date: /home/gcerioni/ws_ur16/install/ur_controllers/include/ur_controllers/force_mode_controller_parameters.hpp
[36.503s] -- Up-to-date: /home/gcerioni/ws_ur16/install/ur_controllers/include/ur_controllers
[36.503s] -- Up-to-date: /home/gcerioni/ws_ur16/install/ur_controllers/include/ur_controllers/scaled_joint_trajectory_controller_parameters.hpp
[36.503s] -- Up-to-date: /home/gcerioni/ws_ur16/install/ur_controllers/include/ur_controllers/ur_configuration_controller_parameters.hpp
[36.504s] -- Up-to-date: /home/gcerioni/ws_ur16/install/ur_controllers/include/ur_controllers/passthrough_trajectory_controller_parameters.hpp
[36.504s] -- Up-to-date: /home/gcerioni/ws_ur16/install/ur_controllers/include/ur_controllers/gpio_controller_parameters.hpp
[36.504s] -- Up-to-date: /home/gcerioni/ws_ur16/install/ur_controllers/include/ur_controllers/freedrive_mode_controller_parameters.hpp
[36.504s] -- Up-to-date: /home/gcerioni/ws_ur16/install/ur_controllers/include/ur_controllers/speed_scaling_state_broadcaster_parameters.hpp
[36.504s] -- Up-to-date: /home/gcerioni/ws_ur16/install/ur_controllers/include/ur_controllers/force_mode_controller_parameters.hpp
[36.504s] -- Up-to-date: /home/gcerioni/ws_ur16/install/ur_controllers/include/ur_controllers
[36.504s] -- Up-to-date: /home/gcerioni/ws_ur16/install/ur_controllers/include/ur_controllers/scaled_joint_trajectory_controller_parameters.hpp
[36.504s] -- Up-to-date: /home/gcerioni/ws_ur16/install/ur_controllers/include/ur_controllers/ur_configuration_controller_parameters.hpp
[36.504s] -- Up-to-date: /home/gcerioni/ws_ur16/install/ur_controllers/include/ur_controllers/passthrough_trajectory_controller_parameters.hpp
[36.504s] -- Up-to-date: /home/gcerioni/ws_ur16/install/ur_controllers/include/ur_controllers/gpio_controller_parameters.hpp
[36.505s] -- Up-to-date: /home/gcerioni/ws_ur16/install/ur_controllers/include/ur_controllers/freedrive_mode_controller_parameters.hpp
[36.505s] -- Up-to-date: /home/gcerioni/ws_ur16/install/ur_controllers/include/ur_controllers/speed_scaling_state_broadcaster_parameters.hpp
[36.505s] -- Up-to-date: /home/gcerioni/ws_ur16/install/ur_controllers/include/ur_controllers/force_mode_controller_parameters.hpp
[36.505s] -- Up-to-date: /home/gcerioni/ws_ur16/install/ur_controllers/include/ur_controllers
[36.505s] -- Up-to-date: /home/gcerioni/ws_ur16/install/ur_controllers/include/ur_controllers/scaled_joint_trajectory_controller_parameters.hpp
[36.505s] -- Up-to-date: /home/gcerioni/ws_ur16/install/ur_controllers/include/ur_controllers/ur_configuration_controller_parameters.hpp
[36.505s] -- Up-to-date: /home/gcerioni/ws_ur16/install/ur_controllers/include/ur_controllers/passthrough_trajectory_controller_parameters.hpp
[36.505s] -- Up-to-date: /home/gcerioni/ws_ur16/install/ur_controllers/include/ur_controllers/gpio_controller_parameters.hpp
[36.505s] -- Up-to-date: /home/gcerioni/ws_ur16/install/ur_controllers/include/ur_controllers/freedrive_mode_controller_parameters.hpp
[36.506s] -- Up-to-date: /home/gcerioni/ws_ur16/install/ur_controllers/include/ur_controllers/speed_scaling_state_broadcaster_parameters.hpp
[36.506s] -- Up-to-date: /home/gcerioni/ws_ur16/install/ur_controllers/include/ur_controllers/force_mode_controller_parameters.hpp
[36.506s] -- Up-to-date: /home/gcerioni/ws_ur16/install/ur_controllers/include/ur_controllers
[36.506s] -- Up-to-date: /home/gcerioni/ws_ur16/install/ur_controllers/include/ur_controllers/scaled_joint_trajectory_controller_parameters.hpp
[36.506s] -- Up-to-date: /home/gcerioni/ws_ur16/install/ur_controllers/include/ur_controllers/ur_configuration_controller_parameters.hpp
[36.506s] -- Up-to-date: /home/gcerioni/ws_ur16/install/ur_controllers/include/ur_controllers/passthrough_trajectory_controller_parameters.hpp
[36.506s] -- Up-to-date: /home/gcerioni/ws_ur16/install/ur_controllers/include/ur_controllers/gpio_controller_parameters.hpp
[36.506s] -- Up-to-date: /home/gcerioni/ws_ur16/install/ur_controllers/include/ur_controllers/freedrive_mode_controller_parameters.hpp
[36.507s] -- Up-to-date: /home/gcerioni/ws_ur16/install/ur_controllers/include/ur_controllers/speed_scaling_state_broadcaster_parameters.hpp
[36.507s] -- Up-to-date: /home/gcerioni/ws_ur16/install/ur_controllers/include/ur_controllers/force_mode_controller_parameters.hpp
[36.507s] -- Installing: /home/gcerioni/ws_ur16/install/ur_controllers/share/ur_controllers/controller_plugins.xml
[36.507s] -- Installing: /home/gcerioni/ws_ur16/install/ur_controllers/lib/libur_controllers.so
[36.507s] -- Set runtime path of "/home/gcerioni/ws_ur16/install/ur_controllers/lib/libur_controllers.so" to ""
[36.507s] -- Up-to-date: /home/gcerioni/ws_ur16/install/ur_controllers/include
[36.507s] -- Up-to-date: /home/gcerioni/ws_ur16/install/ur_controllers/include/ur_controllers
[36.507s] -- Installing: /home/gcerioni/ws_ur16/install/ur_controllers/include/ur_controllers/passthrough_trajectory_controller.hpp
[36.507s] -- Installing: /home/gcerioni/ws_ur16/install/ur_controllers/include/ur_controllers/ur_configuration_controller.hpp
[36.508s] -- Installing: /home/gcerioni/ws_ur16/install/ur_controllers/include/ur_controllers/force_mode_controller.hpp
[36.508s] -- Installing: /home/gcerioni/ws_ur16/install/ur_controllers/include/ur_controllers/speed_scaling_state_broadcaster.hpp
[36.508s] -- Installing: /home/gcerioni/ws_ur16/install/ur_controllers/include/ur_controllers/scaled_joint_trajectory_controller.hpp
[36.508s] -- Installing: /home/gcerioni/ws_ur16/install/ur_controllers/include/ur_controllers/gpio_controller.hpp
[36.508s] -- Installing: /home/gcerioni/ws_ur16/install/ur_controllers/include/ur_controllers/freedrive_mode_controller.hpp
[36.508s] -- Up-to-date: /home/gcerioni/ws_ur16/install/ur_controllers/share/ur_controllers/controller_plugins.xml
[36.508s] -- Installing: /home/gcerioni/ws_ur16/install/ur_controllers/share/ur_controllers/environment/library_path.sh
[36.508s] -- Installing: /home/gcerioni/ws_ur16/install/ur_controllers/share/ur_controllers/environment/library_path.dsv
[36.509s] -- Installing: /home/gcerioni/ws_ur16/install/ur_controllers/share/ament_index/resource_index/package_run_dependencies/ur_controllers
[36.509s] -- Installing: /home/gcerioni/ws_ur16/install/ur_controllers/share/ament_index/resource_index/parent_prefix_path/ur_controllers
[36.509s] -- Installing: /home/gcerioni/ws_ur16/install/ur_controllers/share/ur_controllers/environment/ament_prefix_path.sh
[36.509s] -- Installing: /home/gcerioni/ws_ur16/install/ur_controllers/share/ur_controllers/environment/ament_prefix_path.dsv
[36.509s] -- Installing: /home/gcerioni/ws_ur16/install/ur_controllers/share/ur_controllers/environment/path.sh
[36.509s] -- Installing: /home/gcerioni/ws_ur16/install/ur_controllers/share/ur_controllers/environment/path.dsv
[36.509s] -- Installing: /home/gcerioni/ws_ur16/install/ur_controllers/share/ur_controllers/local_setup.bash
[36.509s] -- Installing: /home/gcerioni/ws_ur16/install/ur_controllers/share/ur_controllers/local_setup.sh
[36.509s] -- Installing: /home/gcerioni/ws_ur16/install/ur_controllers/share/ur_controllers/local_setup.zsh
[36.510s] -- Installing: /home/gcerioni/ws_ur16/install/ur_controllers/share/ur_controllers/local_setup.dsv
[36.510s] -- Installing: /home/gcerioni/ws_ur16/install/ur_controllers/share/ur_controllers/package.dsv
[36.510s] -- Installing: /home/gcerioni/ws_ur16/install/ur_controllers/share/ament_index/resource_index/packages/ur_controllers
[36.510s] -- Installing: /home/gcerioni/ws_ur16/install/ur_controllers/share/ament_index/resource_index/controller_interface__pluginlib__plugin/ur_controllers
[36.510s] -- Installing: /home/gcerioni/ws_ur16/install/ur_controllers/share/ur_controllers/cmake/ament_cmake_export_dependencies-extras.cmake
[36.510s] -- Installing: /home/gcerioni/ws_ur16/install/ur_controllers/share/ur_controllers/cmake/ament_cmake_export_include_directories-extras.cmake
[36.510s] -- Installing: /home/gcerioni/ws_ur16/install/ur_controllers/share/ur_controllers/cmake/ament_cmake_export_libraries-extras.cmake
[36.510s] -- Installing: /home/gcerioni/ws_ur16/install/ur_controllers/share/ur_controllers/cmake/ur_controllersConfig.cmake
[36.510s] -- Installing: /home/gcerioni/ws_ur16/install/ur_controllers/share/ur_controllers/cmake/ur_controllersConfig-version.cmake
[36.510s] -- Installing: /home/gcerioni/ws_ur16/install/ur_controllers/share/ur_controllers/package.xml
[36.512s] Invoked command in '/home/gcerioni/ws_ur16/build/ur_controllers' returned '0': CMAKE_PREFIX_PATH=/home/gcerioni/ws_ur16/install/joint_trajectory_controller:/home/gcerioni/ws_ur16/install/controller_manager:/home/gcerioni/ws_ur16/install/hardware_interface_testing:/home/gcerioni/ws_ur16/install/controller_interface:/home/gcerioni/ws_ur16/install/hardware_interface:/home/gcerioni/ws_ur16/install/control_toolbox:/home/gcerioni/ws_ur16/install/ur_msgs:/home/gcerioni/ws_ur16/install/ur_dashboard_msgs:/home/gcerioni/ws_ur16/install/ros2_control_test_assets:/home/gcerioni/ws_ur16/install/realtime_tools:/home/gcerioni/ws_ur16/install/controller_manager_msgs:/home/gcerioni/ws_ur16/install/control_msgs:/home/gcerioni/ws_ur16/install/ros2_controllers:/home/gcerioni/ws_ur16/install/velocity_controllers:/home/gcerioni/ws_ur16/install/ur_moveit_config:/home/gcerioni/ws_ur16/install/ur_description:/home/gcerioni/ws_ur16/install/ur_client_library:/home/gcerioni/ws_ur16/install/tricycle_steering_controller:/home/gcerioni/ws_ur16/install/tricycle_controller:/home/gcerioni/ws_ur16/install/ros2_control:/home/gcerioni/ws_ur16/install/transmission_interface:/home/gcerioni/ws_ur16/install/bicycle_steering_controller:/home/gcerioni/ws_ur16/install/ackermann_steering_controller:/home/gcerioni/ws_ur16/install/steering_controllers_library:/home/gcerioni/ws_ur16/install/range_sensor_broadcaster:/home/gcerioni/ws_ur16/install/position_controllers:/home/gcerioni/ws_ur16/install/pose_broadcaster:/home/gcerioni/ws_ur16/install/pid_controller:/home/gcerioni/ws_ur16/install/mecanum_drive_controller:/home/gcerioni/ws_ur16/install/joint_state_broadcaster:/home/gcerioni/ws_ur16/install/imu_sensor_broadcaster:/home/gcerioni/ws_ur16/install/gripper_controllers:/home/gcerioni/ws_ur16/install/gpio_controllers:/home/gcerioni/ws_ur16/install/effort_controllers:/home/gcerioni/ws_ur16/install/forward_command_controller:/home/gcerioni/ws_ur16/install/force_torque_sensor_broadcaster:/home/gcerioni/ws_ur16/install/diff_drive_controller:/home/gcerioni/ws_ur16/install/admittance_controller:/home/gcerioni/ws_ur16/install/kinematics_interface_kdl:/home/gcerioni/ws_ur16/install/kinematics_interface:/home/gcerioni/ws_ur16/install/joint_limits:/home/gcerioni/ws_ur16/install/rqt_joint_trajectory_controller:/home/gcerioni/ws_ur16/install/rqt_controller_manager:/home/gcerioni/ws_ur16/install/ros2controlcli:/home/gcerioni/ws_ur16/install/ros2_controllers_test_nodes:/opt/ros/humble LD_LIBRARY_PATH=/home/gcerioni/ws_ur16/install/joint_trajectory_controller/lib:/home/gcerioni/ws_ur16/install/controller_manager/lib:/home/gcerioni/ws_ur16/install/hardware_interface_testing/lib:/home/gcerioni/ws_ur16/install/controller_interface/lib:/home/gcerioni/ws_ur16/install/hardware_interface/lib:/home/gcerioni/ws_ur16/install/control_toolbox/lib:/home/gcerioni/ws_ur16/install/ur_msgs/lib:/home/gcerioni/ws_ur16/install/ur_dashboard_msgs/lib:/home/gcerioni/ws_ur16/install/realtime_tools/lib:/home/gcerioni/ws_ur16/install/controller_manager_msgs/lib:/home/gcerioni/ws_ur16/install/control_msgs/lib:/home/gcerioni/ws_ur16/install/velocity_controllers/lib:/home/gcerioni/ws_ur16/install/ur_client_library/lib:/home/gcerioni/ws_ur16/install/tricycle_steering_controller/lib:/home/gcerioni/ws_ur16/install/tricycle_controller/lib:/home/gcerioni/ws_ur16/install/transmission_interface/lib:/home/gcerioni/ws_ur16/install/bicycle_steering_controller/lib:/home/gcerioni/ws_ur16/install/ackermann_steering_controller/lib:/home/gcerioni/ws_ur16/install/steering_controllers_library/lib:/home/gcerioni/ws_ur16/install/range_sensor_broadcaster/lib:/home/gcerioni/ws_ur16/install/position_controllers/lib:/home/gcerioni/ws_ur16/install/pose_broadcaster/lib:/home/gcerioni/ws_ur16/install/pid_controller/lib:/home/gcerioni/ws_ur16/install/mecanum_drive_controller/lib:/home/gcerioni/ws_ur16/install/joint_state_broadcaster/lib:/home/gcerioni/ws_ur16/install/imu_sensor_broadcaster/lib:/home/gcerioni/ws_ur16/install/gripper_controllers/lib:/home/gcerioni/ws_ur16/install/gpio_controllers/lib:/home/gcerioni/ws_ur16/install/effort_controllers/lib:/home/gcerioni/ws_ur16/install/forward_command_controller/lib:/home/gcerioni/ws_ur16/install/force_torque_sensor_broadcaster/lib:/home/gcerioni/ws_ur16/install/diff_drive_controller/lib:/home/gcerioni/ws_ur16/install/admittance_controller/lib:/home/gcerioni/ws_ur16/install/kinematics_interface_kdl/lib:/home/gcerioni/ws_ur16/install/kinematics_interface/lib:/home/gcerioni/ws_ur16/install/joint_limits/lib:/opt/ros/humble/opt/rviz_ogre_vendor/lib:/opt/ros/humble/lib/x86_64-linux-gnu:/opt/ros/humble/lib /usr/bin/cmake --install /home/gcerioni/ws_ur16/build/ur_controllers
