[0.127s] Invoking command in '/home/gcerioni/ws_ur16/build/range_sensor_broadcaster': AMENT_PREFIX_PATH=/home/gcerioni/ws_ur16/install/controller_manager:/home/gcerioni/ws_ur16/install/hardware_interface_testing:/home/gcerioni/ws_ur16/install/controller_interface:/home/gcerioni/ws_ur16/install/hardware_interface:/home/gcerioni/ws_ur16/install/ros2_control_test_assets:/home/gcerioni/ws_ur16/install/realtime_tools:/home/gcerioni/ws_ur16/install/controller_manager_msgs:/home/gcerioni/ws_ur16/install/control_msgs:${AMENT_PREFIX_PATH} CMAKE_PREFIX_PATH=/home/gcerioni/ws_ur16/install/controller_manager:/home/gcerioni/ws_ur16/install/hardware_interface_testing:/home/gcerioni/ws_ur16/install/controller_interface:/home/gcerioni/ws_ur16/install/hardware_interface:/home/gcerioni/ws_ur16/install/ros2_control_test_assets:/home/gcerioni/ws_ur16/install/realtime_tools:/home/gcerioni/ws_ur16/install/controller_manager_msgs:/home/gcerioni/ws_ur16/install/control_msgs:/opt/ros/humble LD_LIBRARY_PATH=/home/gcerioni/ws_ur16/install/controller_manager/lib:/home/gcerioni/ws_ur16/install/hardware_interface_testing/lib:/home/gcerioni/ws_ur16/install/controller_interface/lib:/home/gcerioni/ws_ur16/install/hardware_interface/lib:/home/gcerioni/ws_ur16/install/realtime_tools/lib:/home/gcerioni/ws_ur16/install/controller_manager_msgs/lib:/home/gcerioni/ws_ur16/install/control_msgs/lib:${LD_LIBRARY_PATH} PYTHONPATH=/home/gcerioni/ws_ur16/install/controller_manager/local/lib/python3.10/dist-packages:/home/gcerioni/ws_ur16/install/controller_manager_msgs/local/lib/python3.10/dist-packages:/home/gcerioni/ws_ur16/install/control_msgs/local/lib/python3.10/dist-packages:${PYTHONPATH} /usr/bin/cmake --build /home/gcerioni/ws_ur16/build/range_sensor_broadcaster -- -j8 -l8
[0.197s] [35m[1mConsolidate compiler generated dependencies of target gmock[0m
[0.214s] [ 18%] Built target range_sensor_broadcaster_parameters
[0.225s] [ 45%] Built target gmock
[0.233s] [35m[1mConsolidate compiler generated dependencies of target range_sensor_broadcaster[0m
[0.263s] [ 63%] Built target range_sensor_broadcaster
[0.279s] [35m[1mConsolidate compiler generated dependencies of target test_load_range_sensor_broadcaster[0m
[0.281s] [35m[1mConsolidate compiler generated dependencies of target test_range_sensor_broadcaster[0m
[0.310s] [ 90%] Built target test_load_range_sensor_broadcaster
[0.310s] [100%] Built target test_range_sensor_broadcaster
[0.705s] Invoked command in '/home/gcerioni/ws_ur16/build/range_sensor_broadcaster' returned '0': AMENT_PREFIX_PATH=/home/gcerioni/ws_ur16/install/controller_manager:/home/gcerioni/ws_ur16/install/hardware_interface_testing:/home/gcerioni/ws_ur16/install/controller_interface:/home/gcerioni/ws_ur16/install/hardware_interface:/home/gcerioni/ws_ur16/install/ros2_control_test_assets:/home/gcerioni/ws_ur16/install/realtime_tools:/home/gcerioni/ws_ur16/install/controller_manager_msgs:/home/gcerioni/ws_ur16/install/control_msgs:${AMENT_PREFIX_PATH} CMAKE_PREFIX_PATH=/home/gcerioni/ws_ur16/install/controller_manager:/home/gcerioni/ws_ur16/install/hardware_interface_testing:/home/gcerioni/ws_ur16/install/controller_interface:/home/gcerioni/ws_ur16/install/hardware_interface:/home/gcerioni/ws_ur16/install/ros2_control_test_assets:/home/gcerioni/ws_ur16/install/realtime_tools:/home/gcerioni/ws_ur16/install/controller_manager_msgs:/home/gcerioni/ws_ur16/install/control_msgs:/opt/ros/humble LD_LIBRARY_PATH=/home/gcerioni/ws_ur16/install/controller_manager/lib:/home/gcerioni/ws_ur16/install/hardware_interface_testing/lib:/home/gcerioni/ws_ur16/install/controller_interface/lib:/home/gcerioni/ws_ur16/install/hardware_interface/lib:/home/gcerioni/ws_ur16/install/realtime_tools/lib:/home/gcerioni/ws_ur16/install/controller_manager_msgs/lib:/home/gcerioni/ws_ur16/install/control_msgs/lib:${LD_LIBRARY_PATH} PYTHONPATH=/home/gcerioni/ws_ur16/install/controller_manager/local/lib/python3.10/dist-packages:/home/gcerioni/ws_ur16/install/controller_manager_msgs/local/lib/python3.10/dist-packages:/home/gcerioni/ws_ur16/install/control_msgs/local/lib/python3.10/dist-packages:${PYTHONPATH} /usr/bin/cmake --build /home/gcerioni/ws_ur16/build/range_sensor_broadcaster -- -j8 -l8
[0.707s] Invoking command in '/home/gcerioni/ws_ur16/build/range_sensor_broadcaster': AMENT_PREFIX_PATH=/home/gcerioni/ws_ur16/install/controller_manager:/home/gcerioni/ws_ur16/install/hardware_interface_testing:/home/gcerioni/ws_ur16/install/controller_interface:/home/gcerioni/ws_ur16/install/hardware_interface:/home/gcerioni/ws_ur16/install/ros2_control_test_assets:/home/gcerioni/ws_ur16/install/realtime_tools:/home/gcerioni/ws_ur16/install/controller_manager_msgs:/home/gcerioni/ws_ur16/install/control_msgs:${AMENT_PREFIX_PATH} CMAKE_PREFIX_PATH=/home/gcerioni/ws_ur16/install/controller_manager:/home/gcerioni/ws_ur16/install/hardware_interface_testing:/home/gcerioni/ws_ur16/install/controller_interface:/home/gcerioni/ws_ur16/install/hardware_interface:/home/gcerioni/ws_ur16/install/ros2_control_test_assets:/home/gcerioni/ws_ur16/install/realtime_tools:/home/gcerioni/ws_ur16/install/controller_manager_msgs:/home/gcerioni/ws_ur16/install/control_msgs:/opt/ros/humble LD_LIBRARY_PATH=/home/gcerioni/ws_ur16/install/controller_manager/lib:/home/gcerioni/ws_ur16/install/hardware_interface_testing/lib:/home/gcerioni/ws_ur16/install/controller_interface/lib:/home/gcerioni/ws_ur16/install/hardware_interface/lib:/home/gcerioni/ws_ur16/install/realtime_tools/lib:/home/gcerioni/ws_ur16/install/controller_manager_msgs/lib:/home/gcerioni/ws_ur16/install/control_msgs/lib:${LD_LIBRARY_PATH} PYTHONPATH=/home/gcerioni/ws_ur16/install/controller_manager/local/lib/python3.10/dist-packages:/home/gcerioni/ws_ur16/install/controller_manager_msgs/local/lib/python3.10/dist-packages:/home/gcerioni/ws_ur16/install/control_msgs/local/lib/python3.10/dist-packages:${PYTHONPATH} /usr/bin/cmake --install /home/gcerioni/ws_ur16/build/range_sensor_broadcaster
[0.723s] -- Install configuration: "Release"
[0.724s] -- Up-to-date: /home/gcerioni/ws_ur16/install/range_sensor_broadcaster/include/range_sensor_broadcaster
[0.724s] -- Up-to-date: /home/gcerioni/ws_ur16/install/range_sensor_broadcaster/include/range_sensor_broadcaster/range_sensor_broadcaster_parameters.hpp
[0.724s] -- Up-to-date: /home/gcerioni/ws_ur16/install/range_sensor_broadcaster/share/range_sensor_broadcaster/range_sensor_broadcaster.xml
[0.724s] -- Up-to-date: /home/gcerioni/ws_ur16/install/range_sensor_broadcaster/include
[0.724s] -- Up-to-date: /home/gcerioni/ws_ur16/install/range_sensor_broadcaster/include/range_sensor_broadcaster
[0.724s] -- Up-to-date: /home/gcerioni/ws_ur16/install/range_sensor_broadcaster/include/range_sensor_broadcaster/visibility_control.h
[0.724s] -- Up-to-date: /home/gcerioni/ws_ur16/install/range_sensor_broadcaster/include/range_sensor_broadcaster/range_sensor_broadcaster.hpp
[0.725s] -- Up-to-date: /home/gcerioni/ws_ur16/install/range_sensor_broadcaster/lib/librange_sensor_broadcaster.so
[0.725s] -- Up-to-date: /home/gcerioni/ws_ur16/install/range_sensor_broadcaster/share/range_sensor_broadcaster/environment/library_path.sh
[0.725s] -- Up-to-date: /home/gcerioni/ws_ur16/install/range_sensor_broadcaster/share/range_sensor_broadcaster/environment/library_path.dsv
[0.725s] -- Up-to-date: /home/gcerioni/ws_ur16/install/range_sensor_broadcaster/share/ament_index/resource_index/package_run_dependencies/range_sensor_broadcaster
[0.725s] -- Up-to-date: /home/gcerioni/ws_ur16/install/range_sensor_broadcaster/share/ament_index/resource_index/parent_prefix_path/range_sensor_broadcaster
[0.725s] -- Up-to-date: /home/gcerioni/ws_ur16/install/range_sensor_broadcaster/share/range_sensor_broadcaster/environment/ament_prefix_path.sh
[0.725s] -- Up-to-date: /home/gcerioni/ws_ur16/install/range_sensor_broadcaster/share/range_sensor_broadcaster/environment/ament_prefix_path.dsv
[0.725s] -- Up-to-date: /home/gcerioni/ws_ur16/install/range_sensor_broadcaster/share/range_sensor_broadcaster/environment/path.sh
[0.725s] -- Up-to-date: /home/gcerioni/ws_ur16/install/range_sensor_broadcaster/share/range_sensor_broadcaster/environment/path.dsv
[0.726s] -- Up-to-date: /home/gcerioni/ws_ur16/install/range_sensor_broadcaster/share/range_sensor_broadcaster/local_setup.bash
[0.726s] -- Up-to-date: /home/gcerioni/ws_ur16/install/range_sensor_broadcaster/share/range_sensor_broadcaster/local_setup.sh
[0.726s] -- Up-to-date: /home/gcerioni/ws_ur16/install/range_sensor_broadcaster/share/range_sensor_broadcaster/local_setup.zsh
[0.726s] -- Up-to-date: /home/gcerioni/ws_ur16/install/range_sensor_broadcaster/share/range_sensor_broadcaster/local_setup.dsv
[0.726s] -- Installing: /home/gcerioni/ws_ur16/install/range_sensor_broadcaster/share/range_sensor_broadcaster/package.dsv
[0.726s] -- Up-to-date: /home/gcerioni/ws_ur16/install/range_sensor_broadcaster/share/ament_index/resource_index/packages/range_sensor_broadcaster
[0.726s] -- Up-to-date: /home/gcerioni/ws_ur16/install/range_sensor_broadcaster/share/ament_index/resource_index/controller_interface__pluginlib__plugin/range_sensor_broadcaster
[0.726s] -- Up-to-date: /home/gcerioni/ws_ur16/install/range_sensor_broadcaster/share/range_sensor_broadcaster/cmake/export_range_sensor_broadcasterExport.cmake
[0.726s] -- Up-to-date: /home/gcerioni/ws_ur16/install/range_sensor_broadcaster/share/range_sensor_broadcaster/cmake/export_range_sensor_broadcasterExport-release.cmake
[0.726s] -- Up-to-date: /home/gcerioni/ws_ur16/install/range_sensor_broadcaster/share/range_sensor_broadcaster/cmake/ament_cmake_export_dependencies-extras.cmake
[0.726s] -- Up-to-date: /home/gcerioni/ws_ur16/install/range_sensor_broadcaster/share/range_sensor_broadcaster/cmake/ament_cmake_export_targets-extras.cmake
[0.727s] -- Up-to-date: /home/gcerioni/ws_ur16/install/range_sensor_broadcaster/share/range_sensor_broadcaster/cmake/range_sensor_broadcasterConfig.cmake
[0.727s] -- Up-to-date: /home/gcerioni/ws_ur16/install/range_sensor_broadcaster/share/range_sensor_broadcaster/cmake/range_sensor_broadcasterConfig-version.cmake
[0.727s] -- Up-to-date: /home/gcerioni/ws_ur16/install/range_sensor_broadcaster/share/range_sensor_broadcaster/package.xml
[0.753s] Invoked command in '/home/gcerioni/ws_ur16/build/range_sensor_broadcaster' returned '0': AMENT_PREFIX_PATH=/home/gcerioni/ws_ur16/install/controller_manager:/home/gcerioni/ws_ur16/install/hardware_interface_testing:/home/gcerioni/ws_ur16/install/controller_interface:/home/gcerioni/ws_ur16/install/hardware_interface:/home/gcerioni/ws_ur16/install/ros2_control_test_assets:/home/gcerioni/ws_ur16/install/realtime_tools:/home/gcerioni/ws_ur16/install/controller_manager_msgs:/home/gcerioni/ws_ur16/install/control_msgs:${AMENT_PREFIX_PATH} CMAKE_PREFIX_PATH=/home/gcerioni/ws_ur16/install/controller_manager:/home/gcerioni/ws_ur16/install/hardware_interface_testing:/home/gcerioni/ws_ur16/install/controller_interface:/home/gcerioni/ws_ur16/install/hardware_interface:/home/gcerioni/ws_ur16/install/ros2_control_test_assets:/home/gcerioni/ws_ur16/install/realtime_tools:/home/gcerioni/ws_ur16/install/controller_manager_msgs:/home/gcerioni/ws_ur16/install/control_msgs:/opt/ros/humble LD_LIBRARY_PATH=/home/gcerioni/ws_ur16/install/controller_manager/lib:/home/gcerioni/ws_ur16/install/hardware_interface_testing/lib:/home/gcerioni/ws_ur16/install/controller_interface/lib:/home/gcerioni/ws_ur16/install/hardware_interface/lib:/home/gcerioni/ws_ur16/install/realtime_tools/lib:/home/gcerioni/ws_ur16/install/controller_manager_msgs/lib:/home/gcerioni/ws_ur16/install/control_msgs/lib:${LD_LIBRARY_PATH} PYTHONPATH=/home/gcerioni/ws_ur16/install/controller_manager/local/lib/python3.10/dist-packages:/home/gcerioni/ws_ur16/install/controller_manager_msgs/local/lib/python3.10/dist-packages:/home/gcerioni/ws_ur16/install/control_msgs/local/lib/python3.10/dist-packages:${PYTHONPATH} /usr/bin/cmake --install /home/gcerioni/ws_ur16/build/range_sensor_broadcaster
