[0.042s] Invoking command in '/home/gcerioni/ws_ur16/build/joint_limits': CMAKE_PREFIX_PATH=/opt/ros/humble /usr/bin/cmake /home/gcerioni/ws_ur16/src/ros2_control/joint_limits -DCMAKE_BUILD_TYPE=Release -DCMAKE_INSTALL_PREFIX=/home/gcerioni/ws_ur16/install/joint_limits
[0.876s] -- The C compiler identification is GNU 11.4.0
[0.876s] -- The CXX compiler identification is GNU 11.4.0
[0.877s] -- Detecting C compiler ABI info
[1.066s] -- Detecting C compiler ABI info - done
[1.107s] -- Check for working C compiler: /usr/bin/cc - skipped
[1.110s] -- Detecting C compile features
[1.111s] -- Detecting C compile features - done
[1.123s] -- Detecting CXX compiler ABI info
[1.542s] -- Detecting CXX compiler ABI info - done
[1.589s] -- Check for working CXX compiler: /usr/bin/c++ - skipped
[1.607s] -- Detecting CXX compile features
[1.608s] -- Detecting CXX compile features - done
[1.628s] -- Found ament_cmake: 1.3.11 (/opt/ros/humble/share/ament_cmake/cmake)
[2.438s] -- Found Python3: /usr/bin/python3 (found version "3.10.12") found components: Interpreter 
[3.004s] -- Found rclcpp: 16.0.11 (/opt/ros/humble/share/rclcpp/cmake)
[3.144s] -- Found rosidl_generator_c: 3.1.6 (/opt/ros/humble/share/rosidl_generator_c/cmake)
[3.162s] -- Found rosidl_adapter: 3.1.6 (/opt/ros/humble/share/rosidl_adapter/cmake)
[3.196s] -- Found rosidl_generator_cpp: 3.1.6 (/opt/ros/humble/share/rosidl_generator_cpp/cmake)
[3.240s] -- Using all available rosidl_typesupport_c: rosidl_typesupport_fastrtps_c;rosidl_typesupport_introspection_c
[3.287s] -- Using all available rosidl_typesupport_cpp: rosidl_typesupport_fastrtps_cpp;rosidl_typesupport_introspection_cpp
[3.410s] -- Found rmw_implementation_cmake: 6.1.2 (/opt/ros/humble/share/rmw_implementation_cmake/cmake)
[3.417s] -- Found rmw_fastrtps_cpp: 6.2.7 (/opt/ros/humble/share/rmw_fastrtps_cpp/cmake)
[3.837s] -- Found OpenSSL: /usr/lib/x86_64-linux-gnu/libcrypto.so (found version "3.0.2")  
[4.011s] -- Found FastRTPS: /opt/ros/humble/include  
[4.224s] -- Using RMW implementation 'rmw_fastrtps_cpp' as default
[4.260s] -- Looking for pthread.h
[4.627s] -- Looking for pthread.h - found
[4.627s] -- Performing Test CMAKE_HAVE_LIBC_PTHREAD
[4.880s] -- Performing Test CMAKE_HAVE_LIBC_PTHREAD - Success
[4.880s] -- Found Threads: TRUE  
[5.069s] -- Found rclcpp_lifecycle: 16.0.11 (/opt/ros/humble/share/rclcpp_lifecycle/cmake)
[5.119s] -- Found ament_cmake_gtest: 1.3.11 (/opt/ros/humble/share/ament_cmake_gtest/cmake)
[5.126s] -- Found launch_testing_ament_cmake: 1.0.7 (/opt/ros/humble/share/launch_testing_ament_cmake/cmake)
[5.133s] -- Found python_cmake_module: 0.10.0 (/opt/ros/humble/share/python_cmake_module/cmake)
[5.248s] -- Found PythonInterp: /usr/bin/python3 (found suitable version "3.10.12", minimum required is "3.6") 
[5.280s] -- Found PythonLibs: /usr/lib/x86_64-linux-gnu/libpython3.10.so (found suitable version "3.10.12", minimum required is "3.5") 
[5.280s] -- Using PYTHON_EXECUTABLE: /usr/bin/python3
[5.280s] -- Using PYTHON_INCLUDE_DIRS: /usr/include/python3.10
[5.281s] -- Using PYTHON_LIBRARIES: /usr/lib/x86_64-linux-gnu/libpython3.10.so
[5.359s] -- Found PythonExtra: .so  
[5.366s] -- Found gtest sources under '/opt/ros/humble/src/gtest_vendor': C++ tests using 'Google Test' will be built
[5.637s] -- Configuring done
[5.705s] -- Generating done
[5.744s] -- Build files have been written to: /home/gcerioni/ws_ur16/build/joint_limits
[5.834s] Invoked command in '/home/gcerioni/ws_ur16/build/joint_limits' returned '0': CMAKE_PREFIX_PATH=/opt/ros/humble /usr/bin/cmake /home/gcerioni/ws_ur16/src/ros2_control/joint_limits -DCMAKE_BUILD_TYPE=Release -DCMAKE_INSTALL_PREFIX=/home/gcerioni/ws_ur16/install/joint_limits
[5.835s] Invoking command in '/home/gcerioni/ws_ur16/build/joint_limits': CMAKE_PREFIX_PATH=/opt/ros/humble /usr/bin/cmake --build /home/gcerioni/ws_ur16/build/joint_limits -- -j8 -l8
[27.384s] [ 14%] [32mBuilding CXX object gtest/CMakeFiles/gtest_main.dir/src/gtest_main.cc.o[0m
[27.384s] [ 28%] [34m[1mGenerating joint_limits/version.h[0m
[27.384s] [ 42%] [32mBuilding CXX object gtest/CMakeFiles/gtest.dir/src/gtest-all.cc.o[0m
[27.385s] [ 42%] Built target ament_generate_version_header__joint_limits
[27.385s] [ 57%] [32m[1mLinking CXX static library libgtest_main.a[0m
[27.385s] [ 57%] Built target gtest_main
[31.573s] [ 71%] [32m[1mLinking CXX static library libgtest.a[0m
[31.683s] [ 71%] Built target gtest
[31.709s] [ 85%] [32mBuilding CXX object CMakeFiles/joint_limits_rosparam_test.dir/test/joint_limits_rosparam_test.cpp.o[0m
[41.649s] [100%] [32m[1mLinking CXX executable joint_limits_rosparam_test[0m
[41.831s] [100%] Built target joint_limits_rosparam_test
[41.856s] Invoked command in '/home/gcerioni/ws_ur16/build/joint_limits' returned '0': CMAKE_PREFIX_PATH=/opt/ros/humble /usr/bin/cmake --build /home/gcerioni/ws_ur16/build/joint_limits -- -j8 -l8
[41.868s] Invoking command in '/home/gcerioni/ws_ur16/build/joint_limits': CMAKE_PREFIX_PATH=/opt/ros/humble /usr/bin/cmake --install /home/gcerioni/ws_ur16/build/joint_limits
[41.964s] -- Install configuration: "Release"
[41.966s] -- Installing: /home/gcerioni/ws_ur16/install/joint_limits/include
[41.966s] -- Installing: /home/gcerioni/ws_ur16/install/joint_limits/include/joint_limits
[41.966s] -- Installing: /home/gcerioni/ws_ur16/install/joint_limits/include/joint_limits/joint_limits_rosparam.hpp
[41.966s] -- Installing: /home/gcerioni/ws_ur16/install/joint_limits/include/joint_limits/joint_limits.hpp
[41.967s] -- Installing: /home/gcerioni/ws_ur16/install/joint_limits/lib/joint_limits/joint_limits_rosparam_test
[41.967s] -- Set runtime path of "/home/gcerioni/ws_ur16/install/joint_limits/lib/joint_limits/joint_limits_rosparam_test" to ""
[41.967s] -- Installing: /home/gcerioni/ws_ur16/install/joint_limits/share/joint_limits/test/joint_limits_rosparam.yaml
[41.967s] -- Up-to-date: /home/gcerioni/ws_ur16/install/joint_limits/include/joint_limits
[41.967s] -- Installing: /home/gcerioni/ws_ur16/install/joint_limits/include/joint_limits/joint_limits
[41.967s] -- Installing: /home/gcerioni/ws_ur16/install/joint_limits/include/joint_limits/joint_limits/joint_limits_rosparam.hpp
[41.967s] -- Installing: /home/gcerioni/ws_ur16/install/joint_limits/include/joint_limits/joint_limits/joint_limits.hpp
[41.968s] -- Installing: /home/gcerioni/ws_ur16/install/joint_limits/share/joint_limits/environment/library_path.sh
[41.968s] -- Installing: /home/gcerioni/ws_ur16/install/joint_limits/share/joint_limits/environment/library_path.dsv
[41.968s] -- Installing: /home/gcerioni/ws_ur16/install/joint_limits/share/ament_index/resource_index/package_run_dependencies/joint_limits
[41.968s] -- Installing: /home/gcerioni/ws_ur16/install/joint_limits/share/ament_index/resource_index/parent_prefix_path/joint_limits
[41.968s] -- Installing: /home/gcerioni/ws_ur16/install/joint_limits/share/joint_limits/environment/ament_prefix_path.sh
[41.968s] -- Installing: /home/gcerioni/ws_ur16/install/joint_limits/share/joint_limits/environment/ament_prefix_path.dsv
[41.968s] -- Installing: /home/gcerioni/ws_ur16/install/joint_limits/share/joint_limits/environment/path.sh
[41.969s] -- Installing: /home/gcerioni/ws_ur16/install/joint_limits/share/joint_limits/environment/path.dsv
[41.969s] -- Installing: /home/gcerioni/ws_ur16/install/joint_limits/share/joint_limits/local_setup.bash
[41.969s] -- Installing: /home/gcerioni/ws_ur16/install/joint_limits/share/joint_limits/local_setup.sh
[41.969s] -- Installing: /home/gcerioni/ws_ur16/install/joint_limits/share/joint_limits/local_setup.zsh
[41.969s] -- Installing: /home/gcerioni/ws_ur16/install/joint_limits/share/joint_limits/local_setup.dsv
[41.969s] -- Installing: /home/gcerioni/ws_ur16/install/joint_limits/share/joint_limits/package.dsv
[41.969s] -- Installing: /home/gcerioni/ws_ur16/install/joint_limits/share/ament_index/resource_index/packages/joint_limits
[41.969s] -- Installing: /home/gcerioni/ws_ur16/install/joint_limits/share/joint_limits/cmake/export_joint_limitsExport.cmake
[41.970s] -- Installing: /home/gcerioni/ws_ur16/install/joint_limits/share/joint_limits/cmake/ament_cmake_export_targets-extras.cmake
[41.970s] -- Installing: /home/gcerioni/ws_ur16/install/joint_limits/share/joint_limits/cmake/ament_cmake_export_dependencies-extras.cmake
[41.970s] -- Installing: /home/gcerioni/ws_ur16/install/joint_limits/share/joint_limits/cmake/ament_cmake_export_include_directories-extras.cmake
[41.970s] -- Installing: /home/gcerioni/ws_ur16/install/joint_limits/share/joint_limits/cmake/joint_limitsConfig.cmake
[41.970s] -- Installing: /home/gcerioni/ws_ur16/install/joint_limits/share/joint_limits/cmake/joint_limitsConfig-version.cmake
[41.970s] -- Installing: /home/gcerioni/ws_ur16/install/joint_limits/share/joint_limits/package.xml
[41.970s] -- Installing: /home/gcerioni/ws_ur16/install/joint_limits/include/joint_limits/joint_limits/version.h
[42.008s] Invoked command in '/home/gcerioni/ws_ur16/build/joint_limits' returned '0': CMAKE_PREFIX_PATH=/opt/ros/humble /usr/bin/cmake --install /home/gcerioni/ws_ur16/build/joint_limits
