[0.058s] Invoking command in '/home/gcerioni/ws_ur16/build/bicycle_steering_controller': AMENT_PREFIX_PATH=/home/gcerioni/ws_ur16/install/steering_controllers_library:/home/gcerioni/ws_ur16/install/controller_manager:/home/gcerioni/ws_ur16/install/hardware_interface_testing:/home/gcerioni/ws_ur16/install/controller_interface:/home/gcerioni/ws_ur16/install/hardware_interface:/home/gcerioni/ws_ur16/install/ros2_control_test_assets:/home/gcerioni/ws_ur16/install/realtime_tools:/home/gcerioni/ws_ur16/install/controller_manager_msgs:/home/gcerioni/ws_ur16/install/control_msgs:${AMENT_PREFIX_PATH} CMAKE_PREFIX_PATH=/home/gcerioni/ws_ur16/install/steering_controllers_library:/home/gcerioni/ws_ur16/install/controller_manager:/home/gcerioni/ws_ur16/install/hardware_interface_testing:/home/gcerioni/ws_ur16/install/controller_interface:/home/gcerioni/ws_ur16/install/hardware_interface:/home/gcerioni/ws_ur16/install/ros2_control_test_assets:/home/gcerioni/ws_ur16/install/realtime_tools:/home/gcerioni/ws_ur16/install/controller_manager_msgs:/home/gcerioni/ws_ur16/install/control_msgs:/opt/ros/humble LD_LIBRARY_PATH=/home/gcerioni/ws_ur16/install/steering_controllers_library/lib:/home/gcerioni/ws_ur16/install/controller_manager/lib:/home/gcerioni/ws_ur16/install/hardware_interface_testing/lib:/home/gcerioni/ws_ur16/install/controller_interface/lib:/home/gcerioni/ws_ur16/install/hardware_interface/lib:/home/gcerioni/ws_ur16/install/realtime_tools/lib:/home/gcerioni/ws_ur16/install/controller_manager_msgs/lib:/home/gcerioni/ws_ur16/install/control_msgs/lib:${LD_LIBRARY_PATH} PYTHONPATH=/home/gcerioni/ws_ur16/install/controller_manager/local/lib/python3.10/dist-packages:/home/gcerioni/ws_ur16/install/controller_manager_msgs/local/lib/python3.10/dist-packages:/home/gcerioni/ws_ur16/install/control_msgs/local/lib/python3.10/dist-packages:${PYTHONPATH} /usr/bin/cmake --build /home/gcerioni/ws_ur16/build/bicycle_steering_controller -- -j8 -l8
[0.182s] [35m[1mConsolidate compiler generated dependencies of target gmock[0m
[0.223s] [ 15%] Built target bicycle_steering_controller_parameters
[0.235s] [ 38%] Built target gmock
[0.276s] [35m[1mConsolidate compiler generated dependencies of target bicycle_steering_controller[0m
[0.282s] [35m[1mConsolidate compiler generated dependencies of target test_load_bicycle_steering_controller[0m
[0.335s] [ 53%] Built target bicycle_steering_controller
[0.343s] [ 69%] Built target test_load_bicycle_steering_controller
[0.368s] [35m[1mConsolidate compiler generated dependencies of target test_bicycle_steering_controller[0m
[0.372s] [35m[1mConsolidate compiler generated dependencies of target test_bicycle_steering_controller_preceeding[0m
[0.431s] [ 84%] Built target test_bicycle_steering_controller
[0.437s] [100%] Built target test_bicycle_steering_controller_preceeding
[0.648s] Invoked command in '/home/gcerioni/ws_ur16/build/bicycle_steering_controller' returned '0': AMENT_PREFIX_PATH=/home/gcerioni/ws_ur16/install/steering_controllers_library:/home/gcerioni/ws_ur16/install/controller_manager:/home/gcerioni/ws_ur16/install/hardware_interface_testing:/home/gcerioni/ws_ur16/install/controller_interface:/home/gcerioni/ws_ur16/install/hardware_interface:/home/gcerioni/ws_ur16/install/ros2_control_test_assets:/home/gcerioni/ws_ur16/install/realtime_tools:/home/gcerioni/ws_ur16/install/controller_manager_msgs:/home/gcerioni/ws_ur16/install/control_msgs:${AMENT_PREFIX_PATH} CMAKE_PREFIX_PATH=/home/gcerioni/ws_ur16/install/steering_controllers_library:/home/gcerioni/ws_ur16/install/controller_manager:/home/gcerioni/ws_ur16/install/hardware_interface_testing:/home/gcerioni/ws_ur16/install/controller_interface:/home/gcerioni/ws_ur16/install/hardware_interface:/home/gcerioni/ws_ur16/install/ros2_control_test_assets:/home/gcerioni/ws_ur16/install/realtime_tools:/home/gcerioni/ws_ur16/install/controller_manager_msgs:/home/gcerioni/ws_ur16/install/control_msgs:/opt/ros/humble LD_LIBRARY_PATH=/home/gcerioni/ws_ur16/install/steering_controllers_library/lib:/home/gcerioni/ws_ur16/install/controller_manager/lib:/home/gcerioni/ws_ur16/install/hardware_interface_testing/lib:/home/gcerioni/ws_ur16/install/controller_interface/lib:/home/gcerioni/ws_ur16/install/hardware_interface/lib:/home/gcerioni/ws_ur16/install/realtime_tools/lib:/home/gcerioni/ws_ur16/install/controller_manager_msgs/lib:/home/gcerioni/ws_ur16/install/control_msgs/lib:${LD_LIBRARY_PATH} PYTHONPATH=/home/gcerioni/ws_ur16/install/controller_manager/local/lib/python3.10/dist-packages:/home/gcerioni/ws_ur16/install/controller_manager_msgs/local/lib/python3.10/dist-packages:/home/gcerioni/ws_ur16/install/control_msgs/local/lib/python3.10/dist-packages:${PYTHONPATH} /usr/bin/cmake --build /home/gcerioni/ws_ur16/build/bicycle_steering_controller -- -j8 -l8
[0.649s] Invoking command in '/home/gcerioni/ws_ur16/build/bicycle_steering_controller': AMENT_PREFIX_PATH=/home/gcerioni/ws_ur16/install/steering_controllers_library:/home/gcerioni/ws_ur16/install/controller_manager:/home/gcerioni/ws_ur16/install/hardware_interface_testing:/home/gcerioni/ws_ur16/install/controller_interface:/home/gcerioni/ws_ur16/install/hardware_interface:/home/gcerioni/ws_ur16/install/ros2_control_test_assets:/home/gcerioni/ws_ur16/install/realtime_tools:/home/gcerioni/ws_ur16/install/controller_manager_msgs:/home/gcerioni/ws_ur16/install/control_msgs:${AMENT_PREFIX_PATH} CMAKE_PREFIX_PATH=/home/gcerioni/ws_ur16/install/steering_controllers_library:/home/gcerioni/ws_ur16/install/controller_manager:/home/gcerioni/ws_ur16/install/hardware_interface_testing:/home/gcerioni/ws_ur16/install/controller_interface:/home/gcerioni/ws_ur16/install/hardware_interface:/home/gcerioni/ws_ur16/install/ros2_control_test_assets:/home/gcerioni/ws_ur16/install/realtime_tools:/home/gcerioni/ws_ur16/install/controller_manager_msgs:/home/gcerioni/ws_ur16/install/control_msgs:/opt/ros/humble LD_LIBRARY_PATH=/home/gcerioni/ws_ur16/install/steering_controllers_library/lib:/home/gcerioni/ws_ur16/install/controller_manager/lib:/home/gcerioni/ws_ur16/install/hardware_interface_testing/lib:/home/gcerioni/ws_ur16/install/controller_interface/lib:/home/gcerioni/ws_ur16/install/hardware_interface/lib:/home/gcerioni/ws_ur16/install/realtime_tools/lib:/home/gcerioni/ws_ur16/install/controller_manager_msgs/lib:/home/gcerioni/ws_ur16/install/control_msgs/lib:${LD_LIBRARY_PATH} PYTHONPATH=/home/gcerioni/ws_ur16/install/controller_manager/local/lib/python3.10/dist-packages:/home/gcerioni/ws_ur16/install/controller_manager_msgs/local/lib/python3.10/dist-packages:/home/gcerioni/ws_ur16/install/control_msgs/local/lib/python3.10/dist-packages:${PYTHONPATH} /usr/bin/cmake --install /home/gcerioni/ws_ur16/build/bicycle_steering_controller
[0.691s] -- Install configuration: "Release"
[0.692s] -- Up-to-date: /home/gcerioni/ws_ur16/install/bicycle_steering_controller/include/bicycle_steering_controller
[0.692s] -- Up-to-date: /home/gcerioni/ws_ur16/install/bicycle_steering_controller/include/bicycle_steering_controller/bicycle_steering_controller_parameters.hpp
[0.692s] -- Up-to-date: /home/gcerioni/ws_ur16/install/bicycle_steering_controller/share/bicycle_steering_controller/bicycle_steering_controller.xml
[0.692s] -- Up-to-date: /home/gcerioni/ws_ur16/install/bicycle_steering_controller/include/bicycle_steering_controller
[0.692s] -- Up-to-date: /home/gcerioni/ws_ur16/install/bicycle_steering_controller/include/bicycle_steering_controller/bicycle_steering_controller
[0.692s] -- Up-to-date: /home/gcerioni/ws_ur16/install/bicycle_steering_controller/include/bicycle_steering_controller/bicycle_steering_controller/bicycle_steering_controller.hpp
[0.692s] -- Up-to-date: /home/gcerioni/ws_ur16/install/bicycle_steering_controller/include/bicycle_steering_controller/bicycle_steering_controller/visibility_control.h
[0.692s] -- Up-to-date: /home/gcerioni/ws_ur16/install/bicycle_steering_controller/lib/libbicycle_steering_controller.so
[0.692s] -- Up-to-date: /home/gcerioni/ws_ur16/install/bicycle_steering_controller/share/bicycle_steering_controller/environment/library_path.sh
[0.692s] -- Up-to-date: /home/gcerioni/ws_ur16/install/bicycle_steering_controller/share/bicycle_steering_controller/environment/library_path.dsv
[0.692s] -- Up-to-date: /home/gcerioni/ws_ur16/install/bicycle_steering_controller/share/ament_index/resource_index/package_run_dependencies/bicycle_steering_controller
[0.692s] -- Up-to-date: /home/gcerioni/ws_ur16/install/bicycle_steering_controller/share/ament_index/resource_index/parent_prefix_path/bicycle_steering_controller
[0.692s] -- Up-to-date: /home/gcerioni/ws_ur16/install/bicycle_steering_controller/share/bicycle_steering_controller/environment/ament_prefix_path.sh
[0.692s] -- Up-to-date: /home/gcerioni/ws_ur16/install/bicycle_steering_controller/share/bicycle_steering_controller/environment/ament_prefix_path.dsv
[0.692s] -- Up-to-date: /home/gcerioni/ws_ur16/install/bicycle_steering_controller/share/bicycle_steering_controller/environment/path.sh
[0.692s] -- Up-to-date: /home/gcerioni/ws_ur16/install/bicycle_steering_controller/share/bicycle_steering_controller/environment/path.dsv
[0.692s] -- Up-to-date: /home/gcerioni/ws_ur16/install/bicycle_steering_controller/share/bicycle_steering_controller/local_setup.bash
[0.692s] -- Up-to-date: /home/gcerioni/ws_ur16/install/bicycle_steering_controller/share/bicycle_steering_controller/local_setup.sh
[0.693s] -- Up-to-date: /home/gcerioni/ws_ur16/install/bicycle_steering_controller/share/bicycle_steering_controller/local_setup.zsh
[0.693s] -- Up-to-date: /home/gcerioni/ws_ur16/install/bicycle_steering_controller/share/bicycle_steering_controller/local_setup.dsv
[0.693s] -- Installing: /home/gcerioni/ws_ur16/install/bicycle_steering_controller/share/bicycle_steering_controller/package.dsv
[0.693s] -- Up-to-date: /home/gcerioni/ws_ur16/install/bicycle_steering_controller/share/ament_index/resource_index/packages/bicycle_steering_controller
[0.693s] -- Up-to-date: /home/gcerioni/ws_ur16/install/bicycle_steering_controller/share/ament_index/resource_index/controller_interface__pluginlib__plugin/bicycle_steering_controller
[0.693s] -- Up-to-date: /home/gcerioni/ws_ur16/install/bicycle_steering_controller/share/bicycle_steering_controller/cmake/export_bicycle_steering_controllerExport.cmake
[0.693s] -- Up-to-date: /home/gcerioni/ws_ur16/install/bicycle_steering_controller/share/bicycle_steering_controller/cmake/export_bicycle_steering_controllerExport-release.cmake
[0.693s] -- Up-to-date: /home/gcerioni/ws_ur16/install/bicycle_steering_controller/share/bicycle_steering_controller/cmake/ament_cmake_export_dependencies-extras.cmake
[0.693s] -- Up-to-date: /home/gcerioni/ws_ur16/install/bicycle_steering_controller/share/bicycle_steering_controller/cmake/ament_cmake_export_targets-extras.cmake
[0.693s] -- Up-to-date: /home/gcerioni/ws_ur16/install/bicycle_steering_controller/share/bicycle_steering_controller/cmake/bicycle_steering_controllerConfig.cmake
[0.693s] -- Up-to-date: /home/gcerioni/ws_ur16/install/bicycle_steering_controller/share/bicycle_steering_controller/cmake/bicycle_steering_controllerConfig-version.cmake
[0.693s] -- Up-to-date: /home/gcerioni/ws_ur16/install/bicycle_steering_controller/share/bicycle_steering_controller/package.xml
[0.762s] Invoked command in '/home/gcerioni/ws_ur16/build/bicycle_steering_controller' returned '0': AMENT_PREFIX_PATH=/home/gcerioni/ws_ur16/install/steering_controllers_library:/home/gcerioni/ws_ur16/install/controller_manager:/home/gcerioni/ws_ur16/install/hardware_interface_testing:/home/gcerioni/ws_ur16/install/controller_interface:/home/gcerioni/ws_ur16/install/hardware_interface:/home/gcerioni/ws_ur16/install/ros2_control_test_assets:/home/gcerioni/ws_ur16/install/realtime_tools:/home/gcerioni/ws_ur16/install/controller_manager_msgs:/home/gcerioni/ws_ur16/install/control_msgs:${AMENT_PREFIX_PATH} CMAKE_PREFIX_PATH=/home/gcerioni/ws_ur16/install/steering_controllers_library:/home/gcerioni/ws_ur16/install/controller_manager:/home/gcerioni/ws_ur16/install/hardware_interface_testing:/home/gcerioni/ws_ur16/install/controller_interface:/home/gcerioni/ws_ur16/install/hardware_interface:/home/gcerioni/ws_ur16/install/ros2_control_test_assets:/home/gcerioni/ws_ur16/install/realtime_tools:/home/gcerioni/ws_ur16/install/controller_manager_msgs:/home/gcerioni/ws_ur16/install/control_msgs:/opt/ros/humble LD_LIBRARY_PATH=/home/gcerioni/ws_ur16/install/steering_controllers_library/lib:/home/gcerioni/ws_ur16/install/controller_manager/lib:/home/gcerioni/ws_ur16/install/hardware_interface_testing/lib:/home/gcerioni/ws_ur16/install/controller_interface/lib:/home/gcerioni/ws_ur16/install/hardware_interface/lib:/home/gcerioni/ws_ur16/install/realtime_tools/lib:/home/gcerioni/ws_ur16/install/controller_manager_msgs/lib:/home/gcerioni/ws_ur16/install/control_msgs/lib:${LD_LIBRARY_PATH} PYTHONPATH=/home/gcerioni/ws_ur16/install/controller_manager/local/lib/python3.10/dist-packages:/home/gcerioni/ws_ur16/install/controller_manager_msgs/local/lib/python3.10/dist-packages:/home/gcerioni/ws_ur16/install/control_msgs/local/lib/python3.10/dist-packages:${PYTHONPATH} /usr/bin/cmake --install /home/gcerioni/ws_ur16/build/bicycle_steering_controller
