[0.034s] Invoking command in '/home/gcerioni/ws_ur16/build/kinematics_interface': CMAKE_PREFIX_PATH=/opt/ros/humble /usr/bin/cmake --build /home/gcerioni/ws_ur16/build/kinematics_interface -- -j8 -l8
[0.093s] [35m[1mConsolidate compiler generated dependencies of target kinematics_interface[0m
[0.114s] [100%] Built target kinematics_interface
[0.158s] Invoked command in '/home/gcerioni/ws_ur16/build/kinematics_interface' returned '0': CMAKE_PREFIX_PATH=/opt/ros/humble /usr/bin/cmake --build /home/gcerioni/ws_ur16/build/kinematics_interface -- -j8 -l8
[0.158s] Invoking command in '/home/gcerioni/ws_ur16/build/kinematics_interface': CMAKE_PREFIX_PATH=/opt/ros/humble /usr/bin/cmake --install /home/gcerioni/ws_ur16/build/kinematics_interface
[0.202s] -- Install configuration: "Release"
[0.202s] -- Up-to-date: /home/gcerioni/ws_ur16/install/kinematics_interface/include/kinematics_interface
[0.202s] -- Up-to-date: /home/gcerioni/ws_ur16/install/kinematics_interface/include/kinematics_interface/kinematics_interface
[0.202s] -- Up-to-date: /home/gcerioni/ws_ur16/install/kinematics_interface/include/kinematics_interface/kinematics_interface/visibility_control.h
[0.202s] -- Up-to-date: /home/gcerioni/ws_ur16/install/kinematics_interface/include/kinematics_interface/kinematics_interface/kinematics_interface.hpp
[0.202s] -- Up-to-date: /home/gcerioni/ws_ur16/install/kinematics_interface/lib/libkinematics_interface.so
[0.202s] -- Up-to-date: /home/gcerioni/ws_ur16/install/kinematics_interface/share/kinematics_interface/environment/library_path.sh
[0.202s] -- Up-to-date: /home/gcerioni/ws_ur16/install/kinematics_interface/share/kinematics_interface/environment/library_path.dsv
[0.202s] -- Up-to-date: /home/gcerioni/ws_ur16/install/kinematics_interface/share/ament_index/resource_index/package_run_dependencies/kinematics_interface
[0.202s] -- Up-to-date: /home/gcerioni/ws_ur16/install/kinematics_interface/share/ament_index/resource_index/parent_prefix_path/kinematics_interface
[0.202s] -- Up-to-date: /home/gcerioni/ws_ur16/install/kinematics_interface/share/kinematics_interface/environment/ament_prefix_path.sh
[0.202s] -- Up-to-date: /home/gcerioni/ws_ur16/install/kinematics_interface/share/kinematics_interface/environment/ament_prefix_path.dsv
[0.203s] -- Up-to-date: /home/gcerioni/ws_ur16/install/kinematics_interface/share/kinematics_interface/environment/path.sh
[0.203s] -- Up-to-date: /home/gcerioni/ws_ur16/install/kinematics_interface/share/kinematics_interface/environment/path.dsv
[0.203s] -- Up-to-date: /home/gcerioni/ws_ur16/install/kinematics_interface/share/kinematics_interface/local_setup.bash
[0.206s] -- Up-to-date: /home/gcerioni/ws_ur16/install/kinematics_interface/share/kinematics_interface/local_setup.sh
[0.207s] -- Up-to-date: /home/gcerioni/ws_ur16/install/kinematics_interface/share/kinematics_interface/local_setup.zsh
[0.207s] -- Up-to-date: /home/gcerioni/ws_ur16/install/kinematics_interface/share/kinematics_interface/local_setup.dsv
[0.207s] -- Installing: /home/gcerioni/ws_ur16/install/kinematics_interface/share/kinematics_interface/package.dsv
[0.207s] -- Up-to-date: /home/gcerioni/ws_ur16/install/kinematics_interface/share/ament_index/resource_index/packages/kinematics_interface
[0.207s] -- Up-to-date: /home/gcerioni/ws_ur16/install/kinematics_interface/share/kinematics_interface/cmake/export_kinematics_interfaceExport.cmake
[0.207s] -- Up-to-date: /home/gcerioni/ws_ur16/install/kinematics_interface/share/kinematics_interface/cmake/export_kinematics_interfaceExport-release.cmake
[0.207s] -- Up-to-date: /home/gcerioni/ws_ur16/install/kinematics_interface/share/kinematics_interface/cmake/ament_cmake_export_targets-extras.cmake
[0.207s] -- Up-to-date: /home/gcerioni/ws_ur16/install/kinematics_interface/share/kinematics_interface/cmake/ament_cmake_export_dependencies-extras.cmake
[0.207s] -- Up-to-date: /home/gcerioni/ws_ur16/install/kinematics_interface/share/kinematics_interface/cmake/kinematics_interfaceConfig.cmake
[0.208s] -- Up-to-date: /home/gcerioni/ws_ur16/install/kinematics_interface/share/kinematics_interface/cmake/kinematics_interfaceConfig-version.cmake
[0.208s] -- Up-to-date: /home/gcerioni/ws_ur16/install/kinematics_interface/share/kinematics_interface/package.xml
[0.212s] Invoked command in '/home/gcerioni/ws_ur16/build/kinematics_interface' returned '0': CMAKE_PREFIX_PATH=/opt/ros/humble /usr/bin/cmake --install /home/gcerioni/ws_ur16/build/kinematics_interface
