[0.102s] Invoking command in '/home/gcerioni/ws_ur16/build/control_msgs': CMAKE_PREFIX_PATH=${CMAKE_PREFIX_PATH}:/home/gcerioni/ws_ur16/install/rqt_joint_trajectory_controller:/home/gcerioni/ws_ur16/install/rqt_controller_manager:/home/gcerioni/ws_ur16/install/ros2controlcli:/home/gcerioni/ws_ur16/install/ros2_controllers_test_nodes:/opt/ros/humble /usr/bin/cmake --build /home/gcerioni/ws_ur16/build/control_msgs -- -j8 -l8
[0.375s] [  0%] Built target control_msgs__cpp
[0.391s] [  0%] Built target ament_cmake_python_copy_control_msgs
[0.393s] [ 13%] Built target control_msgs__rosidl_generator_c
[0.648s] [ 26%] Built target control_msgs__rosidl_typesupport_introspection_cpp
[0.649s] [ 38%] Built target control_msgs__rosidl_typesupport_c
[0.693s] [ 50%] Built target control_msgs__rosidl_typesupport_cpp
[0.708s] [ 62%] Built target control_msgs__rosidl_typesupport_fastrtps_c
[0.756s] [ 74%] Built target control_msgs__rosidl_typesupport_fastrtps_cpp
[0.767s] [ 86%] Built target control_msgs__rosidl_typesupport_introspection_c
[0.862s] [ 86%] Built target control_msgs
[0.939s] [ 86%] Built target control_msgs__py
[1.090s] [ 97%] Built target control_msgs__rosidl_generator_py
[1.161s] [ 98%] Built target control_msgs__rosidl_typesupport_c__pyext
[1.165s] [ 99%] Built target control_msgs__rosidl_typesupport_fastrtps_c__pyext
[1.177s] [100%] Built target control_msgs__rosidl_typesupport_introspection_c__pyext
[1.458s] running egg_info
[1.458s] writing control_msgs.egg-info/PKG-INFO
[1.458s] writing dependency_links to control_msgs.egg-info/dependency_links.txt
[1.458s] writing top-level names to control_msgs.egg-info/top_level.txt
[1.459s] reading manifest file 'control_msgs.egg-info/SOURCES.txt'
[1.459s] writing manifest file 'control_msgs.egg-info/SOURCES.txt'
[1.556s] [100%] Built target ament_cmake_python_build_control_msgs_egg
[1.636s] Invoked command in '/home/gcerioni/ws_ur16/build/control_msgs' returned '0': CMAKE_PREFIX_PATH=${CMAKE_PREFIX_PATH}:/home/gcerioni/ws_ur16/install/rqt_joint_trajectory_controller:/home/gcerioni/ws_ur16/install/rqt_controller_manager:/home/gcerioni/ws_ur16/install/ros2controlcli:/home/gcerioni/ws_ur16/install/ros2_controllers_test_nodes:/opt/ros/humble /usr/bin/cmake --build /home/gcerioni/ws_ur16/build/control_msgs -- -j8 -l8
[1.637s] Invoking command in '/home/gcerioni/ws_ur16/build/control_msgs': CMAKE_PREFIX_PATH=${CMAKE_PREFIX_PATH}:/home/gcerioni/ws_ur16/install/rqt_joint_trajectory_controller:/home/gcerioni/ws_ur16/install/rqt_controller_manager:/home/gcerioni/ws_ur16/install/ros2controlcli:/home/gcerioni/ws_ur16/install/ros2_controllers_test_nodes:/opt/ros/humble /usr/bin/cmake --install /home/gcerioni/ws_ur16/build/control_msgs
[1.947s] -- Install configuration: "Release"
[1.947s] -- Up-to-date: /home/gcerioni/ws_ur16/install/control_msgs/share/ament_index/resource_index/rosidl_interfaces/control_msgs
[1.947s] -- Up-to-date: /home/gcerioni/ws_ur16/install/control_msgs/include/control_msgs/control_msgs
[1.947s] -- Up-to-date: /home/gcerioni/ws_ur16/install/control_msgs/include/control_msgs/control_msgs/msg
[1.947s] -- Up-to-date: /home/gcerioni/ws_ur16/install/control_msgs/include/control_msgs/control_msgs/msg/joint_jog.h
[1.947s] -- Up-to-date: /home/gcerioni/ws_ur16/install/control_msgs/include/control_msgs/control_msgs/msg/joint_controller_state.h
[1.948s] -- Up-to-date: /home/gcerioni/ws_ur16/install/control_msgs/include/control_msgs/control_msgs/msg/joint_tolerance.h
[1.948s] -- Up-to-date: /home/gcerioni/ws_ur16/install/control_msgs/include/control_msgs/control_msgs/msg/detail
[1.948s] -- Up-to-date: /home/gcerioni/ws_ur16/install/control_msgs/include/control_msgs/control_msgs/msg/detail/joint_jog__functions.c
[1.948s] -- Up-to-date: /home/gcerioni/ws_ur16/install/control_msgs/include/control_msgs/control_msgs/msg/detail/multi_dof_state_stamped__type_support.h
[1.948s] -- Up-to-date: /home/gcerioni/ws_ur16/install/control_msgs/include/control_msgs/control_msgs/msg/detail/single_dof_state__type_support.h
[1.948s] -- Up-to-date: /home/gcerioni/ws_ur16/install/control_msgs/include/control_msgs/control_msgs/msg/detail/multi_dof_state_stamped__functions.c
[1.948s] -- Up-to-date: /home/gcerioni/ws_ur16/install/control_msgs/include/control_msgs/control_msgs/msg/detail/gripper_command__functions.c
[1.948s] -- Up-to-date: /home/gcerioni/ws_ur16/install/control_msgs/include/control_msgs/control_msgs/msg/detail/joint_controller_state__struct.h
[1.948s] -- Up-to-date: /home/gcerioni/ws_ur16/install/control_msgs/include/control_msgs/control_msgs/msg/detail/steering_controller_status__struct.h
[1.949s] -- Up-to-date: /home/gcerioni/ws_ur16/install/control_msgs/include/control_msgs/control_msgs/msg/detail/gripper_command__struct.h
[1.949s] -- Up-to-date: /home/gcerioni/ws_ur16/install/control_msgs/include/control_msgs/control_msgs/msg/detail/joint_tolerance__type_support.h
[1.949s] -- Up-to-date: /home/gcerioni/ws_ur16/install/control_msgs/include/control_msgs/control_msgs/msg/detail/interface_value__struct.h
[1.949s] -- Up-to-date: /home/gcerioni/ws_ur16/install/control_msgs/include/control_msgs/control_msgs/msg/detail/dynamic_interface_group_values__functions.h
[1.949s] -- Up-to-date: /home/gcerioni/ws_ur16/install/control_msgs/include/control_msgs/control_msgs/msg/detail/dynamic_interface_group_values__struct.h
[1.949s] -- Up-to-date: /home/gcerioni/ws_ur16/install/control_msgs/include/control_msgs/control_msgs/msg/detail/dynamic_joint_state__type_support.h
[1.963s] -- Up-to-date: /home/gcerioni/ws_ur16/install/control_msgs/include/control_msgs/control_msgs/msg/detail/pid_state__type_support.h
[1.970s] -- Up-to-date: /home/gcerioni/ws_ur16/install/control_msgs/include/control_msgs/control_msgs/msg/detail/gripper_command__type_support.h
[1.970s] -- Up-to-date: /home/gcerioni/ws_ur16/install/control_msgs/include/control_msgs/control_msgs/msg/detail/pid_state__functions.c
[1.970s] -- Up-to-date: /home/gcerioni/ws_ur16/install/control_msgs/include/control_msgs/control_msgs/msg/detail/joint_component_tolerance__functions.h
[1.970s] -- Up-to-date: /home/gcerioni/ws_ur16/install/control_msgs/include/control_msgs/control_msgs/msg/detail/admittance_controller_state__type_support.h
[1.970s] -- Up-to-date: /home/gcerioni/ws_ur16/install/control_msgs/include/control_msgs/control_msgs/msg/detail/pid_state__functions.h
[1.972s] -- Up-to-date: /home/gcerioni/ws_ur16/install/control_msgs/include/control_msgs/control_msgs/msg/detail/joint_controller_state__functions.h
[1.972s] -- Up-to-date: /home/gcerioni/ws_ur16/install/control_msgs/include/control_msgs/control_msgs/msg/detail/joint_controller_state__type_support.h
[2.021s] -- Up-to-date: /home/gcerioni/ws_ur16/install/control_msgs/include/control_msgs/control_msgs/msg/detail/joint_tolerance__functions.h
[2.025s] -- Up-to-date: /home/gcerioni/ws_ur16/install/control_msgs/include/control_msgs/control_msgs/msg/detail/dynamic_joint_state__struct.h
[2.026s] -- Up-to-date: /home/gcerioni/ws_ur16/install/control_msgs/include/control_msgs/control_msgs/msg/detail/interface_value__type_support.h
[2.026s] -- Up-to-date: /home/gcerioni/ws_ur16/install/control_msgs/include/control_msgs/control_msgs/msg/detail/multi_dof_command__type_support.h
[2.026s] -- Up-to-date: /home/gcerioni/ws_ur16/install/control_msgs/include/control_msgs/control_msgs/msg/detail/single_dof_state_stamped__type_support.h
[2.026s] -- Up-to-date: /home/gcerioni/ws_ur16/install/control_msgs/include/control_msgs/control_msgs/msg/detail/dynamic_interface_group_values__type_support.h
[2.026s] -- Up-to-date: /home/gcerioni/ws_ur16/install/control_msgs/include/control_msgs/control_msgs/msg/detail/single_dof_state_stamped__functions.h
[2.027s] -- Up-to-date: /home/gcerioni/ws_ur16/install/control_msgs/include/control_msgs/control_msgs/msg/detail/single_dof_state_stamped__functions.c
[2.027s] -- Up-to-date: /home/gcerioni/ws_ur16/install/control_msgs/include/control_msgs/control_msgs/msg/detail/interface_value__functions.c
[2.028s] -- Up-to-date: /home/gcerioni/ws_ur16/install/control_msgs/include/control_msgs/control_msgs/msg/detail/joint_trajectory_controller_state__functions.h
[2.028s] -- Up-to-date: /home/gcerioni/ws_ur16/install/control_msgs/include/control_msgs/control_msgs/msg/detail/joint_tolerance__struct.h
[2.028s] -- Up-to-date: /home/gcerioni/ws_ur16/install/control_msgs/include/control_msgs/control_msgs/msg/detail/admittance_controller_state__functions.c
[2.028s] -- Up-to-date: /home/gcerioni/ws_ur16/install/control_msgs/include/control_msgs/control_msgs/msg/detail/steering_controller_status__type_support.h
[2.028s] -- Up-to-date: /home/gcerioni/ws_ur16/install/control_msgs/include/control_msgs/control_msgs/msg/detail/single_dof_state__functions.h
[2.028s] -- Up-to-date: /home/gcerioni/ws_ur16/install/control_msgs/include/control_msgs/control_msgs/msg/detail/interface_value__functions.h
[2.031s] -- Up-to-date: /home/gcerioni/ws_ur16/install/control_msgs/include/control_msgs/control_msgs/msg/detail/joint_trajectory_controller_state__struct.h
[2.031s] -- Up-to-date: /home/gcerioni/ws_ur16/install/control_msgs/include/control_msgs/control_msgs/msg/detail/joint_jog__type_support.h
[2.031s] -- Up-to-date: /home/gcerioni/ws_ur16/install/control_msgs/include/control_msgs/control_msgs/msg/detail/joint_trajectory_controller_state__functions.c
[2.031s] -- Up-to-date: /home/gcerioni/ws_ur16/install/control_msgs/include/control_msgs/control_msgs/msg/detail/dynamic_joint_state__functions.c
[2.032s] -- Up-to-date: /home/gcerioni/ws_ur16/install/control_msgs/include/control_msgs/control_msgs/msg/detail/admittance_controller_state__functions.h
[2.032s] -- Up-to-date: /home/gcerioni/ws_ur16/install/control_msgs/include/control_msgs/control_msgs/msg/detail/joint_component_tolerance__type_support.h
[2.032s] -- Up-to-date: /home/gcerioni/ws_ur16/install/control_msgs/include/control_msgs/control_msgs/msg/detail/gripper_command__functions.h
[2.035s] -- Up-to-date: /home/gcerioni/ws_ur16/install/control_msgs/include/control_msgs/control_msgs/msg/detail/multi_dof_state_stamped__struct.h
[2.035s] -- Up-to-date: /home/gcerioni/ws_ur16/install/control_msgs/include/control_msgs/control_msgs/msg/detail/mecanum_drive_controller_state__functions.c
[2.035s] -- Up-to-date: /home/gcerioni/ws_ur16/install/control_msgs/include/control_msgs/control_msgs/msg/detail/joint_component_tolerance__functions.c
[2.035s] -- Up-to-date: /home/gcerioni/ws_ur16/install/control_msgs/include/control_msgs/control_msgs/msg/detail/joint_trajectory_controller_state__type_support.h
[2.035s] -- Up-to-date: /home/gcerioni/ws_ur16/install/control_msgs/include/control_msgs/control_msgs/msg/detail/admittance_controller_state__struct.h
[2.035s] -- Up-to-date: /home/gcerioni/ws_ur16/install/control_msgs/include/control_msgs/control_msgs/msg/detail/mecanum_drive_controller_state__functions.h
[2.038s] -- Up-to-date: /home/gcerioni/ws_ur16/install/control_msgs/include/control_msgs/control_msgs/msg/detail/multi_dof_command__struct.h
[2.038s] -- Up-to-date: /home/gcerioni/ws_ur16/install/control_msgs/include/control_msgs/control_msgs/msg/detail/multi_dof_state_stamped__functions.h
[2.038s] -- Up-to-date: /home/gcerioni/ws_ur16/install/control_msgs/include/control_msgs/control_msgs/msg/detail/joint_component_tolerance__struct.h
[2.038s] -- Up-to-date: /home/gcerioni/ws_ur16/install/control_msgs/include/control_msgs/control_msgs/msg/detail/joint_tolerance__functions.c
[2.038s] -- Up-to-date: /home/gcerioni/ws_ur16/install/control_msgs/include/control_msgs/control_msgs/msg/detail/joint_jog__struct.h
[2.038s] -- Up-to-date: /home/gcerioni/ws_ur16/install/control_msgs/include/control_msgs/control_msgs/msg/detail/mecanum_drive_controller_state__struct.h
[2.039s] -- Up-to-date: /home/gcerioni/ws_ur16/install/control_msgs/include/control_msgs/control_msgs/msg/detail/mecanum_drive_controller_state__type_support.h
[2.039s] -- Up-to-date: /home/gcerioni/ws_ur16/install/control_msgs/include/control_msgs/control_msgs/msg/detail/joint_controller_state__functions.c
[2.039s] -- Up-to-date: /home/gcerioni/ws_ur16/install/control_msgs/include/control_msgs/control_msgs/msg/detail/single_dof_state__struct.h
[2.039s] -- Up-to-date: /home/gcerioni/ws_ur16/install/control_msgs/include/control_msgs/control_msgs/msg/detail/joint_jog__functions.h
[2.039s] -- Up-to-date: /home/gcerioni/ws_ur16/install/control_msgs/include/control_msgs/control_msgs/msg/detail/single_dof_state_stamped__struct.h
[2.039s] -- Up-to-date: /home/gcerioni/ws_ur16/install/control_msgs/include/control_msgs/control_msgs/msg/detail/steering_controller_status__functions.c
[2.042s] -- Up-to-date: /home/gcerioni/ws_ur16/install/control_msgs/include/control_msgs/control_msgs/msg/detail/dynamic_joint_state__functions.h
[2.043s] -- Up-to-date: /home/gcerioni/ws_ur16/install/control_msgs/include/control_msgs/control_msgs/msg/detail/multi_dof_command__functions.h
[2.043s] -- Up-to-date: /home/gcerioni/ws_ur16/install/control_msgs/include/control_msgs/control_msgs/msg/detail/single_dof_state__functions.c
[2.043s] -- Up-to-date: /home/gcerioni/ws_ur16/install/control_msgs/include/control_msgs/control_msgs/msg/detail/dynamic_interface_group_values__functions.c
[2.043s] -- Up-to-date: /home/gcerioni/ws_ur16/install/control_msgs/include/control_msgs/control_msgs/msg/detail/steering_controller_status__functions.h
[2.043s] -- Up-to-date: /home/gcerioni/ws_ur16/install/control_msgs/include/control_msgs/control_msgs/msg/detail/multi_dof_command__functions.c
[2.044s] -- Up-to-date: /home/gcerioni/ws_ur16/install/control_msgs/include/control_msgs/control_msgs/msg/detail/pid_state__struct.h
[2.045s] -- Up-to-date: /home/gcerioni/ws_ur16/install/control_msgs/include/control_msgs/control_msgs/msg/joint_component_tolerance.h
[2.045s] -- Up-to-date: /home/gcerioni/ws_ur16/install/control_msgs/include/control_msgs/control_msgs/msg/interface_value.h
[2.045s] -- Up-to-date: /home/gcerioni/ws_ur16/install/control_msgs/include/control_msgs/control_msgs/msg/multi_dof_state_stamped.h
[2.046s] -- Up-to-date: /home/gcerioni/ws_ur16/install/control_msgs/include/control_msgs/control_msgs/msg/dynamic_interface_group_values.h
[2.046s] -- Up-to-date: /home/gcerioni/ws_ur16/install/control_msgs/include/control_msgs/control_msgs/msg/rosidl_generator_c__visibility_control.h
[2.046s] -- Up-to-date: /home/gcerioni/ws_ur16/install/control_msgs/include/control_msgs/control_msgs/msg/dynamic_joint_state.h
[2.046s] -- Up-to-date: /home/gcerioni/ws_ur16/install/control_msgs/include/control_msgs/control_msgs/msg/pid_state.h
[2.046s] -- Up-to-date: /home/gcerioni/ws_ur16/install/control_msgs/include/control_msgs/control_msgs/msg/mecanum_drive_controller_state.h
[2.046s] -- Up-to-date: /home/gcerioni/ws_ur16/install/control_msgs/include/control_msgs/control_msgs/msg/single_dof_state.h
[2.046s] -- Up-to-date: /home/gcerioni/ws_ur16/install/control_msgs/include/control_msgs/control_msgs/msg/multi_dof_command.h
[2.046s] -- Up-to-date: /home/gcerioni/ws_ur16/install/control_msgs/include/control_msgs/control_msgs/msg/single_dof_state_stamped.h
[2.046s] -- Up-to-date: /home/gcerioni/ws_ur16/install/control_msgs/include/control_msgs/control_msgs/msg/admittance_controller_state.h
[2.047s] -- Up-to-date: /home/gcerioni/ws_ur16/install/control_msgs/include/control_msgs/control_msgs/msg/joint_trajectory_controller_state.h
[2.047s] -- Up-to-date: /home/gcerioni/ws_ur16/install/control_msgs/include/control_msgs/control_msgs/msg/steering_controller_status.h
[2.047s] -- Up-to-date: /home/gcerioni/ws_ur16/install/control_msgs/include/control_msgs/control_msgs/msg/gripper_command.h
[2.047s] -- Up-to-date: /home/gcerioni/ws_ur16/install/control_msgs/include/control_msgs/control_msgs/action
[2.047s] -- Up-to-date: /home/gcerioni/ws_ur16/install/control_msgs/include/control_msgs/control_msgs/action/detail
[2.047s] -- Up-to-date: /home/gcerioni/ws_ur16/install/control_msgs/include/control_msgs/control_msgs/action/detail/gripper_command__functions.c
[2.047s] -- Up-to-date: /home/gcerioni/ws_ur16/install/control_msgs/include/control_msgs/control_msgs/action/detail/gripper_command__struct.h
[2.047s] -- Up-to-date: /home/gcerioni/ws_ur16/install/control_msgs/include/control_msgs/control_msgs/action/detail/single_joint_position__functions.h
[2.047s] -- Up-to-date: /home/gcerioni/ws_ur16/install/control_msgs/include/control_msgs/control_msgs/action/detail/gripper_command__type_support.h
[2.047s] -- Up-to-date: /home/gcerioni/ws_ur16/install/control_msgs/include/control_msgs/control_msgs/action/detail/point_head__functions.c
[2.048s] -- Up-to-date: /home/gcerioni/ws_ur16/install/control_msgs/include/control_msgs/control_msgs/action/detail/parallel_gripper_command__type_support.h
[2.048s] -- Up-to-date: /home/gcerioni/ws_ur16/install/control_msgs/include/control_msgs/control_msgs/action/detail/follow_joint_trajectory__functions.h
[2.048s] -- Up-to-date: /home/gcerioni/ws_ur16/install/control_msgs/include/control_msgs/control_msgs/action/detail/joint_trajectory__functions.h
[2.048s] -- Up-to-date: /home/gcerioni/ws_ur16/install/control_msgs/include/control_msgs/control_msgs/action/detail/parallel_gripper_command__functions.c
[2.054s] -- Up-to-date: /home/gcerioni/ws_ur16/install/control_msgs/include/control_msgs/control_msgs/action/detail/parallel_gripper_command__struct.h
[2.054s] -- Up-to-date: /home/gcerioni/ws_ur16/install/control_msgs/include/control_msgs/control_msgs/action/detail/joint_trajectory__struct.h
[2.055s] -- Up-to-date: /home/gcerioni/ws_ur16/install/control_msgs/include/control_msgs/control_msgs/action/detail/gripper_command__functions.h
[2.055s] -- Up-to-date: /home/gcerioni/ws_ur16/install/control_msgs/include/control_msgs/control_msgs/action/detail/single_joint_position__functions.c
[2.055s] -- Up-to-date: /home/gcerioni/ws_ur16/install/control_msgs/include/control_msgs/control_msgs/action/detail/joint_trajectory__type_support.h
[2.055s] -- Up-to-date: /home/gcerioni/ws_ur16/install/control_msgs/include/control_msgs/control_msgs/action/detail/follow_joint_trajectory__functions.c
[2.055s] -- Up-to-date: /home/gcerioni/ws_ur16/install/control_msgs/include/control_msgs/control_msgs/action/detail/single_joint_position__struct.h
[2.055s] -- Up-to-date: /home/gcerioni/ws_ur16/install/control_msgs/include/control_msgs/control_msgs/action/detail/point_head__type_support.h
[2.055s] -- Up-to-date: /home/gcerioni/ws_ur16/install/control_msgs/include/control_msgs/control_msgs/action/detail/single_joint_position__type_support.h
[2.055s] -- Up-to-date: /home/gcerioni/ws_ur16/install/control_msgs/include/control_msgs/control_msgs/action/detail/joint_trajectory__functions.c
[2.056s] -- Up-to-date: /home/gcerioni/ws_ur16/install/control_msgs/include/control_msgs/control_msgs/action/detail/parallel_gripper_command__functions.h
[2.056s] -- Up-to-date: /home/gcerioni/ws_ur16/install/control_msgs/include/control_msgs/control_msgs/action/detail/follow_joint_trajectory__type_support.h
[2.056s] -- Up-to-date: /home/gcerioni/ws_ur16/install/control_msgs/include/control_msgs/control_msgs/action/detail/point_head__struct.h
[2.056s] -- Up-to-date: /home/gcerioni/ws_ur16/install/control_msgs/include/control_msgs/control_msgs/action/detail/follow_joint_trajectory__struct.h
[2.056s] -- Up-to-date: /home/gcerioni/ws_ur16/install/control_msgs/include/control_msgs/control_msgs/action/detail/point_head__functions.h
[2.056s] -- Up-to-date: /home/gcerioni/ws_ur16/install/control_msgs/include/control_msgs/control_msgs/action/point_head.h
[2.056s] -- Up-to-date: /home/gcerioni/ws_ur16/install/control_msgs/include/control_msgs/control_msgs/action/follow_joint_trajectory.h
[2.056s] -- Up-to-date: /home/gcerioni/ws_ur16/install/control_msgs/include/control_msgs/control_msgs/action/joint_trajectory.h
[2.056s] -- Up-to-date: /home/gcerioni/ws_ur16/install/control_msgs/include/control_msgs/control_msgs/action/single_joint_position.h
[2.057s] -- Up-to-date: /home/gcerioni/ws_ur16/install/control_msgs/include/control_msgs/control_msgs/action/gripper_command.h
[2.057s] -- Up-to-date: /home/gcerioni/ws_ur16/install/control_msgs/include/control_msgs/control_msgs/action/parallel_gripper_command.h
[2.057s] -- Up-to-date: /home/gcerioni/ws_ur16/install/control_msgs/include/control_msgs/control_msgs/srv
[2.057s] -- Up-to-date: /home/gcerioni/ws_ur16/install/control_msgs/include/control_msgs/control_msgs/srv/query_trajectory_state.h
[2.057s] -- Up-to-date: /home/gcerioni/ws_ur16/install/control_msgs/include/control_msgs/control_msgs/srv/detail
[2.057s] -- Up-to-date: /home/gcerioni/ws_ur16/install/control_msgs/include/control_msgs/control_msgs/srv/detail/query_trajectory_state__functions.h
[2.057s] -- Up-to-date: /home/gcerioni/ws_ur16/install/control_msgs/include/control_msgs/control_msgs/srv/detail/query_calibration_state__type_support.h
[2.059s] -- Up-to-date: /home/gcerioni/ws_ur16/install/control_msgs/include/control_msgs/control_msgs/srv/detail/query_calibration_state__functions.h
[2.059s] -- Up-to-date: /home/gcerioni/ws_ur16/install/control_msgs/include/control_msgs/control_msgs/srv/detail/query_calibration_state__functions.c
[2.060s] -- Up-to-date: /home/gcerioni/ws_ur16/install/control_msgs/include/control_msgs/control_msgs/srv/detail/query_calibration_state__struct.h
[2.060s] -- Up-to-date: /home/gcerioni/ws_ur16/install/control_msgs/include/control_msgs/control_msgs/srv/detail/query_trajectory_state__functions.c
[2.060s] -- Up-to-date: /home/gcerioni/ws_ur16/install/control_msgs/include/control_msgs/control_msgs/srv/detail/query_trajectory_state__type_support.h
[2.060s] -- Up-to-date: /home/gcerioni/ws_ur16/install/control_msgs/include/control_msgs/control_msgs/srv/detail/query_trajectory_state__struct.h
[2.060s] -- Up-to-date: /home/gcerioni/ws_ur16/install/control_msgs/include/control_msgs/control_msgs/srv/query_calibration_state.h
[2.072s] -- Up-to-date: /home/gcerioni/ws_ur16/install/control_msgs/share/control_msgs/environment/library_path.sh
[2.072s] -- Up-to-date: /home/gcerioni/ws_ur16/install/control_msgs/share/control_msgs/environment/library_path.dsv
[2.072s] -- Up-to-date: /home/gcerioni/ws_ur16/install/control_msgs/lib/libcontrol_msgs__rosidl_generator_c.so
[2.075s] -- Up-to-date: /home/gcerioni/ws_ur16/install/control_msgs/include/control_msgs/control_msgs
[2.076s] -- Up-to-date: /home/gcerioni/ws_ur16/install/control_msgs/include/control_msgs/control_msgs/msg
[2.076s] -- Up-to-date: /home/gcerioni/ws_ur16/install/control_msgs/include/control_msgs/control_msgs/msg/detail
[2.076s] -- Up-to-date: /home/gcerioni/ws_ur16/install/control_msgs/include/control_msgs/control_msgs/msg/detail/pid_state__rosidl_typesupport_fastrtps_c.h
[2.076s] -- Up-to-date: /home/gcerioni/ws_ur16/install/control_msgs/include/control_msgs/control_msgs/msg/detail/mecanum_drive_controller_state__rosidl_typesupport_fastrtps_c.h
[2.077s] -- Up-to-date: /home/gcerioni/ws_ur16/install/control_msgs/include/control_msgs/control_msgs/msg/detail/joint_trajectory_controller_state__rosidl_typesupport_fastrtps_c.h
[2.077s] -- Up-to-date: /home/gcerioni/ws_ur16/install/control_msgs/include/control_msgs/control_msgs/msg/detail/gripper_command__rosidl_typesupport_fastrtps_c.h
[2.077s] -- Up-to-date: /home/gcerioni/ws_ur16/install/control_msgs/include/control_msgs/control_msgs/msg/detail/multi_dof_state_stamped__rosidl_typesupport_fastrtps_c.h
[2.077s] -- Up-to-date: /home/gcerioni/ws_ur16/install/control_msgs/include/control_msgs/control_msgs/msg/detail/dynamic_interface_group_values__rosidl_typesupport_fastrtps_c.h
[2.077s] -- Up-to-date: /home/gcerioni/ws_ur16/install/control_msgs/include/control_msgs/control_msgs/msg/detail/joint_tolerance__rosidl_typesupport_fastrtps_c.h
[2.077s] -- Up-to-date: /home/gcerioni/ws_ur16/install/control_msgs/include/control_msgs/control_msgs/msg/detail/joint_jog__rosidl_typesupport_fastrtps_c.h
[2.077s] -- Up-to-date: /home/gcerioni/ws_ur16/install/control_msgs/include/control_msgs/control_msgs/msg/detail/steering_controller_status__rosidl_typesupport_fastrtps_c.h
[2.077s] -- Up-to-date: /home/gcerioni/ws_ur16/install/control_msgs/include/control_msgs/control_msgs/msg/detail/interface_value__rosidl_typesupport_fastrtps_c.h
[2.077s] -- Up-to-date: /home/gcerioni/ws_ur16/install/control_msgs/include/control_msgs/control_msgs/msg/detail/single_dof_state_stamped__rosidl_typesupport_fastrtps_c.h
[2.077s] -- Up-to-date: /home/gcerioni/ws_ur16/install/control_msgs/include/control_msgs/control_msgs/msg/detail/multi_dof_command__rosidl_typesupport_fastrtps_c.h
[2.078s] -- Up-to-date: /home/gcerioni/ws_ur16/install/control_msgs/include/control_msgs/control_msgs/msg/detail/dynamic_joint_state__rosidl_typesupport_fastrtps_c.h
[2.078s] -- Up-to-date: /home/gcerioni/ws_ur16/install/control_msgs/include/control_msgs/control_msgs/msg/detail/single_dof_state__rosidl_typesupport_fastrtps_c.h
[2.078s] -- Up-to-date: /home/gcerioni/ws_ur16/install/control_msgs/include/control_msgs/control_msgs/msg/detail/joint_component_tolerance__rosidl_typesupport_fastrtps_c.h
[2.078s] -- Up-to-date: /home/gcerioni/ws_ur16/install/control_msgs/include/control_msgs/control_msgs/msg/detail/admittance_controller_state__rosidl_typesupport_fastrtps_c.h
[2.078s] -- Up-to-date: /home/gcerioni/ws_ur16/install/control_msgs/include/control_msgs/control_msgs/msg/detail/joint_controller_state__rosidl_typesupport_fastrtps_c.h
[2.078s] -- Up-to-date: /home/gcerioni/ws_ur16/install/control_msgs/include/control_msgs/control_msgs/msg/rosidl_typesupport_fastrtps_c__visibility_control.h
[2.078s] -- Up-to-date: /home/gcerioni/ws_ur16/install/control_msgs/include/control_msgs/control_msgs/action
[2.078s] -- Up-to-date: /home/gcerioni/ws_ur16/install/control_msgs/include/control_msgs/control_msgs/action/detail
[2.078s] -- Up-to-date: /home/gcerioni/ws_ur16/install/control_msgs/include/control_msgs/control_msgs/action/detail/single_joint_position__rosidl_typesupport_fastrtps_c.h
[2.079s] -- Up-to-date: /home/gcerioni/ws_ur16/install/control_msgs/include/control_msgs/control_msgs/action/detail/gripper_command__rosidl_typesupport_fastrtps_c.h
[2.079s] -- Up-to-date: /home/gcerioni/ws_ur16/install/control_msgs/include/control_msgs/control_msgs/action/detail/point_head__rosidl_typesupport_fastrtps_c.h
[2.079s] -- Up-to-date: /home/gcerioni/ws_ur16/install/control_msgs/include/control_msgs/control_msgs/action/detail/parallel_gripper_command__rosidl_typesupport_fastrtps_c.h
[2.079s] -- Up-to-date: /home/gcerioni/ws_ur16/install/control_msgs/include/control_msgs/control_msgs/action/detail/follow_joint_trajectory__rosidl_typesupport_fastrtps_c.h
[2.079s] -- Up-to-date: /home/gcerioni/ws_ur16/install/control_msgs/include/control_msgs/control_msgs/action/detail/joint_trajectory__rosidl_typesupport_fastrtps_c.h
[2.080s] -- Up-to-date: /home/gcerioni/ws_ur16/install/control_msgs/include/control_msgs/control_msgs/srv
[2.080s] -- Up-to-date: /home/gcerioni/ws_ur16/install/control_msgs/include/control_msgs/control_msgs/srv/detail
[2.080s] -- Up-to-date: /home/gcerioni/ws_ur16/install/control_msgs/include/control_msgs/control_msgs/srv/detail/query_trajectory_state__rosidl_typesupport_fastrtps_c.h
[2.080s] -- Up-to-date: /home/gcerioni/ws_ur16/install/control_msgs/include/control_msgs/control_msgs/srv/detail/query_calibration_state__rosidl_typesupport_fastrtps_c.h
[2.082s] -- Up-to-date: /home/gcerioni/ws_ur16/install/control_msgs/lib/libcontrol_msgs__rosidl_typesupport_fastrtps_c.so
[2.087s] -- Up-to-date: /home/gcerioni/ws_ur16/install/control_msgs/include/control_msgs/control_msgs
[2.088s] -- Up-to-date: /home/gcerioni/ws_ur16/install/control_msgs/include/control_msgs/control_msgs/msg
[2.088s] -- Up-to-date: /home/gcerioni/ws_ur16/install/control_msgs/include/control_msgs/control_msgs/msg/joint_controller_state.hpp
[2.088s] -- Up-to-date: /home/gcerioni/ws_ur16/install/control_msgs/include/control_msgs/control_msgs/msg/detail
[2.089s] -- Up-to-date: /home/gcerioni/ws_ur16/install/control_msgs/include/control_msgs/control_msgs/msg/detail/admittance_controller_state__type_support.hpp
[2.089s] -- Up-to-date: /home/gcerioni/ws_ur16/install/control_msgs/include/control_msgs/control_msgs/msg/detail/joint_controller_state__type_support.hpp
[2.089s] -- Up-to-date: /home/gcerioni/ws_ur16/install/control_msgs/include/control_msgs/control_msgs/msg/detail/joint_component_tolerance__builder.hpp
[2.089s] -- Up-to-date: /home/gcerioni/ws_ur16/install/control_msgs/include/control_msgs/control_msgs/msg/detail/dynamic_interface_group_values__traits.hpp
[2.090s] -- Up-to-date: /home/gcerioni/ws_ur16/install/control_msgs/include/control_msgs/control_msgs/msg/detail/gripper_command__struct.hpp
[2.092s] -- Up-to-date: /home/gcerioni/ws_ur16/install/control_msgs/include/control_msgs/control_msgs/msg/detail/single_dof_state_stamped__type_support.hpp
[2.092s] -- Up-to-date: /home/gcerioni/ws_ur16/install/control_msgs/include/control_msgs/control_msgs/msg/detail/pid_state__struct.hpp
[2.092s] -- Up-to-date: /home/gcerioni/ws_ur16/install/control_msgs/include/control_msgs/control_msgs/msg/detail/pid_state__builder.hpp
[2.092s] -- Up-to-date: /home/gcerioni/ws_ur16/install/control_msgs/include/control_msgs/control_msgs/msg/detail/dynamic_joint_state__struct.hpp
[2.093s] -- Up-to-date: /home/gcerioni/ws_ur16/install/control_msgs/include/control_msgs/control_msgs/msg/detail/dynamic_interface_group_values__struct.hpp
[2.093s] -- Up-to-date: /home/gcerioni/ws_ur16/install/control_msgs/include/control_msgs/control_msgs/msg/detail/joint_tolerance__struct.hpp
[2.093s] -- Up-to-date: /home/gcerioni/ws_ur16/install/control_msgs/include/control_msgs/control_msgs/msg/detail/admittance_controller_state__traits.hpp
[2.093s] -- Up-to-date: /home/gcerioni/ws_ur16/install/control_msgs/include/control_msgs/control_msgs/msg/detail/mecanum_drive_controller_state__builder.hpp
[2.093s] -- Up-to-date: /home/gcerioni/ws_ur16/install/control_msgs/include/control_msgs/control_msgs/msg/detail/single_dof_state_stamped__traits.hpp
[2.095s] -- Up-to-date: /home/gcerioni/ws_ur16/install/control_msgs/include/control_msgs/control_msgs/msg/detail/interface_value__builder.hpp
[2.095s] -- Up-to-date: /home/gcerioni/ws_ur16/install/control_msgs/include/control_msgs/control_msgs/msg/detail/joint_jog__struct.hpp
[2.095s] -- Up-to-date: /home/gcerioni/ws_ur16/install/control_msgs/include/control_msgs/control_msgs/msg/detail/joint_controller_state__builder.hpp
[2.095s] -- Up-to-date: /home/gcerioni/ws_ur16/install/control_msgs/include/control_msgs/control_msgs/msg/detail/joint_jog__builder.hpp
[2.096s] -- Up-to-date: /home/gcerioni/ws_ur16/install/control_msgs/include/control_msgs/control_msgs/msg/detail/multi_dof_command__traits.hpp
[2.096s] -- Up-to-date: /home/gcerioni/ws_ur16/install/control_msgs/include/control_msgs/control_msgs/msg/detail/steering_controller_status__type_support.hpp
[2.097s] -- Up-to-date: /home/gcerioni/ws_ur16/install/control_msgs/include/control_msgs/control_msgs/msg/detail/admittance_controller_state__builder.hpp
[2.097s] -- Up-to-date: /home/gcerioni/ws_ur16/install/control_msgs/include/control_msgs/control_msgs/msg/detail/pid_state__type_support.hpp
[2.097s] -- Up-to-date: /home/gcerioni/ws_ur16/install/control_msgs/include/control_msgs/control_msgs/msg/detail/mecanum_drive_controller_state__struct.hpp
[2.097s] -- Up-to-date: /home/gcerioni/ws_ur16/install/control_msgs/include/control_msgs/control_msgs/msg/detail/dynamic_joint_state__type_support.hpp
[2.097s] -- Up-to-date: /home/gcerioni/ws_ur16/install/control_msgs/include/control_msgs/control_msgs/msg/detail/joint_jog__type_support.hpp
[2.098s] -- Up-to-date: /home/gcerioni/ws_ur16/install/control_msgs/include/control_msgs/control_msgs/msg/detail/interface_value__traits.hpp
[2.098s] -- Up-to-date: /home/gcerioni/ws_ur16/install/control_msgs/include/control_msgs/control_msgs/msg/detail/joint_trajectory_controller_state__traits.hpp
[2.098s] -- Up-to-date: /home/gcerioni/ws_ur16/install/control_msgs/include/control_msgs/control_msgs/msg/detail/interface_value__type_support.hpp
[2.098s] -- Up-to-date: /home/gcerioni/ws_ur16/install/control_msgs/include/control_msgs/control_msgs/msg/detail/steering_controller_status__struct.hpp
[2.098s] -- Up-to-date: /home/gcerioni/ws_ur16/install/control_msgs/include/control_msgs/control_msgs/msg/detail/joint_trajectory_controller_state__struct.hpp
[2.099s] -- Up-to-date: /home/gcerioni/ws_ur16/install/control_msgs/include/control_msgs/control_msgs/msg/detail/single_dof_state__traits.hpp
[2.099s] -- Up-to-date: /home/gcerioni/ws_ur16/install/control_msgs/include/control_msgs/control_msgs/msg/detail/pid_state__traits.hpp
[2.099s] -- Up-to-date: /home/gcerioni/ws_ur16/install/control_msgs/include/control_msgs/control_msgs/msg/detail/single_dof_state_stamped__builder.hpp
[2.099s] -- Up-to-date: /home/gcerioni/ws_ur16/install/control_msgs/include/control_msgs/control_msgs/msg/detail/mecanum_drive_controller_state__traits.hpp
[2.099s] -- Up-to-date: /home/gcerioni/ws_ur16/install/control_msgs/include/control_msgs/control_msgs/msg/detail/single_dof_state_stamped__struct.hpp
[2.099s] -- Up-to-date: /home/gcerioni/ws_ur16/install/control_msgs/include/control_msgs/control_msgs/msg/detail/joint_tolerance__type_support.hpp
[2.099s] -- Up-to-date: /home/gcerioni/ws_ur16/install/control_msgs/include/control_msgs/control_msgs/msg/detail/interface_value__struct.hpp
[2.101s] -- Up-to-date: /home/gcerioni/ws_ur16/install/control_msgs/include/control_msgs/control_msgs/msg/detail/dynamic_interface_group_values__builder.hpp
[2.101s] -- Up-to-date: /home/gcerioni/ws_ur16/install/control_msgs/include/control_msgs/control_msgs/msg/detail/multi_dof_state_stamped__type_support.hpp
[2.101s] -- Up-to-date: /home/gcerioni/ws_ur16/install/control_msgs/include/control_msgs/control_msgs/msg/detail/dynamic_joint_state__traits.hpp
[2.101s] -- Up-to-date: /home/gcerioni/ws_ur16/install/control_msgs/include/control_msgs/control_msgs/msg/detail/joint_component_tolerance__type_support.hpp
[2.101s] -- Up-to-date: /home/gcerioni/ws_ur16/install/control_msgs/include/control_msgs/control_msgs/msg/detail/multi_dof_state_stamped__struct.hpp
[2.101s] -- Up-to-date: /home/gcerioni/ws_ur16/install/control_msgs/include/control_msgs/control_msgs/msg/detail/mecanum_drive_controller_state__type_support.hpp
[2.101s] -- Up-to-date: /home/gcerioni/ws_ur16/install/control_msgs/include/control_msgs/control_msgs/msg/detail/steering_controller_status__builder.hpp
[2.101s] -- Up-to-date: /home/gcerioni/ws_ur16/install/control_msgs/include/control_msgs/control_msgs/msg/detail/joint_trajectory_controller_state__builder.hpp
[2.102s] -- Up-to-date: /home/gcerioni/ws_ur16/install/control_msgs/include/control_msgs/control_msgs/msg/detail/joint_controller_state__traits.hpp
[2.102s] -- Up-to-date: /home/gcerioni/ws_ur16/install/control_msgs/include/control_msgs/control_msgs/msg/detail/joint_trajectory_controller_state__type_support.hpp
[2.102s] -- Up-to-date: /home/gcerioni/ws_ur16/install/control_msgs/include/control_msgs/control_msgs/msg/detail/multi_dof_state_stamped__builder.hpp
[2.102s] -- Up-to-date: /home/gcerioni/ws_ur16/install/control_msgs/include/control_msgs/control_msgs/msg/detail/joint_component_tolerance__struct.hpp
[2.102s] -- Up-to-date: /home/gcerioni/ws_ur16/install/control_msgs/include/control_msgs/control_msgs/msg/detail/joint_tolerance__traits.hpp
[2.103s] -- Up-to-date: /home/gcerioni/ws_ur16/install/control_msgs/include/control_msgs/control_msgs/msg/detail/multi_dof_command__builder.hpp
[2.104s] -- Up-to-date: /home/gcerioni/ws_ur16/install/control_msgs/include/control_msgs/control_msgs/msg/detail/admittance_controller_state__struct.hpp
[2.104s] -- Up-to-date: /home/gcerioni/ws_ur16/install/control_msgs/include/control_msgs/control_msgs/msg/detail/joint_tolerance__builder.hpp
[2.104s] -- Up-to-date: /home/gcerioni/ws_ur16/install/control_msgs/include/control_msgs/control_msgs/msg/detail/multi_dof_state_stamped__traits.hpp
[2.105s] -- Up-to-date: /home/gcerioni/ws_ur16/install/control_msgs/include/control_msgs/control_msgs/msg/detail/steering_controller_status__traits.hpp
[2.105s] -- Up-to-date: /home/gcerioni/ws_ur16/install/control_msgs/include/control_msgs/control_msgs/msg/detail/multi_dof_command__struct.hpp
[2.105s] -- Up-to-date: /home/gcerioni/ws_ur16/install/control_msgs/include/control_msgs/control_msgs/msg/detail/gripper_command__traits.hpp
[2.105s] -- Up-to-date: /home/gcerioni/ws_ur16/install/control_msgs/include/control_msgs/control_msgs/msg/detail/dynamic_joint_state__builder.hpp
[2.106s] -- Up-to-date: /home/gcerioni/ws_ur16/install/control_msgs/include/control_msgs/control_msgs/msg/detail/single_dof_state__struct.hpp
[2.106s] -- Up-to-date: /home/gcerioni/ws_ur16/install/control_msgs/include/control_msgs/control_msgs/msg/detail/joint_component_tolerance__traits.hpp
[2.106s] -- Up-to-date: /home/gcerioni/ws_ur16/install/control_msgs/include/control_msgs/control_msgs/msg/detail/joint_jog__traits.hpp
[2.106s] -- Up-to-date: /home/gcerioni/ws_ur16/install/control_msgs/include/control_msgs/control_msgs/msg/detail/single_dof_state__type_support.hpp
[2.106s] -- Up-to-date: /home/gcerioni/ws_ur16/install/control_msgs/include/control_msgs/control_msgs/msg/detail/gripper_command__builder.hpp
[2.106s] -- Up-to-date: /home/gcerioni/ws_ur16/install/control_msgs/include/control_msgs/control_msgs/msg/detail/multi_dof_command__type_support.hpp
[2.107s] -- Up-to-date: /home/gcerioni/ws_ur16/install/control_msgs/include/control_msgs/control_msgs/msg/detail/single_dof_state__builder.hpp
[2.107s] -- Up-to-date: /home/gcerioni/ws_ur16/install/control_msgs/include/control_msgs/control_msgs/msg/detail/gripper_command__type_support.hpp
[2.107s] -- Up-to-date: /home/gcerioni/ws_ur16/install/control_msgs/include/control_msgs/control_msgs/msg/detail/dynamic_interface_group_values__type_support.hpp
[2.108s] -- Up-to-date: /home/gcerioni/ws_ur16/install/control_msgs/include/control_msgs/control_msgs/msg/detail/joint_controller_state__struct.hpp
[2.108s] -- Up-to-date: /home/gcerioni/ws_ur16/install/control_msgs/include/control_msgs/control_msgs/msg/gripper_command.hpp
[2.108s] -- Up-to-date: /home/gcerioni/ws_ur16/install/control_msgs/include/control_msgs/control_msgs/msg/mecanum_drive_controller_state.hpp
[2.108s] -- Up-to-date: /home/gcerioni/ws_ur16/install/control_msgs/include/control_msgs/control_msgs/msg/joint_tolerance.hpp
[2.108s] -- Up-to-date: /home/gcerioni/ws_ur16/install/control_msgs/include/control_msgs/control_msgs/msg/multi_dof_state_stamped.hpp
[2.108s] -- Up-to-date: /home/gcerioni/ws_ur16/install/control_msgs/include/control_msgs/control_msgs/msg/pid_state.hpp
[2.108s] -- Up-to-date: /home/gcerioni/ws_ur16/install/control_msgs/include/control_msgs/control_msgs/msg/interface_value.hpp
[2.108s] -- Up-to-date: /home/gcerioni/ws_ur16/install/control_msgs/include/control_msgs/control_msgs/msg/single_dof_state_stamped.hpp
[2.109s] -- Up-to-date: /home/gcerioni/ws_ur16/install/control_msgs/include/control_msgs/control_msgs/msg/joint_component_tolerance.hpp
[2.109s] -- Up-to-date: /home/gcerioni/ws_ur16/install/control_msgs/include/control_msgs/control_msgs/msg/admittance_controller_state.hpp
[2.109s] -- Up-to-date: /home/gcerioni/ws_ur16/install/control_msgs/include/control_msgs/control_msgs/msg/joint_jog.hpp
[2.109s] -- Up-to-date: /home/gcerioni/ws_ur16/install/control_msgs/include/control_msgs/control_msgs/msg/joint_trajectory_controller_state.hpp
[2.109s] -- Up-to-date: /home/gcerioni/ws_ur16/install/control_msgs/include/control_msgs/control_msgs/msg/dynamic_interface_group_values.hpp
[2.109s] -- Up-to-date: /home/gcerioni/ws_ur16/install/control_msgs/include/control_msgs/control_msgs/msg/single_dof_state.hpp
[2.109s] -- Up-to-date: /home/gcerioni/ws_ur16/install/control_msgs/include/control_msgs/control_msgs/msg/rosidl_generator_cpp__visibility_control.hpp
[2.110s] -- Up-to-date: /home/gcerioni/ws_ur16/install/control_msgs/include/control_msgs/control_msgs/msg/dynamic_joint_state.hpp
[2.110s] -- Up-to-date: /home/gcerioni/ws_ur16/install/control_msgs/include/control_msgs/control_msgs/msg/steering_controller_status.hpp
[2.110s] -- Up-to-date: /home/gcerioni/ws_ur16/install/control_msgs/include/control_msgs/control_msgs/msg/multi_dof_command.hpp
[2.110s] -- Up-to-date: /home/gcerioni/ws_ur16/install/control_msgs/include/control_msgs/control_msgs/action
[2.110s] -- Up-to-date: /home/gcerioni/ws_ur16/install/control_msgs/include/control_msgs/control_msgs/action/joint_trajectory.hpp
[2.110s] -- Up-to-date: /home/gcerioni/ws_ur16/install/control_msgs/include/control_msgs/control_msgs/action/detail
[2.111s] -- Up-to-date: /home/gcerioni/ws_ur16/install/control_msgs/include/control_msgs/control_msgs/action/detail/joint_trajectory__builder.hpp
[2.111s] -- Up-to-date: /home/gcerioni/ws_ur16/install/control_msgs/include/control_msgs/control_msgs/action/detail/single_joint_position__builder.hpp
[2.111s] -- Up-to-date: /home/gcerioni/ws_ur16/install/control_msgs/include/control_msgs/control_msgs/action/detail/joint_trajectory__traits.hpp
[2.111s] -- Up-to-date: /home/gcerioni/ws_ur16/install/control_msgs/include/control_msgs/control_msgs/action/detail/single_joint_position__traits.hpp
[2.111s] -- Up-to-date: /home/gcerioni/ws_ur16/install/control_msgs/include/control_msgs/control_msgs/action/detail/gripper_command__struct.hpp
[2.111s] -- Up-to-date: /home/gcerioni/ws_ur16/install/control_msgs/include/control_msgs/control_msgs/action/detail/point_head__traits.hpp
[2.111s] -- Up-to-date: /home/gcerioni/ws_ur16/install/control_msgs/include/control_msgs/control_msgs/action/detail/parallel_gripper_command__type_support.hpp
[2.112s] -- Up-to-date: /home/gcerioni/ws_ur16/install/control_msgs/include/control_msgs/control_msgs/action/detail/point_head__builder.hpp
[2.112s] -- Up-to-date: /home/gcerioni/ws_ur16/install/control_msgs/include/control_msgs/control_msgs/action/detail/point_head__type_support.hpp
[2.112s] -- Up-to-date: /home/gcerioni/ws_ur16/install/control_msgs/include/control_msgs/control_msgs/action/detail/parallel_gripper_command__traits.hpp
[2.112s] -- Up-to-date: /home/gcerioni/ws_ur16/install/control_msgs/include/control_msgs/control_msgs/action/detail/follow_joint_trajectory__builder.hpp
[2.112s] -- Up-to-date: /home/gcerioni/ws_ur16/install/control_msgs/include/control_msgs/control_msgs/action/detail/joint_trajectory__type_support.hpp
[2.112s] -- Up-to-date: /home/gcerioni/ws_ur16/install/control_msgs/include/control_msgs/control_msgs/action/detail/joint_trajectory__struct.hpp
[2.112s] -- Up-to-date: /home/gcerioni/ws_ur16/install/control_msgs/include/control_msgs/control_msgs/action/detail/follow_joint_trajectory__type_support.hpp
[2.112s] -- Up-to-date: /home/gcerioni/ws_ur16/install/control_msgs/include/control_msgs/control_msgs/action/detail/follow_joint_trajectory__traits.hpp
[2.112s] -- Up-to-date: /home/gcerioni/ws_ur16/install/control_msgs/include/control_msgs/control_msgs/action/detail/parallel_gripper_command__struct.hpp
[2.113s] -- Up-to-date: /home/gcerioni/ws_ur16/install/control_msgs/include/control_msgs/control_msgs/action/detail/point_head__struct.hpp
[2.113s] -- Up-to-date: /home/gcerioni/ws_ur16/install/control_msgs/include/control_msgs/control_msgs/action/detail/gripper_command__traits.hpp
[2.113s] -- Up-to-date: /home/gcerioni/ws_ur16/install/control_msgs/include/control_msgs/control_msgs/action/detail/follow_joint_trajectory__struct.hpp
[2.113s] -- Up-to-date: /home/gcerioni/ws_ur16/install/control_msgs/include/control_msgs/control_msgs/action/detail/single_joint_position__type_support.hpp
[2.113s] -- Up-to-date: /home/gcerioni/ws_ur16/install/control_msgs/include/control_msgs/control_msgs/action/detail/parallel_gripper_command__builder.hpp
[2.113s] -- Up-to-date: /home/gcerioni/ws_ur16/install/control_msgs/include/control_msgs/control_msgs/action/detail/single_joint_position__struct.hpp
[2.113s] -- Up-to-date: /home/gcerioni/ws_ur16/install/control_msgs/include/control_msgs/control_msgs/action/detail/gripper_command__builder.hpp
[2.113s] -- Up-to-date: /home/gcerioni/ws_ur16/install/control_msgs/include/control_msgs/control_msgs/action/detail/gripper_command__type_support.hpp
[2.113s] -- Up-to-date: /home/gcerioni/ws_ur16/install/control_msgs/include/control_msgs/control_msgs/action/gripper_command.hpp
[2.114s] -- Up-to-date: /home/gcerioni/ws_ur16/install/control_msgs/include/control_msgs/control_msgs/action/parallel_gripper_command.hpp
[2.114s] -- Up-to-date: /home/gcerioni/ws_ur16/install/control_msgs/include/control_msgs/control_msgs/action/point_head.hpp
[2.114s] -- Up-to-date: /home/gcerioni/ws_ur16/install/control_msgs/include/control_msgs/control_msgs/action/follow_joint_trajectory.hpp
[2.114s] -- Up-to-date: /home/gcerioni/ws_ur16/install/control_msgs/include/control_msgs/control_msgs/action/single_joint_position.hpp
[2.114s] -- Up-to-date: /home/gcerioni/ws_ur16/install/control_msgs/include/control_msgs/control_msgs/srv
[2.114s] -- Up-to-date: /home/gcerioni/ws_ur16/install/control_msgs/include/control_msgs/control_msgs/srv/detail
[2.115s] -- Up-to-date: /home/gcerioni/ws_ur16/install/control_msgs/include/control_msgs/control_msgs/srv/detail/query_calibration_state__builder.hpp
[2.115s] -- Up-to-date: /home/gcerioni/ws_ur16/install/control_msgs/include/control_msgs/control_msgs/srv/detail/query_calibration_state__struct.hpp
[2.115s] -- Up-to-date: /home/gcerioni/ws_ur16/install/control_msgs/include/control_msgs/control_msgs/srv/detail/query_calibration_state__traits.hpp
[2.115s] -- Up-to-date: /home/gcerioni/ws_ur16/install/control_msgs/include/control_msgs/control_msgs/srv/detail/query_trajectory_state__type_support.hpp
[2.115s] -- Up-to-date: /home/gcerioni/ws_ur16/install/control_msgs/include/control_msgs/control_msgs/srv/detail/query_trajectory_state__builder.hpp
[2.115s] -- Up-to-date: /home/gcerioni/ws_ur16/install/control_msgs/include/control_msgs/control_msgs/srv/detail/query_trajectory_state__struct.hpp
[2.115s] -- Up-to-date: /home/gcerioni/ws_ur16/install/control_msgs/include/control_msgs/control_msgs/srv/detail/query_calibration_state__type_support.hpp
[2.116s] -- Up-to-date: /home/gcerioni/ws_ur16/install/control_msgs/include/control_msgs/control_msgs/srv/detail/query_trajectory_state__traits.hpp
[2.116s] -- Up-to-date: /home/gcerioni/ws_ur16/install/control_msgs/include/control_msgs/control_msgs/srv/query_calibration_state.hpp
[2.116s] -- Up-to-date: /home/gcerioni/ws_ur16/install/control_msgs/include/control_msgs/control_msgs/srv/query_trajectory_state.hpp
[2.116s] -- Up-to-date: /home/gcerioni/ws_ur16/install/control_msgs/include/control_msgs/control_msgs
[2.116s] -- Up-to-date: /home/gcerioni/ws_ur16/install/control_msgs/include/control_msgs/control_msgs/msg
[2.116s] -- Up-to-date: /home/gcerioni/ws_ur16/install/control_msgs/include/control_msgs/control_msgs/msg/detail
[2.116s] -- Up-to-date: /home/gcerioni/ws_ur16/install/control_msgs/include/control_msgs/control_msgs/msg/detail/gripper_command__rosidl_typesupport_fastrtps_cpp.hpp
[2.116s] -- Up-to-date: /home/gcerioni/ws_ur16/install/control_msgs/include/control_msgs/control_msgs/msg/detail/single_dof_state__rosidl_typesupport_fastrtps_cpp.hpp
[2.116s] -- Up-to-date: /home/gcerioni/ws_ur16/install/control_msgs/include/control_msgs/control_msgs/msg/detail/joint_jog__rosidl_typesupport_fastrtps_cpp.hpp
[2.117s] -- Up-to-date: /home/gcerioni/ws_ur16/install/control_msgs/include/control_msgs/control_msgs/msg/detail/multi_dof_state_stamped__rosidl_typesupport_fastrtps_cpp.hpp
[2.117s] -- Up-to-date: /home/gcerioni/ws_ur16/install/control_msgs/include/control_msgs/control_msgs/msg/detail/joint_controller_state__rosidl_typesupport_fastrtps_cpp.hpp
[2.117s] -- Up-to-date: /home/gcerioni/ws_ur16/install/control_msgs/include/control_msgs/control_msgs/msg/detail/interface_value__rosidl_typesupport_fastrtps_cpp.hpp
[2.117s] -- Up-to-date: /home/gcerioni/ws_ur16/install/control_msgs/include/control_msgs/control_msgs/msg/detail/pid_state__rosidl_typesupport_fastrtps_cpp.hpp
[2.117s] -- Up-to-date: /home/gcerioni/ws_ur16/install/control_msgs/include/control_msgs/control_msgs/msg/detail/joint_trajectory_controller_state__rosidl_typesupport_fastrtps_cpp.hpp
[2.117s] -- Up-to-date: /home/gcerioni/ws_ur16/install/control_msgs/include/control_msgs/control_msgs/msg/detail/multi_dof_command__rosidl_typesupport_fastrtps_cpp.hpp
[2.117s] -- Up-to-date: /home/gcerioni/ws_ur16/install/control_msgs/include/control_msgs/control_msgs/msg/detail/dds_fastrtps
[2.118s] -- Up-to-date: /home/gcerioni/ws_ur16/install/control_msgs/include/control_msgs/control_msgs/msg/detail/joint_component_tolerance__rosidl_typesupport_fastrtps_cpp.hpp
[2.118s] -- Up-to-date: /home/gcerioni/ws_ur16/install/control_msgs/include/control_msgs/control_msgs/msg/detail/single_dof_state_stamped__rosidl_typesupport_fastrtps_cpp.hpp
[2.118s] -- Up-to-date: /home/gcerioni/ws_ur16/install/control_msgs/include/control_msgs/control_msgs/msg/detail/mecanum_drive_controller_state__rosidl_typesupport_fastrtps_cpp.hpp
[2.118s] -- Up-to-date: /home/gcerioni/ws_ur16/install/control_msgs/include/control_msgs/control_msgs/msg/detail/steering_controller_status__rosidl_typesupport_fastrtps_cpp.hpp
[2.121s] -- Up-to-date: /home/gcerioni/ws_ur16/install/control_msgs/include/control_msgs/control_msgs/msg/detail/dynamic_joint_state__rosidl_typesupport_fastrtps_cpp.hpp
[2.121s] -- Up-to-date: /home/gcerioni/ws_ur16/install/control_msgs/include/control_msgs/control_msgs/msg/detail/joint_tolerance__rosidl_typesupport_fastrtps_cpp.hpp
[2.121s] -- Up-to-date: /home/gcerioni/ws_ur16/install/control_msgs/include/control_msgs/control_msgs/msg/detail/dynamic_interface_group_values__rosidl_typesupport_fastrtps_cpp.hpp
[2.121s] -- Up-to-date: /home/gcerioni/ws_ur16/install/control_msgs/include/control_msgs/control_msgs/msg/detail/admittance_controller_state__rosidl_typesupport_fastrtps_cpp.hpp
[2.122s] -- Up-to-date: /home/gcerioni/ws_ur16/install/control_msgs/include/control_msgs/control_msgs/msg/rosidl_typesupport_fastrtps_cpp__visibility_control.h
[2.122s] -- Up-to-date: /home/gcerioni/ws_ur16/install/control_msgs/include/control_msgs/control_msgs/action
[2.122s] -- Up-to-date: /home/gcerioni/ws_ur16/install/control_msgs/include/control_msgs/control_msgs/action/detail
[2.122s] -- Up-to-date: /home/gcerioni/ws_ur16/install/control_msgs/include/control_msgs/control_msgs/action/detail/gripper_command__rosidl_typesupport_fastrtps_cpp.hpp
[2.122s] -- Up-to-date: /home/gcerioni/ws_ur16/install/control_msgs/include/control_msgs/control_msgs/action/detail/joint_trajectory__rosidl_typesupport_fastrtps_cpp.hpp
[2.122s] -- Up-to-date: /home/gcerioni/ws_ur16/install/control_msgs/include/control_msgs/control_msgs/action/detail/point_head__rosidl_typesupport_fastrtps_cpp.hpp
[2.123s] -- Up-to-date: /home/gcerioni/ws_ur16/install/control_msgs/include/control_msgs/control_msgs/action/detail/single_joint_position__rosidl_typesupport_fastrtps_cpp.hpp
[2.123s] -- Up-to-date: /home/gcerioni/ws_ur16/install/control_msgs/include/control_msgs/control_msgs/action/detail/dds_fastrtps
[2.123s] -- Up-to-date: /home/gcerioni/ws_ur16/install/control_msgs/include/control_msgs/control_msgs/action/detail/parallel_gripper_command__rosidl_typesupport_fastrtps_cpp.hpp
[2.123s] -- Up-to-date: /home/gcerioni/ws_ur16/install/control_msgs/include/control_msgs/control_msgs/action/detail/follow_joint_trajectory__rosidl_typesupport_fastrtps_cpp.hpp
[2.124s] -- Up-to-date: /home/gcerioni/ws_ur16/install/control_msgs/include/control_msgs/control_msgs/srv
[2.124s] -- Up-to-date: /home/gcerioni/ws_ur16/install/control_msgs/include/control_msgs/control_msgs/srv/detail
[2.124s] -- Up-to-date: /home/gcerioni/ws_ur16/install/control_msgs/include/control_msgs/control_msgs/srv/detail/query_calibration_state__rosidl_typesupport_fastrtps_cpp.hpp
[2.124s] -- Up-to-date: /home/gcerioni/ws_ur16/install/control_msgs/include/control_msgs/control_msgs/srv/detail/dds_fastrtps
[2.124s] -- Up-to-date: /home/gcerioni/ws_ur16/install/control_msgs/include/control_msgs/control_msgs/srv/detail/query_trajectory_state__rosidl_typesupport_fastrtps_cpp.hpp
[2.124s] -- Up-to-date: /home/gcerioni/ws_ur16/install/control_msgs/lib/libcontrol_msgs__rosidl_typesupport_fastrtps_cpp.so
[2.124s] -- Up-to-date: /home/gcerioni/ws_ur16/install/control_msgs/include/control_msgs/control_msgs
[2.125s] -- Up-to-date: /home/gcerioni/ws_ur16/install/control_msgs/include/control_msgs/control_msgs/msg
[2.125s] -- Up-to-date: /home/gcerioni/ws_ur16/install/control_msgs/include/control_msgs/control_msgs/msg/detail
[2.125s] -- Up-to-date: /home/gcerioni/ws_ur16/install/control_msgs/include/control_msgs/control_msgs/msg/detail/admittance_controller_state__rosidl_typesupport_introspection_c.h
[2.125s] -- Up-to-date: /home/gcerioni/ws_ur16/install/control_msgs/include/control_msgs/control_msgs/msg/detail/joint_component_tolerance__type_support.c
[2.125s] -- Up-to-date: /home/gcerioni/ws_ur16/install/control_msgs/include/control_msgs/control_msgs/msg/detail/joint_tolerance__rosidl_typesupport_introspection_c.h
[2.125s] -- Up-to-date: /home/gcerioni/ws_ur16/install/control_msgs/include/control_msgs/control_msgs/msg/detail/admittance_controller_state__type_support.c
[2.126s] -- Up-to-date: /home/gcerioni/ws_ur16/install/control_msgs/include/control_msgs/control_msgs/msg/detail/dynamic_interface_group_values__rosidl_typesupport_introspection_c.h
[2.126s] -- Up-to-date: /home/gcerioni/ws_ur16/install/control_msgs/include/control_msgs/control_msgs/msg/detail/joint_tolerance__type_support.c
[2.126s] -- Up-to-date: /home/gcerioni/ws_ur16/install/control_msgs/include/control_msgs/control_msgs/msg/detail/steering_controller_status__rosidl_typesupport_introspection_c.h
[2.126s] -- Up-to-date: /home/gcerioni/ws_ur16/install/control_msgs/include/control_msgs/control_msgs/msg/detail/single_dof_state__rosidl_typesupport_introspection_c.h
[2.127s] -- Up-to-date: /home/gcerioni/ws_ur16/install/control_msgs/include/control_msgs/control_msgs/msg/detail/interface_value__type_support.c
[2.127s] -- Up-to-date: /home/gcerioni/ws_ur16/install/control_msgs/include/control_msgs/control_msgs/msg/detail/multi_dof_state_stamped__type_support.c
[2.127s] -- Up-to-date: /home/gcerioni/ws_ur16/install/control_msgs/include/control_msgs/control_msgs/msg/detail/joint_trajectory_controller_state__type_support.c
[2.127s] -- Up-to-date: /home/gcerioni/ws_ur16/install/control_msgs/include/control_msgs/control_msgs/msg/detail/multi_dof_state_stamped__rosidl_typesupport_introspection_c.h
[2.128s] -- Up-to-date: /home/gcerioni/ws_ur16/install/control_msgs/include/control_msgs/control_msgs/msg/detail/single_dof_state_stamped__type_support.c
[2.128s] -- Up-to-date: /home/gcerioni/ws_ur16/install/control_msgs/include/control_msgs/control_msgs/msg/detail/joint_component_tolerance__rosidl_typesupport_introspection_c.h
[2.128s] -- Up-to-date: /home/gcerioni/ws_ur16/install/control_msgs/include/control_msgs/control_msgs/msg/detail/dynamic_joint_state__rosidl_typesupport_introspection_c.h
[2.128s] -- Up-to-date: /home/gcerioni/ws_ur16/install/control_msgs/include/control_msgs/control_msgs/msg/detail/pid_state__rosidl_typesupport_introspection_c.h
[2.128s] -- Up-to-date: /home/gcerioni/ws_ur16/install/control_msgs/include/control_msgs/control_msgs/msg/detail/joint_controller_state__rosidl_typesupport_introspection_c.h
[2.128s] -- Up-to-date: /home/gcerioni/ws_ur16/install/control_msgs/include/control_msgs/control_msgs/msg/detail/multi_dof_command__type_support.c
[2.129s] -- Up-to-date: /home/gcerioni/ws_ur16/install/control_msgs/include/control_msgs/control_msgs/msg/detail/joint_jog__type_support.c
[2.129s] -- Up-to-date: /home/gcerioni/ws_ur16/install/control_msgs/include/control_msgs/control_msgs/msg/detail/gripper_command__rosidl_typesupport_introspection_c.h
[2.129s] -- Up-to-date: /home/gcerioni/ws_ur16/install/control_msgs/include/control_msgs/control_msgs/msg/detail/pid_state__type_support.c
[2.129s] -- Up-to-date: /home/gcerioni/ws_ur16/install/control_msgs/include/control_msgs/control_msgs/msg/detail/steering_controller_status__type_support.c
[2.129s] -- Up-to-date: /home/gcerioni/ws_ur16/install/control_msgs/include/control_msgs/control_msgs/msg/detail/interface_value__rosidl_typesupport_introspection_c.h
[2.129s] -- Up-to-date: /home/gcerioni/ws_ur16/install/control_msgs/include/control_msgs/control_msgs/msg/detail/multi_dof_command__rosidl_typesupport_introspection_c.h
[2.130s] -- Up-to-date: /home/gcerioni/ws_ur16/install/control_msgs/include/control_msgs/control_msgs/msg/detail/dynamic_joint_state__type_support.c
[2.130s] -- Up-to-date: /home/gcerioni/ws_ur16/install/control_msgs/include/control_msgs/control_msgs/msg/detail/dynamic_interface_group_values__type_support.c
[2.130s] -- Up-to-date: /home/gcerioni/ws_ur16/install/control_msgs/include/control_msgs/control_msgs/msg/detail/single_dof_state_stamped__rosidl_typesupport_introspection_c.h
[2.130s] -- Up-to-date: /home/gcerioni/ws_ur16/install/control_msgs/include/control_msgs/control_msgs/msg/detail/joint_trajectory_controller_state__rosidl_typesupport_introspection_c.h
[2.130s] -- Up-to-date: /home/gcerioni/ws_ur16/install/control_msgs/include/control_msgs/control_msgs/msg/detail/joint_jog__rosidl_typesupport_introspection_c.h
[2.130s] -- Up-to-date: /home/gcerioni/ws_ur16/install/control_msgs/include/control_msgs/control_msgs/msg/detail/joint_controller_state__type_support.c
[2.130s] -- Up-to-date: /home/gcerioni/ws_ur16/install/control_msgs/include/control_msgs/control_msgs/msg/detail/mecanum_drive_controller_state__rosidl_typesupport_introspection_c.h
[2.131s] -- Up-to-date: /home/gcerioni/ws_ur16/install/control_msgs/include/control_msgs/control_msgs/msg/detail/mecanum_drive_controller_state__type_support.c
[2.131s] -- Up-to-date: /home/gcerioni/ws_ur16/install/control_msgs/include/control_msgs/control_msgs/msg/detail/single_dof_state__type_support.c
[2.131s] -- Up-to-date: /home/gcerioni/ws_ur16/install/control_msgs/include/control_msgs/control_msgs/msg/detail/gripper_command__type_support.c
[2.131s] -- Up-to-date: /home/gcerioni/ws_ur16/install/control_msgs/include/control_msgs/control_msgs/msg/rosidl_typesupport_introspection_c__visibility_control.h
[2.131s] -- Up-to-date: /home/gcerioni/ws_ur16/install/control_msgs/include/control_msgs/control_msgs/action
[2.131s] -- Up-to-date: /home/gcerioni/ws_ur16/install/control_msgs/include/control_msgs/control_msgs/action/detail
[2.133s] -- Up-to-date: /home/gcerioni/ws_ur16/install/control_msgs/include/control_msgs/control_msgs/action/detail/follow_joint_trajectory__type_support.c
[2.134s] -- Up-to-date: /home/gcerioni/ws_ur16/install/control_msgs/include/control_msgs/control_msgs/action/detail/joint_trajectory__type_support.c
[2.134s] -- Up-to-date: /home/gcerioni/ws_ur16/install/control_msgs/include/control_msgs/control_msgs/action/detail/parallel_gripper_command__rosidl_typesupport_introspection_c.h
[2.134s] -- Up-to-date: /home/gcerioni/ws_ur16/install/control_msgs/include/control_msgs/control_msgs/action/detail/joint_trajectory__rosidl_typesupport_introspection_c.h
[2.134s] -- Up-to-date: /home/gcerioni/ws_ur16/install/control_msgs/include/control_msgs/control_msgs/action/detail/gripper_command__rosidl_typesupport_introspection_c.h
[2.134s] -- Up-to-date: /home/gcerioni/ws_ur16/install/control_msgs/include/control_msgs/control_msgs/action/detail/follow_joint_trajectory__rosidl_typesupport_introspection_c.h
[2.134s] -- Up-to-date: /home/gcerioni/ws_ur16/install/control_msgs/include/control_msgs/control_msgs/action/detail/parallel_gripper_command__type_support.c
[2.134s] -- Up-to-date: /home/gcerioni/ws_ur16/install/control_msgs/include/control_msgs/control_msgs/action/detail/single_joint_position__type_support.c
[2.134s] -- Up-to-date: /home/gcerioni/ws_ur16/install/control_msgs/include/control_msgs/control_msgs/action/detail/single_joint_position__rosidl_typesupport_introspection_c.h
[2.135s] -- Up-to-date: /home/gcerioni/ws_ur16/install/control_msgs/include/control_msgs/control_msgs/action/detail/point_head__type_support.c
[2.135s] -- Up-to-date: /home/gcerioni/ws_ur16/install/control_msgs/include/control_msgs/control_msgs/action/detail/point_head__rosidl_typesupport_introspection_c.h
[2.135s] -- Up-to-date: /home/gcerioni/ws_ur16/install/control_msgs/include/control_msgs/control_msgs/action/detail/gripper_command__type_support.c
[2.135s] -- Up-to-date: /home/gcerioni/ws_ur16/install/control_msgs/include/control_msgs/control_msgs/srv
[2.135s] -- Up-to-date: /home/gcerioni/ws_ur16/install/control_msgs/include/control_msgs/control_msgs/srv/detail
[2.135s] -- Up-to-date: /home/gcerioni/ws_ur16/install/control_msgs/include/control_msgs/control_msgs/srv/detail/query_calibration_state__rosidl_typesupport_introspection_c.h
[2.135s] -- Up-to-date: /home/gcerioni/ws_ur16/install/control_msgs/include/control_msgs/control_msgs/srv/detail/query_calibration_state__type_support.c
[2.135s] -- Up-to-date: /home/gcerioni/ws_ur16/install/control_msgs/include/control_msgs/control_msgs/srv/detail/query_trajectory_state__type_support.c
[2.135s] -- Up-to-date: /home/gcerioni/ws_ur16/install/control_msgs/include/control_msgs/control_msgs/srv/detail/query_trajectory_state__rosidl_typesupport_introspection_c.h
[2.135s] -- Up-to-date: /home/gcerioni/ws_ur16/install/control_msgs/lib/libcontrol_msgs__rosidl_typesupport_introspection_c.so
[2.135s] -- Up-to-date: /home/gcerioni/ws_ur16/install/control_msgs/lib/libcontrol_msgs__rosidl_typesupport_c.so
[2.136s] -- Up-to-date: /home/gcerioni/ws_ur16/install/control_msgs/include/control_msgs/control_msgs
[2.136s] -- Up-to-date: /home/gcerioni/ws_ur16/install/control_msgs/include/control_msgs/control_msgs/msg
[2.136s] -- Up-to-date: /home/gcerioni/ws_ur16/install/control_msgs/include/control_msgs/control_msgs/msg/detail
[2.136s] -- Up-to-date: /home/gcerioni/ws_ur16/install/control_msgs/include/control_msgs/control_msgs/msg/detail/mecanum_drive_controller_state__rosidl_typesupport_introspection_cpp.hpp
[2.136s] -- Up-to-date: /home/gcerioni/ws_ur16/install/control_msgs/include/control_msgs/control_msgs/msg/detail/dynamic_interface_group_values__rosidl_typesupport_introspection_cpp.hpp
[2.136s] -- Up-to-date: /home/gcerioni/ws_ur16/install/control_msgs/include/control_msgs/control_msgs/msg/detail/pid_state__rosidl_typesupport_introspection_cpp.hpp
[2.138s] -- Up-to-date: /home/gcerioni/ws_ur16/install/control_msgs/include/control_msgs/control_msgs/msg/detail/mecanum_drive_controller_state__type_support.cpp
[2.138s] -- Up-to-date: /home/gcerioni/ws_ur16/install/control_msgs/include/control_msgs/control_msgs/msg/detail/single_dof_state__rosidl_typesupport_introspection_cpp.hpp
[2.138s] -- Up-to-date: /home/gcerioni/ws_ur16/install/control_msgs/include/control_msgs/control_msgs/msg/detail/joint_component_tolerance__type_support.cpp
[2.138s] -- Up-to-date: /home/gcerioni/ws_ur16/install/control_msgs/include/control_msgs/control_msgs/msg/detail/steering_controller_status__rosidl_typesupport_introspection_cpp.hpp
[2.138s] -- Up-to-date: /home/gcerioni/ws_ur16/install/control_msgs/include/control_msgs/control_msgs/msg/detail/admittance_controller_state__type_support.cpp
[2.139s] -- Up-to-date: /home/gcerioni/ws_ur16/install/control_msgs/include/control_msgs/control_msgs/msg/detail/joint_trajectory_controller_state__type_support.cpp
[2.139s] -- Up-to-date: /home/gcerioni/ws_ur16/install/control_msgs/include/control_msgs/control_msgs/msg/detail/interface_value__rosidl_typesupport_introspection_cpp.hpp
[2.139s] -- Up-to-date: /home/gcerioni/ws_ur16/install/control_msgs/include/control_msgs/control_msgs/msg/detail/steering_controller_status__type_support.cpp
[2.139s] -- Up-to-date: /home/gcerioni/ws_ur16/install/control_msgs/include/control_msgs/control_msgs/msg/detail/gripper_command__rosidl_typesupport_introspection_cpp.hpp
[2.139s] -- Up-to-date: /home/gcerioni/ws_ur16/install/control_msgs/include/control_msgs/control_msgs/msg/detail/single_dof_state_stamped__type_support.cpp
[2.139s] -- Up-to-date: /home/gcerioni/ws_ur16/install/control_msgs/include/control_msgs/control_msgs/msg/detail/joint_component_tolerance__rosidl_typesupport_introspection_cpp.hpp
[2.139s] -- Up-to-date: /home/gcerioni/ws_ur16/install/control_msgs/include/control_msgs/control_msgs/msg/detail/pid_state__type_support.cpp
[2.140s] -- Up-to-date: /home/gcerioni/ws_ur16/install/control_msgs/include/control_msgs/control_msgs/msg/detail/gripper_command__type_support.cpp
[2.140s] -- Up-to-date: /home/gcerioni/ws_ur16/install/control_msgs/include/control_msgs/control_msgs/msg/detail/joint_trajectory_controller_state__rosidl_typesupport_introspection_cpp.hpp
[2.140s] -- Up-to-date: /home/gcerioni/ws_ur16/install/control_msgs/include/control_msgs/control_msgs/msg/detail/dynamic_joint_state__rosidl_typesupport_introspection_cpp.hpp
[2.140s] -- Up-to-date: /home/gcerioni/ws_ur16/install/control_msgs/include/control_msgs/control_msgs/msg/detail/multi_dof_state_stamped__type_support.cpp
[2.140s] -- Up-to-date: /home/gcerioni/ws_ur16/install/control_msgs/include/control_msgs/control_msgs/msg/detail/joint_jog__rosidl_typesupport_introspection_cpp.hpp
[2.140s] -- Up-to-date: /home/gcerioni/ws_ur16/install/control_msgs/include/control_msgs/control_msgs/msg/detail/interface_value__type_support.cpp
[2.140s] -- Up-to-date: /home/gcerioni/ws_ur16/install/control_msgs/include/control_msgs/control_msgs/msg/detail/multi_dof_state_stamped__rosidl_typesupport_introspection_cpp.hpp
[2.141s] -- Up-to-date: /home/gcerioni/ws_ur16/install/control_msgs/include/control_msgs/control_msgs/msg/detail/dynamic_interface_group_values__type_support.cpp
[2.141s] -- Up-to-date: /home/gcerioni/ws_ur16/install/control_msgs/include/control_msgs/control_msgs/msg/detail/single_dof_state_stamped__rosidl_typesupport_introspection_cpp.hpp
[2.141s] -- Up-to-date: /home/gcerioni/ws_ur16/install/control_msgs/include/control_msgs/control_msgs/msg/detail/single_dof_state__type_support.cpp
[2.141s] -- Up-to-date: /home/gcerioni/ws_ur16/install/control_msgs/include/control_msgs/control_msgs/msg/detail/joint_controller_state__type_support.cpp
[2.141s] -- Up-to-date: /home/gcerioni/ws_ur16/install/control_msgs/include/control_msgs/control_msgs/msg/detail/joint_jog__type_support.cpp
[2.141s] -- Up-to-date: /home/gcerioni/ws_ur16/install/control_msgs/include/control_msgs/control_msgs/msg/detail/joint_tolerance__rosidl_typesupport_introspection_cpp.hpp
[2.141s] -- Up-to-date: /home/gcerioni/ws_ur16/install/control_msgs/include/control_msgs/control_msgs/msg/detail/joint_controller_state__rosidl_typesupport_introspection_cpp.hpp
[2.141s] -- Up-to-date: /home/gcerioni/ws_ur16/install/control_msgs/include/control_msgs/control_msgs/msg/detail/multi_dof_command__rosidl_typesupport_introspection_cpp.hpp
[2.142s] -- Up-to-date: /home/gcerioni/ws_ur16/install/control_msgs/include/control_msgs/control_msgs/msg/detail/dynamic_joint_state__type_support.cpp
[2.142s] -- Up-to-date: /home/gcerioni/ws_ur16/install/control_msgs/include/control_msgs/control_msgs/msg/detail/joint_tolerance__type_support.cpp
[2.142s] -- Up-to-date: /home/gcerioni/ws_ur16/install/control_msgs/include/control_msgs/control_msgs/msg/detail/admittance_controller_state__rosidl_typesupport_introspection_cpp.hpp
[2.142s] -- Up-to-date: /home/gcerioni/ws_ur16/install/control_msgs/include/control_msgs/control_msgs/msg/detail/multi_dof_command__type_support.cpp
[2.142s] -- Up-to-date: /home/gcerioni/ws_ur16/install/control_msgs/include/control_msgs/control_msgs/action
[2.142s] -- Up-to-date: /home/gcerioni/ws_ur16/install/control_msgs/include/control_msgs/control_msgs/action/detail
[2.142s] -- Up-to-date: /home/gcerioni/ws_ur16/install/control_msgs/include/control_msgs/control_msgs/action/detail/point_head__rosidl_typesupport_introspection_cpp.hpp
[2.142s] -- Up-to-date: /home/gcerioni/ws_ur16/install/control_msgs/include/control_msgs/control_msgs/action/detail/point_head__type_support.cpp
[2.142s] -- Up-to-date: /home/gcerioni/ws_ur16/install/control_msgs/include/control_msgs/control_msgs/action/detail/follow_joint_trajectory__type_support.cpp
[2.143s] -- Up-to-date: /home/gcerioni/ws_ur16/install/control_msgs/include/control_msgs/control_msgs/action/detail/follow_joint_trajectory__rosidl_typesupport_introspection_cpp.hpp
[2.143s] -- Up-to-date: /home/gcerioni/ws_ur16/install/control_msgs/include/control_msgs/control_msgs/action/detail/joint_trajectory__type_support.cpp
[2.143s] -- Up-to-date: /home/gcerioni/ws_ur16/install/control_msgs/include/control_msgs/control_msgs/action/detail/single_joint_position__rosidl_typesupport_introspection_cpp.hpp
[2.143s] -- Up-to-date: /home/gcerioni/ws_ur16/install/control_msgs/include/control_msgs/control_msgs/action/detail/single_joint_position__type_support.cpp
[2.143s] -- Up-to-date: /home/gcerioni/ws_ur16/install/control_msgs/include/control_msgs/control_msgs/action/detail/gripper_command__rosidl_typesupport_introspection_cpp.hpp
[2.143s] -- Up-to-date: /home/gcerioni/ws_ur16/install/control_msgs/include/control_msgs/control_msgs/action/detail/gripper_command__type_support.cpp
[2.143s] -- Up-to-date: /home/gcerioni/ws_ur16/install/control_msgs/include/control_msgs/control_msgs/action/detail/parallel_gripper_command__rosidl_typesupport_introspection_cpp.hpp
[2.143s] -- Up-to-date: /home/gcerioni/ws_ur16/install/control_msgs/include/control_msgs/control_msgs/action/detail/joint_trajectory__rosidl_typesupport_introspection_cpp.hpp
[2.144s] -- Up-to-date: /home/gcerioni/ws_ur16/install/control_msgs/include/control_msgs/control_msgs/action/detail/parallel_gripper_command__type_support.cpp
[2.144s] -- Up-to-date: /home/gcerioni/ws_ur16/install/control_msgs/include/control_msgs/control_msgs/srv
[2.144s] -- Up-to-date: /home/gcerioni/ws_ur16/install/control_msgs/include/control_msgs/control_msgs/srv/detail
[2.144s] -- Up-to-date: /home/gcerioni/ws_ur16/install/control_msgs/include/control_msgs/control_msgs/srv/detail/query_calibration_state__rosidl_typesupport_introspection_cpp.hpp
[2.144s] -- Up-to-date: /home/gcerioni/ws_ur16/install/control_msgs/include/control_msgs/control_msgs/srv/detail/query_trajectory_state__type_support.cpp
[2.144s] -- Up-to-date: /home/gcerioni/ws_ur16/install/control_msgs/include/control_msgs/control_msgs/srv/detail/query_trajectory_state__rosidl_typesupport_introspection_cpp.hpp
[2.144s] -- Up-to-date: /home/gcerioni/ws_ur16/install/control_msgs/include/control_msgs/control_msgs/srv/detail/query_calibration_state__type_support.cpp
[2.145s] -- Up-to-date: /home/gcerioni/ws_ur16/install/control_msgs/lib/libcontrol_msgs__rosidl_typesupport_introspection_cpp.so
[2.145s] -- Up-to-date: /home/gcerioni/ws_ur16/install/control_msgs/lib/libcontrol_msgs__rosidl_typesupport_cpp.so
[2.145s] -- Up-to-date: /home/gcerioni/ws_ur16/install/control_msgs/share/control_msgs/environment/pythonpath.sh
[2.145s] -- Up-to-date: /home/gcerioni/ws_ur16/install/control_msgs/share/control_msgs/environment/pythonpath.dsv
[2.145s] -- Up-to-date: /home/gcerioni/ws_ur16/install/control_msgs/local/lib/python3.10/dist-packages/control_msgs-4.8.0-py3.10.egg-info
[2.145s] -- Installing: /home/gcerioni/ws_ur16/install/control_msgs/local/lib/python3.10/dist-packages/control_msgs-4.8.0-py3.10.egg-info/top_level.txt
[2.145s] -- Installing: /home/gcerioni/ws_ur16/install/control_msgs/local/lib/python3.10/dist-packages/control_msgs-4.8.0-py3.10.egg-info/SOURCES.txt
[2.146s] -- Installing: /home/gcerioni/ws_ur16/install/control_msgs/local/lib/python3.10/dist-packages/control_msgs-4.8.0-py3.10.egg-info/dependency_links.txt
[2.146s] -- Installing: /home/gcerioni/ws_ur16/install/control_msgs/local/lib/python3.10/dist-packages/control_msgs-4.8.0-py3.10.egg-info/PKG-INFO
[2.146s] -- Up-to-date: /home/gcerioni/ws_ur16/install/control_msgs/local/lib/python3.10/dist-packages/control_msgs
[2.146s] -- Up-to-date: /home/gcerioni/ws_ur16/install/control_msgs/local/lib/python3.10/dist-packages/control_msgs/msg
[2.146s] -- Up-to-date: /home/gcerioni/ws_ur16/install/control_msgs/local/lib/python3.10/dist-packages/control_msgs/msg/_dynamic_joint_state.py
[2.146s] -- Up-to-date: /home/gcerioni/ws_ur16/install/control_msgs/local/lib/python3.10/dist-packages/control_msgs/msg/_multi_dof_command.py
[2.147s] -- Up-to-date: /home/gcerioni/ws_ur16/install/control_msgs/local/lib/python3.10/dist-packages/control_msgs/msg/_joint_tolerance.py
[2.147s] -- Up-to-date: /home/gcerioni/ws_ur16/install/control_msgs/local/lib/python3.10/dist-packages/control_msgs/msg/_joint_tolerance_s.c
[2.147s] -- Up-to-date: /home/gcerioni/ws_ur16/install/control_msgs/local/lib/python3.10/dist-packages/control_msgs/msg/_joint_controller_state.py
[2.147s] -- Up-to-date: /home/gcerioni/ws_ur16/install/control_msgs/local/lib/python3.10/dist-packages/control_msgs/msg/_dynamic_interface_group_values.py
[2.147s] -- Up-to-date: /home/gcerioni/ws_ur16/install/control_msgs/local/lib/python3.10/dist-packages/control_msgs/msg/_gripper_command.py
[2.147s] -- Up-to-date: /home/gcerioni/ws_ur16/install/control_msgs/local/lib/python3.10/dist-packages/control_msgs/msg/_single_dof_state_stamped_s.c
[2.147s] -- Up-to-date: /home/gcerioni/ws_ur16/install/control_msgs/local/lib/python3.10/dist-packages/control_msgs/msg/_steering_controller_status_s.c
[2.148s] -- Up-to-date: /home/gcerioni/ws_ur16/install/control_msgs/local/lib/python3.10/dist-packages/control_msgs/msg/_single_dof_state_stamped.py
[2.148s] -- Up-to-date: /home/gcerioni/ws_ur16/install/control_msgs/local/lib/python3.10/dist-packages/control_msgs/msg/_steering_controller_status.py
[2.148s] -- Up-to-date: /home/gcerioni/ws_ur16/install/control_msgs/local/lib/python3.10/dist-packages/control_msgs/msg/_joint_component_tolerance.py
[2.148s] -- Up-to-date: /home/gcerioni/ws_ur16/install/control_msgs/local/lib/python3.10/dist-packages/control_msgs/msg/_interface_value.py
[2.148s] -- Up-to-date: /home/gcerioni/ws_ur16/install/control_msgs/local/lib/python3.10/dist-packages/control_msgs/msg/_dynamic_interface_group_values_s.c
[2.149s] -- Up-to-date: /home/gcerioni/ws_ur16/install/control_msgs/local/lib/python3.10/dist-packages/control_msgs/msg/_joint_jog_s.c
[2.149s] -- Up-to-date: /home/gcerioni/ws_ur16/install/control_msgs/local/lib/python3.10/dist-packages/control_msgs/msg/_joint_trajectory_controller_state_s.c
[2.149s] -- Up-to-date: /home/gcerioni/ws_ur16/install/control_msgs/local/lib/python3.10/dist-packages/control_msgs/msg/_pid_state_s.c
[2.149s] -- Up-to-date: /home/gcerioni/ws_ur16/install/control_msgs/local/lib/python3.10/dist-packages/control_msgs/msg/_joint_jog.py
[2.149s] -- Up-to-date: /home/gcerioni/ws_ur16/install/control_msgs/local/lib/python3.10/dist-packages/control_msgs/msg/_single_dof_state_s.c
[2.150s] -- Up-to-date: /home/gcerioni/ws_ur16/install/control_msgs/local/lib/python3.10/dist-packages/control_msgs/msg/__init__.py
[2.150s] -- Up-to-date: /home/gcerioni/ws_ur16/install/control_msgs/local/lib/python3.10/dist-packages/control_msgs/msg/_mecanum_drive_controller_state.py
[2.150s] -- Up-to-date: /home/gcerioni/ws_ur16/install/control_msgs/local/lib/python3.10/dist-packages/control_msgs/msg/_mecanum_drive_controller_state_s.c
[2.151s] -- Up-to-date: /home/gcerioni/ws_ur16/install/control_msgs/local/lib/python3.10/dist-packages/control_msgs/msg/_multi_dof_state_stamped_s.c
[2.151s] -- Up-to-date: /home/gcerioni/ws_ur16/install/control_msgs/local/lib/python3.10/dist-packages/control_msgs/msg/_pid_state.py
[2.151s] -- Up-to-date: /home/gcerioni/ws_ur16/install/control_msgs/local/lib/python3.10/dist-packages/control_msgs/msg/_single_dof_state.py
[2.151s] -- Up-to-date: /home/gcerioni/ws_ur16/install/control_msgs/local/lib/python3.10/dist-packages/control_msgs/msg/_multi_dof_command_s.c
[2.152s] -- Up-to-date: /home/gcerioni/ws_ur16/install/control_msgs/local/lib/python3.10/dist-packages/control_msgs/msg/_admittance_controller_state.py
[2.152s] -- Up-to-date: /home/gcerioni/ws_ur16/install/control_msgs/local/lib/python3.10/dist-packages/control_msgs/msg/_interface_value_s.c
[2.153s] -- Up-to-date: /home/gcerioni/ws_ur16/install/control_msgs/local/lib/python3.10/dist-packages/control_msgs/msg/_joint_component_tolerance_s.c
[2.153s] -- Up-to-date: /home/gcerioni/ws_ur16/install/control_msgs/local/lib/python3.10/dist-packages/control_msgs/msg/_multi_dof_state_stamped.py
[2.153s] -- Up-to-date: /home/gcerioni/ws_ur16/install/control_msgs/local/lib/python3.10/dist-packages/control_msgs/msg/_joint_controller_state_s.c
[2.154s] -- Up-to-date: /home/gcerioni/ws_ur16/install/control_msgs/local/lib/python3.10/dist-packages/control_msgs/msg/_joint_trajectory_controller_state.py
[2.154s] -- Up-to-date: /home/gcerioni/ws_ur16/install/control_msgs/local/lib/python3.10/dist-packages/control_msgs/msg/_admittance_controller_state_s.c
[2.154s] -- Up-to-date: /home/gcerioni/ws_ur16/install/control_msgs/local/lib/python3.10/dist-packages/control_msgs/msg/_dynamic_joint_state_s.c
[2.154s] -- Up-to-date: /home/gcerioni/ws_ur16/install/control_msgs/local/lib/python3.10/dist-packages/control_msgs/msg/_gripper_command_s.c
[2.154s] -- Up-to-date: /home/gcerioni/ws_ur16/install/control_msgs/local/lib/python3.10/dist-packages/control_msgs/control_msgs_s__rosidl_typesupport_fastrtps_c.cpython-310-x86_64-linux-gnu.so
[2.154s] -- Up-to-date: /home/gcerioni/ws_ur16/install/control_msgs/local/lib/python3.10/dist-packages/control_msgs/control_msgs_s__rosidl_typesupport_c.cpython-310-x86_64-linux-gnu.so
[2.155s] -- Up-to-date: /home/gcerioni/ws_ur16/install/control_msgs/local/lib/python3.10/dist-packages/control_msgs/action
[2.155s] -- Up-to-date: /home/gcerioni/ws_ur16/install/control_msgs/local/lib/python3.10/dist-packages/control_msgs/action/_follow_joint_trajectory.py
[2.155s] -- Up-to-date: /home/gcerioni/ws_ur16/install/control_msgs/local/lib/python3.10/dist-packages/control_msgs/action/_gripper_command.py
[2.155s] -- Up-to-date: /home/gcerioni/ws_ur16/install/control_msgs/local/lib/python3.10/dist-packages/control_msgs/action/_point_head_s.c
[2.156s] -- Up-to-date: /home/gcerioni/ws_ur16/install/control_msgs/local/lib/python3.10/dist-packages/control_msgs/action/_joint_trajectory_s.c
[2.156s] -- Up-to-date: /home/gcerioni/ws_ur16/install/control_msgs/local/lib/python3.10/dist-packages/control_msgs/action/__init__.py
[2.156s] -- Up-to-date: /home/gcerioni/ws_ur16/install/control_msgs/local/lib/python3.10/dist-packages/control_msgs/action/_single_joint_position_s.c
[2.156s] -- Up-to-date: /home/gcerioni/ws_ur16/install/control_msgs/local/lib/python3.10/dist-packages/control_msgs/action/_parallel_gripper_command.py
[2.156s] -- Up-to-date: /home/gcerioni/ws_ur16/install/control_msgs/local/lib/python3.10/dist-packages/control_msgs/action/_parallel_gripper_command_s.c
[2.156s] -- Up-to-date: /home/gcerioni/ws_ur16/install/control_msgs/local/lib/python3.10/dist-packages/control_msgs/action/_follow_joint_trajectory_s.c
[2.156s] -- Up-to-date: /home/gcerioni/ws_ur16/install/control_msgs/local/lib/python3.10/dist-packages/control_msgs/action/_single_joint_position.py
[2.157s] -- Up-to-date: /home/gcerioni/ws_ur16/install/control_msgs/local/lib/python3.10/dist-packages/control_msgs/action/_gripper_command_s.c
[2.157s] -- Up-to-date: /home/gcerioni/ws_ur16/install/control_msgs/local/lib/python3.10/dist-packages/control_msgs/action/_point_head.py
[2.157s] -- Up-to-date: /home/gcerioni/ws_ur16/install/control_msgs/local/lib/python3.10/dist-packages/control_msgs/action/_joint_trajectory.py
[2.157s] -- Up-to-date: /home/gcerioni/ws_ur16/install/control_msgs/local/lib/python3.10/dist-packages/control_msgs/_control_msgs_s.ep.rosidl_typesupport_fastrtps_c.c
[2.157s] -- Up-to-date: /home/gcerioni/ws_ur16/install/control_msgs/local/lib/python3.10/dist-packages/control_msgs/__init__.py
[2.157s] -- Up-to-date: /home/gcerioni/ws_ur16/install/control_msgs/local/lib/python3.10/dist-packages/control_msgs/libcontrol_msgs__rosidl_generator_py.so
[2.157s] -- Up-to-date: /home/gcerioni/ws_ur16/install/control_msgs/local/lib/python3.10/dist-packages/control_msgs/_control_msgs_s.ep.rosidl_typesupport_introspection_c.c
[2.158s] -- Up-to-date: /home/gcerioni/ws_ur16/install/control_msgs/local/lib/python3.10/dist-packages/control_msgs/_control_msgs_s.ep.rosidl_typesupport_c.c
[2.158s] -- Up-to-date: /home/gcerioni/ws_ur16/install/control_msgs/local/lib/python3.10/dist-packages/control_msgs/control_msgs_s__rosidl_typesupport_introspection_c.cpython-310-x86_64-linux-gnu.so
[2.158s] -- Up-to-date: /home/gcerioni/ws_ur16/install/control_msgs/local/lib/python3.10/dist-packages/control_msgs/srv
[2.158s] -- Up-to-date: /home/gcerioni/ws_ur16/install/control_msgs/local/lib/python3.10/dist-packages/control_msgs/srv/_query_calibration_state_s.c
[2.158s] -- Up-to-date: /home/gcerioni/ws_ur16/install/control_msgs/local/lib/python3.10/dist-packages/control_msgs/srv/_query_calibration_state.py
[2.158s] -- Up-to-date: /home/gcerioni/ws_ur16/install/control_msgs/local/lib/python3.10/dist-packages/control_msgs/srv/__init__.py
[2.158s] -- Up-to-date: /home/gcerioni/ws_ur16/install/control_msgs/local/lib/python3.10/dist-packages/control_msgs/srv/_query_trajectory_state.py
[2.159s] -- Up-to-date: /home/gcerioni/ws_ur16/install/control_msgs/local/lib/python3.10/dist-packages/control_msgs/srv/_query_trajectory_state_s.c
[2.172s] Listing '/home/gcerioni/ws_ur16/install/control_msgs/local/lib/python3.10/dist-packages/control_msgs'...
[2.173s] Listing '/home/gcerioni/ws_ur16/install/control_msgs/local/lib/python3.10/dist-packages/control_msgs/action'...
[2.173s] Listing '/home/gcerioni/ws_ur16/install/control_msgs/local/lib/python3.10/dist-packages/control_msgs/msg'...
[2.173s] Listing '/home/gcerioni/ws_ur16/install/control_msgs/local/lib/python3.10/dist-packages/control_msgs/srv'...
[2.176s] -- Up-to-date: /home/gcerioni/ws_ur16/install/control_msgs/local/lib/python3.10/dist-packages/control_msgs/control_msgs_s__rosidl_typesupport_fastrtps_c.cpython-310-x86_64-linux-gnu.so
[2.176s] -- Up-to-date: /home/gcerioni/ws_ur16/install/control_msgs/local/lib/python3.10/dist-packages/control_msgs/control_msgs_s__rosidl_typesupport_introspection_c.cpython-310-x86_64-linux-gnu.so
[2.176s] -- Up-to-date: /home/gcerioni/ws_ur16/install/control_msgs/local/lib/python3.10/dist-packages/control_msgs/control_msgs_s__rosidl_typesupport_c.cpython-310-x86_64-linux-gnu.so
[2.177s] -- Up-to-date: /home/gcerioni/ws_ur16/install/control_msgs/lib/libcontrol_msgs__rosidl_generator_py.so
[2.178s] -- Up-to-date: /home/gcerioni/ws_ur16/install/control_msgs/share/control_msgs/action/ParallelGripperCommand.idl
[2.178s] -- Up-to-date: /home/gcerioni/ws_ur16/install/control_msgs/share/control_msgs/action/FollowJointTrajectory.idl
[2.178s] -- Up-to-date: /home/gcerioni/ws_ur16/install/control_msgs/share/control_msgs/action/GripperCommand.idl
[2.178s] -- Up-to-date: /home/gcerioni/ws_ur16/install/control_msgs/share/control_msgs/action/JointTrajectory.idl
[2.178s] -- Up-to-date: /home/gcerioni/ws_ur16/install/control_msgs/share/control_msgs/action/PointHead.idl
[2.178s] -- Up-to-date: /home/gcerioni/ws_ur16/install/control_msgs/share/control_msgs/action/SingleJointPosition.idl
[2.179s] -- Up-to-date: /home/gcerioni/ws_ur16/install/control_msgs/share/control_msgs/msg/AdmittanceControllerState.idl
[2.179s] -- Up-to-date: /home/gcerioni/ws_ur16/install/control_msgs/share/control_msgs/msg/DynamicInterfaceGroupValues.idl
[2.179s] -- Up-to-date: /home/gcerioni/ws_ur16/install/control_msgs/share/control_msgs/msg/DynamicJointState.idl
[2.179s] -- Up-to-date: /home/gcerioni/ws_ur16/install/control_msgs/share/control_msgs/msg/GripperCommand.idl
[2.179s] -- Up-to-date: /home/gcerioni/ws_ur16/install/control_msgs/share/control_msgs/msg/InterfaceValue.idl
[2.180s] -- Up-to-date: /home/gcerioni/ws_ur16/install/control_msgs/share/control_msgs/msg/JointComponentTolerance.idl
[2.180s] -- Up-to-date: /home/gcerioni/ws_ur16/install/control_msgs/share/control_msgs/msg/JointControllerState.idl
[2.180s] -- Up-to-date: /home/gcerioni/ws_ur16/install/control_msgs/share/control_msgs/msg/JointJog.idl
[2.180s] -- Up-to-date: /home/gcerioni/ws_ur16/install/control_msgs/share/control_msgs/msg/JointTolerance.idl
[2.180s] -- Up-to-date: /home/gcerioni/ws_ur16/install/control_msgs/share/control_msgs/msg/JointTrajectoryControllerState.idl
[2.180s] -- Up-to-date: /home/gcerioni/ws_ur16/install/control_msgs/share/control_msgs/msg/MecanumDriveControllerState.idl
[2.180s] -- Up-to-date: /home/gcerioni/ws_ur16/install/control_msgs/share/control_msgs/msg/MultiDOFCommand.idl
[2.180s] -- Up-to-date: /home/gcerioni/ws_ur16/install/control_msgs/share/control_msgs/msg/MultiDOFStateStamped.idl
[2.180s] -- Up-to-date: /home/gcerioni/ws_ur16/install/control_msgs/share/control_msgs/msg/PidState.idl
[2.180s] -- Up-to-date: /home/gcerioni/ws_ur16/install/control_msgs/share/control_msgs/msg/SingleDOFState.idl
[2.180s] -- Up-to-date: /home/gcerioni/ws_ur16/install/control_msgs/share/control_msgs/msg/SingleDOFStateStamped.idl
[2.180s] -- Up-to-date: /home/gcerioni/ws_ur16/install/control_msgs/share/control_msgs/msg/SteeringControllerStatus.idl
[2.180s] -- Up-to-date: /home/gcerioni/ws_ur16/install/control_msgs/share/control_msgs/srv/QueryCalibrationState.idl
[2.180s] -- Up-to-date: /home/gcerioni/ws_ur16/install/control_msgs/share/control_msgs/srv/QueryTrajectoryState.idl
[2.181s] -- Up-to-date: /home/gcerioni/ws_ur16/install/control_msgs/share/control_msgs/action/ParallelGripperCommand.action
[2.181s] -- Up-to-date: /home/gcerioni/ws_ur16/install/control_msgs/share/control_msgs/action/FollowJointTrajectory.action
[2.181s] -- Up-to-date: /home/gcerioni/ws_ur16/install/control_msgs/share/control_msgs/action/GripperCommand.action
[2.181s] -- Up-to-date: /home/gcerioni/ws_ur16/install/control_msgs/share/control_msgs/action/JointTrajectory.action
[2.181s] -- Up-to-date: /home/gcerioni/ws_ur16/install/control_msgs/share/control_msgs/action/PointHead.action
[2.181s] -- Up-to-date: /home/gcerioni/ws_ur16/install/control_msgs/share/control_msgs/action/SingleJointPosition.action
[2.181s] -- Up-to-date: /home/gcerioni/ws_ur16/install/control_msgs/share/control_msgs/msg/AdmittanceControllerState.msg
[2.181s] -- Up-to-date: /home/gcerioni/ws_ur16/install/control_msgs/share/control_msgs/msg/DynamicInterfaceGroupValues.msg
[2.181s] -- Up-to-date: /home/gcerioni/ws_ur16/install/control_msgs/share/control_msgs/msg/DynamicJointState.msg
[2.181s] -- Up-to-date: /home/gcerioni/ws_ur16/install/control_msgs/share/control_msgs/msg/GripperCommand.msg
[2.181s] -- Up-to-date: /home/gcerioni/ws_ur16/install/control_msgs/share/control_msgs/msg/InterfaceValue.msg
[2.181s] -- Up-to-date: /home/gcerioni/ws_ur16/install/control_msgs/share/control_msgs/msg/JointComponentTolerance.msg
[2.181s] -- Up-to-date: /home/gcerioni/ws_ur16/install/control_msgs/share/control_msgs/msg/JointControllerState.msg
[2.181s] -- Up-to-date: /home/gcerioni/ws_ur16/install/control_msgs/share/control_msgs/msg/JointJog.msg
[2.181s] -- Up-to-date: /home/gcerioni/ws_ur16/install/control_msgs/share/control_msgs/msg/JointTolerance.msg
[2.181s] -- Up-to-date: /home/gcerioni/ws_ur16/install/control_msgs/share/control_msgs/msg/JointTrajectoryControllerState.msg
[2.182s] -- Up-to-date: /home/gcerioni/ws_ur16/install/control_msgs/share/control_msgs/msg/MecanumDriveControllerState.msg
[2.182s] -- Up-to-date: /home/gcerioni/ws_ur16/install/control_msgs/share/control_msgs/msg/MultiDOFCommand.msg
[2.182s] -- Up-to-date: /home/gcerioni/ws_ur16/install/control_msgs/share/control_msgs/msg/MultiDOFStateStamped.msg
[2.182s] -- Up-to-date: /home/gcerioni/ws_ur16/install/control_msgs/share/control_msgs/msg/PidState.msg
[2.182s] -- Up-to-date: /home/gcerioni/ws_ur16/install/control_msgs/share/control_msgs/msg/SingleDOFState.msg
[2.182s] -- Up-to-date: /home/gcerioni/ws_ur16/install/control_msgs/share/control_msgs/msg/SingleDOFStateStamped.msg
[2.182s] -- Up-to-date: /home/gcerioni/ws_ur16/install/control_msgs/share/control_msgs/msg/SteeringControllerStatus.msg
[2.182s] -- Up-to-date: /home/gcerioni/ws_ur16/install/control_msgs/share/control_msgs/srv/QueryCalibrationState.srv
[2.182s] -- Up-to-date: /home/gcerioni/ws_ur16/install/control_msgs/share/control_msgs/srv/QueryCalibrationState_Request.msg
[2.182s] -- Up-to-date: /home/gcerioni/ws_ur16/install/control_msgs/share/control_msgs/srv/QueryCalibrationState_Response.msg
[2.182s] -- Up-to-date: /home/gcerioni/ws_ur16/install/control_msgs/share/control_msgs/srv/QueryTrajectoryState.srv
[2.182s] -- Up-to-date: /home/gcerioni/ws_ur16/install/control_msgs/share/control_msgs/srv/QueryTrajectoryState_Request.msg
[2.184s] -- Up-to-date: /home/gcerioni/ws_ur16/install/control_msgs/share/control_msgs/srv/QueryTrajectoryState_Response.msg
[2.184s] -- Up-to-date: /home/gcerioni/ws_ur16/install/control_msgs/share/ament_index/resource_index/package_run_dependencies/control_msgs
[2.184s] -- Up-to-date: /home/gcerioni/ws_ur16/install/control_msgs/share/ament_index/resource_index/parent_prefix_path/control_msgs
[2.184s] -- Up-to-date: /home/gcerioni/ws_ur16/install/control_msgs/share/control_msgs/environment/ament_prefix_path.sh
[2.185s] -- Up-to-date: /home/gcerioni/ws_ur16/install/control_msgs/share/control_msgs/environment/ament_prefix_path.dsv
[2.185s] -- Up-to-date: /home/gcerioni/ws_ur16/install/control_msgs/share/control_msgs/environment/path.sh
[2.185s] -- Up-to-date: /home/gcerioni/ws_ur16/install/control_msgs/share/control_msgs/environment/path.dsv
[2.185s] -- Up-to-date: /home/gcerioni/ws_ur16/install/control_msgs/share/control_msgs/local_setup.bash
[2.185s] -- Up-to-date: /home/gcerioni/ws_ur16/install/control_msgs/share/control_msgs/local_setup.sh
[2.185s] -- Up-to-date: /home/gcerioni/ws_ur16/install/control_msgs/share/control_msgs/local_setup.zsh
[2.185s] -- Up-to-date: /home/gcerioni/ws_ur16/install/control_msgs/share/control_msgs/local_setup.dsv
[2.185s] -- Installing: /home/gcerioni/ws_ur16/install/control_msgs/share/control_msgs/package.dsv
[2.185s] -- Up-to-date: /home/gcerioni/ws_ur16/install/control_msgs/share/ament_index/resource_index/packages/control_msgs
[2.185s] -- Up-to-date: /home/gcerioni/ws_ur16/install/control_msgs/share/control_msgs/cmake/export_control_msgs__rosidl_generator_cExport.cmake
[2.185s] -- Up-to-date: /home/gcerioni/ws_ur16/install/control_msgs/share/control_msgs/cmake/export_control_msgs__rosidl_generator_cExport-release.cmake
[2.185s] -- Up-to-date: /home/gcerioni/ws_ur16/install/control_msgs/share/control_msgs/cmake/export_control_msgs__rosidl_typesupport_fastrtps_cExport.cmake
[2.185s] -- Up-to-date: /home/gcerioni/ws_ur16/install/control_msgs/share/control_msgs/cmake/export_control_msgs__rosidl_typesupport_fastrtps_cExport-release.cmake
[2.185s] -- Up-to-date: /home/gcerioni/ws_ur16/install/control_msgs/share/control_msgs/cmake/export_control_msgs__rosidl_generator_cppExport.cmake
[2.185s] -- Up-to-date: /home/gcerioni/ws_ur16/install/control_msgs/share/control_msgs/cmake/export_control_msgs__rosidl_typesupport_fastrtps_cppExport.cmake
[2.186s] -- Up-to-date: /home/gcerioni/ws_ur16/install/control_msgs/share/control_msgs/cmake/export_control_msgs__rosidl_typesupport_fastrtps_cppExport-release.cmake
[2.186s] -- Up-to-date: /home/gcerioni/ws_ur16/install/control_msgs/share/control_msgs/cmake/control_msgs__rosidl_typesupport_introspection_cExport.cmake
[2.190s] -- Up-to-date: /home/gcerioni/ws_ur16/install/control_msgs/share/control_msgs/cmake/control_msgs__rosidl_typesupport_introspection_cExport-release.cmake
[2.190s] -- Up-to-date: /home/gcerioni/ws_ur16/install/control_msgs/share/control_msgs/cmake/control_msgs__rosidl_typesupport_cExport.cmake
[2.190s] -- Up-to-date: /home/gcerioni/ws_ur16/install/control_msgs/share/control_msgs/cmake/control_msgs__rosidl_typesupport_cExport-release.cmake
[2.190s] -- Up-to-date: /home/gcerioni/ws_ur16/install/control_msgs/share/control_msgs/cmake/control_msgs__rosidl_typesupport_introspection_cppExport.cmake
[2.190s] -- Up-to-date: /home/gcerioni/ws_ur16/install/control_msgs/share/control_msgs/cmake/control_msgs__rosidl_typesupport_introspection_cppExport-release.cmake
[2.190s] -- Up-to-date: /home/gcerioni/ws_ur16/install/control_msgs/share/control_msgs/cmake/control_msgs__rosidl_typesupport_cppExport.cmake
[2.190s] -- Up-to-date: /home/gcerioni/ws_ur16/install/control_msgs/share/control_msgs/cmake/control_msgs__rosidl_typesupport_cppExport-release.cmake
[2.190s] -- Up-to-date: /home/gcerioni/ws_ur16/install/control_msgs/share/control_msgs/cmake/export_control_msgs__rosidl_generator_pyExport.cmake
[2.190s] -- Up-to-date: /home/gcerioni/ws_ur16/install/control_msgs/share/control_msgs/cmake/export_control_msgs__rosidl_generator_pyExport-release.cmake
[2.191s] -- Up-to-date: /home/gcerioni/ws_ur16/install/control_msgs/share/control_msgs/cmake/rosidl_cmake-extras.cmake
[2.191s] -- Up-to-date: /home/gcerioni/ws_ur16/install/control_msgs/share/control_msgs/cmake/ament_cmake_export_dependencies-extras.cmake
[2.191s] -- Up-to-date: /home/gcerioni/ws_ur16/install/control_msgs/share/control_msgs/cmake/ament_cmake_export_include_directories-extras.cmake
[2.191s] -- Up-to-date: /home/gcerioni/ws_ur16/install/control_msgs/share/control_msgs/cmake/ament_cmake_export_libraries-extras.cmake
[2.191s] -- Up-to-date: /home/gcerioni/ws_ur16/install/control_msgs/share/control_msgs/cmake/ament_cmake_export_targets-extras.cmake
[2.191s] -- Up-to-date: /home/gcerioni/ws_ur16/install/control_msgs/share/control_msgs/cmake/rosidl_cmake_export_typesupport_targets-extras.cmake
[2.191s] -- Up-to-date: /home/gcerioni/ws_ur16/install/control_msgs/share/control_msgs/cmake/rosidl_cmake_export_typesupport_libraries-extras.cmake
[2.192s] -- Up-to-date: /home/gcerioni/ws_ur16/install/control_msgs/share/control_msgs/cmake/control_msgsConfig.cmake
[2.192s] -- Up-to-date: /home/gcerioni/ws_ur16/install/control_msgs/share/control_msgs/cmake/control_msgsConfig-version.cmake
[2.192s] -- Up-to-date: /home/gcerioni/ws_ur16/install/control_msgs/share/control_msgs/package.xml
[2.199s] Invoked command in '/home/gcerioni/ws_ur16/build/control_msgs' returned '0': CMAKE_PREFIX_PATH=${CMAKE_PREFIX_PATH}:/home/gcerioni/ws_ur16/install/rqt_joint_trajectory_controller:/home/gcerioni/ws_ur16/install/rqt_controller_manager:/home/gcerioni/ws_ur16/install/ros2controlcli:/home/gcerioni/ws_ur16/install/ros2_controllers_test_nodes:/opt/ros/humble /usr/bin/cmake --install /home/gcerioni/ws_ur16/build/control_msgs
