[0.040s] Invoking command in '/home/gcerioni/ws_ur16/build/diff_drive_controller': AMENT_PREFIX_PATH=/home/gcerioni/ws_ur16/install/controller_manager:/home/gcerioni/ws_ur16/install/hardware_interface_testing:/home/gcerioni/ws_ur16/install/controller_interface:/home/gcerioni/ws_ur16/install/hardware_interface:/home/gcerioni/ws_ur16/install/ros2_control_test_assets:/home/gcerioni/ws_ur16/install/realtime_tools:/home/gcerioni/ws_ur16/install/controller_manager_msgs:/home/gcerioni/ws_ur16/install/control_msgs:${AMENT_PREFIX_PATH} CMAKE_PREFIX_PATH=/home/gcerioni/ws_ur16/install/controller_manager:/home/gcerioni/ws_ur16/install/hardware_interface_testing:/home/gcerioni/ws_ur16/install/controller_interface:/home/gcerioni/ws_ur16/install/hardware_interface:/home/gcerioni/ws_ur16/install/ros2_control_test_assets:/home/gcerioni/ws_ur16/install/realtime_tools:/home/gcerioni/ws_ur16/install/controller_manager_msgs:/home/gcerioni/ws_ur16/install/control_msgs:/opt/ros/humble LD_LIBRARY_PATH=/home/gcerioni/ws_ur16/install/controller_manager/lib:/home/gcerioni/ws_ur16/install/hardware_interface_testing/lib:/home/gcerioni/ws_ur16/install/controller_interface/lib:/home/gcerioni/ws_ur16/install/hardware_interface/lib:/home/gcerioni/ws_ur16/install/realtime_tools/lib:/home/gcerioni/ws_ur16/install/controller_manager_msgs/lib:/home/gcerioni/ws_ur16/install/control_msgs/lib:${LD_LIBRARY_PATH} PYTHONPATH=/home/gcerioni/ws_ur16/install/controller_manager/local/lib/python3.10/dist-packages:/home/gcerioni/ws_ur16/install/controller_manager_msgs/local/lib/python3.10/dist-packages:/home/gcerioni/ws_ur16/install/control_msgs/local/lib/python3.10/dist-packages:${PYTHONPATH} /usr/bin/cmake --build /home/gcerioni/ws_ur16/build/diff_drive_controller -- -j8 -l8
[0.352s] [35m[1mConsolidate compiler generated dependencies of target gmock[0m
[0.352s] [35m[1mConsolidate compiler generated dependencies of target gmock_main[0m
[0.352s] [ 13%] Built target diff_drive_controller_parameters
[0.352s] [ 26%] Built target gmock_main
[0.353s] [ 46%] Built target gmock
[0.353s] [35m[1mConsolidate compiler generated dependencies of target diff_drive_controller[0m
[0.353s] [35m[1mConsolidate compiler generated dependencies of target test_load_diff_drive_controller[0m
[0.353s] [ 73%] Built target diff_drive_controller
[0.353s] [ 86%] Built target test_load_diff_drive_controller
[0.353s] [35m[1mConsolidate compiler generated dependencies of target test_diff_drive_controller[0m
[0.357s] [100%] Built target test_diff_drive_controller
[0.386s] Invoked command in '/home/gcerioni/ws_ur16/build/diff_drive_controller' returned '0': AMENT_PREFIX_PATH=/home/gcerioni/ws_ur16/install/controller_manager:/home/gcerioni/ws_ur16/install/hardware_interface_testing:/home/gcerioni/ws_ur16/install/controller_interface:/home/gcerioni/ws_ur16/install/hardware_interface:/home/gcerioni/ws_ur16/install/ros2_control_test_assets:/home/gcerioni/ws_ur16/install/realtime_tools:/home/gcerioni/ws_ur16/install/controller_manager_msgs:/home/gcerioni/ws_ur16/install/control_msgs:${AMENT_PREFIX_PATH} CMAKE_PREFIX_PATH=/home/gcerioni/ws_ur16/install/controller_manager:/home/gcerioni/ws_ur16/install/hardware_interface_testing:/home/gcerioni/ws_ur16/install/controller_interface:/home/gcerioni/ws_ur16/install/hardware_interface:/home/gcerioni/ws_ur16/install/ros2_control_test_assets:/home/gcerioni/ws_ur16/install/realtime_tools:/home/gcerioni/ws_ur16/install/controller_manager_msgs:/home/gcerioni/ws_ur16/install/control_msgs:/opt/ros/humble LD_LIBRARY_PATH=/home/gcerioni/ws_ur16/install/controller_manager/lib:/home/gcerioni/ws_ur16/install/hardware_interface_testing/lib:/home/gcerioni/ws_ur16/install/controller_interface/lib:/home/gcerioni/ws_ur16/install/hardware_interface/lib:/home/gcerioni/ws_ur16/install/realtime_tools/lib:/home/gcerioni/ws_ur16/install/controller_manager_msgs/lib:/home/gcerioni/ws_ur16/install/control_msgs/lib:${LD_LIBRARY_PATH} PYTHONPATH=/home/gcerioni/ws_ur16/install/controller_manager/local/lib/python3.10/dist-packages:/home/gcerioni/ws_ur16/install/controller_manager_msgs/local/lib/python3.10/dist-packages:/home/gcerioni/ws_ur16/install/control_msgs/local/lib/python3.10/dist-packages:${PYTHONPATH} /usr/bin/cmake --build /home/gcerioni/ws_ur16/build/diff_drive_controller -- -j8 -l8
[0.388s] Invoking command in '/home/gcerioni/ws_ur16/build/diff_drive_controller': AMENT_PREFIX_PATH=/home/gcerioni/ws_ur16/install/controller_manager:/home/gcerioni/ws_ur16/install/hardware_interface_testing:/home/gcerioni/ws_ur16/install/controller_interface:/home/gcerioni/ws_ur16/install/hardware_interface:/home/gcerioni/ws_ur16/install/ros2_control_test_assets:/home/gcerioni/ws_ur16/install/realtime_tools:/home/gcerioni/ws_ur16/install/controller_manager_msgs:/home/gcerioni/ws_ur16/install/control_msgs:${AMENT_PREFIX_PATH} CMAKE_PREFIX_PATH=/home/gcerioni/ws_ur16/install/controller_manager:/home/gcerioni/ws_ur16/install/hardware_interface_testing:/home/gcerioni/ws_ur16/install/controller_interface:/home/gcerioni/ws_ur16/install/hardware_interface:/home/gcerioni/ws_ur16/install/ros2_control_test_assets:/home/gcerioni/ws_ur16/install/realtime_tools:/home/gcerioni/ws_ur16/install/controller_manager_msgs:/home/gcerioni/ws_ur16/install/control_msgs:/opt/ros/humble LD_LIBRARY_PATH=/home/gcerioni/ws_ur16/install/controller_manager/lib:/home/gcerioni/ws_ur16/install/hardware_interface_testing/lib:/home/gcerioni/ws_ur16/install/controller_interface/lib:/home/gcerioni/ws_ur16/install/hardware_interface/lib:/home/gcerioni/ws_ur16/install/realtime_tools/lib:/home/gcerioni/ws_ur16/install/controller_manager_msgs/lib:/home/gcerioni/ws_ur16/install/control_msgs/lib:${LD_LIBRARY_PATH} PYTHONPATH=/home/gcerioni/ws_ur16/install/controller_manager/local/lib/python3.10/dist-packages:/home/gcerioni/ws_ur16/install/controller_manager_msgs/local/lib/python3.10/dist-packages:/home/gcerioni/ws_ur16/install/control_msgs/local/lib/python3.10/dist-packages:${PYTHONPATH} /usr/bin/cmake --install /home/gcerioni/ws_ur16/build/diff_drive_controller
[0.422s] -- Install configuration: "Release"
[0.422s] -- Up-to-date: /home/gcerioni/ws_ur16/install/diff_drive_controller/include/diff_drive_controller
[0.423s] -- Up-to-date: /home/gcerioni/ws_ur16/install/diff_drive_controller/include/diff_drive_controller/diff_drive_controller_parameters.hpp
[0.423s] -- Up-to-date: /home/gcerioni/ws_ur16/install/diff_drive_controller/share/diff_drive_controller/diff_drive_plugin.xml
[0.423s] -- Up-to-date: /home/gcerioni/ws_ur16/install/diff_drive_controller/include/diff_drive_controller
[0.423s] -- Up-to-date: /home/gcerioni/ws_ur16/install/diff_drive_controller/include/diff_drive_controller/diff_drive_controller
[0.423s] -- Up-to-date: /home/gcerioni/ws_ur16/install/diff_drive_controller/include/diff_drive_controller/diff_drive_controller/odometry.hpp
[0.423s] -- Up-to-date: /home/gcerioni/ws_ur16/install/diff_drive_controller/include/diff_drive_controller/diff_drive_controller/visibility_control.h
[0.423s] -- Up-to-date: /home/gcerioni/ws_ur16/install/diff_drive_controller/include/diff_drive_controller/diff_drive_controller/diff_drive_controller.hpp
[0.423s] -- Up-to-date: /home/gcerioni/ws_ur16/install/diff_drive_controller/include/diff_drive_controller/diff_drive_controller/speed_limiter.hpp
[0.423s] -- Up-to-date: /home/gcerioni/ws_ur16/install/diff_drive_controller/lib/libdiff_drive_controller.so
[0.423s] -- Up-to-date: /home/gcerioni/ws_ur16/install/diff_drive_controller/share/diff_drive_controller/environment/library_path.sh
[0.423s] -- Up-to-date: /home/gcerioni/ws_ur16/install/diff_drive_controller/share/diff_drive_controller/environment/library_path.dsv
[0.423s] -- Up-to-date: /home/gcerioni/ws_ur16/install/diff_drive_controller/share/ament_index/resource_index/package_run_dependencies/diff_drive_controller
[0.423s] -- Up-to-date: /home/gcerioni/ws_ur16/install/diff_drive_controller/share/ament_index/resource_index/parent_prefix_path/diff_drive_controller
[0.423s] -- Up-to-date: /home/gcerioni/ws_ur16/install/diff_drive_controller/share/diff_drive_controller/environment/ament_prefix_path.sh
[0.423s] -- Up-to-date: /home/gcerioni/ws_ur16/install/diff_drive_controller/share/diff_drive_controller/environment/ament_prefix_path.dsv
[0.424s] -- Up-to-date: /home/gcerioni/ws_ur16/install/diff_drive_controller/share/diff_drive_controller/environment/path.sh
[0.424s] -- Up-to-date: /home/gcerioni/ws_ur16/install/diff_drive_controller/share/diff_drive_controller/environment/path.dsv
[0.424s] -- Up-to-date: /home/gcerioni/ws_ur16/install/diff_drive_controller/share/diff_drive_controller/local_setup.bash
[0.424s] -- Up-to-date: /home/gcerioni/ws_ur16/install/diff_drive_controller/share/diff_drive_controller/local_setup.sh
[0.424s] -- Up-to-date: /home/gcerioni/ws_ur16/install/diff_drive_controller/share/diff_drive_controller/local_setup.zsh
[0.424s] -- Up-to-date: /home/gcerioni/ws_ur16/install/diff_drive_controller/share/diff_drive_controller/local_setup.dsv
[0.424s] -- Installing: /home/gcerioni/ws_ur16/install/diff_drive_controller/share/diff_drive_controller/package.dsv
[0.424s] -- Up-to-date: /home/gcerioni/ws_ur16/install/diff_drive_controller/share/ament_index/resource_index/packages/diff_drive_controller
[0.424s] -- Up-to-date: /home/gcerioni/ws_ur16/install/diff_drive_controller/share/ament_index/resource_index/controller_interface__pluginlib__plugin/diff_drive_controller
[0.424s] -- Up-to-date: /home/gcerioni/ws_ur16/install/diff_drive_controller/share/diff_drive_controller/cmake/export_diff_drive_controllerExport.cmake
[0.424s] -- Up-to-date: /home/gcerioni/ws_ur16/install/diff_drive_controller/share/diff_drive_controller/cmake/export_diff_drive_controllerExport-release.cmake
[0.424s] -- Up-to-date: /home/gcerioni/ws_ur16/install/diff_drive_controller/share/diff_drive_controller/cmake/ament_cmake_export_dependencies-extras.cmake
[0.424s] -- Up-to-date: /home/gcerioni/ws_ur16/install/diff_drive_controller/share/diff_drive_controller/cmake/ament_cmake_export_targets-extras.cmake
[0.424s] -- Up-to-date: /home/gcerioni/ws_ur16/install/diff_drive_controller/share/diff_drive_controller/cmake/diff_drive_controllerConfig.cmake
[0.424s] -- Up-to-date: /home/gcerioni/ws_ur16/install/diff_drive_controller/share/diff_drive_controller/cmake/diff_drive_controllerConfig-version.cmake
[0.425s] -- Up-to-date: /home/gcerioni/ws_ur16/install/diff_drive_controller/share/diff_drive_controller/package.xml
[0.485s] Invoked command in '/home/gcerioni/ws_ur16/build/diff_drive_controller' returned '0': AMENT_PREFIX_PATH=/home/gcerioni/ws_ur16/install/controller_manager:/home/gcerioni/ws_ur16/install/hardware_interface_testing:/home/gcerioni/ws_ur16/install/controller_interface:/home/gcerioni/ws_ur16/install/hardware_interface:/home/gcerioni/ws_ur16/install/ros2_control_test_assets:/home/gcerioni/ws_ur16/install/realtime_tools:/home/gcerioni/ws_ur16/install/controller_manager_msgs:/home/gcerioni/ws_ur16/install/control_msgs:${AMENT_PREFIX_PATH} CMAKE_PREFIX_PATH=/home/gcerioni/ws_ur16/install/controller_manager:/home/gcerioni/ws_ur16/install/hardware_interface_testing:/home/gcerioni/ws_ur16/install/controller_interface:/home/gcerioni/ws_ur16/install/hardware_interface:/home/gcerioni/ws_ur16/install/ros2_control_test_assets:/home/gcerioni/ws_ur16/install/realtime_tools:/home/gcerioni/ws_ur16/install/controller_manager_msgs:/home/gcerioni/ws_ur16/install/control_msgs:/opt/ros/humble LD_LIBRARY_PATH=/home/gcerioni/ws_ur16/install/controller_manager/lib:/home/gcerioni/ws_ur16/install/hardware_interface_testing/lib:/home/gcerioni/ws_ur16/install/controller_interface/lib:/home/gcerioni/ws_ur16/install/hardware_interface/lib:/home/gcerioni/ws_ur16/install/realtime_tools/lib:/home/gcerioni/ws_ur16/install/controller_manager_msgs/lib:/home/gcerioni/ws_ur16/install/control_msgs/lib:${LD_LIBRARY_PATH} PYTHONPATH=/home/gcerioni/ws_ur16/install/controller_manager/local/lib/python3.10/dist-packages:/home/gcerioni/ws_ur16/install/controller_manager_msgs/local/lib/python3.10/dist-packages:/home/gcerioni/ws_ur16/install/control_msgs/local/lib/python3.10/dist-packages:${PYTHONPATH} /usr/bin/cmake --install /home/gcerioni/ws_ur16/build/diff_drive_controller
