[0.146s] Invoking command in '/home/gcerioni/ws_ur16/build/ur_client_library': CMAKE_PREFIX_PATH=${CMAKE_PREFIX_PATH}:/home/gcerioni/ws_ur16/install/rqt_joint_trajectory_controller:/home/gcerioni/ws_ur16/install/rqt_controller_manager:/home/gcerioni/ws_ur16/install/ros2controlcli:/home/gcerioni/ws_ur16/install/ros2_controllers_test_nodes:/opt/ros/humble /usr/bin/cmake --build /home/gcerioni/ws_ur16/build/ur_client_library -- -j8 -l8
[0.708s] [ 60%] Built target urcl
[0.750s] [ 63%] Built target primary_pipeline_example
[0.750s] [ 67%] Built target primary_pipeline_calibration_example
[0.750s] [ 70%] Built target driver_example
[0.750s] [ 73%] Built target rtde_client_example
[0.754s] [ 77%] Built target spline_example
[0.755s] [ 80%] Built target freedrive_example
[0.760s] [ 83%] Built target tool_contact_example
[0.760s] [ 86%] Built target dashboard_example
[0.767s] [ 90%] Built target script_sender_example
[0.767s] [ 93%] Built target trajectory_point_interface_example
[0.767s] [ 96%] Built target instruction_executor
[0.768s] [100%] Built target force_mode_example
[0.824s] Invoked command in '/home/gcerioni/ws_ur16/build/ur_client_library' returned '0': CMAKE_PREFIX_PATH=${CMAKE_PREFIX_PATH}:/home/gcerioni/ws_ur16/install/rqt_joint_trajectory_controller:/home/gcerioni/ws_ur16/install/rqt_controller_manager:/home/gcerioni/ws_ur16/install/ros2controlcli:/home/gcerioni/ws_ur16/install/ros2_controllers_test_nodes:/opt/ros/humble /usr/bin/cmake --build /home/gcerioni/ws_ur16/build/ur_client_library -- -j8 -l8
[0.824s] Invoking command in '/home/gcerioni/ws_ur16/build/ur_client_library': CMAKE_PREFIX_PATH=${CMAKE_PREFIX_PATH}:/home/gcerioni/ws_ur16/install/rqt_joint_trajectory_controller:/home/gcerioni/ws_ur16/install/rqt_controller_manager:/home/gcerioni/ws_ur16/install/ros2controlcli:/home/gcerioni/ws_ur16/install/ros2_controllers_test_nodes:/opt/ros/humble /usr/bin/cmake --install /home/gcerioni/ws_ur16/build/ur_client_library
[0.839s] -- Install configuration: "Release"
[0.839s] -- Up-to-date: /home/gcerioni/ws_ur16/install/ur_client_library/lib/liburcl.so
[0.839s] -- Up-to-date: /home/gcerioni/ws_ur16/install/ur_client_library/include
[0.839s] -- Up-to-date: /home/gcerioni/ws_ur16/install/ur_client_library/include/ur_client_library
[0.839s] -- Up-to-date: /home/gcerioni/ws_ur16/install/ur_client_library/include/ur_client_library/ur
[0.840s] -- Up-to-date: /home/gcerioni/ws_ur16/install/ur_client_library/include/ur_client_library/ur/dashboard_client.h
[0.840s] -- Up-to-date: /home/gcerioni/ws_ur16/install/ur_client_library/include/ur_client_library/ur/calibration_checker.h
[0.840s] -- Up-to-date: /home/gcerioni/ws_ur16/install/ur_client_library/include/ur_client_library/ur/version_information.h
[0.840s] -- Up-to-date: /home/gcerioni/ws_ur16/install/ur_client_library/include/ur_client_library/ur/robot_receive_timeout.h
[0.840s] -- Up-to-date: /home/gcerioni/ws_ur16/install/ur_client_library/include/ur_client_library/ur/datatypes.h
[0.840s] -- Up-to-date: /home/gcerioni/ws_ur16/install/ur_client_library/include/ur_client_library/ur/ur_driver.h
[0.840s] -- Up-to-date: /home/gcerioni/ws_ur16/install/ur_client_library/include/ur_client_library/ur/tool_communication.h
[0.840s] -- Up-to-date: /home/gcerioni/ws_ur16/install/ur_client_library/include/ur_client_library/ur/instruction_executor.h
[0.840s] -- Up-to-date: /home/gcerioni/ws_ur16/install/ur_client_library/include/ur_client_library/primary
[0.840s] -- Up-to-date: /home/gcerioni/ws_ur16/install/ur_client_library/include/ur_client_library/primary/robot_message
[0.841s] -- Up-to-date: /home/gcerioni/ws_ur16/install/ur_client_library/include/ur_client_library/primary/robot_message/version_message.h
[0.841s] -- Up-to-date: /home/gcerioni/ws_ur16/install/ur_client_library/include/ur_client_library/primary/robot_message/error_code_message.h
[0.841s] -- Up-to-date: /home/gcerioni/ws_ur16/install/ur_client_library/include/ur_client_library/primary/robot_message.h
[0.841s] -- Up-to-date: /home/gcerioni/ws_ur16/install/ur_client_library/include/ur_client_library/primary/robot_state
[0.842s] -- Up-to-date: /home/gcerioni/ws_ur16/install/ur_client_library/include/ur_client_library/primary/robot_state/robot_mode_data.h
[0.842s] -- Up-to-date: /home/gcerioni/ws_ur16/install/ur_client_library/include/ur_client_library/primary/robot_state/kinematics_info.h
[0.843s] -- Up-to-date: /home/gcerioni/ws_ur16/install/ur_client_library/include/ur_client_library/primary/primary_consumer.h
[0.843s] -- Up-to-date: /home/gcerioni/ws_ur16/install/ur_client_library/include/ur_client_library/primary/robot_state.h
[0.843s] -- Up-to-date: /home/gcerioni/ws_ur16/install/ur_client_library/include/ur_client_library/primary/primary_parser.h
[0.843s] -- Up-to-date: /home/gcerioni/ws_ur16/install/ur_client_library/include/ur_client_library/primary/primary_package.h
[0.843s] -- Up-to-date: /home/gcerioni/ws_ur16/install/ur_client_library/include/ur_client_library/primary/package_header.h
[0.843s] -- Up-to-date: /home/gcerioni/ws_ur16/install/ur_client_library/include/ur_client_library/primary/abstract_primary_consumer.h
[0.843s] -- Up-to-date: /home/gcerioni/ws_ur16/install/ur_client_library/include/ur_client_library/primary/primary_client.h
[0.844s] -- Up-to-date: /home/gcerioni/ws_ur16/install/ur_client_library/include/ur_client_library/exceptions.h
[0.844s] -- Up-to-date: /home/gcerioni/ws_ur16/install/ur_client_library/include/ur_client_library/default_log_handler.h
[0.844s] -- Up-to-date: /home/gcerioni/ws_ur16/install/ur_client_library/include/ur_client_library/rtde
[0.844s] -- Up-to-date: /home/gcerioni/ws_ur16/install/ur_client_library/include/ur_client_library/rtde/rtde_client.h
[0.844s] -- Up-to-date: /home/gcerioni/ws_ur16/install/ur_client_library/include/ur_client_library/rtde/control_package_start.h
[0.844s] -- Up-to-date: /home/gcerioni/ws_ur16/install/ur_client_library/include/ur_client_library/rtde/rtde_package.h
[0.845s] -- Up-to-date: /home/gcerioni/ws_ur16/install/ur_client_library/include/ur_client_library/rtde/control_package_setup_outputs.h
[0.845s] -- Up-to-date: /home/gcerioni/ws_ur16/install/ur_client_library/include/ur_client_library/rtde/rtde_parser.h
[0.845s] -- Up-to-date: /home/gcerioni/ws_ur16/install/ur_client_library/include/ur_client_library/rtde/get_urcontrol_version.h
[0.845s] -- Up-to-date: /home/gcerioni/ws_ur16/install/ur_client_library/include/ur_client_library/rtde/data_package.h
[0.845s] -- Up-to-date: /home/gcerioni/ws_ur16/install/ur_client_library/include/ur_client_library/rtde/control_package_setup_inputs.h
[0.845s] -- Up-to-date: /home/gcerioni/ws_ur16/install/ur_client_library/include/ur_client_library/rtde/control_package_pause.h
[0.845s] -- Up-to-date: /home/gcerioni/ws_ur16/install/ur_client_library/include/ur_client_library/rtde/request_protocol_version.h
[0.845s] -- Up-to-date: /home/gcerioni/ws_ur16/install/ur_client_library/include/ur_client_library/rtde/rtde_writer.h
[0.846s] -- Up-to-date: /home/gcerioni/ws_ur16/install/ur_client_library/include/ur_client_library/rtde/package_header.h
[0.846s] -- Up-to-date: /home/gcerioni/ws_ur16/install/ur_client_library/include/ur_client_library/rtde/text_message.h
[0.846s] -- Up-to-date: /home/gcerioni/ws_ur16/install/ur_client_library/include/ur_client_library/queue
[0.846s] -- Up-to-date: /home/gcerioni/ws_ur16/install/ur_client_library/include/ur_client_library/queue/LICENSE.md
[0.846s] -- Up-to-date: /home/gcerioni/ws_ur16/install/ur_client_library/include/ur_client_library/queue/atomicops.h
[0.846s] -- Up-to-date: /home/gcerioni/ws_ur16/install/ur_client_library/include/ur_client_library/queue/readerwriterqueue.h
[0.847s] -- Up-to-date: /home/gcerioni/ws_ur16/install/ur_client_library/include/ur_client_library/example_robot_wrapper.h
[0.847s] -- Up-to-date: /home/gcerioni/ws_ur16/install/ur_client_library/include/ur_client_library/control
[0.847s] -- Up-to-date: /home/gcerioni/ws_ur16/install/ur_client_library/include/ur_client_library/control/script_sender.h
[0.847s] -- Up-to-date: /home/gcerioni/ws_ur16/install/ur_client_library/include/ur_client_library/control/reverse_interface.h
[0.847s] -- Up-to-date: /home/gcerioni/ws_ur16/install/ur_client_library/include/ur_client_library/control/motion_primitives.h
[0.847s] -- Up-to-date: /home/gcerioni/ws_ur16/install/ur_client_library/include/ur_client_library/control/trajectory_point_interface.h
[0.848s] -- Up-to-date: /home/gcerioni/ws_ur16/install/ur_client_library/include/ur_client_library/control/script_command_interface.h
[0.848s] -- Up-to-date: /home/gcerioni/ws_ur16/install/ur_client_library/include/ur_client_library/log.h
[0.849s] -- Up-to-date: /home/gcerioni/ws_ur16/install/ur_client_library/include/ur_client_library/helpers.h
[0.849s] -- Up-to-date: /home/gcerioni/ws_ur16/install/ur_client_library/include/ur_client_library/types.h
[0.849s] -- Up-to-date: /home/gcerioni/ws_ur16/install/ur_client_library/include/ur_client_library/comm
[0.849s] -- Up-to-date: /home/gcerioni/ws_ur16/install/ur_client_library/include/ur_client_library/comm/pipeline.h
[0.850s] -- Up-to-date: /home/gcerioni/ws_ur16/install/ur_client_library/include/ur_client_library/comm/parser.h
[0.850s] -- Up-to-date: /home/gcerioni/ws_ur16/install/ur_client_library/include/ur_client_library/comm/tcp_server.h
[0.850s] -- Up-to-date: /home/gcerioni/ws_ur16/install/ur_client_library/include/ur_client_library/comm/package.h
[0.851s] -- Up-to-date: /home/gcerioni/ws_ur16/install/ur_client_library/include/ur_client_library/comm/shell_consumer.h
[0.852s] -- Up-to-date: /home/gcerioni/ws_ur16/install/ur_client_library/include/ur_client_library/comm/control_mode.h
[0.852s] -- Up-to-date: /home/gcerioni/ws_ur16/install/ur_client_library/include/ur_client_library/comm/stream.h
[0.852s] -- Up-to-date: /home/gcerioni/ws_ur16/install/ur_client_library/include/ur_client_library/comm/tcp_socket.h
[0.852s] -- Up-to-date: /home/gcerioni/ws_ur16/install/ur_client_library/include/ur_client_library/comm/socket_t.h
[0.852s] -- Up-to-date: /home/gcerioni/ws_ur16/install/ur_client_library/include/ur_client_library/comm/bin_parser.h
[0.852s] -- Up-to-date: /home/gcerioni/ws_ur16/install/ur_client_library/include/ur_client_library/comm/producer.h
[0.853s] -- Up-to-date: /home/gcerioni/ws_ur16/install/ur_client_library/include/ur_client_library/comm/package_serializer.h
[0.853s] -- Up-to-date: /home/gcerioni/ws_ur16/install/ur_client_library/lib/cmake/ur_client_library/urclTargets.cmake
[0.853s] -- Up-to-date: /home/gcerioni/ws_ur16/install/ur_client_library/lib/cmake/ur_client_library/urclTargets-release.cmake
[0.853s] -- Up-to-date: /home/gcerioni/ws_ur16/install/ur_client_library/lib/ur_client_library/start_ursim.sh
[0.853s] -- Up-to-date: /home/gcerioni/ws_ur16/install/ur_client_library/lib/cmake/ur_client_library/ur_client_libraryConfig.cmake
[0.853s] -- Up-to-date: /home/gcerioni/ws_ur16/install/ur_client_library/share/ur_client_library/package.xml
[0.853s] -- Up-to-date: /home/gcerioni/ws_ur16/install/ur_client_library/share/ament_index/resource_index/packages/ur_client_library
[0.853s] -- Up-to-date: /home/gcerioni/ws_ur16/install/ur_client_library/share/ur_client_library/hook/ament_prefix_path.dsv
[0.854s] -- Up-to-date: /home/gcerioni/ws_ur16/install/ur_client_library/share/ur_client_library/hook/ros_package_path.dsv
[0.854s] -- Up-to-date: /home/gcerioni/ws_ur16/install/ur_client_library/share/ur_client_library/resources
[0.854s] -- Up-to-date: /home/gcerioni/ws_ur16/install/ur_client_library/share/ur_client_library/resources/external_control.urscript
[1.618s] Invoked command in '/home/gcerioni/ws_ur16/build/ur_client_library' returned '0': CMAKE_PREFIX_PATH=${CMAKE_PREFIX_PATH}:/home/gcerioni/ws_ur16/install/rqt_joint_trajectory_controller:/home/gcerioni/ws_ur16/install/rqt_controller_manager:/home/gcerioni/ws_ur16/install/ros2controlcli:/home/gcerioni/ws_ur16/install/ros2_controllers_test_nodes:/opt/ros/humble /usr/bin/cmake --install /home/gcerioni/ws_ur16/build/ur_client_library
