[0.031s] Invoking command in '/home/gcerioni/ws_ur16/build/ur_moveit_config': CMAKE_PREFIX_PATH=/home/gcerioni/ws_ur16/install/ur_description:/home/gcerioni/ws_ur16/install/ros2_controllers:/home/gcerioni/ws_ur16/install/velocity_controllers:/home/gcerioni/ws_ur16/install/ur_msgs:/home/gcerioni/ws_ur16/install/ur_moveit_config:/home/gcerioni/ws_ur16/install/ur_dashboard_msgs:/home/gcerioni/ws_ur16/install/ur_client_library:/home/gcerioni/ws_ur16/install/tricycle_steering_controller:/home/gcerioni/ws_ur16/install/tricycle_controller:/home/gcerioni/ws_ur16/install/ros2_control:/home/gcerioni/ws_ur16/install/transmission_interface:/home/gcerioni/ws_ur16/install/bicycle_steering_controller:/home/gcerioni/ws_ur16/install/ackermann_steering_controller:/home/gcerioni/ws_ur16/install/steering_controllers_library:/home/gcerioni/ws_ur16/install/hardware_interface_testing:/home/gcerioni/ws_ur16/install/controller_manager:/home/gcerioni/ws_ur16/install/ros2_control_test_assets:/home/gcerioni/ws_ur16/install/range_sensor_broadcaster:/home/gcerioni/ws_ur16/install/position_controllers:/home/gcerioni/ws_ur16/install/pose_broadcaster:/home/gcerioni/ws_ur16/install/pid_controller:/home/gcerioni/ws_ur16/install/mecanum_drive_controller:/home/gcerioni/ws_ur16/install/joint_trajectory_controller:/home/gcerioni/ws_ur16/install/joint_state_broadcaster:/home/gcerioni/ws_ur16/install/imu_sensor_broadcaster:/home/gcerioni/ws_ur16/install/gripper_controllers:/home/gcerioni/ws_ur16/install/gpio_controllers:/home/gcerioni/ws_ur16/install/effort_controllers:/home/gcerioni/ws_ur16/install/forward_command_controller:/home/gcerioni/ws_ur16/install/force_torque_sensor_broadcaster:/home/gcerioni/ws_ur16/install/diff_drive_controller:/home/gcerioni/ws_ur16/install/admittance_controller:/home/gcerioni/ws_ur16/install/control_toolbox:/home/gcerioni/ws_ur16/install/realtime_tools:/home/gcerioni/ws_ur16/install/kinematics_interface_kdl:/home/gcerioni/ws_ur16/install/kinematics_interface:/home/gcerioni/ws_ur16/install/joint_limits:/home/gcerioni/ws_ur16/install/controller_interface:/home/gcerioni/ws_ur16/install/hardware_interface:/home/gcerioni/ws_ur16/install/controller_manager_msgs:/home/gcerioni/ws_ur16/install/control_msgs:/home/gcerioni/ws_ur16/install/rqt_joint_trajectory_controller:/home/gcerioni/ws_ur16/install/rqt_controller_manager:/home/gcerioni/ws_ur16/install/ros2controlcli:/home/gcerioni/ws_ur16/install/ros2_controllers_test_nodes:/opt/ros/humble /usr/bin/cmake --build /home/gcerioni/ws_ur16/build/ur_moveit_config -- -j8 -l8
[0.171s] Built target ament_cmake_python_copy_ur_moveit_config
[0.876s] running egg_info
[0.876s] writing ur_moveit_config.egg-info/PKG-INFO
[0.877s] writing dependency_links to ur_moveit_config.egg-info/dependency_links.txt
[0.879s] writing top-level names to ur_moveit_config.egg-info/top_level.txt
[0.882s] reading manifest file 'ur_moveit_config.egg-info/SOURCES.txt'
[0.892s] writing manifest file 'ur_moveit_config.egg-info/SOURCES.txt'
[0.928s] Built target ament_cmake_python_build_ur_moveit_config_egg
[1.015s] Invoked command in '/home/gcerioni/ws_ur16/build/ur_moveit_config' returned '0': CMAKE_PREFIX_PATH=/home/gcerioni/ws_ur16/install/ur_description:/home/gcerioni/ws_ur16/install/ros2_controllers:/home/gcerioni/ws_ur16/install/velocity_controllers:/home/gcerioni/ws_ur16/install/ur_msgs:/home/gcerioni/ws_ur16/install/ur_moveit_config:/home/gcerioni/ws_ur16/install/ur_dashboard_msgs:/home/gcerioni/ws_ur16/install/ur_client_library:/home/gcerioni/ws_ur16/install/tricycle_steering_controller:/home/gcerioni/ws_ur16/install/tricycle_controller:/home/gcerioni/ws_ur16/install/ros2_control:/home/gcerioni/ws_ur16/install/transmission_interface:/home/gcerioni/ws_ur16/install/bicycle_steering_controller:/home/gcerioni/ws_ur16/install/ackermann_steering_controller:/home/gcerioni/ws_ur16/install/steering_controllers_library:/home/gcerioni/ws_ur16/install/hardware_interface_testing:/home/gcerioni/ws_ur16/install/controller_manager:/home/gcerioni/ws_ur16/install/ros2_control_test_assets:/home/gcerioni/ws_ur16/install/range_sensor_broadcaster:/home/gcerioni/ws_ur16/install/position_controllers:/home/gcerioni/ws_ur16/install/pose_broadcaster:/home/gcerioni/ws_ur16/install/pid_controller:/home/gcerioni/ws_ur16/install/mecanum_drive_controller:/home/gcerioni/ws_ur16/install/joint_trajectory_controller:/home/gcerioni/ws_ur16/install/joint_state_broadcaster:/home/gcerioni/ws_ur16/install/imu_sensor_broadcaster:/home/gcerioni/ws_ur16/install/gripper_controllers:/home/gcerioni/ws_ur16/install/gpio_controllers:/home/gcerioni/ws_ur16/install/effort_controllers:/home/gcerioni/ws_ur16/install/forward_command_controller:/home/gcerioni/ws_ur16/install/force_torque_sensor_broadcaster:/home/gcerioni/ws_ur16/install/diff_drive_controller:/home/gcerioni/ws_ur16/install/admittance_controller:/home/gcerioni/ws_ur16/install/control_toolbox:/home/gcerioni/ws_ur16/install/realtime_tools:/home/gcerioni/ws_ur16/install/kinematics_interface_kdl:/home/gcerioni/ws_ur16/install/kinematics_interface:/home/gcerioni/ws_ur16/install/joint_limits:/home/gcerioni/ws_ur16/install/controller_interface:/home/gcerioni/ws_ur16/install/hardware_interface:/home/gcerioni/ws_ur16/install/controller_manager_msgs:/home/gcerioni/ws_ur16/install/control_msgs:/home/gcerioni/ws_ur16/install/rqt_joint_trajectory_controller:/home/gcerioni/ws_ur16/install/rqt_controller_manager:/home/gcerioni/ws_ur16/install/ros2controlcli:/home/gcerioni/ws_ur16/install/ros2_controllers_test_nodes:/opt/ros/humble /usr/bin/cmake --build /home/gcerioni/ws_ur16/build/ur_moveit_config -- -j8 -l8
[1.015s] Invoking command in '/home/gcerioni/ws_ur16/build/ur_moveit_config': CMAKE_PREFIX_PATH=/home/gcerioni/ws_ur16/install/ur_description:/home/gcerioni/ws_ur16/install/ros2_controllers:/home/gcerioni/ws_ur16/install/velocity_controllers:/home/gcerioni/ws_ur16/install/ur_msgs:/home/gcerioni/ws_ur16/install/ur_moveit_config:/home/gcerioni/ws_ur16/install/ur_dashboard_msgs:/home/gcerioni/ws_ur16/install/ur_client_library:/home/gcerioni/ws_ur16/install/tricycle_steering_controller:/home/gcerioni/ws_ur16/install/tricycle_controller:/home/gcerioni/ws_ur16/install/ros2_control:/home/gcerioni/ws_ur16/install/transmission_interface:/home/gcerioni/ws_ur16/install/bicycle_steering_controller:/home/gcerioni/ws_ur16/install/ackermann_steering_controller:/home/gcerioni/ws_ur16/install/steering_controllers_library:/home/gcerioni/ws_ur16/install/hardware_interface_testing:/home/gcerioni/ws_ur16/install/controller_manager:/home/gcerioni/ws_ur16/install/ros2_control_test_assets:/home/gcerioni/ws_ur16/install/range_sensor_broadcaster:/home/gcerioni/ws_ur16/install/position_controllers:/home/gcerioni/ws_ur16/install/pose_broadcaster:/home/gcerioni/ws_ur16/install/pid_controller:/home/gcerioni/ws_ur16/install/mecanum_drive_controller:/home/gcerioni/ws_ur16/install/joint_trajectory_controller:/home/gcerioni/ws_ur16/install/joint_state_broadcaster:/home/gcerioni/ws_ur16/install/imu_sensor_broadcaster:/home/gcerioni/ws_ur16/install/gripper_controllers:/home/gcerioni/ws_ur16/install/gpio_controllers:/home/gcerioni/ws_ur16/install/effort_controllers:/home/gcerioni/ws_ur16/install/forward_command_controller:/home/gcerioni/ws_ur16/install/force_torque_sensor_broadcaster:/home/gcerioni/ws_ur16/install/diff_drive_controller:/home/gcerioni/ws_ur16/install/admittance_controller:/home/gcerioni/ws_ur16/install/control_toolbox:/home/gcerioni/ws_ur16/install/realtime_tools:/home/gcerioni/ws_ur16/install/kinematics_interface_kdl:/home/gcerioni/ws_ur16/install/kinematics_interface:/home/gcerioni/ws_ur16/install/joint_limits:/home/gcerioni/ws_ur16/install/controller_interface:/home/gcerioni/ws_ur16/install/hardware_interface:/home/gcerioni/ws_ur16/install/controller_manager_msgs:/home/gcerioni/ws_ur16/install/control_msgs:/home/gcerioni/ws_ur16/install/rqt_joint_trajectory_controller:/home/gcerioni/ws_ur16/install/rqt_controller_manager:/home/gcerioni/ws_ur16/install/ros2controlcli:/home/gcerioni/ws_ur16/install/ros2_controllers_test_nodes:/opt/ros/humble /usr/bin/cmake --install /home/gcerioni/ws_ur16/build/ur_moveit_config
[1.017s] -- Install configuration: "Release"
[1.017s] -- Up-to-date: /home/gcerioni/ws_ur16/install/ur_moveit_config/share/ur_moveit_config/config
[1.017s] -- Up-to-date: /home/gcerioni/ws_ur16/install/ur_moveit_config/share/ur_moveit_config/config/joint_limits.yaml
[1.017s] -- Up-to-date: /home/gcerioni/ws_ur16/install/ur_moveit_config/share/ur_moveit_config/config/ur_servo.yaml
[1.017s] -- Up-to-date: /home/gcerioni/ws_ur16/install/ur_moveit_config/share/ur_moveit_config/config/ompl_planning.yaml
[1.017s] -- Up-to-date: /home/gcerioni/ws_ur16/install/ur_moveit_config/share/ur_moveit_config/config/controllers.yaml
[1.018s] -- Up-to-date: /home/gcerioni/ws_ur16/install/ur_moveit_config/share/ur_moveit_config/config/kinematics.yaml
[1.018s] -- Up-to-date: /home/gcerioni/ws_ur16/install/ur_moveit_config/share/ur_moveit_config/launch
[1.018s] -- Up-to-date: /home/gcerioni/ws_ur16/install/ur_moveit_config/share/ur_moveit_config/launch/ur_moveit.launch.py
[1.022s] -- Up-to-date: /home/gcerioni/ws_ur16/install/ur_moveit_config/share/ur_moveit_config/rviz
[1.022s] -- Up-to-date: /home/gcerioni/ws_ur16/install/ur_moveit_config/share/ur_moveit_config/rviz/view_robot.rviz
[1.023s] -- Up-to-date: /home/gcerioni/ws_ur16/install/ur_moveit_config/share/ur_moveit_config/srdf
[1.023s] -- Up-to-date: /home/gcerioni/ws_ur16/install/ur_moveit_config/share/ur_moveit_config/srdf/ur_macro.srdf.xacro
[1.023s] -- Up-to-date: /home/gcerioni/ws_ur16/install/ur_moveit_config/share/ur_moveit_config/srdf/ur.srdf.xacro
[1.023s] -- Up-to-date: /home/gcerioni/ws_ur16/install/ur_moveit_config/share/ur_moveit_config/environment/pythonpath.sh
[1.023s] -- Up-to-date: /home/gcerioni/ws_ur16/install/ur_moveit_config/share/ur_moveit_config/environment/pythonpath.dsv
[1.023s] -- Up-to-date: /home/gcerioni/ws_ur16/install/ur_moveit_config/local/lib/python3.10/dist-packages/ur_moveit_config-2.6.0-py3.10.egg-info
[1.023s] -- Installing: /home/gcerioni/ws_ur16/install/ur_moveit_config/local/lib/python3.10/dist-packages/ur_moveit_config-2.6.0-py3.10.egg-info/top_level.txt
[1.023s] -- Installing: /home/gcerioni/ws_ur16/install/ur_moveit_config/local/lib/python3.10/dist-packages/ur_moveit_config-2.6.0-py3.10.egg-info/SOURCES.txt
[1.023s] -- Installing: /home/gcerioni/ws_ur16/install/ur_moveit_config/local/lib/python3.10/dist-packages/ur_moveit_config-2.6.0-py3.10.egg-info/dependency_links.txt
[1.023s] -- Installing: /home/gcerioni/ws_ur16/install/ur_moveit_config/local/lib/python3.10/dist-packages/ur_moveit_config-2.6.0-py3.10.egg-info/PKG-INFO
[1.023s] -- Up-to-date: /home/gcerioni/ws_ur16/install/ur_moveit_config/local/lib/python3.10/dist-packages/ur_moveit_config
[1.024s] -- Up-to-date: /home/gcerioni/ws_ur16/install/ur_moveit_config/local/lib/python3.10/dist-packages/ur_moveit_config/launch_common.py
[1.024s] -- Up-to-date: /home/gcerioni/ws_ur16/install/ur_moveit_config/local/lib/python3.10/dist-packages/ur_moveit_config/__init__.py
[1.102s] Listing '/home/gcerioni/ws_ur16/install/ur_moveit_config/local/lib/python3.10/dist-packages/ur_moveit_config'...
[1.124s] -- Up-to-date: /home/gcerioni/ws_ur16/install/ur_moveit_config/local/lib/python3.10/dist-packages/launch_common.py
[1.217s] -- Up-to-date: /home/gcerioni/ws_ur16/install/ur_moveit_config/share/ament_index/resource_index/package_run_dependencies/ur_moveit_config
[1.223s] -- Up-to-date: /home/gcerioni/ws_ur16/install/ur_moveit_config/share/ament_index/resource_index/parent_prefix_path/ur_moveit_config
[1.223s] -- Up-to-date: /home/gcerioni/ws_ur16/install/ur_moveit_config/share/ur_moveit_config/environment/ament_prefix_path.sh
[1.223s] -- Up-to-date: /home/gcerioni/ws_ur16/install/ur_moveit_config/share/ur_moveit_config/environment/ament_prefix_path.dsv
[1.223s] -- Up-to-date: /home/gcerioni/ws_ur16/install/ur_moveit_config/share/ur_moveit_config/environment/path.sh
[1.224s] -- Up-to-date: /home/gcerioni/ws_ur16/install/ur_moveit_config/share/ur_moveit_config/environment/path.dsv
[1.224s] -- Up-to-date: /home/gcerioni/ws_ur16/install/ur_moveit_config/share/ur_moveit_config/local_setup.bash
[1.224s] -- Up-to-date: /home/gcerioni/ws_ur16/install/ur_moveit_config/share/ur_moveit_config/local_setup.sh
[1.224s] -- Up-to-date: /home/gcerioni/ws_ur16/install/ur_moveit_config/share/ur_moveit_config/local_setup.zsh
[1.224s] -- Up-to-date: /home/gcerioni/ws_ur16/install/ur_moveit_config/share/ur_moveit_config/local_setup.dsv
[1.224s] -- Installing: /home/gcerioni/ws_ur16/install/ur_moveit_config/share/ur_moveit_config/package.dsv
[1.224s] -- Up-to-date: /home/gcerioni/ws_ur16/install/ur_moveit_config/share/ament_index/resource_index/packages/ur_moveit_config
[1.224s] -- Up-to-date: /home/gcerioni/ws_ur16/install/ur_moveit_config/share/ur_moveit_config/cmake/ur_moveit_configConfig.cmake
[1.224s] -- Up-to-date: /home/gcerioni/ws_ur16/install/ur_moveit_config/share/ur_moveit_config/cmake/ur_moveit_configConfig-version.cmake
[1.225s] -- Up-to-date: /home/gcerioni/ws_ur16/install/ur_moveit_config/share/ur_moveit_config/package.xml
[1.230s] Invoked command in '/home/gcerioni/ws_ur16/build/ur_moveit_config' returned '0': CMAKE_PREFIX_PATH=/home/gcerioni/ws_ur16/install/ur_description:/home/gcerioni/ws_ur16/install/ros2_controllers:/home/gcerioni/ws_ur16/install/velocity_controllers:/home/gcerioni/ws_ur16/install/ur_msgs:/home/gcerioni/ws_ur16/install/ur_moveit_config:/home/gcerioni/ws_ur16/install/ur_dashboard_msgs:/home/gcerioni/ws_ur16/install/ur_client_library:/home/gcerioni/ws_ur16/install/tricycle_steering_controller:/home/gcerioni/ws_ur16/install/tricycle_controller:/home/gcerioni/ws_ur16/install/ros2_control:/home/gcerioni/ws_ur16/install/transmission_interface:/home/gcerioni/ws_ur16/install/bicycle_steering_controller:/home/gcerioni/ws_ur16/install/ackermann_steering_controller:/home/gcerioni/ws_ur16/install/steering_controllers_library:/home/gcerioni/ws_ur16/install/hardware_interface_testing:/home/gcerioni/ws_ur16/install/controller_manager:/home/gcerioni/ws_ur16/install/ros2_control_test_assets:/home/gcerioni/ws_ur16/install/range_sensor_broadcaster:/home/gcerioni/ws_ur16/install/position_controllers:/home/gcerioni/ws_ur16/install/pose_broadcaster:/home/gcerioni/ws_ur16/install/pid_controller:/home/gcerioni/ws_ur16/install/mecanum_drive_controller:/home/gcerioni/ws_ur16/install/joint_trajectory_controller:/home/gcerioni/ws_ur16/install/joint_state_broadcaster:/home/gcerioni/ws_ur16/install/imu_sensor_broadcaster:/home/gcerioni/ws_ur16/install/gripper_controllers:/home/gcerioni/ws_ur16/install/gpio_controllers:/home/gcerioni/ws_ur16/install/effort_controllers:/home/gcerioni/ws_ur16/install/forward_command_controller:/home/gcerioni/ws_ur16/install/force_torque_sensor_broadcaster:/home/gcerioni/ws_ur16/install/diff_drive_controller:/home/gcerioni/ws_ur16/install/admittance_controller:/home/gcerioni/ws_ur16/install/control_toolbox:/home/gcerioni/ws_ur16/install/realtime_tools:/home/gcerioni/ws_ur16/install/kinematics_interface_kdl:/home/gcerioni/ws_ur16/install/kinematics_interface:/home/gcerioni/ws_ur16/install/joint_limits:/home/gcerioni/ws_ur16/install/controller_interface:/home/gcerioni/ws_ur16/install/hardware_interface:/home/gcerioni/ws_ur16/install/controller_manager_msgs:/home/gcerioni/ws_ur16/install/control_msgs:/home/gcerioni/ws_ur16/install/rqt_joint_trajectory_controller:/home/gcerioni/ws_ur16/install/rqt_controller_manager:/home/gcerioni/ws_ur16/install/ros2controlcli:/home/gcerioni/ws_ur16/install/ros2_controllers_test_nodes:/opt/ros/humble /usr/bin/cmake --install /home/gcerioni/ws_ur16/build/ur_moveit_config
