[1.145s] Invoking command in '/home/gcerioni/ws_ur16/src/ros2_control/rqt_controller_manager': AMENT_PREFIX_PATH=/home/gcerioni/ws_ur16/install/controller_manager:/home/gcerioni/ws_ur16/install/hardware_interface_testing:/home/gcerioni/ws_ur16/install/controller_interface:/home/gcerioni/ws_ur16/install/hardware_interface:/home/gcerioni/ws_ur16/install/ros2_control_test_assets:/home/gcerioni/ws_ur16/install/realtime_tools:/home/gcerioni/ws_ur16/install/controller_manager_msgs:/home/gcerioni/ws_ur16/install/control_msgs:${AMENT_PREFIX_PATH} CMAKE_PREFIX_PATH=/home/gcerioni/ws_ur16/install/controller_manager:/home/gcerioni/ws_ur16/install/hardware_interface_testing:/home/gcerioni/ws_ur16/install/controller_interface:/home/gcerioni/ws_ur16/install/hardware_interface:/home/gcerioni/ws_ur16/install/ros2_control_test_assets:/home/gcerioni/ws_ur16/install/realtime_tools:/home/gcerioni/ws_ur16/install/controller_manager_msgs:/home/gcerioni/ws_ur16/install/control_msgs LD_LIBRARY_PATH=/home/gcerioni/ws_ur16/install/controller_manager/lib:/home/gcerioni/ws_ur16/install/hardware_interface_testing/lib:/home/gcerioni/ws_ur16/install/controller_interface/lib:/home/gcerioni/ws_ur16/install/hardware_interface/lib:/home/gcerioni/ws_ur16/install/realtime_tools/lib:/home/gcerioni/ws_ur16/install/controller_manager_msgs/lib:/home/gcerioni/ws_ur16/install/control_msgs/lib:${LD_LIBRARY_PATH} PYTHONPATH=/home/gcerioni/ws_ur16/build/rqt_controller_manager/prefix_override:/usr/lib/python3/dist-packages/colcon_core/task/python/colcon_distutils_commands:/home/gcerioni/ws_ur16/install/rqt_controller_manager/lib/python3.10/site-packages:/home/gcerioni/ws_ur16/install/controller_manager/local/lib/python3.10/dist-packages:/home/gcerioni/ws_ur16/install/controller_manager_msgs/local/lib/python3.10/dist-packages:/home/gcerioni/ws_ur16/install/control_msgs/local/lib/python3.10/dist-packages:${PYTHONPATH} /usr/bin/python3 -W ignore:setup.py install is deprecated -W ignore:easy_install command is deprecated setup.py egg_info --egg-base ../../../build/rqt_controller_manager build --build-base /home/gcerioni/ws_ur16/build/rqt_controller_manager/build install --record /home/gcerioni/ws_ur16/build/rqt_controller_manager/install.log --single-version-externally-managed install_data
[23.042s] running egg_info
[23.043s] creating ../../../build/rqt_controller_manager/rqt_controller_manager.egg-info
[23.043s] writing ../../../build/rqt_controller_manager/rqt_controller_manager.egg-info/PKG-INFO
[23.043s] writing dependency_links to ../../../build/rqt_controller_manager/rqt_controller_manager.egg-info/dependency_links.txt
[23.043s] writing entry points to ../../../build/rqt_controller_manager/rqt_controller_manager.egg-info/entry_points.txt
[23.043s] writing requirements to ../../../build/rqt_controller_manager/rqt_controller_manager.egg-info/requires.txt
[23.043s] writing top-level names to ../../../build/rqt_controller_manager/rqt_controller_manager.egg-info/top_level.txt
[23.043s] writing manifest file '../../../build/rqt_controller_manager/rqt_controller_manager.egg-info/SOURCES.txt'
[23.043s] reading manifest file '../../../build/rqt_controller_manager/rqt_controller_manager.egg-info/SOURCES.txt'
[23.043s] writing manifest file '../../../build/rqt_controller_manager/rqt_controller_manager.egg-info/SOURCES.txt'
[23.043s] running build
[23.044s] running build_py
[23.044s] creating /home/gcerioni/ws_ur16/build/rqt_controller_manager/build
[23.044s] creating /home/gcerioni/ws_ur16/build/rqt_controller_manager/build/lib
[23.044s] creating /home/gcerioni/ws_ur16/build/rqt_controller_manager/build/lib/rqt_controller_manager
[23.044s] copying rqt_controller_manager/main.py -> /home/gcerioni/ws_ur16/build/rqt_controller_manager/build/lib/rqt_controller_manager
[23.044s] copying rqt_controller_manager/update_combo.py -> /home/gcerioni/ws_ur16/build/rqt_controller_manager/build/lib/rqt_controller_manager
[23.044s] copying rqt_controller_manager/__init__.py -> /home/gcerioni/ws_ur16/build/rqt_controller_manager/build/lib/rqt_controller_manager
[23.044s] copying rqt_controller_manager/controller_manager.py -> /home/gcerioni/ws_ur16/build/rqt_controller_manager/build/lib/rqt_controller_manager
[23.044s] running install
[23.044s] running install_lib
[23.044s] creating /home/gcerioni/ws_ur16/install/rqt_controller_manager/lib/python3.10/site-packages/rqt_controller_manager
[23.045s] copying /home/gcerioni/ws_ur16/build/rqt_controller_manager/build/lib/rqt_controller_manager/main.py -> /home/gcerioni/ws_ur16/install/rqt_controller_manager/lib/python3.10/site-packages/rqt_controller_manager
[23.045s] copying /home/gcerioni/ws_ur16/build/rqt_controller_manager/build/lib/rqt_controller_manager/update_combo.py -> /home/gcerioni/ws_ur16/install/rqt_controller_manager/lib/python3.10/site-packages/rqt_controller_manager
[23.045s] copying /home/gcerioni/ws_ur16/build/rqt_controller_manager/build/lib/rqt_controller_manager/__init__.py -> /home/gcerioni/ws_ur16/install/rqt_controller_manager/lib/python3.10/site-packages/rqt_controller_manager
[23.045s] copying /home/gcerioni/ws_ur16/build/rqt_controller_manager/build/lib/rqt_controller_manager/controller_manager.py -> /home/gcerioni/ws_ur16/install/rqt_controller_manager/lib/python3.10/site-packages/rqt_controller_manager
[23.045s] byte-compiling /home/gcerioni/ws_ur16/install/rqt_controller_manager/lib/python3.10/site-packages/rqt_controller_manager/main.py to main.cpython-310.pyc
[23.045s] byte-compiling /home/gcerioni/ws_ur16/install/rqt_controller_manager/lib/python3.10/site-packages/rqt_controller_manager/update_combo.py to update_combo.cpython-310.pyc
[23.045s] byte-compiling /home/gcerioni/ws_ur16/install/rqt_controller_manager/lib/python3.10/site-packages/rqt_controller_manager/__init__.py to __init__.cpython-310.pyc
[23.045s] byte-compiling /home/gcerioni/ws_ur16/install/rqt_controller_manager/lib/python3.10/site-packages/rqt_controller_manager/controller_manager.py to controller_manager.cpython-310.pyc
[23.045s] running install_data
[23.045s] creating /home/gcerioni/ws_ur16/install/rqt_controller_manager/share/ament_index
[23.045s] creating /home/gcerioni/ws_ur16/install/rqt_controller_manager/share/ament_index/resource_index
[23.046s] creating /home/gcerioni/ws_ur16/install/rqt_controller_manager/share/ament_index/resource_index/packages
[23.046s] copying resource/rqt_controller_manager -> /home/gcerioni/ws_ur16/install/rqt_controller_manager/share/ament_index/resource_index/packages
[23.046s] copying package.xml -> /home/gcerioni/ws_ur16/install/rqt_controller_manager/share/rqt_controller_manager
[23.046s] creating /home/gcerioni/ws_ur16/install/rqt_controller_manager/share/rqt_controller_manager/resource
[23.046s] copying resource/popup_info.ui -> /home/gcerioni/ws_ur16/install/rqt_controller_manager/share/rqt_controller_manager/resource
[23.046s] copying resource/cm_icon.png -> /home/gcerioni/ws_ur16/install/rqt_controller_manager/share/rqt_controller_manager/resource
[23.046s] copying resource/led_red.png -> /home/gcerioni/ws_ur16/install/rqt_controller_manager/share/rqt_controller_manager/resource
[23.046s] copying resource/led_green.png -> /home/gcerioni/ws_ur16/install/rqt_controller_manager/share/rqt_controller_manager/resource
[23.046s] copying resource/controller_manager.ui -> /home/gcerioni/ws_ur16/install/rqt_controller_manager/share/rqt_controller_manager/resource
[23.046s] copying resource/led_off.png -> /home/gcerioni/ws_ur16/install/rqt_controller_manager/share/rqt_controller_manager/resource
[23.046s] copying plugin.xml -> /home/gcerioni/ws_ur16/install/rqt_controller_manager/share/rqt_controller_manager
[23.047s] running install_egg_info
[23.048s] Copying ../../../build/rqt_controller_manager/rqt_controller_manager.egg-info to /home/gcerioni/ws_ur16/install/rqt_controller_manager/lib/python3.10/site-packages/rqt_controller_manager-2.48.0-py3.10.egg-info
[23.048s] running install_scripts
[23.048s] Installing rqt_controller_manager script to /home/gcerioni/ws_ur16/install/rqt_controller_manager/lib/rqt_controller_manager
[23.049s] writing list of installed files to '/home/gcerioni/ws_ur16/build/rqt_controller_manager/install.log'
[23.053s] Invoked command in '/home/gcerioni/ws_ur16/src/ros2_control/rqt_controller_manager' returned '0': AMENT_PREFIX_PATH=/home/gcerioni/ws_ur16/install/controller_manager:/home/gcerioni/ws_ur16/install/hardware_interface_testing:/home/gcerioni/ws_ur16/install/controller_interface:/home/gcerioni/ws_ur16/install/hardware_interface:/home/gcerioni/ws_ur16/install/ros2_control_test_assets:/home/gcerioni/ws_ur16/install/realtime_tools:/home/gcerioni/ws_ur16/install/controller_manager_msgs:/home/gcerioni/ws_ur16/install/control_msgs:${AMENT_PREFIX_PATH} CMAKE_PREFIX_PATH=/home/gcerioni/ws_ur16/install/controller_manager:/home/gcerioni/ws_ur16/install/hardware_interface_testing:/home/gcerioni/ws_ur16/install/controller_interface:/home/gcerioni/ws_ur16/install/hardware_interface:/home/gcerioni/ws_ur16/install/ros2_control_test_assets:/home/gcerioni/ws_ur16/install/realtime_tools:/home/gcerioni/ws_ur16/install/controller_manager_msgs:/home/gcerioni/ws_ur16/install/control_msgs LD_LIBRARY_PATH=/home/gcerioni/ws_ur16/install/controller_manager/lib:/home/gcerioni/ws_ur16/install/hardware_interface_testing/lib:/home/gcerioni/ws_ur16/install/controller_interface/lib:/home/gcerioni/ws_ur16/install/hardware_interface/lib:/home/gcerioni/ws_ur16/install/realtime_tools/lib:/home/gcerioni/ws_ur16/install/controller_manager_msgs/lib:/home/gcerioni/ws_ur16/install/control_msgs/lib:${LD_LIBRARY_PATH} PYTHONPATH=/home/gcerioni/ws_ur16/build/rqt_controller_manager/prefix_override:/usr/lib/python3/dist-packages/colcon_core/task/python/colcon_distutils_commands:/home/gcerioni/ws_ur16/install/rqt_controller_manager/lib/python3.10/site-packages:/home/gcerioni/ws_ur16/install/controller_manager/local/lib/python3.10/dist-packages:/home/gcerioni/ws_ur16/install/controller_manager_msgs/local/lib/python3.10/dist-packages:/home/gcerioni/ws_ur16/install/control_msgs/local/lib/python3.10/dist-packages:${PYTHONPATH} /usr/bin/python3 -W ignore:setup.py install is deprecated -W ignore:easy_install command is deprecated setup.py egg_info --egg-base ../../../build/rqt_controller_manager build --build-base /home/gcerioni/ws_ur16/build/rqt_controller_manager/build install --record /home/gcerioni/ws_ur16/build/rqt_controller_manager/install.log --single-version-externally-managed install_data
